[I 2025-08-22 02:03:24,647] Trial 69 finished with value: -0.516132652759552 and parameters: {'dataset.max_walk_length': 22, 'dataset.num_walks': 187452, 'training.lr': 1.0462122513036109e-05, 'training.weight_decay': 0.008929641331718424, 'training.batch_size': 64, 'training.gradient_clip_val': 0.6080496337727365, 'training.early_stopping_patience': 6, 'model.nhead_emb_combo': 1, 'model.hidden_dim': 16, 'model.nlayers': 2, 'model.dropout': 0.6685250727521356, 'training.epochs': 15}. Best is trial 1 with value: -0.6377121806144714.
/home/eng/shilo_avital/yolo_lab/walk_to_paint/optuna_run.py:147: FutureWarning: suggest_loguniform has been deprecated in v3.0.0. This feature will be removed in v6.0.0. See https://github.com/optuna/optuna/releases/tag/v3.0.0. Use suggest_float(..., log=True) instead.
  cfg.training.lr = trial.suggest_loguniform("training.lr", 1e-5, 1e-1)
/home/eng/shilo_avital/yolo_lab/walk_to_paint/optuna_run.py:148: FutureWarning: suggest_loguniform has been deprecated in v3.0.0. This feature will be removed in v6.0.0. See https://github.com/optuna/optuna/releases/tag/v3.0.0. Use suggest_float(..., log=True) instead.
  cfg.training.weight_decay = trial.suggest_loguniform(

🔬 Trial 70 hyperparameters:
  Walk length: 10, Num walks: 136,962
  LR: 1.38e-05, Batch size: 64
  Model: emb_dim=4, hidden_dim=16
  Transformer: 2 layers, 1 heads
  Epochs: 18, Weighted loss: True
Loading bitcoin-alpha-binary dataset...
Success! ✅
Splitting edges for bitcoin-alpha-binary dataset...
Success! ✅
Sampling random walks from bitcoin-alpha-binary dataset...
Success! ✅
Building tokenizer for bitcoin-alpha-binary dataset...
Success! ✅
Padding and building stage tensors for bitcoin-alpha-binary dataset...
Success! ✅
Creating DataLoaders for bitcoin-alpha-binary dataset...
Success! ✅
/home/eng/shilo_avital/yolo_lab/walk_to_paint/.venv/lib64/python3.9/site-packages/torch/nn/modules/transformer.py:382: UserWarning: enable_nested_tensor is True, but self.use_nested_tensor is False because encoder_layer.self_attn.num_heads is odd
  warnings.warn(
GPU available: True (cuda), used: True
TPU available: False, using: 0 TPU cores
HPU available: False, using: 0 HPUs
/home/eng/shilo_avital/yolo_lab/walk_to_paint/.venv/lib64/python3.9/site-packages/pytorch_lightning/callbacks/model_checkpoint.py:658: Checkpoint directory /home/eng/shilo_avital/yolo_lab/walk_to_paint/checkpoints exists and is not empty.
LOCAL_RANK: 0 - CUDA_VISIBLE_DEVICES: [3]
/home/eng/shilo_avital/yolo_lab/walk_to_paint/.venv/lib64/python3.9/site-packages/pytorch_lightning/trainer/connectors/data_connector.py:425: The 'val_dataloader' does not have many workers which may be a bottleneck. Consider increasing the value of the `num_workers` argument` to `num_workers=127` in the `DataLoader` to improve performance.
/home/eng/shilo_avital/yolo_lab/walk_to_paint/.venv/lib64/python3.9/site-packages/pytorch_lightning/trainer/connectors/data_connector.py:425: The 'train_dataloader' does not have many workers which may be a bottleneck. Consider increasing the value of the `num_workers` argument` to `num_workers=127` in the `DataLoader` to improve performance.
Metric val_auc_epoch improved. New best score: 0.505
Metric val_auc_epoch improved by 0.002 >= min_delta = 0.0. New best score: 0.507
Metric val_auc_epoch improved by 0.001 >= min_delta = 0.0. New best score: 0.508
Metric val_auc_epoch improved by 0.001 >= min_delta = 0.0. New best score: 0.509
Metric val_auc_epoch improved by 0.001 >= min_delta = 0.0. New best score: 0.511
Metric val_auc_epoch improved by 0.001 >= min_delta = 0.0. New best score: 0.512
Metric val_auc_epoch improved by 0.001 >= min_delta = 0.0. New best score: 0.513
Metric val_auc_epoch improved by 0.001 >= min_delta = 0.0. New best score: 0.514
Metric val_auc_epoch improved by 0.000 >= min_delta = 0.0. New best score: 0.514
Metric val_auc_epoch improved by 0.001 >= min_delta = 0.0. New best score: 0.515
Metric val_auc_epoch improved by 0.000 >= min_delta = 0.0. New best score: 0.515
Metric val_auc_epoch improved by 0.000 >= min_delta = 0.0. New best score: 0.515
/home/eng/shilo_avital/yolo_lab/walk_to_paint/.venv/lib64/python3.9/site-packages/pytorch_lightning/loops/optimization/automatic.py:134: `training_step` returned `None`. If this was on purpose, ignore this warning...
Metric val_auc_epoch improved by 0.000 >= min_delta = 0.0. New best score: 0.516
Metric val_auc_epoch improved by 0.000 >= min_delta = 0.0. New best score: 0.516
Metric val_auc_epoch improved by 0.000 >= min_delta = 0.0. New best score: 0.516
Metric val_auc_epoch improved by 0.000 >= min_delta = 0.0. New best score: 0.516
Metric val_auc_epoch improved by 0.000 >= min_delta = 0.0. New best score: 0.516
Metric val_auc_epoch improved by 0.000 >= min_delta = 0.0. New best score: 0.516
`Trainer.fit` stopped: `max_epochs=18` reached.
Restoring states from the checkpoint path at /home/eng/shilo_avital/yolo_lab/walk_to_paint/checkpoints/trial_70-epoch=17-val_auc_epoch=0.5159.ckpt
LOCAL_RANK: 0 - CUDA_VISIBLE_DEVICES: [3]
Loaded model weights from the checkpoint at /home/eng/shilo_avital/yolo_lab/walk_to_paint/checkpoints/trial_70-epoch=17-val_auc_epoch=0.5159.ckpt
/home/eng/shilo_avital/yolo_lab/walk_to_paint/.venv/lib64/python3.9/site-packages/pytorch_lightning/trainer/connectors/data_connector.py:425: The 'val_dataloader' does not have many workers which may be a bottleneck. Consider increasing the value of the `num_workers` argument` to `num_workers=127` in the `DataLoader` to improve performance.
────────────────────────────────────────────────────────────────────────────────────────────────────────────────────────
     Validate metric           DataLoader 0
────────────────────────────────────────────────────────────────────────────────────────────────────────────────────────
      val_acc_epoch         0.5040574073791504
      val_auc_epoch         0.5159033536911011
      val_f1_epoch          0.49965840578079224
        val_loss            0.6928792595863342
────────────────────────────────────────────────────────────────────────────────────────────────────────────────────────
✅ Trial 70 completed - Val AUC: 0.5159
[I 2025-08-22 02:10:02,622] Trial 70 finished with value: -0.5159033536911011 and parameters: {'dataset.max_walk_length': 10, 'dataset.num_walks': 136962, 'training.lr': 1.3782074723273345e-05, 'training.weight_decay': 0.005145188021398848, 'training.batch_size': 64, 'training.gradient_clip_val': 1.9540429901873453, 'training.early_stopping_patience': 5, 'model.nhead_emb_combo': 0, 'model.hidden_dim': 16, 'model.nlayers': 2, 'model.dropout': 0.5987063152317083, 'training.epochs': 18}. Best is trial 1 with value: -0.6377121806144714.
🧹 Cleaning up old checkpoints and logs (keeping top 10)...
  Removed old checkpoint: trial_60-epoch=05-val_auc_epoch=0.5656.ckpt
  Removed old checkpoint: trial_59-epoch=09-val_auc_epoch=0.5062.ckpt
  Removed old checkpoint: trial_58-epoch=05-val_auc_epoch=0.5465.ckpt
  Removed old checkpoint: trial_57-epoch=13-val_auc_epoch=0.5453.ckpt
  Removed old checkpoint: trial_56-epoch=16-val_auc_epoch=0.5076.ckpt
  Removed old log dir: trial_60
  Removed old log dir: trial_59
  Removed old log dir: trial_58
  Removed old log dir: trial_57
  Removed old log dir: trial_56
/home/eng/shilo_avital/yolo_lab/walk_to_paint/optuna_run.py:147: FutureWarning: suggest_loguniform has been deprecated in v3.0.0. This feature will be removed in v6.0.0. See https://github.com/optuna/optuna/releases/tag/v3.0.0. Use suggest_float(..., log=True) instead.
  cfg.training.lr = trial.suggest_loguniform("training.lr", 1e-5, 1e-1)
/home/eng/shilo_avital/yolo_lab/walk_to_paint/optuna_run.py:148: FutureWarning: suggest_loguniform has been deprecated in v3.0.0. This feature will be removed in v6.0.0. See https://github.com/optuna/optuna/releases/tag/v3.0.0. Use suggest_float(..., log=True) instead.
  cfg.training.weight_decay = trial.suggest_loguniform(

🔬 Trial 71 hyperparameters:
  Walk length: 20, Num walks: 160,687
  LR: 1.93e-05, Batch size: 64
  Model: emb_dim=32, hidden_dim=16
  Transformer: 2 layers, 1 heads
  Epochs: 16, Weighted loss: True
Loading bitcoin-alpha-binary dataset...
Success! ✅
Splitting edges for bitcoin-alpha-binary dataset...
Success! ✅
Sampling random walks from bitcoin-alpha-binary dataset...
Success! ✅
Building tokenizer for bitcoin-alpha-binary dataset...
Success! ✅
Padding and building stage tensors for bitcoin-alpha-binary dataset...
Success! ✅
Creating DataLoaders for bitcoin-alpha-binary dataset...
Success! ✅
/home/eng/shilo_avital/yolo_lab/walk_to_paint/.venv/lib64/python3.9/site-packages/torch/nn/modules/transformer.py:382: UserWarning: enable_nested_tensor is True, but self.use_nested_tensor is False because encoder_layer.self_attn.num_heads is odd
  warnings.warn(
GPU available: True (cuda), used: True
TPU available: False, using: 0 TPU cores
HPU available: False, using: 0 HPUs
/home/eng/shilo_avital/yolo_lab/walk_to_paint/.venv/lib64/python3.9/site-packages/pytorch_lightning/callbacks/model_checkpoint.py:658: Checkpoint directory /home/eng/shilo_avital/yolo_lab/walk_to_paint/checkpoints exists and is not empty.
LOCAL_RANK: 0 - CUDA_VISIBLE_DEVICES: [3]
/home/eng/shilo_avital/yolo_lab/walk_to_paint/.venv/lib64/python3.9/site-packages/pytorch_lightning/trainer/connectors/data_connector.py:425: The 'val_dataloader' does not have many workers which may be a bottleneck. Consider increasing the value of the `num_workers` argument` to `num_workers=127` in the `DataLoader` to improve performance.
/home/eng/shilo_avital/yolo_lab/walk_to_paint/.venv/lib64/python3.9/site-packages/pytorch_lightning/trainer/connectors/data_connector.py:425: The 'train_dataloader' does not have many workers which may be a bottleneck. Consider increasing the value of the `num_workers` argument` to `num_workers=127` in the `DataLoader` to improve performance.
Metric val_auc_epoch improved. New best score: 0.533
Metric val_auc_epoch improved by 0.013 >= min_delta = 0.0. New best score: 0.546
Metric val_auc_epoch improved by 0.007 >= min_delta = 0.0. New best score: 0.552
Metric val_auc_epoch improved by 0.004 >= min_delta = 0.0. New best score: 0.556
Metric val_auc_epoch improved by 0.002 >= min_delta = 0.0. New best score: 0.558
Metric val_auc_epoch improved by 0.001 >= min_delta = 0.0. New best score: 0.559
Metric val_auc_epoch improved by 0.001 >= min_delta = 0.0. New best score: 0.560
Metric val_auc_epoch improved by 0.000 >= min_delta = 0.0. New best score: 0.560
Metric val_auc_epoch improved by 0.000 >= min_delta = 0.0. New best score: 0.561
Metric val_auc_epoch improved by 0.000 >= min_delta = 0.0. New best score: 0.561
Metric val_auc_epoch improved by 0.000 >= min_delta = 0.0. New best score: 0.561
Metric val_auc_epoch improved by 0.000 >= min_delta = 0.0. New best score: 0.561
Metric val_auc_epoch improved by 0.000 >= min_delta = 0.0. New best score: 0.561
Metric val_auc_epoch improved by 0.000 >= min_delta = 0.0. New best score: 0.561
Metric val_auc_epoch improved by 0.000 >= min_delta = 0.0. New best score: 0.561
`Trainer.fit` stopped: `max_epochs=16` reached.
Restoring states from the checkpoint path at /home/eng/shilo_avital/yolo_lab/walk_to_paint/checkpoints/trial_71-epoch=15-val_auc_epoch=0.5614.ckpt
LOCAL_RANK: 0 - CUDA_VISIBLE_DEVICES: [3]
Loaded model weights from the checkpoint at /home/eng/shilo_avital/yolo_lab/walk_to_paint/checkpoints/trial_71-epoch=15-val_auc_epoch=0.5614.ckpt
/home/eng/shilo_avital/yolo_lab/walk_to_paint/.venv/lib64/python3.9/site-packages/pytorch_lightning/trainer/connectors/data_connector.py:425: The 'val_dataloader' does not have many workers which may be a bottleneck. Consider increasing the value of the `num_workers` argument` to `num_workers=127` in the `DataLoader` to improve performance.
────────────────────────────────────────────────────────────────────────────────────────────────────────────────────────
     Validate metric           DataLoader 0
────────────────────────────────────────────────────────────────────────────────────────────────────────────────────────
      val_acc_epoch         0.5424978137016296
      val_auc_epoch         0.5614153146743774
      val_f1_epoch          0.5418967008590698
        val_loss             0.687157928943634
────────────────────────────────────────────────────────────────────────────────────────────────────────────────────────
✅ Trial 71 completed - Val AUC: 0.5614
[I 2025-08-22 02:17:28,763] Trial 71 finished with value: -0.5614153146743774 and parameters: {'dataset.max_walk_length': 20, 'dataset.num_walks': 160687, 'training.lr': 1.9347353505090522e-05, 'training.weight_decay': 0.017552927613663123, 'training.batch_size': 64, 'training.gradient_clip_val': 0.7866097605698926, 'training.early_stopping_patience': 8, 'model.nhead_emb_combo': 3, 'model.hidden_dim': 16, 'model.nlayers': 2, 'model.dropout': 0.6550103288061502, 'training.epochs': 16}. Best is trial 1 with value: -0.6377121806144714.
/home/eng/shilo_avital/yolo_lab/walk_to_paint/optuna_run.py:147: FutureWarning: suggest_loguniform has been deprecated in v3.0.0. This feature will be removed in v6.0.0. See https://github.com/optuna/optuna/releases/tag/v3.0.0. Use suggest_float(..., log=True) instead.
  cfg.training.lr = trial.suggest_loguniform("training.lr", 1e-5, 1e-1)
/home/eng/shilo_avital/yolo_lab/walk_to_paint/optuna_run.py:148: FutureWarning: suggest_loguniform has been deprecated in v3.0.0. This feature will be removed in v6.0.0. See https://github.com/optuna/optuna/releases/tag/v3.0.0. Use suggest_float(..., log=True) instead.
  cfg.training.weight_decay = trial.suggest_loguniform(

🔬 Trial 72 hyperparameters:
  Walk length: 32, Num walks: 118,105
  LR: 1.98e-05, Batch size: 64
  Model: emb_dim=16, hidden_dim=16
  Transformer: 2 layers, 1 heads
  Epochs: 16, Weighted loss: True
Loading bitcoin-alpha-binary dataset...
Success! ✅
Splitting edges for bitcoin-alpha-binary dataset...
Success! ✅
Sampling random walks from bitcoin-alpha-binary dataset...
Success! ✅
Building tokenizer for bitcoin-alpha-binary dataset...
Success! ✅
Padding and building stage tensors for bitcoin-alpha-binary dataset...
Success! ✅
Creating DataLoaders for bitcoin-alpha-binary dataset...
Success! ✅
/home/eng/shilo_avital/yolo_lab/walk_to_paint/.venv/lib64/python3.9/site-packages/torch/nn/modules/transformer.py:382: UserWarning: enable_nested_tensor is True, but self.use_nested_tensor is False because encoder_layer.self_attn.num_heads is odd
  warnings.warn(
GPU available: True (cuda), used: True
TPU available: False, using: 0 TPU cores
HPU available: False, using: 0 HPUs
/home/eng/shilo_avital/yolo_lab/walk_to_paint/.venv/lib64/python3.9/site-packages/pytorch_lightning/callbacks/model_checkpoint.py:658: Checkpoint directory /home/eng/shilo_avital/yolo_lab/walk_to_paint/checkpoints exists and is not empty.
LOCAL_RANK: 0 - CUDA_VISIBLE_DEVICES: [3]
/home/eng/shilo_avital/yolo_lab/walk_to_paint/.venv/lib64/python3.9/site-packages/pytorch_lightning/trainer/connectors/data_connector.py:425: The 'val_dataloader' does not have many workers which may be a bottleneck. Consider increasing the value of the `num_workers` argument` to `num_workers=127` in the `DataLoader` to improve performance.
/home/eng/shilo_avital/yolo_lab/walk_to_paint/.venv/lib64/python3.9/site-packages/pytorch_lightning/trainer/connectors/data_connector.py:425: The 'train_dataloader' does not have many workers which may be a bottleneck. Consider increasing the value of the `num_workers` argument` to `num_workers=127` in the `DataLoader` to improve performance.
Metric val_auc_epoch improved. New best score: 0.517
Metric val_auc_epoch improved by 0.004 >= min_delta = 0.0. New best score: 0.521
Metric val_auc_epoch improved by 0.005 >= min_delta = 0.0. New best score: 0.525
Metric val_auc_epoch improved by 0.004 >= min_delta = 0.0. New best score: 0.529
Metric val_auc_epoch improved by 0.003 >= min_delta = 0.0. New best score: 0.533
Metric val_auc_epoch improved by 0.003 >= min_delta = 0.0. New best score: 0.536
Metric val_auc_epoch improved by 0.002 >= min_delta = 0.0. New best score: 0.538
Metric val_auc_epoch improved by 0.002 >= min_delta = 0.0. New best score: 0.540
Metric val_auc_epoch improved by 0.001 >= min_delta = 0.0. New best score: 0.541
Metric val_auc_epoch improved by 0.001 >= min_delta = 0.0. New best score: 0.542
Metric val_auc_epoch improved by 0.001 >= min_delta = 0.0. New best score: 0.543
Metric val_auc_epoch improved by 0.001 >= min_delta = 0.0. New best score: 0.543
Metric val_auc_epoch improved by 0.000 >= min_delta = 0.0. New best score: 0.543
Metric val_auc_epoch improved by 0.000 >= min_delta = 0.0. New best score: 0.544
Metric val_auc_epoch improved by 0.000 >= min_delta = 0.0. New best score: 0.544
Metric val_auc_epoch improved by 0.000 >= min_delta = 0.0. New best score: 0.544
`Trainer.fit` stopped: `max_epochs=16` reached.
Restoring states from the checkpoint path at /home/eng/shilo_avital/yolo_lab/walk_to_paint/checkpoints/trial_72-epoch=15-val_auc_epoch=0.5437.ckpt
LOCAL_RANK: 0 - CUDA_VISIBLE_DEVICES: [3]
Loaded model weights from the checkpoint at /home/eng/shilo_avital/yolo_lab/walk_to_paint/checkpoints/trial_72-epoch=15-val_auc_epoch=0.5437.ckpt
/home/eng/shilo_avital/yolo_lab/walk_to_paint/.venv/lib64/python3.9/site-packages/pytorch_lightning/trainer/connectors/data_connector.py:425: The 'val_dataloader' does not have many workers which may be a bottleneck. Consider increasing the value of the `num_workers` argument` to `num_workers=127` in the `DataLoader` to improve performance.
────────────────────────────────────────────────────────────────────────────────────────────────────────────────────────
     Validate metric           DataLoader 0
────────────────────────────────────────────────────────────────────────────────────────────────────────────────────────
      val_acc_epoch         0.5286226868629456
      val_auc_epoch         0.5437235832214355
      val_f1_epoch          0.5211834907531738
        val_loss            0.6904787421226501
────────────────────────────────────────────────────────────────────────────────────────────────────────────────────────
✅ Trial 72 completed - Val AUC: 0.5437
