[I 2025-08-22 13:34:36,569] Trial 162 finished with value: -0.551122784614563 and parameters: {'dataset.max_walk_length': 28, 'dataset.num_walks': 103115, 'training.lr': 1.2096586950441068e-05, 'training.weight_decay': 0.0006393697976483144, 'training.batch_size': 64, 'training.gradient_clip_val': 1.9994467672492449, 'training.early_stopping_patience': 15, 'model.nhead_emb_combo': 4, 'model.hidden_dim': 16, 'model.nlayers': 2, 'model.dropout': 0.49568658707820695, 'training.epochs': 28}. Best is trial 1 with value: -0.6377121806144714.
/home/eng/shilo_avital/yolo_lab/walk_to_paint/optuna_run.py:147: FutureWarning: suggest_loguniform has been deprecated in v3.0.0. This feature will be removed in v6.0.0. See https://github.com/optuna/optuna/releases/tag/v3.0.0. Use suggest_float(..., log=True) instead.
  cfg.training.lr = trial.suggest_loguniform("training.lr", 1e-5, 1e-1)
/home/eng/shilo_avital/yolo_lab/walk_to_paint/optuna_run.py:148: FutureWarning: suggest_loguniform has been deprecated in v3.0.0. This feature will be removed in v6.0.0. See https://github.com/optuna/optuna/releases/tag/v3.0.0. Use suggest_float(..., log=True) instead.
  cfg.training.weight_decay = trial.suggest_loguniform(

🔬 Trial 163 hyperparameters:
  Walk length: 26, Num walks: 112,049
  LR: 1.46e-05, Batch size: 64
  Model: emb_dim=128, hidden_dim=16
  Transformer: 2 layers, 1 heads
  Epochs: 27, Weighted loss: True
Loading bitcoin-alpha-binary dataset...
Success! ✅
Splitting edges for bitcoin-alpha-binary dataset...
Success! ✅
Sampling random walks from bitcoin-alpha-binary dataset...
Success! ✅
Building tokenizer for bitcoin-alpha-binary dataset...
Success! ✅
Padding and building stage tensors for bitcoin-alpha-binary dataset...
Success! ✅
Creating DataLoaders for bitcoin-alpha-binary dataset...
Success! ✅
/home/eng/shilo_avital/yolo_lab/walk_to_paint/.venv/lib64/python3.9/site-packages/torch/nn/modules/transformer.py:382: UserWarning: enable_nested_tensor is True, but self.use_nested_tensor is False because encoder_layer.self_attn.num_heads is odd
  warnings.warn(
GPU available: True (cuda), used: True
TPU available: False, using: 0 TPU cores
HPU available: False, using: 0 HPUs
/home/eng/shilo_avital/yolo_lab/walk_to_paint/.venv/lib64/python3.9/site-packages/pytorch_lightning/callbacks/model_checkpoint.py:658: Checkpoint directory /home/eng/shilo_avital/yolo_lab/walk_to_paint/checkpoints exists and is not empty.
LOCAL_RANK: 0 - CUDA_VISIBLE_DEVICES: [3]
/home/eng/shilo_avital/yolo_lab/walk_to_paint/.venv/lib64/python3.9/site-packages/pytorch_lightning/trainer/connectors/data_connector.py:425: The 'val_dataloader' does not have many workers which may be a bottleneck. Consider increasing the value of the `num_workers` argument` to `num_workers=127` in the `DataLoader` to improve performance.
/home/eng/shilo_avital/yolo_lab/walk_to_paint/.venv/lib64/python3.9/site-packages/pytorch_lightning/trainer/connectors/data_connector.py:425: The 'train_dataloader' does not have many workers which may be a bottleneck. Consider increasing the value of the `num_workers` argument` to `num_workers=127` in the `DataLoader` to improve performance.
Metric val_auc_epoch improved. New best score: 0.551
Metric val_auc_epoch improved by 0.007 >= min_delta = 0.0. New best score: 0.558
Metric val_auc_epoch improved by 0.003 >= min_delta = 0.0. New best score: 0.561
Metric val_auc_epoch improved by 0.003 >= min_delta = 0.0. New best score: 0.564
Metric val_auc_epoch improved by 0.002 >= min_delta = 0.0. New best score: 0.566
Metric val_auc_epoch improved by 0.001 >= min_delta = 0.0. New best score: 0.567
❌ Trial 163 failed: Trial was pruned at epoch 6.
[I 2025-08-22 13:37:00,004] Trial 163 finished with value: 0.0 and parameters: {'dataset.max_walk_length': 26, 'dataset.num_walks': 112049, 'training.lr': 1.4582770985677672e-05, 'training.weight_decay': 0.000457574761075534, 'training.batch_size': 64, 'training.gradient_clip_val': 1.915102906414575, 'training.early_stopping_patience': 16, 'model.nhead_emb_combo': 5, 'model.hidden_dim': 16, 'model.nlayers': 2, 'model.dropout': 0.4521382187757064, 'training.epochs': 27}. Best is trial 1 with value: -0.6377121806144714.
/home/eng/shilo_avital/yolo_lab/walk_to_paint/optuna_run.py:147: FutureWarning: suggest_loguniform has been deprecated in v3.0.0. This feature will be removed in v6.0.0. See https://github.com/optuna/optuna/releases/tag/v3.0.0. Use suggest_float(..., log=True) instead.
  cfg.training.lr = trial.suggest_loguniform("training.lr", 1e-5, 1e-1)
/home/eng/shilo_avital/yolo_lab/walk_to_paint/optuna_run.py:148: FutureWarning: suggest_loguniform has been deprecated in v3.0.0. This feature will be removed in v6.0.0. See https://github.com/optuna/optuna/releases/tag/v3.0.0. Use suggest_float(..., log=True) instead.
  cfg.training.weight_decay = trial.suggest_loguniform(

🔬 Trial 164 hyperparameters:
  Walk length: 31, Num walks: 116,887
  LR: 1.00e-05, Batch size: 64
  Model: emb_dim=64, hidden_dim=16
  Transformer: 2 layers, 1 heads
  Epochs: 29, Weighted loss: True
Loading bitcoin-alpha-binary dataset...
Success! ✅
Splitting edges for bitcoin-alpha-binary dataset...
Success! ✅
Sampling random walks from bitcoin-alpha-binary dataset...
Success! ✅
Building tokenizer for bitcoin-alpha-binary dataset...
Success! ✅
Padding and building stage tensors for bitcoin-alpha-binary dataset...
Success! ✅
Creating DataLoaders for bitcoin-alpha-binary dataset...
Success! ✅
/home/eng/shilo_avital/yolo_lab/walk_to_paint/.venv/lib64/python3.9/site-packages/torch/nn/modules/transformer.py:382: UserWarning: enable_nested_tensor is True, but self.use_nested_tensor is False because encoder_layer.self_attn.num_heads is odd
  warnings.warn(
GPU available: True (cuda), used: True
TPU available: False, using: 0 TPU cores
HPU available: False, using: 0 HPUs
/home/eng/shilo_avital/yolo_lab/walk_to_paint/.venv/lib64/python3.9/site-packages/pytorch_lightning/callbacks/model_checkpoint.py:658: Checkpoint directory /home/eng/shilo_avital/yolo_lab/walk_to_paint/checkpoints exists and is not empty.
LOCAL_RANK: 0 - CUDA_VISIBLE_DEVICES: [3]
/home/eng/shilo_avital/yolo_lab/walk_to_paint/.venv/lib64/python3.9/site-packages/pytorch_lightning/trainer/connectors/data_connector.py:425: The 'val_dataloader' does not have many workers which may be a bottleneck. Consider increasing the value of the `num_workers` argument` to `num_workers=127` in the `DataLoader` to improve performance.
/home/eng/shilo_avital/yolo_lab/walk_to_paint/.venv/lib64/python3.9/site-packages/pytorch_lightning/trainer/connectors/data_connector.py:425: The 'train_dataloader' does not have many workers which may be a bottleneck. Consider increasing the value of the `num_workers` argument` to `num_workers=127` in the `DataLoader` to improve performance.
Metric val_auc_epoch improved. New best score: 0.533
Metric val_auc_epoch improved by 0.010 >= min_delta = 0.0. New best score: 0.543
Metric val_auc_epoch improved by 0.006 >= min_delta = 0.0. New best score: 0.549
Metric val_auc_epoch improved by 0.003 >= min_delta = 0.0. New best score: 0.552
Metric val_auc_epoch improved by 0.002 >= min_delta = 0.0. New best score: 0.554
Metric val_auc_epoch improved by 0.001 >= min_delta = 0.0. New best score: 0.556
Metric val_auc_epoch improved by 0.001 >= min_delta = 0.0. New best score: 0.557
Metric val_auc_epoch improved by 0.001 >= min_delta = 0.0. New best score: 0.557
Metric val_auc_epoch improved by 0.000 >= min_delta = 0.0. New best score: 0.558
Metric val_auc_epoch improved by 0.000 >= min_delta = 0.0. New best score: 0.558
Metric val_auc_epoch improved by 0.000 >= min_delta = 0.0. New best score: 0.558
Metric val_auc_epoch improved by 0.000 >= min_delta = 0.0. New best score: 0.559
Metric val_auc_epoch improved by 0.000 >= min_delta = 0.0. New best score: 0.559
Metric val_auc_epoch improved by 0.000 >= min_delta = 0.0. New best score: 0.559
Metric val_auc_epoch improved by 0.000 >= min_delta = 0.0. New best score: 0.559
Metric val_auc_epoch improved by 0.000 >= min_delta = 0.0. New best score: 0.560
Metric val_auc_epoch improved by 0.000 >= min_delta = 0.0. New best score: 0.560
Metric val_auc_epoch improved by 0.000 >= min_delta = 0.0. New best score: 0.560
Metric val_auc_epoch improved by 0.000 >= min_delta = 0.0. New best score: 0.560
Metric val_auc_epoch improved by 0.000 >= min_delta = 0.0. New best score: 0.560
Metric val_auc_epoch improved by 0.000 >= min_delta = 0.0. New best score: 0.561
Metric val_auc_epoch improved by 0.000 >= min_delta = 0.0. New best score: 0.561
Metric val_auc_epoch improved by 0.000 >= min_delta = 0.0. New best score: 0.561
Metric val_auc_epoch improved by 0.000 >= min_delta = 0.0. New best score: 0.561
Metric val_auc_epoch improved by 0.000 >= min_delta = 0.0. New best score: 0.561
Metric val_auc_epoch improved by 0.000 >= min_delta = 0.0. New best score: 0.561
Metric val_auc_epoch improved by 0.000 >= min_delta = 0.0. New best score: 0.561
Metric val_auc_epoch improved by 0.000 >= min_delta = 0.0. New best score: 0.561
Metric val_auc_epoch improved by 0.000 >= min_delta = 0.0. New best score: 0.561
`Trainer.fit` stopped: `max_epochs=29` reached.
Restoring states from the checkpoint path at /home/eng/shilo_avital/yolo_lab/walk_to_paint/checkpoints/trial_164-epoch=28-val_auc_epoch=0.5609.ckpt
LOCAL_RANK: 0 - CUDA_VISIBLE_DEVICES: [3]
Loaded model weights from the checkpoint at /home/eng/shilo_avital/yolo_lab/walk_to_paint/checkpoints/trial_164-epoch=28-val_auc_epoch=0.5609.ckpt
/home/eng/shilo_avital/yolo_lab/walk_to_paint/.venv/lib64/python3.9/site-packages/pytorch_lightning/trainer/connectors/data_connector.py:425: The 'val_dataloader' does not have many workers which may be a bottleneck. Consider increasing the value of the `num_workers` argument` to `num_workers=127` in the `DataLoader` to improve performance.
────────────────────────────────────────────────────────────────────────────────────────────────────────────────────────
     Validate metric           DataLoader 0
────────────────────────────────────────────────────────────────────────────────────────────────────────────────────────
      val_acc_epoch         0.5399859547615051
      val_auc_epoch          0.560868501663208
      val_f1_epoch          0.5400338172912598
        val_loss            0.6866576671600342
────────────────────────────────────────────────────────────────────────────────────────────────────────────────────────
✅ Trial 164 completed - Val AUC: 0.5609
[I 2025-08-22 13:46:47,651] Trial 164 finished with value: -0.560868501663208 and parameters: {'dataset.max_walk_length': 31, 'dataset.num_walks': 116887, 'training.lr': 1.0024787898117093e-05, 'training.weight_decay': 0.0010047234984180602, 'training.batch_size': 64, 'training.gradient_clip_val': 1.9399508004516326, 'training.early_stopping_patience': 15, 'model.nhead_emb_combo': 4, 'model.hidden_dim': 16, 'model.nlayers': 2, 'model.dropout': 0.47413650799210627, 'training.epochs': 29}. Best is trial 1 with value: -0.6377121806144714.
/home/eng/shilo_avital/yolo_lab/walk_to_paint/optuna_run.py:147: FutureWarning: suggest_loguniform has been deprecated in v3.0.0. This feature will be removed in v6.0.0. See https://github.com/optuna/optuna/releases/tag/v3.0.0. Use suggest_float(..., log=True) instead.
  cfg.training.lr = trial.suggest_loguniform("training.lr", 1e-5, 1e-1)
/home/eng/shilo_avital/yolo_lab/walk_to_paint/optuna_run.py:148: FutureWarning: suggest_loguniform has been deprecated in v3.0.0. This feature will be removed in v6.0.0. See https://github.com/optuna/optuna/releases/tag/v3.0.0. Use suggest_float(..., log=True) instead.
  cfg.training.weight_decay = trial.suggest_loguniform(

🔬 Trial 165 hyperparameters:
  Walk length: 25, Num walks: 107,055
  LR: 1.68e-05, Batch size: 64
  Model: emb_dim=128, hidden_dim=16
  Transformer: 2 layers, 1 heads
  Epochs: 28, Weighted loss: True
Loading bitcoin-alpha-binary dataset...
Success! ✅
Splitting edges for bitcoin-alpha-binary dataset...
Success! ✅
Sampling random walks from bitcoin-alpha-binary dataset...
Success! ✅
Building tokenizer for bitcoin-alpha-binary dataset...
Success! ✅
Padding and building stage tensors for bitcoin-alpha-binary dataset...
Success! ✅
Creating DataLoaders for bitcoin-alpha-binary dataset...
Success! ✅
/home/eng/shilo_avital/yolo_lab/walk_to_paint/.venv/lib64/python3.9/site-packages/torch/nn/modules/transformer.py:382: UserWarning: enable_nested_tensor is True, but self.use_nested_tensor is False because encoder_layer.self_attn.num_heads is odd
  warnings.warn(
GPU available: True (cuda), used: True
TPU available: False, using: 0 TPU cores
HPU available: False, using: 0 HPUs
/home/eng/shilo_avital/yolo_lab/walk_to_paint/.venv/lib64/python3.9/site-packages/pytorch_lightning/callbacks/model_checkpoint.py:658: Checkpoint directory /home/eng/shilo_avital/yolo_lab/walk_to_paint/checkpoints exists and is not empty.
LOCAL_RANK: 0 - CUDA_VISIBLE_DEVICES: [3]
/home/eng/shilo_avital/yolo_lab/walk_to_paint/.venv/lib64/python3.9/site-packages/pytorch_lightning/trainer/connectors/data_connector.py:425: The 'val_dataloader' does not have many workers which may be a bottleneck. Consider increasing the value of the `num_workers` argument` to `num_workers=127` in the `DataLoader` to improve performance.
/home/eng/shilo_avital/yolo_lab/walk_to_paint/.venv/lib64/python3.9/site-packages/pytorch_lightning/trainer/connectors/data_connector.py:425: The 'train_dataloader' does not have many workers which may be a bottleneck. Consider increasing the value of the `num_workers` argument` to `num_workers=127` in the `DataLoader` to improve performance.
Metric val_auc_epoch improved. New best score: 0.551
Metric val_auc_epoch improved by 0.007 >= min_delta = 0.0. New best score: 0.558
Metric val_auc_epoch improved by 0.006 >= min_delta = 0.0. New best score: 0.564
Metric val_auc_epoch improved by 0.001 >= min_delta = 0.0. New best score: 0.565
Metric val_auc_epoch improved by 0.002 >= min_delta = 0.0. New best score: 0.567
❌ Trial 165 failed: Trial was pruned at epoch 5.
[I 2025-08-22 13:48:46,896] Trial 165 finished with value: 0.0 and parameters: {'dataset.max_walk_length': 25, 'dataset.num_walks': 107055, 'training.lr': 1.677381135634254e-05, 'training.weight_decay': 0.0005201075870932001, 'training.batch_size': 64, 'training.gradient_clip_val': 1.8897334023832968, 'training.early_stopping_patience': 13, 'model.nhead_emb_combo': 5, 'model.hidden_dim': 16, 'model.nlayers': 2, 'model.dropout': 0.4377581809098911, 'training.epochs': 28}. Best is trial 1 with value: -0.6377121806144714.
🧹 Cleaning up old checkpoints and logs (keeping top 10)...
  Removed old checkpoint: trial_155-epoch=02-val_auc_epoch=0.5554.ckpt
  Removed old checkpoint: trial_154-epoch=27-val_auc_epoch=0.5689.ckpt
  Removed old checkpoint: trial_153-epoch=28-val_auc_epoch=0.5734.ckpt
  Removed old checkpoint: trial_152-epoch=22-val_auc_epoch=0.5709.ckpt
  Removed old checkpoint: trial_151-epoch=27-val_auc_epoch=0.5828.ckpt
  Removed old log dir: trial_155
  Removed old log dir: trial_154
  Removed old log dir: trial_153
  Removed old log dir: trial_152
  Removed old log dir: trial_151
/home/eng/shilo_avital/yolo_lab/walk_to_paint/optuna_run.py:147: FutureWarning: suggest_loguniform has been deprecated in v3.0.0. This feature will be removed in v6.0.0. See https://github.com/optuna/optuna/releases/tag/v3.0.0. Use suggest_float(..., log=True) instead.
  cfg.training.lr = trial.suggest_loguniform("training.lr", 1e-5, 1e-1)
/home/eng/shilo_avital/yolo_lab/walk_to_paint/optuna_run.py:148: FutureWarning: suggest_loguniform has been deprecated in v3.0.0. This feature will be removed in v6.0.0. See https://github.com/optuna/optuna/releases/tag/v3.0.0. Use suggest_float(..., log=True) instead.
  cfg.training.weight_decay = trial.suggest_loguniform(

🔬 Trial 166 hyperparameters:
  Walk length: 68, Num walks: 101,944
  LR: 1.40e-05, Batch size: 64
  Model: emb_dim=32, hidden_dim=16
  Transformer: 2 layers, 1 heads
  Epochs: 29, Weighted loss: True
Loading bitcoin-alpha-binary dataset...
Success! ✅
Splitting edges for bitcoin-alpha-binary dataset...
Success! ✅
Sampling random walks from bitcoin-alpha-binary dataset...
Success! ✅
Building tokenizer for bitcoin-alpha-binary dataset...
Success! ✅
Padding and building stage tensors for bitcoin-alpha-binary dataset...
Success! ✅
Creating DataLoaders for bitcoin-alpha-binary dataset...
Success! ✅
/home/eng/shilo_avital/yolo_lab/walk_to_paint/.venv/lib64/python3.9/site-packages/torch/nn/modules/transformer.py:382: UserWarning: enable_nested_tensor is True, but self.use_nested_tensor is False because encoder_layer.self_attn.num_heads is odd
  warnings.warn(
GPU available: True (cuda), used: True
TPU available: False, using: 0 TPU cores
HPU available: False, using: 0 HPUs
/home/eng/shilo_avital/yolo_lab/walk_to_paint/.venv/lib64/python3.9/site-packages/pytorch_lightning/callbacks/model_checkpoint.py:658: Checkpoint directory /home/eng/shilo_avital/yolo_lab/walk_to_paint/checkpoints exists and is not empty.
LOCAL_RANK: 0 - CUDA_VISIBLE_DEVICES: [3]
/home/eng/shilo_avital/yolo_lab/walk_to_paint/.venv/lib64/python3.9/site-packages/pytorch_lightning/trainer/connectors/data_connector.py:425: The 'val_dataloader' does not have many workers which may be a bottleneck. Consider increasing the value of the `num_workers` argument` to `num_workers=127` in the `DataLoader` to improve performance.
/home/eng/shilo_avital/yolo_lab/walk_to_paint/.venv/lib64/python3.9/site-packages/pytorch_lightning/trainer/connectors/data_connector.py:425: The 'train_dataloader' does not have many workers which may be a bottleneck. Consider increasing the value of the `num_workers` argument` to `num_workers=127` in the `DataLoader` to improve performance.
Metric val_auc_epoch improved. New best score: 0.501
Metric val_auc_epoch improved by 0.003 >= min_delta = 0.0. New best score: 0.504
Metric val_auc_epoch improved by 0.003 >= min_delta = 0.0. New best score: 0.506
Metric val_auc_epoch improved by 0.003 >= min_delta = 0.0. New best score: 0.509
Metric val_auc_epoch improved by 0.003 >= min_delta = 0.0. New best score: 0.512
Metric val_auc_epoch improved by 0.004 >= min_delta = 0.0. New best score: 0.516
Metric val_auc_epoch improved by 0.004 >= min_delta = 0.0. New best score: 0.520
Metric val_auc_epoch improved by 0.003 >= min_delta = 0.0. New best score: 0.523
Metric val_auc_epoch improved by 0.004 >= min_delta = 0.0. New best score: 0.527
Metric val_auc_epoch improved by 0.004 >= min_delta = 0.0. New best score: 0.531
Metric val_auc_epoch improved by 0.003 >= min_delta = 0.0. New best score: 0.534
Metric val_auc_epoch improved by 0.002 >= min_delta = 0.0. New best score: 0.536
Metric val_auc_epoch improved by 0.002 >= min_delta = 0.0. New best score: 0.538
Metric val_auc_epoch improved by 0.002 >= min_delta = 0.0. New best score: 0.540
Metric val_auc_epoch improved by 0.001 >= min_delta = 0.0. New best score: 0.541
Metric val_auc_epoch improved by 0.001 >= min_delta = 0.0. New best score: 0.542
Metric val_auc_epoch improved by 0.001 >= min_delta = 0.0. New best score: 0.543
Metric val_auc_epoch improved by 0.000 >= min_delta = 0.0. New best score: 0.543
Metric val_auc_epoch improved by 0.000 >= min_delta = 0.0. New best score: 0.543
Metric val_auc_epoch improved by 0.000 >= min_delta = 0.0. New best score: 0.544
Metric val_auc_epoch improved by 0.000 >= min_delta = 0.0. New best score: 0.544
Metric val_auc_epoch improved by 0.000 >= min_delta = 0.0. New best score: 0.544
Metric val_auc_epoch improved by 0.000 >= min_delta = 0.0. New best score: 0.544
Metric val_auc_epoch improved by 0.000 >= min_delta = 0.0. New best score: 0.544
Metric val_auc_epoch improved by 0.000 >= min_delta = 0.0. New best score: 0.544
Metric val_auc_epoch improved by 0.000 >= min_delta = 0.0. New best score: 0.544
Metric val_auc_epoch improved by 0.000 >= min_delta = 0.0. New best score: 0.544
Metric val_auc_epoch improved by 0.000 >= min_delta = 0.0. New best score: 0.544
Metric val_auc_epoch improved by 0.000 >= min_delta = 0.0. New best score: 0.544
`Trainer.fit` stopped: `max_epochs=29` reached.
Restoring states from the checkpoint path at /home/eng/shilo_avital/yolo_lab/walk_to_paint/checkpoints/trial_166-epoch=28-val_auc_epoch=0.5443.ckpt
LOCAL_RANK: 0 - CUDA_VISIBLE_DEVICES: [3]
Loaded model weights from the checkpoint at /home/eng/shilo_avital/yolo_lab/walk_to_paint/checkpoints/trial_166-epoch=28-val_auc_epoch=0.5443.ckpt
/home/eng/shilo_avital/yolo_lab/walk_to_paint/.venv/lib64/python3.9/site-packages/pytorch_lightning/trainer/connectors/data_connector.py:425: The 'val_dataloader' does not have many workers which may be a bottleneck. Consider increasing the value of the `num_workers` argument` to `num_workers=127` in the `DataLoader` to improve performance.
────────────────────────────────────────────────────────────────────────────────────────────────────────────────────────
     Validate metric           DataLoader 0
────────────────────────────────────────────────────────────────────────────────────────────────────────────────────────
      val_acc_epoch         0.5315521955490112
      val_auc_epoch         0.5443443059921265
      val_f1_epoch          0.5307501554489136
        val_loss            0.6900938153266907
────────────────────────────────────────────────────────────────────────────────────────────────────────────────────────
✅ Trial 166 completed - Val AUC: 0.5443
