[I 2025-08-22 10:16:26,662] Trial 132 finished with value: -0.5637481212615967 and parameters: {'dataset.max_walk_length': 13, 'dataset.num_walks': 205255, 'training.lr': 3.514621483209854e-05, 'training.weight_decay': 0.008095206921230298, 'training.batch_size': 64, 'training.gradient_clip_val': 1.8142421512980311, 'training.early_stopping_patience': 5, 'model.nhead_emb_combo': 1, 'model.hidden_dim': 16, 'model.nlayers': 2, 'model.dropout': 0.5691220972151086, 'training.epochs': 28}. Best is trial 1 with value: -0.6377121806144714.
/home/eng/shilo_avital/yolo_lab/walk_to_paint/optuna_run.py:147: FutureWarning: suggest_loguniform has been deprecated in v3.0.0. This feature will be removed in v6.0.0. See https://github.com/optuna/optuna/releases/tag/v3.0.0. Use suggest_float(..., log=True) instead.
  cfg.training.lr = trial.suggest_loguniform("training.lr", 1e-5, 1e-1)
/home/eng/shilo_avital/yolo_lab/walk_to_paint/optuna_run.py:148: FutureWarning: suggest_loguniform has been deprecated in v3.0.0. This feature will be removed in v6.0.0. See https://github.com/optuna/optuna/releases/tag/v3.0.0. Use suggest_float(..., log=True) instead.
  cfg.training.weight_decay = trial.suggest_loguniform(

🔬 Trial 133 hyperparameters:
  Walk length: 19, Num walks: 216,266
  LR: 6.55e-05, Batch size: 64
  Model: emb_dim=64, hidden_dim=32
  Transformer: 2 layers, 1 heads
  Epochs: 29, Weighted loss: True
Loading bitcoin-alpha-binary dataset...
Success! ✅
Splitting edges for bitcoin-alpha-binary dataset...
Success! ✅
Sampling random walks from bitcoin-alpha-binary dataset...
Success! ✅
Building tokenizer for bitcoin-alpha-binary dataset...
Success! ✅
Padding and building stage tensors for bitcoin-alpha-binary dataset...
Success! ✅
Creating DataLoaders for bitcoin-alpha-binary dataset...
Success! ✅
/home/eng/shilo_avital/yolo_lab/walk_to_paint/.venv/lib64/python3.9/site-packages/torch/nn/modules/transformer.py:382: UserWarning: enable_nested_tensor is True, but self.use_nested_tensor is False because encoder_layer.self_attn.num_heads is odd
  warnings.warn(
GPU available: True (cuda), used: True
TPU available: False, using: 0 TPU cores
HPU available: False, using: 0 HPUs
/home/eng/shilo_avital/yolo_lab/walk_to_paint/.venv/lib64/python3.9/site-packages/pytorch_lightning/callbacks/model_checkpoint.py:658: Checkpoint directory /home/eng/shilo_avital/yolo_lab/walk_to_paint/checkpoints exists and is not empty.
LOCAL_RANK: 0 - CUDA_VISIBLE_DEVICES: [3]
/home/eng/shilo_avital/yolo_lab/walk_to_paint/.venv/lib64/python3.9/site-packages/pytorch_lightning/trainer/connectors/data_connector.py:425: The 'val_dataloader' does not have many workers which may be a bottleneck. Consider increasing the value of the `num_workers` argument` to `num_workers=127` in the `DataLoader` to improve performance.
/home/eng/shilo_avital/yolo_lab/walk_to_paint/.venv/lib64/python3.9/site-packages/pytorch_lightning/trainer/connectors/data_connector.py:425: The 'train_dataloader' does not have many workers which may be a bottleneck. Consider increasing the value of the `num_workers` argument` to `num_workers=127` in the `DataLoader` to improve performance.
Metric val_auc_epoch improved. New best score: 0.563
Metric val_auc_epoch improved by 0.008 >= min_delta = 0.0. New best score: 0.572
Metric val_auc_epoch improved by 0.005 >= min_delta = 0.0. New best score: 0.577
Metric val_auc_epoch improved by 0.006 >= min_delta = 0.0. New best score: 0.583
Metric val_auc_epoch improved by 0.003 >= min_delta = 0.0. New best score: 0.587
❌ Trial 133 failed: Trial was pruned at epoch 5.
[I 2025-08-22 10:20:17,533] Trial 133 finished with value: 0.0 and parameters: {'dataset.max_walk_length': 19, 'dataset.num_walks': 216266, 'training.lr': 6.551758837325131e-05, 'training.weight_decay': 0.06320740785884102, 'training.batch_size': 64, 'training.gradient_clip_val': 1.7714815581968681, 'training.early_stopping_patience': 5, 'model.nhead_emb_combo': 4, 'model.hidden_dim': 32, 'model.nlayers': 2, 'model.dropout': 0.5459971387788761, 'training.epochs': 29}. Best is trial 1 with value: -0.6377121806144714.
/home/eng/shilo_avital/yolo_lab/walk_to_paint/optuna_run.py:147: FutureWarning: suggest_loguniform has been deprecated in v3.0.0. This feature will be removed in v6.0.0. See https://github.com/optuna/optuna/releases/tag/v3.0.0. Use suggest_float(..., log=True) instead.
  cfg.training.lr = trial.suggest_loguniform("training.lr", 1e-5, 1e-1)
/home/eng/shilo_avital/yolo_lab/walk_to_paint/optuna_run.py:148: FutureWarning: suggest_loguniform has been deprecated in v3.0.0. This feature will be removed in v6.0.0. See https://github.com/optuna/optuna/releases/tag/v3.0.0. Use suggest_float(..., log=True) instead.
  cfg.training.weight_decay = trial.suggest_loguniform(

🔬 Trial 134 hyperparameters:
  Walk length: 92, Num walks: 188,075
  LR: 2.30e-05, Batch size: 64
  Model: emb_dim=4, hidden_dim=128
  Transformer: 2 layers, 4 heads
  Epochs: 28, Weighted loss: True
Loading bitcoin-alpha-binary dataset...
Success! ✅
Splitting edges for bitcoin-alpha-binary dataset...
Success! ✅
Sampling random walks from bitcoin-alpha-binary dataset...
Success! ✅
Building tokenizer for bitcoin-alpha-binary dataset...
Success! ✅
Padding and building stage tensors for bitcoin-alpha-binary dataset...
Success! ✅
Creating DataLoaders for bitcoin-alpha-binary dataset...
Success! ✅
GPU available: True (cuda), used: True
TPU available: False, using: 0 TPU cores
HPU available: False, using: 0 HPUs
/home/eng/shilo_avital/yolo_lab/walk_to_paint/.venv/lib64/python3.9/site-packages/pytorch_lightning/callbacks/model_checkpoint.py:658: Checkpoint directory /home/eng/shilo_avital/yolo_lab/walk_to_paint/checkpoints exists and is not empty.
LOCAL_RANK: 0 - CUDA_VISIBLE_DEVICES: [3]
/home/eng/shilo_avital/yolo_lab/walk_to_paint/.venv/lib64/python3.9/site-packages/pytorch_lightning/trainer/connectors/data_connector.py:425: The 'val_dataloader' does not have many workers which may be a bottleneck. Consider increasing the value of the `num_workers` argument` to `num_workers=127` in the `DataLoader` to improve performance.
/home/eng/shilo_avital/yolo_lab/walk_to_paint/.venv/lib64/python3.9/site-packages/pytorch_lightning/trainer/connectors/data_connector.py:425: The 'train_dataloader' does not have many workers which may be a bottleneck. Consider increasing the value of the `num_workers` argument` to `num_workers=127` in the `DataLoader` to improve performance.
Metric val_auc_epoch improved. New best score: 0.499
Metric val_auc_epoch improved by 0.001 >= min_delta = 0.0. New best score: 0.500
Metric val_auc_epoch improved by 0.001 >= min_delta = 0.0. New best score: 0.501
Metric val_auc_epoch improved by 0.001 >= min_delta = 0.0. New best score: 0.501
Metric val_auc_epoch improved by 0.001 >= min_delta = 0.0. New best score: 0.502
Metric val_auc_epoch improved by 0.001 >= min_delta = 0.0. New best score: 0.503
Metric val_auc_epoch improved by 0.000 >= min_delta = 0.0. New best score: 0.503
Metric val_auc_epoch improved by 0.000 >= min_delta = 0.0. New best score: 0.503
Metric val_auc_epoch improved by 0.000 >= min_delta = 0.0. New best score: 0.503
Metric val_auc_epoch improved by 0.002 >= min_delta = 0.0. New best score: 0.505
Metric val_auc_epoch improved by 0.001 >= min_delta = 0.0. New best score: 0.506
Metric val_auc_epoch improved by 0.001 >= min_delta = 0.0. New best score: 0.507
Metric val_auc_epoch improved by 0.000 >= min_delta = 0.0. New best score: 0.507
Metric val_auc_epoch improved by 0.000 >= min_delta = 0.0. New best score: 0.507
Metric val_auc_epoch improved by 0.001 >= min_delta = 0.0. New best score: 0.508
Metric val_auc_epoch improved by 0.001 >= min_delta = 0.0. New best score: 0.509
Metric val_auc_epoch improved by 0.000 >= min_delta = 0.0. New best score: 0.509
Metric val_auc_epoch improved by 0.000 >= min_delta = 0.0. New best score: 0.510
Metric val_auc_epoch improved by 0.000 >= min_delta = 0.0. New best score: 0.510
Metric val_auc_epoch improved by 0.000 >= min_delta = 0.0. New best score: 0.510
Metric val_auc_epoch improved by 0.000 >= min_delta = 0.0. New best score: 0.511
Metric val_auc_epoch improved by 0.000 >= min_delta = 0.0. New best score: 0.511
Metric val_auc_epoch improved by 0.000 >= min_delta = 0.0. New best score: 0.511
Metric val_auc_epoch improved by 0.000 >= min_delta = 0.0. New best score: 0.511
Metric val_auc_epoch improved by 0.000 >= min_delta = 0.0. New best score: 0.511
Metric val_auc_epoch improved by 0.000 >= min_delta = 0.0. New best score: 0.511
Metric val_auc_epoch improved by 0.000 >= min_delta = 0.0. New best score: 0.511
Metric val_auc_epoch improved by 0.000 >= min_delta = 0.0. New best score: 0.511
`Trainer.fit` stopped: `max_epochs=28` reached.
Restoring states from the checkpoint path at /home/eng/shilo_avital/yolo_lab/walk_to_paint/checkpoints/trial_134-epoch=27-val_auc_epoch=0.5111.ckpt
LOCAL_RANK: 0 - CUDA_VISIBLE_DEVICES: [3]
Loaded model weights from the checkpoint at /home/eng/shilo_avital/yolo_lab/walk_to_paint/checkpoints/trial_134-epoch=27-val_auc_epoch=0.5111.ckpt
/home/eng/shilo_avital/yolo_lab/walk_to_paint/.venv/lib64/python3.9/site-packages/pytorch_lightning/trainer/connectors/data_connector.py:425: The 'val_dataloader' does not have many workers which may be a bottleneck. Consider increasing the value of the `num_workers` argument` to `num_workers=127` in the `DataLoader` to improve performance.
────────────────────────────────────────────────────────────────────────────────────────────────────────────────────────
     Validate metric           DataLoader 0
────────────────────────────────────────────────────────────────────────────────────────────────────────────────────────
      val_acc_epoch          0.506403923034668
      val_auc_epoch         0.5110822916030884
      val_f1_epoch          0.5040935277938843
        val_loss             0.693067729473114
────────────────────────────────────────────────────────────────────────────────────────────────────────────────────────
✅ Trial 134 completed - Val AUC: 0.5111
[I 2025-08-22 10:36:23,903] Trial 134 finished with value: -0.5110822916030884 and parameters: {'dataset.max_walk_length': 92, 'dataset.num_walks': 188075, 'training.lr': 2.2973680993030794e-05, 'training.weight_decay': 0.016395209148742578, 'training.batch_size': 64, 'training.gradient_clip_val': 1.8433363191916134, 'training.early_stopping_patience': 6, 'model.nhead_emb_combo': 12, 'model.hidden_dim': 128, 'model.nlayers': 2, 'model.dropout': 0.5216183754361354, 'training.epochs': 28}. Best is trial 1 with value: -0.6377121806144714.
/home/eng/shilo_avital/yolo_lab/walk_to_paint/optuna_run.py:147: FutureWarning: suggest_loguniform has been deprecated in v3.0.0. This feature will be removed in v6.0.0. See https://github.com/optuna/optuna/releases/tag/v3.0.0. Use suggest_float(..., log=True) instead.
  cfg.training.lr = trial.suggest_loguniform("training.lr", 1e-5, 1e-1)
/home/eng/shilo_avital/yolo_lab/walk_to_paint/optuna_run.py:148: FutureWarning: suggest_loguniform has been deprecated in v3.0.0. This feature will be removed in v6.0.0. See https://github.com/optuna/optuna/releases/tag/v3.0.0. Use suggest_float(..., log=True) instead.
  cfg.training.weight_decay = trial.suggest_loguniform(

🔬 Trial 135 hyperparameters:
  Walk length: 15, Num walks: 307,112
  LR: 4.39e-05, Batch size: 64
  Model: emb_dim=8, hidden_dim=16
  Transformer: 5 layers, 1 heads
  Epochs: 29, Weighted loss: True
Loading bitcoin-alpha-binary dataset...
Success! ✅
Splitting edges for bitcoin-alpha-binary dataset...
Success! ✅
Sampling random walks from bitcoin-alpha-binary dataset...
Success! ✅
Building tokenizer for bitcoin-alpha-binary dataset...
Success! ✅
Padding and building stage tensors for bitcoin-alpha-binary dataset...
Success! ✅
Creating DataLoaders for bitcoin-alpha-binary dataset...
Success! ✅
/home/eng/shilo_avital/yolo_lab/walk_to_paint/.venv/lib64/python3.9/site-packages/torch/nn/modules/transformer.py:382: UserWarning: enable_nested_tensor is True, but self.use_nested_tensor is False because encoder_layer.self_attn.num_heads is odd
  warnings.warn(
GPU available: True (cuda), used: True
TPU available: False, using: 0 TPU cores
HPU available: False, using: 0 HPUs
/home/eng/shilo_avital/yolo_lab/walk_to_paint/.venv/lib64/python3.9/site-packages/pytorch_lightning/callbacks/model_checkpoint.py:658: Checkpoint directory /home/eng/shilo_avital/yolo_lab/walk_to_paint/checkpoints exists and is not empty.
LOCAL_RANK: 0 - CUDA_VISIBLE_DEVICES: [3]
/home/eng/shilo_avital/yolo_lab/walk_to_paint/.venv/lib64/python3.9/site-packages/pytorch_lightning/trainer/connectors/data_connector.py:425: The 'val_dataloader' does not have many workers which may be a bottleneck. Consider increasing the value of the `num_workers` argument` to `num_workers=127` in the `DataLoader` to improve performance.
/home/eng/shilo_avital/yolo_lab/walk_to_paint/.venv/lib64/python3.9/site-packages/pytorch_lightning/trainer/connectors/data_connector.py:425: The 'train_dataloader' does not have many workers which may be a bottleneck. Consider increasing the value of the `num_workers` argument` to `num_workers=127` in the `DataLoader` to improve performance.
Metric val_auc_epoch improved. New best score: 0.515
Metric val_auc_epoch improved by 0.038 >= min_delta = 0.0. New best score: 0.554
Metric val_auc_epoch improved by 0.006 >= min_delta = 0.0. New best score: 0.559
Metric val_auc_epoch improved by 0.001 >= min_delta = 0.0. New best score: 0.561
Monitored metric val_auc_epoch did not improve in the last 6 records. Best score: 0.561. Signaling Trainer to stop.
Restoring states from the checkpoint path at /home/eng/shilo_avital/yolo_lab/walk_to_paint/checkpoints/trial_135-epoch=03-val_auc_epoch=0.5607.ckpt
LOCAL_RANK: 0 - CUDA_VISIBLE_DEVICES: [3]
Loaded model weights from the checkpoint at /home/eng/shilo_avital/yolo_lab/walk_to_paint/checkpoints/trial_135-epoch=03-val_auc_epoch=0.5607.ckpt
/home/eng/shilo_avital/yolo_lab/walk_to_paint/.venv/lib64/python3.9/site-packages/pytorch_lightning/trainer/connectors/data_connector.py:425: The 'val_dataloader' does not have many workers which may be a bottleneck. Consider increasing the value of the `num_workers` argument` to `num_workers=127` in the `DataLoader` to improve performance.
────────────────────────────────────────────────────────────────────────────────────────────────────────────────────────
     Validate metric           DataLoader 0
────────────────────────────────────────────────────────────────────────────────────────────────────────────────────────
      val_acc_epoch         0.5426086187362671
      val_auc_epoch          0.560742199420929
      val_f1_epoch          0.5406346321105957
        val_loss             0.68831866979599
────────────────────────────────────────────────────────────────────────────────────────────────────────────────────────
✅ Trial 135 completed - Val AUC: 0.5607
[I 2025-08-22 10:48:09,717] Trial 135 finished with value: -0.560742199420929 and parameters: {'dataset.max_walk_length': 15, 'dataset.num_walks': 307112, 'training.lr': 4.39486227417378e-05, 'training.weight_decay': 0.03612617859692735, 'training.batch_size': 64, 'training.gradient_clip_val': 1.6569052153107915, 'training.early_stopping_patience': 6, 'model.nhead_emb_combo': 1, 'model.hidden_dim': 16, 'model.nlayers': 5, 'model.dropout': 0.3844963417534857, 'training.epochs': 29}. Best is trial 1 with value: -0.6377121806144714.
🧹 Cleaning up old checkpoints and logs (keeping top 10)...
  Removed old checkpoint: trial_125-epoch=01-val_auc_epoch=0.5722.ckpt
  Removed old checkpoint: trial_124-epoch=07-val_auc_epoch=0.5615.ckpt
  Removed old checkpoint: trial_123-epoch=17-val_auc_epoch=0.5674.ckpt
  Removed old checkpoint: trial_122-epoch=27-val_auc_epoch=0.5764.ckpt
  Removed old checkpoint: trial_121-epoch=08-val_auc_epoch=0.5456.ckpt
  Removed old log dir: trial_125
  Removed old log dir: trial_124
  Removed old log dir: trial_123
  Removed old log dir: trial_122
  Removed old log dir: trial_121
/home/eng/shilo_avital/yolo_lab/walk_to_paint/optuna_run.py:147: FutureWarning: suggest_loguniform has been deprecated in v3.0.0. This feature will be removed in v6.0.0. See https://github.com/optuna/optuna/releases/tag/v3.0.0. Use suggest_float(..., log=True) instead.
  cfg.training.lr = trial.suggest_loguniform("training.lr", 1e-5, 1e-1)
/home/eng/shilo_avital/yolo_lab/walk_to_paint/optuna_run.py:148: FutureWarning: suggest_loguniform has been deprecated in v3.0.0. This feature will be removed in v6.0.0. See https://github.com/optuna/optuna/releases/tag/v3.0.0. Use suggest_float(..., log=True) instead.
  cfg.training.weight_decay = trial.suggest_loguniform(

🔬 Trial 136 hyperparameters:
  Walk length: 72, Num walks: 252,505
  LR: 6.99e-03, Batch size: 64
  Model: emb_dim=4, hidden_dim=64
  Transformer: 2 layers, 1 heads
  Epochs: 26, Weighted loss: True
Loading bitcoin-alpha-binary dataset...
Success! ✅
Splitting edges for bitcoin-alpha-binary dataset...
Success! ✅
Sampling random walks from bitcoin-alpha-binary dataset...
Success! ✅
Building tokenizer for bitcoin-alpha-binary dataset...
Success! ✅
Padding and building stage tensors for bitcoin-alpha-binary dataset...
Success! ✅
Creating DataLoaders for bitcoin-alpha-binary dataset...
Success! ✅
/home/eng/shilo_avital/yolo_lab/walk_to_paint/.venv/lib64/python3.9/site-packages/torch/nn/modules/transformer.py:382: UserWarning: enable_nested_tensor is True, but self.use_nested_tensor is False because encoder_layer.self_attn.num_heads is odd
  warnings.warn(
GPU available: True (cuda), used: True
TPU available: False, using: 0 TPU cores
HPU available: False, using: 0 HPUs
/home/eng/shilo_avital/yolo_lab/walk_to_paint/.venv/lib64/python3.9/site-packages/pytorch_lightning/callbacks/model_checkpoint.py:658: Checkpoint directory /home/eng/shilo_avital/yolo_lab/walk_to_paint/checkpoints exists and is not empty.
LOCAL_RANK: 0 - CUDA_VISIBLE_DEVICES: [3]
/home/eng/shilo_avital/yolo_lab/walk_to_paint/.venv/lib64/python3.9/site-packages/pytorch_lightning/trainer/connectors/data_connector.py:425: The 'val_dataloader' does not have many workers which may be a bottleneck. Consider increasing the value of the `num_workers` argument` to `num_workers=127` in the `DataLoader` to improve performance.
/home/eng/shilo_avital/yolo_lab/walk_to_paint/.venv/lib64/python3.9/site-packages/pytorch_lightning/trainer/connectors/data_connector.py:425: The 'train_dataloader' does not have many workers which may be a bottleneck. Consider increasing the value of the `num_workers` argument` to `num_workers=127` in the `DataLoader` to improve performance.
Metric val_auc_epoch improved. New best score: 0.535
Metric val_auc_epoch improved by 0.006 >= min_delta = 0.0. New best score: 0.541
Metric val_auc_epoch improved by 0.000 >= min_delta = 0.0. New best score: 0.542
Metric val_auc_epoch improved by 0.001 >= min_delta = 0.0. New best score: 0.542
Monitored metric val_auc_epoch did not improve in the last 7 records. Best score: 0.542. Signaling Trainer to stop.
Restoring states from the checkpoint path at /home/eng/shilo_avital/yolo_lab/walk_to_paint/checkpoints/trial_136-epoch=13-val_auc_epoch=0.5424.ckpt
LOCAL_RANK: 0 - CUDA_VISIBLE_DEVICES: [3]
Loaded model weights from the checkpoint at /home/eng/shilo_avital/yolo_lab/walk_to_paint/checkpoints/trial_136-epoch=13-val_auc_epoch=0.5424.ckpt
/home/eng/shilo_avital/yolo_lab/walk_to_paint/.venv/lib64/python3.9/site-packages/pytorch_lightning/trainer/connectors/data_connector.py:425: The 'val_dataloader' does not have many workers which may be a bottleneck. Consider increasing the value of the `num_workers` argument` to `num_workers=127` in the `DataLoader` to improve performance.
────────────────────────────────────────────────────────────────────────────────────────────────────────────────────────
     Validate metric           DataLoader 0
────────────────────────────────────────────────────────────────────────────────────────────────────────────────────────
      val_acc_epoch         0.5292898416519165
      val_auc_epoch         0.5423749685287476
      val_f1_epoch          0.5293262004852295
        val_loss            0.7241327166557312
────────────────────────────────────────────────────────────────────────────────────────────────────────────────────────
✅ Trial 136 completed - Val AUC: 0.5424
