[I 2025-08-22 09:12:28,689] Trial 125 finished with value: 0.0 and parameters: {'dataset.max_walk_length': 14, 'dataset.num_walks': 146481, 'training.lr': 3.0791884887960504e-05, 'training.weight_decay': 0.004746146865101504, 'training.batch_size': 64, 'training.gradient_clip_val': 1.7641426411324925, 'training.early_stopping_patience': 15, 'model.nhead_emb_combo': 16, 'model.hidden_dim': 64, 'model.nlayers': 2, 'model.dropout': 0.5390812111096562, 'training.epochs': 29}. Best is trial 1 with value: -0.6377121806144714.
🧹 Cleaning up old checkpoints and logs (keeping top 10)...
  Removed old checkpoint: trial_115-epoch=10-val_auc_epoch=0.5695.ckpt
  Removed old checkpoint: trial_114-epoch=08-val_auc_epoch=0.5637.ckpt
  Removed old checkpoint: trial_113-epoch=12-val_auc_epoch=0.5216.ckpt
  Removed old checkpoint: trial_112-epoch=00-val_auc_epoch=0.5115.ckpt
  Removed old checkpoint: trial_111-epoch=13-val_auc_epoch=0.5730.ckpt
  Removed old log dir: trial_115
  Removed old log dir: trial_114
  Removed old log dir: trial_113
  Removed old log dir: trial_112
  Removed old log dir: trial_111
/home/eng/shilo_avital/yolo_lab/walk_to_paint/optuna_run.py:147: FutureWarning: suggest_loguniform has been deprecated in v3.0.0. This feature will be removed in v6.0.0. See https://github.com/optuna/optuna/releases/tag/v3.0.0. Use suggest_float(..., log=True) instead.
  cfg.training.lr = trial.suggest_loguniform("training.lr", 1e-5, 1e-1)
/home/eng/shilo_avital/yolo_lab/walk_to_paint/optuna_run.py:148: FutureWarning: suggest_loguniform has been deprecated in v3.0.0. This feature will be removed in v6.0.0. See https://github.com/optuna/optuna/releases/tag/v3.0.0. Use suggest_float(..., log=True) instead.
  cfg.training.weight_decay = trial.suggest_loguniform(

🔬 Trial 126 hyperparameters:
  Walk length: 21, Num walks: 194,294
  LR: 4.15e-05, Batch size: 64
  Model: emb_dim=16, hidden_dim=64
  Transformer: 2 layers, 4 heads
  Epochs: 27, Weighted loss: True
Loading bitcoin-alpha-binary dataset...
Success! ✅
Splitting edges for bitcoin-alpha-binary dataset...
Success! ✅
Sampling random walks from bitcoin-alpha-binary dataset...
Success! ✅
Building tokenizer for bitcoin-alpha-binary dataset...
Success! ✅
Padding and building stage tensors for bitcoin-alpha-binary dataset...
Success! ✅
Creating DataLoaders for bitcoin-alpha-binary dataset...
Success! ✅
GPU available: True (cuda), used: True
TPU available: False, using: 0 TPU cores
HPU available: False, using: 0 HPUs
/home/eng/shilo_avital/yolo_lab/walk_to_paint/.venv/lib64/python3.9/site-packages/pytorch_lightning/callbacks/model_checkpoint.py:658: Checkpoint directory /home/eng/shilo_avital/yolo_lab/walk_to_paint/checkpoints exists and is not empty.
LOCAL_RANK: 0 - CUDA_VISIBLE_DEVICES: [3]
/home/eng/shilo_avital/yolo_lab/walk_to_paint/.venv/lib64/python3.9/site-packages/pytorch_lightning/trainer/connectors/data_connector.py:425: The 'val_dataloader' does not have many workers which may be a bottleneck. Consider increasing the value of the `num_workers` argument` to `num_workers=127` in the `DataLoader` to improve performance.
/home/eng/shilo_avital/yolo_lab/walk_to_paint/.venv/lib64/python3.9/site-packages/pytorch_lightning/trainer/connectors/data_connector.py:425: The 'train_dataloader' does not have many workers which may be a bottleneck. Consider increasing the value of the `num_workers` argument` to `num_workers=127` in the `DataLoader` to improve performance.
Metric val_auc_epoch improved. New best score: 0.530
Metric val_auc_epoch improved by 0.015 >= min_delta = 0.0. New best score: 0.544
Metric val_auc_epoch improved by 0.005 >= min_delta = 0.0. New best score: 0.550
Metric val_auc_epoch improved by 0.002 >= min_delta = 0.0. New best score: 0.552
Metric val_auc_epoch improved by 0.001 >= min_delta = 0.0. New best score: 0.553
Metric val_auc_epoch improved by 0.001 >= min_delta = 0.0. New best score: 0.553
Metric val_auc_epoch improved by 0.000 >= min_delta = 0.0. New best score: 0.553
Metric val_auc_epoch improved by 0.000 >= min_delta = 0.0. New best score: 0.554
Metric val_auc_epoch improved by 0.000 >= min_delta = 0.0. New best score: 0.554
Metric val_auc_epoch improved by 0.001 >= min_delta = 0.0. New best score: 0.555
Metric val_auc_epoch improved by 0.000 >= min_delta = 0.0. New best score: 0.555
Metric val_auc_epoch improved by 0.000 >= min_delta = 0.0. New best score: 0.556
Metric val_auc_epoch improved by 0.000 >= min_delta = 0.0. New best score: 0.556
Metric val_auc_epoch improved by 0.000 >= min_delta = 0.0. New best score: 0.556
Metric val_auc_epoch improved by 0.000 >= min_delta = 0.0. New best score: 0.557
Metric val_auc_epoch improved by 0.000 >= min_delta = 0.0. New best score: 0.557
Metric val_auc_epoch improved by 0.000 >= min_delta = 0.0. New best score: 0.557
Metric val_auc_epoch improved by 0.000 >= min_delta = 0.0. New best score: 0.557
Metric val_auc_epoch improved by 0.000 >= min_delta = 0.0. New best score: 0.557
Metric val_auc_epoch improved by 0.000 >= min_delta = 0.0. New best score: 0.557
Metric val_auc_epoch improved by 0.000 >= min_delta = 0.0. New best score: 0.557
Metric val_auc_epoch improved by 0.000 >= min_delta = 0.0. New best score: 0.557
Metric val_auc_epoch improved by 0.000 >= min_delta = 0.0. New best score: 0.557
Metric val_auc_epoch improved by 0.000 >= min_delta = 0.0. New best score: 0.557
Metric val_auc_epoch improved by 0.000 >= min_delta = 0.0. New best score: 0.557
`Trainer.fit` stopped: `max_epochs=27` reached.
Restoring states from the checkpoint path at /home/eng/shilo_avital/yolo_lab/walk_to_paint/checkpoints/trial_126-epoch=26-val_auc_epoch=0.5572.ckpt
LOCAL_RANK: 0 - CUDA_VISIBLE_DEVICES: [3]
Loaded model weights from the checkpoint at /home/eng/shilo_avital/yolo_lab/walk_to_paint/checkpoints/trial_126-epoch=26-val_auc_epoch=0.5572.ckpt
/home/eng/shilo_avital/yolo_lab/walk_to_paint/.venv/lib64/python3.9/site-packages/pytorch_lightning/trainer/connectors/data_connector.py:425: The 'val_dataloader' does not have many workers which may be a bottleneck. Consider increasing the value of the `num_workers` argument` to `num_workers=127` in the `DataLoader` to improve performance.
────────────────────────────────────────────────────────────────────────────────────────────────────────────────────────
     Validate metric           DataLoader 0
────────────────────────────────────────────────────────────────────────────────────────────────────────────────────────
      val_acc_epoch         0.5387518405914307
      val_auc_epoch         0.5572296380996704
      val_f1_epoch          0.5387900471687317
        val_loss            0.6924939751625061
────────────────────────────────────────────────────────────────────────────────────────────────────────────────────────
✅ Trial 126 completed - Val AUC: 0.5572
[I 2025-08-22 09:27:12,989] Trial 126 finished with value: -0.5572296380996704 and parameters: {'dataset.max_walk_length': 21, 'dataset.num_walks': 194294, 'training.lr': 4.148988014584245e-05, 'training.weight_decay': 0.01067872879609114, 'training.batch_size': 64, 'training.gradient_clip_val': 1.5616395904691802, 'training.early_stopping_patience': 7, 'model.nhead_emb_combo': 14, 'model.hidden_dim': 64, 'model.nlayers': 2, 'model.dropout': 0.5186574790529883, 'training.epochs': 27}. Best is trial 1 with value: -0.6377121806144714.
/home/eng/shilo_avital/yolo_lab/walk_to_paint/optuna_run.py:147: FutureWarning: suggest_loguniform has been deprecated in v3.0.0. This feature will be removed in v6.0.0. See https://github.com/optuna/optuna/releases/tag/v3.0.0. Use suggest_float(..., log=True) instead.
  cfg.training.lr = trial.suggest_loguniform("training.lr", 1e-5, 1e-1)
/home/eng/shilo_avital/yolo_lab/walk_to_paint/optuna_run.py:148: FutureWarning: suggest_loguniform has been deprecated in v3.0.0. This feature will be removed in v6.0.0. See https://github.com/optuna/optuna/releases/tag/v3.0.0. Use suggest_float(..., log=True) instead.
  cfg.training.weight_decay = trial.suggest_loguniform(

🔬 Trial 127 hyperparameters:
  Walk length: 18, Num walks: 175,660
  LR: 1.73e-04, Batch size: 64
  Model: emb_dim=8, hidden_dim=64
  Transformer: 2 layers, 8 heads
  Epochs: 28, Weighted loss: True
Loading bitcoin-alpha-binary dataset...
Success! ✅
Splitting edges for bitcoin-alpha-binary dataset...
Success! ✅
Sampling random walks from bitcoin-alpha-binary dataset...
Success! ✅
Building tokenizer for bitcoin-alpha-binary dataset...
Success! ✅
Padding and building stage tensors for bitcoin-alpha-binary dataset...
Success! ✅
Creating DataLoaders for bitcoin-alpha-binary dataset...
Success! ✅
GPU available: True (cuda), used: True
TPU available: False, using: 0 TPU cores
HPU available: False, using: 0 HPUs
/home/eng/shilo_avital/yolo_lab/walk_to_paint/.venv/lib64/python3.9/site-packages/pytorch_lightning/callbacks/model_checkpoint.py:658: Checkpoint directory /home/eng/shilo_avital/yolo_lab/walk_to_paint/checkpoints exists and is not empty.
LOCAL_RANK: 0 - CUDA_VISIBLE_DEVICES: [3]
/home/eng/shilo_avital/yolo_lab/walk_to_paint/.venv/lib64/python3.9/site-packages/pytorch_lightning/trainer/connectors/data_connector.py:425: The 'val_dataloader' does not have many workers which may be a bottleneck. Consider increasing the value of the `num_workers` argument` to `num_workers=127` in the `DataLoader` to improve performance.
/home/eng/shilo_avital/yolo_lab/walk_to_paint/.venv/lib64/python3.9/site-packages/pytorch_lightning/trainer/connectors/data_connector.py:425: The 'train_dataloader' does not have many workers which may be a bottleneck. Consider increasing the value of the `num_workers` argument` to `num_workers=127` in the `DataLoader` to improve performance.
Metric val_auc_epoch improved. New best score: 0.533
Metric val_auc_epoch improved by 0.022 >= min_delta = 0.0. New best score: 0.555
Metric val_auc_epoch improved by 0.002 >= min_delta = 0.0. New best score: 0.557
Monitored metric val_auc_epoch did not improve in the last 6 records. Best score: 0.557. Signaling Trainer to stop.
Restoring states from the checkpoint path at /home/eng/shilo_avital/yolo_lab/walk_to_paint/checkpoints/trial_127-epoch=02-val_auc_epoch=0.5570.ckpt
LOCAL_RANK: 0 - CUDA_VISIBLE_DEVICES: [3]
Loaded model weights from the checkpoint at /home/eng/shilo_avital/yolo_lab/walk_to_paint/checkpoints/trial_127-epoch=02-val_auc_epoch=0.5570.ckpt
/home/eng/shilo_avital/yolo_lab/walk_to_paint/.venv/lib64/python3.9/site-packages/pytorch_lightning/trainer/connectors/data_connector.py:425: The 'val_dataloader' does not have many workers which may be a bottleneck. Consider increasing the value of the `num_workers` argument` to `num_workers=127` in the `DataLoader` to improve performance.
────────────────────────────────────────────────────────────────────────────────────────────────────────────────────────
     Validate metric           DataLoader 0
────────────────────────────────────────────────────────────────────────────────────────────────────────────────────────
      val_acc_epoch         0.5399378538131714
      val_auc_epoch         0.5570276975631714
      val_f1_epoch          0.5385996103286743
        val_loss            0.6880558133125305
────────────────────────────────────────────────────────────────────────────────────────────────────────────────────────
✅ Trial 127 completed - Val AUC: 0.5570
[I 2025-08-22 09:32:06,239] Trial 127 finished with value: -0.5570276975631714 and parameters: {'dataset.max_walk_length': 18, 'dataset.num_walks': 175660, 'training.lr': 0.00017347465796951913, 'training.weight_decay': 0.0026279808033142526, 'training.batch_size': 64, 'training.gradient_clip_val': 1.7387682829018292, 'training.early_stopping_patience': 6, 'model.nhead_emb_combo': 18, 'model.hidden_dim': 64, 'model.nlayers': 2, 'model.dropout': 0.5576279041697513, 'training.epochs': 28}. Best is trial 1 with value: -0.6377121806144714.
/home/eng/shilo_avital/yolo_lab/walk_to_paint/optuna_run.py:147: FutureWarning: suggest_loguniform has been deprecated in v3.0.0. This feature will be removed in v6.0.0. See https://github.com/optuna/optuna/releases/tag/v3.0.0. Use suggest_float(..., log=True) instead.
  cfg.training.lr = trial.suggest_loguniform("training.lr", 1e-5, 1e-1)
/home/eng/shilo_avital/yolo_lab/walk_to_paint/optuna_run.py:148: FutureWarning: suggest_loguniform has been deprecated in v3.0.0. This feature will be removed in v6.0.0. See https://github.com/optuna/optuna/releases/tag/v3.0.0. Use suggest_float(..., log=True) instead.
  cfg.training.weight_decay = trial.suggest_loguniform(

🔬 Trial 128 hyperparameters:
  Walk length: 23, Num walks: 136,144
  LR: 8.40e-05, Batch size: 64
  Model: emb_dim=4, hidden_dim=8
  Transformer: 1 layers, 4 heads
  Epochs: 24, Weighted loss: True
Loading bitcoin-alpha-binary dataset...
Success! ✅
Splitting edges for bitcoin-alpha-binary dataset...
Success! ✅
Sampling random walks from bitcoin-alpha-binary dataset...
Success! ✅
Building tokenizer for bitcoin-alpha-binary dataset...
Success! ✅
Padding and building stage tensors for bitcoin-alpha-binary dataset...
Success! ✅
Creating DataLoaders for bitcoin-alpha-binary dataset...
Success! ✅
GPU available: True (cuda), used: True
TPU available: False, using: 0 TPU cores
HPU available: False, using: 0 HPUs
/home/eng/shilo_avital/yolo_lab/walk_to_paint/.venv/lib64/python3.9/site-packages/pytorch_lightning/callbacks/model_checkpoint.py:658: Checkpoint directory /home/eng/shilo_avital/yolo_lab/walk_to_paint/checkpoints exists and is not empty.
LOCAL_RANK: 0 - CUDA_VISIBLE_DEVICES: [3]
/home/eng/shilo_avital/yolo_lab/walk_to_paint/.venv/lib64/python3.9/site-packages/pytorch_lightning/trainer/connectors/data_connector.py:425: The 'val_dataloader' does not have many workers which may be a bottleneck. Consider increasing the value of the `num_workers` argument` to `num_workers=127` in the `DataLoader` to improve performance.
/home/eng/shilo_avital/yolo_lab/walk_to_paint/.venv/lib64/python3.9/site-packages/pytorch_lightning/trainer/connectors/data_connector.py:425: The 'train_dataloader' does not have many workers which may be a bottleneck. Consider increasing the value of the `num_workers` argument` to `num_workers=127` in the `DataLoader` to improve performance.
Metric val_auc_epoch improved. New best score: 0.504
Metric val_auc_epoch improved by 0.002 >= min_delta = 0.0. New best score: 0.505
Metric val_auc_epoch improved by 0.007 >= min_delta = 0.0. New best score: 0.512
Metric val_auc_epoch improved by 0.007 >= min_delta = 0.0. New best score: 0.519
Metric val_auc_epoch improved by 0.003 >= min_delta = 0.0. New best score: 0.522
Metric val_auc_epoch improved by 0.005 >= min_delta = 0.0. New best score: 0.527
Metric val_auc_epoch improved by 0.005 >= min_delta = 0.0. New best score: 0.532
Metric val_auc_epoch improved by 0.004 >= min_delta = 0.0. New best score: 0.536
Metric val_auc_epoch improved by 0.002 >= min_delta = 0.0. New best score: 0.538
Metric val_auc_epoch improved by 0.003 >= min_delta = 0.0. New best score: 0.542
Metric val_auc_epoch improved by 0.001 >= min_delta = 0.0. New best score: 0.542
Metric val_auc_epoch improved by 0.003 >= min_delta = 0.0. New best score: 0.545
Metric val_auc_epoch improved by 0.002 >= min_delta = 0.0. New best score: 0.547
Metric val_auc_epoch improved by 0.001 >= min_delta = 0.0. New best score: 0.548
Metric val_auc_epoch improved by 0.001 >= min_delta = 0.0. New best score: 0.549
Metric val_auc_epoch improved by 0.001 >= min_delta = 0.0. New best score: 0.550
Metric val_auc_epoch improved by 0.000 >= min_delta = 0.0. New best score: 0.550
Metric val_auc_epoch improved by 0.000 >= min_delta = 0.0. New best score: 0.551
Metric val_auc_epoch improved by 0.000 >= min_delta = 0.0. New best score: 0.551
Metric val_auc_epoch improved by 0.000 >= min_delta = 0.0. New best score: 0.551
Metric val_auc_epoch improved by 0.000 >= min_delta = 0.0. New best score: 0.551
Metric val_auc_epoch improved by 0.000 >= min_delta = 0.0. New best score: 0.551
Metric val_auc_epoch improved by 0.000 >= min_delta = 0.0. New best score: 0.551
Metric val_auc_epoch improved by 0.000 >= min_delta = 0.0. New best score: 0.551
`Trainer.fit` stopped: `max_epochs=24` reached.
Restoring states from the checkpoint path at /home/eng/shilo_avital/yolo_lab/walk_to_paint/checkpoints/trial_128-epoch=23-val_auc_epoch=0.5512.ckpt
LOCAL_RANK: 0 - CUDA_VISIBLE_DEVICES: [3]
Loaded model weights from the checkpoint at /home/eng/shilo_avital/yolo_lab/walk_to_paint/checkpoints/trial_128-epoch=23-val_auc_epoch=0.5512.ckpt
/home/eng/shilo_avital/yolo_lab/walk_to_paint/.venv/lib64/python3.9/site-packages/pytorch_lightning/trainer/connectors/data_connector.py:425: The 'val_dataloader' does not have many workers which may be a bottleneck. Consider increasing the value of the `num_workers` argument` to `num_workers=127` in the `DataLoader` to improve performance.
────────────────────────────────────────────────────────────────────────────────────────────────────────────────────────
     Validate metric           DataLoader 0
────────────────────────────────────────────────────────────────────────────────────────────────────────────────────────
      val_acc_epoch         0.5379674434661865
      val_auc_epoch         0.5512117743492126
      val_f1_epoch          0.5375986695289612
        val_loss            0.6896677613258362
────────────────────────────────────────────────────────────────────────────────────────────────────────────────────────
✅ Trial 128 completed - Val AUC: 0.5512
