[I 2025-08-22 22:43:00,016] Trial 220 finished with value: -0.6094998717308044 and parameters: {'dataset.max_walk_length': 82, 'dataset.num_walks': 218292, 'training.lr': 0.001016400149701485, 'training.weight_decay': 0.002824797638876165, 'training.batch_size': 64, 'training.gradient_clip_val': 0.5630255765279523, 'training.early_stopping_patience': 5, 'model.nhead_emb_combo': 21, 'model.hidden_dim': 16, 'model.nlayers': 5, 'model.dropout': 0.6132361253484968, 'training.epochs': 26}. Best is trial 219 with value: -0.6563096642494202.
🧹 Cleaning up old checkpoints and logs (keeping top 10)...
  Removed old checkpoint: trial_210-epoch=04-val_auc_epoch=0.5348.ckpt
  Removed old checkpoint: trial_209-epoch=03-val_auc_epoch=0.6190.ckpt
  Removed old checkpoint: trial_208-epoch=19-val_auc_epoch=0.6391.ckpt
  Removed old checkpoint: trial_207-epoch=01-val_auc_epoch=0.5513.ckpt
  Removed old checkpoint: trial_206-epoch=02-val_auc_epoch=0.5646.ckpt
  Removed old log dir: trial_210
  Removed old log dir: trial_209
  Removed old log dir: trial_208
  Removed old log dir: trial_207
  Removed old log dir: trial_206
/home/eng/shilo_avital/yolo_lab/walk_to_paint/optuna_run.py:147: FutureWarning: suggest_loguniform has been deprecated in v3.0.0. This feature will be removed in v6.0.0. See https://github.com/optuna/optuna/releases/tag/v3.0.0. Use suggest_float(..., log=True) instead.
  cfg.training.lr = trial.suggest_loguniform("training.lr", 1e-5, 1e-1)
/home/eng/shilo_avital/yolo_lab/walk_to_paint/optuna_run.py:148: FutureWarning: suggest_loguniform has been deprecated in v3.0.0. This feature will be removed in v6.0.0. See https://github.com/optuna/optuna/releases/tag/v3.0.0. Use suggest_float(..., log=True) instead.
  cfg.training.weight_decay = trial.suggest_loguniform(

🔬 Trial 221 hyperparameters:
  Walk length: 79, Num walks: 225,182
  LR: 8.21e-04, Batch size: 64
  Model: emb_dim=64, hidden_dim=16
  Transformer: 5 layers, 8 heads
  Epochs: 26, Weighted loss: True
Loading bitcoin-alpha-binary dataset...
Success! ✅
Splitting edges for bitcoin-alpha-binary dataset...
Success! ✅
Sampling random walks from bitcoin-alpha-binary dataset...
Success! ✅
Building tokenizer for bitcoin-alpha-binary dataset...
Success! ✅
Padding and building stage tensors for bitcoin-alpha-binary dataset...
Success! ✅
Creating DataLoaders for bitcoin-alpha-binary dataset...
Success! ✅
GPU available: True (cuda), used: True
TPU available: False, using: 0 TPU cores
HPU available: False, using: 0 HPUs
/home/eng/shilo_avital/yolo_lab/walk_to_paint/.venv/lib64/python3.9/site-packages/pytorch_lightning/callbacks/model_checkpoint.py:658: Checkpoint directory /home/eng/shilo_avital/yolo_lab/walk_to_paint/checkpoints exists and is not empty.
LOCAL_RANK: 0 - CUDA_VISIBLE_DEVICES: [3]
/home/eng/shilo_avital/yolo_lab/walk_to_paint/.venv/lib64/python3.9/site-packages/pytorch_lightning/trainer/connectors/data_connector.py:425: The 'val_dataloader' does not have many workers which may be a bottleneck. Consider increasing the value of the `num_workers` argument` to `num_workers=127` in the `DataLoader` to improve performance.
/home/eng/shilo_avital/yolo_lab/walk_to_paint/.venv/lib64/python3.9/site-packages/pytorch_lightning/trainer/connectors/data_connector.py:425: The 'train_dataloader' does not have many workers which may be a bottleneck. Consider increasing the value of the `num_workers` argument` to `num_workers=127` in the `DataLoader` to improve performance.
Metric val_auc_epoch improved. New best score: 0.530
Metric val_auc_epoch improved by 0.005 >= min_delta = 0.0. New best score: 0.535
Metric val_auc_epoch improved by 0.073 >= min_delta = 0.0. New best score: 0.609
Metric val_auc_epoch improved by 0.017 >= min_delta = 0.0. New best score: 0.625
Metric val_auc_epoch improved by 0.004 >= min_delta = 0.0. New best score: 0.629
Metric val_auc_epoch improved by 0.001 >= min_delta = 0.0. New best score: 0.630
Metric val_auc_epoch improved by 0.001 >= min_delta = 0.0. New best score: 0.631
Monitored metric val_auc_epoch did not improve in the last 5 records. Best score: 0.631. Signaling Trainer to stop.
Restoring states from the checkpoint path at /home/eng/shilo_avital/yolo_lab/walk_to_paint/checkpoints/trial_221-epoch=08-val_auc_epoch=0.6309.ckpt
LOCAL_RANK: 0 - CUDA_VISIBLE_DEVICES: [3]
Loaded model weights from the checkpoint at /home/eng/shilo_avital/yolo_lab/walk_to_paint/checkpoints/trial_221-epoch=08-val_auc_epoch=0.6309.ckpt
/home/eng/shilo_avital/yolo_lab/walk_to_paint/.venv/lib64/python3.9/site-packages/pytorch_lightning/trainer/connectors/data_connector.py:425: The 'val_dataloader' does not have many workers which may be a bottleneck. Consider increasing the value of the `num_workers` argument` to `num_workers=127` in the `DataLoader` to improve performance.
────────────────────────────────────────────────────────────────────────────────────────────────────────────────────────
     Validate metric           DataLoader 0
────────────────────────────────────────────────────────────────────────────────────────────────────────────────────────
      val_acc_epoch          0.598599910736084
      val_auc_epoch         0.6309078931808472
      val_f1_epoch          0.5887367725372314
        val_loss            1.2644143104553223
────────────────────────────────────────────────────────────────────────────────────────────────────────────────────────
✅ Trial 221 completed - Val AUC: 0.6309
[I 2025-08-22 22:57:23,815] Trial 221 finished with value: -0.6309078931808472 and parameters: {'dataset.max_walk_length': 79, 'dataset.num_walks': 225182, 'training.lr': 0.0008208829193542514, 'training.weight_decay': 0.0028876997375931125, 'training.batch_size': 64, 'training.gradient_clip_val': 0.5551782572745194, 'training.early_stopping_patience': 5, 'model.nhead_emb_combo': 21, 'model.hidden_dim': 16, 'model.nlayers': 5, 'model.dropout': 0.6151759044335047, 'training.epochs': 26}. Best is trial 219 with value: -0.6563096642494202.
/home/eng/shilo_avital/yolo_lab/walk_to_paint/optuna_run.py:147: FutureWarning: suggest_loguniform has been deprecated in v3.0.0. This feature will be removed in v6.0.0. See https://github.com/optuna/optuna/releases/tag/v3.0.0. Use suggest_float(..., log=True) instead.
  cfg.training.lr = trial.suggest_loguniform("training.lr", 1e-5, 1e-1)
/home/eng/shilo_avital/yolo_lab/walk_to_paint/optuna_run.py:148: FutureWarning: suggest_loguniform has been deprecated in v3.0.0. This feature will be removed in v6.0.0. See https://github.com/optuna/optuna/releases/tag/v3.0.0. Use suggest_float(..., log=True) instead.
  cfg.training.weight_decay = trial.suggest_loguniform(

🔬 Trial 222 hyperparameters:
  Walk length: 80, Num walks: 221,451
  LR: 1.09e-03, Batch size: 64
  Model: emb_dim=64, hidden_dim=16
  Transformer: 5 layers, 8 heads
  Epochs: 26, Weighted loss: True
Loading bitcoin-alpha-binary dataset...
Success! ✅
Splitting edges for bitcoin-alpha-binary dataset...
Success! ✅
Sampling random walks from bitcoin-alpha-binary dataset...
Success! ✅
Building tokenizer for bitcoin-alpha-binary dataset...
Success! ✅
Padding and building stage tensors for bitcoin-alpha-binary dataset...
Success! ✅
Creating DataLoaders for bitcoin-alpha-binary dataset...
Success! ✅
GPU available: True (cuda), used: True
TPU available: False, using: 0 TPU cores
HPU available: False, using: 0 HPUs
/home/eng/shilo_avital/yolo_lab/walk_to_paint/.venv/lib64/python3.9/site-packages/pytorch_lightning/callbacks/model_checkpoint.py:658: Checkpoint directory /home/eng/shilo_avital/yolo_lab/walk_to_paint/checkpoints exists and is not empty.
LOCAL_RANK: 0 - CUDA_VISIBLE_DEVICES: [3]
/home/eng/shilo_avital/yolo_lab/walk_to_paint/.venv/lib64/python3.9/site-packages/pytorch_lightning/trainer/connectors/data_connector.py:425: The 'val_dataloader' does not have many workers which may be a bottleneck. Consider increasing the value of the `num_workers` argument` to `num_workers=127` in the `DataLoader` to improve performance.
/home/eng/shilo_avital/yolo_lab/walk_to_paint/.venv/lib64/python3.9/site-packages/pytorch_lightning/trainer/connectors/data_connector.py:425: The 'train_dataloader' does not have many workers which may be a bottleneck. Consider increasing the value of the `num_workers` argument` to `num_workers=127` in the `DataLoader` to improve performance.
Metric val_auc_epoch improved. New best score: 0.537
Metric val_auc_epoch improved by 0.001 >= min_delta = 0.0. New best score: 0.537
Metric val_auc_epoch improved by 0.026 >= min_delta = 0.0. New best score: 0.563
Metric val_auc_epoch improved by 0.050 >= min_delta = 0.0. New best score: 0.613
Metric val_auc_epoch improved by 0.008 >= min_delta = 0.0. New best score: 0.622
Metric val_auc_epoch improved by 0.003 >= min_delta = 0.0. New best score: 0.625
Metric val_auc_epoch improved by 0.003 >= min_delta = 0.0. New best score: 0.627
Metric val_auc_epoch improved by 0.003 >= min_delta = 0.0. New best score: 0.630
Monitored metric val_auc_epoch did not improve in the last 5 records. Best score: 0.630. Signaling Trainer to stop.
Restoring states from the checkpoint path at /home/eng/shilo_avital/yolo_lab/walk_to_paint/checkpoints/trial_222-epoch=08-val_auc_epoch=0.6304.ckpt
LOCAL_RANK: 0 - CUDA_VISIBLE_DEVICES: [3]
Loaded model weights from the checkpoint at /home/eng/shilo_avital/yolo_lab/walk_to_paint/checkpoints/trial_222-epoch=08-val_auc_epoch=0.6304.ckpt
/home/eng/shilo_avital/yolo_lab/walk_to_paint/.venv/lib64/python3.9/site-packages/pytorch_lightning/trainer/connectors/data_connector.py:425: The 'val_dataloader' does not have many workers which may be a bottleneck. Consider increasing the value of the `num_workers` argument` to `num_workers=127` in the `DataLoader` to improve performance.
────────────────────────────────────────────────────────────────────────────────────────────────────────────────────────
     Validate metric           DataLoader 0
────────────────────────────────────────────────────────────────────────────────────────────────────────────────────────
      val_acc_epoch          0.602154016494751
      val_auc_epoch         0.6304216384887695
      val_f1_epoch           0.601165771484375
        val_loss             1.11202871799469
────────────────────────────────────────────────────────────────────────────────────────────────────────────────────────
✅ Trial 222 completed - Val AUC: 0.6304
[I 2025-08-22 23:11:38,576] Trial 222 finished with value: -0.6304216384887695 and parameters: {'dataset.max_walk_length': 80, 'dataset.num_walks': 221451, 'training.lr': 0.001093948090350528, 'training.weight_decay': 0.002768528550345684, 'training.batch_size': 64, 'training.gradient_clip_val': 0.556549495577711, 'training.early_stopping_patience': 5, 'model.nhead_emb_combo': 21, 'model.hidden_dim': 16, 'model.nlayers': 5, 'model.dropout': 0.6179938107113793, 'training.epochs': 26}. Best is trial 219 with value: -0.6563096642494202.
/home/eng/shilo_avital/yolo_lab/walk_to_paint/optuna_run.py:147: FutureWarning: suggest_loguniform has been deprecated in v3.0.0. This feature will be removed in v6.0.0. See https://github.com/optuna/optuna/releases/tag/v3.0.0. Use suggest_float(..., log=True) instead.
  cfg.training.lr = trial.suggest_loguniform("training.lr", 1e-5, 1e-1)
/home/eng/shilo_avital/yolo_lab/walk_to_paint/optuna_run.py:148: FutureWarning: suggest_loguniform has been deprecated in v3.0.0. This feature will be removed in v6.0.0. See https://github.com/optuna/optuna/releases/tag/v3.0.0. Use suggest_float(..., log=True) instead.
  cfg.training.weight_decay = trial.suggest_loguniform(

🔬 Trial 223 hyperparameters:
  Walk length: 80, Num walks: 223,049
  LR: 1.03e-03, Batch size: 64
  Model: emb_dim=64, hidden_dim=16
  Transformer: 5 layers, 8 heads
  Epochs: 26, Weighted loss: True
Loading bitcoin-alpha-binary dataset...
Success! ✅
Splitting edges for bitcoin-alpha-binary dataset...
Success! ✅
Sampling random walks from bitcoin-alpha-binary dataset...
Success! ✅
Building tokenizer for bitcoin-alpha-binary dataset...
Success! ✅
Padding and building stage tensors for bitcoin-alpha-binary dataset...
Success! ✅
Creating DataLoaders for bitcoin-alpha-binary dataset...
Success! ✅
GPU available: True (cuda), used: True
TPU available: False, using: 0 TPU cores
HPU available: False, using: 0 HPUs
/home/eng/shilo_avital/yolo_lab/walk_to_paint/.venv/lib64/python3.9/site-packages/pytorch_lightning/callbacks/model_checkpoint.py:658: Checkpoint directory /home/eng/shilo_avital/yolo_lab/walk_to_paint/checkpoints exists and is not empty.
LOCAL_RANK: 0 - CUDA_VISIBLE_DEVICES: [3]
/home/eng/shilo_avital/yolo_lab/walk_to_paint/.venv/lib64/python3.9/site-packages/pytorch_lightning/trainer/connectors/data_connector.py:425: The 'val_dataloader' does not have many workers which may be a bottleneck. Consider increasing the value of the `num_workers` argument` to `num_workers=127` in the `DataLoader` to improve performance.
/home/eng/shilo_avital/yolo_lab/walk_to_paint/.venv/lib64/python3.9/site-packages/pytorch_lightning/trainer/connectors/data_connector.py:425: The 'train_dataloader' does not have many workers which may be a bottleneck. Consider increasing the value of the `num_workers` argument` to `num_workers=127` in the `DataLoader` to improve performance.
Metric val_auc_epoch improved. New best score: 0.536
Metric val_auc_epoch improved by 0.058 >= min_delta = 0.0. New best score: 0.594
Metric val_auc_epoch improved by 0.022 >= min_delta = 0.0. New best score: 0.616
Metric val_auc_epoch improved by 0.004 >= min_delta = 0.0. New best score: 0.620
Metric val_auc_epoch improved by 0.003 >= min_delta = 0.0. New best score: 0.622
Metric val_auc_epoch improved by 0.003 >= min_delta = 0.0. New best score: 0.625
Monitored metric val_auc_epoch did not improve in the last 5 records. Best score: 0.625. Signaling Trainer to stop.
Restoring states from the checkpoint path at /home/eng/shilo_avital/yolo_lab/walk_to_paint/checkpoints/trial_223-epoch=06-val_auc_epoch=0.6253.ckpt
LOCAL_RANK: 0 - CUDA_VISIBLE_DEVICES: [3]
Loaded model weights from the checkpoint at /home/eng/shilo_avital/yolo_lab/walk_to_paint/checkpoints/trial_223-epoch=06-val_auc_epoch=0.6253.ckpt
/home/eng/shilo_avital/yolo_lab/walk_to_paint/.venv/lib64/python3.9/site-packages/pytorch_lightning/trainer/connectors/data_connector.py:425: The 'val_dataloader' does not have many workers which may be a bottleneck. Consider increasing the value of the `num_workers` argument` to `num_workers=127` in the `DataLoader` to improve performance.
────────────────────────────────────────────────────────────────────────────────────────────────────────────────────────
     Validate metric           DataLoader 0
────────────────────────────────────────────────────────────────────────────────────────────────────────────────────────
      val_acc_epoch         0.5903693437576294
      val_auc_epoch          0.625349223613739
      val_f1_epoch          0.5790901780128479
        val_loss             1.126272201538086
────────────────────────────────────────────────────────────────────────────────────────────────────────────────────────
✅ Trial 223 completed - Val AUC: 0.6253
[I 2025-08-22 23:24:05,368] Trial 223 finished with value: -0.625349223613739 and parameters: {'dataset.max_walk_length': 80, 'dataset.num_walks': 223049, 'training.lr': 0.0010327343537264106, 'training.weight_decay': 0.0027390977657048665, 'training.batch_size': 64, 'training.gradient_clip_val': 0.5591301354731385, 'training.early_stopping_patience': 5, 'model.nhead_emb_combo': 21, 'model.hidden_dim': 16, 'model.nlayers': 5, 'model.dropout': 0.6081574761673626, 'training.epochs': 26}. Best is trial 219 with value: -0.6563096642494202.
/home/eng/shilo_avital/yolo_lab/walk_to_paint/optuna_run.py:147: FutureWarning: suggest_loguniform has been deprecated in v3.0.0. This feature will be removed in v6.0.0. See https://github.com/optuna/optuna/releases/tag/v3.0.0. Use suggest_float(..., log=True) instead.
  cfg.training.lr = trial.suggest_loguniform("training.lr", 1e-5, 1e-1)
/home/eng/shilo_avital/yolo_lab/walk_to_paint/optuna_run.py:148: FutureWarning: suggest_loguniform has been deprecated in v3.0.0. This feature will be removed in v6.0.0. See https://github.com/optuna/optuna/releases/tag/v3.0.0. Use suggest_float(..., log=True) instead.
  cfg.training.weight_decay = trial.suggest_loguniform(

🔬 Trial 224 hyperparameters:
  Walk length: 80, Num walks: 227,148
  LR: 1.12e-03, Batch size: 64
  Model: emb_dim=64, hidden_dim=16
  Transformer: 5 layers, 8 heads
  Epochs: 26, Weighted loss: True
Loading bitcoin-alpha-binary dataset...
Success! ✅
Splitting edges for bitcoin-alpha-binary dataset...
Success! ✅
Sampling random walks from bitcoin-alpha-binary dataset...
Success! ✅
Building tokenizer for bitcoin-alpha-binary dataset...
Success! ✅
Padding and building stage tensors for bitcoin-alpha-binary dataset...
Success! ✅
Creating DataLoaders for bitcoin-alpha-binary dataset...
Success! ✅
GPU available: True (cuda), used: True
TPU available: False, using: 0 TPU cores
HPU available: False, using: 0 HPUs
/home/eng/shilo_avital/yolo_lab/walk_to_paint/.venv/lib64/python3.9/site-packages/pytorch_lightning/callbacks/model_checkpoint.py:658: Checkpoint directory /home/eng/shilo_avital/yolo_lab/walk_to_paint/checkpoints exists and is not empty.
LOCAL_RANK: 0 - CUDA_VISIBLE_DEVICES: [3]
/home/eng/shilo_avital/yolo_lab/walk_to_paint/.venv/lib64/python3.9/site-packages/pytorch_lightning/trainer/connectors/data_connector.py:425: The 'val_dataloader' does not have many workers which may be a bottleneck. Consider increasing the value of the `num_workers` argument` to `num_workers=127` in the `DataLoader` to improve performance.
/home/eng/shilo_avital/yolo_lab/walk_to_paint/.venv/lib64/python3.9/site-packages/pytorch_lightning/trainer/connectors/data_connector.py:425: The 'train_dataloader' does not have many workers which may be a bottleneck. Consider increasing the value of the `num_workers` argument` to `num_workers=127` in the `DataLoader` to improve performance.
Metric val_auc_epoch improved. New best score: 0.534
Metric val_auc_epoch improved by 0.051 >= min_delta = 0.0. New best score: 0.585
Metric val_auc_epoch improved by 0.020 >= min_delta = 0.0. New best score: 0.604
Metric val_auc_epoch improved by 0.010 >= min_delta = 0.0. New best score: 0.614
Metric val_auc_epoch improved by 0.002 >= min_delta = 0.0. New best score: 0.616
Metric val_auc_epoch improved by 0.003 >= min_delta = 0.0. New best score: 0.619
Metric val_auc_epoch improved by 0.001 >= min_delta = 0.0. New best score: 0.620
Monitored metric val_auc_epoch did not improve in the last 5 records. Best score: 0.620. Signaling Trainer to stop.
Restoring states from the checkpoint path at /home/eng/shilo_avital/yolo_lab/walk_to_paint/checkpoints/trial_224-epoch=08-val_auc_epoch=0.6199.ckpt
LOCAL_RANK: 0 - CUDA_VISIBLE_DEVICES: [3]
Loaded model weights from the checkpoint at /home/eng/shilo_avital/yolo_lab/walk_to_paint/checkpoints/trial_224-epoch=08-val_auc_epoch=0.6199.ckpt
/home/eng/shilo_avital/yolo_lab/walk_to_paint/.venv/lib64/python3.9/site-packages/pytorch_lightning/trainer/connectors/data_connector.py:425: The 'val_dataloader' does not have many workers which may be a bottleneck. Consider increasing the value of the `num_workers` argument` to `num_workers=127` in the `DataLoader` to improve performance.
────────────────────────────────────────────────────────────────────────────────────────────────────────────────────────
     Validate metric           DataLoader 0
────────────────────────────────────────────────────────────────────────────────────────────────────────────────────────
      val_acc_epoch         0.5909754037857056
      val_auc_epoch         0.6199275255203247
      val_f1_epoch          0.5871906876564026
        val_loss             1.326415777206421
────────────────────────────────────────────────────────────────────────────────────────────────────────────────────────
✅ Trial 224 completed - Val AUC: 0.6199
