[I 2025-08-23 16:21:04,048] Trial 274 finished with value: -0.6301068067550659 and parameters: {'dataset.max_walk_length': 83, 'dataset.num_walks': 332661, 'training.lr': 0.0007600830476206282, 'training.weight_decay': 0.008859635207789563, 'training.batch_size': 64, 'training.gradient_clip_val': 0.504065043411687, 'training.early_stopping_patience': 5, 'model.nhead_emb_combo': 22, 'model.hidden_dim': 16, 'model.nlayers': 5, 'model.dropout': 0.6344686079797686, 'training.epochs': 25}. Best is trial 229 with value: -0.6563454866409302.
/home/eng/shilo_avital/yolo_lab/walk_to_paint/optuna_run.py:147: FutureWarning: suggest_loguniform has been deprecated in v3.0.0. This feature will be removed in v6.0.0. See https://github.com/optuna/optuna/releases/tag/v3.0.0. Use suggest_float(..., log=True) instead.
  cfg.training.lr = trial.suggest_loguniform("training.lr", 1e-5, 1e-1)
/home/eng/shilo_avital/yolo_lab/walk_to_paint/optuna_run.py:148: FutureWarning: suggest_loguniform has been deprecated in v3.0.0. This feature will be removed in v6.0.0. See https://github.com/optuna/optuna/releases/tag/v3.0.0. Use suggest_float(..., log=True) instead.
  cfg.training.weight_decay = trial.suggest_loguniform(

🔬 Trial 275 hyperparameters:
  Walk length: 83, Num walks: 333,738
  LR: 7.95e-04, Batch size: 64
  Model: emb_dim=128, hidden_dim=16
  Transformer: 5 layers, 8 heads
  Epochs: 25, Weighted loss: True
Loading bitcoin-alpha-binary dataset...
Success! ✅
Splitting edges for bitcoin-alpha-binary dataset...
Success! ✅
Sampling random walks from bitcoin-alpha-binary dataset...
Success! ✅
Building tokenizer for bitcoin-alpha-binary dataset...
Success! ✅
Padding and building stage tensors for bitcoin-alpha-binary dataset...
Success! ✅
Creating DataLoaders for bitcoin-alpha-binary dataset...
Success! ✅
GPU available: True (cuda), used: True
TPU available: False, using: 0 TPU cores
HPU available: False, using: 0 HPUs
/home/eng/shilo_avital/yolo_lab/walk_to_paint/.venv/lib64/python3.9/site-packages/pytorch_lightning/callbacks/model_checkpoint.py:658: Checkpoint directory /home/eng/shilo_avital/yolo_lab/walk_to_paint/checkpoints exists and is not empty.
LOCAL_RANK: 0 - CUDA_VISIBLE_DEVICES: [3]
/home/eng/shilo_avital/yolo_lab/walk_to_paint/.venv/lib64/python3.9/site-packages/pytorch_lightning/trainer/connectors/data_connector.py:425: The 'val_dataloader' does not have many workers which may be a bottleneck. Consider increasing the value of the `num_workers` argument` to `num_workers=127` in the `DataLoader` to improve performance.
/home/eng/shilo_avital/yolo_lab/walk_to_paint/.venv/lib64/python3.9/site-packages/pytorch_lightning/trainer/connectors/data_connector.py:425: The 'train_dataloader' does not have many workers which may be a bottleneck. Consider increasing the value of the `num_workers` argument` to `num_workers=127` in the `DataLoader` to improve performance.
Metric val_auc_epoch improved. New best score: 0.538
Metric val_auc_epoch improved by 0.002 >= min_delta = 0.0. New best score: 0.540
Metric val_auc_epoch improved by 0.014 >= min_delta = 0.0. New best score: 0.553
Metric val_auc_epoch improved by 0.007 >= min_delta = 0.0. New best score: 0.560
Metric val_auc_epoch improved by 0.007 >= min_delta = 0.0. New best score: 0.567
Metric val_auc_epoch improved by 0.002 >= min_delta = 0.0. New best score: 0.569
Metric val_auc_epoch improved by 0.055 >= min_delta = 0.0. New best score: 0.624
Metric val_auc_epoch improved by 0.005 >= min_delta = 0.0. New best score: 0.629
Monitored metric val_auc_epoch did not improve in the last 5 records. Best score: 0.629. Signaling Trainer to stop.
Restoring states from the checkpoint path at /home/eng/shilo_avital/yolo_lab/walk_to_paint/checkpoints/trial_275-epoch=09-val_auc_epoch=0.6293.ckpt
LOCAL_RANK: 0 - CUDA_VISIBLE_DEVICES: [3]
Loaded model weights from the checkpoint at /home/eng/shilo_avital/yolo_lab/walk_to_paint/checkpoints/trial_275-epoch=09-val_auc_epoch=0.6293.ckpt
/home/eng/shilo_avital/yolo_lab/walk_to_paint/.venv/lib64/python3.9/site-packages/pytorch_lightning/trainer/connectors/data_connector.py:425: The 'val_dataloader' does not have many workers which may be a bottleneck. Consider increasing the value of the `num_workers` argument` to `num_workers=127` in the `DataLoader` to improve performance.
────────────────────────────────────────────────────────────────────────────────────────────────────────────────────────
     Validate metric           DataLoader 0
────────────────────────────────────────────────────────────────────────────────────────────────────────────────────────
      val_acc_epoch         0.6027956604957581
      val_auc_epoch         0.6292651891708374
      val_f1_epoch          0.6010593771934509
        val_loss             2.043447732925415
────────────────────────────────────────────────────────────────────────────────────────────────────────────────────────
✅ Trial 275 completed - Val AUC: 0.6293
[I 2025-08-23 16:45:11,250] Trial 275 finished with value: -0.6292651891708374 and parameters: {'dataset.max_walk_length': 83, 'dataset.num_walks': 333738, 'training.lr': 0.0007950804086671832, 'training.weight_decay': 0.008316512217165064, 'training.batch_size': 64, 'training.gradient_clip_val': 0.3616616311594857, 'training.early_stopping_patience': 5, 'model.nhead_emb_combo': 22, 'model.hidden_dim': 16, 'model.nlayers': 5, 'model.dropout': 0.6456402517898573, 'training.epochs': 25}. Best is trial 229 with value: -0.6563454866409302.
🧹 Cleaning up old checkpoints and logs (keeping top 10)...
  Removed old checkpoint: trial_265-epoch=00-val_auc_epoch=0.5370.ckpt
  Removed old checkpoint: trial_264-epoch=16-val_auc_epoch=0.6079.ckpt
  Removed old checkpoint: trial_263-epoch=21-val_auc_epoch=0.6222.ckpt
  Removed old checkpoint: trial_262-epoch=07-val_auc_epoch=0.6094.ckpt
  Removed old checkpoint: trial_261-epoch=21-val_auc_epoch=0.6079.ckpt
  Removed old log dir: trial_265
  Removed old log dir: trial_264
  Removed old log dir: trial_263
  Removed old log dir: trial_262
  Removed old log dir: trial_261
/home/eng/shilo_avital/yolo_lab/walk_to_paint/optuna_run.py:147: FutureWarning: suggest_loguniform has been deprecated in v3.0.0. This feature will be removed in v6.0.0. See https://github.com/optuna/optuna/releases/tag/v3.0.0. Use suggest_float(..., log=True) instead.
  cfg.training.lr = trial.suggest_loguniform("training.lr", 1e-5, 1e-1)
/home/eng/shilo_avital/yolo_lab/walk_to_paint/optuna_run.py:148: FutureWarning: suggest_loguniform has been deprecated in v3.0.0. This feature will be removed in v6.0.0. See https://github.com/optuna/optuna/releases/tag/v3.0.0. Use suggest_float(..., log=True) instead.
  cfg.training.weight_decay = trial.suggest_loguniform(

🔬 Trial 276 hyperparameters:
  Walk length: 83, Num walks: 384,257
  LR: 4.50e-04, Batch size: 64
  Model: emb_dim=128, hidden_dim=16
  Transformer: 5 layers, 8 heads
  Epochs: 25, Weighted loss: True
Loading bitcoin-alpha-binary dataset...
Success! ✅
Splitting edges for bitcoin-alpha-binary dataset...
Success! ✅
Sampling random walks from bitcoin-alpha-binary dataset...
Success! ✅
Building tokenizer for bitcoin-alpha-binary dataset...
Success! ✅
Padding and building stage tensors for bitcoin-alpha-binary dataset...
Success! ✅
Creating DataLoaders for bitcoin-alpha-binary dataset...
Success! ✅
GPU available: True (cuda), used: True
TPU available: False, using: 0 TPU cores
HPU available: False, using: 0 HPUs
/home/eng/shilo_avital/yolo_lab/walk_to_paint/.venv/lib64/python3.9/site-packages/pytorch_lightning/callbacks/model_checkpoint.py:658: Checkpoint directory /home/eng/shilo_avital/yolo_lab/walk_to_paint/checkpoints exists and is not empty.
LOCAL_RANK: 0 - CUDA_VISIBLE_DEVICES: [3]
/home/eng/shilo_avital/yolo_lab/walk_to_paint/.venv/lib64/python3.9/site-packages/pytorch_lightning/trainer/connectors/data_connector.py:425: The 'val_dataloader' does not have many workers which may be a bottleneck. Consider increasing the value of the `num_workers` argument` to `num_workers=127` in the `DataLoader` to improve performance.
/home/eng/shilo_avital/yolo_lab/walk_to_paint/.venv/lib64/python3.9/site-packages/pytorch_lightning/trainer/connectors/data_connector.py:425: The 'train_dataloader' does not have many workers which may be a bottleneck. Consider increasing the value of the `num_workers` argument` to `num_workers=127` in the `DataLoader` to improve performance.
Metric val_auc_epoch improved. New best score: 0.528
Metric val_auc_epoch improved by 0.008 >= min_delta = 0.0. New best score: 0.537
Metric val_auc_epoch improved by 0.051 >= min_delta = 0.0. New best score: 0.587
Metric val_auc_epoch improved by 0.034 >= min_delta = 0.0. New best score: 0.621
Metric val_auc_epoch improved by 0.004 >= min_delta = 0.0. New best score: 0.625
Metric val_auc_epoch improved by 0.003 >= min_delta = 0.0. New best score: 0.628
Metric val_auc_epoch improved by 0.001 >= min_delta = 0.0. New best score: 0.630
Monitored metric val_auc_epoch did not improve in the last 5 records. Best score: 0.630. Signaling Trainer to stop.
Restoring states from the checkpoint path at /home/eng/shilo_avital/yolo_lab/walk_to_paint/checkpoints/trial_276-epoch=06-val_auc_epoch=0.6296.ckpt
LOCAL_RANK: 0 - CUDA_VISIBLE_DEVICES: [3]
Loaded model weights from the checkpoint at /home/eng/shilo_avital/yolo_lab/walk_to_paint/checkpoints/trial_276-epoch=06-val_auc_epoch=0.6296.ckpt
/home/eng/shilo_avital/yolo_lab/walk_to_paint/.venv/lib64/python3.9/site-packages/pytorch_lightning/trainer/connectors/data_connector.py:425: The 'val_dataloader' does not have many workers which may be a bottleneck. Consider increasing the value of the `num_workers` argument` to `num_workers=127` in the `DataLoader` to improve performance.
────────────────────────────────────────────────────────────────────────────────────────────────────────────────────────
     Validate metric           DataLoader 0
────────────────────────────────────────────────────────────────────────────────────────────────────────────────────────
      val_acc_epoch         0.6003526449203491
      val_auc_epoch         0.6295672655105591
      val_f1_epoch          0.5895559787750244
        val_loss            1.6578950881958008
────────────────────────────────────────────────────────────────────────────────────────────────────────────────────────
✅ Trial 276 completed - Val AUC: 0.6296
[I 2025-08-23 17:07:48,254] Trial 276 finished with value: -0.6295672655105591 and parameters: {'dataset.max_walk_length': 83, 'dataset.num_walks': 384257, 'training.lr': 0.00045003113200348143, 'training.weight_decay': 0.007694335737228045, 'training.batch_size': 64, 'training.gradient_clip_val': 0.35720330290489555, 'training.early_stopping_patience': 5, 'model.nhead_emb_combo': 22, 'model.hidden_dim': 16, 'model.nlayers': 5, 'model.dropout': 0.6749978037438382, 'training.epochs': 25}. Best is trial 229 with value: -0.6563454866409302.
/home/eng/shilo_avital/yolo_lab/walk_to_paint/optuna_run.py:147: FutureWarning: suggest_loguniform has been deprecated in v3.0.0. This feature will be removed in v6.0.0. See https://github.com/optuna/optuna/releases/tag/v3.0.0. Use suggest_float(..., log=True) instead.
  cfg.training.lr = trial.suggest_loguniform("training.lr", 1e-5, 1e-1)
/home/eng/shilo_avital/yolo_lab/walk_to_paint/optuna_run.py:148: FutureWarning: suggest_loguniform has been deprecated in v3.0.0. This feature will be removed in v6.0.0. See https://github.com/optuna/optuna/releases/tag/v3.0.0. Use suggest_float(..., log=True) instead.
  cfg.training.weight_decay = trial.suggest_loguniform(

🔬 Trial 277 hyperparameters:
  Walk length: 82, Num walks: 367,892
  LR: 4.54e-04, Batch size: 64
  Model: emb_dim=128, hidden_dim=16
  Transformer: 5 layers, 8 heads
  Epochs: 25, Weighted loss: True
Loading bitcoin-alpha-binary dataset...
Success! ✅
Splitting edges for bitcoin-alpha-binary dataset...
Success! ✅
Sampling random walks from bitcoin-alpha-binary dataset...
Success! ✅
Building tokenizer for bitcoin-alpha-binary dataset...
Success! ✅
Padding and building stage tensors for bitcoin-alpha-binary dataset...
Success! ✅
Creating DataLoaders for bitcoin-alpha-binary dataset...
Success! ✅
GPU available: True (cuda), used: True
TPU available: False, using: 0 TPU cores
HPU available: False, using: 0 HPUs
/home/eng/shilo_avital/yolo_lab/walk_to_paint/.venv/lib64/python3.9/site-packages/pytorch_lightning/callbacks/model_checkpoint.py:658: Checkpoint directory /home/eng/shilo_avital/yolo_lab/walk_to_paint/checkpoints exists and is not empty.
LOCAL_RANK: 0 - CUDA_VISIBLE_DEVICES: [3]
/home/eng/shilo_avital/yolo_lab/walk_to_paint/.venv/lib64/python3.9/site-packages/pytorch_lightning/trainer/connectors/data_connector.py:425: The 'val_dataloader' does not have many workers which may be a bottleneck. Consider increasing the value of the `num_workers` argument` to `num_workers=127` in the `DataLoader` to improve performance.
/home/eng/shilo_avital/yolo_lab/walk_to_paint/.venv/lib64/python3.9/site-packages/pytorch_lightning/trainer/connectors/data_connector.py:425: The 'train_dataloader' does not have many workers which may be a bottleneck. Consider increasing the value of the `num_workers` argument` to `num_workers=127` in the `DataLoader` to improve performance.
Metric val_auc_epoch improved. New best score: 0.545
Metric val_auc_epoch improved by 0.008 >= min_delta = 0.0. New best score: 0.553
Metric val_auc_epoch improved by 0.087 >= min_delta = 0.0. New best score: 0.640
Metric val_auc_epoch improved by 0.006 >= min_delta = 0.0. New best score: 0.647
Metric val_auc_epoch improved by 0.002 >= min_delta = 0.0. New best score: 0.648
Metric val_auc_epoch improved by 0.002 >= min_delta = 0.0. New best score: 0.650
Metric val_auc_epoch improved by 0.001 >= min_delta = 0.0. New best score: 0.651
Metric val_auc_epoch improved by 0.000 >= min_delta = 0.0. New best score: 0.651
Metric val_auc_epoch improved by 0.000 >= min_delta = 0.0. New best score: 0.651
Monitored metric val_auc_epoch did not improve in the last 6 records. Best score: 0.651. Signaling Trainer to stop.
Restoring states from the checkpoint path at /home/eng/shilo_avital/yolo_lab/walk_to_paint/checkpoints/trial_277-epoch=11-val_auc_epoch=0.6511.ckpt
LOCAL_RANK: 0 - CUDA_VISIBLE_DEVICES: [3]
Loaded model weights from the checkpoint at /home/eng/shilo_avital/yolo_lab/walk_to_paint/checkpoints/trial_277-epoch=11-val_auc_epoch=0.6511.ckpt
/home/eng/shilo_avital/yolo_lab/walk_to_paint/.venv/lib64/python3.9/site-packages/pytorch_lightning/trainer/connectors/data_connector.py:425: The 'val_dataloader' does not have many workers which may be a bottleneck. Consider increasing the value of the `num_workers` argument` to `num_workers=127` in the `DataLoader` to improve performance.
────────────────────────────────────────────────────────────────────────────────────────────────────────────────────────
     Validate metric           DataLoader 0
────────────────────────────────────────────────────────────────────────────────────────────────────────────────────────
      val_acc_epoch          0.606981635093689
      val_auc_epoch         0.6511405110359192
      val_f1_epoch          0.6075867414474487
        val_loss            2.2111120223999023
────────────────────────────────────────────────────────────────────────────────────────────────────────────────────────
✅ Trial 277 completed - Val AUC: 0.6511
[I 2025-08-23 17:39:24,300] Trial 277 finished with value: -0.6511405110359192 and parameters: {'dataset.max_walk_length': 82, 'dataset.num_walks': 367892, 'training.lr': 0.00045371467926410446, 'training.weight_decay': 0.010663058807421659, 'training.batch_size': 64, 'training.gradient_clip_val': 0.35358353317429425, 'training.early_stopping_patience': 6, 'model.nhead_emb_combo': 22, 'model.hidden_dim': 16, 'model.nlayers': 5, 'model.dropout': 0.6739674142120734, 'training.epochs': 25}. Best is trial 229 with value: -0.6563454866409302.
/home/eng/shilo_avital/yolo_lab/walk_to_paint/optuna_run.py:147: FutureWarning: suggest_loguniform has been deprecated in v3.0.0. This feature will be removed in v6.0.0. See https://github.com/optuna/optuna/releases/tag/v3.0.0. Use suggest_float(..., log=True) instead.
  cfg.training.lr = trial.suggest_loguniform("training.lr", 1e-5, 1e-1)
/home/eng/shilo_avital/yolo_lab/walk_to_paint/optuna_run.py:148: FutureWarning: suggest_loguniform has been deprecated in v3.0.0. This feature will be removed in v6.0.0. See https://github.com/optuna/optuna/releases/tag/v3.0.0. Use suggest_float(..., log=True) instead.
  cfg.training.weight_decay = trial.suggest_loguniform(

🔬 Trial 278 hyperparameters:
  Walk length: 82, Num walks: 389,159
  LR: 5.07e-04, Batch size: 64
  Model: emb_dim=16, hidden_dim=16
  Transformer: 5 layers, 16 heads
  Epochs: 25, Weighted loss: True
Loading bitcoin-alpha-binary dataset...
Success! ✅
Splitting edges for bitcoin-alpha-binary dataset...
Success! ✅
Sampling random walks from bitcoin-alpha-binary dataset...
Success! ✅
Building tokenizer for bitcoin-alpha-binary dataset...
Success! ✅
Padding and building stage tensors for bitcoin-alpha-binary dataset...
Success! ✅
Creating DataLoaders for bitcoin-alpha-binary dataset...
Success! ✅
GPU available: True (cuda), used: True
TPU available: False, using: 0 TPU cores
HPU available: False, using: 0 HPUs
/home/eng/shilo_avital/yolo_lab/walk_to_paint/.venv/lib64/python3.9/site-packages/pytorch_lightning/callbacks/model_checkpoint.py:658: Checkpoint directory /home/eng/shilo_avital/yolo_lab/walk_to_paint/checkpoints exists and is not empty.
LOCAL_RANK: 0 - CUDA_VISIBLE_DEVICES: [3]
/home/eng/shilo_avital/yolo_lab/walk_to_paint/.venv/lib64/python3.9/site-packages/pytorch_lightning/trainer/connectors/data_connector.py:425: The 'val_dataloader' does not have many workers which may be a bottleneck. Consider increasing the value of the `num_workers` argument` to `num_workers=127` in the `DataLoader` to improve performance.
/home/eng/shilo_avital/yolo_lab/walk_to_paint/.venv/lib64/python3.9/site-packages/pytorch_lightning/trainer/connectors/data_connector.py:425: The 'train_dataloader' does not have many workers which may be a bottleneck. Consider increasing the value of the `num_workers` argument` to `num_workers=127` in the `DataLoader` to improve performance.
Metric val_auc_epoch improved. New best score: 0.537
Monitored metric val_auc_epoch did not improve in the last 6 records. Best score: 0.537. Signaling Trainer to stop.
Restoring states from the checkpoint path at /home/eng/shilo_avital/yolo_lab/walk_to_paint/checkpoints/trial_278-epoch=00-val_auc_epoch=0.5368.ckpt
LOCAL_RANK: 0 - CUDA_VISIBLE_DEVICES: [3]
Loaded model weights from the checkpoint at /home/eng/shilo_avital/yolo_lab/walk_to_paint/checkpoints/trial_278-epoch=00-val_auc_epoch=0.5368.ckpt
/home/eng/shilo_avital/yolo_lab/walk_to_paint/.venv/lib64/python3.9/site-packages/pytorch_lightning/trainer/connectors/data_connector.py:425: The 'val_dataloader' does not have many workers which may be a bottleneck. Consider increasing the value of the `num_workers` argument` to `num_workers=127` in the `DataLoader` to improve performance.
────────────────────────────────────────────────────────────────────────────────────────────────────────────────────────
     Validate metric           DataLoader 0
────────────────────────────────────────────────────────────────────────────────────────────────────────────────────────
      val_acc_epoch         0.5228753685951233
      val_auc_epoch         0.5368120670318604
      val_f1_epoch          0.5173982977867126
        val_loss            0.7024907469749451
────────────────────────────────────────────────────────────────────────────────────────────────────────────────────────
✅ Trial 278 completed - Val AUC: 0.5368
