[I 2025-08-22 00:49:20,972] Trial 58 finished with value: 0.0 and parameters: {'dataset.max_walk_length': 100, 'dataset.num_walks': 214201, 'training.lr': 2.3173025756043382e-05, 'training.weight_decay': 8.378925006718107e-05, 'training.batch_size': 64, 'training.gradient_clip_val': 0.9235871660337918, 'training.early_stopping_patience': 16, 'model.nhead_emb_combo': 5, 'model.hidden_dim': 16, 'model.nlayers': 3, 'model.dropout': 0.6794039658873807, 'training.epochs': 19}. Best is trial 1 with value: -0.6377121806144714.
/home/eng/shilo_avital/yolo_lab/walk_to_paint/optuna_run.py:147: FutureWarning: suggest_loguniform has been deprecated in v3.0.0. This feature will be removed in v6.0.0. See https://github.com/optuna/optuna/releases/tag/v3.0.0. Use suggest_float(..., log=True) instead.
  cfg.training.lr = trial.suggest_loguniform("training.lr", 1e-5, 1e-1)
/home/eng/shilo_avital/yolo_lab/walk_to_paint/optuna_run.py:148: FutureWarning: suggest_loguniform has been deprecated in v3.0.0. This feature will be removed in v6.0.0. See https://github.com/optuna/optuna/releases/tag/v3.0.0. Use suggest_float(..., log=True) instead.
  cfg.training.weight_decay = trial.suggest_loguniform(

🔬 Trial 59 hyperparameters:
  Walk length: 81, Num walks: 256,503
  LR: 5.76e-05, Batch size: 512
  Model: emb_dim=4, hidden_dim=128
  Transformer: 3 layers, 4 heads
  Epochs: 13, Weighted loss: True
Loading bitcoin-alpha-binary dataset...
Success! ✅
Splitting edges for bitcoin-alpha-binary dataset...
Success! ✅
Sampling random walks from bitcoin-alpha-binary dataset...
Success! ✅
Building tokenizer for bitcoin-alpha-binary dataset...
Success! ✅
Padding and building stage tensors for bitcoin-alpha-binary dataset...
Success! ✅
Creating DataLoaders for bitcoin-alpha-binary dataset...
Success! ✅
GPU available: True (cuda), used: True
TPU available: False, using: 0 TPU cores
HPU available: False, using: 0 HPUs
/home/eng/shilo_avital/yolo_lab/walk_to_paint/.venv/lib64/python3.9/site-packages/pytorch_lightning/callbacks/model_checkpoint.py:658: Checkpoint directory /home/eng/shilo_avital/yolo_lab/walk_to_paint/checkpoints exists and is not empty.
LOCAL_RANK: 0 - CUDA_VISIBLE_DEVICES: [3]
/home/eng/shilo_avital/yolo_lab/walk_to_paint/.venv/lib64/python3.9/site-packages/pytorch_lightning/trainer/connectors/data_connector.py:425: The 'val_dataloader' does not have many workers which may be a bottleneck. Consider increasing the value of the `num_workers` argument` to `num_workers=127` in the `DataLoader` to improve performance.
/home/eng/shilo_avital/yolo_lab/walk_to_paint/.venv/lib64/python3.9/site-packages/pytorch_lightning/trainer/connectors/data_connector.py:425: The 'train_dataloader' does not have many workers which may be a bottleneck. Consider increasing the value of the `num_workers` argument` to `num_workers=127` in the `DataLoader` to improve performance.
Metric val_auc_epoch improved. New best score: 0.499
Metric val_auc_epoch improved by 0.002 >= min_delta = 0.0. New best score: 0.501
Metric val_auc_epoch improved by 0.002 >= min_delta = 0.0. New best score: 0.503
Metric val_auc_epoch improved by 0.001 >= min_delta = 0.0. New best score: 0.504
Metric val_auc_epoch improved by 0.000 >= min_delta = 0.0. New best score: 0.504
Metric val_auc_epoch improved by 0.000 >= min_delta = 0.0. New best score: 0.505
Metric val_auc_epoch improved by 0.001 >= min_delta = 0.0. New best score: 0.506
Metric val_auc_epoch improved by 0.000 >= min_delta = 0.0. New best score: 0.506
Metric val_auc_epoch improved by 0.000 >= min_delta = 0.0. New best score: 0.506
`Trainer.fit` stopped: `max_epochs=13` reached.
Restoring states from the checkpoint path at /home/eng/shilo_avital/yolo_lab/walk_to_paint/checkpoints/trial_59-epoch=09-val_auc_epoch=0.5062.ckpt
LOCAL_RANK: 0 - CUDA_VISIBLE_DEVICES: [3]
Loaded model weights from the checkpoint at /home/eng/shilo_avital/yolo_lab/walk_to_paint/checkpoints/trial_59-epoch=09-val_auc_epoch=0.5062.ckpt
/home/eng/shilo_avital/yolo_lab/walk_to_paint/.venv/lib64/python3.9/site-packages/pytorch_lightning/trainer/connectors/data_connector.py:425: The 'val_dataloader' does not have many workers which may be a bottleneck. Consider increasing the value of the `num_workers` argument` to `num_workers=127` in the `DataLoader` to improve performance.
────────────────────────────────────────────────────────────────────────────────────────────────────────────────────────
     Validate metric           DataLoader 0
────────────────────────────────────────────────────────────────────────────────────────────────────────────────────────
      val_acc_epoch                 0.5
      val_auc_epoch         0.5062332153320312
      val_f1_epoch          0.36421504616737366
        val_loss            0.6932559013366699
────────────────────────────────────────────────────────────────────────────────────────────────────────────────────────
✅ Trial 59 completed - Val AUC: 0.5062
[I 2025-08-22 00:55:34,129] Trial 59 finished with value: -0.5062332153320312 and parameters: {'dataset.max_walk_length': 81, 'dataset.num_walks': 256503, 'training.lr': 5.760112130485355e-05, 'training.weight_decay': 0.0036044873359029252, 'training.batch_size': 512, 'training.gradient_clip_val': 1.7478946823342651, 'training.early_stopping_patience': 12, 'model.nhead_emb_combo': 12, 'model.hidden_dim': 128, 'model.nlayers': 3, 'model.dropout': 0.667177832618411, 'training.epochs': 13}. Best is trial 1 with value: -0.6377121806144714.
/home/eng/shilo_avital/yolo_lab/walk_to_paint/optuna_run.py:147: FutureWarning: suggest_loguniform has been deprecated in v3.0.0. This feature will be removed in v6.0.0. See https://github.com/optuna/optuna/releases/tag/v3.0.0. Use suggest_float(..., log=True) instead.
  cfg.training.lr = trial.suggest_loguniform("training.lr", 1e-5, 1e-1)
/home/eng/shilo_avital/yolo_lab/walk_to_paint/optuna_run.py:148: FutureWarning: suggest_loguniform has been deprecated in v3.0.0. This feature will be removed in v6.0.0. See https://github.com/optuna/optuna/releases/tag/v3.0.0. Use suggest_float(..., log=True) instead.
  cfg.training.weight_decay = trial.suggest_loguniform(

🔬 Trial 60 hyperparameters:
  Walk length: 23, Num walks: 117,149
  LR: 3.63e-05, Batch size: 32
  Model: emb_dim=32, hidden_dim=8
  Transformer: 2 layers, 1 heads
  Epochs: 15, Weighted loss: True
Loading bitcoin-alpha-binary dataset...
Success! ✅
Splitting edges for bitcoin-alpha-binary dataset...
Success! ✅
Sampling random walks from bitcoin-alpha-binary dataset...
Success! ✅
Building tokenizer for bitcoin-alpha-binary dataset...
Success! ✅
Padding and building stage tensors for bitcoin-alpha-binary dataset...
Success! ✅
Creating DataLoaders for bitcoin-alpha-binary dataset...
Success! ✅
/home/eng/shilo_avital/yolo_lab/walk_to_paint/.venv/lib64/python3.9/site-packages/torch/nn/modules/transformer.py:382: UserWarning: enable_nested_tensor is True, but self.use_nested_tensor is False because encoder_layer.self_attn.num_heads is odd
  warnings.warn(
GPU available: True (cuda), used: True
TPU available: False, using: 0 TPU cores
HPU available: False, using: 0 HPUs
/home/eng/shilo_avital/yolo_lab/walk_to_paint/.venv/lib64/python3.9/site-packages/pytorch_lightning/callbacks/model_checkpoint.py:658: Checkpoint directory /home/eng/shilo_avital/yolo_lab/walk_to_paint/checkpoints exists and is not empty.
LOCAL_RANK: 0 - CUDA_VISIBLE_DEVICES: [3]
/home/eng/shilo_avital/yolo_lab/walk_to_paint/.venv/lib64/python3.9/site-packages/pytorch_lightning/trainer/connectors/data_connector.py:425: The 'val_dataloader' does not have many workers which may be a bottleneck. Consider increasing the value of the `num_workers` argument` to `num_workers=127` in the `DataLoader` to improve performance.
/home/eng/shilo_avital/yolo_lab/walk_to_paint/.venv/lib64/python3.9/site-packages/pytorch_lightning/trainer/connectors/data_connector.py:425: The 'train_dataloader' does not have many workers which may be a bottleneck. Consider increasing the value of the `num_workers` argument` to `num_workers=127` in the `DataLoader` to improve performance.
Metric val_auc_epoch improved. New best score: 0.515
Metric val_auc_epoch improved by 0.020 >= min_delta = 0.0. New best score: 0.535
Metric val_auc_epoch improved by 0.018 >= min_delta = 0.0. New best score: 0.552
Metric val_auc_epoch improved by 0.009 >= min_delta = 0.0. New best score: 0.561
Metric val_auc_epoch improved by 0.003 >= min_delta = 0.0. New best score: 0.564
Metric val_auc_epoch improved by 0.001 >= min_delta = 0.0. New best score: 0.566
Monitored metric val_auc_epoch did not improve in the last 7 records. Best score: 0.566. Signaling Trainer to stop.
Restoring states from the checkpoint path at /home/eng/shilo_avital/yolo_lab/walk_to_paint/checkpoints/trial_60-epoch=05-val_auc_epoch=0.5656.ckpt
LOCAL_RANK: 0 - CUDA_VISIBLE_DEVICES: [3]
Loaded model weights from the checkpoint at /home/eng/shilo_avital/yolo_lab/walk_to_paint/checkpoints/trial_60-epoch=05-val_auc_epoch=0.5656.ckpt
/home/eng/shilo_avital/yolo_lab/walk_to_paint/.venv/lib64/python3.9/site-packages/pytorch_lightning/trainer/connectors/data_connector.py:425: The 'val_dataloader' does not have many workers which may be a bottleneck. Consider increasing the value of the `num_workers` argument` to `num_workers=127` in the `DataLoader` to improve performance.
────────────────────────────────────────────────────────────────────────────────────────────────────────────────────────
     Validate metric           DataLoader 0
────────────────────────────────────────────────────────────────────────────────────────────────────────────────────────
      val_acc_epoch          0.546844482421875
      val_auc_epoch         0.5655671954154968
      val_f1_epoch          0.5426652431488037
        val_loss            0.6868700385093689
────────────────────────────────────────────────────────────────────────────────────────────────────────────────────────
✅ Trial 60 completed - Val AUC: 0.5656
[I 2025-08-22 01:03:31,296] Trial 60 finished with value: -0.5655671954154968 and parameters: {'dataset.max_walk_length': 23, 'dataset.num_walks': 117149, 'training.lr': 3.625906365654314e-05, 'training.weight_decay': 0.013040983918182081, 'training.batch_size': 32, 'training.gradient_clip_val': 1.9140773504105641, 'training.early_stopping_patience': 7, 'model.nhead_emb_combo': 3, 'model.hidden_dim': 8, 'model.nlayers': 2, 'model.dropout': 0.5992280604505974, 'training.epochs': 15}. Best is trial 1 with value: -0.6377121806144714.
🧹 Cleaning up old checkpoints and logs (keeping top 10)...
  Removed old checkpoint: trial_50-epoch=01-val_auc_epoch=0.5372.ckpt
  Removed old checkpoint: trial_49-epoch=10-val_auc_epoch=0.5336.ckpt
  Removed old checkpoint: trial_48-epoch=04-val_auc_epoch=0.5649.ckpt
  Removed old checkpoint: trial_47-epoch=15-val_auc_epoch=0.5411.ckpt
  Removed old checkpoint: trial_46-epoch=13-val_auc_epoch=0.5596.ckpt
  Removed old log dir: trial_50
  Removed old log dir: trial_49
  Removed old log dir: trial_48
  Removed old log dir: trial_47
  Removed old log dir: trial_46
/home/eng/shilo_avital/yolo_lab/walk_to_paint/optuna_run.py:147: FutureWarning: suggest_loguniform has been deprecated in v3.0.0. This feature will be removed in v6.0.0. See https://github.com/optuna/optuna/releases/tag/v3.0.0. Use suggest_float(..., log=True) instead.
  cfg.training.lr = trial.suggest_loguniform("training.lr", 1e-5, 1e-1)
/home/eng/shilo_avital/yolo_lab/walk_to_paint/optuna_run.py:148: FutureWarning: suggest_loguniform has been deprecated in v3.0.0. This feature will be removed in v6.0.0. See https://github.com/optuna/optuna/releases/tag/v3.0.0. Use suggest_float(..., log=True) instead.
  cfg.training.weight_decay = trial.suggest_loguniform(

🔬 Trial 61 hyperparameters:
  Walk length: 25, Num walks: 116,894
  LR: 3.21e-05, Batch size: 32
  Model: emb_dim=32, hidden_dim=8
  Transformer: 2 layers, 1 heads
  Epochs: 15, Weighted loss: True
Loading bitcoin-alpha-binary dataset...
Success! ✅
Splitting edges for bitcoin-alpha-binary dataset...
Success! ✅
Sampling random walks from bitcoin-alpha-binary dataset...
Success! ✅
Building tokenizer for bitcoin-alpha-binary dataset...
Success! ✅
Padding and building stage tensors for bitcoin-alpha-binary dataset...
Success! ✅
Creating DataLoaders for bitcoin-alpha-binary dataset...
Success! ✅
/home/eng/shilo_avital/yolo_lab/walk_to_paint/.venv/lib64/python3.9/site-packages/torch/nn/modules/transformer.py:382: UserWarning: enable_nested_tensor is True, but self.use_nested_tensor is False because encoder_layer.self_attn.num_heads is odd
  warnings.warn(
GPU available: True (cuda), used: True
TPU available: False, using: 0 TPU cores
HPU available: False, using: 0 HPUs
/home/eng/shilo_avital/yolo_lab/walk_to_paint/.venv/lib64/python3.9/site-packages/pytorch_lightning/callbacks/model_checkpoint.py:658: Checkpoint directory /home/eng/shilo_avital/yolo_lab/walk_to_paint/checkpoints exists and is not empty.
LOCAL_RANK: 0 - CUDA_VISIBLE_DEVICES: [3]
/home/eng/shilo_avital/yolo_lab/walk_to_paint/.venv/lib64/python3.9/site-packages/pytorch_lightning/trainer/connectors/data_connector.py:425: The 'val_dataloader' does not have many workers which may be a bottleneck. Consider increasing the value of the `num_workers` argument` to `num_workers=127` in the `DataLoader` to improve performance.
/home/eng/shilo_avital/yolo_lab/walk_to_paint/.venv/lib64/python3.9/site-packages/pytorch_lightning/trainer/connectors/data_connector.py:425: The 'train_dataloader' does not have many workers which may be a bottleneck. Consider increasing the value of the `num_workers` argument` to `num_workers=127` in the `DataLoader` to improve performance.
Metric val_auc_epoch improved. New best score: 0.508
Metric val_auc_epoch improved by 0.016 >= min_delta = 0.0. New best score: 0.524
Metric val_auc_epoch improved by 0.013 >= min_delta = 0.0. New best score: 0.537
Metric val_auc_epoch improved by 0.006 >= min_delta = 0.0. New best score: 0.543
Metric val_auc_epoch improved by 0.003 >= min_delta = 0.0. New best score: 0.546
Metric val_auc_epoch improved by 0.001 >= min_delta = 0.0. New best score: 0.547
Metric val_auc_epoch improved by 0.000 >= min_delta = 0.0. New best score: 0.547
Metric val_auc_epoch improved by 0.000 >= min_delta = 0.0. New best score: 0.547
Monitored metric val_auc_epoch did not improve in the last 7 records. Best score: 0.547. Signaling Trainer to stop.
`Trainer.fit` stopped: `max_epochs=15` reached.
Restoring states from the checkpoint path at /home/eng/shilo_avital/yolo_lab/walk_to_paint/checkpoints/trial_61-epoch=07-val_auc_epoch=0.5469.ckpt
LOCAL_RANK: 0 - CUDA_VISIBLE_DEVICES: [3]
Loaded model weights from the checkpoint at /home/eng/shilo_avital/yolo_lab/walk_to_paint/checkpoints/trial_61-epoch=07-val_auc_epoch=0.5469.ckpt
/home/eng/shilo_avital/yolo_lab/walk_to_paint/.venv/lib64/python3.9/site-packages/pytorch_lightning/trainer/connectors/data_connector.py:425: The 'val_dataloader' does not have many workers which may be a bottleneck. Consider increasing the value of the `num_workers` argument` to `num_workers=127` in the `DataLoader` to improve performance.
────────────────────────────────────────────────────────────────────────────────────────────────────────────────────────
     Validate metric           DataLoader 0
────────────────────────────────────────────────────────────────────────────────────────────────────────────────────────
      val_acc_epoch         0.5338680744171143
      val_auc_epoch         0.5468695163726807
      val_f1_epoch          0.5309566259384155
        val_loss            0.6907833814620972
────────────────────────────────────────────────────────────────────────────────────────────────────────────────────────
✅ Trial 61 completed - Val AUC: 0.5469
[I 2025-08-22 01:12:39,926] Trial 61 finished with value: -0.5468695163726807 and parameters: {'dataset.max_walk_length': 25, 'dataset.num_walks': 116894, 'training.lr': 3.206105743744561e-05, 'training.weight_decay': 0.014371115633679227, 'training.batch_size': 32, 'training.gradient_clip_val': 1.920039005299183, 'training.early_stopping_patience': 7, 'model.nhead_emb_combo': 3, 'model.hidden_dim': 8, 'model.nlayers': 2, 'model.dropout': 0.6210931627390757, 'training.epochs': 15}. Best is trial 1 with value: -0.6377121806144714.
/home/eng/shilo_avital/yolo_lab/walk_to_paint/optuna_run.py:147: FutureWarning: suggest_loguniform has been deprecated in v3.0.0. This feature will be removed in v6.0.0. See https://github.com/optuna/optuna/releases/tag/v3.0.0. Use suggest_float(..., log=True) instead.
  cfg.training.lr = trial.suggest_loguniform("training.lr", 1e-5, 1e-1)
/home/eng/shilo_avital/yolo_lab/walk_to_paint/optuna_run.py:148: FutureWarning: suggest_loguniform has been deprecated in v3.0.0. This feature will be removed in v6.0.0. See https://github.com/optuna/optuna/releases/tag/v3.0.0. Use suggest_float(..., log=True) instead.
  cfg.training.weight_decay = trial.suggest_loguniform(

🔬 Trial 62 hyperparameters:
  Walk length: 17, Num walks: 100,846
  LR: 7.23e-05, Batch size: 32
  Model: emb_dim=8, hidden_dim=8
  Transformer: 2 layers, 1 heads
  Epochs: 16, Weighted loss: True
Loading bitcoin-alpha-binary dataset...
Success! ✅
Splitting edges for bitcoin-alpha-binary dataset...
Success! ✅
Sampling random walks from bitcoin-alpha-binary dataset...
Success! ✅
Building tokenizer for bitcoin-alpha-binary dataset...
Success! ✅
Padding and building stage tensors for bitcoin-alpha-binary dataset...
Success! ✅
Creating DataLoaders for bitcoin-alpha-binary dataset...
Success! ✅
/home/eng/shilo_avital/yolo_lab/walk_to_paint/.venv/lib64/python3.9/site-packages/torch/nn/modules/transformer.py:382: UserWarning: enable_nested_tensor is True, but self.use_nested_tensor is False because encoder_layer.self_attn.num_heads is odd
  warnings.warn(
GPU available: True (cuda), used: True
TPU available: False, using: 0 TPU cores
HPU available: False, using: 0 HPUs
/home/eng/shilo_avital/yolo_lab/walk_to_paint/.venv/lib64/python3.9/site-packages/pytorch_lightning/callbacks/model_checkpoint.py:658: Checkpoint directory /home/eng/shilo_avital/yolo_lab/walk_to_paint/checkpoints exists and is not empty.
LOCAL_RANK: 0 - CUDA_VISIBLE_DEVICES: [3]
/home/eng/shilo_avital/yolo_lab/walk_to_paint/.venv/lib64/python3.9/site-packages/pytorch_lightning/trainer/connectors/data_connector.py:425: The 'val_dataloader' does not have many workers which may be a bottleneck. Consider increasing the value of the `num_workers` argument` to `num_workers=127` in the `DataLoader` to improve performance.
/home/eng/shilo_avital/yolo_lab/walk_to_paint/.venv/lib64/python3.9/site-packages/pytorch_lightning/trainer/connectors/data_connector.py:425: The 'train_dataloader' does not have many workers which may be a bottleneck. Consider increasing the value of the `num_workers` argument` to `num_workers=127` in the `DataLoader` to improve performance.
Metric val_auc_epoch improved. New best score: 0.507
Metric val_auc_epoch improved by 0.009 >= min_delta = 0.0. New best score: 0.516
Metric val_auc_epoch improved by 0.012 >= min_delta = 0.0. New best score: 0.528
Metric val_auc_epoch improved by 0.010 >= min_delta = 0.0. New best score: 0.538
Metric val_auc_epoch improved by 0.004 >= min_delta = 0.0. New best score: 0.542
Metric val_auc_epoch improved by 0.003 >= min_delta = 0.0. New best score: 0.545
Metric val_auc_epoch improved by 0.001 >= min_delta = 0.0. New best score: 0.546
Metric val_auc_epoch improved by 0.002 >= min_delta = 0.0. New best score: 0.547
Metric val_auc_epoch improved by 0.001 >= min_delta = 0.0. New best score: 0.548
Metric val_auc_epoch improved by 0.000 >= min_delta = 0.0. New best score: 0.549
Metric val_auc_epoch improved by 0.000 >= min_delta = 0.0. New best score: 0.549
Metric val_auc_epoch improved by 0.000 >= min_delta = 0.0. New best score: 0.549
Metric val_auc_epoch improved by 0.000 >= min_delta = 0.0. New best score: 0.549
Metric val_auc_epoch improved by 0.000 >= min_delta = 0.0. New best score: 0.550
Metric val_auc_epoch improved by 0.000 >= min_delta = 0.0. New best score: 0.550
Metric val_auc_epoch improved by 0.000 >= min_delta = 0.0. New best score: 0.550
`Trainer.fit` stopped: `max_epochs=16` reached.
Restoring states from the checkpoint path at /home/eng/shilo_avital/yolo_lab/walk_to_paint/checkpoints/trial_62-epoch=15-val_auc_epoch=0.5496.ckpt
LOCAL_RANK: 0 - CUDA_VISIBLE_DEVICES: [3]
Loaded model weights from the checkpoint at /home/eng/shilo_avital/yolo_lab/walk_to_paint/checkpoints/trial_62-epoch=15-val_auc_epoch=0.5496.ckpt
/home/eng/shilo_avital/yolo_lab/walk_to_paint/.venv/lib64/python3.9/site-packages/pytorch_lightning/trainer/connectors/data_connector.py:425: The 'val_dataloader' does not have many workers which may be a bottleneck. Consider increasing the value of the `num_workers` argument` to `num_workers=127` in the `DataLoader` to improve performance.
────────────────────────────────────────────────────────────────────────────────────────────────────────────────────────
     Validate metric           DataLoader 0
────────────────────────────────────────────────────────────────────────────────────────────────────────────────────────
      val_acc_epoch         0.5357434153556824
      val_auc_epoch          0.549564778804779
      val_f1_epoch           0.533677339553833
        val_loss            0.6897141337394714
────────────────────────────────────────────────────────────────────────────────────────────────────────────────────────
✅ Trial 62 completed - Val AUC: 0.5496
