[I 2025-08-22 13:10:05,020] Trial 159 finished with value: 0.0 and parameters: {'dataset.max_walk_length': 33, 'dataset.num_walks': 124631, 'training.lr': 2.145589594514284e-05, 'training.weight_decay': 0.001591800709610513, 'training.batch_size': 64, 'training.gradient_clip_val': 1.9680742667397637, 'training.early_stopping_patience': 14, 'model.nhead_emb_combo': 5, 'model.hidden_dim': 16, 'model.nlayers': 2, 'model.dropout': 0.4811840646363227, 'training.epochs': 30}. Best is trial 1 with value: -0.6377121806144714.
/home/eng/shilo_avital/yolo_lab/walk_to_paint/optuna_run.py:147: FutureWarning: suggest_loguniform has been deprecated in v3.0.0. This feature will be removed in v6.0.0. See https://github.com/optuna/optuna/releases/tag/v3.0.0. Use suggest_float(..., log=True) instead.
  cfg.training.lr = trial.suggest_loguniform("training.lr", 1e-5, 1e-1)
/home/eng/shilo_avital/yolo_lab/walk_to_paint/optuna_run.py:148: FutureWarning: suggest_loguniform has been deprecated in v3.0.0. This feature will be removed in v6.0.0. See https://github.com/optuna/optuna/releases/tag/v3.0.0. Use suggest_float(..., log=True) instead.
  cfg.training.weight_decay = trial.suggest_loguniform(

🔬 Trial 160 hyperparameters:
  Walk length: 25, Num walks: 100,331
  LR: 1.44e-05, Batch size: 64
  Model: emb_dim=64, hidden_dim=16
  Transformer: 2 layers, 1 heads
  Epochs: 28, Weighted loss: True
Loading bitcoin-alpha-binary dataset...
Success! ✅
Splitting edges for bitcoin-alpha-binary dataset...
Success! ✅
Sampling random walks from bitcoin-alpha-binary dataset...
Success! ✅
Building tokenizer for bitcoin-alpha-binary dataset...
Success! ✅
Padding and building stage tensors for bitcoin-alpha-binary dataset...
Success! ✅
Creating DataLoaders for bitcoin-alpha-binary dataset...
Success! ✅
/home/eng/shilo_avital/yolo_lab/walk_to_paint/.venv/lib64/python3.9/site-packages/torch/nn/modules/transformer.py:382: UserWarning: enable_nested_tensor is True, but self.use_nested_tensor is False because encoder_layer.self_attn.num_heads is odd
  warnings.warn(
GPU available: True (cuda), used: True
TPU available: False, using: 0 TPU cores
HPU available: False, using: 0 HPUs
/home/eng/shilo_avital/yolo_lab/walk_to_paint/.venv/lib64/python3.9/site-packages/pytorch_lightning/callbacks/model_checkpoint.py:658: Checkpoint directory /home/eng/shilo_avital/yolo_lab/walk_to_paint/checkpoints exists and is not empty.
LOCAL_RANK: 0 - CUDA_VISIBLE_DEVICES: [3]
/home/eng/shilo_avital/yolo_lab/walk_to_paint/.venv/lib64/python3.9/site-packages/pytorch_lightning/trainer/connectors/data_connector.py:425: The 'val_dataloader' does not have many workers which may be a bottleneck. Consider increasing the value of the `num_workers` argument` to `num_workers=127` in the `DataLoader` to improve performance.
/home/eng/shilo_avital/yolo_lab/walk_to_paint/.venv/lib64/python3.9/site-packages/pytorch_lightning/trainer/connectors/data_connector.py:425: The 'train_dataloader' does not have many workers which may be a bottleneck. Consider increasing the value of the `num_workers` argument` to `num_workers=127` in the `DataLoader` to improve performance.
Metric val_auc_epoch improved. New best score: 0.517
Metric val_auc_epoch improved by 0.018 >= min_delta = 0.0. New best score: 0.534
Metric val_auc_epoch improved by 0.014 >= min_delta = 0.0. New best score: 0.548
Metric val_auc_epoch improved by 0.008 >= min_delta = 0.0. New best score: 0.556
Metric val_auc_epoch improved by 0.004 >= min_delta = 0.0. New best score: 0.560
Metric val_auc_epoch improved by 0.003 >= min_delta = 0.0. New best score: 0.563
Metric val_auc_epoch improved by 0.002 >= min_delta = 0.0. New best score: 0.565
Metric val_auc_epoch improved by 0.001 >= min_delta = 0.0. New best score: 0.567
Metric val_auc_epoch improved by 0.001 >= min_delta = 0.0. New best score: 0.568
Metric val_auc_epoch improved by 0.001 >= min_delta = 0.0. New best score: 0.569
Metric val_auc_epoch improved by 0.001 >= min_delta = 0.0. New best score: 0.570
Metric val_auc_epoch improved by 0.001 >= min_delta = 0.0. New best score: 0.570
Metric val_auc_epoch improved by 0.001 >= min_delta = 0.0. New best score: 0.571
Metric val_auc_epoch improved by 0.001 >= min_delta = 0.0. New best score: 0.572
Metric val_auc_epoch improved by 0.001 >= min_delta = 0.0. New best score: 0.572
Metric val_auc_epoch improved by 0.001 >= min_delta = 0.0. New best score: 0.573
Metric val_auc_epoch improved by 0.000 >= min_delta = 0.0. New best score: 0.573
Metric val_auc_epoch improved by 0.000 >= min_delta = 0.0. New best score: 0.574
Metric val_auc_epoch improved by 0.000 >= min_delta = 0.0. New best score: 0.574
Metric val_auc_epoch improved by 0.000 >= min_delta = 0.0. New best score: 0.574
Metric val_auc_epoch improved by 0.000 >= min_delta = 0.0. New best score: 0.574
Metric val_auc_epoch improved by 0.000 >= min_delta = 0.0. New best score: 0.574
Metric val_auc_epoch improved by 0.000 >= min_delta = 0.0. New best score: 0.574
Metric val_auc_epoch improved by 0.000 >= min_delta = 0.0. New best score: 0.574
Metric val_auc_epoch improved by 0.000 >= min_delta = 0.0. New best score: 0.574
Metric val_auc_epoch improved by 0.000 >= min_delta = 0.0. New best score: 0.574
Metric val_auc_epoch improved by 0.000 >= min_delta = 0.0. New best score: 0.574
Metric val_auc_epoch improved by 0.000 >= min_delta = 0.0. New best score: 0.574
`Trainer.fit` stopped: `max_epochs=28` reached.
Restoring states from the checkpoint path at /home/eng/shilo_avital/yolo_lab/walk_to_paint/checkpoints/trial_160-epoch=27-val_auc_epoch=0.5742.ckpt
LOCAL_RANK: 0 - CUDA_VISIBLE_DEVICES: [3]
Loaded model weights from the checkpoint at /home/eng/shilo_avital/yolo_lab/walk_to_paint/checkpoints/trial_160-epoch=27-val_auc_epoch=0.5742.ckpt
/home/eng/shilo_avital/yolo_lab/walk_to_paint/.venv/lib64/python3.9/site-packages/pytorch_lightning/trainer/connectors/data_connector.py:425: The 'val_dataloader' does not have many workers which may be a bottleneck. Consider increasing the value of the `num_workers` argument` to `num_workers=127` in the `DataLoader` to improve performance.
────────────────────────────────────────────────────────────────────────────────────────────────────────────────────────
     Validate metric           DataLoader 0
────────────────────────────────────────────────────────────────────────────────────────────────────────────────────────
      val_acc_epoch         0.5489295721054077
      val_auc_epoch         0.5742249488830566
      val_f1_epoch          0.5425710082054138
        val_loss            0.6834977269172668
────────────────────────────────────────────────────────────────────────────────────────────────────────────────────────
✅ Trial 160 completed - Val AUC: 0.5742
[I 2025-08-22 13:18:09,854] Trial 160 finished with value: -0.5742249488830566 and parameters: {'dataset.max_walk_length': 25, 'dataset.num_walks': 100331, 'training.lr': 1.4380382722742891e-05, 'training.weight_decay': 0.0006382553762898943, 'training.batch_size': 64, 'training.gradient_clip_val': 1.925224006550741, 'training.early_stopping_patience': 15, 'model.nhead_emb_combo': 4, 'model.hidden_dim': 16, 'model.nlayers': 2, 'model.dropout': 0.490471941448925, 'training.epochs': 28}. Best is trial 1 with value: -0.6377121806144714.
🧹 Cleaning up old checkpoints and logs (keeping top 10)...
  Removed old checkpoint: trial_150-epoch=04-val_auc_epoch=0.5707.ckpt
  Removed old checkpoint: trial_149-epoch=00-val_auc_epoch=0.4999.ckpt
  Removed old checkpoint: trial_148-epoch=28-val_auc_epoch=0.5522.ckpt
  Removed old checkpoint: trial_147-epoch=29-val_auc_epoch=0.5471.ckpt
  Removed old checkpoint: trial_146-epoch=29-val_auc_epoch=0.5677.ckpt
  Removed old log dir: trial_150
  Removed old log dir: trial_149
  Removed old log dir: trial_148
  Removed old log dir: trial_147
  Removed old log dir: trial_146
/home/eng/shilo_avital/yolo_lab/walk_to_paint/optuna_run.py:147: FutureWarning: suggest_loguniform has been deprecated in v3.0.0. This feature will be removed in v6.0.0. See https://github.com/optuna/optuna/releases/tag/v3.0.0. Use suggest_float(..., log=True) instead.
  cfg.training.lr = trial.suggest_loguniform("training.lr", 1e-5, 1e-1)
/home/eng/shilo_avital/yolo_lab/walk_to_paint/optuna_run.py:148: FutureWarning: suggest_loguniform has been deprecated in v3.0.0. This feature will be removed in v6.0.0. See https://github.com/optuna/optuna/releases/tag/v3.0.0. Use suggest_float(..., log=True) instead.
  cfg.training.weight_decay = trial.suggest_loguniform(

🔬 Trial 161 hyperparameters:
  Walk length: 26, Num walks: 100,517
  LR: 1.50e-05, Batch size: 64
  Model: emb_dim=64, hidden_dim=16
  Transformer: 2 layers, 1 heads
  Epochs: 28, Weighted loss: True
Loading bitcoin-alpha-binary dataset...
Success! ✅
Splitting edges for bitcoin-alpha-binary dataset...
Success! ✅
Sampling random walks from bitcoin-alpha-binary dataset...
Success! ✅
Building tokenizer for bitcoin-alpha-binary dataset...
Success! ✅
Padding and building stage tensors for bitcoin-alpha-binary dataset...
Success! ✅
Creating DataLoaders for bitcoin-alpha-binary dataset...
Success! ✅
/home/eng/shilo_avital/yolo_lab/walk_to_paint/.venv/lib64/python3.9/site-packages/torch/nn/modules/transformer.py:382: UserWarning: enable_nested_tensor is True, but self.use_nested_tensor is False because encoder_layer.self_attn.num_heads is odd
  warnings.warn(
GPU available: True (cuda), used: True
TPU available: False, using: 0 TPU cores
HPU available: False, using: 0 HPUs
/home/eng/shilo_avital/yolo_lab/walk_to_paint/.venv/lib64/python3.9/site-packages/pytorch_lightning/callbacks/model_checkpoint.py:658: Checkpoint directory /home/eng/shilo_avital/yolo_lab/walk_to_paint/checkpoints exists and is not empty.
LOCAL_RANK: 0 - CUDA_VISIBLE_DEVICES: [3]
/home/eng/shilo_avital/yolo_lab/walk_to_paint/.venv/lib64/python3.9/site-packages/pytorch_lightning/trainer/connectors/data_connector.py:425: The 'val_dataloader' does not have many workers which may be a bottleneck. Consider increasing the value of the `num_workers` argument` to `num_workers=127` in the `DataLoader` to improve performance.
/home/eng/shilo_avital/yolo_lab/walk_to_paint/.venv/lib64/python3.9/site-packages/pytorch_lightning/trainer/connectors/data_connector.py:425: The 'train_dataloader' does not have many workers which may be a bottleneck. Consider increasing the value of the `num_workers` argument` to `num_workers=127` in the `DataLoader` to improve performance.
Metric val_auc_epoch improved. New best score: 0.540
Metric val_auc_epoch improved by 0.013 >= min_delta = 0.0. New best score: 0.554
Metric val_auc_epoch improved by 0.006 >= min_delta = 0.0. New best score: 0.559
Metric val_auc_epoch improved by 0.003 >= min_delta = 0.0. New best score: 0.563
Metric val_auc_epoch improved by 0.002 >= min_delta = 0.0. New best score: 0.564
Metric val_auc_epoch improved by 0.001 >= min_delta = 0.0. New best score: 0.565
Metric val_auc_epoch improved by 0.001 >= min_delta = 0.0. New best score: 0.566
Metric val_auc_epoch improved by 0.000 >= min_delta = 0.0. New best score: 0.566
Metric val_auc_epoch improved by 0.000 >= min_delta = 0.0. New best score: 0.567
Metric val_auc_epoch improved by 0.000 >= min_delta = 0.0. New best score: 0.567
Metric val_auc_epoch improved by 0.000 >= min_delta = 0.0. New best score: 0.567
Metric val_auc_epoch improved by 0.000 >= min_delta = 0.0. New best score: 0.568
Metric val_auc_epoch improved by 0.000 >= min_delta = 0.0. New best score: 0.568
Metric val_auc_epoch improved by 0.000 >= min_delta = 0.0. New best score: 0.568
Metric val_auc_epoch improved by 0.000 >= min_delta = 0.0. New best score: 0.569
Metric val_auc_epoch improved by 0.000 >= min_delta = 0.0. New best score: 0.569
Metric val_auc_epoch improved by 0.000 >= min_delta = 0.0. New best score: 0.569
Metric val_auc_epoch improved by 0.000 >= min_delta = 0.0. New best score: 0.569
Metric val_auc_epoch improved by 0.000 >= min_delta = 0.0. New best score: 0.569
Metric val_auc_epoch improved by 0.000 >= min_delta = 0.0. New best score: 0.570
Metric val_auc_epoch improved by 0.000 >= min_delta = 0.0. New best score: 0.570
Metric val_auc_epoch improved by 0.000 >= min_delta = 0.0. New best score: 0.570
Metric val_auc_epoch improved by 0.000 >= min_delta = 0.0. New best score: 0.570
Metric val_auc_epoch improved by 0.000 >= min_delta = 0.0. New best score: 0.570
Metric val_auc_epoch improved by 0.000 >= min_delta = 0.0. New best score: 0.570
Metric val_auc_epoch improved by 0.000 >= min_delta = 0.0. New best score: 0.570
Metric val_auc_epoch improved by 0.000 >= min_delta = 0.0. New best score: 0.570
Metric val_auc_epoch improved by 0.000 >= min_delta = 0.0. New best score: 0.570
`Trainer.fit` stopped: `max_epochs=28` reached.
Restoring states from the checkpoint path at /home/eng/shilo_avital/yolo_lab/walk_to_paint/checkpoints/trial_161-epoch=27-val_auc_epoch=0.5700.ckpt
LOCAL_RANK: 0 - CUDA_VISIBLE_DEVICES: [3]
Loaded model weights from the checkpoint at /home/eng/shilo_avital/yolo_lab/walk_to_paint/checkpoints/trial_161-epoch=27-val_auc_epoch=0.5700.ckpt
/home/eng/shilo_avital/yolo_lab/walk_to_paint/.venv/lib64/python3.9/site-packages/pytorch_lightning/trainer/connectors/data_connector.py:425: The 'val_dataloader' does not have many workers which may be a bottleneck. Consider increasing the value of the `num_workers` argument` to `num_workers=127` in the `DataLoader` to improve performance.
────────────────────────────────────────────────────────────────────────────────────────────────────────────────────────
     Validate metric           DataLoader 0
────────────────────────────────────────────────────────────────────────────────────────────────────────────────────────
      val_acc_epoch         0.5478830933570862
      val_auc_epoch         0.5700098276138306
      val_f1_epoch          0.5478504300117493
        val_loss            0.6868872046470642
────────────────────────────────────────────────────────────────────────────────────────────────────────────────────────
✅ Trial 161 completed - Val AUC: 0.5700
[I 2025-08-22 13:26:16,072] Trial 161 finished with value: -0.5700098276138306 and parameters: {'dataset.max_walk_length': 26, 'dataset.num_walks': 100517, 'training.lr': 1.4991804021700107e-05, 'training.weight_decay': 0.000962470592256076, 'training.batch_size': 64, 'training.gradient_clip_val': 1.9255202484362262, 'training.early_stopping_patience': 15, 'model.nhead_emb_combo': 4, 'model.hidden_dim': 16, 'model.nlayers': 2, 'model.dropout': 0.4986468843071681, 'training.epochs': 28}. Best is trial 1 with value: -0.6377121806144714.
/home/eng/shilo_avital/yolo_lab/walk_to_paint/optuna_run.py:147: FutureWarning: suggest_loguniform has been deprecated in v3.0.0. This feature will be removed in v6.0.0. See https://github.com/optuna/optuna/releases/tag/v3.0.0. Use suggest_float(..., log=True) instead.
  cfg.training.lr = trial.suggest_loguniform("training.lr", 1e-5, 1e-1)
/home/eng/shilo_avital/yolo_lab/walk_to_paint/optuna_run.py:148: FutureWarning: suggest_loguniform has been deprecated in v3.0.0. This feature will be removed in v6.0.0. See https://github.com/optuna/optuna/releases/tag/v3.0.0. Use suggest_float(..., log=True) instead.
  cfg.training.weight_decay = trial.suggest_loguniform(

🔬 Trial 162 hyperparameters:
  Walk length: 28, Num walks: 103,115
  LR: 1.21e-05, Batch size: 64
  Model: emb_dim=64, hidden_dim=16
  Transformer: 2 layers, 1 heads
  Epochs: 28, Weighted loss: True
Loading bitcoin-alpha-binary dataset...
Success! ✅
Splitting edges for bitcoin-alpha-binary dataset...
Success! ✅
Sampling random walks from bitcoin-alpha-binary dataset...
Success! ✅
Building tokenizer for bitcoin-alpha-binary dataset...
Success! ✅
Padding and building stage tensors for bitcoin-alpha-binary dataset...
Success! ✅
Creating DataLoaders for bitcoin-alpha-binary dataset...
Success! ✅
/home/eng/shilo_avital/yolo_lab/walk_to_paint/.venv/lib64/python3.9/site-packages/torch/nn/modules/transformer.py:382: UserWarning: enable_nested_tensor is True, but self.use_nested_tensor is False because encoder_layer.self_attn.num_heads is odd
  warnings.warn(
GPU available: True (cuda), used: True
TPU available: False, using: 0 TPU cores
HPU available: False, using: 0 HPUs
/home/eng/shilo_avital/yolo_lab/walk_to_paint/.venv/lib64/python3.9/site-packages/pytorch_lightning/callbacks/model_checkpoint.py:658: Checkpoint directory /home/eng/shilo_avital/yolo_lab/walk_to_paint/checkpoints exists and is not empty.
LOCAL_RANK: 0 - CUDA_VISIBLE_DEVICES: [3]
/home/eng/shilo_avital/yolo_lab/walk_to_paint/.venv/lib64/python3.9/site-packages/pytorch_lightning/trainer/connectors/data_connector.py:425: The 'val_dataloader' does not have many workers which may be a bottleneck. Consider increasing the value of the `num_workers` argument` to `num_workers=127` in the `DataLoader` to improve performance.
/home/eng/shilo_avital/yolo_lab/walk_to_paint/.venv/lib64/python3.9/site-packages/pytorch_lightning/trainer/connectors/data_connector.py:425: The 'train_dataloader' does not have many workers which may be a bottleneck. Consider increasing the value of the `num_workers` argument` to `num_workers=127` in the `DataLoader` to improve performance.
Metric val_auc_epoch improved. New best score: 0.523
Metric val_auc_epoch improved by 0.015 >= min_delta = 0.0. New best score: 0.538
Metric val_auc_epoch improved by 0.006 >= min_delta = 0.0. New best score: 0.544
Metric val_auc_epoch improved by 0.003 >= min_delta = 0.0. New best score: 0.547
Metric val_auc_epoch improved by 0.001 >= min_delta = 0.0. New best score: 0.548
Metric val_auc_epoch improved by 0.001 >= min_delta = 0.0. New best score: 0.549
Metric val_auc_epoch improved by 0.000 >= min_delta = 0.0. New best score: 0.550
Metric val_auc_epoch improved by 0.000 >= min_delta = 0.0. New best score: 0.550
Metric val_auc_epoch improved by 0.000 >= min_delta = 0.0. New best score: 0.550
Metric val_auc_epoch improved by 0.000 >= min_delta = 0.0. New best score: 0.551
Metric val_auc_epoch improved by 0.000 >= min_delta = 0.0. New best score: 0.551
Metric val_auc_epoch improved by 0.000 >= min_delta = 0.0. New best score: 0.551
Metric val_auc_epoch improved by 0.000 >= min_delta = 0.0. New best score: 0.551
`Trainer.fit` stopped: `max_epochs=28` reached.
Restoring states from the checkpoint path at /home/eng/shilo_avital/yolo_lab/walk_to_paint/checkpoints/trial_162-epoch=16-val_auc_epoch=0.5511.ckpt
LOCAL_RANK: 0 - CUDA_VISIBLE_DEVICES: [3]
Loaded model weights from the checkpoint at /home/eng/shilo_avital/yolo_lab/walk_to_paint/checkpoints/trial_162-epoch=16-val_auc_epoch=0.5511.ckpt
/home/eng/shilo_avital/yolo_lab/walk_to_paint/.venv/lib64/python3.9/site-packages/pytorch_lightning/trainer/connectors/data_connector.py:425: The 'val_dataloader' does not have many workers which may be a bottleneck. Consider increasing the value of the `num_workers` argument` to `num_workers=127` in the `DataLoader` to improve performance.
────────────────────────────────────────────────────────────────────────────────────────────────────────────────────────
     Validate metric           DataLoader 0
────────────────────────────────────────────────────────────────────────────────────────────────────────────────────────
      val_acc_epoch         0.5359991788864136
      val_auc_epoch          0.551122784614563
      val_f1_epoch           0.536040186882019
        val_loss            0.6887564659118652
────────────────────────────────────────────────────────────────────────────────────────────────────────────────────────
✅ Trial 162 completed - Val AUC: 0.5511
