[I 2025-08-23 11:26:08,967] Trial 263 finished with value: -0.6221911311149597 and parameters: {'dataset.max_walk_length': 76, 'dataset.num_walks': 244559, 'training.lr': 0.0013630000303108106, 'training.weight_decay': 0.004187375023586191, 'training.batch_size': 64, 'training.gradient_clip_val': 0.4985012131605383, 'training.early_stopping_patience': 5, 'model.nhead_emb_combo': 19, 'model.hidden_dim': 16, 'model.nlayers': 5, 'model.dropout': 0.5991511914811245, 'training.epochs': 22}. Best is trial 229 with value: -0.6563454866409302.
/home/eng/shilo_avital/yolo_lab/walk_to_paint/optuna_run.py:147: FutureWarning: suggest_loguniform has been deprecated in v3.0.0. This feature will be removed in v6.0.0. See https://github.com/optuna/optuna/releases/tag/v3.0.0. Use suggest_float(..., log=True) instead.
  cfg.training.lr = trial.suggest_loguniform("training.lr", 1e-5, 1e-1)
/home/eng/shilo_avital/yolo_lab/walk_to_paint/optuna_run.py:148: FutureWarning: suggest_loguniform has been deprecated in v3.0.0. This feature will be removed in v6.0.0. See https://github.com/optuna/optuna/releases/tag/v3.0.0. Use suggest_float(..., log=True) instead.
  cfg.training.weight_decay = trial.suggest_loguniform(

🔬 Trial 264 hyperparameters:
  Walk length: 75, Num walks: 240,593
  LR: 1.74e-03, Batch size: 64
  Model: emb_dim=16, hidden_dim=128
  Transformer: 5 layers, 8 heads
  Epochs: 23, Weighted loss: True
Loading bitcoin-alpha-binary dataset...
Success! ✅
Splitting edges for bitcoin-alpha-binary dataset...
Success! ✅
Sampling random walks from bitcoin-alpha-binary dataset...
Success! ✅
Building tokenizer for bitcoin-alpha-binary dataset...
Success! ✅
Padding and building stage tensors for bitcoin-alpha-binary dataset...
Success! ✅
Creating DataLoaders for bitcoin-alpha-binary dataset...
Success! ✅
GPU available: True (cuda), used: True
TPU available: False, using: 0 TPU cores
HPU available: False, using: 0 HPUs
/home/eng/shilo_avital/yolo_lab/walk_to_paint/.venv/lib64/python3.9/site-packages/pytorch_lightning/callbacks/model_checkpoint.py:658: Checkpoint directory /home/eng/shilo_avital/yolo_lab/walk_to_paint/checkpoints exists and is not empty.
LOCAL_RANK: 0 - CUDA_VISIBLE_DEVICES: [3]
/home/eng/shilo_avital/yolo_lab/walk_to_paint/.venv/lib64/python3.9/site-packages/pytorch_lightning/trainer/connectors/data_connector.py:425: The 'val_dataloader' does not have many workers which may be a bottleneck. Consider increasing the value of the `num_workers` argument` to `num_workers=127` in the `DataLoader` to improve performance.
/home/eng/shilo_avital/yolo_lab/walk_to_paint/.venv/lib64/python3.9/site-packages/pytorch_lightning/trainer/connectors/data_connector.py:425: The 'train_dataloader' does not have many workers which may be a bottleneck. Consider increasing the value of the `num_workers` argument` to `num_workers=127` in the `DataLoader` to improve performance.
Metric val_auc_epoch improved. New best score: 0.537
Metric val_auc_epoch improved by 0.000 >= min_delta = 0.0. New best score: 0.537
Metric val_auc_epoch improved by 0.009 >= min_delta = 0.0. New best score: 0.546
Metric val_auc_epoch improved by 0.020 >= min_delta = 0.0. New best score: 0.566
Metric val_auc_epoch improved by 0.017 >= min_delta = 0.0. New best score: 0.583
Metric val_auc_epoch improved by 0.007 >= min_delta = 0.0. New best score: 0.590
Metric val_auc_epoch improved by 0.005 >= min_delta = 0.0. New best score: 0.595
Metric val_auc_epoch improved by 0.003 >= min_delta = 0.0. New best score: 0.598
Metric val_auc_epoch improved by 0.004 >= min_delta = 0.0. New best score: 0.602
Metric val_auc_epoch improved by 0.002 >= min_delta = 0.0. New best score: 0.604
Metric val_auc_epoch improved by 0.002 >= min_delta = 0.0. New best score: 0.606
Metric val_auc_epoch improved by 0.001 >= min_delta = 0.0. New best score: 0.606
Metric val_auc_epoch improved by 0.001 >= min_delta = 0.0. New best score: 0.607
Metric val_auc_epoch improved by 0.001 >= min_delta = 0.0. New best score: 0.608
Monitored metric val_auc_epoch did not improve in the last 5 records. Best score: 0.608. Signaling Trainer to stop.
Restoring states from the checkpoint path at /home/eng/shilo_avital/yolo_lab/walk_to_paint/checkpoints/trial_264-epoch=16-val_auc_epoch=0.6079.ckpt
LOCAL_RANK: 0 - CUDA_VISIBLE_DEVICES: [3]
Loaded model weights from the checkpoint at /home/eng/shilo_avital/yolo_lab/walk_to_paint/checkpoints/trial_264-epoch=16-val_auc_epoch=0.6079.ckpt
/home/eng/shilo_avital/yolo_lab/walk_to_paint/.venv/lib64/python3.9/site-packages/pytorch_lightning/trainer/connectors/data_connector.py:425: The 'val_dataloader' does not have many workers which may be a bottleneck. Consider increasing the value of the `num_workers` argument` to `num_workers=127` in the `DataLoader` to improve performance.
────────────────────────────────────────────────────────────────────────────────────────────────────────────────────────
     Validate metric           DataLoader 0
────────────────────────────────────────────────────────────────────────────────────────────────────────────────────────
      val_acc_epoch         0.5770955085754395
      val_auc_epoch         0.6079298257827759
      val_f1_epoch          0.5736860632896423
        val_loss            0.7174720168113708
────────────────────────────────────────────────────────────────────────────────────────────────────────────────────────
✅ Trial 264 completed - Val AUC: 0.6079
[I 2025-08-23 11:52:14,082] Trial 264 finished with value: -0.6079298257827759 and parameters: {'dataset.max_walk_length': 75, 'dataset.num_walks': 240593, 'training.lr': 0.001736767826502183, 'training.weight_decay': 0.008043896114360665, 'training.batch_size': 64, 'training.gradient_clip_val': 0.6148257551415568, 'training.early_stopping_patience': 5, 'model.nhead_emb_combo': 19, 'model.hidden_dim': 128, 'model.nlayers': 5, 'model.dropout': 0.5835486076796776, 'training.epochs': 23}. Best is trial 229 with value: -0.6563454866409302.
/home/eng/shilo_avital/yolo_lab/walk_to_paint/optuna_run.py:147: FutureWarning: suggest_loguniform has been deprecated in v3.0.0. This feature will be removed in v6.0.0. See https://github.com/optuna/optuna/releases/tag/v3.0.0. Use suggest_float(..., log=True) instead.
  cfg.training.lr = trial.suggest_loguniform("training.lr", 1e-5, 1e-1)
/home/eng/shilo_avital/yolo_lab/walk_to_paint/optuna_run.py:148: FutureWarning: suggest_loguniform has been deprecated in v3.0.0. This feature will be removed in v6.0.0. See https://github.com/optuna/optuna/releases/tag/v3.0.0. Use suggest_float(..., log=True) instead.
  cfg.training.weight_decay = trial.suggest_loguniform(

🔬 Trial 265 hyperparameters:
  Walk length: 72, Num walks: 323,425
  LR: 1.31e-03, Batch size: 64
  Model: emb_dim=128, hidden_dim=16
  Transformer: 5 layers, 8 heads
  Epochs: 22, Weighted loss: True
Loading bitcoin-alpha-binary dataset...
Success! ✅
Splitting edges for bitcoin-alpha-binary dataset...
Success! ✅
Sampling random walks from bitcoin-alpha-binary dataset...
Success! ✅
Building tokenizer for bitcoin-alpha-binary dataset...
Success! ✅
Padding and building stage tensors for bitcoin-alpha-binary dataset...
Success! ✅
Creating DataLoaders for bitcoin-alpha-binary dataset...
Success! ✅
GPU available: True (cuda), used: True
TPU available: False, using: 0 TPU cores
HPU available: False, using: 0 HPUs
/home/eng/shilo_avital/yolo_lab/walk_to_paint/.venv/lib64/python3.9/site-packages/pytorch_lightning/callbacks/model_checkpoint.py:658: Checkpoint directory /home/eng/shilo_avital/yolo_lab/walk_to_paint/checkpoints exists and is not empty.
LOCAL_RANK: 0 - CUDA_VISIBLE_DEVICES: [3]
/home/eng/shilo_avital/yolo_lab/walk_to_paint/.venv/lib64/python3.9/site-packages/pytorch_lightning/trainer/connectors/data_connector.py:425: The 'val_dataloader' does not have many workers which may be a bottleneck. Consider increasing the value of the `num_workers` argument` to `num_workers=127` in the `DataLoader` to improve performance.
/home/eng/shilo_avital/yolo_lab/walk_to_paint/.venv/lib64/python3.9/site-packages/pytorch_lightning/trainer/connectors/data_connector.py:425: The 'train_dataloader' does not have many workers which may be a bottleneck. Consider increasing the value of the `num_workers` argument` to `num_workers=127` in the `DataLoader` to improve performance.
Metric val_auc_epoch improved. New best score: 0.537
Monitored metric val_auc_epoch did not improve in the last 6 records. Best score: 0.537. Signaling Trainer to stop.
Restoring states from the checkpoint path at /home/eng/shilo_avital/yolo_lab/walk_to_paint/checkpoints/trial_265-epoch=00-val_auc_epoch=0.5370.ckpt
LOCAL_RANK: 0 - CUDA_VISIBLE_DEVICES: [3]
Loaded model weights from the checkpoint at /home/eng/shilo_avital/yolo_lab/walk_to_paint/checkpoints/trial_265-epoch=00-val_auc_epoch=0.5370.ckpt
/home/eng/shilo_avital/yolo_lab/walk_to_paint/.venv/lib64/python3.9/site-packages/pytorch_lightning/trainer/connectors/data_connector.py:425: The 'val_dataloader' does not have many workers which may be a bottleneck. Consider increasing the value of the `num_workers` argument` to `num_workers=127` in the `DataLoader` to improve performance.
────────────────────────────────────────────────────────────────────────────────────────────────────────────────────────
     Validate metric           DataLoader 0
────────────────────────────────────────────────────────────────────────────────────────────────────────────────────────
      val_acc_epoch          0.526896595954895
      val_auc_epoch         0.5370354652404785
      val_f1_epoch          0.5107612609863281
        val_loss            0.7713605165481567
────────────────────────────────────────────────────────────────────────────────────────────────────────────────────────
✅ Trial 265 completed - Val AUC: 0.5370
[I 2025-08-23 12:03:13,213] Trial 265 finished with value: -0.5370354652404785 and parameters: {'dataset.max_walk_length': 72, 'dataset.num_walks': 323425, 'training.lr': 0.0013133080789730323, 'training.weight_decay': 0.004799837551479249, 'training.batch_size': 64, 'training.gradient_clip_val': 0.4791127480618765, 'training.early_stopping_patience': 6, 'model.nhead_emb_combo': 22, 'model.hidden_dim': 16, 'model.nlayers': 5, 'model.dropout': 0.5954519586001268, 'training.epochs': 22}. Best is trial 229 with value: -0.6563454866409302.
🧹 Cleaning up old checkpoints and logs (keeping top 10)...
  Removed old checkpoint: trial_255-epoch=12-val_auc_epoch=0.6148.ckpt
  Removed old checkpoint: trial_254-epoch=04-val_auc_epoch=0.6432.ckpt
  Removed old checkpoint: trial_253-epoch=00-val_auc_epoch=0.5244.ckpt
  Removed old checkpoint: trial_252-epoch=12-val_auc_epoch=0.6287.ckpt
  Removed old checkpoint: trial_251-epoch=10-val_auc_epoch=0.6111.ckpt
  Removed old log dir: trial_255
  Removed old log dir: trial_254
  Removed old log dir: trial_253
  Removed old log dir: trial_252
  Removed old log dir: trial_251
/home/eng/shilo_avital/yolo_lab/walk_to_paint/optuna_run.py:147: FutureWarning: suggest_loguniform has been deprecated in v3.0.0. This feature will be removed in v6.0.0. See https://github.com/optuna/optuna/releases/tag/v3.0.0. Use suggest_float(..., log=True) instead.
  cfg.training.lr = trial.suggest_loguniform("training.lr", 1e-5, 1e-1)
/home/eng/shilo_avital/yolo_lab/walk_to_paint/optuna_run.py:148: FutureWarning: suggest_loguniform has been deprecated in v3.0.0. This feature will be removed in v6.0.0. See https://github.com/optuna/optuna/releases/tag/v3.0.0. Use suggest_float(..., log=True) instead.
  cfg.training.weight_decay = trial.suggest_loguniform(

🔬 Trial 266 hyperparameters:
  Walk length: 82, Num walks: 291,891
  LR: 5.15e-04, Batch size: 64
  Model: emb_dim=64, hidden_dim=16
  Transformer: 5 layers, 8 heads
  Epochs: 24, Weighted loss: True
Loading bitcoin-alpha-binary dataset...
Success! ✅
Splitting edges for bitcoin-alpha-binary dataset...
Success! ✅
Sampling random walks from bitcoin-alpha-binary dataset...
Success! ✅
Building tokenizer for bitcoin-alpha-binary dataset...
Success! ✅
Padding and building stage tensors for bitcoin-alpha-binary dataset...
Success! ✅
Creating DataLoaders for bitcoin-alpha-binary dataset...
Success! ✅
GPU available: True (cuda), used: True
TPU available: False, using: 0 TPU cores
HPU available: False, using: 0 HPUs
/home/eng/shilo_avital/yolo_lab/walk_to_paint/.venv/lib64/python3.9/site-packages/pytorch_lightning/callbacks/model_checkpoint.py:658: Checkpoint directory /home/eng/shilo_avital/yolo_lab/walk_to_paint/checkpoints exists and is not empty.
LOCAL_RANK: 0 - CUDA_VISIBLE_DEVICES: [3]
/home/eng/shilo_avital/yolo_lab/walk_to_paint/.venv/lib64/python3.9/site-packages/pytorch_lightning/trainer/connectors/data_connector.py:425: The 'val_dataloader' does not have many workers which may be a bottleneck. Consider increasing the value of the `num_workers` argument` to `num_workers=127` in the `DataLoader` to improve performance.
/home/eng/shilo_avital/yolo_lab/walk_to_paint/.venv/lib64/python3.9/site-packages/pytorch_lightning/trainer/connectors/data_connector.py:425: The 'train_dataloader' does not have many workers which may be a bottleneck. Consider increasing the value of the `num_workers` argument` to `num_workers=127` in the `DataLoader` to improve performance.
Metric val_auc_epoch improved. New best score: 0.535
Metric val_auc_epoch improved by 0.024 >= min_delta = 0.0. New best score: 0.559
Metric val_auc_epoch improved by 0.029 >= min_delta = 0.0. New best score: 0.588
Metric val_auc_epoch improved by 0.009 >= min_delta = 0.0. New best score: 0.597
Metric val_auc_epoch improved by 0.007 >= min_delta = 0.0. New best score: 0.604
Metric val_auc_epoch improved by 0.002 >= min_delta = 0.0. New best score: 0.607
Metric val_auc_epoch improved by 0.004 >= min_delta = 0.0. New best score: 0.611
Metric val_auc_epoch improved by 0.000 >= min_delta = 0.0. New best score: 0.611
Metric val_auc_epoch improved by 0.001 >= min_delta = 0.0. New best score: 0.612
Metric val_auc_epoch improved by 0.000 >= min_delta = 0.0. New best score: 0.613
Metric val_auc_epoch improved by 0.001 >= min_delta = 0.0. New best score: 0.614
Monitored metric val_auc_epoch did not improve in the last 5 records. Best score: 0.614. Signaling Trainer to stop.
Restoring states from the checkpoint path at /home/eng/shilo_avital/yolo_lab/walk_to_paint/checkpoints/trial_266-epoch=12-val_auc_epoch=0.6136.ckpt
LOCAL_RANK: 0 - CUDA_VISIBLE_DEVICES: [3]
Loaded model weights from the checkpoint at /home/eng/shilo_avital/yolo_lab/walk_to_paint/checkpoints/trial_266-epoch=12-val_auc_epoch=0.6136.ckpt
/home/eng/shilo_avital/yolo_lab/walk_to_paint/.venv/lib64/python3.9/site-packages/pytorch_lightning/trainer/connectors/data_connector.py:425: The 'val_dataloader' does not have many workers which may be a bottleneck. Consider increasing the value of the `num_workers` argument` to `num_workers=127` in the `DataLoader` to improve performance.
────────────────────────────────────────────────────────────────────────────────────────────────────────────────────────
     Validate metric           DataLoader 0
────────────────────────────────────────────────────────────────────────────────────────────────────────────────────────
      val_acc_epoch         0.5816973447799683
      val_auc_epoch         0.6135638952255249
      val_f1_epoch          0.5752851963043213
        val_loss            1.2049922943115234
────────────────────────────────────────────────────────────────────────────────────────────────────────────────────────
✅ Trial 266 completed - Val AUC: 0.6136
[I 2025-08-23 12:27:01,113] Trial 266 finished with value: -0.6135638952255249 and parameters: {'dataset.max_walk_length': 82, 'dataset.num_walks': 291891, 'training.lr': 0.0005148535680397657, 'training.weight_decay': 0.0016218446637671607, 'training.batch_size': 64, 'training.gradient_clip_val': 0.6315634549354833, 'training.early_stopping_patience': 5, 'model.nhead_emb_combo': 21, 'model.hidden_dim': 16, 'model.nlayers': 5, 'model.dropout': 0.6578868816622343, 'training.epochs': 24}. Best is trial 229 with value: -0.6563454866409302.
/home/eng/shilo_avital/yolo_lab/walk_to_paint/optuna_run.py:147: FutureWarning: suggest_loguniform has been deprecated in v3.0.0. This feature will be removed in v6.0.0. See https://github.com/optuna/optuna/releases/tag/v3.0.0. Use suggest_float(..., log=True) instead.
  cfg.training.lr = trial.suggest_loguniform("training.lr", 1e-5, 1e-1)
/home/eng/shilo_avital/yolo_lab/walk_to_paint/optuna_run.py:148: FutureWarning: suggest_loguniform has been deprecated in v3.0.0. This feature will be removed in v6.0.0. See https://github.com/optuna/optuna/releases/tag/v3.0.0. Use suggest_float(..., log=True) instead.
  cfg.training.weight_decay = trial.suggest_loguniform(

🔬 Trial 267 hyperparameters:
  Walk length: 78, Num walks: 247,968
  LR: 8.87e-04, Batch size: 64
  Model: emb_dim=16, hidden_dim=16
  Transformer: 5 layers, 16 heads
  Epochs: 25, Weighted loss: True
Loading bitcoin-alpha-binary dataset...
Success! ✅
Splitting edges for bitcoin-alpha-binary dataset...
Success! ✅
Sampling random walks from bitcoin-alpha-binary dataset...
Success! ✅
Building tokenizer for bitcoin-alpha-binary dataset...
Success! ✅
Padding and building stage tensors for bitcoin-alpha-binary dataset...
Success! ✅
Creating DataLoaders for bitcoin-alpha-binary dataset...
Success! ✅
GPU available: True (cuda), used: True
TPU available: False, using: 0 TPU cores
HPU available: False, using: 0 HPUs
/home/eng/shilo_avital/yolo_lab/walk_to_paint/.venv/lib64/python3.9/site-packages/pytorch_lightning/callbacks/model_checkpoint.py:658: Checkpoint directory /home/eng/shilo_avital/yolo_lab/walk_to_paint/checkpoints exists and is not empty.
LOCAL_RANK: 0 - CUDA_VISIBLE_DEVICES: [3]
/home/eng/shilo_avital/yolo_lab/walk_to_paint/.venv/lib64/python3.9/site-packages/pytorch_lightning/trainer/connectors/data_connector.py:425: The 'val_dataloader' does not have many workers which may be a bottleneck. Consider increasing the value of the `num_workers` argument` to `num_workers=127` in the `DataLoader` to improve performance.
/home/eng/shilo_avital/yolo_lab/walk_to_paint/.venv/lib64/python3.9/site-packages/pytorch_lightning/trainer/connectors/data_connector.py:425: The 'train_dataloader' does not have many workers which may be a bottleneck. Consider increasing the value of the `num_workers` argument` to `num_workers=127` in the `DataLoader` to improve performance.
Metric val_auc_epoch improved. New best score: 0.523
Metric val_auc_epoch improved by 0.005 >= min_delta = 0.0. New best score: 0.528
Metric val_auc_epoch improved by 0.005 >= min_delta = 0.0. New best score: 0.533
Metric val_auc_epoch improved by 0.001 >= min_delta = 0.0. New best score: 0.534
Metric val_auc_epoch improved by 0.008 >= min_delta = 0.0. New best score: 0.542
Metric val_auc_epoch improved by 0.004 >= min_delta = 0.0. New best score: 0.545
Metric val_auc_epoch improved by 0.006 >= min_delta = 0.0. New best score: 0.551
Metric val_auc_epoch improved by 0.009 >= min_delta = 0.0. New best score: 0.559
Metric val_auc_epoch improved by 0.004 >= min_delta = 0.0. New best score: 0.564
Metric val_auc_epoch improved by 0.000 >= min_delta = 0.0. New best score: 0.564
Metric val_auc_epoch improved by 0.002 >= min_delta = 0.0. New best score: 0.566
Metric val_auc_epoch improved by 0.004 >= min_delta = 0.0. New best score: 0.570
Metric val_auc_epoch improved by 0.004 >= min_delta = 0.0. New best score: 0.574
Metric val_auc_epoch improved by 0.005 >= min_delta = 0.0. New best score: 0.580
Metric val_auc_epoch improved by 0.000 >= min_delta = 0.0. New best score: 0.580
Metric val_auc_epoch improved by 0.001 >= min_delta = 0.0. New best score: 0.581
Metric val_auc_epoch improved by 0.001 >= min_delta = 0.0. New best score: 0.582
Metric val_auc_epoch improved by 0.000 >= min_delta = 0.0. New best score: 0.582
Metric val_auc_epoch improved by 0.000 >= min_delta = 0.0. New best score: 0.582
Metric val_auc_epoch improved by 0.000 >= min_delta = 0.0. New best score: 0.582
Metric val_auc_epoch improved by 0.000 >= min_delta = 0.0. New best score: 0.583
`Trainer.fit` stopped: `max_epochs=25` reached.
Restoring states from the checkpoint path at /home/eng/shilo_avital/yolo_lab/walk_to_paint/checkpoints/trial_267-epoch=23-val_auc_epoch=0.5825.ckpt
LOCAL_RANK: 0 - CUDA_VISIBLE_DEVICES: [3]
Loaded model weights from the checkpoint at /home/eng/shilo_avital/yolo_lab/walk_to_paint/checkpoints/trial_267-epoch=23-val_auc_epoch=0.5825.ckpt
/home/eng/shilo_avital/yolo_lab/walk_to_paint/.venv/lib64/python3.9/site-packages/pytorch_lightning/trainer/connectors/data_connector.py:425: The 'val_dataloader' does not have many workers which may be a bottleneck. Consider increasing the value of the `num_workers` argument` to `num_workers=127` in the `DataLoader` to improve performance.
────────────────────────────────────────────────────────────────────────────────────────────────────────────────────────
     Validate metric           DataLoader 0
────────────────────────────────────────────────────────────────────────────────────────────────────────────────────────
      val_acc_epoch         0.5551818609237671
      val_auc_epoch         0.5825493931770325
      val_f1_epoch          0.5499976873397827
        val_loss            0.7591829299926758
────────────────────────────────────────────────────────────────────────────────────────────────────────────────────────
✅ Trial 267 completed - Val AUC: 0.5825
