[I 2025-08-21 21:24:17,803] Trial 29 finished with value: 0.0 and parameters: {'dataset.max_walk_length': 26, 'dataset.num_walks': 149274, 'training.lr': 0.0006751481046767676, 'training.weight_decay': 3.857797155908907e-08, 'training.batch_size': 64, 'training.gradient_clip_val': 1.5559590100759566, 'training.early_stopping_patience': 6, 'model.nhead_emb_combo': 7, 'model.hidden_dim': 128, 'model.nlayers': 5, 'model.dropout': 0.3055310303469307, 'training.epochs': 29}. Best is trial 1 with value: -0.6377121806144714.
/home/eng/shilo_avital/yolo_lab/walk_to_paint/optuna_run.py:147: FutureWarning: suggest_loguniform has been deprecated in v3.0.0. This feature will be removed in v6.0.0. See https://github.com/optuna/optuna/releases/tag/v3.0.0. Use suggest_float(..., log=True) instead.
  cfg.training.lr = trial.suggest_loguniform("training.lr", 1e-5, 1e-1)
/home/eng/shilo_avital/yolo_lab/walk_to_paint/optuna_run.py:148: FutureWarning: suggest_loguniform has been deprecated in v3.0.0. This feature will be removed in v6.0.0. See https://github.com/optuna/optuna/releases/tag/v3.0.0. Use suggest_float(..., log=True) instead.
  cfg.training.weight_decay = trial.suggest_loguniform(

🔬 Trial 30 hyperparameters:
  Walk length: 70, Num walks: 248,700
  LR: 2.65e-04, Batch size: 64
  Model: emb_dim=4, hidden_dim=128
  Transformer: 3 layers, 1 heads
  Epochs: 12, Weighted loss: True
Loading bitcoin-alpha-binary dataset...
Success! ✅
Splitting edges for bitcoin-alpha-binary dataset...
Success! ✅
Sampling random walks from bitcoin-alpha-binary dataset...
Success! ✅
Building tokenizer for bitcoin-alpha-binary dataset...
Success! ✅
Padding and building stage tensors for bitcoin-alpha-binary dataset...
Success! ✅
Creating DataLoaders for bitcoin-alpha-binary dataset...
Success! ✅
/home/eng/shilo_avital/yolo_lab/walk_to_paint/.venv/lib64/python3.9/site-packages/torch/nn/modules/transformer.py:382: UserWarning: enable_nested_tensor is True, but self.use_nested_tensor is False because encoder_layer.self_attn.num_heads is odd
  warnings.warn(
GPU available: True (cuda), used: True
TPU available: False, using: 0 TPU cores
HPU available: False, using: 0 HPUs
/home/eng/shilo_avital/yolo_lab/walk_to_paint/.venv/lib64/python3.9/site-packages/pytorch_lightning/callbacks/model_checkpoint.py:658: Checkpoint directory /home/eng/shilo_avital/yolo_lab/walk_to_paint/checkpoints exists and is not empty.
LOCAL_RANK: 0 - CUDA_VISIBLE_DEVICES: [3]
/home/eng/shilo_avital/yolo_lab/walk_to_paint/.venv/lib64/python3.9/site-packages/pytorch_lightning/trainer/connectors/data_connector.py:425: The 'val_dataloader' does not have many workers which may be a bottleneck. Consider increasing the value of the `num_workers` argument` to `num_workers=127` in the `DataLoader` to improve performance.
/home/eng/shilo_avital/yolo_lab/walk_to_paint/.venv/lib64/python3.9/site-packages/pytorch_lightning/trainer/connectors/data_connector.py:425: The 'train_dataloader' does not have many workers which may be a bottleneck. Consider increasing the value of the `num_workers` argument` to `num_workers=127` in the `DataLoader` to improve performance.
Metric val_auc_epoch improved. New best score: 0.492
Metric val_auc_epoch improved by 0.029 >= min_delta = 0.0. New best score: 0.521
Metric val_auc_epoch improved by 0.003 >= min_delta = 0.0. New best score: 0.524
Monitored metric val_auc_epoch did not improve in the last 8 records. Best score: 0.524. Signaling Trainer to stop.
Restoring states from the checkpoint path at /home/eng/shilo_avital/yolo_lab/walk_to_paint/checkpoints/trial_30-epoch=02-val_auc_epoch=0.5240.ckpt
LOCAL_RANK: 0 - CUDA_VISIBLE_DEVICES: [3]
Loaded model weights from the checkpoint at /home/eng/shilo_avital/yolo_lab/walk_to_paint/checkpoints/trial_30-epoch=02-val_auc_epoch=0.5240.ckpt
/home/eng/shilo_avital/yolo_lab/walk_to_paint/.venv/lib64/python3.9/site-packages/pytorch_lightning/trainer/connectors/data_connector.py:425: The 'val_dataloader' does not have many workers which may be a bottleneck. Consider increasing the value of the `num_workers` argument` to `num_workers=127` in the `DataLoader` to improve performance.
────────────────────────────────────────────────────────────────────────────────────────────────────────────────────────
     Validate metric           DataLoader 0
────────────────────────────────────────────────────────────────────────────────────────────────────────────────────────
      val_acc_epoch         0.5206987261772156
      val_auc_epoch          0.523987889289856
      val_f1_epoch          0.5207105278968811
        val_loss            0.6933507323265076
────────────────────────────────────────────────────────────────────────────────────────────────────────────────────────
✅ Trial 30 completed - Val AUC: 0.5240
[I 2025-08-21 21:33:52,010] Trial 30 finished with value: -0.523987889289856 and parameters: {'dataset.max_walk_length': 70, 'dataset.num_walks': 248700, 'training.lr': 0.0002652559177384779, 'training.weight_decay': 0.04118948485162637, 'training.batch_size': 64, 'training.gradient_clip_val': 1.3658177333167305, 'training.early_stopping_patience': 8, 'model.nhead_emb_combo': 0, 'model.hidden_dim': 128, 'model.nlayers': 3, 'model.dropout': 0.4472538754925977, 'training.epochs': 12}. Best is trial 1 with value: -0.6377121806144714.
🧹 Cleaning up old checkpoints and logs (keeping top 10)...
  Removed old checkpoint: trial_20-epoch=04-val_auc_epoch=0.5724.ckpt
  Removed old checkpoint: trial_19-epoch=03-val_auc_epoch=0.6459.ckpt
  Removed old checkpoint: trial_18-epoch=22-val_auc_epoch=0.5494.ckpt
  Removed old checkpoint: trial_17-epoch=07-val_auc_epoch=0.5509.ckpt
  Removed old checkpoint: trial_16-epoch=28-val_auc_epoch=0.5320.ckpt
  Removed old log dir: trial_20
  Removed old log dir: trial_19
  Removed old log dir: trial_18
  Removed old log dir: trial_17
  Removed old log dir: trial_16
/home/eng/shilo_avital/yolo_lab/walk_to_paint/optuna_run.py:147: FutureWarning: suggest_loguniform has been deprecated in v3.0.0. This feature will be removed in v6.0.0. See https://github.com/optuna/optuna/releases/tag/v3.0.0. Use suggest_float(..., log=True) instead.
  cfg.training.lr = trial.suggest_loguniform("training.lr", 1e-5, 1e-1)
/home/eng/shilo_avital/yolo_lab/walk_to_paint/optuna_run.py:148: FutureWarning: suggest_loguniform has been deprecated in v3.0.0. This feature will be removed in v6.0.0. See https://github.com/optuna/optuna/releases/tag/v3.0.0. Use suggest_float(..., log=True) instead.
  cfg.training.weight_decay = trial.suggest_loguniform(

🔬 Trial 31 hyperparameters:
  Walk length: 47, Num walks: 165,283
  LR: 2.81e-05, Batch size: 256
  Model: emb_dim=16, hidden_dim=64
  Transformer: 5 layers, 4 heads
  Epochs: 24, Weighted loss: True
Loading bitcoin-alpha-binary dataset...
Success! ✅
Splitting edges for bitcoin-alpha-binary dataset...
Success! ✅
Sampling random walks from bitcoin-alpha-binary dataset...
Success! ✅
Building tokenizer for bitcoin-alpha-binary dataset...
Success! ✅
Padding and building stage tensors for bitcoin-alpha-binary dataset...
Success! ✅
Creating DataLoaders for bitcoin-alpha-binary dataset...
Success! ✅
GPU available: True (cuda), used: True
TPU available: False, using: 0 TPU cores
HPU available: False, using: 0 HPUs
/home/eng/shilo_avital/yolo_lab/walk_to_paint/.venv/lib64/python3.9/site-packages/pytorch_lightning/callbacks/model_checkpoint.py:658: Checkpoint directory /home/eng/shilo_avital/yolo_lab/walk_to_paint/checkpoints exists and is not empty.
LOCAL_RANK: 0 - CUDA_VISIBLE_DEVICES: [3]
/home/eng/shilo_avital/yolo_lab/walk_to_paint/.venv/lib64/python3.9/site-packages/pytorch_lightning/trainer/connectors/data_connector.py:425: The 'val_dataloader' does not have many workers which may be a bottleneck. Consider increasing the value of the `num_workers` argument` to `num_workers=127` in the `DataLoader` to improve performance.
/home/eng/shilo_avital/yolo_lab/walk_to_paint/.venv/lib64/python3.9/site-packages/pytorch_lightning/trainer/connectors/data_connector.py:425: The 'train_dataloader' does not have many workers which may be a bottleneck. Consider increasing the value of the `num_workers` argument` to `num_workers=127` in the `DataLoader` to improve performance.
Metric val_auc_epoch improved. New best score: 0.508
Metric val_auc_epoch improved by 0.005 >= min_delta = 0.0. New best score: 0.513
Metric val_auc_epoch improved by 0.006 >= min_delta = 0.0. New best score: 0.520
Metric val_auc_epoch improved by 0.006 >= min_delta = 0.0. New best score: 0.525
Metric val_auc_epoch improved by 0.004 >= min_delta = 0.0. New best score: 0.530
Metric val_auc_epoch improved by 0.003 >= min_delta = 0.0. New best score: 0.532
Metric val_auc_epoch improved by 0.001 >= min_delta = 0.0. New best score: 0.533
Metric val_auc_epoch improved by 0.001 >= min_delta = 0.0. New best score: 0.534
Metric val_auc_epoch improved by 0.001 >= min_delta = 0.0. New best score: 0.535
Metric val_auc_epoch improved by 0.000 >= min_delta = 0.0. New best score: 0.535
Metric val_auc_epoch improved by 0.000 >= min_delta = 0.0. New best score: 0.535
Metric val_auc_epoch improved by 0.000 >= min_delta = 0.0. New best score: 0.536
Metric val_auc_epoch improved by 0.000 >= min_delta = 0.0. New best score: 0.536
Metric val_auc_epoch improved by 0.000 >= min_delta = 0.0. New best score: 0.536
Metric val_auc_epoch improved by 0.000 >= min_delta = 0.0. New best score: 0.536
Metric val_auc_epoch improved by 0.000 >= min_delta = 0.0. New best score: 0.536
Metric val_auc_epoch improved by 0.000 >= min_delta = 0.0. New best score: 0.536
Metric val_auc_epoch improved by 0.000 >= min_delta = 0.0. New best score: 0.536
Metric val_auc_epoch improved by 0.000 >= min_delta = 0.0. New best score: 0.536
Metric val_auc_epoch improved by 0.000 >= min_delta = 0.0. New best score: 0.536
Metric val_auc_epoch improved by 0.000 >= min_delta = 0.0. New best score: 0.536
Metric val_auc_epoch improved by 0.000 >= min_delta = 0.0. New best score: 0.536
Metric val_auc_epoch improved by 0.000 >= min_delta = 0.0. New best score: 0.536
Metric val_auc_epoch improved by 0.000 >= min_delta = 0.0. New best score: 0.536
`Trainer.fit` stopped: `max_epochs=24` reached.
Restoring states from the checkpoint path at /home/eng/shilo_avital/yolo_lab/walk_to_paint/checkpoints/trial_31-epoch=23-val_auc_epoch=0.5363.ckpt
LOCAL_RANK: 0 - CUDA_VISIBLE_DEVICES: [3]
Loaded model weights from the checkpoint at /home/eng/shilo_avital/yolo_lab/walk_to_paint/checkpoints/trial_31-epoch=23-val_auc_epoch=0.5363.ckpt
/home/eng/shilo_avital/yolo_lab/walk_to_paint/.venv/lib64/python3.9/site-packages/pytorch_lightning/trainer/connectors/data_connector.py:425: The 'val_dataloader' does not have many workers which may be a bottleneck. Consider increasing the value of the `num_workers` argument` to `num_workers=127` in the `DataLoader` to improve performance.
────────────────────────────────────────────────────────────────────────────────────────────────────────────────────────
     Validate metric           DataLoader 0
────────────────────────────────────────────────────────────────────────────────────────────────────────────────────────
      val_acc_epoch         0.5263703465461731
      val_auc_epoch          0.536283016204834
      val_f1_epoch          0.5212902426719666
        val_loss            0.6924615502357483
────────────────────────────────────────────────────────────────────────────────────────────────────────────────────────
✅ Trial 31 completed - Val AUC: 0.5363
[I 2025-08-21 21:39:07,273] Trial 31 finished with value: -0.536283016204834 and parameters: {'dataset.max_walk_length': 47, 'dataset.num_walks': 165283, 'training.lr': 2.8057833199533987e-05, 'training.weight_decay': 0.02733584585562815, 'training.batch_size': 256, 'training.gradient_clip_val': 1.7612790990612233, 'training.early_stopping_patience': 14, 'model.nhead_emb_combo': 14, 'model.hidden_dim': 64, 'model.nlayers': 5, 'model.dropout': 0.4391576543234791, 'training.epochs': 24}. Best is trial 1 with value: -0.6377121806144714.
/home/eng/shilo_avital/yolo_lab/walk_to_paint/optuna_run.py:147: FutureWarning: suggest_loguniform has been deprecated in v3.0.0. This feature will be removed in v6.0.0. See https://github.com/optuna/optuna/releases/tag/v3.0.0. Use suggest_float(..., log=True) instead.
  cfg.training.lr = trial.suggest_loguniform("training.lr", 1e-5, 1e-1)
/home/eng/shilo_avital/yolo_lab/walk_to_paint/optuna_run.py:148: FutureWarning: suggest_loguniform has been deprecated in v3.0.0. This feature will be removed in v6.0.0. See https://github.com/optuna/optuna/releases/tag/v3.0.0. Use suggest_float(..., log=True) instead.
  cfg.training.weight_decay = trial.suggest_loguniform(

🔬 Trial 32 hyperparameters:
  Walk length: 49, Num walks: 196,984
  LR: 4.48e-05, Batch size: 256
  Model: emb_dim=32, hidden_dim=64
  Transformer: 5 layers, 2 heads
  Epochs: 23, Weighted loss: True
Loading bitcoin-alpha-binary dataset...
Success! ✅
Splitting edges for bitcoin-alpha-binary dataset...
Success! ✅
Sampling random walks from bitcoin-alpha-binary dataset...
Success! ✅
Building tokenizer for bitcoin-alpha-binary dataset...
Success! ✅
Padding and building stage tensors for bitcoin-alpha-binary dataset...
Success! ✅
Creating DataLoaders for bitcoin-alpha-binary dataset...
Success! ✅
GPU available: True (cuda), used: True
TPU available: False, using: 0 TPU cores
HPU available: False, using: 0 HPUs
/home/eng/shilo_avital/yolo_lab/walk_to_paint/.venv/lib64/python3.9/site-packages/pytorch_lightning/callbacks/model_checkpoint.py:658: Checkpoint directory /home/eng/shilo_avital/yolo_lab/walk_to_paint/checkpoints exists and is not empty.
LOCAL_RANK: 0 - CUDA_VISIBLE_DEVICES: [3]
/home/eng/shilo_avital/yolo_lab/walk_to_paint/.venv/lib64/python3.9/site-packages/pytorch_lightning/trainer/connectors/data_connector.py:425: The 'val_dataloader' does not have many workers which may be a bottleneck. Consider increasing the value of the `num_workers` argument` to `num_workers=127` in the `DataLoader` to improve performance.
/home/eng/shilo_avital/yolo_lab/walk_to_paint/.venv/lib64/python3.9/site-packages/pytorch_lightning/trainer/connectors/data_connector.py:425: The 'train_dataloader' does not have many workers which may be a bottleneck. Consider increasing the value of the `num_workers` argument` to `num_workers=127` in the `DataLoader` to improve performance.
Metric val_auc_epoch improved. New best score: 0.549
Metric val_auc_epoch improved by 0.003 >= min_delta = 0.0. New best score: 0.552
Metric val_auc_epoch improved by 0.001 >= min_delta = 0.0. New best score: 0.554
Metric val_auc_epoch improved by 0.001 >= min_delta = 0.0. New best score: 0.555
Metric val_auc_epoch improved by 0.000 >= min_delta = 0.0. New best score: 0.555
❌ Trial 32 failed: Trial was pruned at epoch 5.
[I 2025-08-21 21:41:00,280] Trial 32 finished with value: 0.0 and parameters: {'dataset.max_walk_length': 49, 'dataset.num_walks': 196984, 'training.lr': 4.477155287464194e-05, 'training.weight_decay': 0.009461356521510042, 'training.batch_size': 256, 'training.gradient_clip_val': 1.679216502013584, 'training.early_stopping_patience': 11, 'model.nhead_emb_combo': 9, 'model.hidden_dim': 64, 'model.nlayers': 5, 'model.dropout': 0.3512720047407699, 'training.epochs': 23}. Best is trial 1 with value: -0.6377121806144714.
/home/eng/shilo_avital/yolo_lab/walk_to_paint/optuna_run.py:147: FutureWarning: suggest_loguniform has been deprecated in v3.0.0. This feature will be removed in v6.0.0. See https://github.com/optuna/optuna/releases/tag/v3.0.0. Use suggest_float(..., log=True) instead.
  cfg.training.lr = trial.suggest_loguniform("training.lr", 1e-5, 1e-1)
/home/eng/shilo_avital/yolo_lab/walk_to_paint/optuna_run.py:148: FutureWarning: suggest_loguniform has been deprecated in v3.0.0. This feature will be removed in v6.0.0. See https://github.com/optuna/optuna/releases/tag/v3.0.0. Use suggest_float(..., log=True) instead.
  cfg.training.weight_decay = trial.suggest_loguniform(

🔬 Trial 33 hyperparameters:
  Walk length: 34, Num walks: 142,354
  LR: 1.98e-05, Batch size: 256
  Model: emb_dim=128, hidden_dim=64
  Transformer: 6 layers, 4 heads
  Epochs: 30, Weighted loss: True
Loading bitcoin-alpha-binary dataset...
Success! ✅
Splitting edges for bitcoin-alpha-binary dataset...
Success! ✅
Sampling random walks from bitcoin-alpha-binary dataset...
Success! ✅
Building tokenizer for bitcoin-alpha-binary dataset...
Success! ✅
Padding and building stage tensors for bitcoin-alpha-binary dataset...
Success! ✅
Creating DataLoaders for bitcoin-alpha-binary dataset...
Success! ✅
GPU available: True (cuda), used: True
TPU available: False, using: 0 TPU cores
HPU available: False, using: 0 HPUs
/home/eng/shilo_avital/yolo_lab/walk_to_paint/.venv/lib64/python3.9/site-packages/pytorch_lightning/callbacks/model_checkpoint.py:658: Checkpoint directory /home/eng/shilo_avital/yolo_lab/walk_to_paint/checkpoints exists and is not empty.
LOCAL_RANK: 0 - CUDA_VISIBLE_DEVICES: [3]
/home/eng/shilo_avital/yolo_lab/walk_to_paint/.venv/lib64/python3.9/site-packages/pytorch_lightning/trainer/connectors/data_connector.py:425: The 'val_dataloader' does not have many workers which may be a bottleneck. Consider increasing the value of the `num_workers` argument` to `num_workers=127` in the `DataLoader` to improve performance.
/home/eng/shilo_avital/yolo_lab/walk_to_paint/.venv/lib64/python3.9/site-packages/pytorch_lightning/trainer/connectors/data_connector.py:425: The 'train_dataloader' does not have many workers which may be a bottleneck. Consider increasing the value of the `num_workers` argument` to `num_workers=127` in the `DataLoader` to improve performance.
Metric val_auc_epoch improved. New best score: 0.541
Metric val_auc_epoch improved by 0.003 >= min_delta = 0.0. New best score: 0.544
Metric val_auc_epoch improved by 0.000 >= min_delta = 0.0. New best score: 0.544
❌ Trial 33 failed: Trial was pruned at epoch 8.
