[I 2025-08-22 03:31:28,973] Trial 88 finished with value: 0.0 and parameters: {'dataset.max_walk_length': 12, 'dataset.num_walks': 109105, 'training.lr': 2.6496932168393095e-05, 'training.weight_decay': 0.09466059844696753, 'training.batch_size': 32, 'training.gradient_clip_val': 1.794600140690539, 'training.early_stopping_patience': 6, 'model.nhead_emb_combo': 15, 'model.hidden_dim': 16, 'model.nlayers': 2, 'model.dropout': 0.48547175548735955, 'training.epochs': 18}. Best is trial 1 with value: -0.6377121806144714.
/home/eng/shilo_avital/yolo_lab/walk_to_paint/optuna_run.py:147: FutureWarning: suggest_loguniform has been deprecated in v3.0.0. This feature will be removed in v6.0.0. See https://github.com/optuna/optuna/releases/tag/v3.0.0. Use suggest_float(..., log=True) instead.
  cfg.training.lr = trial.suggest_loguniform("training.lr", 1e-5, 1e-1)
/home/eng/shilo_avital/yolo_lab/walk_to_paint/optuna_run.py:148: FutureWarning: suggest_loguniform has been deprecated in v3.0.0. This feature will be removed in v6.0.0. See https://github.com/optuna/optuna/releases/tag/v3.0.0. Use suggest_float(..., log=True) instead.
  cfg.training.weight_decay = trial.suggest_loguniform(

🔬 Trial 89 hyperparameters:
  Walk length: 22, Num walks: 173,600
  LR: 4.53e-05, Batch size: 32
  Model: emb_dim=8, hidden_dim=8
  Transformer: 3 layers, 4 heads
  Epochs: 17, Weighted loss: True
Loading bitcoin-alpha-binary dataset...
Success! ✅
Splitting edges for bitcoin-alpha-binary dataset...
Success! ✅
Sampling random walks from bitcoin-alpha-binary dataset...
Success! ✅
Building tokenizer for bitcoin-alpha-binary dataset...
Success! ✅
Padding and building stage tensors for bitcoin-alpha-binary dataset...
Success! ✅
Creating DataLoaders for bitcoin-alpha-binary dataset...
Success! ✅
GPU available: True (cuda), used: True
TPU available: False, using: 0 TPU cores
HPU available: False, using: 0 HPUs
/home/eng/shilo_avital/yolo_lab/walk_to_paint/.venv/lib64/python3.9/site-packages/pytorch_lightning/callbacks/model_checkpoint.py:658: Checkpoint directory /home/eng/shilo_avital/yolo_lab/walk_to_paint/checkpoints exists and is not empty.
LOCAL_RANK: 0 - CUDA_VISIBLE_DEVICES: [3]
/home/eng/shilo_avital/yolo_lab/walk_to_paint/.venv/lib64/python3.9/site-packages/pytorch_lightning/trainer/connectors/data_connector.py:425: The 'val_dataloader' does not have many workers which may be a bottleneck. Consider increasing the value of the `num_workers` argument` to `num_workers=127` in the `DataLoader` to improve performance.
/home/eng/shilo_avital/yolo_lab/walk_to_paint/.venv/lib64/python3.9/site-packages/pytorch_lightning/trainer/connectors/data_connector.py:425: The 'train_dataloader' does not have many workers which may be a bottleneck. Consider increasing the value of the `num_workers` argument` to `num_workers=127` in the `DataLoader` to improve performance.
Metric val_auc_epoch improved. New best score: 0.501
Metric val_auc_epoch improved by 0.018 >= min_delta = 0.0. New best score: 0.519
Metric val_auc_epoch improved by 0.019 >= min_delta = 0.0. New best score: 0.538
Metric val_auc_epoch improved by 0.014 >= min_delta = 0.0. New best score: 0.552
Metric val_auc_epoch improved by 0.005 >= min_delta = 0.0. New best score: 0.557
Metric val_auc_epoch improved by 0.003 >= min_delta = 0.0. New best score: 0.560
Metric val_auc_epoch improved by 0.002 >= min_delta = 0.0. New best score: 0.562
Metric val_auc_epoch improved by 0.001 >= min_delta = 0.0. New best score: 0.564
Metric val_auc_epoch improved by 0.001 >= min_delta = 0.0. New best score: 0.565
Metric val_auc_epoch improved by 0.001 >= min_delta = 0.0. New best score: 0.565
Metric val_auc_epoch improved by 0.000 >= min_delta = 0.0. New best score: 0.566
Metric val_auc_epoch improved by 0.000 >= min_delta = 0.0. New best score: 0.566
Metric val_auc_epoch improved by 0.000 >= min_delta = 0.0. New best score: 0.566
Metric val_auc_epoch improved by 0.000 >= min_delta = 0.0. New best score: 0.566
Metric val_auc_epoch improved by 0.000 >= min_delta = 0.0. New best score: 0.566
Metric val_auc_epoch improved by 0.000 >= min_delta = 0.0. New best score: 0.566
Metric val_auc_epoch improved by 0.000 >= min_delta = 0.0. New best score: 0.566
`Trainer.fit` stopped: `max_epochs=17` reached.
Restoring states from the checkpoint path at /home/eng/shilo_avital/yolo_lab/walk_to_paint/checkpoints/trial_89-epoch=16-val_auc_epoch=0.5663.ckpt
LOCAL_RANK: 0 - CUDA_VISIBLE_DEVICES: [3]
Loaded model weights from the checkpoint at /home/eng/shilo_avital/yolo_lab/walk_to_paint/checkpoints/trial_89-epoch=16-val_auc_epoch=0.5663.ckpt
/home/eng/shilo_avital/yolo_lab/walk_to_paint/.venv/lib64/python3.9/site-packages/pytorch_lightning/trainer/connectors/data_connector.py:425: The 'val_dataloader' does not have many workers which may be a bottleneck. Consider increasing the value of the `num_workers` argument` to `num_workers=127` in the `DataLoader` to improve performance.
────────────────────────────────────────────────────────────────────────────────────────────────────────────────────────
     Validate metric           DataLoader 0
────────────────────────────────────────────────────────────────────────────────────────────────────────────────────────
      val_acc_epoch          0.547672688961029
      val_auc_epoch         0.5662856101989746
      val_f1_epoch          0.5473642945289612
        val_loss            0.6872156858444214
────────────────────────────────────────────────────────────────────────────────────────────────────────────────────────
✅ Trial 89 completed - Val AUC: 0.5663
[I 2025-08-22 03:49:15,417] Trial 89 finished with value: -0.5662856101989746 and parameters: {'dataset.max_walk_length': 22, 'dataset.num_walks': 173600, 'training.lr': 4.534942043082176e-05, 'training.weight_decay': 0.052392859835844525, 'training.batch_size': 32, 'training.gradient_clip_val': 1.7235971603761269, 'training.early_stopping_patience': 5, 'model.nhead_emb_combo': 13, 'model.hidden_dim': 8, 'model.nlayers': 3, 'model.dropout': 0.569498552394881, 'training.epochs': 17}. Best is trial 1 with value: -0.6377121806144714.
/home/eng/shilo_avital/yolo_lab/walk_to_paint/optuna_run.py:147: FutureWarning: suggest_loguniform has been deprecated in v3.0.0. This feature will be removed in v6.0.0. See https://github.com/optuna/optuna/releases/tag/v3.0.0. Use suggest_float(..., log=True) instead.
  cfg.training.lr = trial.suggest_loguniform("training.lr", 1e-5, 1e-1)
/home/eng/shilo_avital/yolo_lab/walk_to_paint/optuna_run.py:148: FutureWarning: suggest_loguniform has been deprecated in v3.0.0. This feature will be removed in v6.0.0. See https://github.com/optuna/optuna/releases/tag/v3.0.0. Use suggest_float(..., log=True) instead.
  cfg.training.weight_decay = trial.suggest_loguniform(

🔬 Trial 90 hyperparameters:
  Walk length: 22, Num walks: 182,123
  LR: 4.93e-05, Batch size: 32
  Model: emb_dim=128, hidden_dim=8
  Transformer: 4 layers, 4 heads
  Epochs: 20, Weighted loss: True
Loading bitcoin-alpha-binary dataset...
Success! ✅
Splitting edges for bitcoin-alpha-binary dataset...
Success! ✅
Sampling random walks from bitcoin-alpha-binary dataset...
Success! ✅
Building tokenizer for bitcoin-alpha-binary dataset...
Success! ✅
Padding and building stage tensors for bitcoin-alpha-binary dataset...
Success! ✅
Creating DataLoaders for bitcoin-alpha-binary dataset...
Success! ✅
GPU available: True (cuda), used: True
TPU available: False, using: 0 TPU cores
HPU available: False, using: 0 HPUs
/home/eng/shilo_avital/yolo_lab/walk_to_paint/.venv/lib64/python3.9/site-packages/pytorch_lightning/callbacks/model_checkpoint.py:658: Checkpoint directory /home/eng/shilo_avital/yolo_lab/walk_to_paint/checkpoints exists and is not empty.
LOCAL_RANK: 0 - CUDA_VISIBLE_DEVICES: [3]
/home/eng/shilo_avital/yolo_lab/walk_to_paint/.venv/lib64/python3.9/site-packages/pytorch_lightning/trainer/connectors/data_connector.py:425: The 'val_dataloader' does not have many workers which may be a bottleneck. Consider increasing the value of the `num_workers` argument` to `num_workers=127` in the `DataLoader` to improve performance.
/home/eng/shilo_avital/yolo_lab/walk_to_paint/.venv/lib64/python3.9/site-packages/pytorch_lightning/trainer/connectors/data_connector.py:425: The 'train_dataloader' does not have many workers which may be a bottleneck. Consider increasing the value of the `num_workers` argument` to `num_workers=127` in the `DataLoader` to improve performance.
Metric val_auc_epoch improved. New best score: 0.567
Metric val_auc_epoch improved by 0.003 >= min_delta = 0.0. New best score: 0.570
Metric val_auc_epoch improved by 0.016 >= min_delta = 0.0. New best score: 0.586
Metric val_auc_epoch improved by 0.011 >= min_delta = 0.0. New best score: 0.598
❌ Trial 90 failed: Trial was pruned at epoch 5.
[I 2025-08-22 03:56:27,242] Trial 90 finished with value: 0.0 and parameters: {'dataset.max_walk_length': 22, 'dataset.num_walks': 182123, 'training.lr': 4.9287094877666295e-05, 'training.weight_decay': 0.027292781148035503, 'training.batch_size': 32, 'training.gradient_clip_val': 1.5931742422790045, 'training.early_stopping_patience': 5, 'model.nhead_emb_combo': 17, 'model.hidden_dim': 8, 'model.nlayers': 4, 'model.dropout': 0.5176207065902353, 'training.epochs': 20}. Best is trial 1 with value: -0.6377121806144714.
🧹 Cleaning up old checkpoints and logs (keeping top 10)...
  Removed old checkpoint: trial_80-epoch=17-val_auc_epoch=0.5420.ckpt
  Removed old checkpoint: trial_79-epoch=20-val_auc_epoch=0.5044.ckpt
  Removed old checkpoint: trial_78-epoch=18-val_auc_epoch=0.5406.ckpt
  Removed old checkpoint: trial_77-epoch=13-val_auc_epoch=0.5602.ckpt
  Removed old checkpoint: trial_76-epoch=03-val_auc_epoch=0.5544.ckpt
  Removed old log dir: trial_80
  Removed old log dir: trial_79
  Removed old log dir: trial_78
  Removed old log dir: trial_77
  Removed old log dir: trial_76
/home/eng/shilo_avital/yolo_lab/walk_to_paint/optuna_run.py:147: FutureWarning: suggest_loguniform has been deprecated in v3.0.0. This feature will be removed in v6.0.0. See https://github.com/optuna/optuna/releases/tag/v3.0.0. Use suggest_float(..., log=True) instead.
  cfg.training.lr = trial.suggest_loguniform("training.lr", 1e-5, 1e-1)
/home/eng/shilo_avital/yolo_lab/walk_to_paint/optuna_run.py:148: FutureWarning: suggest_loguniform has been deprecated in v3.0.0. This feature will be removed in v6.0.0. See https://github.com/optuna/optuna/releases/tag/v3.0.0. Use suggest_float(..., log=True) instead.
  cfg.training.weight_decay = trial.suggest_loguniform(

🔬 Trial 91 hyperparameters:
  Walk length: 10, Num walks: 175,805
  LR: 3.87e-05, Batch size: 32
  Model: emb_dim=128, hidden_dim=8
  Transformer: 3 layers, 2 heads
  Epochs: 17, Weighted loss: True
Loading bitcoin-alpha-binary dataset...
Success! ✅
Splitting edges for bitcoin-alpha-binary dataset...
Success! ✅
Sampling random walks from bitcoin-alpha-binary dataset...
Success! ✅
Building tokenizer for bitcoin-alpha-binary dataset...
Success! ✅
Padding and building stage tensors for bitcoin-alpha-binary dataset...
Success! ✅
Creating DataLoaders for bitcoin-alpha-binary dataset...
Success! ✅
GPU available: True (cuda), used: True
TPU available: False, using: 0 TPU cores
HPU available: False, using: 0 HPUs
/home/eng/shilo_avital/yolo_lab/walk_to_paint/.venv/lib64/python3.9/site-packages/pytorch_lightning/callbacks/model_checkpoint.py:658: Checkpoint directory /home/eng/shilo_avital/yolo_lab/walk_to_paint/checkpoints exists and is not empty.
LOCAL_RANK: 0 - CUDA_VISIBLE_DEVICES: [3]
/home/eng/shilo_avital/yolo_lab/walk_to_paint/.venv/lib64/python3.9/site-packages/pytorch_lightning/trainer/connectors/data_connector.py:425: The 'val_dataloader' does not have many workers which may be a bottleneck. Consider increasing the value of the `num_workers` argument` to `num_workers=127` in the `DataLoader` to improve performance.
/home/eng/shilo_avital/yolo_lab/walk_to_paint/.venv/lib64/python3.9/site-packages/pytorch_lightning/trainer/connectors/data_connector.py:425: The 'train_dataloader' does not have many workers which may be a bottleneck. Consider increasing the value of the `num_workers` argument` to `num_workers=127` in the `DataLoader` to improve performance.
Metric val_auc_epoch improved. New best score: 0.574
Metric val_auc_epoch improved by 0.003 >= min_delta = 0.0. New best score: 0.576
Metric val_auc_epoch improved by 0.008 >= min_delta = 0.0. New best score: 0.584
Metric val_auc_epoch improved by 0.003 >= min_delta = 0.0. New best score: 0.588
Metric val_auc_epoch improved by 0.007 >= min_delta = 0.0. New best score: 0.595
❌ Trial 91 failed: Trial was pruned at epoch 5.
[I 2025-08-22 04:02:32,452] Trial 91 finished with value: 0.0 and parameters: {'dataset.max_walk_length': 10, 'dataset.num_walks': 175805, 'training.lr': 3.873805290474809e-05, 'training.weight_decay': 0.05404077231568863, 'training.batch_size': 32, 'training.gradient_clip_val': 1.7443558450575498, 'training.early_stopping_patience': 6, 'model.nhead_emb_combo': 11, 'model.hidden_dim': 8, 'model.nlayers': 3, 'model.dropout': 0.5610546358301591, 'training.epochs': 17}. Best is trial 1 with value: -0.6377121806144714.
/home/eng/shilo_avital/yolo_lab/walk_to_paint/optuna_run.py:147: FutureWarning: suggest_loguniform has been deprecated in v3.0.0. This feature will be removed in v6.0.0. See https://github.com/optuna/optuna/releases/tag/v3.0.0. Use suggest_float(..., log=True) instead.
  cfg.training.lr = trial.suggest_loguniform("training.lr", 1e-5, 1e-1)
/home/eng/shilo_avital/yolo_lab/walk_to_paint/optuna_run.py:148: FutureWarning: suggest_loguniform has been deprecated in v3.0.0. This feature will be removed in v6.0.0. See https://github.com/optuna/optuna/releases/tag/v3.0.0. Use suggest_float(..., log=True) instead.
  cfg.training.weight_decay = trial.suggest_loguniform(

🔬 Trial 92 hyperparameters:
  Walk length: 57, Num walks: 163,765
  LR: 3.42e-05, Batch size: 32
  Model: emb_dim=16, hidden_dim=8
  Transformer: 2 layers, 4 heads
  Epochs: 16, Weighted loss: True
Loading bitcoin-alpha-binary dataset...
Success! ✅
Splitting edges for bitcoin-alpha-binary dataset...
Success! ✅
Sampling random walks from bitcoin-alpha-binary dataset...
Success! ✅
Building tokenizer for bitcoin-alpha-binary dataset...
Success! ✅
Padding and building stage tensors for bitcoin-alpha-binary dataset...
Success! ✅
Creating DataLoaders for bitcoin-alpha-binary dataset...
Success! ✅
GPU available: True (cuda), used: True
TPU available: False, using: 0 TPU cores
HPU available: False, using: 0 HPUs
/home/eng/shilo_avital/yolo_lab/walk_to_paint/.venv/lib64/python3.9/site-packages/pytorch_lightning/callbacks/model_checkpoint.py:658: Checkpoint directory /home/eng/shilo_avital/yolo_lab/walk_to_paint/checkpoints exists and is not empty.
LOCAL_RANK: 0 - CUDA_VISIBLE_DEVICES: [3]
/home/eng/shilo_avital/yolo_lab/walk_to_paint/.venv/lib64/python3.9/site-packages/pytorch_lightning/trainer/connectors/data_connector.py:425: The 'val_dataloader' does not have many workers which may be a bottleneck. Consider increasing the value of the `num_workers` argument` to `num_workers=127` in the `DataLoader` to improve performance.
/home/eng/shilo_avital/yolo_lab/walk_to_paint/.venv/lib64/python3.9/site-packages/pytorch_lightning/trainer/connectors/data_connector.py:425: The 'train_dataloader' does not have many workers which may be a bottleneck. Consider increasing the value of the `num_workers` argument` to `num_workers=127` in the `DataLoader` to improve performance.
Metric val_auc_epoch improved. New best score: 0.513
Metric val_auc_epoch improved by 0.013 >= min_delta = 0.0. New best score: 0.526
Metric val_auc_epoch improved by 0.016 >= min_delta = 0.0. New best score: 0.542
Metric val_auc_epoch improved by 0.008 >= min_delta = 0.0. New best score: 0.550
Metric val_auc_epoch improved by 0.003 >= min_delta = 0.0. New best score: 0.553
Metric val_auc_epoch improved by 0.001 >= min_delta = 0.0. New best score: 0.554
Metric val_auc_epoch improved by 0.001 >= min_delta = 0.0. New best score: 0.555
Metric val_auc_epoch improved by 0.000 >= min_delta = 0.0. New best score: 0.555
Metric val_auc_epoch improved by 0.000 >= min_delta = 0.0. New best score: 0.555
Metric val_auc_epoch improved by 0.000 >= min_delta = 0.0. New best score: 0.556
Metric val_auc_epoch improved by 0.000 >= min_delta = 0.0. New best score: 0.556
Metric val_auc_epoch improved by 0.000 >= min_delta = 0.0. New best score: 0.556
Metric val_auc_epoch improved by 0.000 >= min_delta = 0.0. New best score: 0.556
Metric val_auc_epoch improved by 0.000 >= min_delta = 0.0. New best score: 0.556
Metric val_auc_epoch improved by 0.000 >= min_delta = 0.0. New best score: 0.556
Metric val_auc_epoch improved by 0.000 >= min_delta = 0.0. New best score: 0.556
`Trainer.fit` stopped: `max_epochs=16` reached.
Restoring states from the checkpoint path at /home/eng/shilo_avital/yolo_lab/walk_to_paint/checkpoints/trial_92-epoch=15-val_auc_epoch=0.5560.ckpt
LOCAL_RANK: 0 - CUDA_VISIBLE_DEVICES: [3]
Loaded model weights from the checkpoint at /home/eng/shilo_avital/yolo_lab/walk_to_paint/checkpoints/trial_92-epoch=15-val_auc_epoch=0.5560.ckpt
/home/eng/shilo_avital/yolo_lab/walk_to_paint/.venv/lib64/python3.9/site-packages/pytorch_lightning/trainer/connectors/data_connector.py:425: The 'val_dataloader' does not have many workers which may be a bottleneck. Consider increasing the value of the `num_workers` argument` to `num_workers=127` in the `DataLoader` to improve performance.
────────────────────────────────────────────────────────────────────────────────────────────────────────────────────────
     Validate metric           DataLoader 0
────────────────────────────────────────────────────────────────────────────────────────────────────────────────────────
      val_acc_epoch         0.5369337797164917
      val_auc_epoch         0.5559570789337158
      val_f1_epoch          0.5369375944137573
        val_loss            0.6863216161727905
────────────────────────────────────────────────────────────────────────────────────────────────────────────────────────
✅ Trial 92 completed - Val AUC: 0.5560
