[I 2025-08-24 02:26:39,012] Trial 290 finished with value: -0.641294002532959 and parameters: {'dataset.max_walk_length': 76, 'dataset.num_walks': 459470, 'training.lr': 0.0007278895810421904, 'training.weight_decay': 0.009108211279688267, 'training.batch_size': 64, 'training.gradient_clip_val': 0.29140650153602576, 'training.early_stopping_patience': 6, 'model.nhead_emb_combo': 22, 'model.hidden_dim': 16, 'model.nlayers': 5, 'model.dropout': 0.699417800652614, 'training.epochs': 23}. Best is trial 229 with value: -0.6563454866409302.
🧹 Cleaning up old checkpoints and logs (keeping top 10)...
  Removed old checkpoint: trial_280-epoch=05-val_auc_epoch=0.6323.ckpt
  Removed old checkpoint: trial_279-epoch=06-val_auc_epoch=0.6244.ckpt
  Removed old checkpoint: trial_278-epoch=00-val_auc_epoch=0.5368.ckpt
  Removed old checkpoint: trial_277-epoch=11-val_auc_epoch=0.6511.ckpt
  Removed old checkpoint: trial_276-epoch=06-val_auc_epoch=0.6296.ckpt
  Removed old log dir: trial_280
  Removed old log dir: trial_279
  Removed old log dir: trial_278
  Removed old log dir: trial_277
  Removed old log dir: trial_276
/home/eng/shilo_avital/yolo_lab/walk_to_paint/optuna_run.py:147: FutureWarning: suggest_loguniform has been deprecated in v3.0.0. This feature will be removed in v6.0.0. See https://github.com/optuna/optuna/releases/tag/v3.0.0. Use suggest_float(..., log=True) instead.
  cfg.training.lr = trial.suggest_loguniform("training.lr", 1e-5, 1e-1)
/home/eng/shilo_avital/yolo_lab/walk_to_paint/optuna_run.py:148: FutureWarning: suggest_loguniform has been deprecated in v3.0.0. This feature will be removed in v6.0.0. See https://github.com/optuna/optuna/releases/tag/v3.0.0. Use suggest_float(..., log=True) instead.
  cfg.training.weight_decay = trial.suggest_loguniform(

🔬 Trial 291 hyperparameters:
  Walk length: 76, Num walks: 453,017
  LR: 7.57e-04, Batch size: 64
  Model: emb_dim=128, hidden_dim=16
  Transformer: 5 layers, 8 heads
  Epochs: 23, Weighted loss: True
Loading bitcoin-alpha-binary dataset...
Success! ✅
Splitting edges for bitcoin-alpha-binary dataset...
Success! ✅
Sampling random walks from bitcoin-alpha-binary dataset...
Success! ✅
Building tokenizer for bitcoin-alpha-binary dataset...
Success! ✅
Padding and building stage tensors for bitcoin-alpha-binary dataset...
Success! ✅
Creating DataLoaders for bitcoin-alpha-binary dataset...
Success! ✅
GPU available: True (cuda), used: True
TPU available: False, using: 0 TPU cores
HPU available: False, using: 0 HPUs
/home/eng/shilo_avital/yolo_lab/walk_to_paint/.venv/lib64/python3.9/site-packages/pytorch_lightning/callbacks/model_checkpoint.py:658: Checkpoint directory /home/eng/shilo_avital/yolo_lab/walk_to_paint/checkpoints exists and is not empty.
LOCAL_RANK: 0 - CUDA_VISIBLE_DEVICES: [3]
/home/eng/shilo_avital/yolo_lab/walk_to_paint/.venv/lib64/python3.9/site-packages/pytorch_lightning/trainer/connectors/data_connector.py:425: The 'val_dataloader' does not have many workers which may be a bottleneck. Consider increasing the value of the `num_workers` argument` to `num_workers=127` in the `DataLoader` to improve performance.
/home/eng/shilo_avital/yolo_lab/walk_to_paint/.venv/lib64/python3.9/site-packages/pytorch_lightning/trainer/connectors/data_connector.py:425: The 'train_dataloader' does not have many workers which may be a bottleneck. Consider increasing the value of the `num_workers` argument` to `num_workers=127` in the `DataLoader` to improve performance.
Metric val_auc_epoch improved. New best score: 0.519
Metric val_auc_epoch improved by 0.004 >= min_delta = 0.0. New best score: 0.523
Metric val_auc_epoch improved by 0.001 >= min_delta = 0.0. New best score: 0.524
Metric val_auc_epoch improved by 0.002 >= min_delta = 0.0. New best score: 0.526
Metric val_auc_epoch improved by 0.006 >= min_delta = 0.0. New best score: 0.531
Metric val_auc_epoch improved by 0.015 >= min_delta = 0.0. New best score: 0.546
Metric val_auc_epoch improved by 0.003 >= min_delta = 0.0. New best score: 0.548
Metric val_auc_epoch improved by 0.005 >= min_delta = 0.0. New best score: 0.553
Metric val_auc_epoch improved by 0.002 >= min_delta = 0.0. New best score: 0.555
Metric val_auc_epoch improved by 0.003 >= min_delta = 0.0. New best score: 0.558
Metric val_auc_epoch improved by 0.044 >= min_delta = 0.0. New best score: 0.602
Metric val_auc_epoch improved by 0.000 >= min_delta = 0.0. New best score: 0.602
Monitored metric val_auc_epoch did not improve in the last 6 records. Best score: 0.602. Signaling Trainer to stop.
Restoring states from the checkpoint path at /home/eng/shilo_avital/yolo_lab/walk_to_paint/checkpoints/trial_291-epoch=14-val_auc_epoch=0.6025.ckpt
LOCAL_RANK: 0 - CUDA_VISIBLE_DEVICES: [3]
Loaded model weights from the checkpoint at /home/eng/shilo_avital/yolo_lab/walk_to_paint/checkpoints/trial_291-epoch=14-val_auc_epoch=0.6025.ckpt
/home/eng/shilo_avital/yolo_lab/walk_to_paint/.venv/lib64/python3.9/site-packages/pytorch_lightning/trainer/connectors/data_connector.py:425: The 'val_dataloader' does not have many workers which may be a bottleneck. Consider increasing the value of the `num_workers` argument` to `num_workers=127` in the `DataLoader` to improve performance.
────────────────────────────────────────────────────────────────────────────────────────────────────────────────────────
     Validate metric           DataLoader 0
────────────────────────────────────────────────────────────────────────────────────────────────────────────────────────
      val_acc_epoch         0.5913155674934387
      val_auc_epoch         0.6024839282035828
      val_f1_epoch          0.5872286558151245
        val_loss            2.7962284088134766
────────────────────────────────────────────────────────────────────────────────────────────────────────────────────────
✅ Trial 291 completed - Val AUC: 0.6025
[I 2025-08-24 03:18:08,032] Trial 291 finished with value: -0.6024839282035828 and parameters: {'dataset.max_walk_length': 76, 'dataset.num_walks': 453017, 'training.lr': 0.0007570301868192988, 'training.weight_decay': 0.010843320400985297, 'training.batch_size': 64, 'training.gradient_clip_val': 0.2941165116971789, 'training.early_stopping_patience': 6, 'model.nhead_emb_combo': 22, 'model.hidden_dim': 16, 'model.nlayers': 5, 'model.dropout': 0.695625883984137, 'training.epochs': 23}. Best is trial 229 with value: -0.6563454866409302.
/home/eng/shilo_avital/yolo_lab/walk_to_paint/optuna_run.py:147: FutureWarning: suggest_loguniform has been deprecated in v3.0.0. This feature will be removed in v6.0.0. See https://github.com/optuna/optuna/releases/tag/v3.0.0. Use suggest_float(..., log=True) instead.
  cfg.training.lr = trial.suggest_loguniform("training.lr", 1e-5, 1e-1)
/home/eng/shilo_avital/yolo_lab/walk_to_paint/optuna_run.py:148: FutureWarning: suggest_loguniform has been deprecated in v3.0.0. This feature will be removed in v6.0.0. See https://github.com/optuna/optuna/releases/tag/v3.0.0. Use suggest_float(..., log=True) instead.
  cfg.training.weight_decay = trial.suggest_loguniform(

🔬 Trial 292 hyperparameters:
  Walk length: 78, Num walks: 375,563
  LR: 7.06e-04, Batch size: 64
  Model: emb_dim=128, hidden_dim=16
  Transformer: 5 layers, 8 heads
  Epochs: 23, Weighted loss: True
Loading bitcoin-alpha-binary dataset...
Success! ✅
Splitting edges for bitcoin-alpha-binary dataset...
Success! ✅
Sampling random walks from bitcoin-alpha-binary dataset...
Success! ✅
Building tokenizer for bitcoin-alpha-binary dataset...
Success! ✅
Padding and building stage tensors for bitcoin-alpha-binary dataset...
Success! ✅
Creating DataLoaders for bitcoin-alpha-binary dataset...
Success! ✅
GPU available: True (cuda), used: True
TPU available: False, using: 0 TPU cores
HPU available: False, using: 0 HPUs
/home/eng/shilo_avital/yolo_lab/walk_to_paint/.venv/lib64/python3.9/site-packages/pytorch_lightning/callbacks/model_checkpoint.py:658: Checkpoint directory /home/eng/shilo_avital/yolo_lab/walk_to_paint/checkpoints exists and is not empty.
LOCAL_RANK: 0 - CUDA_VISIBLE_DEVICES: [3]
/home/eng/shilo_avital/yolo_lab/walk_to_paint/.venv/lib64/python3.9/site-packages/pytorch_lightning/trainer/connectors/data_connector.py:425: The 'val_dataloader' does not have many workers which may be a bottleneck. Consider increasing the value of the `num_workers` argument` to `num_workers=127` in the `DataLoader` to improve performance.
/home/eng/shilo_avital/yolo_lab/walk_to_paint/.venv/lib64/python3.9/site-packages/pytorch_lightning/trainer/connectors/data_connector.py:425: The 'train_dataloader' does not have many workers which may be a bottleneck. Consider increasing the value of the `num_workers` argument` to `num_workers=127` in the `DataLoader` to improve performance.
Metric val_auc_epoch improved. New best score: 0.546
Metric val_auc_epoch improved by 0.002 >= min_delta = 0.0. New best score: 0.548
Metric val_auc_epoch improved by 0.007 >= min_delta = 0.0. New best score: 0.555
Metric val_auc_epoch improved by 0.009 >= min_delta = 0.0. New best score: 0.564
Metric val_auc_epoch improved by 0.005 >= min_delta = 0.0. New best score: 0.570
Metric val_auc_epoch improved by 0.000 >= min_delta = 0.0. New best score: 0.570
Metric val_auc_epoch improved by 0.001 >= min_delta = 0.0. New best score: 0.570
Metric val_auc_epoch improved by 0.042 >= min_delta = 0.0. New best score: 0.612
Metric val_auc_epoch improved by 0.015 >= min_delta = 0.0. New best score: 0.627
Monitored metric val_auc_epoch did not improve in the last 6 records. Best score: 0.627. Signaling Trainer to stop.
Restoring states from the checkpoint path at /home/eng/shilo_avital/yolo_lab/walk_to_paint/checkpoints/trial_292-epoch=09-val_auc_epoch=0.6266.ckpt
LOCAL_RANK: 0 - CUDA_VISIBLE_DEVICES: [3]
Loaded model weights from the checkpoint at /home/eng/shilo_avital/yolo_lab/walk_to_paint/checkpoints/trial_292-epoch=09-val_auc_epoch=0.6266.ckpt
/home/eng/shilo_avital/yolo_lab/walk_to_paint/.venv/lib64/python3.9/site-packages/pytorch_lightning/trainer/connectors/data_connector.py:425: The 'val_dataloader' does not have many workers which may be a bottleneck. Consider increasing the value of the `num_workers` argument` to `num_workers=127` in the `DataLoader` to improve performance.
────────────────────────────────────────────────────────────────────────────────────────────────────────────────────────
     Validate metric           DataLoader 0
────────────────────────────────────────────────────────────────────────────────────────────────────────────────────────
      val_acc_epoch         0.5957844257354736
      val_auc_epoch         0.6265681982040405
      val_f1_epoch          0.5904954671859741
        val_loss            1.6937304735183716
────────────────────────────────────────────────────────────────────────────────────────────────────────────────────────
✅ Trial 292 completed - Val AUC: 0.6266
[I 2025-08-24 03:52:46,515] Trial 292 finished with value: -0.6265681982040405 and parameters: {'dataset.max_walk_length': 78, 'dataset.num_walks': 375563, 'training.lr': 0.0007064849766425998, 'training.weight_decay': 0.007403396387297645, 'training.batch_size': 64, 'training.gradient_clip_val': 0.3018868599624326, 'training.early_stopping_patience': 6, 'model.nhead_emb_combo': 22, 'model.hidden_dim': 16, 'model.nlayers': 5, 'model.dropout': 0.6897226563891455, 'training.epochs': 23}. Best is trial 229 with value: -0.6563454866409302.
/home/eng/shilo_avital/yolo_lab/walk_to_paint/optuna_run.py:147: FutureWarning: suggest_loguniform has been deprecated in v3.0.0. This feature will be removed in v6.0.0. See https://github.com/optuna/optuna/releases/tag/v3.0.0. Use suggest_float(..., log=True) instead.
  cfg.training.lr = trial.suggest_loguniform("training.lr", 1e-5, 1e-1)
/home/eng/shilo_avital/yolo_lab/walk_to_paint/optuna_run.py:148: FutureWarning: suggest_loguniform has been deprecated in v3.0.0. This feature will be removed in v6.0.0. See https://github.com/optuna/optuna/releases/tag/v3.0.0. Use suggest_float(..., log=True) instead.
  cfg.training.weight_decay = trial.suggest_loguniform(

🔬 Trial 293 hyperparameters:
  Walk length: 79, Num walks: 360,610
  LR: 8.27e-04, Batch size: 64
  Model: emb_dim=16, hidden_dim=16
  Transformer: 5 layers, 16 heads
  Epochs: 24, Weighted loss: True
Loading bitcoin-alpha-binary dataset...
Success! ✅
Splitting edges for bitcoin-alpha-binary dataset...
Success! ✅
Sampling random walks from bitcoin-alpha-binary dataset...
Success! ✅
Building tokenizer for bitcoin-alpha-binary dataset...
Success! ✅
Padding and building stage tensors for bitcoin-alpha-binary dataset...
Success! ✅
Creating DataLoaders for bitcoin-alpha-binary dataset...
Success! ✅
GPU available: True (cuda), used: True
TPU available: False, using: 0 TPU cores
HPU available: False, using: 0 HPUs
/home/eng/shilo_avital/yolo_lab/walk_to_paint/.venv/lib64/python3.9/site-packages/pytorch_lightning/callbacks/model_checkpoint.py:658: Checkpoint directory /home/eng/shilo_avital/yolo_lab/walk_to_paint/checkpoints exists and is not empty.
LOCAL_RANK: 0 - CUDA_VISIBLE_DEVICES: [3]
/home/eng/shilo_avital/yolo_lab/walk_to_paint/.venv/lib64/python3.9/site-packages/pytorch_lightning/trainer/connectors/data_connector.py:425: The 'val_dataloader' does not have many workers which may be a bottleneck. Consider increasing the value of the `num_workers` argument` to `num_workers=127` in the `DataLoader` to improve performance.
/home/eng/shilo_avital/yolo_lab/walk_to_paint/.venv/lib64/python3.9/site-packages/pytorch_lightning/trainer/connectors/data_connector.py:425: The 'train_dataloader' does not have many workers which may be a bottleneck. Consider increasing the value of the `num_workers` argument` to `num_workers=127` in the `DataLoader` to improve performance.
Metric val_auc_epoch improved. New best score: 0.539
Metric val_auc_epoch improved by 0.005 >= min_delta = 0.0. New best score: 0.544
Metric val_auc_epoch improved by 0.011 >= min_delta = 0.0. New best score: 0.555
Metric val_auc_epoch improved by 0.007 >= min_delta = 0.0. New best score: 0.562
Metric val_auc_epoch improved by 0.011 >= min_delta = 0.0. New best score: 0.573
Metric val_auc_epoch improved by 0.009 >= min_delta = 0.0. New best score: 0.582
Metric val_auc_epoch improved by 0.002 >= min_delta = 0.0. New best score: 0.584
Metric val_auc_epoch improved by 0.004 >= min_delta = 0.0. New best score: 0.589
Metric val_auc_epoch improved by 0.001 >= min_delta = 0.0. New best score: 0.590
Metric val_auc_epoch improved by 0.001 >= min_delta = 0.0. New best score: 0.591
Metric val_auc_epoch improved by 0.001 >= min_delta = 0.0. New best score: 0.592
`Trainer.fit` stopped: `max_epochs=24` reached.
Restoring states from the checkpoint path at /home/eng/shilo_avital/yolo_lab/walk_to_paint/checkpoints/trial_293-epoch=17-val_auc_epoch=0.5920.ckpt
LOCAL_RANK: 0 - CUDA_VISIBLE_DEVICES: [3]
Loaded model weights from the checkpoint at /home/eng/shilo_avital/yolo_lab/walk_to_paint/checkpoints/trial_293-epoch=17-val_auc_epoch=0.5920.ckpt
/home/eng/shilo_avital/yolo_lab/walk_to_paint/.venv/lib64/python3.9/site-packages/pytorch_lightning/trainer/connectors/data_connector.py:425: The 'val_dataloader' does not have many workers which may be a bottleneck. Consider increasing the value of the `num_workers` argument` to `num_workers=127` in the `DataLoader` to improve performance.
────────────────────────────────────────────────────────────────────────────────────────────────────────────────────────
     Validate metric           DataLoader 0
────────────────────────────────────────────────────────────────────────────────────────────────────────────────────────
      val_acc_epoch         0.5671278834342957
      val_auc_epoch         0.5920095443725586
      val_f1_epoch          0.5629236698150635
        val_loss            0.7679368853569031
────────────────────────────────────────────────────────────────────────────────────────────────────────────────────────
✅ Trial 293 completed - Val AUC: 0.5920
[I 2025-08-24 05:03:01,753] Trial 293 finished with value: -0.5920095443725586 and parameters: {'dataset.max_walk_length': 79, 'dataset.num_walks': 360610, 'training.lr': 0.000826835938208616, 'training.weight_decay': 0.014922473714017217, 'training.batch_size': 64, 'training.gradient_clip_val': 0.24133905019979887, 'training.early_stopping_patience': 20, 'model.nhead_emb_combo': 23, 'model.hidden_dim': 16, 'model.nlayers': 5, 'model.dropout': 0.6966601688085894, 'training.epochs': 24}. Best is trial 229 with value: -0.6563454866409302.
/home/eng/shilo_avital/yolo_lab/walk_to_paint/optuna_run.py:147: FutureWarning: suggest_loguniform has been deprecated in v3.0.0. This feature will be removed in v6.0.0. See https://github.com/optuna/optuna/releases/tag/v3.0.0. Use suggest_float(..., log=True) instead.
  cfg.training.lr = trial.suggest_loguniform("training.lr", 1e-5, 1e-1)
/home/eng/shilo_avital/yolo_lab/walk_to_paint/optuna_run.py:148: FutureWarning: suggest_loguniform has been deprecated in v3.0.0. This feature will be removed in v6.0.0. See https://github.com/optuna/optuna/releases/tag/v3.0.0. Use suggest_float(..., log=True) instead.
  cfg.training.weight_decay = trial.suggest_loguniform(

🔬 Trial 294 hyperparameters:
  Walk length: 93, Num walks: 438,746
  LR: 6.10e-04, Batch size: 64
  Model: emb_dim=128, hidden_dim=16
  Transformer: 5 layers, 8 heads
  Epochs: 25, Weighted loss: True
Loading bitcoin-alpha-binary dataset...
Success! ✅
Splitting edges for bitcoin-alpha-binary dataset...
Success! ✅
Sampling random walks from bitcoin-alpha-binary dataset...
Success! ✅
Building tokenizer for bitcoin-alpha-binary dataset...
Success! ✅
Padding and building stage tensors for bitcoin-alpha-binary dataset...
Success! ✅
Creating DataLoaders for bitcoin-alpha-binary dataset...
Success! ✅
GPU available: True (cuda), used: True
TPU available: False, using: 0 TPU cores
HPU available: False, using: 0 HPUs
/home/eng/shilo_avital/yolo_lab/walk_to_paint/.venv/lib64/python3.9/site-packages/pytorch_lightning/callbacks/model_checkpoint.py:658: Checkpoint directory /home/eng/shilo_avital/yolo_lab/walk_to_paint/checkpoints exists and is not empty.
LOCAL_RANK: 0 - CUDA_VISIBLE_DEVICES: [3]
/home/eng/shilo_avital/yolo_lab/walk_to_paint/.venv/lib64/python3.9/site-packages/pytorch_lightning/trainer/connectors/data_connector.py:425: The 'val_dataloader' does not have many workers which may be a bottleneck. Consider increasing the value of the `num_workers` argument` to `num_workers=127` in the `DataLoader` to improve performance.
/home/eng/shilo_avital/yolo_lab/walk_to_paint/.venv/lib64/python3.9/site-packages/pytorch_lightning/trainer/connectors/data_connector.py:425: The 'train_dataloader' does not have many workers which may be a bottleneck. Consider increasing the value of the `num_workers` argument` to `num_workers=127` in the `DataLoader` to improve performance.
Metric val_auc_epoch improved. New best score: 0.536
Metric val_auc_epoch improved by 0.002 >= min_delta = 0.0. New best score: 0.538
Metric val_auc_epoch improved by 0.077 >= min_delta = 0.0. New best score: 0.615
Metric val_auc_epoch improved by 0.001 >= min_delta = 0.0. New best score: 0.617
Monitored metric val_auc_epoch did not improve in the last 6 records. Best score: 0.617. Signaling Trainer to stop.
Restoring states from the checkpoint path at /home/eng/shilo_avital/yolo_lab/walk_to_paint/checkpoints/trial_294-epoch=03-val_auc_epoch=0.6166.ckpt
LOCAL_RANK: 0 - CUDA_VISIBLE_DEVICES: [3]
Loaded model weights from the checkpoint at /home/eng/shilo_avital/yolo_lab/walk_to_paint/checkpoints/trial_294-epoch=03-val_auc_epoch=0.6166.ckpt
/home/eng/shilo_avital/yolo_lab/walk_to_paint/.venv/lib64/python3.9/site-packages/pytorch_lightning/trainer/connectors/data_connector.py:425: The 'val_dataloader' does not have many workers which may be a bottleneck. Consider increasing the value of the `num_workers` argument` to `num_workers=127` in the `DataLoader` to improve performance.
────────────────────────────────────────────────────────────────────────────────────────────────────────────────────────
     Validate metric           DataLoader 0
────────────────────────────────────────────────────────────────────────────────────────────────────────────────────────
      val_acc_epoch         0.5836292505264282
      val_auc_epoch         0.6166459321975708
      val_f1_epoch          0.5645347833633423
        val_loss            1.5430881977081299
────────────────────────────────────────────────────────────────────────────────────────────────────────────────────────
✅ Trial 294 completed - Val AUC: 0.6166
