[I 2025-08-22 20:28:45,516] Trial 212 finished with value: -0.6280593872070312 and parameters: {'dataset.max_walk_length': 84, 'dataset.num_walks': 218085, 'training.lr': 0.0007595709409866898, 'training.weight_decay': 0.0024976108793733306, 'training.batch_size': 64, 'training.gradient_clip_val': 0.6383935212991609, 'training.early_stopping_patience': 5, 'model.nhead_emb_combo': 20, 'model.hidden_dim': 16, 'model.nlayers': 2, 'model.dropout': 0.580564983467473, 'training.epochs': 28}. Best is trial 208 with value: -0.6390637159347534.
/home/eng/shilo_avital/yolo_lab/walk_to_paint/optuna_run.py:147: FutureWarning: suggest_loguniform has been deprecated in v3.0.0. This feature will be removed in v6.0.0. See https://github.com/optuna/optuna/releases/tag/v3.0.0. Use suggest_float(..., log=True) instead.
  cfg.training.lr = trial.suggest_loguniform("training.lr", 1e-5, 1e-1)
/home/eng/shilo_avital/yolo_lab/walk_to_paint/optuna_run.py:148: FutureWarning: suggest_loguniform has been deprecated in v3.0.0. This feature will be removed in v6.0.0. See https://github.com/optuna/optuna/releases/tag/v3.0.0. Use suggest_float(..., log=True) instead.
  cfg.training.weight_decay = trial.suggest_loguniform(

🔬 Trial 213 hyperparameters:
  Walk length: 85, Num walks: 215,745
  LR: 3.03e-04, Batch size: 64
  Model: emb_dim=64, hidden_dim=16
  Transformer: 5 layers, 8 heads
  Epochs: 28, Weighted loss: True
Loading bitcoin-alpha-binary dataset...
Success! ✅
Splitting edges for bitcoin-alpha-binary dataset...
Success! ✅
Sampling random walks from bitcoin-alpha-binary dataset...
Success! ✅
Building tokenizer for bitcoin-alpha-binary dataset...
Success! ✅
Padding and building stage tensors for bitcoin-alpha-binary dataset...
Success! ✅
Creating DataLoaders for bitcoin-alpha-binary dataset...
Success! ✅
GPU available: True (cuda), used: True
TPU available: False, using: 0 TPU cores
HPU available: False, using: 0 HPUs
/home/eng/shilo_avital/yolo_lab/walk_to_paint/.venv/lib64/python3.9/site-packages/pytorch_lightning/callbacks/model_checkpoint.py:658: Checkpoint directory /home/eng/shilo_avital/yolo_lab/walk_to_paint/checkpoints exists and is not empty.
LOCAL_RANK: 0 - CUDA_VISIBLE_DEVICES: [3]
/home/eng/shilo_avital/yolo_lab/walk_to_paint/.venv/lib64/python3.9/site-packages/pytorch_lightning/trainer/connectors/data_connector.py:425: The 'val_dataloader' does not have many workers which may be a bottleneck. Consider increasing the value of the `num_workers` argument` to `num_workers=127` in the `DataLoader` to improve performance.
/home/eng/shilo_avital/yolo_lab/walk_to_paint/.venv/lib64/python3.9/site-packages/pytorch_lightning/trainer/connectors/data_connector.py:425: The 'train_dataloader' does not have many workers which may be a bottleneck. Consider increasing the value of the `num_workers` argument` to `num_workers=127` in the `DataLoader` to improve performance.
Metric val_auc_epoch improved. New best score: 0.551
Metric val_auc_epoch improved by 0.011 >= min_delta = 0.0. New best score: 0.561
Metric val_auc_epoch improved by 0.022 >= min_delta = 0.0. New best score: 0.584
Metric val_auc_epoch improved by 0.012 >= min_delta = 0.0. New best score: 0.596
Metric val_auc_epoch improved by 0.005 >= min_delta = 0.0. New best score: 0.600
Metric val_auc_epoch improved by 0.006 >= min_delta = 0.0. New best score: 0.606
Metric val_auc_epoch improved by 0.006 >= min_delta = 0.0. New best score: 0.612
Metric val_auc_epoch improved by 0.004 >= min_delta = 0.0. New best score: 0.616
Metric val_auc_epoch improved by 0.002 >= min_delta = 0.0. New best score: 0.618
Metric val_auc_epoch improved by 0.003 >= min_delta = 0.0. New best score: 0.621
Metric val_auc_epoch improved by 0.002 >= min_delta = 0.0. New best score: 0.622
Metric val_auc_epoch improved by 0.001 >= min_delta = 0.0. New best score: 0.624
Metric val_auc_epoch improved by 0.001 >= min_delta = 0.0. New best score: 0.625
Metric val_auc_epoch improved by 0.001 >= min_delta = 0.0. New best score: 0.626
Metric val_auc_epoch improved by 0.000 >= min_delta = 0.0. New best score: 0.626
Metric val_auc_epoch improved by 0.000 >= min_delta = 0.0. New best score: 0.627
Metric val_auc_epoch improved by 0.000 >= min_delta = 0.0. New best score: 0.627
`Trainer.fit` stopped: `max_epochs=28` reached.
Restoring states from the checkpoint path at /home/eng/shilo_avital/yolo_lab/walk_to_paint/checkpoints/trial_213-epoch=26-val_auc_epoch=0.6266.ckpt
LOCAL_RANK: 0 - CUDA_VISIBLE_DEVICES: [3]
Loaded model weights from the checkpoint at /home/eng/shilo_avital/yolo_lab/walk_to_paint/checkpoints/trial_213-epoch=26-val_auc_epoch=0.6266.ckpt
/home/eng/shilo_avital/yolo_lab/walk_to_paint/.venv/lib64/python3.9/site-packages/pytorch_lightning/trainer/connectors/data_connector.py:425: The 'val_dataloader' does not have many workers which may be a bottleneck. Consider increasing the value of the `num_workers` argument` to `num_workers=127` in the `DataLoader` to improve performance.
────────────────────────────────────────────────────────────────────────────────────────────────────────────────────────
     Validate metric           DataLoader 0
────────────────────────────────────────────────────────────────────────────────────────────────────────────────────────
      val_acc_epoch         0.5937855243682861
      val_auc_epoch         0.6266352534294128
      val_f1_epoch          0.5920279026031494
        val_loss            1.1172542572021484
────────────────────────────────────────────────────────────────────────────────────────────────────────────────────────
✅ Trial 213 completed - Val AUC: 0.6266
[I 2025-08-22 20:56:08,031] Trial 213 finished with value: -0.6266352534294128 and parameters: {'dataset.max_walk_length': 85, 'dataset.num_walks': 215745, 'training.lr': 0.000302975816408459, 'training.weight_decay': 0.003260962696978169, 'training.batch_size': 64, 'training.gradient_clip_val': 0.6048740485208325, 'training.early_stopping_patience': 5, 'model.nhead_emb_combo': 21, 'model.hidden_dim': 16, 'model.nlayers': 5, 'model.dropout': 0.5881630656314254, 'training.epochs': 28}. Best is trial 208 with value: -0.6390637159347534.
/home/eng/shilo_avital/yolo_lab/walk_to_paint/optuna_run.py:147: FutureWarning: suggest_loguniform has been deprecated in v3.0.0. This feature will be removed in v6.0.0. See https://github.com/optuna/optuna/releases/tag/v3.0.0. Use suggest_float(..., log=True) instead.
  cfg.training.lr = trial.suggest_loguniform("training.lr", 1e-5, 1e-1)
/home/eng/shilo_avital/yolo_lab/walk_to_paint/optuna_run.py:148: FutureWarning: suggest_loguniform has been deprecated in v3.0.0. This feature will be removed in v6.0.0. See https://github.com/optuna/optuna/releases/tag/v3.0.0. Use suggest_float(..., log=True) instead.
  cfg.training.weight_decay = trial.suggest_loguniform(

🔬 Trial 214 hyperparameters:
  Walk length: 84, Num walks: 221,453
  LR: 7.95e-04, Batch size: 64
  Model: emb_dim=32, hidden_dim=16
  Transformer: 5 layers, 8 heads
  Epochs: 28, Weighted loss: True
Loading bitcoin-alpha-binary dataset...
Success! ✅
Splitting edges for bitcoin-alpha-binary dataset...
Success! ✅
Sampling random walks from bitcoin-alpha-binary dataset...
Success! ✅
Building tokenizer for bitcoin-alpha-binary dataset...
Success! ✅
Padding and building stage tensors for bitcoin-alpha-binary dataset...
Success! ✅
Creating DataLoaders for bitcoin-alpha-binary dataset...
Success! ✅
GPU available: True (cuda), used: True
TPU available: False, using: 0 TPU cores
HPU available: False, using: 0 HPUs
/home/eng/shilo_avital/yolo_lab/walk_to_paint/.venv/lib64/python3.9/site-packages/pytorch_lightning/callbacks/model_checkpoint.py:658: Checkpoint directory /home/eng/shilo_avital/yolo_lab/walk_to_paint/checkpoints exists and is not empty.
LOCAL_RANK: 0 - CUDA_VISIBLE_DEVICES: [3]
/home/eng/shilo_avital/yolo_lab/walk_to_paint/.venv/lib64/python3.9/site-packages/pytorch_lightning/trainer/connectors/data_connector.py:425: The 'val_dataloader' does not have many workers which may be a bottleneck. Consider increasing the value of the `num_workers` argument` to `num_workers=127` in the `DataLoader` to improve performance.
/home/eng/shilo_avital/yolo_lab/walk_to_paint/.venv/lib64/python3.9/site-packages/pytorch_lightning/trainer/connectors/data_connector.py:425: The 'train_dataloader' does not have many workers which may be a bottleneck. Consider increasing the value of the `num_workers` argument` to `num_workers=127` in the `DataLoader` to improve performance.
Metric val_auc_epoch improved. New best score: 0.550
Metric val_auc_epoch improved by 0.020 >= min_delta = 0.0. New best score: 0.570
Metric val_auc_epoch improved by 0.025 >= min_delta = 0.0. New best score: 0.595
Metric val_auc_epoch improved by 0.009 >= min_delta = 0.0. New best score: 0.604
Metric val_auc_epoch improved by 0.001 >= min_delta = 0.0. New best score: 0.605
Metric val_auc_epoch improved by 0.007 >= min_delta = 0.0. New best score: 0.612
Metric val_auc_epoch improved by 0.003 >= min_delta = 0.0. New best score: 0.615
Metric val_auc_epoch improved by 0.003 >= min_delta = 0.0. New best score: 0.618
Metric val_auc_epoch improved by 0.002 >= min_delta = 0.0. New best score: 0.620
Metric val_auc_epoch improved by 0.002 >= min_delta = 0.0. New best score: 0.622
Metric val_auc_epoch improved by 0.001 >= min_delta = 0.0. New best score: 0.623
Monitored metric val_auc_epoch did not improve in the last 5 records. Best score: 0.623. Signaling Trainer to stop.
Restoring states from the checkpoint path at /home/eng/shilo_avital/yolo_lab/walk_to_paint/checkpoints/trial_214-epoch=12-val_auc_epoch=0.6229.ckpt
LOCAL_RANK: 0 - CUDA_VISIBLE_DEVICES: [3]
Loaded model weights from the checkpoint at /home/eng/shilo_avital/yolo_lab/walk_to_paint/checkpoints/trial_214-epoch=12-val_auc_epoch=0.6229.ckpt
/home/eng/shilo_avital/yolo_lab/walk_to_paint/.venv/lib64/python3.9/site-packages/pytorch_lightning/trainer/connectors/data_connector.py:425: The 'val_dataloader' does not have many workers which may be a bottleneck. Consider increasing the value of the `num_workers` argument` to `num_workers=127` in the `DataLoader` to improve performance.
────────────────────────────────────────────────────────────────────────────────────────────────────────────────────────
     Validate metric           DataLoader 0
────────────────────────────────────────────────────────────────────────────────────────────────────────────────────────
      val_acc_epoch         0.5892112255096436
      val_auc_epoch         0.6228766441345215
      val_f1_epoch          0.5854821801185608
        val_loss            1.0870743989944458
────────────────────────────────────────────────────────────────────────────────────────────────────────────────────────
✅ Trial 214 completed - Val AUC: 0.6229
[I 2025-08-22 21:13:53,569] Trial 214 finished with value: -0.6228766441345215 and parameters: {'dataset.max_walk_length': 84, 'dataset.num_walks': 221453, 'training.lr': 0.0007949029049507154, 'training.weight_decay': 0.002844573412996048, 'training.batch_size': 64, 'training.gradient_clip_val': 0.5738205793793405, 'training.early_stopping_patience': 5, 'model.nhead_emb_combo': 20, 'model.hidden_dim': 16, 'model.nlayers': 5, 'model.dropout': 0.5874077607312175, 'training.epochs': 28}. Best is trial 208 with value: -0.6390637159347534.
/home/eng/shilo_avital/yolo_lab/walk_to_paint/optuna_run.py:147: FutureWarning: suggest_loguniform has been deprecated in v3.0.0. This feature will be removed in v6.0.0. See https://github.com/optuna/optuna/releases/tag/v3.0.0. Use suggest_float(..., log=True) instead.
  cfg.training.lr = trial.suggest_loguniform("training.lr", 1e-5, 1e-1)
/home/eng/shilo_avital/yolo_lab/walk_to_paint/optuna_run.py:148: FutureWarning: suggest_loguniform has been deprecated in v3.0.0. This feature will be removed in v6.0.0. See https://github.com/optuna/optuna/releases/tag/v3.0.0. Use suggest_float(..., log=True) instead.
  cfg.training.weight_decay = trial.suggest_loguniform(

🔬 Trial 215 hyperparameters:
  Walk length: 83, Num walks: 217,040
  LR: 7.73e-04, Batch size: 64
  Model: emb_dim=64, hidden_dim=16
  Transformer: 5 layers, 8 heads
  Epochs: 27, Weighted loss: True
Loading bitcoin-alpha-binary dataset...
Success! ✅
Splitting edges for bitcoin-alpha-binary dataset...
Success! ✅
Sampling random walks from bitcoin-alpha-binary dataset...
Success! ✅
Building tokenizer for bitcoin-alpha-binary dataset...
Success! ✅
Padding and building stage tensors for bitcoin-alpha-binary dataset...
Success! ✅
Creating DataLoaders for bitcoin-alpha-binary dataset...
Success! ✅
GPU available: True (cuda), used: True
TPU available: False, using: 0 TPU cores
HPU available: False, using: 0 HPUs
/home/eng/shilo_avital/yolo_lab/walk_to_paint/.venv/lib64/python3.9/site-packages/pytorch_lightning/callbacks/model_checkpoint.py:658: Checkpoint directory /home/eng/shilo_avital/yolo_lab/walk_to_paint/checkpoints exists and is not empty.
LOCAL_RANK: 0 - CUDA_VISIBLE_DEVICES: [3]
/home/eng/shilo_avital/yolo_lab/walk_to_paint/.venv/lib64/python3.9/site-packages/pytorch_lightning/trainer/connectors/data_connector.py:425: The 'val_dataloader' does not have many workers which may be a bottleneck. Consider increasing the value of the `num_workers` argument` to `num_workers=127` in the `DataLoader` to improve performance.
/home/eng/shilo_avital/yolo_lab/walk_to_paint/.venv/lib64/python3.9/site-packages/pytorch_lightning/trainer/connectors/data_connector.py:425: The 'train_dataloader' does not have many workers which may be a bottleneck. Consider increasing the value of the `num_workers` argument` to `num_workers=127` in the `DataLoader` to improve performance.
Metric val_auc_epoch improved. New best score: 0.536
Metric val_auc_epoch improved by 0.031 >= min_delta = 0.0. New best score: 0.566
Metric val_auc_epoch improved by 0.041 >= min_delta = 0.0. New best score: 0.608
Metric val_auc_epoch improved by 0.014 >= min_delta = 0.0. New best score: 0.622
Metric val_auc_epoch improved by 0.006 >= min_delta = 0.0. New best score: 0.628
Metric val_auc_epoch improved by 0.003 >= min_delta = 0.0. New best score: 0.631
Metric val_auc_epoch improved by 0.002 >= min_delta = 0.0. New best score: 0.633
Metric val_auc_epoch improved by 0.001 >= min_delta = 0.0. New best score: 0.633
Metric val_auc_epoch improved by 0.006 >= min_delta = 0.0. New best score: 0.639
Monitored metric val_auc_epoch did not improve in the last 5 records. Best score: 0.639. Signaling Trainer to stop.
Restoring states from the checkpoint path at /home/eng/shilo_avital/yolo_lab/walk_to_paint/checkpoints/trial_215-epoch=08-val_auc_epoch=0.6391.ckpt
LOCAL_RANK: 0 - CUDA_VISIBLE_DEVICES: [3]
Loaded model weights from the checkpoint at /home/eng/shilo_avital/yolo_lab/walk_to_paint/checkpoints/trial_215-epoch=08-val_auc_epoch=0.6391.ckpt
/home/eng/shilo_avital/yolo_lab/walk_to_paint/.venv/lib64/python3.9/site-packages/pytorch_lightning/trainer/connectors/data_connector.py:425: The 'val_dataloader' does not have many workers which may be a bottleneck. Consider increasing the value of the `num_workers` argument` to `num_workers=127` in the `DataLoader` to improve performance.
────────────────────────────────────────────────────────────────────────────────────────────────────────────────────────
     Validate metric           DataLoader 0
────────────────────────────────────────────────────────────────────────────────────────────────────────────────────────
      val_acc_epoch         0.6029962301254272
      val_auc_epoch         0.6391385197639465
      val_f1_epoch          0.5975730419158936
        val_loss            1.1715307235717773
────────────────────────────────────────────────────────────────────────────────────────────────────────────────────────
✅ Trial 215 completed - Val AUC: 0.6391
[I 2025-08-22 21:27:48,662] Trial 215 finished with value: -0.6391385197639465 and parameters: {'dataset.max_walk_length': 83, 'dataset.num_walks': 217040, 'training.lr': 0.0007725691293108694, 'training.weight_decay': 0.0027544634700189695, 'training.batch_size': 64, 'training.gradient_clip_val': 0.5517043191379128, 'training.early_stopping_patience': 5, 'model.nhead_emb_combo': 21, 'model.hidden_dim': 16, 'model.nlayers': 5, 'model.dropout': 0.589907674225925, 'training.epochs': 27}. Best is trial 215 with value: -0.6391385197639465.
🧹 Cleaning up old checkpoints and logs (keeping top 10)...
  Removed old checkpoint: trial_205-epoch=04-val_auc_epoch=0.6166.ckpt
  Removed old checkpoint: trial_204-epoch=04-val_auc_epoch=0.5574.ckpt
  Removed old checkpoint: trial_203-epoch=27-val_auc_epoch=0.5678.ckpt
  Removed old checkpoint: trial_202-epoch=06-val_auc_epoch=0.5368.ckpt
  Removed old checkpoint: trial_201-epoch=09-val_auc_epoch=0.5716.ckpt
  Removed old log dir: trial_205
  Removed old log dir: trial_204
  Removed old log dir: trial_203
  Removed old log dir: trial_202
  Removed old log dir: trial_201
/home/eng/shilo_avital/yolo_lab/walk_to_paint/optuna_run.py:147: FutureWarning: suggest_loguniform has been deprecated in v3.0.0. This feature will be removed in v6.0.0. See https://github.com/optuna/optuna/releases/tag/v3.0.0. Use suggest_float(..., log=True) instead.
  cfg.training.lr = trial.suggest_loguniform("training.lr", 1e-5, 1e-1)
/home/eng/shilo_avital/yolo_lab/walk_to_paint/optuna_run.py:148: FutureWarning: suggest_loguniform has been deprecated in v3.0.0. This feature will be removed in v6.0.0. See https://github.com/optuna/optuna/releases/tag/v3.0.0. Use suggest_float(..., log=True) instead.
  cfg.training.weight_decay = trial.suggest_loguniform(

🔬 Trial 216 hyperparameters:
  Walk length: 84, Num walks: 243,914
  LR: 7.15e-04, Batch size: 64
  Model: emb_dim=32, hidden_dim=16
  Transformer: 5 layers, 8 heads
  Epochs: 27, Weighted loss: True
Loading bitcoin-alpha-binary dataset...
Success! ✅
Splitting edges for bitcoin-alpha-binary dataset...
Success! ✅
Sampling random walks from bitcoin-alpha-binary dataset...
Success! ✅
Building tokenizer for bitcoin-alpha-binary dataset...
Success! ✅
Padding and building stage tensors for bitcoin-alpha-binary dataset...
Success! ✅
Creating DataLoaders for bitcoin-alpha-binary dataset...
Success! ✅
GPU available: True (cuda), used: True
TPU available: False, using: 0 TPU cores
HPU available: False, using: 0 HPUs
/home/eng/shilo_avital/yolo_lab/walk_to_paint/.venv/lib64/python3.9/site-packages/pytorch_lightning/callbacks/model_checkpoint.py:658: Checkpoint directory /home/eng/shilo_avital/yolo_lab/walk_to_paint/checkpoints exists and is not empty.
LOCAL_RANK: 0 - CUDA_VISIBLE_DEVICES: [3]
/home/eng/shilo_avital/yolo_lab/walk_to_paint/.venv/lib64/python3.9/site-packages/pytorch_lightning/trainer/connectors/data_connector.py:425: The 'val_dataloader' does not have many workers which may be a bottleneck. Consider increasing the value of the `num_workers` argument` to `num_workers=127` in the `DataLoader` to improve performance.
/home/eng/shilo_avital/yolo_lab/walk_to_paint/.venv/lib64/python3.9/site-packages/pytorch_lightning/trainer/connectors/data_connector.py:425: The 'train_dataloader' does not have many workers which may be a bottleneck. Consider increasing the value of the `num_workers` argument` to `num_workers=127` in the `DataLoader` to improve performance.
Metric val_auc_epoch improved. New best score: 0.549
Metric val_auc_epoch improved by 0.002 >= min_delta = 0.0. New best score: 0.551
Metric val_auc_epoch improved by 0.029 >= min_delta = 0.0. New best score: 0.580
Metric val_auc_epoch improved by 0.021 >= min_delta = 0.0. New best score: 0.601
Metric val_auc_epoch improved by 0.017 >= min_delta = 0.0. New best score: 0.618
❌ Trial 216 failed: Trial was pruned at epoch 6.
