[I 2025-08-21 22:42:39,536] Trial 42 finished with value: -0.5066816806793213 and parameters: {'dataset.max_walk_length': 74, 'dataset.num_walks': 103403, 'training.lr': 0.00013183556416628974, 'training.weight_decay': 0.0009710677144428396, 'training.batch_size': 32, 'training.gradient_clip_val': 1.8736386570657888, 'training.early_stopping_patience': 14, 'model.nhead_emb_combo': 18, 'model.hidden_dim': 8, 'model.nlayers': 2, 'model.dropout': 0.5172790062707784, 'training.epochs': 14}. Best is trial 1 with value: -0.6377121806144714.
/home/eng/shilo_avital/yolo_lab/walk_to_paint/optuna_run.py:147: FutureWarning: suggest_loguniform has been deprecated in v3.0.0. This feature will be removed in v6.0.0. See https://github.com/optuna/optuna/releases/tag/v3.0.0. Use suggest_float(..., log=True) instead.
  cfg.training.lr = trial.suggest_loguniform("training.lr", 1e-5, 1e-1)
/home/eng/shilo_avital/yolo_lab/walk_to_paint/optuna_run.py:148: FutureWarning: suggest_loguniform has been deprecated in v3.0.0. This feature will be removed in v6.0.0. See https://github.com/optuna/optuna/releases/tag/v3.0.0. Use suggest_float(..., log=True) instead.
  cfg.training.weight_decay = trial.suggest_loguniform(

🔬 Trial 43 hyperparameters:
  Walk length: 90, Num walks: 232,682
  LR: 4.17e-04, Batch size: 32
  Model: emb_dim=64, hidden_dim=8
  Transformer: 1 layers, 2 heads
  Epochs: 10, Weighted loss: True
Loading bitcoin-alpha-binary dataset...
Success! ✅
Splitting edges for bitcoin-alpha-binary dataset...
Success! ✅
Sampling random walks from bitcoin-alpha-binary dataset...
Success! ✅
Building tokenizer for bitcoin-alpha-binary dataset...
Success! ✅
Padding and building stage tensors for bitcoin-alpha-binary dataset...
Success! ✅
Creating DataLoaders for bitcoin-alpha-binary dataset...
Success! ✅
GPU available: True (cuda), used: True
TPU available: False, using: 0 TPU cores
HPU available: False, using: 0 HPUs
/home/eng/shilo_avital/yolo_lab/walk_to_paint/.venv/lib64/python3.9/site-packages/pytorch_lightning/callbacks/model_checkpoint.py:658: Checkpoint directory /home/eng/shilo_avital/yolo_lab/walk_to_paint/checkpoints exists and is not empty.
LOCAL_RANK: 0 - CUDA_VISIBLE_DEVICES: [3]
/home/eng/shilo_avital/yolo_lab/walk_to_paint/.venv/lib64/python3.9/site-packages/pytorch_lightning/trainer/connectors/data_connector.py:425: The 'val_dataloader' does not have many workers which may be a bottleneck. Consider increasing the value of the `num_workers` argument` to `num_workers=127` in the `DataLoader` to improve performance.
/home/eng/shilo_avital/yolo_lab/walk_to_paint/.venv/lib64/python3.9/site-packages/pytorch_lightning/trainer/connectors/data_connector.py:425: The 'train_dataloader' does not have many workers which may be a bottleneck. Consider increasing the value of the `num_workers` argument` to `num_workers=127` in the `DataLoader` to improve performance.
Metric val_auc_epoch improved. New best score: 0.572
Metric val_auc_epoch improved by 0.025 >= min_delta = 0.0. New best score: 0.597
Metric val_auc_epoch improved by 0.004 >= min_delta = 0.0. New best score: 0.602
Metric val_auc_epoch improved by 0.006 >= min_delta = 0.0. New best score: 0.607
Metric val_auc_epoch improved by 0.002 >= min_delta = 0.0. New best score: 0.610
❌ Trial 43 failed: Trial was pruned at epoch 5.
[I 2025-08-21 22:49:52,402] Trial 43 finished with value: 0.0 and parameters: {'dataset.max_walk_length': 90, 'dataset.num_walks': 232682, 'training.lr': 0.0004171521390346159, 'training.weight_decay': 4.4391696309048104e-08, 'training.batch_size': 32, 'training.gradient_clip_val': 1.753863430152643, 'training.early_stopping_patience': 11, 'model.nhead_emb_combo': 10, 'model.hidden_dim': 8, 'model.nlayers': 1, 'model.dropout': 0.6895128436830381, 'training.epochs': 10}. Best is trial 1 with value: -0.6377121806144714.
/home/eng/shilo_avital/yolo_lab/walk_to_paint/optuna_run.py:147: FutureWarning: suggest_loguniform has been deprecated in v3.0.0. This feature will be removed in v6.0.0. See https://github.com/optuna/optuna/releases/tag/v3.0.0. Use suggest_float(..., log=True) instead.
  cfg.training.lr = trial.suggest_loguniform("training.lr", 1e-5, 1e-1)
/home/eng/shilo_avital/yolo_lab/walk_to_paint/optuna_run.py:148: FutureWarning: suggest_loguniform has been deprecated in v3.0.0. This feature will be removed in v6.0.0. See https://github.com/optuna/optuna/releases/tag/v3.0.0. Use suggest_float(..., log=True) instead.
  cfg.training.weight_decay = trial.suggest_loguniform(

🔬 Trial 44 hyperparameters:
  Walk length: 95, Num walks: 192,674
  LR: 1.82e-05, Batch size: 256
  Model: emb_dim=32, hidden_dim=16
  Transformer: 2 layers, 1 heads
  Epochs: 17, Weighted loss: True
Loading bitcoin-alpha-binary dataset...
Success! ✅
Splitting edges for bitcoin-alpha-binary dataset...
Success! ✅
Sampling random walks from bitcoin-alpha-binary dataset...
Success! ✅
Building tokenizer for bitcoin-alpha-binary dataset...
Success! ✅
Padding and building stage tensors for bitcoin-alpha-binary dataset...
Success! ✅
Creating DataLoaders for bitcoin-alpha-binary dataset...
Success! ✅
/home/eng/shilo_avital/yolo_lab/walk_to_paint/.venv/lib64/python3.9/site-packages/torch/nn/modules/transformer.py:382: UserWarning: enable_nested_tensor is True, but self.use_nested_tensor is False because encoder_layer.self_attn.num_heads is odd
  warnings.warn(
GPU available: True (cuda), used: True
TPU available: False, using: 0 TPU cores
HPU available: False, using: 0 HPUs
/home/eng/shilo_avital/yolo_lab/walk_to_paint/.venv/lib64/python3.9/site-packages/pytorch_lightning/callbacks/model_checkpoint.py:658: Checkpoint directory /home/eng/shilo_avital/yolo_lab/walk_to_paint/checkpoints exists and is not empty.
LOCAL_RANK: 0 - CUDA_VISIBLE_DEVICES: [3]
/home/eng/shilo_avital/yolo_lab/walk_to_paint/.venv/lib64/python3.9/site-packages/pytorch_lightning/trainer/connectors/data_connector.py:425: The 'val_dataloader' does not have many workers which may be a bottleneck. Consider increasing the value of the `num_workers` argument` to `num_workers=127` in the `DataLoader` to improve performance.
/home/eng/shilo_avital/yolo_lab/walk_to_paint/.venv/lib64/python3.9/site-packages/pytorch_lightning/trainer/connectors/data_connector.py:425: The 'train_dataloader' does not have many workers which may be a bottleneck. Consider increasing the value of the `num_workers` argument` to `num_workers=127` in the `DataLoader` to improve performance.
Metric val_auc_epoch improved. New best score: 0.504
Metric val_auc_epoch improved by 0.010 >= min_delta = 0.0. New best score: 0.514
Metric val_auc_epoch improved by 0.014 >= min_delta = 0.0. New best score: 0.528
Metric val_auc_epoch improved by 0.014 >= min_delta = 0.0. New best score: 0.542
Metric val_auc_epoch improved by 0.010 >= min_delta = 0.0. New best score: 0.552
Metric val_auc_epoch improved by 0.007 >= min_delta = 0.0. New best score: 0.558
Metric val_auc_epoch improved by 0.004 >= min_delta = 0.0. New best score: 0.562
Metric val_auc_epoch improved by 0.002 >= min_delta = 0.0. New best score: 0.564
Metric val_auc_epoch improved by 0.001 >= min_delta = 0.0. New best score: 0.565
Metric val_auc_epoch improved by 0.001 >= min_delta = 0.0. New best score: 0.566
Metric val_auc_epoch improved by 0.000 >= min_delta = 0.0. New best score: 0.566
Metric val_auc_epoch improved by 0.000 >= min_delta = 0.0. New best score: 0.566
Metric val_auc_epoch improved by 0.000 >= min_delta = 0.0. New best score: 0.567
Metric val_auc_epoch improved by 0.000 >= min_delta = 0.0. New best score: 0.567
Metric val_auc_epoch improved by 0.000 >= min_delta = 0.0. New best score: 0.567
Metric val_auc_epoch improved by 0.000 >= min_delta = 0.0. New best score: 0.567
Metric val_auc_epoch improved by 0.000 >= min_delta = 0.0. New best score: 0.567
`Trainer.fit` stopped: `max_epochs=17` reached.
Restoring states from the checkpoint path at /home/eng/shilo_avital/yolo_lab/walk_to_paint/checkpoints/trial_44-epoch=16-val_auc_epoch=0.5668.ckpt
LOCAL_RANK: 0 - CUDA_VISIBLE_DEVICES: [3]
Loaded model weights from the checkpoint at /home/eng/shilo_avital/yolo_lab/walk_to_paint/checkpoints/trial_44-epoch=16-val_auc_epoch=0.5668.ckpt
/home/eng/shilo_avital/yolo_lab/walk_to_paint/.venv/lib64/python3.9/site-packages/pytorch_lightning/trainer/connectors/data_connector.py:425: The 'val_dataloader' does not have many workers which may be a bottleneck. Consider increasing the value of the `num_workers` argument` to `num_workers=127` in the `DataLoader` to improve performance.
────────────────────────────────────────────────────────────────────────────────────────────────────────────────────────
     Validate metric           DataLoader 0
────────────────────────────────────────────────────────────────────────────────────────────────────────────────────────
      val_acc_epoch         0.5405032634735107
      val_auc_epoch         0.5668210983276367
      val_f1_epoch          0.5398372411727905
        val_loss            0.6872557997703552
────────────────────────────────────────────────────────────────────────────────────────────────────────────────────────
✅ Trial 44 completed - Val AUC: 0.5668
[I 2025-08-21 22:53:52,477] Trial 44 finished with value: -0.5668210983276367 and parameters: {'dataset.max_walk_length': 95, 'dataset.num_walks': 192674, 'training.lr': 1.819759117182158e-05, 'training.weight_decay': 0.0037693548557057033, 'training.batch_size': 256, 'training.gradient_clip_val': 1.9666445596863364, 'training.early_stopping_patience': 15, 'model.nhead_emb_combo': 3, 'model.hidden_dim': 16, 'model.nlayers': 2, 'model.dropout': 0.47534379362140566, 'training.epochs': 17}. Best is trial 1 with value: -0.6377121806144714.
/home/eng/shilo_avital/yolo_lab/walk_to_paint/optuna_run.py:147: FutureWarning: suggest_loguniform has been deprecated in v3.0.0. This feature will be removed in v6.0.0. See https://github.com/optuna/optuna/releases/tag/v3.0.0. Use suggest_float(..., log=True) instead.
  cfg.training.lr = trial.suggest_loguniform("training.lr", 1e-5, 1e-1)
/home/eng/shilo_avital/yolo_lab/walk_to_paint/optuna_run.py:148: FutureWarning: suggest_loguniform has been deprecated in v3.0.0. This feature will be removed in v6.0.0. See https://github.com/optuna/optuna/releases/tag/v3.0.0. Use suggest_float(..., log=True) instead.
  cfg.training.weight_decay = trial.suggest_loguniform(

🔬 Trial 45 hyperparameters:
  Walk length: 96, Num walks: 132,623
  LR: 1.69e-05, Batch size: 128
  Model: emb_dim=32, hidden_dim=16
  Transformer: 2 layers, 1 heads
  Epochs: 17, Weighted loss: True
Loading bitcoin-alpha-binary dataset...
Success! ✅
Splitting edges for bitcoin-alpha-binary dataset...
Success! ✅
Sampling random walks from bitcoin-alpha-binary dataset...
Success! ✅
Building tokenizer for bitcoin-alpha-binary dataset...
Success! ✅
Padding and building stage tensors for bitcoin-alpha-binary dataset...
Success! ✅
Creating DataLoaders for bitcoin-alpha-binary dataset...
Success! ✅
/home/eng/shilo_avital/yolo_lab/walk_to_paint/.venv/lib64/python3.9/site-packages/torch/nn/modules/transformer.py:382: UserWarning: enable_nested_tensor is True, but self.use_nested_tensor is False because encoder_layer.self_attn.num_heads is odd
  warnings.warn(
GPU available: True (cuda), used: True
TPU available: False, using: 0 TPU cores
HPU available: False, using: 0 HPUs
/home/eng/shilo_avital/yolo_lab/walk_to_paint/.venv/lib64/python3.9/site-packages/pytorch_lightning/callbacks/model_checkpoint.py:658: Checkpoint directory /home/eng/shilo_avital/yolo_lab/walk_to_paint/checkpoints exists and is not empty.
LOCAL_RANK: 0 - CUDA_VISIBLE_DEVICES: [3]
/home/eng/shilo_avital/yolo_lab/walk_to_paint/.venv/lib64/python3.9/site-packages/pytorch_lightning/trainer/connectors/data_connector.py:425: The 'val_dataloader' does not have many workers which may be a bottleneck. Consider increasing the value of the `num_workers` argument` to `num_workers=127` in the `DataLoader` to improve performance.
/home/eng/shilo_avital/yolo_lab/walk_to_paint/.venv/lib64/python3.9/site-packages/pytorch_lightning/trainer/connectors/data_connector.py:425: The 'train_dataloader' does not have many workers which may be a bottleneck. Consider increasing the value of the `num_workers` argument` to `num_workers=127` in the `DataLoader` to improve performance.
Metric val_auc_epoch improved. New best score: 0.507
Metric val_auc_epoch improved by 0.011 >= min_delta = 0.0. New best score: 0.518
Metric val_auc_epoch improved by 0.007 >= min_delta = 0.0. New best score: 0.524
Metric val_auc_epoch improved by 0.005 >= min_delta = 0.0. New best score: 0.529
Metric val_auc_epoch improved by 0.004 >= min_delta = 0.0. New best score: 0.533
Metric val_auc_epoch improved by 0.004 >= min_delta = 0.0. New best score: 0.537
Metric val_auc_epoch improved by 0.003 >= min_delta = 0.0. New best score: 0.540
Metric val_auc_epoch improved by 0.002 >= min_delta = 0.0. New best score: 0.542
Metric val_auc_epoch improved by 0.001 >= min_delta = 0.0. New best score: 0.543
Metric val_auc_epoch improved by 0.001 >= min_delta = 0.0. New best score: 0.544
Metric val_auc_epoch improved by 0.001 >= min_delta = 0.0. New best score: 0.545
Metric val_auc_epoch improved by 0.000 >= min_delta = 0.0. New best score: 0.545
Metric val_auc_epoch improved by 0.000 >= min_delta = 0.0. New best score: 0.545
Metric val_auc_epoch improved by 0.000 >= min_delta = 0.0. New best score: 0.545
Metric val_auc_epoch improved by 0.000 >= min_delta = 0.0. New best score: 0.545
Metric val_auc_epoch improved by 0.000 >= min_delta = 0.0. New best score: 0.545
Metric val_auc_epoch improved by 0.000 >= min_delta = 0.0. New best score: 0.545
`Trainer.fit` stopped: `max_epochs=17` reached.
Restoring states from the checkpoint path at /home/eng/shilo_avital/yolo_lab/walk_to_paint/checkpoints/trial_45-epoch=16-val_auc_epoch=0.5455.ckpt
LOCAL_RANK: 0 - CUDA_VISIBLE_DEVICES: [3]
Loaded model weights from the checkpoint at /home/eng/shilo_avital/yolo_lab/walk_to_paint/checkpoints/trial_45-epoch=16-val_auc_epoch=0.5455.ckpt
/home/eng/shilo_avital/yolo_lab/walk_to_paint/.venv/lib64/python3.9/site-packages/pytorch_lightning/trainer/connectors/data_connector.py:425: The 'val_dataloader' does not have many workers which may be a bottleneck. Consider increasing the value of the `num_workers` argument` to `num_workers=127` in the `DataLoader` to improve performance.
────────────────────────────────────────────────────────────────────────────────────────────────────────────────────────
     Validate metric           DataLoader 0
────────────────────────────────────────────────────────────────────────────────────────────────────────────────────────
      val_acc_epoch          0.529221773147583
      val_auc_epoch         0.5454674363136292
      val_f1_epoch          0.4897870421409607
        val_loss            0.6886157393455505
────────────────────────────────────────────────────────────────────────────────────────────────────────────────────────
✅ Trial 45 completed - Val AUC: 0.5455
[I 2025-08-21 22:58:01,136] Trial 45 finished with value: -0.5454674363136292 and parameters: {'dataset.max_walk_length': 96, 'dataset.num_walks': 132623, 'training.lr': 1.694210357553153e-05, 'training.weight_decay': 0.0025819353387782776, 'training.batch_size': 128, 'training.gradient_clip_val': 1.9625987155265576, 'training.early_stopping_patience': 16, 'model.nhead_emb_combo': 3, 'model.hidden_dim': 16, 'model.nlayers': 2, 'model.dropout': 0.5733256419780465, 'training.epochs': 17}. Best is trial 1 with value: -0.6377121806144714.
🧹 Cleaning up old checkpoints and logs (keeping top 10)...
  Removed old checkpoint: trial_35-epoch=04-val_auc_epoch=0.5405.ckpt
  Removed old checkpoint: trial_34-epoch=15-val_auc_epoch=0.5105.ckpt
  Removed old checkpoint: trial_33-epoch=02-val_auc_epoch=0.5442.ckpt
  Removed old checkpoint: trial_32-epoch=04-val_auc_epoch=0.5552.ckpt
  Removed old checkpoint: trial_31-epoch=23-val_auc_epoch=0.5363.ckpt
  Removed old log dir: trial_35
  Removed old log dir: trial_34
  Removed old log dir: trial_33
  Removed old log dir: trial_32
  Removed old log dir: trial_31
/home/eng/shilo_avital/yolo_lab/walk_to_paint/optuna_run.py:147: FutureWarning: suggest_loguniform has been deprecated in v3.0.0. This feature will be removed in v6.0.0. See https://github.com/optuna/optuna/releases/tag/v3.0.0. Use suggest_float(..., log=True) instead.
  cfg.training.lr = trial.suggest_loguniform("training.lr", 1e-5, 1e-1)
/home/eng/shilo_avital/yolo_lab/walk_to_paint/optuna_run.py:148: FutureWarning: suggest_loguniform has been deprecated in v3.0.0. This feature will be removed in v6.0.0. See https://github.com/optuna/optuna/releases/tag/v3.0.0. Use suggest_float(..., log=True) instead.
  cfg.training.weight_decay = trial.suggest_loguniform(

🔬 Trial 46 hyperparameters:
  Walk length: 86, Num walks: 286,352
  LR: 1.21e-05, Batch size: 64
  Model: emb_dim=128, hidden_dim=16
  Transformer: 1 layers, 1 heads
  Epochs: 14, Weighted loss: True
Loading bitcoin-alpha-binary dataset...
Success! ✅
Splitting edges for bitcoin-alpha-binary dataset...
Success! ✅
Sampling random walks from bitcoin-alpha-binary dataset...
Success! ✅
Building tokenizer for bitcoin-alpha-binary dataset...
Success! ✅
Padding and building stage tensors for bitcoin-alpha-binary dataset...
Success! ✅
Creating DataLoaders for bitcoin-alpha-binary dataset...
Success! ✅
/home/eng/shilo_avital/yolo_lab/walk_to_paint/.venv/lib64/python3.9/site-packages/torch/nn/modules/transformer.py:382: UserWarning: enable_nested_tensor is True, but self.use_nested_tensor is False because encoder_layer.self_attn.num_heads is odd
  warnings.warn(
GPU available: True (cuda), used: True
TPU available: False, using: 0 TPU cores
HPU available: False, using: 0 HPUs
/home/eng/shilo_avital/yolo_lab/walk_to_paint/.venv/lib64/python3.9/site-packages/pytorch_lightning/callbacks/model_checkpoint.py:658: Checkpoint directory /home/eng/shilo_avital/yolo_lab/walk_to_paint/checkpoints exists and is not empty.
LOCAL_RANK: 0 - CUDA_VISIBLE_DEVICES: [3]
/home/eng/shilo_avital/yolo_lab/walk_to_paint/.venv/lib64/python3.9/site-packages/pytorch_lightning/trainer/connectors/data_connector.py:425: The 'val_dataloader' does not have many workers which may be a bottleneck. Consider increasing the value of the `num_workers` argument` to `num_workers=127` in the `DataLoader` to improve performance.
/home/eng/shilo_avital/yolo_lab/walk_to_paint/.venv/lib64/python3.9/site-packages/pytorch_lightning/trainer/connectors/data_connector.py:425: The 'train_dataloader' does not have many workers which may be a bottleneck. Consider increasing the value of the `num_workers` argument` to `num_workers=127` in the `DataLoader` to improve performance.
Metric val_auc_epoch improved. New best score: 0.529
Metric val_auc_epoch improved by 0.010 >= min_delta = 0.0. New best score: 0.538
Metric val_auc_epoch improved by 0.005 >= min_delta = 0.0. New best score: 0.543
Metric val_auc_epoch improved by 0.004 >= min_delta = 0.0. New best score: 0.547
Metric val_auc_epoch improved by 0.002 >= min_delta = 0.0. New best score: 0.549
Metric val_auc_epoch improved by 0.003 >= min_delta = 0.0. New best score: 0.551
Metric val_auc_epoch improved by 0.002 >= min_delta = 0.0. New best score: 0.553
Metric val_auc_epoch improved by 0.002 >= min_delta = 0.0. New best score: 0.555
Metric val_auc_epoch improved by 0.002 >= min_delta = 0.0. New best score: 0.557
Metric val_auc_epoch improved by 0.001 >= min_delta = 0.0. New best score: 0.559
Metric val_auc_epoch improved by 0.001 >= min_delta = 0.0. New best score: 0.559
Metric val_auc_epoch improved by 0.000 >= min_delta = 0.0. New best score: 0.560
Metric val_auc_epoch improved by 0.000 >= min_delta = 0.0. New best score: 0.560
Metric val_auc_epoch improved by 0.000 >= min_delta = 0.0. New best score: 0.560
`Trainer.fit` stopped: `max_epochs=14` reached.
Restoring states from the checkpoint path at /home/eng/shilo_avital/yolo_lab/walk_to_paint/checkpoints/trial_46-epoch=13-val_auc_epoch=0.5596.ckpt
LOCAL_RANK: 0 - CUDA_VISIBLE_DEVICES: [3]
Loaded model weights from the checkpoint at /home/eng/shilo_avital/yolo_lab/walk_to_paint/checkpoints/trial_46-epoch=13-val_auc_epoch=0.5596.ckpt
/home/eng/shilo_avital/yolo_lab/walk_to_paint/.venv/lib64/python3.9/site-packages/pytorch_lightning/trainer/connectors/data_connector.py:425: The 'val_dataloader' does not have many workers which may be a bottleneck. Consider increasing the value of the `num_workers` argument` to `num_workers=127` in the `DataLoader` to improve performance.
────────────────────────────────────────────────────────────────────────────────────────────────────────────────────────
     Validate metric           DataLoader 0
────────────────────────────────────────────────────────────────────────────────────────────────────────────────────────
      val_acc_epoch         0.5398514270782471
      val_auc_epoch         0.5595824718475342
      val_f1_epoch          0.5398684740066528
        val_loss            0.6885741949081421
────────────────────────────────────────────────────────────────────────────────────────────────────────────────────────
✅ Trial 46 completed - Val AUC: 0.5596
