/home/eng/shilo_avital/yolo_lab/walk_to_paint/.venv/lib64/python3.9/site-packages/networkx/utils/backends.py:135: RuntimeWarning: networkx backend defined more than once: nx-loopback
  backends.update(_get_backends("networkx.backends"))
🎯 Starting Optuna hyperparameter optimization with 500 trials
📊 Objective: Maximize validation AUC
🖥️  Device: 3
💾 Keeping top 10 checkpoints/logs to save space
[I 2025-08-21 11:35:16,343] A new study created in memory with name: walk_to_paint_study_optuna_search
/home/eng/shilo_avital/yolo_lab/walk_to_paint/optuna_run.py:147: FutureWarning: suggest_loguniform has been deprecated in v3.0.0. This feature will be removed in v6.0.0. See https://github.com/optuna/optuna/releases/tag/v3.0.0. Use suggest_float(..., log=True) instead.
  cfg.training.lr = trial.suggest_loguniform("training.lr", 1e-5, 1e-1)
/home/eng/shilo_avital/yolo_lab/walk_to_paint/optuna_run.py:148: FutureWarning: suggest_loguniform has been deprecated in v3.0.0. This feature will be removed in v6.0.0. See https://github.com/optuna/optuna/releases/tag/v3.0.0. Use suggest_float(..., log=True) instead.
  cfg.training.weight_decay = trial.suggest_loguniform(

🔬 Trial 0 hyperparameters:
  Walk length: 30, Num walks: 121,159
  LR: 3.00e-05, Batch size: 32
  Model: emb_dim=64, hidden_dim=64
  Transformer: 5 layers, 4 heads
  Epochs: 16, Weighted loss: True
Loading bitcoin-alpha-binary dataset...
Success! ✅
Splitting edges for bitcoin-alpha-binary dataset...
Success! ✅
Sampling random walks from bitcoin-alpha-binary dataset...
Success! ✅
Building tokenizer for bitcoin-alpha-binary dataset...
Success! ✅
Padding and building stage tensors for bitcoin-alpha-binary dataset...
Success! ✅
Creating DataLoaders for bitcoin-alpha-binary dataset...
Success! ✅
GPU available: True (cuda), used: True
TPU available: False, using: 0 TPU cores
HPU available: False, using: 0 HPUs
You are using a CUDA device ('NVIDIA L40S') that has Tensor Cores. To properly utilize them, you should set `torch.set_float32_matmul_precision('medium' | 'high')` which will trade-off precision for performance. For more details, read https://pytorch.org/docs/stable/generated/torch.set_float32_matmul_precision.html#torch.set_float32_matmul_precision
/home/eng/shilo_avital/yolo_lab/walk_to_paint/.venv/lib64/python3.9/site-packages/pytorch_lightning/callbacks/model_checkpoint.py:658: Checkpoint directory /home/eng/shilo_avital/yolo_lab/walk_to_paint/checkpoints exists and is not empty.
LOCAL_RANK: 0 - CUDA_VISIBLE_DEVICES: [3]
/home/eng/shilo_avital/yolo_lab/walk_to_paint/.venv/lib64/python3.9/site-packages/pytorch_lightning/trainer/connectors/data_connector.py:425: The 'val_dataloader' does not have many workers which may be a bottleneck. Consider increasing the value of the `num_workers` argument` to `num_workers=127` in the `DataLoader` to improve performance.
/home/eng/shilo_avital/yolo_lab/walk_to_paint/.venv/lib64/python3.9/site-packages/pytorch_lightning/trainer/connectors/data_connector.py:425: The 'train_dataloader' does not have many workers which may be a bottleneck. Consider increasing the value of the `num_workers` argument` to `num_workers=127` in the `DataLoader` to improve performance.
Metric val_auc_epoch improved. New best score: 0.558
Metric val_auc_epoch improved by 0.002 >= min_delta = 0.0. New best score: 0.559
Metric val_auc_epoch improved by 0.001 >= min_delta = 0.0. New best score: 0.561
Metric val_auc_epoch improved by 0.004 >= min_delta = 0.0. New best score: 0.565
Metric val_auc_epoch improved by 0.006 >= min_delta = 0.0. New best score: 0.571
Metric val_auc_epoch improved by 0.004 >= min_delta = 0.0. New best score: 0.575
Metric val_auc_epoch improved by 0.004 >= min_delta = 0.0. New best score: 0.580
Metric val_auc_epoch improved by 0.004 >= min_delta = 0.0. New best score: 0.583
Metric val_auc_epoch improved by 0.001 >= min_delta = 0.0. New best score: 0.584
Metric val_auc_epoch improved by 0.001 >= min_delta = 0.0. New best score: 0.585
Metric val_auc_epoch improved by 0.001 >= min_delta = 0.0. New best score: 0.586
Metric val_auc_epoch improved by 0.000 >= min_delta = 0.0. New best score: 0.587
Metric val_auc_epoch improved by 0.000 >= min_delta = 0.0. New best score: 0.587
Metric val_auc_epoch improved by 0.000 >= min_delta = 0.0. New best score: 0.587
Metric val_auc_epoch improved by 0.000 >= min_delta = 0.0. New best score: 0.587
`Trainer.fit` stopped: `max_epochs=16` reached.
Restoring states from the checkpoint path at /home/eng/shilo_avital/yolo_lab/walk_to_paint/checkpoints/trial_0-epoch=15-val_auc_epoch=0.5870.ckpt
LOCAL_RANK: 0 - CUDA_VISIBLE_DEVICES: [3]
Loaded model weights from the checkpoint at /home/eng/shilo_avital/yolo_lab/walk_to_paint/checkpoints/trial_0-epoch=15-val_auc_epoch=0.5870.ckpt
/home/eng/shilo_avital/yolo_lab/walk_to_paint/.venv/lib64/python3.9/site-packages/pytorch_lightning/trainer/connectors/data_connector.py:425: The 'val_dataloader' does not have many workers which may be a bottleneck. Consider increasing the value of the `num_workers` argument` to `num_workers=127` in the `DataLoader` to improve performance.
────────────────────────────────────────────────────────────────────────────────────────────────────────────────────────
     Validate metric           DataLoader 0
────────────────────────────────────────────────────────────────────────────────────────────────────────────────────────
      val_acc_epoch         0.5609151124954224
      val_auc_epoch          0.587040901184082
      val_f1_epoch          0.5596323013305664
        val_loss            0.7135388255119324
────────────────────────────────────────────────────────────────────────────────────────────────────────────────────────
✅ Trial 0 completed - Val AUC: 0.5870
[I 2025-08-21 11:49:26,457] Trial 0 finished with value: -0.587040901184082 and parameters: {'dataset.max_walk_length': 30, 'dataset.num_walks': 121159, 'training.lr': 3.004818397747491e-05, 'training.weight_decay': 0.0029232656276522028, 'training.batch_size': 32, 'training.gradient_clip_val': 0.6176102677381993, 'training.early_stopping_patience': 15, 'model.nhead_emb_combo': 16, 'model.hidden_dim': 64, 'model.nlayers': 5, 'model.dropout': 0.02498023037882434, 'training.epochs': 16}. Best is trial 0 with value: -0.587040901184082.
/home/eng/shilo_avital/yolo_lab/walk_to_paint/optuna_run.py:147: FutureWarning: suggest_loguniform has been deprecated in v3.0.0. This feature will be removed in v6.0.0. See https://github.com/optuna/optuna/releases/tag/v3.0.0. Use suggest_float(..., log=True) instead.
  cfg.training.lr = trial.suggest_loguniform("training.lr", 1e-5, 1e-1)
/home/eng/shilo_avital/yolo_lab/walk_to_paint/optuna_run.py:148: FutureWarning: suggest_loguniform has been deprecated in v3.0.0. This feature will be removed in v6.0.0. See https://github.com/optuna/optuna/releases/tag/v3.0.0. Use suggest_float(..., log=True) instead.
  cfg.training.weight_decay = trial.suggest_loguniform(

🔬 Trial 1 hyperparameters:
  Walk length: 84, Num walks: 346,280
  LR: 5.98e-03, Batch size: 64
  Model: emb_dim=64, hidden_dim=16
  Transformer: 2 layers, 2 heads
  Epochs: 24, Weighted loss: True
Loading bitcoin-alpha-binary dataset...
Success! ✅
Splitting edges for bitcoin-alpha-binary dataset...
Success! ✅
Sampling random walks from bitcoin-alpha-binary dataset...
Success! ✅
Building tokenizer for bitcoin-alpha-binary dataset...
Success! ✅
Padding and building stage tensors for bitcoin-alpha-binary dataset...
Success! ✅
Creating DataLoaders for bitcoin-alpha-binary dataset...
Success! ✅
GPU available: True (cuda), used: True
TPU available: False, using: 0 TPU cores
HPU available: False, using: 0 HPUs
/home/eng/shilo_avital/yolo_lab/walk_to_paint/.venv/lib64/python3.9/site-packages/pytorch_lightning/callbacks/model_checkpoint.py:658: Checkpoint directory /home/eng/shilo_avital/yolo_lab/walk_to_paint/checkpoints exists and is not empty.
LOCAL_RANK: 0 - CUDA_VISIBLE_DEVICES: [3]
/home/eng/shilo_avital/yolo_lab/walk_to_paint/.venv/lib64/python3.9/site-packages/pytorch_lightning/trainer/connectors/data_connector.py:425: The 'val_dataloader' does not have many workers which may be a bottleneck. Consider increasing the value of the `num_workers` argument` to `num_workers=127` in the `DataLoader` to improve performance.
/home/eng/shilo_avital/yolo_lab/walk_to_paint/.venv/lib64/python3.9/site-packages/pytorch_lightning/trainer/connectors/data_connector.py:425: The 'train_dataloader' does not have many workers which may be a bottleneck. Consider increasing the value of the `num_workers` argument` to `num_workers=127` in the `DataLoader` to improve performance.
Metric val_auc_epoch improved. New best score: 0.506
Metric val_auc_epoch improved by 0.000 >= min_delta = 0.0. New best score: 0.506
Metric val_auc_epoch improved by 0.000 >= min_delta = 0.0. New best score: 0.506
Metric val_auc_epoch improved by 0.018 >= min_delta = 0.0. New best score: 0.524
Metric val_auc_epoch improved by 0.108 >= min_delta = 0.0. New best score: 0.632
Metric val_auc_epoch improved by 0.005 >= min_delta = 0.0. New best score: 0.638
`Trainer.fit` stopped: `max_epochs=24` reached.
Restoring states from the checkpoint path at /home/eng/shilo_avital/yolo_lab/walk_to_paint/checkpoints/trial_1-epoch=19-val_auc_epoch=0.6377.ckpt
LOCAL_RANK: 0 - CUDA_VISIBLE_DEVICES: [3]
Loaded model weights from the checkpoint at /home/eng/shilo_avital/yolo_lab/walk_to_paint/checkpoints/trial_1-epoch=19-val_auc_epoch=0.6377.ckpt
/home/eng/shilo_avital/yolo_lab/walk_to_paint/.venv/lib64/python3.9/site-packages/pytorch_lightning/trainer/connectors/data_connector.py:425: The 'val_dataloader' does not have many workers which may be a bottleneck. Consider increasing the value of the `num_workers` argument` to `num_workers=127` in the `DataLoader` to improve performance.
────────────────────────────────────────────────────────────────────────────────────────────────────────────────────────
     Validate metric           DataLoader 0
────────────────────────────────────────────────────────────────────────────────────────────────────────────────────────
      val_acc_epoch         0.5916738510131836
      val_auc_epoch         0.6377121806144714
      val_f1_epoch          0.5826030969619751
        val_loss             1.346189260482788
────────────────────────────────────────────────────────────────────────────────────────────────────────────────────────
✅ Trial 1 completed - Val AUC: 0.6377
[I 2025-08-21 12:14:54,743] Trial 1 finished with value: -0.6377121806144714 and parameters: {'dataset.max_walk_length': 84, 'dataset.num_walks': 346280, 'training.lr': 0.0059788189125778, 'training.weight_decay': 0.057964248936915604, 'training.batch_size': 64, 'training.gradient_clip_val': 1.854182703873302, 'training.early_stopping_patience': 12, 'model.nhead_emb_combo': 10, 'model.hidden_dim': 16, 'model.nlayers': 2, 'model.dropout': 0.6119565345125341, 'training.epochs': 24}. Best is trial 1 with value: -0.6377121806144714.
/home/eng/shilo_avital/yolo_lab/walk_to_paint/optuna_run.py:147: FutureWarning: suggest_loguniform has been deprecated in v3.0.0. This feature will be removed in v6.0.0. See https://github.com/optuna/optuna/releases/tag/v3.0.0. Use suggest_float(..., log=True) instead.
  cfg.training.lr = trial.suggest_loguniform("training.lr", 1e-5, 1e-1)
/home/eng/shilo_avital/yolo_lab/walk_to_paint/optuna_run.py:148: FutureWarning: suggest_loguniform has been deprecated in v3.0.0. This feature will be removed in v6.0.0. See https://github.com/optuna/optuna/releases/tag/v3.0.0. Use suggest_float(..., log=True) instead.
  cfg.training.weight_decay = trial.suggest_loguniform(

🔬 Trial 2 hyperparameters:
  Walk length: 19, Num walks: 160,331
  LR: 3.90e-04, Batch size: 64
  Model: emb_dim=4, hidden_dim=128
  Transformer: 5 layers, 2 heads
  Epochs: 30, Weighted loss: True
Loading bitcoin-alpha-binary dataset...
Success! ✅
Splitting edges for bitcoin-alpha-binary dataset...
Success! ✅
Sampling random walks from bitcoin-alpha-binary dataset...
Success! ✅
Building tokenizer for bitcoin-alpha-binary dataset...
Success! ✅
Padding and building stage tensors for bitcoin-alpha-binary dataset...
Success! ✅
Creating DataLoaders for bitcoin-alpha-binary dataset...
Success! ✅
GPU available: True (cuda), used: True
TPU available: False, using: 0 TPU cores
HPU available: False, using: 0 HPUs
/home/eng/shilo_avital/yolo_lab/walk_to_paint/.venv/lib64/python3.9/site-packages/pytorch_lightning/callbacks/model_checkpoint.py:658: Checkpoint directory /home/eng/shilo_avital/yolo_lab/walk_to_paint/checkpoints exists and is not empty.
LOCAL_RANK: 0 - CUDA_VISIBLE_DEVICES: [3]
/home/eng/shilo_avital/yolo_lab/walk_to_paint/.venv/lib64/python3.9/site-packages/pytorch_lightning/trainer/connectors/data_connector.py:425: The 'val_dataloader' does not have many workers which may be a bottleneck. Consider increasing the value of the `num_workers` argument` to `num_workers=127` in the `DataLoader` to improve performance.
/home/eng/shilo_avital/yolo_lab/walk_to_paint/.venv/lib64/python3.9/site-packages/pytorch_lightning/trainer/connectors/data_connector.py:425: The 'train_dataloader' does not have many workers which may be a bottleneck. Consider increasing the value of the `num_workers` argument` to `num_workers=127` in the `DataLoader` to improve performance.
Metric val_auc_epoch improved. New best score: 0.511
Metric val_auc_epoch improved by 0.006 >= min_delta = 0.0. New best score: 0.517
Metric val_auc_epoch improved by 0.004 >= min_delta = 0.0. New best score: 0.521
Metric val_auc_epoch improved by 0.009 >= min_delta = 0.0. New best score: 0.530
Monitored metric val_auc_epoch did not improve in the last 7 records. Best score: 0.530. Signaling Trainer to stop.
Restoring states from the checkpoint path at /home/eng/shilo_avital/yolo_lab/walk_to_paint/checkpoints/trial_2-epoch=07-val_auc_epoch=0.5302.ckpt
LOCAL_RANK: 0 - CUDA_VISIBLE_DEVICES: [3]
Loaded model weights from the checkpoint at /home/eng/shilo_avital/yolo_lab/walk_to_paint/checkpoints/trial_2-epoch=07-val_auc_epoch=0.5302.ckpt
/home/eng/shilo_avital/yolo_lab/walk_to_paint/.venv/lib64/python3.9/site-packages/pytorch_lightning/trainer/connectors/data_connector.py:425: The 'val_dataloader' does not have many workers which may be a bottleneck. Consider increasing the value of the `num_workers` argument` to `num_workers=127` in the `DataLoader` to improve performance.
────────────────────────────────────────────────────────────────────────────────────────────────────────────────────────
     Validate metric           DataLoader 0
────────────────────────────────────────────────────────────────────────────────────────────────────────────────────────
      val_acc_epoch                 0.5
      val_auc_epoch         0.5302151441574097
      val_f1_epoch          0.2961898148059845
        val_loss            0.6931350827217102
────────────────────────────────────────────────────────────────────────────────────────────────────────────────────────
✅ Trial 2 completed - Val AUC: 0.5302
[I 2025-08-21 12:25:36,440] Trial 2 finished with value: -0.5302151441574097 and parameters: {'dataset.max_walk_length': 19, 'dataset.num_walks': 160331, 'training.lr': 0.0003901187308053221, 'training.weight_decay': 2.207692497866113e-08, 'training.batch_size': 64, 'training.gradient_clip_val': 1.4858794459133617, 'training.early_stopping_patience': 7, 'model.nhead_emb_combo': 6, 'model.hidden_dim': 128, 'model.nlayers': 5, 'model.dropout': 0.635374355510304, 'training.epochs': 30}. Best is trial 1 with value: -0.6377121806144714.
/home/eng/shilo_avital/yolo_lab/walk_to_paint/optuna_run.py:147: FutureWarning: suggest_loguniform has been deprecated in v3.0.0. This feature will be removed in v6.0.0. See https://github.com/optuna/optuna/releases/tag/v3.0.0. Use suggest_float(..., log=True) instead.
  cfg.training.lr = trial.suggest_loguniform("training.lr", 1e-5, 1e-1)
/home/eng/shilo_avital/yolo_lab/walk_to_paint/optuna_run.py:148: FutureWarning: suggest_loguniform has been deprecated in v3.0.0. This feature will be removed in v6.0.0. See https://github.com/optuna/optuna/releases/tag/v3.0.0. Use suggest_float(..., log=True) instead.
  cfg.training.weight_decay = trial.suggest_loguniform(

🔬 Trial 3 hyperparameters:
  Walk length: 80, Num walks: 806,000
  LR: 6.43e-02, Batch size: 64
  Model: emb_dim=64, hidden_dim=4
  Transformer: 5 layers, 16 heads
  Epochs: 18, Weighted loss: True
Loading bitcoin-alpha-binary dataset...
Success! ✅
Splitting edges for bitcoin-alpha-binary dataset...
Success! ✅
Sampling random walks from bitcoin-alpha-binary dataset...
Success! ✅
Building tokenizer for bitcoin-alpha-binary dataset...
Success! ✅
Padding and building stage tensors for bitcoin-alpha-binary dataset...
Success! ✅
Creating DataLoaders for bitcoin-alpha-binary dataset...
Success! ✅
GPU available: True (cuda), used: True
TPU available: False, using: 0 TPU cores
HPU available: False, using: 0 HPUs
/home/eng/shilo_avital/yolo_lab/walk_to_paint/.venv/lib64/python3.9/site-packages/pytorch_lightning/callbacks/model_checkpoint.py:658: Checkpoint directory /home/eng/shilo_avital/yolo_lab/walk_to_paint/checkpoints exists and is not empty.
LOCAL_RANK: 0 - CUDA_VISIBLE_DEVICES: [3]
/home/eng/shilo_avital/yolo_lab/walk_to_paint/.venv/lib64/python3.9/site-packages/pytorch_lightning/trainer/connectors/data_connector.py:425: The 'val_dataloader' does not have many workers which may be a bottleneck. Consider increasing the value of the `num_workers` argument` to `num_workers=127` in the `DataLoader` to improve performance.
/home/eng/shilo_avital/yolo_lab/walk_to_paint/.venv/lib64/python3.9/site-packages/pytorch_lightning/trainer/connectors/data_connector.py:425: The 'train_dataloader' does not have many workers which may be a bottleneck. Consider increasing the value of the `num_workers` argument` to `num_workers=127` in the `DataLoader` to improve performance.
Metric val_auc_epoch improved. New best score: 0.500
❌ Trial 3 failed: Input contains NaN.
