[I 2025-08-24 07:44:17,196] Trial 298 finished with value: -0.6106936931610107 and parameters: {'dataset.max_walk_length': 80, 'dataset.num_walks': 419028, 'training.lr': 0.0005222393974763252, 'training.weight_decay': 0.007416822839027638, 'training.batch_size': 128, 'training.gradient_clip_val': 0.25088275375519825, 'training.early_stopping_patience': 6, 'model.nhead_emb_combo': 22, 'model.hidden_dim': 16, 'model.nlayers': 5, 'model.dropout': 0.6767241678378224, 'training.epochs': 24}. Best is trial 229 with value: -0.6563454866409302.
/home/eng/shilo_avital/yolo_lab/walk_to_paint/optuna_run.py:147: FutureWarning: suggest_loguniform has been deprecated in v3.0.0. This feature will be removed in v6.0.0. See https://github.com/optuna/optuna/releases/tag/v3.0.0. Use suggest_float(..., log=True) instead.
  cfg.training.lr = trial.suggest_loguniform("training.lr", 1e-5, 1e-1)
/home/eng/shilo_avital/yolo_lab/walk_to_paint/optuna_run.py:148: FutureWarning: suggest_loguniform has been deprecated in v3.0.0. This feature will be removed in v6.0.0. See https://github.com/optuna/optuna/releases/tag/v3.0.0. Use suggest_float(..., log=True) instead.
  cfg.training.weight_decay = trial.suggest_loguniform(

🔬 Trial 299 hyperparameters:
  Walk length: 83, Num walks: 384,389
  LR: 3.88e-04, Batch size: 64
  Model: emb_dim=128, hidden_dim=16
  Transformer: 5 layers, 8 heads
  Epochs: 24, Weighted loss: True
Loading bitcoin-alpha-binary dataset...
Success! ✅
Splitting edges for bitcoin-alpha-binary dataset...
Success! ✅
Sampling random walks from bitcoin-alpha-binary dataset...
Success! ✅
Building tokenizer for bitcoin-alpha-binary dataset...
Success! ✅
Padding and building stage tensors for bitcoin-alpha-binary dataset...
Success! ✅
Creating DataLoaders for bitcoin-alpha-binary dataset...
Success! ✅
GPU available: True (cuda), used: True
TPU available: False, using: 0 TPU cores
HPU available: False, using: 0 HPUs
/home/eng/shilo_avital/yolo_lab/walk_to_paint/.venv/lib64/python3.9/site-packages/pytorch_lightning/callbacks/model_checkpoint.py:658: Checkpoint directory /home/eng/shilo_avital/yolo_lab/walk_to_paint/checkpoints exists and is not empty.
LOCAL_RANK: 0 - CUDA_VISIBLE_DEVICES: [3]
/home/eng/shilo_avital/yolo_lab/walk_to_paint/.venv/lib64/python3.9/site-packages/pytorch_lightning/trainer/connectors/data_connector.py:425: The 'val_dataloader' does not have many workers which may be a bottleneck. Consider increasing the value of the `num_workers` argument` to `num_workers=127` in the `DataLoader` to improve performance.
/home/eng/shilo_avital/yolo_lab/walk_to_paint/.venv/lib64/python3.9/site-packages/pytorch_lightning/trainer/connectors/data_connector.py:425: The 'train_dataloader' does not have many workers which may be a bottleneck. Consider increasing the value of the `num_workers` argument` to `num_workers=127` in the `DataLoader` to improve performance.
Metric val_auc_epoch improved. New best score: 0.538
Metric val_auc_epoch improved by 0.015 >= min_delta = 0.0. New best score: 0.553
Metric val_auc_epoch improved by 0.071 >= min_delta = 0.0. New best score: 0.624
Metric val_auc_epoch improved by 0.010 >= min_delta = 0.0. New best score: 0.635
Metric val_auc_epoch improved by 0.001 >= min_delta = 0.0. New best score: 0.635
Metric val_auc_epoch improved by 0.001 >= min_delta = 0.0. New best score: 0.636
Monitored metric val_auc_epoch did not improve in the last 6 records. Best score: 0.636. Signaling Trainer to stop.
Restoring states from the checkpoint path at /home/eng/shilo_avital/yolo_lab/walk_to_paint/checkpoints/trial_299-epoch=05-val_auc_epoch=0.6363.ckpt
LOCAL_RANK: 0 - CUDA_VISIBLE_DEVICES: [3]
Loaded model weights from the checkpoint at /home/eng/shilo_avital/yolo_lab/walk_to_paint/checkpoints/trial_299-epoch=05-val_auc_epoch=0.6363.ckpt
/home/eng/shilo_avital/yolo_lab/walk_to_paint/.venv/lib64/python3.9/site-packages/pytorch_lightning/trainer/connectors/data_connector.py:425: The 'val_dataloader' does not have many workers which may be a bottleneck. Consider increasing the value of the `num_workers` argument` to `num_workers=127` in the `DataLoader` to improve performance.
────────────────────────────────────────────────────────────────────────────────────────────────────────────────────────
     Validate metric           DataLoader 0
────────────────────────────────────────────────────────────────────────────────────────────────────────────────────────
      val_acc_epoch         0.6002596616744995
      val_auc_epoch         0.6362833976745605
      val_f1_epoch          0.5933467149734497
        val_loss            1.5153748989105225
────────────────────────────────────────────────────────────────────────────────────────────────────────────────────────
✅ Trial 299 completed - Val AUC: 0.6363
[I 2025-08-24 08:06:55,216] Trial 299 finished with value: -0.6362833976745605 and parameters: {'dataset.max_walk_length': 83, 'dataset.num_walks': 384389, 'training.lr': 0.00038827148798173557, 'training.weight_decay': 0.010693542783849336, 'training.batch_size': 64, 'training.gradient_clip_val': 0.32720706388491494, 'training.early_stopping_patience': 6, 'model.nhead_emb_combo': 22, 'model.hidden_dim': 16, 'model.nlayers': 5, 'model.dropout': 0.6641996075952986, 'training.epochs': 24}. Best is trial 229 with value: -0.6563454866409302.
/home/eng/shilo_avital/yolo_lab/walk_to_paint/optuna_run.py:147: FutureWarning: suggest_loguniform has been deprecated in v3.0.0. This feature will be removed in v6.0.0. See https://github.com/optuna/optuna/releases/tag/v3.0.0. Use suggest_float(..., log=True) instead.
  cfg.training.lr = trial.suggest_loguniform("training.lr", 1e-5, 1e-1)
/home/eng/shilo_avital/yolo_lab/walk_to_paint/optuna_run.py:148: FutureWarning: suggest_loguniform has been deprecated in v3.0.0. This feature will be removed in v6.0.0. See https://github.com/optuna/optuna/releases/tag/v3.0.0. Use suggest_float(..., log=True) instead.
  cfg.training.weight_decay = trial.suggest_loguniform(

🔬 Trial 300 hyperparameters:
  Walk length: 77, Num walks: 389,533
  LR: 3.88e-04, Batch size: 64
  Model: emb_dim=128, hidden_dim=16
  Transformer: 5 layers, 8 heads
  Epochs: 24, Weighted loss: True
Loading bitcoin-alpha-binary dataset...
Success! ✅
Splitting edges for bitcoin-alpha-binary dataset...
Success! ✅
Sampling random walks from bitcoin-alpha-binary dataset...
Success! ✅
Building tokenizer for bitcoin-alpha-binary dataset...
Success! ✅
Padding and building stage tensors for bitcoin-alpha-binary dataset...
Success! ✅
Creating DataLoaders for bitcoin-alpha-binary dataset...
Success! ✅
GPU available: True (cuda), used: True
TPU available: False, using: 0 TPU cores
HPU available: False, using: 0 HPUs
/home/eng/shilo_avital/yolo_lab/walk_to_paint/.venv/lib64/python3.9/site-packages/pytorch_lightning/callbacks/model_checkpoint.py:658: Checkpoint directory /home/eng/shilo_avital/yolo_lab/walk_to_paint/checkpoints exists and is not empty.
LOCAL_RANK: 0 - CUDA_VISIBLE_DEVICES: [3]
/home/eng/shilo_avital/yolo_lab/walk_to_paint/.venv/lib64/python3.9/site-packages/pytorch_lightning/trainer/connectors/data_connector.py:425: The 'val_dataloader' does not have many workers which may be a bottleneck. Consider increasing the value of the `num_workers` argument` to `num_workers=127` in the `DataLoader` to improve performance.
/home/eng/shilo_avital/yolo_lab/walk_to_paint/.venv/lib64/python3.9/site-packages/pytorch_lightning/trainer/connectors/data_connector.py:425: The 'train_dataloader' does not have many workers which may be a bottleneck. Consider increasing the value of the `num_workers` argument` to `num_workers=127` in the `DataLoader` to improve performance.
Metric val_auc_epoch improved. New best score: 0.523
Metric val_auc_epoch improved by 0.009 >= min_delta = 0.0. New best score: 0.533
Metric val_auc_epoch improved by 0.066 >= min_delta = 0.0. New best score: 0.599
Metric val_auc_epoch improved by 0.008 >= min_delta = 0.0. New best score: 0.607
Metric val_auc_epoch improved by 0.001 >= min_delta = 0.0. New best score: 0.608
Monitored metric val_auc_epoch did not improve in the last 6 records. Best score: 0.608. Signaling Trainer to stop.
Restoring states from the checkpoint path at /home/eng/shilo_avital/yolo_lab/walk_to_paint/checkpoints/trial_300-epoch=05-val_auc_epoch=0.6076.ckpt
LOCAL_RANK: 0 - CUDA_VISIBLE_DEVICES: [3]
Loaded model weights from the checkpoint at /home/eng/shilo_avital/yolo_lab/walk_to_paint/checkpoints/trial_300-epoch=05-val_auc_epoch=0.6076.ckpt
/home/eng/shilo_avital/yolo_lab/walk_to_paint/.venv/lib64/python3.9/site-packages/pytorch_lightning/trainer/connectors/data_connector.py:425: The 'val_dataloader' does not have many workers which may be a bottleneck. Consider increasing the value of the `num_workers` argument` to `num_workers=127` in the `DataLoader` to improve performance.
────────────────────────────────────────────────────────────────────────────────────────────────────────────────────────
     Validate metric           DataLoader 0
────────────────────────────────────────────────────────────────────────────────────────────────────────────────────────
      val_acc_epoch         0.5853018760681152
      val_auc_epoch         0.6076325178146362
      val_f1_epoch          0.5785427093505859
        val_loss            1.7203373908996582
────────────────────────────────────────────────────────────────────────────────────────────────────────────────────────
✅ Trial 300 completed - Val AUC: 0.6076
[I 2025-08-24 08:28:55,708] Trial 300 finished with value: -0.6076325178146362 and parameters: {'dataset.max_walk_length': 77, 'dataset.num_walks': 389533, 'training.lr': 0.00038816420628057816, 'training.weight_decay': 0.02002334029092165, 'training.batch_size': 64, 'training.gradient_clip_val': 0.32037156628589153, 'training.early_stopping_patience': 6, 'model.nhead_emb_combo': 22, 'model.hidden_dim': 16, 'model.nlayers': 5, 'model.dropout': 0.6643763740784089, 'training.epochs': 24}. Best is trial 229 with value: -0.6563454866409302.
🧹 Cleaning up old checkpoints and logs (keeping top 10)...
  Removed old checkpoint: trial_290-epoch=10-val_auc_epoch=0.6413.ckpt
  Removed old checkpoint: trial_289-epoch=06-val_auc_epoch=0.6346.ckpt
  Removed old checkpoint: trial_288-epoch=15-val_auc_epoch=0.6131.ckpt
  Removed old checkpoint: trial_287-epoch=23-val_auc_epoch=0.5981.ckpt
  Removed old checkpoint: trial_286-epoch=00-val_auc_epoch=0.5369.ckpt
  Removed old log dir: trial_290
  Removed old log dir: trial_289
  Removed old log dir: trial_288
  Removed old log dir: trial_287
  Removed old log dir: trial_286
/home/eng/shilo_avital/yolo_lab/walk_to_paint/optuna_run.py:147: FutureWarning: suggest_loguniform has been deprecated in v3.0.0. This feature will be removed in v6.0.0. See https://github.com/optuna/optuna/releases/tag/v3.0.0. Use suggest_float(..., log=True) instead.
  cfg.training.lr = trial.suggest_loguniform("training.lr", 1e-5, 1e-1)
/home/eng/shilo_avital/yolo_lab/walk_to_paint/optuna_run.py:148: FutureWarning: suggest_loguniform has been deprecated in v3.0.0. This feature will be removed in v6.0.0. See https://github.com/optuna/optuna/releases/tag/v3.0.0. Use suggest_float(..., log=True) instead.
  cfg.training.weight_decay = trial.suggest_loguniform(

🔬 Trial 301 hyperparameters:
  Walk length: 83, Num walks: 486,646
  LR: 2.16e-03, Batch size: 64
  Model: emb_dim=16, hidden_dim=16
  Transformer: 6 layers, 16 heads
  Epochs: 24, Weighted loss: True
Loading bitcoin-alpha-binary dataset...
Success! ✅
Splitting edges for bitcoin-alpha-binary dataset...
Success! ✅
Sampling random walks from bitcoin-alpha-binary dataset...
Success! ✅
Building tokenizer for bitcoin-alpha-binary dataset...
Success! ✅
Padding and building stage tensors for bitcoin-alpha-binary dataset...
Success! ✅
Creating DataLoaders for bitcoin-alpha-binary dataset...
Success! ✅
GPU available: True (cuda), used: True
TPU available: False, using: 0 TPU cores
HPU available: False, using: 0 HPUs
/home/eng/shilo_avital/yolo_lab/walk_to_paint/.venv/lib64/python3.9/site-packages/pytorch_lightning/callbacks/model_checkpoint.py:658: Checkpoint directory /home/eng/shilo_avital/yolo_lab/walk_to_paint/checkpoints exists and is not empty.
LOCAL_RANK: 0 - CUDA_VISIBLE_DEVICES: [3]
/home/eng/shilo_avital/yolo_lab/walk_to_paint/.venv/lib64/python3.9/site-packages/pytorch_lightning/trainer/connectors/data_connector.py:425: The 'val_dataloader' does not have many workers which may be a bottleneck. Consider increasing the value of the `num_workers` argument` to `num_workers=127` in the `DataLoader` to improve performance.
/home/eng/shilo_avital/yolo_lab/walk_to_paint/.venv/lib64/python3.9/site-packages/pytorch_lightning/trainer/connectors/data_connector.py:425: The 'train_dataloader' does not have many workers which may be a bottleneck. Consider increasing the value of the `num_workers` argument` to `num_workers=127` in the `DataLoader` to improve performance.
Metric val_auc_epoch improved. New best score: 0.523
Metric val_auc_epoch improved by 0.003 >= min_delta = 0.0. New best score: 0.526
Metric val_auc_epoch improved by 0.029 >= min_delta = 0.0. New best score: 0.555
Metric val_auc_epoch improved by 0.010 >= min_delta = 0.0. New best score: 0.565
Metric val_auc_epoch improved by 0.009 >= min_delta = 0.0. New best score: 0.574
Metric val_auc_epoch improved by 0.012 >= min_delta = 0.0. New best score: 0.585
Metric val_auc_epoch improved by 0.000 >= min_delta = 0.0. New best score: 0.585
Monitored metric val_auc_epoch did not improve in the last 6 records. Best score: 0.585. Signaling Trainer to stop.
Restoring states from the checkpoint path at /home/eng/shilo_avital/yolo_lab/walk_to_paint/checkpoints/trial_301-epoch=10-val_auc_epoch=0.5854.ckpt
LOCAL_RANK: 0 - CUDA_VISIBLE_DEVICES: [3]
Loaded model weights from the checkpoint at /home/eng/shilo_avital/yolo_lab/walk_to_paint/checkpoints/trial_301-epoch=10-val_auc_epoch=0.5854.ckpt
/home/eng/shilo_avital/yolo_lab/walk_to_paint/.venv/lib64/python3.9/site-packages/pytorch_lightning/trainer/connectors/data_connector.py:425: The 'val_dataloader' does not have many workers which may be a bottleneck. Consider increasing the value of the `num_workers` argument` to `num_workers=127` in the `DataLoader` to improve performance.
────────────────────────────────────────────────────────────────────────────────────────────────────────────────────────
     Validate metric           DataLoader 0
────────────────────────────────────────────────────────────────────────────────────────────────────────────────────────
      val_acc_epoch         0.5637115836143494
      val_auc_epoch         0.5854296684265137
      val_f1_epoch          0.5515909790992737
        val_loss            0.6961047053337097
────────────────────────────────────────────────────────────────────────────────────────────────────────────────────────
✅ Trial 301 completed - Val AUC: 0.5854
[I 2025-08-24 09:55:09,757] Trial 301 finished with value: -0.5854296684265137 and parameters: {'dataset.max_walk_length': 83, 'dataset.num_walks': 486646, 'training.lr': 0.0021608711852568554, 'training.weight_decay': 0.012336291266093155, 'training.batch_size': 64, 'training.gradient_clip_val': 0.2639757526314873, 'training.early_stopping_patience': 6, 'model.nhead_emb_combo': 23, 'model.hidden_dim': 16, 'model.nlayers': 6, 'model.dropout': 0.6842708353870427, 'training.epochs': 24}. Best is trial 229 with value: -0.6563454866409302.
/home/eng/shilo_avital/yolo_lab/walk_to_paint/optuna_run.py:147: FutureWarning: suggest_loguniform has been deprecated in v3.0.0. This feature will be removed in v6.0.0. See https://github.com/optuna/optuna/releases/tag/v3.0.0. Use suggest_float(..., log=True) instead.
  cfg.training.lr = trial.suggest_loguniform("training.lr", 1e-5, 1e-1)
/home/eng/shilo_avital/yolo_lab/walk_to_paint/optuna_run.py:148: FutureWarning: suggest_loguniform has been deprecated in v3.0.0. This feature will be removed in v6.0.0. See https://github.com/optuna/optuna/releases/tag/v3.0.0. Use suggest_float(..., log=True) instead.
  cfg.training.weight_decay = trial.suggest_loguniform(

🔬 Trial 302 hyperparameters:
  Walk length: 80, Num walks: 426,506
  LR: 6.22e-04, Batch size: 64
  Model: emb_dim=16, hidden_dim=16
  Transformer: 5 layers, 16 heads
  Epochs: 23, Weighted loss: True
Loading bitcoin-alpha-binary dataset...
Success! ✅
Splitting edges for bitcoin-alpha-binary dataset...
Success! ✅
Sampling random walks from bitcoin-alpha-binary dataset...
Success! ✅
Building tokenizer for bitcoin-alpha-binary dataset...
Success! ✅
Padding and building stage tensors for bitcoin-alpha-binary dataset...
Success! ✅
Creating DataLoaders for bitcoin-alpha-binary dataset...
Success! ✅
GPU available: True (cuda), used: True
TPU available: False, using: 0 TPU cores
HPU available: False, using: 0 HPUs
/home/eng/shilo_avital/yolo_lab/walk_to_paint/.venv/lib64/python3.9/site-packages/pytorch_lightning/callbacks/model_checkpoint.py:658: Checkpoint directory /home/eng/shilo_avital/yolo_lab/walk_to_paint/checkpoints exists and is not empty.
LOCAL_RANK: 0 - CUDA_VISIBLE_DEVICES: [3]
/home/eng/shilo_avital/yolo_lab/walk_to_paint/.venv/lib64/python3.9/site-packages/pytorch_lightning/trainer/connectors/data_connector.py:425: The 'val_dataloader' does not have many workers which may be a bottleneck. Consider increasing the value of the `num_workers` argument` to `num_workers=127` in the `DataLoader` to improve performance.
/home/eng/shilo_avital/yolo_lab/walk_to_paint/.venv/lib64/python3.9/site-packages/pytorch_lightning/trainer/connectors/data_connector.py:425: The 'train_dataloader' does not have many workers which may be a bottleneck. Consider increasing the value of the `num_workers` argument` to `num_workers=127` in the `DataLoader` to improve performance.
Metric val_auc_epoch improved. New best score: 0.542
Metric val_auc_epoch improved by 0.003 >= min_delta = 0.0. New best score: 0.545
Metric val_auc_epoch improved by 0.007 >= min_delta = 0.0. New best score: 0.552
Metric val_auc_epoch improved by 0.007 >= min_delta = 0.0. New best score: 0.558
Metric val_auc_epoch improved by 0.011 >= min_delta = 0.0. New best score: 0.570
Metric val_auc_epoch improved by 0.007 >= min_delta = 0.0. New best score: 0.577
Metric val_auc_epoch improved by 0.008 >= min_delta = 0.0. New best score: 0.585
Metric val_auc_epoch improved by 0.002 >= min_delta = 0.0. New best score: 0.587
Metric val_auc_epoch improved by 0.003 >= min_delta = 0.0. New best score: 0.590
Metric val_auc_epoch improved by 0.002 >= min_delta = 0.0. New best score: 0.592
Metric val_auc_epoch improved by 0.003 >= min_delta = 0.0. New best score: 0.595
Metric val_auc_epoch improved by 0.002 >= min_delta = 0.0. New best score: 0.597
Metric val_auc_epoch improved by 0.000 >= min_delta = 0.0. New best score: 0.597
Metric val_auc_epoch improved by 0.002 >= min_delta = 0.0. New best score: 0.599
Metric val_auc_epoch improved by 0.001 >= min_delta = 0.0. New best score: 0.600
Metric val_auc_epoch improved by 0.000 >= min_delta = 0.0. New best score: 0.600
Metric val_auc_epoch improved by 0.000 >= min_delta = 0.0. New best score: 0.600
Metric val_auc_epoch improved by 0.000 >= min_delta = 0.0. New best score: 0.600
`Trainer.fit` stopped: `max_epochs=23` reached.
Restoring states from the checkpoint path at /home/eng/shilo_avital/yolo_lab/walk_to_paint/checkpoints/trial_302-epoch=22-val_auc_epoch=0.6002.ckpt
LOCAL_RANK: 0 - CUDA_VISIBLE_DEVICES: [3]
Loaded model weights from the checkpoint at /home/eng/shilo_avital/yolo_lab/walk_to_paint/checkpoints/trial_302-epoch=22-val_auc_epoch=0.6002.ckpt
/home/eng/shilo_avital/yolo_lab/walk_to_paint/.venv/lib64/python3.9/site-packages/pytorch_lightning/trainer/connectors/data_connector.py:425: The 'val_dataloader' does not have many workers which may be a bottleneck. Consider increasing the value of the `num_workers` argument` to `num_workers=127` in the `DataLoader` to improve performance.
────────────────────────────────────────────────────────────────────────────────────────────────────────────────────────
     Validate metric           DataLoader 0
────────────────────────────────────────────────────────────────────────────────────────────────────────────────────────
      val_acc_epoch         0.5680304765701294
      val_auc_epoch         0.6001951694488525
      val_f1_epoch          0.5626176595687866
        val_loss            0.7493220567703247
────────────────────────────────────────────────────────────────────────────────────────────────────────────────────────
✅ Trial 302 completed - Val AUC: 0.6002
