[I 2025-08-22 13:57:37,734] Trial 166 finished with value: -0.5443443059921265 and parameters: {'dataset.max_walk_length': 68, 'dataset.num_walks': 101944, 'training.lr': 1.4029196161812809e-05, 'training.weight_decay': 0.000876218382756669, 'training.batch_size': 64, 'training.gradient_clip_val': 1.3634916341055665, 'training.early_stopping_patience': 15, 'model.nhead_emb_combo': 3, 'model.hidden_dim': 16, 'model.nlayers': 2, 'model.dropout': 0.4942695512220346, 'training.epochs': 29}. Best is trial 1 with value: -0.6377121806144714.
/home/eng/shilo_avital/yolo_lab/walk_to_paint/optuna_run.py:147: FutureWarning: suggest_loguniform has been deprecated in v3.0.0. This feature will be removed in v6.0.0. See https://github.com/optuna/optuna/releases/tag/v3.0.0. Use suggest_float(..., log=True) instead.
  cfg.training.lr = trial.suggest_loguniform("training.lr", 1e-5, 1e-1)
/home/eng/shilo_avital/yolo_lab/walk_to_paint/optuna_run.py:148: FutureWarning: suggest_loguniform has been deprecated in v3.0.0. This feature will be removed in v6.0.0. See https://github.com/optuna/optuna/releases/tag/v3.0.0. Use suggest_float(..., log=True) instead.
  cfg.training.weight_decay = trial.suggest_loguniform(

🔬 Trial 167 hyperparameters:
  Walk length: 27, Num walks: 130,252
  LR: 2.08e-05, Batch size: 64
  Model: emb_dim=4, hidden_dim=16
  Transformer: 2 layers, 2 heads
  Epochs: 27, Weighted loss: True
Loading bitcoin-alpha-binary dataset...
Success! ✅
Splitting edges for bitcoin-alpha-binary dataset...
Success! ✅
Sampling random walks from bitcoin-alpha-binary dataset...
Success! ✅
Building tokenizer for bitcoin-alpha-binary dataset...
Success! ✅
Padding and building stage tensors for bitcoin-alpha-binary dataset...
Success! ✅
Creating DataLoaders for bitcoin-alpha-binary dataset...
Success! ✅
GPU available: True (cuda), used: True
TPU available: False, using: 0 TPU cores
HPU available: False, using: 0 HPUs
/home/eng/shilo_avital/yolo_lab/walk_to_paint/.venv/lib64/python3.9/site-packages/pytorch_lightning/callbacks/model_checkpoint.py:658: Checkpoint directory /home/eng/shilo_avital/yolo_lab/walk_to_paint/checkpoints exists and is not empty.
LOCAL_RANK: 0 - CUDA_VISIBLE_DEVICES: [3]
/home/eng/shilo_avital/yolo_lab/walk_to_paint/.venv/lib64/python3.9/site-packages/pytorch_lightning/trainer/connectors/data_connector.py:425: The 'val_dataloader' does not have many workers which may be a bottleneck. Consider increasing the value of the `num_workers` argument` to `num_workers=127` in the `DataLoader` to improve performance.
/home/eng/shilo_avital/yolo_lab/walk_to_paint/.venv/lib64/python3.9/site-packages/pytorch_lightning/trainer/connectors/data_connector.py:425: The 'train_dataloader' does not have many workers which may be a bottleneck. Consider increasing the value of the `num_workers` argument` to `num_workers=127` in the `DataLoader` to improve performance.
Metric val_auc_epoch improved. New best score: 0.497
Metric val_auc_epoch improved by 0.000 >= min_delta = 0.0. New best score: 0.497
Metric val_auc_epoch improved by 0.001 >= min_delta = 0.0. New best score: 0.498
Metric val_auc_epoch improved by 0.000 >= min_delta = 0.0. New best score: 0.498
Metric val_auc_epoch improved by 0.000 >= min_delta = 0.0. New best score: 0.499
Metric val_auc_epoch improved by 0.000 >= min_delta = 0.0. New best score: 0.499
Metric val_auc_epoch improved by 0.000 >= min_delta = 0.0. New best score: 0.499
Metric val_auc_epoch improved by 0.000 >= min_delta = 0.0. New best score: 0.499
Metric val_auc_epoch improved by 0.000 >= min_delta = 0.0. New best score: 0.499
Metric val_auc_epoch improved by 0.000 >= min_delta = 0.0. New best score: 0.500
Metric val_auc_epoch improved by 0.000 >= min_delta = 0.0. New best score: 0.500
Metric val_auc_epoch improved by 0.000 >= min_delta = 0.0. New best score: 0.500
Metric val_auc_epoch improved by 0.000 >= min_delta = 0.0. New best score: 0.500
Metric val_auc_epoch improved by 0.000 >= min_delta = 0.0. New best score: 0.500
Metric val_auc_epoch improved by 0.000 >= min_delta = 0.0. New best score: 0.500
Metric val_auc_epoch improved by 0.000 >= min_delta = 0.0. New best score: 0.501
Metric val_auc_epoch improved by 0.000 >= min_delta = 0.0. New best score: 0.501
Metric val_auc_epoch improved by 0.000 >= min_delta = 0.0. New best score: 0.501
Metric val_auc_epoch improved by 0.000 >= min_delta = 0.0. New best score: 0.501
Metric val_auc_epoch improved by 0.000 >= min_delta = 0.0. New best score: 0.501
Metric val_auc_epoch improved by 0.000 >= min_delta = 0.0. New best score: 0.501
Metric val_auc_epoch improved by 0.000 >= min_delta = 0.0. New best score: 0.501
`Trainer.fit` stopped: `max_epochs=27` reached.
Restoring states from the checkpoint path at /home/eng/shilo_avital/yolo_lab/walk_to_paint/checkpoints/trial_167-epoch=26-val_auc_epoch=0.5006.ckpt
LOCAL_RANK: 0 - CUDA_VISIBLE_DEVICES: [3]
Loaded model weights from the checkpoint at /home/eng/shilo_avital/yolo_lab/walk_to_paint/checkpoints/trial_167-epoch=26-val_auc_epoch=0.5006.ckpt
/home/eng/shilo_avital/yolo_lab/walk_to_paint/.venv/lib64/python3.9/site-packages/pytorch_lightning/trainer/connectors/data_connector.py:425: The 'val_dataloader' does not have many workers which may be a bottleneck. Consider increasing the value of the `num_workers` argument` to `num_workers=127` in the `DataLoader` to improve performance.
────────────────────────────────────────────────────────────────────────────────────────────────────────────────────────
     Validate metric           DataLoader 0
────────────────────────────────────────────────────────────────────────────────────────────────────────────────────────
      val_acc_epoch         0.5004357695579529
      val_auc_epoch         0.5006290674209595
      val_f1_epoch          0.5002301335334778
        val_loss            0.6931459903717041
────────────────────────────────────────────────────────────────────────────────────────────────────────────────────────
✅ Trial 167 completed - Val AUC: 0.5006
[I 2025-08-22 14:08:00,711] Trial 167 finished with value: -0.5006290674209595 and parameters: {'dataset.max_walk_length': 27, 'dataset.num_walks': 130252, 'training.lr': 2.0815987899868596e-05, 'training.weight_decay': 0.0016931721695485783, 'training.batch_size': 64, 'training.gradient_clip_val': 1.8528542792265192, 'training.early_stopping_patience': 14, 'model.nhead_emb_combo': 6, 'model.hidden_dim': 16, 'model.nlayers': 2, 'model.dropout': 0.4725662393610366, 'training.epochs': 27}. Best is trial 1 with value: -0.6377121806144714.
/home/eng/shilo_avital/yolo_lab/walk_to_paint/optuna_run.py:147: FutureWarning: suggest_loguniform has been deprecated in v3.0.0. This feature will be removed in v6.0.0. See https://github.com/optuna/optuna/releases/tag/v3.0.0. Use suggest_float(..., log=True) instead.
  cfg.training.lr = trial.suggest_loguniform("training.lr", 1e-5, 1e-1)
/home/eng/shilo_avital/yolo_lab/walk_to_paint/optuna_run.py:148: FutureWarning: suggest_loguniform has been deprecated in v3.0.0. This feature will be removed in v6.0.0. See https://github.com/optuna/optuna/releases/tag/v3.0.0. Use suggest_float(..., log=True) instead.
  cfg.training.weight_decay = trial.suggest_loguniform(

🔬 Trial 168 hyperparameters:
  Walk length: 29, Num walks: 100,196
  LR: 1.73e-05, Batch size: 64
  Model: emb_dim=64, hidden_dim=16
  Transformer: 2 layers, 1 heads
  Epochs: 28, Weighted loss: True
Loading bitcoin-alpha-binary dataset...
Success! ✅
Splitting edges for bitcoin-alpha-binary dataset...
Success! ✅
Sampling random walks from bitcoin-alpha-binary dataset...
Success! ✅
Building tokenizer for bitcoin-alpha-binary dataset...
Success! ✅
Padding and building stage tensors for bitcoin-alpha-binary dataset...
Success! ✅
Creating DataLoaders for bitcoin-alpha-binary dataset...
Success! ✅
/home/eng/shilo_avital/yolo_lab/walk_to_paint/.venv/lib64/python3.9/site-packages/torch/nn/modules/transformer.py:382: UserWarning: enable_nested_tensor is True, but self.use_nested_tensor is False because encoder_layer.self_attn.num_heads is odd
  warnings.warn(
GPU available: True (cuda), used: True
TPU available: False, using: 0 TPU cores
HPU available: False, using: 0 HPUs
/home/eng/shilo_avital/yolo_lab/walk_to_paint/.venv/lib64/python3.9/site-packages/pytorch_lightning/callbacks/model_checkpoint.py:658: Checkpoint directory /home/eng/shilo_avital/yolo_lab/walk_to_paint/checkpoints exists and is not empty.
LOCAL_RANK: 0 - CUDA_VISIBLE_DEVICES: [3]
/home/eng/shilo_avital/yolo_lab/walk_to_paint/.venv/lib64/python3.9/site-packages/pytorch_lightning/trainer/connectors/data_connector.py:425: The 'val_dataloader' does not have many workers which may be a bottleneck. Consider increasing the value of the `num_workers` argument` to `num_workers=127` in the `DataLoader` to improve performance.
/home/eng/shilo_avital/yolo_lab/walk_to_paint/.venv/lib64/python3.9/site-packages/pytorch_lightning/trainer/connectors/data_connector.py:425: The 'train_dataloader' does not have many workers which may be a bottleneck. Consider increasing the value of the `num_workers` argument` to `num_workers=127` in the `DataLoader` to improve performance.
Metric val_auc_epoch improved. New best score: 0.529
Metric val_auc_epoch improved by 0.012 >= min_delta = 0.0. New best score: 0.541
Metric val_auc_epoch improved by 0.004 >= min_delta = 0.0. New best score: 0.545
Metric val_auc_epoch improved by 0.002 >= min_delta = 0.0. New best score: 0.547
Metric val_auc_epoch improved by 0.000 >= min_delta = 0.0. New best score: 0.547
Monitored metric val_auc_epoch did not improve in the last 16 records. Best score: 0.547. Signaling Trainer to stop.
Restoring states from the checkpoint path at /home/eng/shilo_avital/yolo_lab/walk_to_paint/checkpoints/trial_168-epoch=04-val_auc_epoch=0.5469.ckpt
LOCAL_RANK: 0 - CUDA_VISIBLE_DEVICES: [3]
Loaded model weights from the checkpoint at /home/eng/shilo_avital/yolo_lab/walk_to_paint/checkpoints/trial_168-epoch=04-val_auc_epoch=0.5469.ckpt
/home/eng/shilo_avital/yolo_lab/walk_to_paint/.venv/lib64/python3.9/site-packages/pytorch_lightning/trainer/connectors/data_connector.py:425: The 'val_dataloader' does not have many workers which may be a bottleneck. Consider increasing the value of the `num_workers` argument` to `num_workers=127` in the `DataLoader` to improve performance.
────────────────────────────────────────────────────────────────────────────────────────────────────────────────────────
     Validate metric           DataLoader 0
────────────────────────────────────────────────────────────────────────────────────────────────────────────────────────
      val_acc_epoch         0.5332539081573486
      val_auc_epoch         0.5469356775283813
      val_f1_epoch          0.5297726988792419
        val_loss            0.6932841539382935
────────────────────────────────────────────────────────────────────────────────────────────────────────────────────────
✅ Trial 168 completed - Val AUC: 0.5469
[I 2025-08-22 14:14:12,897] Trial 168 finished with value: -0.5469356775283813 and parameters: {'dataset.max_walk_length': 29, 'dataset.num_walks': 100196, 'training.lr': 1.7264894074358036e-05, 'training.weight_decay': 0.00037245133448957595, 'training.batch_size': 64, 'training.gradient_clip_val': 1.9683791931950414, 'training.early_stopping_patience': 16, 'model.nhead_emb_combo': 4, 'model.hidden_dim': 16, 'model.nlayers': 2, 'model.dropout': 0.5095494260706931, 'training.epochs': 28}. Best is trial 1 with value: -0.6377121806144714.
/home/eng/shilo_avital/yolo_lab/walk_to_paint/optuna_run.py:147: FutureWarning: suggest_loguniform has been deprecated in v3.0.0. This feature will be removed in v6.0.0. See https://github.com/optuna/optuna/releases/tag/v3.0.0. Use suggest_float(..., log=True) instead.
  cfg.training.lr = trial.suggest_loguniform("training.lr", 1e-5, 1e-1)
/home/eng/shilo_avital/yolo_lab/walk_to_paint/optuna_run.py:148: FutureWarning: suggest_loguniform has been deprecated in v3.0.0. This feature will be removed in v6.0.0. See https://github.com/optuna/optuna/releases/tag/v3.0.0. Use suggest_float(..., log=True) instead.
  cfg.training.weight_decay = trial.suggest_loguniform(

🔬 Trial 169 hyperparameters:
  Walk length: 33, Num walks: 114,476
  LR: 1.20e-05, Batch size: 64
  Model: emb_dim=4, hidden_dim=16
  Transformer: 2 layers, 2 heads
  Epochs: 30, Weighted loss: True
Loading bitcoin-alpha-binary dataset...
Success! ✅
Splitting edges for bitcoin-alpha-binary dataset...
Success! ✅
Sampling random walks from bitcoin-alpha-binary dataset...
Success! ✅
Building tokenizer for bitcoin-alpha-binary dataset...
Success! ✅
Padding and building stage tensors for bitcoin-alpha-binary dataset...
Success! ✅
Creating DataLoaders for bitcoin-alpha-binary dataset...
Success! ✅
GPU available: True (cuda), used: True
TPU available: False, using: 0 TPU cores
HPU available: False, using: 0 HPUs
/home/eng/shilo_avital/yolo_lab/walk_to_paint/.venv/lib64/python3.9/site-packages/pytorch_lightning/callbacks/model_checkpoint.py:658: Checkpoint directory /home/eng/shilo_avital/yolo_lab/walk_to_paint/checkpoints exists and is not empty.
LOCAL_RANK: 0 - CUDA_VISIBLE_DEVICES: [3]
/home/eng/shilo_avital/yolo_lab/walk_to_paint/.venv/lib64/python3.9/site-packages/pytorch_lightning/trainer/connectors/data_connector.py:425: The 'val_dataloader' does not have many workers which may be a bottleneck. Consider increasing the value of the `num_workers` argument` to `num_workers=127` in the `DataLoader` to improve performance.
/home/eng/shilo_avital/yolo_lab/walk_to_paint/.venv/lib64/python3.9/site-packages/pytorch_lightning/trainer/connectors/data_connector.py:425: The 'train_dataloader' does not have many workers which may be a bottleneck. Consider increasing the value of the `num_workers` argument` to `num_workers=127` in the `DataLoader` to improve performance.
Metric val_auc_epoch improved. New best score: 0.477
Metric val_auc_epoch improved by 0.001 >= min_delta = 0.0. New best score: 0.477
Metric val_auc_epoch improved by 0.001 >= min_delta = 0.0. New best score: 0.478
Metric val_auc_epoch improved by 0.001 >= min_delta = 0.0. New best score: 0.479
Metric val_auc_epoch improved by 0.001 >= min_delta = 0.0. New best score: 0.480
Metric val_auc_epoch improved by 0.001 >= min_delta = 0.0. New best score: 0.481
Metric val_auc_epoch improved by 0.001 >= min_delta = 0.0. New best score: 0.482
Metric val_auc_epoch improved by 0.001 >= min_delta = 0.0. New best score: 0.482
Metric val_auc_epoch improved by 0.000 >= min_delta = 0.0. New best score: 0.483
Metric val_auc_epoch improved by 0.000 >= min_delta = 0.0. New best score: 0.483
Metric val_auc_epoch improved by 0.000 >= min_delta = 0.0. New best score: 0.483
Metric val_auc_epoch improved by 0.000 >= min_delta = 0.0. New best score: 0.484
Metric val_auc_epoch improved by 0.000 >= min_delta = 0.0. New best score: 0.484
Metric val_auc_epoch improved by 0.000 >= min_delta = 0.0. New best score: 0.484
Metric val_auc_epoch improved by 0.000 >= min_delta = 0.0. New best score: 0.484
Metric val_auc_epoch improved by 0.000 >= min_delta = 0.0. New best score: 0.484
Metric val_auc_epoch improved by 0.000 >= min_delta = 0.0. New best score: 0.484
Metric val_auc_epoch improved by 0.000 >= min_delta = 0.0. New best score: 0.484
Metric val_auc_epoch improved by 0.000 >= min_delta = 0.0. New best score: 0.484
`Trainer.fit` stopped: `max_epochs=30` reached.
Restoring states from the checkpoint path at /home/eng/shilo_avital/yolo_lab/walk_to_paint/checkpoints/trial_169-epoch=29-val_auc_epoch=0.4843.ckpt
LOCAL_RANK: 0 - CUDA_VISIBLE_DEVICES: [3]
Loaded model weights from the checkpoint at /home/eng/shilo_avital/yolo_lab/walk_to_paint/checkpoints/trial_169-epoch=29-val_auc_epoch=0.4843.ckpt
/home/eng/shilo_avital/yolo_lab/walk_to_paint/.venv/lib64/python3.9/site-packages/pytorch_lightning/trainer/connectors/data_connector.py:425: The 'val_dataloader' does not have many workers which may be a bottleneck. Consider increasing the value of the `num_workers` argument` to `num_workers=127` in the `DataLoader` to improve performance.
────────────────────────────────────────────────────────────────────────────────────────────────────────────────────────
     Validate metric           DataLoader 0
────────────────────────────────────────────────────────────────────────────────────────────────────────────────────────
      val_acc_epoch         0.4930433928966522
      val_auc_epoch         0.4842788577079773
      val_f1_epoch          0.48386624455451965
        val_loss            0.6933528780937195
────────────────────────────────────────────────────────────────────────────────────────────────────────────────────────
✅ Trial 169 completed - Val AUC: 0.4843
