[I 2025-08-23 00:24:52,677] Trial 228 finished with value: -0.6107531785964966 and parameters: {'dataset.max_walk_length': 85, 'dataset.num_walks': 261123, 'training.lr': 0.0010500146768155933, 'training.weight_decay': 0.002891882584547115, 'training.batch_size': 64, 'training.gradient_clip_val': 0.5282484352232037, 'training.early_stopping_patience': 5, 'model.nhead_emb_combo': 21, 'model.hidden_dim': 16, 'model.nlayers': 5, 'model.dropout': 0.6042106601603054, 'training.epochs': 26}. Best is trial 219 with value: -0.6563096642494202.
/home/eng/shilo_avital/yolo_lab/walk_to_paint/optuna_run.py:147: FutureWarning: suggest_loguniform has been deprecated in v3.0.0. This feature will be removed in v6.0.0. See https://github.com/optuna/optuna/releases/tag/v3.0.0. Use suggest_float(..., log=True) instead.
  cfg.training.lr = trial.suggest_loguniform("training.lr", 1e-5, 1e-1)
/home/eng/shilo_avital/yolo_lab/walk_to_paint/optuna_run.py:148: FutureWarning: suggest_loguniform has been deprecated in v3.0.0. This feature will be removed in v6.0.0. See https://github.com/optuna/optuna/releases/tag/v3.0.0. Use suggest_float(..., log=True) instead.
  cfg.training.weight_decay = trial.suggest_loguniform(

🔬 Trial 229 hyperparameters:
  Walk length: 85, Num walks: 277,151
  LR: 1.19e-03, Batch size: 64
  Model: emb_dim=64, hidden_dim=16
  Transformer: 5 layers, 8 heads
  Epochs: 26, Weighted loss: True
Loading bitcoin-alpha-binary dataset...
Success! ✅
Splitting edges for bitcoin-alpha-binary dataset...
Success! ✅
Sampling random walks from bitcoin-alpha-binary dataset...
Success! ✅
Building tokenizer for bitcoin-alpha-binary dataset...
Success! ✅
Padding and building stage tensors for bitcoin-alpha-binary dataset...
Success! ✅
Creating DataLoaders for bitcoin-alpha-binary dataset...
Success! ✅
GPU available: True (cuda), used: True
TPU available: False, using: 0 TPU cores
HPU available: False, using: 0 HPUs
/home/eng/shilo_avital/yolo_lab/walk_to_paint/.venv/lib64/python3.9/site-packages/pytorch_lightning/callbacks/model_checkpoint.py:658: Checkpoint directory /home/eng/shilo_avital/yolo_lab/walk_to_paint/checkpoints exists and is not empty.
LOCAL_RANK: 0 - CUDA_VISIBLE_DEVICES: [3]
/home/eng/shilo_avital/yolo_lab/walk_to_paint/.venv/lib64/python3.9/site-packages/pytorch_lightning/trainer/connectors/data_connector.py:425: The 'val_dataloader' does not have many workers which may be a bottleneck. Consider increasing the value of the `num_workers` argument` to `num_workers=127` in the `DataLoader` to improve performance.
/home/eng/shilo_avital/yolo_lab/walk_to_paint/.venv/lib64/python3.9/site-packages/pytorch_lightning/trainer/connectors/data_connector.py:425: The 'train_dataloader' does not have many workers which may be a bottleneck. Consider increasing the value of the `num_workers` argument` to `num_workers=127` in the `DataLoader` to improve performance.
Metric val_auc_epoch improved. New best score: 0.544
Metric val_auc_epoch improved by 0.056 >= min_delta = 0.0. New best score: 0.600
Metric val_auc_epoch improved by 0.036 >= min_delta = 0.0. New best score: 0.636
Metric val_auc_epoch improved by 0.007 >= min_delta = 0.0. New best score: 0.643
Metric val_auc_epoch improved by 0.006 >= min_delta = 0.0. New best score: 0.649
Metric val_auc_epoch improved by 0.007 >= min_delta = 0.0. New best score: 0.656
Monitored metric val_auc_epoch did not improve in the last 5 records. Best score: 0.656. Signaling Trainer to stop.
Restoring states from the checkpoint path at /home/eng/shilo_avital/yolo_lab/walk_to_paint/checkpoints/trial_229-epoch=06-val_auc_epoch=0.6563.ckpt
LOCAL_RANK: 0 - CUDA_VISIBLE_DEVICES: [3]
Loaded model weights from the checkpoint at /home/eng/shilo_avital/yolo_lab/walk_to_paint/checkpoints/trial_229-epoch=06-val_auc_epoch=0.6563.ckpt
/home/eng/shilo_avital/yolo_lab/walk_to_paint/.venv/lib64/python3.9/site-packages/pytorch_lightning/trainer/connectors/data_connector.py:425: The 'val_dataloader' does not have many workers which may be a bottleneck. Consider increasing the value of the `num_workers` argument` to `num_workers=127` in the `DataLoader` to improve performance.
────────────────────────────────────────────────────────────────────────────────────────────────────────────────────────
     Validate metric           DataLoader 0
────────────────────────────────────────────────────────────────────────────────────────────────────────────────────────
      val_acc_epoch         0.6157498359680176
      val_auc_epoch         0.6563454866409302
      val_f1_epoch          0.6145455837249756
        val_loss            1.3339431285858154
────────────────────────────────────────────────────────────────────────────────────────────────────────────────────────
✅ Trial 229 completed - Val AUC: 0.6563
[I 2025-08-23 00:40:36,800] Trial 229 finished with value: -0.6563454866409302 and parameters: {'dataset.max_walk_length': 85, 'dataset.num_walks': 277151, 'training.lr': 0.0011876925156916666, 'training.weight_decay': 0.0033199855323530303, 'training.batch_size': 64, 'training.gradient_clip_val': 0.5353917183461155, 'training.early_stopping_patience': 5, 'model.nhead_emb_combo': 21, 'model.hidden_dim': 16, 'model.nlayers': 5, 'model.dropout': 0.6142171549657814, 'training.epochs': 26}. Best is trial 229 with value: -0.6563454866409302.
/home/eng/shilo_avital/yolo_lab/walk_to_paint/optuna_run.py:147: FutureWarning: suggest_loguniform has been deprecated in v3.0.0. This feature will be removed in v6.0.0. See https://github.com/optuna/optuna/releases/tag/v3.0.0. Use suggest_float(..., log=True) instead.
  cfg.training.lr = trial.suggest_loguniform("training.lr", 1e-5, 1e-1)
/home/eng/shilo_avital/yolo_lab/walk_to_paint/optuna_run.py:148: FutureWarning: suggest_loguniform has been deprecated in v3.0.0. This feature will be removed in v6.0.0. See https://github.com/optuna/optuna/releases/tag/v3.0.0. Use suggest_float(..., log=True) instead.
  cfg.training.weight_decay = trial.suggest_loguniform(

🔬 Trial 230 hyperparameters:
  Walk length: 86, Num walks: 269,124
  LR: 1.03e-03, Batch size: 64
  Model: emb_dim=32, hidden_dim=16
  Transformer: 5 layers, 8 heads
  Epochs: 26, Weighted loss: True
Loading bitcoin-alpha-binary dataset...
Success! ✅
Splitting edges for bitcoin-alpha-binary dataset...
Success! ✅
Sampling random walks from bitcoin-alpha-binary dataset...
Success! ✅
Building tokenizer for bitcoin-alpha-binary dataset...
Success! ✅
Padding and building stage tensors for bitcoin-alpha-binary dataset...
Success! ✅
Creating DataLoaders for bitcoin-alpha-binary dataset...
Success! ✅
GPU available: True (cuda), used: True
TPU available: False, using: 0 TPU cores
HPU available: False, using: 0 HPUs
/home/eng/shilo_avital/yolo_lab/walk_to_paint/.venv/lib64/python3.9/site-packages/pytorch_lightning/callbacks/model_checkpoint.py:658: Checkpoint directory /home/eng/shilo_avital/yolo_lab/walk_to_paint/checkpoints exists and is not empty.
LOCAL_RANK: 0 - CUDA_VISIBLE_DEVICES: [3]
/home/eng/shilo_avital/yolo_lab/walk_to_paint/.venv/lib64/python3.9/site-packages/pytorch_lightning/trainer/connectors/data_connector.py:425: The 'val_dataloader' does not have many workers which may be a bottleneck. Consider increasing the value of the `num_workers` argument` to `num_workers=127` in the `DataLoader` to improve performance.
/home/eng/shilo_avital/yolo_lab/walk_to_paint/.venv/lib64/python3.9/site-packages/pytorch_lightning/trainer/connectors/data_connector.py:425: The 'train_dataloader' does not have many workers which may be a bottleneck. Consider increasing the value of the `num_workers` argument` to `num_workers=127` in the `DataLoader` to improve performance.
Metric val_auc_epoch improved. New best score: 0.525
Metric val_auc_epoch improved by 0.018 >= min_delta = 0.0. New best score: 0.543
Metric val_auc_epoch improved by 0.034 >= min_delta = 0.0. New best score: 0.577
Metric val_auc_epoch improved by 0.011 >= min_delta = 0.0. New best score: 0.588
Metric val_auc_epoch improved by 0.012 >= min_delta = 0.0. New best score: 0.600
Metric val_auc_epoch improved by 0.002 >= min_delta = 0.0. New best score: 0.602
Metric val_auc_epoch improved by 0.006 >= min_delta = 0.0. New best score: 0.608
Metric val_auc_epoch improved by 0.006 >= min_delta = 0.0. New best score: 0.614
Metric val_auc_epoch improved by 0.003 >= min_delta = 0.0. New best score: 0.617
Metric val_auc_epoch improved by 0.002 >= min_delta = 0.0. New best score: 0.619
Metric val_auc_epoch improved by 0.002 >= min_delta = 0.0. New best score: 0.620
Metric val_auc_epoch improved by 0.001 >= min_delta = 0.0. New best score: 0.621
Monitored metric val_auc_epoch did not improve in the last 5 records. Best score: 0.621. Signaling Trainer to stop.
Restoring states from the checkpoint path at /home/eng/shilo_avital/yolo_lab/walk_to_paint/checkpoints/trial_230-epoch=11-val_auc_epoch=0.6212.ckpt
LOCAL_RANK: 0 - CUDA_VISIBLE_DEVICES: [3]
Loaded model weights from the checkpoint at /home/eng/shilo_avital/yolo_lab/walk_to_paint/checkpoints/trial_230-epoch=11-val_auc_epoch=0.6212.ckpt
/home/eng/shilo_avital/yolo_lab/walk_to_paint/.venv/lib64/python3.9/site-packages/pytorch_lightning/trainer/connectors/data_connector.py:425: The 'val_dataloader' does not have many workers which may be a bottleneck. Consider increasing the value of the `num_workers` argument` to `num_workers=127` in the `DataLoader` to improve performance.
────────────────────────────────────────────────────────────────────────────────────────────────────────────────────────
     Validate metric           DataLoader 0
────────────────────────────────────────────────────────────────────────────────────────────────────────────────────────
      val_acc_epoch         0.5823050737380981
      val_auc_epoch         0.6212034225463867
      val_f1_epoch          0.5746064186096191
        val_loss            1.1521689891815186
────────────────────────────────────────────────────────────────────────────────────────────────────────────────────────
✅ Trial 230 completed - Val AUC: 0.6212
[I 2025-08-23 01:01:22,078] Trial 230 finished with value: -0.6212034225463867 and parameters: {'dataset.max_walk_length': 86, 'dataset.num_walks': 269124, 'training.lr': 0.0010348197348329315, 'training.weight_decay': 0.0027969139770632322, 'training.batch_size': 64, 'training.gradient_clip_val': 0.5477863749046344, 'training.early_stopping_patience': 5, 'model.nhead_emb_combo': 20, 'model.hidden_dim': 16, 'model.nlayers': 5, 'model.dropout': 0.60657512943552, 'training.epochs': 26}. Best is trial 229 with value: -0.6563454866409302.
🧹 Cleaning up old checkpoints and logs (keeping top 10)...
  Removed old checkpoint: trial_220-epoch=10-val_auc_epoch=0.6095.ckpt
  Removed old checkpoint: trial_219-epoch=16-val_auc_epoch=0.6563.ckpt
  Removed old checkpoint: trial_218-epoch=07-val_auc_epoch=0.6257.ckpt
  Removed old checkpoint: trial_217-epoch=10-val_auc_epoch=0.6120.ckpt
  Removed old checkpoint: trial_216-epoch=05-val_auc_epoch=0.6182.ckpt
  Removed old log dir: trial_220
  Removed old log dir: trial_219
  Removed old log dir: trial_218
  Removed old log dir: trial_217
  Removed old log dir: trial_216
/home/eng/shilo_avital/yolo_lab/walk_to_paint/optuna_run.py:147: FutureWarning: suggest_loguniform has been deprecated in v3.0.0. This feature will be removed in v6.0.0. See https://github.com/optuna/optuna/releases/tag/v3.0.0. Use suggest_float(..., log=True) instead.
  cfg.training.lr = trial.suggest_loguniform("training.lr", 1e-5, 1e-1)
/home/eng/shilo_avital/yolo_lab/walk_to_paint/optuna_run.py:148: FutureWarning: suggest_loguniform has been deprecated in v3.0.0. This feature will be removed in v6.0.0. See https://github.com/optuna/optuna/releases/tag/v3.0.0. Use suggest_float(..., log=True) instead.
  cfg.training.weight_decay = trial.suggest_loguniform(

🔬 Trial 231 hyperparameters:
  Walk length: 85, Num walks: 266,435
  LR: 9.81e-04, Batch size: 64
  Model: emb_dim=32, hidden_dim=16
  Transformer: 5 layers, 8 heads
  Epochs: 26, Weighted loss: True
Loading bitcoin-alpha-binary dataset...
Success! ✅
Splitting edges for bitcoin-alpha-binary dataset...
Success! ✅
Sampling random walks from bitcoin-alpha-binary dataset...
Success! ✅
Building tokenizer for bitcoin-alpha-binary dataset...
Success! ✅
Padding and building stage tensors for bitcoin-alpha-binary dataset...
Success! ✅
Creating DataLoaders for bitcoin-alpha-binary dataset...
Success! ✅
GPU available: True (cuda), used: True
TPU available: False, using: 0 TPU cores
HPU available: False, using: 0 HPUs
/home/eng/shilo_avital/yolo_lab/walk_to_paint/.venv/lib64/python3.9/site-packages/pytorch_lightning/callbacks/model_checkpoint.py:658: Checkpoint directory /home/eng/shilo_avital/yolo_lab/walk_to_paint/checkpoints exists and is not empty.
LOCAL_RANK: 0 - CUDA_VISIBLE_DEVICES: [3]
/home/eng/shilo_avital/yolo_lab/walk_to_paint/.venv/lib64/python3.9/site-packages/pytorch_lightning/trainer/connectors/data_connector.py:425: The 'val_dataloader' does not have many workers which may be a bottleneck. Consider increasing the value of the `num_workers` argument` to `num_workers=127` in the `DataLoader` to improve performance.
/home/eng/shilo_avital/yolo_lab/walk_to_paint/.venv/lib64/python3.9/site-packages/pytorch_lightning/trainer/connectors/data_connector.py:425: The 'train_dataloader' does not have many workers which may be a bottleneck. Consider increasing the value of the `num_workers` argument` to `num_workers=127` in the `DataLoader` to improve performance.
Metric val_auc_epoch improved. New best score: 0.537
Metric val_auc_epoch improved by 0.006 >= min_delta = 0.0. New best score: 0.544
Metric val_auc_epoch improved by 0.011 >= min_delta = 0.0. New best score: 0.554
Metric val_auc_epoch improved by 0.038 >= min_delta = 0.0. New best score: 0.592
Metric val_auc_epoch improved by 0.017 >= min_delta = 0.0. New best score: 0.609
Metric val_auc_epoch improved by 0.012 >= min_delta = 0.0. New best score: 0.622
Metric val_auc_epoch improved by 0.005 >= min_delta = 0.0. New best score: 0.627
Metric val_auc_epoch improved by 0.005 >= min_delta = 0.0. New best score: 0.632
Metric val_auc_epoch improved by 0.004 >= min_delta = 0.0. New best score: 0.636
Metric val_auc_epoch improved by 0.003 >= min_delta = 0.0. New best score: 0.639
Metric val_auc_epoch improved by 0.005 >= min_delta = 0.0. New best score: 0.644
Metric val_auc_epoch improved by 0.001 >= min_delta = 0.0. New best score: 0.645
Metric val_auc_epoch improved by 0.000 >= min_delta = 0.0. New best score: 0.645
Metric val_auc_epoch improved by 0.001 >= min_delta = 0.0. New best score: 0.647
Metric val_auc_epoch improved by 0.001 >= min_delta = 0.0. New best score: 0.647
Monitored metric val_auc_epoch did not improve in the last 5 records. Best score: 0.647. Signaling Trainer to stop.
Restoring states from the checkpoint path at /home/eng/shilo_avital/yolo_lab/walk_to_paint/checkpoints/trial_231-epoch=15-val_auc_epoch=0.6474.ckpt
LOCAL_RANK: 0 - CUDA_VISIBLE_DEVICES: [3]
Loaded model weights from the checkpoint at /home/eng/shilo_avital/yolo_lab/walk_to_paint/checkpoints/trial_231-epoch=15-val_auc_epoch=0.6474.ckpt
/home/eng/shilo_avital/yolo_lab/walk_to_paint/.venv/lib64/python3.9/site-packages/pytorch_lightning/trainer/connectors/data_connector.py:425: The 'val_dataloader' does not have many workers which may be a bottleneck. Consider increasing the value of the `num_workers` argument` to `num_workers=127` in the `DataLoader` to improve performance.
────────────────────────────────────────────────────────────────────────────────────────────────────────────────────────
     Validate metric           DataLoader 0
────────────────────────────────────────────────────────────────────────────────────────────────────────────────────────
      val_acc_epoch         0.6101759672164917
      val_auc_epoch         0.6474412679672241
      val_f1_epoch          0.6009532809257507
        val_loss            0.8069466352462769
────────────────────────────────────────────────────────────────────────────────────────────────────────────────────────
✅ Trial 231 completed - Val AUC: 0.6474
[I 2025-08-23 01:26:25,146] Trial 231 finished with value: -0.6474412679672241 and parameters: {'dataset.max_walk_length': 85, 'dataset.num_walks': 266435, 'training.lr': 0.0009806988801613803, 'training.weight_decay': 0.0027195683961095322, 'training.batch_size': 64, 'training.gradient_clip_val': 0.5204106298638991, 'training.early_stopping_patience': 5, 'model.nhead_emb_combo': 20, 'model.hidden_dim': 16, 'model.nlayers': 5, 'model.dropout': 0.6082329158609546, 'training.epochs': 26}. Best is trial 229 with value: -0.6563454866409302.
/home/eng/shilo_avital/yolo_lab/walk_to_paint/optuna_run.py:147: FutureWarning: suggest_loguniform has been deprecated in v3.0.0. This feature will be removed in v6.0.0. See https://github.com/optuna/optuna/releases/tag/v3.0.0. Use suggest_float(..., log=True) instead.
  cfg.training.lr = trial.suggest_loguniform("training.lr", 1e-5, 1e-1)
/home/eng/shilo_avital/yolo_lab/walk_to_paint/optuna_run.py:148: FutureWarning: suggest_loguniform has been deprecated in v3.0.0. This feature will be removed in v6.0.0. See https://github.com/optuna/optuna/releases/tag/v3.0.0. Use suggest_float(..., log=True) instead.
  cfg.training.weight_decay = trial.suggest_loguniform(

🔬 Trial 232 hyperparameters:
  Walk length: 85, Num walks: 263,992
  LR: 1.04e-03, Batch size: 64
  Model: emb_dim=64, hidden_dim=16
  Transformer: 5 layers, 8 heads
  Epochs: 26, Weighted loss: True
Loading bitcoin-alpha-binary dataset...
Success! ✅
Splitting edges for bitcoin-alpha-binary dataset...
Success! ✅
Sampling random walks from bitcoin-alpha-binary dataset...
Success! ✅
Building tokenizer for bitcoin-alpha-binary dataset...
Success! ✅
Padding and building stage tensors for bitcoin-alpha-binary dataset...
Success! ✅
Creating DataLoaders for bitcoin-alpha-binary dataset...
Success! ✅
GPU available: True (cuda), used: True
TPU available: False, using: 0 TPU cores
HPU available: False, using: 0 HPUs
/home/eng/shilo_avital/yolo_lab/walk_to_paint/.venv/lib64/python3.9/site-packages/pytorch_lightning/callbacks/model_checkpoint.py:658: Checkpoint directory /home/eng/shilo_avital/yolo_lab/walk_to_paint/checkpoints exists and is not empty.
LOCAL_RANK: 0 - CUDA_VISIBLE_DEVICES: [3]
/home/eng/shilo_avital/yolo_lab/walk_to_paint/.venv/lib64/python3.9/site-packages/pytorch_lightning/trainer/connectors/data_connector.py:425: The 'val_dataloader' does not have many workers which may be a bottleneck. Consider increasing the value of the `num_workers` argument` to `num_workers=127` in the `DataLoader` to improve performance.
/home/eng/shilo_avital/yolo_lab/walk_to_paint/.venv/lib64/python3.9/site-packages/pytorch_lightning/trainer/connectors/data_connector.py:425: The 'train_dataloader' does not have many workers which may be a bottleneck. Consider increasing the value of the `num_workers` argument` to `num_workers=127` in the `DataLoader` to improve performance.
Metric val_auc_epoch improved. New best score: 0.525
Metric val_auc_epoch improved by 0.062 >= min_delta = 0.0. New best score: 0.588
Metric val_auc_epoch improved by 0.021 >= min_delta = 0.0. New best score: 0.609
Metric val_auc_epoch improved by 0.005 >= min_delta = 0.0. New best score: 0.613
Metric val_auc_epoch improved by 0.002 >= min_delta = 0.0. New best score: 0.616
Metric val_auc_epoch improved by 0.000 >= min_delta = 0.0. New best score: 0.616
Metric val_auc_epoch improved by 0.002 >= min_delta = 0.0. New best score: 0.618
Metric val_auc_epoch improved by 0.006 >= min_delta = 0.0. New best score: 0.624
Metric val_auc_epoch improved by 0.000 >= min_delta = 0.0. New best score: 0.624
Metric val_auc_epoch improved by 0.001 >= min_delta = 0.0. New best score: 0.625
Metric val_auc_epoch improved by 0.000 >= min_delta = 0.0. New best score: 0.626
Monitored metric val_auc_epoch did not improve in the last 5 records. Best score: 0.626. Signaling Trainer to stop.
Restoring states from the checkpoint path at /home/eng/shilo_avital/yolo_lab/walk_to_paint/checkpoints/trial_232-epoch=12-val_auc_epoch=0.6258.ckpt
LOCAL_RANK: 0 - CUDA_VISIBLE_DEVICES: [3]
Loaded model weights from the checkpoint at /home/eng/shilo_avital/yolo_lab/walk_to_paint/checkpoints/trial_232-epoch=12-val_auc_epoch=0.6258.ckpt
/home/eng/shilo_avital/yolo_lab/walk_to_paint/.venv/lib64/python3.9/site-packages/pytorch_lightning/trainer/connectors/data_connector.py:425: The 'val_dataloader' does not have many workers which may be a bottleneck. Consider increasing the value of the `num_workers` argument` to `num_workers=127` in the `DataLoader` to improve performance.
────────────────────────────────────────────────────────────────────────────────────────────────────────────────────────
     Validate metric           DataLoader 0
────────────────────────────────────────────────────────────────────────────────────────────────────────────────────────
      val_acc_epoch          0.600925087928772
      val_auc_epoch         0.6258333921432495
      val_f1_epoch          0.5900540947914124
        val_loss             2.373103141784668
────────────────────────────────────────────────────────────────────────────────────────────────────────────────────────
✅ Trial 232 completed - Val AUC: 0.6258
