[I 2025-08-23 23:12:48,100] Trial 286 finished with value: -0.536858081817627 and parameters: {'dataset.max_walk_length': 81, 'dataset.num_walks': 394740, 'training.lr': 0.0004664280430928249, 'training.weight_decay': 0.01337682423842491, 'training.batch_size': 64, 'training.gradient_clip_val': 0.43879994251918597, 'training.early_stopping_patience': 6, 'model.nhead_emb_combo': 23, 'model.hidden_dim': 16, 'model.nlayers': 5, 'model.dropout': 0.6739318486343588, 'training.epochs': 24}. Best is trial 229 with value: -0.6563454866409302.
/home/eng/shilo_avital/yolo_lab/walk_to_paint/optuna_run.py:147: FutureWarning: suggest_loguniform has been deprecated in v3.0.0. This feature will be removed in v6.0.0. See https://github.com/optuna/optuna/releases/tag/v3.0.0. Use suggest_float(..., log=True) instead.
  cfg.training.lr = trial.suggest_loguniform("training.lr", 1e-5, 1e-1)
/home/eng/shilo_avital/yolo_lab/walk_to_paint/optuna_run.py:148: FutureWarning: suggest_loguniform has been deprecated in v3.0.0. This feature will be removed in v6.0.0. See https://github.com/optuna/optuna/releases/tag/v3.0.0. Use suggest_float(..., log=True) instead.
  cfg.training.weight_decay = trial.suggest_loguniform(

🔬 Trial 287 hyperparameters:
  Walk length: 78, Num walks: 409,264
  LR: 5.78e-04, Batch size: 64
  Model: emb_dim=32, hidden_dim=128
  Transformer: 5 layers, 16 heads
  Epochs: 24, Weighted loss: True
Loading bitcoin-alpha-binary dataset...
Success! ✅
Splitting edges for bitcoin-alpha-binary dataset...
Success! ✅
Sampling random walks from bitcoin-alpha-binary dataset...
Success! ✅
Building tokenizer for bitcoin-alpha-binary dataset...
Success! ✅
Padding and building stage tensors for bitcoin-alpha-binary dataset...
Success! ✅
Creating DataLoaders for bitcoin-alpha-binary dataset...
Success! ✅
GPU available: True (cuda), used: True
TPU available: False, using: 0 TPU cores
HPU available: False, using: 0 HPUs
/home/eng/shilo_avital/yolo_lab/walk_to_paint/.venv/lib64/python3.9/site-packages/pytorch_lightning/callbacks/model_checkpoint.py:658: Checkpoint directory /home/eng/shilo_avital/yolo_lab/walk_to_paint/checkpoints exists and is not empty.
LOCAL_RANK: 0 - CUDA_VISIBLE_DEVICES: [3]
/home/eng/shilo_avital/yolo_lab/walk_to_paint/.venv/lib64/python3.9/site-packages/pytorch_lightning/trainer/connectors/data_connector.py:425: The 'val_dataloader' does not have many workers which may be a bottleneck. Consider increasing the value of the `num_workers` argument` to `num_workers=127` in the `DataLoader` to improve performance.
/home/eng/shilo_avital/yolo_lab/walk_to_paint/.venv/lib64/python3.9/site-packages/pytorch_lightning/trainer/connectors/data_connector.py:425: The 'train_dataloader' does not have many workers which may be a bottleneck. Consider increasing the value of the `num_workers` argument` to `num_workers=127` in the `DataLoader` to improve performance.
Metric val_auc_epoch improved. New best score: 0.523
Metric val_auc_epoch improved by 0.003 >= min_delta = 0.0. New best score: 0.527
Metric val_auc_epoch improved by 0.006 >= min_delta = 0.0. New best score: 0.533
Metric val_auc_epoch improved by 0.019 >= min_delta = 0.0. New best score: 0.552
Metric val_auc_epoch improved by 0.008 >= min_delta = 0.0. New best score: 0.560
Metric val_auc_epoch improved by 0.010 >= min_delta = 0.0. New best score: 0.570
Metric val_auc_epoch improved by 0.003 >= min_delta = 0.0. New best score: 0.573
Metric val_auc_epoch improved by 0.005 >= min_delta = 0.0. New best score: 0.579
Metric val_auc_epoch improved by 0.006 >= min_delta = 0.0. New best score: 0.584
Metric val_auc_epoch improved by 0.002 >= min_delta = 0.0. New best score: 0.586
Metric val_auc_epoch improved by 0.003 >= min_delta = 0.0. New best score: 0.589
Metric val_auc_epoch improved by 0.002 >= min_delta = 0.0. New best score: 0.591
Metric val_auc_epoch improved by 0.001 >= min_delta = 0.0. New best score: 0.592
Metric val_auc_epoch improved by 0.001 >= min_delta = 0.0. New best score: 0.593
Metric val_auc_epoch improved by 0.003 >= min_delta = 0.0. New best score: 0.596
Metric val_auc_epoch improved by 0.000 >= min_delta = 0.0. New best score: 0.596
Metric val_auc_epoch improved by 0.001 >= min_delta = 0.0. New best score: 0.597
Metric val_auc_epoch improved by 0.001 >= min_delta = 0.0. New best score: 0.598
Metric val_auc_epoch improved by 0.000 >= min_delta = 0.0. New best score: 0.598
Metric val_auc_epoch improved by 0.000 >= min_delta = 0.0. New best score: 0.598
Metric val_auc_epoch improved by 0.000 >= min_delta = 0.0. New best score: 0.598
Metric val_auc_epoch improved by 0.000 >= min_delta = 0.0. New best score: 0.598
`Trainer.fit` stopped: `max_epochs=24` reached.
Restoring states from the checkpoint path at /home/eng/shilo_avital/yolo_lab/walk_to_paint/checkpoints/trial_287-epoch=23-val_auc_epoch=0.5981.ckpt
LOCAL_RANK: 0 - CUDA_VISIBLE_DEVICES: [3]
Loaded model weights from the checkpoint at /home/eng/shilo_avital/yolo_lab/walk_to_paint/checkpoints/trial_287-epoch=23-val_auc_epoch=0.5981.ckpt
/home/eng/shilo_avital/yolo_lab/walk_to_paint/.venv/lib64/python3.9/site-packages/pytorch_lightning/trainer/connectors/data_connector.py:425: The 'val_dataloader' does not have many workers which may be a bottleneck. Consider increasing the value of the `num_workers` argument` to `num_workers=127` in the `DataLoader` to improve performance.
────────────────────────────────────────────────────────────────────────────────────────────────────────────────────────
     Validate metric           DataLoader 0
────────────────────────────────────────────────────────────────────────────────────────────────────────────────────────
      val_acc_epoch          0.570833146572113
      val_auc_epoch         0.5980827212333679
      val_f1_epoch          0.5674643516540527
        val_loss            0.8425619602203369
────────────────────────────────────────────────────────────────────────────────────────────────────────────────────────
✅ Trial 287 completed - Val AUC: 0.5981
[I 2025-08-24 00:41:20,906] Trial 287 finished with value: -0.5980827212333679 and parameters: {'dataset.max_walk_length': 78, 'dataset.num_walks': 409264, 'training.lr': 0.0005781048591572391, 'training.weight_decay': 0.008434464294966502, 'training.batch_size': 64, 'training.gradient_clip_val': 0.3956669338489116, 'training.early_stopping_patience': 5, 'model.nhead_emb_combo': 24, 'model.hidden_dim': 128, 'model.nlayers': 5, 'model.dropout': 0.6706554347961563, 'training.epochs': 24}. Best is trial 229 with value: -0.6563454866409302.
/home/eng/shilo_avital/yolo_lab/walk_to_paint/optuna_run.py:147: FutureWarning: suggest_loguniform has been deprecated in v3.0.0. This feature will be removed in v6.0.0. See https://github.com/optuna/optuna/releases/tag/v3.0.0. Use suggest_float(..., log=True) instead.
  cfg.training.lr = trial.suggest_loguniform("training.lr", 1e-5, 1e-1)
/home/eng/shilo_avital/yolo_lab/walk_to_paint/optuna_run.py:148: FutureWarning: suggest_loguniform has been deprecated in v3.0.0. This feature will be removed in v6.0.0. See https://github.com/optuna/optuna/releases/tag/v3.0.0. Use suggest_float(..., log=True) instead.
  cfg.training.weight_decay = trial.suggest_loguniform(

🔬 Trial 288 hyperparameters:
  Walk length: 82, Num walks: 347,786
  LR: 3.40e-04, Batch size: 64
  Model: emb_dim=128, hidden_dim=32
  Transformer: 5 layers, 16 heads
  Epochs: 25, Weighted loss: True
Loading bitcoin-alpha-binary dataset...
Success! ✅
Splitting edges for bitcoin-alpha-binary dataset...
Success! ✅
Sampling random walks from bitcoin-alpha-binary dataset...
Success! ✅
Building tokenizer for bitcoin-alpha-binary dataset...
Success! ✅
Padding and building stage tensors for bitcoin-alpha-binary dataset...
Success! ✅
Creating DataLoaders for bitcoin-alpha-binary dataset...
Success! ✅
GPU available: True (cuda), used: True
TPU available: False, using: 0 TPU cores
HPU available: False, using: 0 HPUs
/home/eng/shilo_avital/yolo_lab/walk_to_paint/.venv/lib64/python3.9/site-packages/pytorch_lightning/callbacks/model_checkpoint.py:658: Checkpoint directory /home/eng/shilo_avital/yolo_lab/walk_to_paint/checkpoints exists and is not empty.
LOCAL_RANK: 0 - CUDA_VISIBLE_DEVICES: [3]
/home/eng/shilo_avital/yolo_lab/walk_to_paint/.venv/lib64/python3.9/site-packages/pytorch_lightning/trainer/connectors/data_connector.py:425: The 'val_dataloader' does not have many workers which may be a bottleneck. Consider increasing the value of the `num_workers` argument` to `num_workers=127` in the `DataLoader` to improve performance.
/home/eng/shilo_avital/yolo_lab/walk_to_paint/.venv/lib64/python3.9/site-packages/pytorch_lightning/trainer/connectors/data_connector.py:425: The 'train_dataloader' does not have many workers which may be a bottleneck. Consider increasing the value of the `num_workers` argument` to `num_workers=127` in the `DataLoader` to improve performance.
Metric val_auc_epoch improved. New best score: 0.527
Metric val_auc_epoch improved by 0.002 >= min_delta = 0.0. New best score: 0.529
Metric val_auc_epoch improved by 0.003 >= min_delta = 0.0. New best score: 0.532
Metric val_auc_epoch improved by 0.019 >= min_delta = 0.0. New best score: 0.551
Metric val_auc_epoch improved by 0.039 >= min_delta = 0.0. New best score: 0.589
Metric val_auc_epoch improved by 0.013 >= min_delta = 0.0. New best score: 0.602
Metric val_auc_epoch improved by 0.005 >= min_delta = 0.0. New best score: 0.608
Metric val_auc_epoch improved by 0.003 >= min_delta = 0.0. New best score: 0.611
Metric val_auc_epoch improved by 0.001 >= min_delta = 0.0. New best score: 0.611
Metric val_auc_epoch improved by 0.001 >= min_delta = 0.0. New best score: 0.612
Metric val_auc_epoch improved by 0.000 >= min_delta = 0.0. New best score: 0.613
Metric val_auc_epoch improved by 0.000 >= min_delta = 0.0. New best score: 0.613
Monitored metric val_auc_epoch did not improve in the last 5 records. Best score: 0.613. Signaling Trainer to stop.
Restoring states from the checkpoint path at /home/eng/shilo_avital/yolo_lab/walk_to_paint/checkpoints/trial_288-epoch=15-val_auc_epoch=0.6131.ckpt
LOCAL_RANK: 0 - CUDA_VISIBLE_DEVICES: [3]
Loaded model weights from the checkpoint at /home/eng/shilo_avital/yolo_lab/walk_to_paint/checkpoints/trial_288-epoch=15-val_auc_epoch=0.6131.ckpt
/home/eng/shilo_avital/yolo_lab/walk_to_paint/.venv/lib64/python3.9/site-packages/pytorch_lightning/trainer/connectors/data_connector.py:425: The 'val_dataloader' does not have many workers which may be a bottleneck. Consider increasing the value of the `num_workers` argument` to `num_workers=127` in the `DataLoader` to improve performance.
────────────────────────────────────────────────────────────────────────────────────────────────────────────────────────
     Validate metric           DataLoader 0
────────────────────────────────────────────────────────────────────────────────────────────────────────────────────────
      val_acc_epoch         0.5859618186950684
      val_auc_epoch         0.6131352186203003
      val_f1_epoch          0.5804257988929749
        val_loss            2.3122074604034424
────────────────────────────────────────────────────────────────────────────────────────────────────────────────────────
✅ Trial 288 completed - Val AUC: 0.6131
[I 2025-08-24 01:25:47,628] Trial 288 finished with value: -0.6131352186203003 and parameters: {'dataset.max_walk_length': 82, 'dataset.num_walks': 347786, 'training.lr': 0.00034043445602624614, 'training.weight_decay': 0.01731596559857739, 'training.batch_size': 64, 'training.gradient_clip_val': 0.3659449742194773, 'training.early_stopping_patience': 5, 'model.nhead_emb_combo': 26, 'model.hidden_dim': 32, 'model.nlayers': 5, 'model.dropout': 0.6532573657248831, 'training.epochs': 25}. Best is trial 229 with value: -0.6563454866409302.
/home/eng/shilo_avital/yolo_lab/walk_to_paint/optuna_run.py:147: FutureWarning: suggest_loguniform has been deprecated in v3.0.0. This feature will be removed in v6.0.0. See https://github.com/optuna/optuna/releases/tag/v3.0.0. Use suggest_float(..., log=True) instead.
  cfg.training.lr = trial.suggest_loguniform("training.lr", 1e-5, 1e-1)
/home/eng/shilo_avital/yolo_lab/walk_to_paint/optuna_run.py:148: FutureWarning: suggest_loguniform has been deprecated in v3.0.0. This feature will be removed in v6.0.0. See https://github.com/optuna/optuna/releases/tag/v3.0.0. Use suggest_float(..., log=True) instead.
  cfg.training.weight_decay = trial.suggest_loguniform(

🔬 Trial 289 hyperparameters:
  Walk length: 79, Num walks: 426,478
  LR: 7.02e-04, Batch size: 64
  Model: emb_dim=128, hidden_dim=16
  Transformer: 5 layers, 8 heads
  Epochs: 24, Weighted loss: True
Loading bitcoin-alpha-binary dataset...
Success! ✅
Splitting edges for bitcoin-alpha-binary dataset...
Success! ✅
Sampling random walks from bitcoin-alpha-binary dataset...
Success! ✅
Building tokenizer for bitcoin-alpha-binary dataset...
Success! ✅
Padding and building stage tensors for bitcoin-alpha-binary dataset...
Success! ✅
Creating DataLoaders for bitcoin-alpha-binary dataset...
Success! ✅
GPU available: True (cuda), used: True
TPU available: False, using: 0 TPU cores
HPU available: False, using: 0 HPUs
/home/eng/shilo_avital/yolo_lab/walk_to_paint/.venv/lib64/python3.9/site-packages/pytorch_lightning/callbacks/model_checkpoint.py:658: Checkpoint directory /home/eng/shilo_avital/yolo_lab/walk_to_paint/checkpoints exists and is not empty.
LOCAL_RANK: 0 - CUDA_VISIBLE_DEVICES: [3]
/home/eng/shilo_avital/yolo_lab/walk_to_paint/.venv/lib64/python3.9/site-packages/pytorch_lightning/trainer/connectors/data_connector.py:425: The 'val_dataloader' does not have many workers which may be a bottleneck. Consider increasing the value of the `num_workers` argument` to `num_workers=127` in the `DataLoader` to improve performance.
/home/eng/shilo_avital/yolo_lab/walk_to_paint/.venv/lib64/python3.9/site-packages/pytorch_lightning/trainer/connectors/data_connector.py:425: The 'train_dataloader' does not have many workers which may be a bottleneck. Consider increasing the value of the `num_workers` argument` to `num_workers=127` in the `DataLoader` to improve performance.
Metric val_auc_epoch improved. New best score: 0.535
Metric val_auc_epoch improved by 0.004 >= min_delta = 0.0. New best score: 0.538
Metric val_auc_epoch improved by 0.062 >= min_delta = 0.0. New best score: 0.600
Metric val_auc_epoch improved by 0.021 >= min_delta = 0.0. New best score: 0.621
Metric val_auc_epoch improved by 0.011 >= min_delta = 0.0. New best score: 0.632
Metric val_auc_epoch improved by 0.003 >= min_delta = 0.0. New best score: 0.635
Monitored metric val_auc_epoch did not improve in the last 5 records. Best score: 0.635. Signaling Trainer to stop.
Restoring states from the checkpoint path at /home/eng/shilo_avital/yolo_lab/walk_to_paint/checkpoints/trial_289-epoch=06-val_auc_epoch=0.6346.ckpt
LOCAL_RANK: 0 - CUDA_VISIBLE_DEVICES: [3]
Loaded model weights from the checkpoint at /home/eng/shilo_avital/yolo_lab/walk_to_paint/checkpoints/trial_289-epoch=06-val_auc_epoch=0.6346.ckpt
/home/eng/shilo_avital/yolo_lab/walk_to_paint/.venv/lib64/python3.9/site-packages/pytorch_lightning/trainer/connectors/data_connector.py:425: The 'val_dataloader' does not have many workers which may be a bottleneck. Consider increasing the value of the `num_workers` argument` to `num_workers=127` in the `DataLoader` to improve performance.
────────────────────────────────────────────────────────────────────────────────────────────────────────────────────────
     Validate metric           DataLoader 0
────────────────────────────────────────────────────────────────────────────────────────────────────────────────────────
      val_acc_epoch         0.6038882732391357
      val_auc_epoch         0.6346265077590942
      val_f1_epoch          0.6017357110977173
        val_loss             1.548230528831482
────────────────────────────────────────────────────────────────────────────────────────────────────────────────────────
✅ Trial 289 completed - Val AUC: 0.6346
[I 2025-08-24 01:50:15,297] Trial 289 finished with value: -0.6346265077590942 and parameters: {'dataset.max_walk_length': 79, 'dataset.num_walks': 426478, 'training.lr': 0.0007019808870741682, 'training.weight_decay': 0.008476022952105951, 'training.batch_size': 64, 'training.gradient_clip_val': 0.30753515268751996, 'training.early_stopping_patience': 5, 'model.nhead_emb_combo': 22, 'model.hidden_dim': 16, 'model.nlayers': 5, 'model.dropout': 0.6912450459753083, 'training.epochs': 24}. Best is trial 229 with value: -0.6563454866409302.
/home/eng/shilo_avital/yolo_lab/walk_to_paint/optuna_run.py:147: FutureWarning: suggest_loguniform has been deprecated in v3.0.0. This feature will be removed in v6.0.0. See https://github.com/optuna/optuna/releases/tag/v3.0.0. Use suggest_float(..., log=True) instead.
  cfg.training.lr = trial.suggest_loguniform("training.lr", 1e-5, 1e-1)
/home/eng/shilo_avital/yolo_lab/walk_to_paint/optuna_run.py:148: FutureWarning: suggest_loguniform has been deprecated in v3.0.0. This feature will be removed in v6.0.0. See https://github.com/optuna/optuna/releases/tag/v3.0.0. Use suggest_float(..., log=True) instead.
  cfg.training.weight_decay = trial.suggest_loguniform(

🔬 Trial 290 hyperparameters:
  Walk length: 76, Num walks: 459,470
  LR: 7.28e-04, Batch size: 64
  Model: emb_dim=128, hidden_dim=16
  Transformer: 5 layers, 8 heads
  Epochs: 23, Weighted loss: True
Loading bitcoin-alpha-binary dataset...
Success! ✅
Splitting edges for bitcoin-alpha-binary dataset...
Success! ✅
Sampling random walks from bitcoin-alpha-binary dataset...
Success! ✅
Building tokenizer for bitcoin-alpha-binary dataset...
Success! ✅
Padding and building stage tensors for bitcoin-alpha-binary dataset...
Success! ✅
Creating DataLoaders for bitcoin-alpha-binary dataset...
Success! ✅
GPU available: True (cuda), used: True
TPU available: False, using: 0 TPU cores
HPU available: False, using: 0 HPUs
/home/eng/shilo_avital/yolo_lab/walk_to_paint/.venv/lib64/python3.9/site-packages/pytorch_lightning/callbacks/model_checkpoint.py:658: Checkpoint directory /home/eng/shilo_avital/yolo_lab/walk_to_paint/checkpoints exists and is not empty.
LOCAL_RANK: 0 - CUDA_VISIBLE_DEVICES: [3]
/home/eng/shilo_avital/yolo_lab/walk_to_paint/.venv/lib64/python3.9/site-packages/pytorch_lightning/trainer/connectors/data_connector.py:425: The 'val_dataloader' does not have many workers which may be a bottleneck. Consider increasing the value of the `num_workers` argument` to `num_workers=127` in the `DataLoader` to improve performance.
/home/eng/shilo_avital/yolo_lab/walk_to_paint/.venv/lib64/python3.9/site-packages/pytorch_lightning/trainer/connectors/data_connector.py:425: The 'train_dataloader' does not have many workers which may be a bottleneck. Consider increasing the value of the `num_workers` argument` to `num_workers=127` in the `DataLoader` to improve performance.
Metric val_auc_epoch improved. New best score: 0.543
Metric val_auc_epoch improved by 0.013 >= min_delta = 0.0. New best score: 0.556
Metric val_auc_epoch improved by 0.011 >= min_delta = 0.0. New best score: 0.567
Metric val_auc_epoch improved by 0.008 >= min_delta = 0.0. New best score: 0.575
Metric val_auc_epoch improved by 0.000 >= min_delta = 0.0. New best score: 0.576
Metric val_auc_epoch improved by 0.001 >= min_delta = 0.0. New best score: 0.577
Metric val_auc_epoch improved by 0.001 >= min_delta = 0.0. New best score: 0.578
Metric val_auc_epoch improved by 0.060 >= min_delta = 0.0. New best score: 0.637
Metric val_auc_epoch improved by 0.004 >= min_delta = 0.0. New best score: 0.641
Monitored metric val_auc_epoch did not improve in the last 6 records. Best score: 0.641. Signaling Trainer to stop.
Restoring states from the checkpoint path at /home/eng/shilo_avital/yolo_lab/walk_to_paint/checkpoints/trial_290-epoch=10-val_auc_epoch=0.6413.ckpt
LOCAL_RANK: 0 - CUDA_VISIBLE_DEVICES: [3]
Loaded model weights from the checkpoint at /home/eng/shilo_avital/yolo_lab/walk_to_paint/checkpoints/trial_290-epoch=10-val_auc_epoch=0.6413.ckpt
/home/eng/shilo_avital/yolo_lab/walk_to_paint/.venv/lib64/python3.9/site-packages/pytorch_lightning/trainer/connectors/data_connector.py:425: The 'val_dataloader' does not have many workers which may be a bottleneck. Consider increasing the value of the `num_workers` argument` to `num_workers=127` in the `DataLoader` to improve performance.
────────────────────────────────────────────────────────────────────────────────────────────────────────────────────────
     Validate metric           DataLoader 0
────────────────────────────────────────────────────────────────────────────────────────────────────────────────────────
      val_acc_epoch         0.6184619665145874
      val_auc_epoch          0.641294002532959
      val_f1_epoch          0.6095499396324158
        val_loss            1.8629353046417236
────────────────────────────────────────────────────────────────────────────────────────────────────────────────────────
✅ Trial 290 completed - Val AUC: 0.6413
