[I 2025-08-21 21:43:11,015] Trial 33 finished with value: 0.0 and parameters: {'dataset.max_walk_length': 34, 'dataset.num_walks': 142354, 'training.lr': 1.978764480373747e-05, 'training.weight_decay': 0.08533031549520505, 'training.batch_size': 256, 'training.gradient_clip_val': 1.9929192473361277, 'training.early_stopping_patience': 15, 'model.nhead_emb_combo': 17, 'model.hidden_dim': 64, 'model.nlayers': 6, 'model.dropout': 0.5118205755562861, 'training.epochs': 30}. Best is trial 1 with value: -0.6377121806144714.
/home/eng/shilo_avital/yolo_lab/walk_to_paint/optuna_run.py:147: FutureWarning: suggest_loguniform has been deprecated in v3.0.0. This feature will be removed in v6.0.0. See https://github.com/optuna/optuna/releases/tag/v3.0.0. Use suggest_float(..., log=True) instead.
  cfg.training.lr = trial.suggest_loguniform("training.lr", 1e-5, 1e-1)
/home/eng/shilo_avital/yolo_lab/walk_to_paint/optuna_run.py:148: FutureWarning: suggest_loguniform has been deprecated in v3.0.0. This feature will be removed in v6.0.0. See https://github.com/optuna/optuna/releases/tag/v3.0.0. Use suggest_float(..., log=True) instead.
  cfg.training.weight_decay = trial.suggest_loguniform(

🔬 Trial 34 hyperparameters:
  Walk length: 49, Num walks: 178,149
  LR: 4.39e-05, Batch size: 256
  Model: emb_dim=16, hidden_dim=64
  Transformer: 5 layers, 4 heads
  Epochs: 16, Weighted loss: True
Loading bitcoin-alpha-binary dataset...
Success! ✅
Splitting edges for bitcoin-alpha-binary dataset...
Success! ✅
Sampling random walks from bitcoin-alpha-binary dataset...
Success! ✅
Building tokenizer for bitcoin-alpha-binary dataset...
Success! ✅
Padding and building stage tensors for bitcoin-alpha-binary dataset...
Success! ✅
Creating DataLoaders for bitcoin-alpha-binary dataset...
Success! ✅
GPU available: True (cuda), used: True
TPU available: False, using: 0 TPU cores
HPU available: False, using: 0 HPUs
/home/eng/shilo_avital/yolo_lab/walk_to_paint/.venv/lib64/python3.9/site-packages/pytorch_lightning/callbacks/model_checkpoint.py:658: Checkpoint directory /home/eng/shilo_avital/yolo_lab/walk_to_paint/checkpoints exists and is not empty.
LOCAL_RANK: 0 - CUDA_VISIBLE_DEVICES: [3]
/home/eng/shilo_avital/yolo_lab/walk_to_paint/.venv/lib64/python3.9/site-packages/pytorch_lightning/trainer/connectors/data_connector.py:425: The 'val_dataloader' does not have many workers which may be a bottleneck. Consider increasing the value of the `num_workers` argument` to `num_workers=127` in the `DataLoader` to improve performance.
/home/eng/shilo_avital/yolo_lab/walk_to_paint/.venv/lib64/python3.9/site-packages/pytorch_lightning/trainer/connectors/data_connector.py:425: The 'train_dataloader' does not have many workers which may be a bottleneck. Consider increasing the value of the `num_workers` argument` to `num_workers=127` in the `DataLoader` to improve performance.
Metric val_auc_epoch improved. New best score: 0.492
Metric val_auc_epoch improved by 0.000 >= min_delta = 0.0. New best score: 0.492
Metric val_auc_epoch improved by 0.002 >= min_delta = 0.0. New best score: 0.494
Metric val_auc_epoch improved by 0.003 >= min_delta = 0.0. New best score: 0.497
Metric val_auc_epoch improved by 0.004 >= min_delta = 0.0. New best score: 0.501
Metric val_auc_epoch improved by 0.004 >= min_delta = 0.0. New best score: 0.505
Metric val_auc_epoch improved by 0.003 >= min_delta = 0.0. New best score: 0.507
Metric val_auc_epoch improved by 0.002 >= min_delta = 0.0. New best score: 0.509
Metric val_auc_epoch improved by 0.001 >= min_delta = 0.0. New best score: 0.510
Metric val_auc_epoch improved by 0.001 >= min_delta = 0.0. New best score: 0.510
Metric val_auc_epoch improved by 0.000 >= min_delta = 0.0. New best score: 0.510
Metric val_auc_epoch improved by 0.000 >= min_delta = 0.0. New best score: 0.510
`Trainer.fit` stopped: `max_epochs=16` reached.
Restoring states from the checkpoint path at /home/eng/shilo_avital/yolo_lab/walk_to_paint/checkpoints/trial_34-epoch=15-val_auc_epoch=0.5105.ckpt
LOCAL_RANK: 0 - CUDA_VISIBLE_DEVICES: [3]
Loaded model weights from the checkpoint at /home/eng/shilo_avital/yolo_lab/walk_to_paint/checkpoints/trial_34-epoch=15-val_auc_epoch=0.5105.ckpt
/home/eng/shilo_avital/yolo_lab/walk_to_paint/.venv/lib64/python3.9/site-packages/pytorch_lightning/trainer/connectors/data_connector.py:425: The 'val_dataloader' does not have many workers which may be a bottleneck. Consider increasing the value of the `num_workers` argument` to `num_workers=127` in the `DataLoader` to improve performance.
────────────────────────────────────────────────────────────────────────────────────────────────────────────────────────
     Validate metric           DataLoader 0
────────────────────────────────────────────────────────────────────────────────────────────────────────────────────────
      val_acc_epoch         0.5070133805274963
      val_auc_epoch         0.5104695558547974
      val_f1_epoch          0.48652732372283936
        val_loss            0.6940455436706543
────────────────────────────────────────────────────────────────────────────────────────────────────────────────────────
✅ Trial 34 completed - Val AUC: 0.5105
[I 2025-08-21 21:47:10,471] Trial 34 finished with value: -0.5104695558547974 and parameters: {'dataset.max_walk_length': 49, 'dataset.num_walks': 178149, 'training.lr': 4.389511597098438e-05, 'training.weight_decay': 0.002293608834849946, 'training.batch_size': 256, 'training.gradient_clip_val': 1.8268924675777454, 'training.early_stopping_patience': 16, 'model.nhead_emb_combo': 14, 'model.hidden_dim': 64, 'model.nlayers': 5, 'model.dropout': 0.5945737545825246, 'training.epochs': 16}. Best is trial 1 with value: -0.6377121806144714.
/home/eng/shilo_avital/yolo_lab/walk_to_paint/optuna_run.py:147: FutureWarning: suggest_loguniform has been deprecated in v3.0.0. This feature will be removed in v6.0.0. See https://github.com/optuna/optuna/releases/tag/v3.0.0. Use suggest_float(..., log=True) instead.
  cfg.training.lr = trial.suggest_loguniform("training.lr", 1e-5, 1e-1)
/home/eng/shilo_avital/yolo_lab/walk_to_paint/optuna_run.py:148: FutureWarning: suggest_loguniform has been deprecated in v3.0.0. This feature will be removed in v6.0.0. See https://github.com/optuna/optuna/releases/tag/v3.0.0. Use suggest_float(..., log=True) instead.
  cfg.training.weight_decay = trial.suggest_loguniform(

🔬 Trial 35 hyperparameters:
  Walk length: 59, Num walks: 111,833
  LR: 3.09e-02, Batch size: 256
  Model: emb_dim=4, hidden_dim=4
  Transformer: 4 layers, 4 heads
  Epochs: 25, Weighted loss: True
Loading bitcoin-alpha-binary dataset...
Success! ✅
Splitting edges for bitcoin-alpha-binary dataset...
Success! ✅
Sampling random walks from bitcoin-alpha-binary dataset...
Success! ✅
Building tokenizer for bitcoin-alpha-binary dataset...
Success! ✅
Padding and building stage tensors for bitcoin-alpha-binary dataset...
Success! ✅
Creating DataLoaders for bitcoin-alpha-binary dataset...
Success! ✅
GPU available: True (cuda), used: True
TPU available: False, using: 0 TPU cores
HPU available: False, using: 0 HPUs
/home/eng/shilo_avital/yolo_lab/walk_to_paint/.venv/lib64/python3.9/site-packages/pytorch_lightning/callbacks/model_checkpoint.py:658: Checkpoint directory /home/eng/shilo_avital/yolo_lab/walk_to_paint/checkpoints exists and is not empty.
LOCAL_RANK: 0 - CUDA_VISIBLE_DEVICES: [3]
/home/eng/shilo_avital/yolo_lab/walk_to_paint/.venv/lib64/python3.9/site-packages/pytorch_lightning/trainer/connectors/data_connector.py:425: The 'val_dataloader' does not have many workers which may be a bottleneck. Consider increasing the value of the `num_workers` argument` to `num_workers=127` in the `DataLoader` to improve performance.
/home/eng/shilo_avital/yolo_lab/walk_to_paint/.venv/lib64/python3.9/site-packages/pytorch_lightning/trainer/connectors/data_connector.py:425: The 'train_dataloader' does not have many workers which may be a bottleneck. Consider increasing the value of the `num_workers` argument` to `num_workers=127` in the `DataLoader` to improve performance.
Metric val_auc_epoch improved. New best score: 0.503
Metric val_auc_epoch improved by 0.006 >= min_delta = 0.0. New best score: 0.509
Metric val_auc_epoch improved by 0.031 >= min_delta = 0.0. New best score: 0.540
Monitored metric val_auc_epoch did not improve in the last 13 records. Best score: 0.540. Signaling Trainer to stop.
Restoring states from the checkpoint path at /home/eng/shilo_avital/yolo_lab/walk_to_paint/checkpoints/trial_35-epoch=04-val_auc_epoch=0.5405.ckpt
LOCAL_RANK: 0 - CUDA_VISIBLE_DEVICES: [3]
Loaded model weights from the checkpoint at /home/eng/shilo_avital/yolo_lab/walk_to_paint/checkpoints/trial_35-epoch=04-val_auc_epoch=0.5405.ckpt
/home/eng/shilo_avital/yolo_lab/walk_to_paint/.venv/lib64/python3.9/site-packages/pytorch_lightning/trainer/connectors/data_connector.py:425: The 'val_dataloader' does not have many workers which may be a bottleneck. Consider increasing the value of the `num_workers` argument` to `num_workers=127` in the `DataLoader` to improve performance.
────────────────────────────────────────────────────────────────────────────────────────────────────────────────────────
     Validate metric           DataLoader 0
────────────────────────────────────────────────────────────────────────────────────────────────────────────────────────
      val_acc_epoch                 0.5
      val_auc_epoch         0.5404638051986694
      val_f1_epoch          0.29882046580314636
        val_loss            0.6931459903717041
────────────────────────────────────────────────────────────────────────────────────────────────────────────────────────
✅ Trial 35 completed - Val AUC: 0.5405
[I 2025-08-21 21:50:10,145] Trial 35 finished with value: -0.5404638051986694 and parameters: {'dataset.max_walk_length': 59, 'dataset.num_walks': 111833, 'training.lr': 0.0309401550249818, 'training.weight_decay': 0.02697527403094845, 'training.batch_size': 256, 'training.gradient_clip_val': 1.6222735026416275, 'training.early_stopping_patience': 13, 'model.nhead_emb_combo': 12, 'model.hidden_dim': 4, 'model.nlayers': 4, 'model.dropout': 0.33177597378570983, 'training.epochs': 25}. Best is trial 1 with value: -0.6377121806144714.
🧹 Cleaning up old checkpoints and logs (keeping top 10)...
  Removed old checkpoint: trial_25-epoch=01-val_auc_epoch=0.6344.ckpt
  Removed old checkpoint: trial_24-epoch=03-val_auc_epoch=0.6429.ckpt
  Removed old checkpoint: trial_23-epoch=03-val_auc_epoch=0.6546.ckpt
  Removed old checkpoint: trial_22-epoch=02-val_auc_epoch=0.6314.ckpt
  Removed old checkpoint: trial_21-epoch=02-val_auc_epoch=0.6412.ckpt
  Removed old log dir: trial_25
  Removed old log dir: trial_24
  Removed old log dir: trial_23
  Removed old log dir: trial_22
  Removed old log dir: trial_21
/home/eng/shilo_avital/yolo_lab/walk_to_paint/optuna_run.py:147: FutureWarning: suggest_loguniform has been deprecated in v3.0.0. This feature will be removed in v6.0.0. See https://github.com/optuna/optuna/releases/tag/v3.0.0. Use suggest_float(..., log=True) instead.
  cfg.training.lr = trial.suggest_loguniform("training.lr", 1e-5, 1e-1)
/home/eng/shilo_avital/yolo_lab/walk_to_paint/optuna_run.py:148: FutureWarning: suggest_loguniform has been deprecated in v3.0.0. This feature will be removed in v6.0.0. See https://github.com/optuna/optuna/releases/tag/v3.0.0. Use suggest_float(..., log=True) instead.
  cfg.training.weight_decay = trial.suggest_loguniform(

🔬 Trial 36 hyperparameters:
  Walk length: 18, Num walks: 136,359
  LR: 1.33e-03, Batch size: 128
  Model: emb_dim=32, hidden_dim=32
  Transformer: 3 layers, 4 heads
  Epochs: 22, Weighted loss: True
Loading bitcoin-alpha-binary dataset...
Success! ✅
Splitting edges for bitcoin-alpha-binary dataset...
Success! ✅
Sampling random walks from bitcoin-alpha-binary dataset...
Success! ✅
Building tokenizer for bitcoin-alpha-binary dataset...
Success! ✅
Padding and building stage tensors for bitcoin-alpha-binary dataset...
Success! ✅
Creating DataLoaders for bitcoin-alpha-binary dataset...
Success! ✅
GPU available: True (cuda), used: True
TPU available: False, using: 0 TPU cores
HPU available: False, using: 0 HPUs
/home/eng/shilo_avital/yolo_lab/walk_to_paint/.venv/lib64/python3.9/site-packages/pytorch_lightning/callbacks/model_checkpoint.py:658: Checkpoint directory /home/eng/shilo_avital/yolo_lab/walk_to_paint/checkpoints exists and is not empty.
LOCAL_RANK: 0 - CUDA_VISIBLE_DEVICES: [3]
/home/eng/shilo_avital/yolo_lab/walk_to_paint/.venv/lib64/python3.9/site-packages/pytorch_lightning/trainer/connectors/data_connector.py:425: The 'val_dataloader' does not have many workers which may be a bottleneck. Consider increasing the value of the `num_workers` argument` to `num_workers=127` in the `DataLoader` to improve performance.
/home/eng/shilo_avital/yolo_lab/walk_to_paint/.venv/lib64/python3.9/site-packages/pytorch_lightning/trainer/connectors/data_connector.py:425: The 'train_dataloader' does not have many workers which may be a bottleneck. Consider increasing the value of the `num_workers` argument` to `num_workers=127` in the `DataLoader` to improve performance.
Metric val_auc_epoch improved. New best score: 0.562
Metric val_auc_epoch improved by 0.030 >= min_delta = 0.0. New best score: 0.592
Metric val_auc_epoch improved by 0.016 >= min_delta = 0.0. New best score: 0.608
Metric val_auc_epoch improved by 0.007 >= min_delta = 0.0. New best score: 0.614
Metric val_auc_epoch improved by 0.001 >= min_delta = 0.0. New best score: 0.615
❌ Trial 36 failed: Trial was pruned at epoch 5.
[I 2025-08-21 21:51:43,762] Trial 36 finished with value: 0.0 and parameters: {'dataset.max_walk_length': 18, 'dataset.num_walks': 136359, 'training.lr': 0.001330091313797223, 'training.weight_decay': 6.795041573527547e-05, 'training.batch_size': 128, 'training.gradient_clip_val': 1.458100683496855, 'training.early_stopping_patience': 11, 'model.nhead_emb_combo': 15, 'model.hidden_dim': 32, 'model.nlayers': 3, 'model.dropout': 0.41229133856206446, 'training.epochs': 22}. Best is trial 1 with value: -0.6377121806144714.
/home/eng/shilo_avital/yolo_lab/walk_to_paint/optuna_run.py:147: FutureWarning: suggest_loguniform has been deprecated in v3.0.0. This feature will be removed in v6.0.0. See https://github.com/optuna/optuna/releases/tag/v3.0.0. Use suggest_float(..., log=True) instead.
  cfg.training.lr = trial.suggest_loguniform("training.lr", 1e-5, 1e-1)
/home/eng/shilo_avital/yolo_lab/walk_to_paint/optuna_run.py:148: FutureWarning: suggest_loguniform has been deprecated in v3.0.0. This feature will be removed in v6.0.0. See https://github.com/optuna/optuna/releases/tag/v3.0.0. Use suggest_float(..., log=True) instead.
  cfg.training.weight_decay = trial.suggest_loguniform(

🔬 Trial 37 hyperparameters:
  Walk length: 54, Num walks: 169,463
  LR: 8.64e-02, Batch size: 32
  Model: emb_dim=128, hidden_dim=16
  Transformer: 5 layers, 2 heads
  Epochs: 27, Weighted loss: True
Loading bitcoin-alpha-binary dataset...
Success! ✅
Splitting edges for bitcoin-alpha-binary dataset...
Success! ✅
Sampling random walks from bitcoin-alpha-binary dataset...
Success! ✅
Building tokenizer for bitcoin-alpha-binary dataset...
Success! ✅
Padding and building stage tensors for bitcoin-alpha-binary dataset...
Success! ✅
Creating DataLoaders for bitcoin-alpha-binary dataset...
Success! ✅
GPU available: True (cuda), used: True
TPU available: False, using: 0 TPU cores
HPU available: False, using: 0 HPUs
/home/eng/shilo_avital/yolo_lab/walk_to_paint/.venv/lib64/python3.9/site-packages/pytorch_lightning/callbacks/model_checkpoint.py:658: Checkpoint directory /home/eng/shilo_avital/yolo_lab/walk_to_paint/checkpoints exists and is not empty.
LOCAL_RANK: 0 - CUDA_VISIBLE_DEVICES: [3]
/home/eng/shilo_avital/yolo_lab/walk_to_paint/.venv/lib64/python3.9/site-packages/pytorch_lightning/trainer/connectors/data_connector.py:425: The 'val_dataloader' does not have many workers which may be a bottleneck. Consider increasing the value of the `num_workers` argument` to `num_workers=127` in the `DataLoader` to improve performance.
/home/eng/shilo_avital/yolo_lab/walk_to_paint/.venv/lib64/python3.9/site-packages/pytorch_lightning/trainer/connectors/data_connector.py:425: The 'train_dataloader' does not have many workers which may be a bottleneck. Consider increasing the value of the `num_workers` argument` to `num_workers=127` in the `DataLoader` to improve performance.
Metric val_auc_epoch improved. New best score: 0.500
Metric val_auc_epoch improved by 0.000 >= min_delta = 0.0. New best score: 0.500
❌ Trial 37 failed: Input contains NaN.
[I 2025-08-21 21:58:13,951] Trial 37 finished with value: 0.0 and parameters: {'dataset.max_walk_length': 54, 'dataset.num_walks': 169463, 'training.lr': 0.08641239036372984, 'training.weight_decay': 1.1497223734974586e-06, 'training.batch_size': 32, 'training.gradient_clip_val': 1.8191685287510597, 'training.early_stopping_patience': 17, 'model.nhead_emb_combo': 11, 'model.hidden_dim': 16, 'model.nlayers': 5, 'model.dropout': 0.48223102499285053, 'training.epochs': 27}. Best is trial 1 with value: -0.6377121806144714.
/home/eng/shilo_avital/yolo_lab/walk_to_paint/optuna_run.py:147: FutureWarning: suggest_loguniform has been deprecated in v3.0.0. This feature will be removed in v6.0.0. See https://github.com/optuna/optuna/releases/tag/v3.0.0. Use suggest_float(..., log=True) instead.
  cfg.training.lr = trial.suggest_loguniform("training.lr", 1e-5, 1e-1)
/home/eng/shilo_avital/yolo_lab/walk_to_paint/optuna_run.py:148: FutureWarning: suggest_loguniform has been deprecated in v3.0.0. This feature will be removed in v6.0.0. See https://github.com/optuna/optuna/releases/tag/v3.0.0. Use suggest_float(..., log=True) instead.
  cfg.training.weight_decay = trial.suggest_loguniform(

🔬 Trial 38 hyperparameters:
  Walk length: 40, Num walks: 383,927
  LR: 1.91e-04, Batch size: 64
  Model: emb_dim=64, hidden_dim=64
  Transformer: 4 layers, 8 heads
  Epochs: 20, Weighted loss: True
Loading bitcoin-alpha-binary dataset...
Success! ✅
Splitting edges for bitcoin-alpha-binary dataset...
Success! ✅
Sampling random walks from bitcoin-alpha-binary dataset...
Success! ✅
Building tokenizer for bitcoin-alpha-binary dataset...
Success! ✅
Padding and building stage tensors for bitcoin-alpha-binary dataset...
Success! ✅
Creating DataLoaders for bitcoin-alpha-binary dataset...
Success! ✅
GPU available: True (cuda), used: True
TPU available: False, using: 0 TPU cores
HPU available: False, using: 0 HPUs
/home/eng/shilo_avital/yolo_lab/walk_to_paint/.venv/lib64/python3.9/site-packages/pytorch_lightning/callbacks/model_checkpoint.py:658: Checkpoint directory /home/eng/shilo_avital/yolo_lab/walk_to_paint/checkpoints exists and is not empty.
LOCAL_RANK: 0 - CUDA_VISIBLE_DEVICES: [3]
/home/eng/shilo_avital/yolo_lab/walk_to_paint/.venv/lib64/python3.9/site-packages/pytorch_lightning/trainer/connectors/data_connector.py:425: The 'val_dataloader' does not have many workers which may be a bottleneck. Consider increasing the value of the `num_workers` argument` to `num_workers=127` in the `DataLoader` to improve performance.
/home/eng/shilo_avital/yolo_lab/walk_to_paint/.venv/lib64/python3.9/site-packages/pytorch_lightning/trainer/connectors/data_connector.py:425: The 'train_dataloader' does not have many workers which may be a bottleneck. Consider increasing the value of the `num_workers` argument` to `num_workers=127` in the `DataLoader` to improve performance.
Metric val_auc_epoch improved. New best score: 0.555
Metric val_auc_epoch improved by 0.030 >= min_delta = 0.0. New best score: 0.585
Metric val_auc_epoch improved by 0.028 >= min_delta = 0.0. New best score: 0.613
Metric val_auc_epoch improved by 0.008 >= min_delta = 0.0. New best score: 0.621
❌ Trial 38 failed: Trial was pruned at epoch 5.
