[I 2025-08-22 06:12:29,844] Trial 105 finished with value: 0.0 and parameters: {'dataset.max_walk_length': 26, 'dataset.num_walks': 155682, 'training.lr': 2.116741788676264e-05, 'training.weight_decay': 0.006850572622300305, 'training.batch_size': 32, 'training.gradient_clip_val': 1.7723412106999195, 'training.early_stopping_patience': 7, 'model.nhead_emb_combo': 16, 'model.hidden_dim': 4, 'model.nlayers': 4, 'model.dropout': 0.5462475155533283, 'training.epochs': 16}. Best is trial 1 with value: -0.6377121806144714.
🧹 Cleaning up old checkpoints and logs (keeping top 10)...
  Removed old checkpoint: trial_95-epoch=09-val_auc_epoch=0.5467.ckpt
  Removed old checkpoint: trial_94-epoch=16-val_auc_epoch=0.5640.ckpt
  Removed old checkpoint: trial_93-epoch=14-val_auc_epoch=0.5715.ckpt
  Removed old checkpoint: trial_92-epoch=15-val_auc_epoch=0.5560.ckpt
  Removed old checkpoint: trial_91-epoch=04-val_auc_epoch=0.5951.ckpt
  Removed old log dir: trial_95
  Removed old log dir: trial_94
  Removed old log dir: trial_93
  Removed old log dir: trial_92
  Removed old log dir: trial_91
/home/eng/shilo_avital/yolo_lab/walk_to_paint/optuna_run.py:147: FutureWarning: suggest_loguniform has been deprecated in v3.0.0. This feature will be removed in v6.0.0. See https://github.com/optuna/optuna/releases/tag/v3.0.0. Use suggest_float(..., log=True) instead.
  cfg.training.lr = trial.suggest_loguniform("training.lr", 1e-5, 1e-1)
/home/eng/shilo_avital/yolo_lab/walk_to_paint/optuna_run.py:148: FutureWarning: suggest_loguniform has been deprecated in v3.0.0. This feature will be removed in v6.0.0. See https://github.com/optuna/optuna/releases/tag/v3.0.0. Use suggest_float(..., log=True) instead.
  cfg.training.weight_decay = trial.suggest_loguniform(

🔬 Trial 106 hyperparameters:
  Walk length: 63, Num walks: 186,964
  LR: 5.47e-05, Batch size: 32
  Model: emb_dim=8, hidden_dim=128
  Transformer: 2 layers, 4 heads
  Epochs: 15, Weighted loss: True
Loading bitcoin-alpha-binary dataset...
Success! ✅
Splitting edges for bitcoin-alpha-binary dataset...
Success! ✅
Sampling random walks from bitcoin-alpha-binary dataset...
Success! ✅
Building tokenizer for bitcoin-alpha-binary dataset...
Success! ✅
Padding and building stage tensors for bitcoin-alpha-binary dataset...
Success! ✅
Creating DataLoaders for bitcoin-alpha-binary dataset...
Success! ✅
GPU available: True (cuda), used: True
TPU available: False, using: 0 TPU cores
HPU available: False, using: 0 HPUs
/home/eng/shilo_avital/yolo_lab/walk_to_paint/.venv/lib64/python3.9/site-packages/pytorch_lightning/callbacks/model_checkpoint.py:658: Checkpoint directory /home/eng/shilo_avital/yolo_lab/walk_to_paint/checkpoints exists and is not empty.
LOCAL_RANK: 0 - CUDA_VISIBLE_DEVICES: [3]
/home/eng/shilo_avital/yolo_lab/walk_to_paint/.venv/lib64/python3.9/site-packages/pytorch_lightning/trainer/connectors/data_connector.py:425: The 'val_dataloader' does not have many workers which may be a bottleneck. Consider increasing the value of the `num_workers` argument` to `num_workers=127` in the `DataLoader` to improve performance.
/home/eng/shilo_avital/yolo_lab/walk_to_paint/.venv/lib64/python3.9/site-packages/pytorch_lightning/trainer/connectors/data_connector.py:425: The 'train_dataloader' does not have many workers which may be a bottleneck. Consider increasing the value of the `num_workers` argument` to `num_workers=127` in the `DataLoader` to improve performance.
Metric val_auc_epoch improved. New best score: 0.510
Metric val_auc_epoch improved by 0.017 >= min_delta = 0.0. New best score: 0.528
Metric val_auc_epoch improved by 0.008 >= min_delta = 0.0. New best score: 0.536
Metric val_auc_epoch improved by 0.003 >= min_delta = 0.0. New best score: 0.538
Metric val_auc_epoch improved by 0.001 >= min_delta = 0.0. New best score: 0.539
Metric val_auc_epoch improved by 0.001 >= min_delta = 0.0. New best score: 0.540
Metric val_auc_epoch improved by 0.000 >= min_delta = 0.0. New best score: 0.540
Metric val_auc_epoch improved by 0.000 >= min_delta = 0.0. New best score: 0.541
Metric val_auc_epoch improved by 0.000 >= min_delta = 0.0. New best score: 0.541
Metric val_auc_epoch improved by 0.000 >= min_delta = 0.0. New best score: 0.541
Metric val_auc_epoch improved by 0.000 >= min_delta = 0.0. New best score: 0.541
Metric val_auc_epoch improved by 0.000 >= min_delta = 0.0. New best score: 0.541
Metric val_auc_epoch improved by 0.000 >= min_delta = 0.0. New best score: 0.541
Metric val_auc_epoch improved by 0.000 >= min_delta = 0.0. New best score: 0.541
Metric val_auc_epoch improved by 0.000 >= min_delta = 0.0. New best score: 0.541
`Trainer.fit` stopped: `max_epochs=15` reached.
Restoring states from the checkpoint path at /home/eng/shilo_avital/yolo_lab/walk_to_paint/checkpoints/trial_106-epoch=14-val_auc_epoch=0.5411.ckpt
LOCAL_RANK: 0 - CUDA_VISIBLE_DEVICES: [3]
Loaded model weights from the checkpoint at /home/eng/shilo_avital/yolo_lab/walk_to_paint/checkpoints/trial_106-epoch=14-val_auc_epoch=0.5411.ckpt
/home/eng/shilo_avital/yolo_lab/walk_to_paint/.venv/lib64/python3.9/site-packages/pytorch_lightning/trainer/connectors/data_connector.py:425: The 'val_dataloader' does not have many workers which may be a bottleneck. Consider increasing the value of the `num_workers` argument` to `num_workers=127` in the `DataLoader` to improve performance.
────────────────────────────────────────────────────────────────────────────────────────────────────────────────────────
     Validate metric           DataLoader 0
────────────────────────────────────────────────────────────────────────────────────────────────────────────────────────
      val_acc_epoch         0.5253612399101257
      val_auc_epoch         0.5410542488098145
      val_f1_epoch          0.5224461555480957
        val_loss            0.6919260621070862
────────────────────────────────────────────────────────────────────────────────────────────────────────────────────────
✅ Trial 106 completed - Val AUC: 0.5411
[I 2025-08-22 06:28:37,409] Trial 106 finished with value: -0.5410542488098145 and parameters: {'dataset.max_walk_length': 63, 'dataset.num_walks': 186964, 'training.lr': 5.469579644491846e-05, 'training.weight_decay': 0.003413937085227969, 'training.batch_size': 32, 'training.gradient_clip_val': 1.9240340141724197, 'training.early_stopping_patience': 13, 'model.nhead_emb_combo': 13, 'model.hidden_dim': 128, 'model.nlayers': 2, 'model.dropout': 0.5581420779920924, 'training.epochs': 15}. Best is trial 1 with value: -0.6377121806144714.
/home/eng/shilo_avital/yolo_lab/walk_to_paint/optuna_run.py:147: FutureWarning: suggest_loguniform has been deprecated in v3.0.0. This feature will be removed in v6.0.0. See https://github.com/optuna/optuna/releases/tag/v3.0.0. Use suggest_float(..., log=True) instead.
  cfg.training.lr = trial.suggest_loguniform("training.lr", 1e-5, 1e-1)
/home/eng/shilo_avital/yolo_lab/walk_to_paint/optuna_run.py:148: FutureWarning: suggest_loguniform has been deprecated in v3.0.0. This feature will be removed in v6.0.0. See https://github.com/optuna/optuna/releases/tag/v3.0.0. Use suggest_float(..., log=True) instead.
  cfg.training.weight_decay = trial.suggest_loguniform(

🔬 Trial 107 hyperparameters:
  Walk length: 43, Num walks: 249,755
  LR: 3.17e-05, Batch size: 32
  Model: emb_dim=16, hidden_dim=8
  Transformer: 5 layers, 8 heads
  Epochs: 17, Weighted loss: True
Loading bitcoin-alpha-binary dataset...
Success! ✅
Splitting edges for bitcoin-alpha-binary dataset...
Success! ✅
Sampling random walks from bitcoin-alpha-binary dataset...
Success! ✅
Building tokenizer for bitcoin-alpha-binary dataset...
Success! ✅
Padding and building stage tensors for bitcoin-alpha-binary dataset...
Success! ✅
Creating DataLoaders for bitcoin-alpha-binary dataset...
Success! ✅
GPU available: True (cuda), used: True
TPU available: False, using: 0 TPU cores
HPU available: False, using: 0 HPUs
/home/eng/shilo_avital/yolo_lab/walk_to_paint/.venv/lib64/python3.9/site-packages/pytorch_lightning/callbacks/model_checkpoint.py:658: Checkpoint directory /home/eng/shilo_avital/yolo_lab/walk_to_paint/checkpoints exists and is not empty.
LOCAL_RANK: 0 - CUDA_VISIBLE_DEVICES: [3]
/home/eng/shilo_avital/yolo_lab/walk_to_paint/.venv/lib64/python3.9/site-packages/pytorch_lightning/trainer/connectors/data_connector.py:425: The 'val_dataloader' does not have many workers which may be a bottleneck. Consider increasing the value of the `num_workers` argument` to `num_workers=127` in the `DataLoader` to improve performance.
/home/eng/shilo_avital/yolo_lab/walk_to_paint/.venv/lib64/python3.9/site-packages/pytorch_lightning/trainer/connectors/data_connector.py:425: The 'train_dataloader' does not have many workers which may be a bottleneck. Consider increasing the value of the `num_workers` argument` to `num_workers=127` in the `DataLoader` to improve performance.
Metric val_auc_epoch improved. New best score: 0.530
Metric val_auc_epoch improved by 0.013 >= min_delta = 0.0. New best score: 0.543
Metric val_auc_epoch improved by 0.005 >= min_delta = 0.0. New best score: 0.548
Metric val_auc_epoch improved by 0.002 >= min_delta = 0.0. New best score: 0.550
Metric val_auc_epoch improved by 0.001 >= min_delta = 0.0. New best score: 0.551
Metric val_auc_epoch improved by 0.000 >= min_delta = 0.0. New best score: 0.551
Metric val_auc_epoch improved by 0.000 >= min_delta = 0.0. New best score: 0.552
Metric val_auc_epoch improved by 0.000 >= min_delta = 0.0. New best score: 0.552
Monitored metric val_auc_epoch did not improve in the last 6 records. Best score: 0.552. Signaling Trainer to stop.
Restoring states from the checkpoint path at /home/eng/shilo_avital/yolo_lab/walk_to_paint/checkpoints/trial_107-epoch=07-val_auc_epoch=0.5518.ckpt
LOCAL_RANK: 0 - CUDA_VISIBLE_DEVICES: [3]
Loaded model weights from the checkpoint at /home/eng/shilo_avital/yolo_lab/walk_to_paint/checkpoints/trial_107-epoch=07-val_auc_epoch=0.5518.ckpt
/home/eng/shilo_avital/yolo_lab/walk_to_paint/.venv/lib64/python3.9/site-packages/pytorch_lightning/trainer/connectors/data_connector.py:425: The 'val_dataloader' does not have many workers which may be a bottleneck. Consider increasing the value of the `num_workers` argument` to `num_workers=127` in the `DataLoader` to improve performance.
────────────────────────────────────────────────────────────────────────────────────────────────────────────────────────
     Validate metric           DataLoader 0
────────────────────────────────────────────────────────────────────────────────────────────────────────────────────────
      val_acc_epoch          0.535442054271698
      val_auc_epoch         0.5517890453338623
      val_f1_epoch          0.5354361534118652
        val_loss            0.6900937557220459
────────────────────────────────────────────────────────────────────────────────────────────────────────────────────────
✅ Trial 107 completed - Val AUC: 0.5518
[I 2025-08-22 06:56:15,664] Trial 107 finished with value: -0.5517890453338623 and parameters: {'dataset.max_walk_length': 43, 'dataset.num_walks': 249755, 'training.lr': 3.1705940398437204e-05, 'training.weight_decay': 0.012797699768848921, 'training.batch_size': 32, 'training.gradient_clip_val': 1.8236101513727154, 'training.early_stopping_patience': 6, 'model.nhead_emb_combo': 19, 'model.hidden_dim': 8, 'model.nlayers': 5, 'model.dropout': 0.46401512353257407, 'training.epochs': 17}. Best is trial 1 with value: -0.6377121806144714.
/home/eng/shilo_avital/yolo_lab/walk_to_paint/optuna_run.py:147: FutureWarning: suggest_loguniform has been deprecated in v3.0.0. This feature will be removed in v6.0.0. See https://github.com/optuna/optuna/releases/tag/v3.0.0. Use suggest_float(..., log=True) instead.
  cfg.training.lr = trial.suggest_loguniform("training.lr", 1e-5, 1e-1)
/home/eng/shilo_avital/yolo_lab/walk_to_paint/optuna_run.py:148: FutureWarning: suggest_loguniform has been deprecated in v3.0.0. This feature will be removed in v6.0.0. See https://github.com/optuna/optuna/releases/tag/v3.0.0. Use suggest_float(..., log=True) instead.
  cfg.training.weight_decay = trial.suggest_loguniform(

🔬 Trial 108 hyperparameters:
  Walk length: 22, Num walks: 170,320
  LR: 2.50e-05, Batch size: 32
  Model: emb_dim=4, hidden_dim=64
  Transformer: 2 layers, 4 heads
  Epochs: 19, Weighted loss: True
Loading bitcoin-alpha-binary dataset...
Success! ✅
Splitting edges for bitcoin-alpha-binary dataset...
Success! ✅
Sampling random walks from bitcoin-alpha-binary dataset...
Success! ✅
Building tokenizer for bitcoin-alpha-binary dataset...
Success! ✅
Padding and building stage tensors for bitcoin-alpha-binary dataset...
Success! ✅
Creating DataLoaders for bitcoin-alpha-binary dataset...
Success! ✅
GPU available: True (cuda), used: True
TPU available: False, using: 0 TPU cores
HPU available: False, using: 0 HPUs
/home/eng/shilo_avital/yolo_lab/walk_to_paint/.venv/lib64/python3.9/site-packages/pytorch_lightning/callbacks/model_checkpoint.py:658: Checkpoint directory /home/eng/shilo_avital/yolo_lab/walk_to_paint/checkpoints exists and is not empty.
LOCAL_RANK: 0 - CUDA_VISIBLE_DEVICES: [3]
/home/eng/shilo_avital/yolo_lab/walk_to_paint/.venv/lib64/python3.9/site-packages/pytorch_lightning/trainer/connectors/data_connector.py:425: The 'val_dataloader' does not have many workers which may be a bottleneck. Consider increasing the value of the `num_workers` argument` to `num_workers=127` in the `DataLoader` to improve performance.
/home/eng/shilo_avital/yolo_lab/walk_to_paint/.venv/lib64/python3.9/site-packages/pytorch_lightning/trainer/connectors/data_connector.py:425: The 'train_dataloader' does not have many workers which may be a bottleneck. Consider increasing the value of the `num_workers` argument` to `num_workers=127` in the `DataLoader` to improve performance.
Metric val_auc_epoch improved. New best score: 0.495
Metric val_auc_epoch improved by 0.002 >= min_delta = 0.0. New best score: 0.497
Metric val_auc_epoch improved by 0.001 >= min_delta = 0.0. New best score: 0.498
Metric val_auc_epoch improved by 0.002 >= min_delta = 0.0. New best score: 0.499
Metric val_auc_epoch improved by 0.002 >= min_delta = 0.0. New best score: 0.501
Metric val_auc_epoch improved by 0.001 >= min_delta = 0.0. New best score: 0.503
Metric val_auc_epoch improved by 0.001 >= min_delta = 0.0. New best score: 0.504
Metric val_auc_epoch improved by 0.001 >= min_delta = 0.0. New best score: 0.505
Metric val_auc_epoch improved by 0.001 >= min_delta = 0.0. New best score: 0.505
Metric val_auc_epoch improved by 0.001 >= min_delta = 0.0. New best score: 0.506
Metric val_auc_epoch improved by 0.001 >= min_delta = 0.0. New best score: 0.507
Metric val_auc_epoch improved by 0.000 >= min_delta = 0.0. New best score: 0.507
Metric val_auc_epoch improved by 0.000 >= min_delta = 0.0. New best score: 0.507
Metric val_auc_epoch improved by 0.000 >= min_delta = 0.0. New best score: 0.507
Metric val_auc_epoch improved by 0.000 >= min_delta = 0.0. New best score: 0.508
Metric val_auc_epoch improved by 0.000 >= min_delta = 0.0. New best score: 0.508
Metric val_auc_epoch improved by 0.000 >= min_delta = 0.0. New best score: 0.508
`Trainer.fit` stopped: `max_epochs=19` reached.
Restoring states from the checkpoint path at /home/eng/shilo_avital/yolo_lab/walk_to_paint/checkpoints/trial_108-epoch=18-val_auc_epoch=0.5076.ckpt
LOCAL_RANK: 0 - CUDA_VISIBLE_DEVICES: [3]
Loaded model weights from the checkpoint at /home/eng/shilo_avital/yolo_lab/walk_to_paint/checkpoints/trial_108-epoch=18-val_auc_epoch=0.5076.ckpt
/home/eng/shilo_avital/yolo_lab/walk_to_paint/.venv/lib64/python3.9/site-packages/pytorch_lightning/trainer/connectors/data_connector.py:425: The 'val_dataloader' does not have many workers which may be a bottleneck. Consider increasing the value of the `num_workers` argument` to `num_workers=127` in the `DataLoader` to improve performance.
────────────────────────────────────────────────────────────────────────────────────────────────────────────────────────
     Validate metric           DataLoader 0
────────────────────────────────────────────────────────────────────────────────────────────────────────────────────────
      val_acc_epoch         0.5032910108566284
      val_auc_epoch         0.5076380968093872
      val_f1_epoch          0.49827444553375244
        val_loss            0.6931077837944031
────────────────────────────────────────────────────────────────────────────────────────────────────────────────────────
✅ Trial 108 completed - Val AUC: 0.5076
[I 2025-08-22 07:13:14,994] Trial 108 finished with value: -0.5076380968093872 and parameters: {'dataset.max_walk_length': 22, 'dataset.num_walks': 170320, 'training.lr': 2.4953078051908185e-05, 'training.weight_decay': 0.03890423199671173, 'training.batch_size': 32, 'training.gradient_clip_val': 1.8906398916952343, 'training.early_stopping_patience': 8, 'model.nhead_emb_combo': 12, 'model.hidden_dim': 64, 'model.nlayers': 2, 'model.dropout': 0.5677396066643942, 'training.epochs': 19}. Best is trial 1 with value: -0.6377121806144714.
/home/eng/shilo_avital/yolo_lab/walk_to_paint/optuna_run.py:147: FutureWarning: suggest_loguniform has been deprecated in v3.0.0. This feature will be removed in v6.0.0. See https://github.com/optuna/optuna/releases/tag/v3.0.0. Use suggest_float(..., log=True) instead.
  cfg.training.lr = trial.suggest_loguniform("training.lr", 1e-5, 1e-1)
/home/eng/shilo_avital/yolo_lab/walk_to_paint/optuna_run.py:148: FutureWarning: suggest_loguniform has been deprecated in v3.0.0. This feature will be removed in v6.0.0. See https://github.com/optuna/optuna/releases/tag/v3.0.0. Use suggest_float(..., log=True) instead.
  cfg.training.weight_decay = trial.suggest_loguniform(

🔬 Trial 109 hyperparameters:
  Walk length: 30, Num walks: 114,092
  LR: 1.86e-05, Batch size: 128
  Model: emb_dim=64, hidden_dim=8
  Transformer: 2 layers, 2 heads
  Epochs: 15, Weighted loss: True
Loading bitcoin-alpha-binary dataset...
Success! ✅
Splitting edges for bitcoin-alpha-binary dataset...
Success! ✅
Sampling random walks from bitcoin-alpha-binary dataset...
Success! ✅
Building tokenizer for bitcoin-alpha-binary dataset...
Success! ✅
Padding and building stage tensors for bitcoin-alpha-binary dataset...
Success! ✅
Creating DataLoaders for bitcoin-alpha-binary dataset...
Success! ✅
GPU available: True (cuda), used: True
TPU available: False, using: 0 TPU cores
HPU available: False, using: 0 HPUs
/home/eng/shilo_avital/yolo_lab/walk_to_paint/.venv/lib64/python3.9/site-packages/pytorch_lightning/callbacks/model_checkpoint.py:658: Checkpoint directory /home/eng/shilo_avital/yolo_lab/walk_to_paint/checkpoints exists and is not empty.
LOCAL_RANK: 0 - CUDA_VISIBLE_DEVICES: [3]
/home/eng/shilo_avital/yolo_lab/walk_to_paint/.venv/lib64/python3.9/site-packages/pytorch_lightning/trainer/connectors/data_connector.py:425: The 'val_dataloader' does not have many workers which may be a bottleneck. Consider increasing the value of the `num_workers` argument` to `num_workers=127` in the `DataLoader` to improve performance.
/home/eng/shilo_avital/yolo_lab/walk_to_paint/.venv/lib64/python3.9/site-packages/pytorch_lightning/trainer/connectors/data_connector.py:425: The 'train_dataloader' does not have many workers which may be a bottleneck. Consider increasing the value of the `num_workers` argument` to `num_workers=127` in the `DataLoader` to improve performance.
Metric val_auc_epoch improved. New best score: 0.527
Metric val_auc_epoch improved by 0.010 >= min_delta = 0.0. New best score: 0.537
Metric val_auc_epoch improved by 0.007 >= min_delta = 0.0. New best score: 0.544
Metric val_auc_epoch improved by 0.005 >= min_delta = 0.0. New best score: 0.549
Metric val_auc_epoch improved by 0.003 >= min_delta = 0.0. New best score: 0.552
Metric val_auc_epoch improved by 0.002 >= min_delta = 0.0. New best score: 0.553
Metric val_auc_epoch improved by 0.001 >= min_delta = 0.0. New best score: 0.554
Metric val_auc_epoch improved by 0.000 >= min_delta = 0.0. New best score: 0.555
Metric val_auc_epoch improved by 0.000 >= min_delta = 0.0. New best score: 0.555
Monitored metric val_auc_epoch did not improve in the last 5 records. Best score: 0.555. Signaling Trainer to stop.
Restoring states from the checkpoint path at /home/eng/shilo_avital/yolo_lab/walk_to_paint/checkpoints/trial_109-epoch=08-val_auc_epoch=0.5552.ckpt
LOCAL_RANK: 0 - CUDA_VISIBLE_DEVICES: [3]
Loaded model weights from the checkpoint at /home/eng/shilo_avital/yolo_lab/walk_to_paint/checkpoints/trial_109-epoch=08-val_auc_epoch=0.5552.ckpt
/home/eng/shilo_avital/yolo_lab/walk_to_paint/.venv/lib64/python3.9/site-packages/pytorch_lightning/trainer/connectors/data_connector.py:425: The 'val_dataloader' does not have many workers which may be a bottleneck. Consider increasing the value of the `num_workers` argument` to `num_workers=127` in the `DataLoader` to improve performance.
────────────────────────────────────────────────────────────────────────────────────────────────────────────────────────
     Validate metric           DataLoader 0
────────────────────────────────────────────────────────────────────────────────────────────────────────────────────────
      val_acc_epoch         0.5388991236686707
      val_auc_epoch         0.5551524758338928
      val_f1_epoch          0.5382007360458374
        val_loss            0.6879982352256775
────────────────────────────────────────────────────────────────────────────────────────────────────────────────────────
✅ Trial 109 completed - Val AUC: 0.5552
