[I 2025-08-22 12:24:32,619] Trial 151 finished with value: -0.5827915668487549 and parameters: {'dataset.max_walk_length': 20, 'dataset.num_walks': 121407, 'training.lr': 2.9425265133926966e-05, 'training.weight_decay': 0.004757132118576101, 'training.batch_size': 64, 'training.gradient_clip_val': 1.768396659169011, 'training.early_stopping_patience': 5, 'model.nhead_emb_combo': 3, 'model.hidden_dim': 16, 'model.nlayers': 2, 'model.dropout': 0.5094641042560127, 'training.epochs': 29}. Best is trial 1 with value: -0.6377121806144714.
/home/eng/shilo_avital/yolo_lab/walk_to_paint/optuna_run.py:147: FutureWarning: suggest_loguniform has been deprecated in v3.0.0. This feature will be removed in v6.0.0. See https://github.com/optuna/optuna/releases/tag/v3.0.0. Use suggest_float(..., log=True) instead.
  cfg.training.lr = trial.suggest_loguniform("training.lr", 1e-5, 1e-1)
/home/eng/shilo_avital/yolo_lab/walk_to_paint/optuna_run.py:148: FutureWarning: suggest_loguniform has been deprecated in v3.0.0. This feature will be removed in v6.0.0. See https://github.com/optuna/optuna/releases/tag/v3.0.0. Use suggest_float(..., log=True) instead.
  cfg.training.weight_decay = trial.suggest_loguniform(

🔬 Trial 152 hyperparameters:
  Walk length: 20, Num walks: 119,600
  LR: 2.67e-05, Batch size: 64
  Model: emb_dim=64, hidden_dim=16
  Transformer: 2 layers, 1 heads
  Epochs: 29, Weighted loss: True
Loading bitcoin-alpha-binary dataset...
Success! ✅
Splitting edges for bitcoin-alpha-binary dataset...
Success! ✅
Sampling random walks from bitcoin-alpha-binary dataset...
Success! ✅
Building tokenizer for bitcoin-alpha-binary dataset...
Success! ✅
Padding and building stage tensors for bitcoin-alpha-binary dataset...
Success! ✅
Creating DataLoaders for bitcoin-alpha-binary dataset...
Success! ✅
/home/eng/shilo_avital/yolo_lab/walk_to_paint/.venv/lib64/python3.9/site-packages/torch/nn/modules/transformer.py:382: UserWarning: enable_nested_tensor is True, but self.use_nested_tensor is False because encoder_layer.self_attn.num_heads is odd
  warnings.warn(
GPU available: True (cuda), used: True
TPU available: False, using: 0 TPU cores
HPU available: False, using: 0 HPUs
/home/eng/shilo_avital/yolo_lab/walk_to_paint/.venv/lib64/python3.9/site-packages/pytorch_lightning/callbacks/model_checkpoint.py:658: Checkpoint directory /home/eng/shilo_avital/yolo_lab/walk_to_paint/checkpoints exists and is not empty.
LOCAL_RANK: 0 - CUDA_VISIBLE_DEVICES: [3]
/home/eng/shilo_avital/yolo_lab/walk_to_paint/.venv/lib64/python3.9/site-packages/pytorch_lightning/trainer/connectors/data_connector.py:425: The 'val_dataloader' does not have many workers which may be a bottleneck. Consider increasing the value of the `num_workers` argument` to `num_workers=127` in the `DataLoader` to improve performance.
/home/eng/shilo_avital/yolo_lab/walk_to_paint/.venv/lib64/python3.9/site-packages/pytorch_lightning/trainer/connectors/data_connector.py:425: The 'train_dataloader' does not have many workers which may be a bottleneck. Consider increasing the value of the `num_workers` argument` to `num_workers=127` in the `DataLoader` to improve performance.
Metric val_auc_epoch improved. New best score: 0.540
Metric val_auc_epoch improved by 0.012 >= min_delta = 0.0. New best score: 0.552
Metric val_auc_epoch improved by 0.006 >= min_delta = 0.0. New best score: 0.558
Metric val_auc_epoch improved by 0.001 >= min_delta = 0.0. New best score: 0.560
Metric val_auc_epoch improved by 0.000 >= min_delta = 0.0. New best score: 0.560
Metric val_auc_epoch improved by 0.000 >= min_delta = 0.0. New best score: 0.560
Metric val_auc_epoch improved by 0.001 >= min_delta = 0.0. New best score: 0.561
Metric val_auc_epoch improved by 0.003 >= min_delta = 0.0. New best score: 0.564
Metric val_auc_epoch improved by 0.001 >= min_delta = 0.0. New best score: 0.565
Metric val_auc_epoch improved by 0.001 >= min_delta = 0.0. New best score: 0.566
Metric val_auc_epoch improved by 0.001 >= min_delta = 0.0. New best score: 0.567
Metric val_auc_epoch improved by 0.001 >= min_delta = 0.0. New best score: 0.568
Metric val_auc_epoch improved by 0.001 >= min_delta = 0.0. New best score: 0.569
Metric val_auc_epoch improved by 0.000 >= min_delta = 0.0. New best score: 0.569
Metric val_auc_epoch improved by 0.001 >= min_delta = 0.0. New best score: 0.570
Metric val_auc_epoch improved by 0.000 >= min_delta = 0.0. New best score: 0.570
Metric val_auc_epoch improved by 0.000 >= min_delta = 0.0. New best score: 0.570
Metric val_auc_epoch improved by 0.000 >= min_delta = 0.0. New best score: 0.571
Metric val_auc_epoch improved by 0.000 >= min_delta = 0.0. New best score: 0.571
`Trainer.fit` stopped: `max_epochs=29` reached.
Restoring states from the checkpoint path at /home/eng/shilo_avital/yolo_lab/walk_to_paint/checkpoints/trial_152-epoch=22-val_auc_epoch=0.5709.ckpt
LOCAL_RANK: 0 - CUDA_VISIBLE_DEVICES: [3]
Loaded model weights from the checkpoint at /home/eng/shilo_avital/yolo_lab/walk_to_paint/checkpoints/trial_152-epoch=22-val_auc_epoch=0.5709.ckpt
/home/eng/shilo_avital/yolo_lab/walk_to_paint/.venv/lib64/python3.9/site-packages/pytorch_lightning/trainer/connectors/data_connector.py:425: The 'val_dataloader' does not have many workers which may be a bottleneck. Consider increasing the value of the `num_workers` argument` to `num_workers=127` in the `DataLoader` to improve performance.
────────────────────────────────────────────────────────────────────────────────────────────────────────────────────────
     Validate metric           DataLoader 0
────────────────────────────────────────────────────────────────────────────────────────────────────────────────────────
      val_acc_epoch         0.5498756170272827
      val_auc_epoch         0.5708889961242676
      val_f1_epoch          0.5449210405349731
        val_loss            0.7029472589492798
────────────────────────────────────────────────────────────────────────────────────────────────────────────────────────
✅ Trial 152 completed - Val AUC: 0.5709
[I 2025-08-22 12:34:17,156] Trial 152 finished with value: -0.5708889961242676 and parameters: {'dataset.max_walk_length': 20, 'dataset.num_walks': 119600, 'training.lr': 2.6684081014629406e-05, 'training.weight_decay': 0.0009113196935510941, 'training.batch_size': 64, 'training.gradient_clip_val': 1.7874241821712753, 'training.early_stopping_patience': 15, 'model.nhead_emb_combo': 4, 'model.hidden_dim': 16, 'model.nlayers': 2, 'model.dropout': 0.496125208761508, 'training.epochs': 29}. Best is trial 1 with value: -0.6377121806144714.
/home/eng/shilo_avital/yolo_lab/walk_to_paint/optuna_run.py:147: FutureWarning: suggest_loguniform has been deprecated in v3.0.0. This feature will be removed in v6.0.0. See https://github.com/optuna/optuna/releases/tag/v3.0.0. Use suggest_float(..., log=True) instead.
  cfg.training.lr = trial.suggest_loguniform("training.lr", 1e-5, 1e-1)
/home/eng/shilo_avital/yolo_lab/walk_to_paint/optuna_run.py:148: FutureWarning: suggest_loguniform has been deprecated in v3.0.0. This feature will be removed in v6.0.0. See https://github.com/optuna/optuna/releases/tag/v3.0.0. Use suggest_float(..., log=True) instead.
  cfg.training.weight_decay = trial.suggest_loguniform(

🔬 Trial 153 hyperparameters:
  Walk length: 24, Num walks: 113,244
  LR: 2.04e-05, Batch size: 64
  Model: emb_dim=64, hidden_dim=16
  Transformer: 2 layers, 1 heads
  Epochs: 29, Weighted loss: True
Loading bitcoin-alpha-binary dataset...
Success! ✅
Splitting edges for bitcoin-alpha-binary dataset...
Success! ✅
Sampling random walks from bitcoin-alpha-binary dataset...
Success! ✅
Building tokenizer for bitcoin-alpha-binary dataset...
Success! ✅
Padding and building stage tensors for bitcoin-alpha-binary dataset...
Success! ✅
Creating DataLoaders for bitcoin-alpha-binary dataset...
Success! ✅
/home/eng/shilo_avital/yolo_lab/walk_to_paint/.venv/lib64/python3.9/site-packages/torch/nn/modules/transformer.py:382: UserWarning: enable_nested_tensor is True, but self.use_nested_tensor is False because encoder_layer.self_attn.num_heads is odd
  warnings.warn(
GPU available: True (cuda), used: True
TPU available: False, using: 0 TPU cores
HPU available: False, using: 0 HPUs
/home/eng/shilo_avital/yolo_lab/walk_to_paint/.venv/lib64/python3.9/site-packages/pytorch_lightning/callbacks/model_checkpoint.py:658: Checkpoint directory /home/eng/shilo_avital/yolo_lab/walk_to_paint/checkpoints exists and is not empty.
LOCAL_RANK: 0 - CUDA_VISIBLE_DEVICES: [3]
/home/eng/shilo_avital/yolo_lab/walk_to_paint/.venv/lib64/python3.9/site-packages/pytorch_lightning/trainer/connectors/data_connector.py:425: The 'val_dataloader' does not have many workers which may be a bottleneck. Consider increasing the value of the `num_workers` argument` to `num_workers=127` in the `DataLoader` to improve performance.
/home/eng/shilo_avital/yolo_lab/walk_to_paint/.venv/lib64/python3.9/site-packages/pytorch_lightning/trainer/connectors/data_connector.py:425: The 'train_dataloader' does not have many workers which may be a bottleneck. Consider increasing the value of the `num_workers` argument` to `num_workers=127` in the `DataLoader` to improve performance.
Metric val_auc_epoch improved. New best score: 0.542
Metric val_auc_epoch improved by 0.016 >= min_delta = 0.0. New best score: 0.558
Metric val_auc_epoch improved by 0.005 >= min_delta = 0.0. New best score: 0.562
Metric val_auc_epoch improved by 0.001 >= min_delta = 0.0. New best score: 0.564
Metric val_auc_epoch improved by 0.000 >= min_delta = 0.0. New best score: 0.564
Metric val_auc_epoch improved by 0.001 >= min_delta = 0.0. New best score: 0.564
Metric val_auc_epoch improved by 0.000 >= min_delta = 0.0. New best score: 0.565
Metric val_auc_epoch improved by 0.000 >= min_delta = 0.0. New best score: 0.565
Metric val_auc_epoch improved by 0.001 >= min_delta = 0.0. New best score: 0.566
Metric val_auc_epoch improved by 0.001 >= min_delta = 0.0. New best score: 0.567
Metric val_auc_epoch improved by 0.000 >= min_delta = 0.0. New best score: 0.567
Metric val_auc_epoch improved by 0.002 >= min_delta = 0.0. New best score: 0.569
Metric val_auc_epoch improved by 0.001 >= min_delta = 0.0. New best score: 0.569
Metric val_auc_epoch improved by 0.001 >= min_delta = 0.0. New best score: 0.570
Metric val_auc_epoch improved by 0.001 >= min_delta = 0.0. New best score: 0.571
Metric val_auc_epoch improved by 0.001 >= min_delta = 0.0. New best score: 0.572
Metric val_auc_epoch improved by 0.000 >= min_delta = 0.0. New best score: 0.572
Metric val_auc_epoch improved by 0.001 >= min_delta = 0.0. New best score: 0.572
Metric val_auc_epoch improved by 0.000 >= min_delta = 0.0. New best score: 0.573
Metric val_auc_epoch improved by 0.000 >= min_delta = 0.0. New best score: 0.573
Metric val_auc_epoch improved by 0.000 >= min_delta = 0.0. New best score: 0.573
Metric val_auc_epoch improved by 0.000 >= min_delta = 0.0. New best score: 0.573
Metric val_auc_epoch improved by 0.000 >= min_delta = 0.0. New best score: 0.573
Metric val_auc_epoch improved by 0.000 >= min_delta = 0.0. New best score: 0.573
Metric val_auc_epoch improved by 0.000 >= min_delta = 0.0. New best score: 0.573
Metric val_auc_epoch improved by 0.000 >= min_delta = 0.0. New best score: 0.573
Metric val_auc_epoch improved by 0.000 >= min_delta = 0.0. New best score: 0.573
`Trainer.fit` stopped: `max_epochs=29` reached.
Restoring states from the checkpoint path at /home/eng/shilo_avital/yolo_lab/walk_to_paint/checkpoints/trial_153-epoch=28-val_auc_epoch=0.5734.ckpt
LOCAL_RANK: 0 - CUDA_VISIBLE_DEVICES: [3]
Loaded model weights from the checkpoint at /home/eng/shilo_avital/yolo_lab/walk_to_paint/checkpoints/trial_153-epoch=28-val_auc_epoch=0.5734.ckpt
/home/eng/shilo_avital/yolo_lab/walk_to_paint/.venv/lib64/python3.9/site-packages/pytorch_lightning/trainer/connectors/data_connector.py:425: The 'val_dataloader' does not have many workers which may be a bottleneck. Consider increasing the value of the `num_workers` argument` to `num_workers=127` in the `DataLoader` to improve performance.
────────────────────────────────────────────────────────────────────────────────────────────────────────────────────────
     Validate metric           DataLoader 0
────────────────────────────────────────────────────────────────────────────────────────────────────────────────────────
      val_acc_epoch         0.5508056282997131
      val_auc_epoch         0.5734379291534424
      val_f1_epoch           0.550286591053009
        val_loss            0.6878718733787537
────────────────────────────────────────────────────────────────────────────────────────────────────────────────────────
✅ Trial 153 completed - Val AUC: 0.5734
[I 2025-08-22 12:43:40,513] Trial 153 finished with value: -0.5734379291534424 and parameters: {'dataset.max_walk_length': 24, 'dataset.num_walks': 113244, 'training.lr': 2.0414271971096084e-05, 'training.weight_decay': 0.0010138486224175681, 'training.batch_size': 64, 'training.gradient_clip_val': 1.7996772874725009, 'training.early_stopping_patience': 14, 'model.nhead_emb_combo': 4, 'model.hidden_dim': 16, 'model.nlayers': 2, 'model.dropout': 0.502853990281247, 'training.epochs': 29}. Best is trial 1 with value: -0.6377121806144714.
/home/eng/shilo_avital/yolo_lab/walk_to_paint/optuna_run.py:147: FutureWarning: suggest_loguniform has been deprecated in v3.0.0. This feature will be removed in v6.0.0. See https://github.com/optuna/optuna/releases/tag/v3.0.0. Use suggest_float(..., log=True) instead.
  cfg.training.lr = trial.suggest_loguniform("training.lr", 1e-5, 1e-1)
/home/eng/shilo_avital/yolo_lab/walk_to_paint/optuna_run.py:148: FutureWarning: suggest_loguniform has been deprecated in v3.0.0. This feature will be removed in v6.0.0. See https://github.com/optuna/optuna/releases/tag/v3.0.0. Use suggest_float(..., log=True) instead.
  cfg.training.weight_decay = trial.suggest_loguniform(

🔬 Trial 154 hyperparameters:
  Walk length: 25, Num walks: 107,637
  LR: 2.54e-05, Batch size: 64
  Model: emb_dim=64, hidden_dim=16
  Transformer: 2 layers, 1 heads
  Epochs: 28, Weighted loss: True
Loading bitcoin-alpha-binary dataset...
Success! ✅
Splitting edges for bitcoin-alpha-binary dataset...
Success! ✅
Sampling random walks from bitcoin-alpha-binary dataset...
Success! ✅
Building tokenizer for bitcoin-alpha-binary dataset...
Success! ✅
Padding and building stage tensors for bitcoin-alpha-binary dataset...
Success! ✅
Creating DataLoaders for bitcoin-alpha-binary dataset...
Success! ✅
/home/eng/shilo_avital/yolo_lab/walk_to_paint/.venv/lib64/python3.9/site-packages/torch/nn/modules/transformer.py:382: UserWarning: enable_nested_tensor is True, but self.use_nested_tensor is False because encoder_layer.self_attn.num_heads is odd
  warnings.warn(
GPU available: True (cuda), used: True
TPU available: False, using: 0 TPU cores
HPU available: False, using: 0 HPUs
/home/eng/shilo_avital/yolo_lab/walk_to_paint/.venv/lib64/python3.9/site-packages/pytorch_lightning/callbacks/model_checkpoint.py:658: Checkpoint directory /home/eng/shilo_avital/yolo_lab/walk_to_paint/checkpoints exists and is not empty.
LOCAL_RANK: 0 - CUDA_VISIBLE_DEVICES: [3]
/home/eng/shilo_avital/yolo_lab/walk_to_paint/.venv/lib64/python3.9/site-packages/pytorch_lightning/trainer/connectors/data_connector.py:425: The 'val_dataloader' does not have many workers which may be a bottleneck. Consider increasing the value of the `num_workers` argument` to `num_workers=127` in the `DataLoader` to improve performance.
/home/eng/shilo_avital/yolo_lab/walk_to_paint/.venv/lib64/python3.9/site-packages/pytorch_lightning/trainer/connectors/data_connector.py:425: The 'train_dataloader' does not have many workers which may be a bottleneck. Consider increasing the value of the `num_workers` argument` to `num_workers=127` in the `DataLoader` to improve performance.
Metric val_auc_epoch improved. New best score: 0.541
Metric val_auc_epoch improved by 0.017 >= min_delta = 0.0. New best score: 0.558
Metric val_auc_epoch improved by 0.003 >= min_delta = 0.0. New best score: 0.561
Metric val_auc_epoch improved by 0.001 >= min_delta = 0.0. New best score: 0.562
Metric val_auc_epoch improved by 0.001 >= min_delta = 0.0. New best score: 0.563
Metric val_auc_epoch improved by 0.001 >= min_delta = 0.0. New best score: 0.564
Metric val_auc_epoch improved by 0.000 >= min_delta = 0.0. New best score: 0.564
Metric val_auc_epoch improved by 0.001 >= min_delta = 0.0. New best score: 0.565
Metric val_auc_epoch improved by 0.000 >= min_delta = 0.0. New best score: 0.565
Metric val_auc_epoch improved by 0.001 >= min_delta = 0.0. New best score: 0.566
Metric val_auc_epoch improved by 0.000 >= min_delta = 0.0. New best score: 0.566
Metric val_auc_epoch improved by 0.000 >= min_delta = 0.0. New best score: 0.567
Metric val_auc_epoch improved by 0.000 >= min_delta = 0.0. New best score: 0.567
Metric val_auc_epoch improved by 0.000 >= min_delta = 0.0. New best score: 0.567
Metric val_auc_epoch improved by 0.000 >= min_delta = 0.0. New best score: 0.568
Metric val_auc_epoch improved by 0.000 >= min_delta = 0.0. New best score: 0.568
Metric val_auc_epoch improved by 0.000 >= min_delta = 0.0. New best score: 0.568
Metric val_auc_epoch improved by 0.000 >= min_delta = 0.0. New best score: 0.568
Metric val_auc_epoch improved by 0.000 >= min_delta = 0.0. New best score: 0.569
Metric val_auc_epoch improved by 0.000 >= min_delta = 0.0. New best score: 0.569
Metric val_auc_epoch improved by 0.000 >= min_delta = 0.0. New best score: 0.569
Metric val_auc_epoch improved by 0.000 >= min_delta = 0.0. New best score: 0.569
Metric val_auc_epoch improved by 0.000 >= min_delta = 0.0. New best score: 0.569
Metric val_auc_epoch improved by 0.000 >= min_delta = 0.0. New best score: 0.569
`Trainer.fit` stopped: `max_epochs=28` reached.
Restoring states from the checkpoint path at /home/eng/shilo_avital/yolo_lab/walk_to_paint/checkpoints/trial_154-epoch=27-val_auc_epoch=0.5689.ckpt
LOCAL_RANK: 0 - CUDA_VISIBLE_DEVICES: [3]
Loaded model weights from the checkpoint at /home/eng/shilo_avital/yolo_lab/walk_to_paint/checkpoints/trial_154-epoch=27-val_auc_epoch=0.5689.ckpt
/home/eng/shilo_avital/yolo_lab/walk_to_paint/.venv/lib64/python3.9/site-packages/pytorch_lightning/trainer/connectors/data_connector.py:425: The 'val_dataloader' does not have many workers which may be a bottleneck. Consider increasing the value of the `num_workers` argument` to `num_workers=127` in the `DataLoader` to improve performance.
────────────────────────────────────────────────────────────────────────────────────────────────────────────────────────
     Validate metric           DataLoader 0
────────────────────────────────────────────────────────────────────────────────────────────────────────────────────────
      val_acc_epoch          0.548516571521759
      val_auc_epoch          0.568897008895874
      val_f1_epoch          0.5468714237213135
        val_loss            0.6912164092063904
────────────────────────────────────────────────────────────────────────────────────────────────────────────────────────
✅ Trial 154 completed - Val AUC: 0.5689
