[I 2025-08-23 10:03:42,442] Trial 260 finished with value: -0.6357719898223877 and parameters: {'dataset.max_walk_length': 76, 'dataset.num_walks': 285411, 'training.lr': 0.0008813709137016976, 'training.weight_decay': 0.004255799883987906, 'training.batch_size': 64, 'training.gradient_clip_val': 0.45130353129194867, 'training.early_stopping_patience': 5, 'model.nhead_emb_combo': 19, 'model.hidden_dim': 16, 'model.nlayers': 5, 'model.dropout': 0.586627759873495, 'training.epochs': 24}. Best is trial 229 with value: -0.6563454866409302.
🧹 Cleaning up old checkpoints and logs (keeping top 10)...
  Removed old checkpoint: trial_250-epoch=08-val_auc_epoch=0.6241.ckpt
  Removed old checkpoint: trial_249-epoch=11-val_auc_epoch=0.6414.ckpt
  Removed old checkpoint: trial_248-epoch=12-val_auc_epoch=0.6063.ckpt
  Removed old checkpoint: trial_247-epoch=10-val_auc_epoch=0.6143.ckpt
  Removed old checkpoint: trial_246-epoch=08-val_auc_epoch=0.6330.ckpt
  Removed old log dir: trial_250
  Removed old log dir: trial_249
  Removed old log dir: trial_248
  Removed old log dir: trial_247
  Removed old log dir: trial_246
/home/eng/shilo_avital/yolo_lab/walk_to_paint/optuna_run.py:147: FutureWarning: suggest_loguniform has been deprecated in v3.0.0. This feature will be removed in v6.0.0. See https://github.com/optuna/optuna/releases/tag/v3.0.0. Use suggest_float(..., log=True) instead.
  cfg.training.lr = trial.suggest_loguniform("training.lr", 1e-5, 1e-1)
/home/eng/shilo_avital/yolo_lab/walk_to_paint/optuna_run.py:148: FutureWarning: suggest_loguniform has been deprecated in v3.0.0. This feature will be removed in v6.0.0. See https://github.com/optuna/optuna/releases/tag/v3.0.0. Use suggest_float(..., log=True) instead.
  cfg.training.weight_decay = trial.suggest_loguniform(

🔬 Trial 261 hyperparameters:
  Walk length: 77, Num walks: 292,067
  LR: 8.22e-04, Batch size: 64
  Model: emb_dim=16, hidden_dim=32
  Transformer: 5 layers, 8 heads
  Epochs: 24, Weighted loss: True
Loading bitcoin-alpha-binary dataset...
Success! ✅
Splitting edges for bitcoin-alpha-binary dataset...
Success! ✅
Sampling random walks from bitcoin-alpha-binary dataset...
Success! ✅
Building tokenizer for bitcoin-alpha-binary dataset...
Success! ✅
Padding and building stage tensors for bitcoin-alpha-binary dataset...
Success! ✅
Creating DataLoaders for bitcoin-alpha-binary dataset...
Success! ✅
GPU available: True (cuda), used: True
TPU available: False, using: 0 TPU cores
HPU available: False, using: 0 HPUs
/home/eng/shilo_avital/yolo_lab/walk_to_paint/.venv/lib64/python3.9/site-packages/pytorch_lightning/callbacks/model_checkpoint.py:658: Checkpoint directory /home/eng/shilo_avital/yolo_lab/walk_to_paint/checkpoints exists and is not empty.
LOCAL_RANK: 0 - CUDA_VISIBLE_DEVICES: [3]
/home/eng/shilo_avital/yolo_lab/walk_to_paint/.venv/lib64/python3.9/site-packages/pytorch_lightning/trainer/connectors/data_connector.py:425: The 'val_dataloader' does not have many workers which may be a bottleneck. Consider increasing the value of the `num_workers` argument` to `num_workers=127` in the `DataLoader` to improve performance.
/home/eng/shilo_avital/yolo_lab/walk_to_paint/.venv/lib64/python3.9/site-packages/pytorch_lightning/trainer/connectors/data_connector.py:425: The 'train_dataloader' does not have many workers which may be a bottleneck. Consider increasing the value of the `num_workers` argument` to `num_workers=127` in the `DataLoader` to improve performance.
Metric val_auc_epoch improved. New best score: 0.547
Metric val_auc_epoch improved by 0.001 >= min_delta = 0.0. New best score: 0.549
Metric val_auc_epoch improved by 0.012 >= min_delta = 0.0. New best score: 0.561
Metric val_auc_epoch improved by 0.010 >= min_delta = 0.0. New best score: 0.571
Metric val_auc_epoch improved by 0.009 >= min_delta = 0.0. New best score: 0.580
Metric val_auc_epoch improved by 0.007 >= min_delta = 0.0. New best score: 0.587
Metric val_auc_epoch improved by 0.004 >= min_delta = 0.0. New best score: 0.591
Metric val_auc_epoch improved by 0.003 >= min_delta = 0.0. New best score: 0.594
Metric val_auc_epoch improved by 0.003 >= min_delta = 0.0. New best score: 0.597
Metric val_auc_epoch improved by 0.001 >= min_delta = 0.0. New best score: 0.597
Metric val_auc_epoch improved by 0.004 >= min_delta = 0.0. New best score: 0.601
Metric val_auc_epoch improved by 0.002 >= min_delta = 0.0. New best score: 0.603
Metric val_auc_epoch improved by 0.002 >= min_delta = 0.0. New best score: 0.605
Metric val_auc_epoch improved by 0.001 >= min_delta = 0.0. New best score: 0.606
Metric val_auc_epoch improved by 0.001 >= min_delta = 0.0. New best score: 0.606
Metric val_auc_epoch improved by 0.000 >= min_delta = 0.0. New best score: 0.607
Metric val_auc_epoch improved by 0.000 >= min_delta = 0.0. New best score: 0.607
Metric val_auc_epoch improved by 0.000 >= min_delta = 0.0. New best score: 0.607
Metric val_auc_epoch improved by 0.001 >= min_delta = 0.0. New best score: 0.608
Metric val_auc_epoch improved by 0.000 >= min_delta = 0.0. New best score: 0.608
`Trainer.fit` stopped: `max_epochs=24` reached.
Restoring states from the checkpoint path at /home/eng/shilo_avital/yolo_lab/walk_to_paint/checkpoints/trial_261-epoch=21-val_auc_epoch=0.6079.ckpt
LOCAL_RANK: 0 - CUDA_VISIBLE_DEVICES: [3]
Loaded model weights from the checkpoint at /home/eng/shilo_avital/yolo_lab/walk_to_paint/checkpoints/trial_261-epoch=21-val_auc_epoch=0.6079.ckpt
/home/eng/shilo_avital/yolo_lab/walk_to_paint/.venv/lib64/python3.9/site-packages/pytorch_lightning/trainer/connectors/data_connector.py:425: The 'val_dataloader' does not have many workers which may be a bottleneck. Consider increasing the value of the `num_workers` argument` to `num_workers=127` in the `DataLoader` to improve performance.
────────────────────────────────────────────────────────────────────────────────────────────────────────────────────────
     Validate metric           DataLoader 0
────────────────────────────────────────────────────────────────────────────────────────────────────────────────────────
      val_acc_epoch         0.5733716487884521
      val_auc_epoch         0.6078855395317078
      val_f1_epoch          0.5720635652542114
        val_loss             0.813228189945221
────────────────────────────────────────────────────────────────────────────────────────────────────────────────────────
✅ Trial 261 completed - Val AUC: 0.6079
[I 2025-08-23 10:39:04,124] Trial 261 finished with value: -0.6078855395317078 and parameters: {'dataset.max_walk_length': 77, 'dataset.num_walks': 292067, 'training.lr': 0.0008220311802095209, 'training.weight_decay': 0.0043898050961252, 'training.batch_size': 64, 'training.gradient_clip_val': 0.4533462358913971, 'training.early_stopping_patience': 5, 'model.nhead_emb_combo': 19, 'model.hidden_dim': 32, 'model.nlayers': 5, 'model.dropout': 0.58582440453665, 'training.epochs': 24}. Best is trial 229 with value: -0.6563454866409302.
/home/eng/shilo_avital/yolo_lab/walk_to_paint/optuna_run.py:147: FutureWarning: suggest_loguniform has been deprecated in v3.0.0. This feature will be removed in v6.0.0. See https://github.com/optuna/optuna/releases/tag/v3.0.0. Use suggest_float(..., log=True) instead.
  cfg.training.lr = trial.suggest_loguniform("training.lr", 1e-5, 1e-1)
/home/eng/shilo_avital/yolo_lab/walk_to_paint/optuna_run.py:148: FutureWarning: suggest_loguniform has been deprecated in v3.0.0. This feature will be removed in v6.0.0. See https://github.com/optuna/optuna/releases/tag/v3.0.0. Use suggest_float(..., log=True) instead.
  cfg.training.weight_decay = trial.suggest_loguniform(

🔬 Trial 262 hyperparameters:
  Walk length: 83, Num walks: 348,236
  LR: 6.75e-04, Batch size: 64
  Model: emb_dim=32, hidden_dim=16
  Transformer: 5 layers, 8 heads
  Epochs: 24, Weighted loss: True
Loading bitcoin-alpha-binary dataset...
Success! ✅
Splitting edges for bitcoin-alpha-binary dataset...
Success! ✅
Sampling random walks from bitcoin-alpha-binary dataset...
Success! ✅
Building tokenizer for bitcoin-alpha-binary dataset...
Success! ✅
Padding and building stage tensors for bitcoin-alpha-binary dataset...
Success! ✅
Creating DataLoaders for bitcoin-alpha-binary dataset...
Success! ✅
GPU available: True (cuda), used: True
TPU available: False, using: 0 TPU cores
HPU available: False, using: 0 HPUs
/home/eng/shilo_avital/yolo_lab/walk_to_paint/.venv/lib64/python3.9/site-packages/pytorch_lightning/callbacks/model_checkpoint.py:658: Checkpoint directory /home/eng/shilo_avital/yolo_lab/walk_to_paint/checkpoints exists and is not empty.
LOCAL_RANK: 0 - CUDA_VISIBLE_DEVICES: [3]
/home/eng/shilo_avital/yolo_lab/walk_to_paint/.venv/lib64/python3.9/site-packages/pytorch_lightning/trainer/connectors/data_connector.py:425: The 'val_dataloader' does not have many workers which may be a bottleneck. Consider increasing the value of the `num_workers` argument` to `num_workers=127` in the `DataLoader` to improve performance.
/home/eng/shilo_avital/yolo_lab/walk_to_paint/.venv/lib64/python3.9/site-packages/pytorch_lightning/trainer/connectors/data_connector.py:425: The 'train_dataloader' does not have many workers which may be a bottleneck. Consider increasing the value of the `num_workers` argument` to `num_workers=127` in the `DataLoader` to improve performance.
Metric val_auc_epoch improved. New best score: 0.530
Metric val_auc_epoch improved by 0.005 >= min_delta = 0.0. New best score: 0.535
Metric val_auc_epoch improved by 0.027 >= min_delta = 0.0. New best score: 0.562
Metric val_auc_epoch improved by 0.024 >= min_delta = 0.0. New best score: 0.586
Metric val_auc_epoch improved by 0.012 >= min_delta = 0.0. New best score: 0.597
Metric val_auc_epoch improved by 0.008 >= min_delta = 0.0. New best score: 0.605
Metric val_auc_epoch improved by 0.003 >= min_delta = 0.0. New best score: 0.608
Metric val_auc_epoch improved by 0.002 >= min_delta = 0.0. New best score: 0.609
Monitored metric val_auc_epoch did not improve in the last 5 records. Best score: 0.609. Signaling Trainer to stop.
Restoring states from the checkpoint path at /home/eng/shilo_avital/yolo_lab/walk_to_paint/checkpoints/trial_262-epoch=07-val_auc_epoch=0.6094.ckpt
LOCAL_RANK: 0 - CUDA_VISIBLE_DEVICES: [3]
Loaded model weights from the checkpoint at /home/eng/shilo_avital/yolo_lab/walk_to_paint/checkpoints/trial_262-epoch=07-val_auc_epoch=0.6094.ckpt
/home/eng/shilo_avital/yolo_lab/walk_to_paint/.venv/lib64/python3.9/site-packages/pytorch_lightning/trainer/connectors/data_connector.py:425: The 'val_dataloader' does not have many workers which may be a bottleneck. Consider increasing the value of the `num_workers` argument` to `num_workers=127` in the `DataLoader` to improve performance.
────────────────────────────────────────────────────────────────────────────────────────────────────────────────────────
     Validate metric           DataLoader 0
────────────────────────────────────────────────────────────────────────────────────────────────────────────────────────
      val_acc_epoch         0.5802510976791382
      val_auc_epoch         0.6094015836715698
      val_f1_epoch          0.5776163339614868
        val_loss            1.1696990728378296
────────────────────────────────────────────────────────────────────────────────────────────────────────────────────────
✅ Trial 262 completed - Val AUC: 0.6094
[I 2025-08-23 10:59:30,440] Trial 262 finished with value: -0.6094015836715698 and parameters: {'dataset.max_walk_length': 83, 'dataset.num_walks': 348236, 'training.lr': 0.0006753889056488401, 'training.weight_decay': 0.006635919806403367, 'training.batch_size': 64, 'training.gradient_clip_val': 0.4023856926592315, 'training.early_stopping_patience': 5, 'model.nhead_emb_combo': 20, 'model.hidden_dim': 16, 'model.nlayers': 5, 'model.dropout': 0.6355412572449796, 'training.epochs': 24}. Best is trial 229 with value: -0.6563454866409302.
/home/eng/shilo_avital/yolo_lab/walk_to_paint/optuna_run.py:147: FutureWarning: suggest_loguniform has been deprecated in v3.0.0. This feature will be removed in v6.0.0. See https://github.com/optuna/optuna/releases/tag/v3.0.0. Use suggest_float(..., log=True) instead.
  cfg.training.lr = trial.suggest_loguniform("training.lr", 1e-5, 1e-1)
/home/eng/shilo_avital/yolo_lab/walk_to_paint/optuna_run.py:148: FutureWarning: suggest_loguniform has been deprecated in v3.0.0. This feature will be removed in v6.0.0. See https://github.com/optuna/optuna/releases/tag/v3.0.0. Use suggest_float(..., log=True) instead.
  cfg.training.weight_decay = trial.suggest_loguniform(

🔬 Trial 263 hyperparameters:
  Walk length: 76, Num walks: 244,559
  LR: 1.36e-03, Batch size: 64
  Model: emb_dim=16, hidden_dim=16
  Transformer: 5 layers, 8 heads
  Epochs: 22, Weighted loss: True
Loading bitcoin-alpha-binary dataset...
Success! ✅
Splitting edges for bitcoin-alpha-binary dataset...
Success! ✅
Sampling random walks from bitcoin-alpha-binary dataset...
Success! ✅
Building tokenizer for bitcoin-alpha-binary dataset...
Success! ✅
Padding and building stage tensors for bitcoin-alpha-binary dataset...
Success! ✅
Creating DataLoaders for bitcoin-alpha-binary dataset...
Success! ✅
GPU available: True (cuda), used: True
TPU available: False, using: 0 TPU cores
HPU available: False, using: 0 HPUs
/home/eng/shilo_avital/yolo_lab/walk_to_paint/.venv/lib64/python3.9/site-packages/pytorch_lightning/callbacks/model_checkpoint.py:658: Checkpoint directory /home/eng/shilo_avital/yolo_lab/walk_to_paint/checkpoints exists and is not empty.
LOCAL_RANK: 0 - CUDA_VISIBLE_DEVICES: [3]
/home/eng/shilo_avital/yolo_lab/walk_to_paint/.venv/lib64/python3.9/site-packages/pytorch_lightning/trainer/connectors/data_connector.py:425: The 'val_dataloader' does not have many workers which may be a bottleneck. Consider increasing the value of the `num_workers` argument` to `num_workers=127` in the `DataLoader` to improve performance.
/home/eng/shilo_avital/yolo_lab/walk_to_paint/.venv/lib64/python3.9/site-packages/pytorch_lightning/trainer/connectors/data_connector.py:425: The 'train_dataloader' does not have many workers which may be a bottleneck. Consider increasing the value of the `num_workers` argument` to `num_workers=127` in the `DataLoader` to improve performance.
Metric val_auc_epoch improved. New best score: 0.527
Metric val_auc_epoch improved by 0.001 >= min_delta = 0.0. New best score: 0.528
Metric val_auc_epoch improved by 0.013 >= min_delta = 0.0. New best score: 0.541
Metric val_auc_epoch improved by 0.011 >= min_delta = 0.0. New best score: 0.552
Metric val_auc_epoch improved by 0.011 >= min_delta = 0.0. New best score: 0.563
Metric val_auc_epoch improved by 0.010 >= min_delta = 0.0. New best score: 0.573
Metric val_auc_epoch improved by 0.013 >= min_delta = 0.0. New best score: 0.586
Metric val_auc_epoch improved by 0.007 >= min_delta = 0.0. New best score: 0.593
Metric val_auc_epoch improved by 0.006 >= min_delta = 0.0. New best score: 0.600
Metric val_auc_epoch improved by 0.009 >= min_delta = 0.0. New best score: 0.608
Metric val_auc_epoch improved by 0.003 >= min_delta = 0.0. New best score: 0.611
Metric val_auc_epoch improved by 0.001 >= min_delta = 0.0. New best score: 0.613
Metric val_auc_epoch improved by 0.003 >= min_delta = 0.0. New best score: 0.616
Metric val_auc_epoch improved by 0.000 >= min_delta = 0.0. New best score: 0.616
Metric val_auc_epoch improved by 0.003 >= min_delta = 0.0. New best score: 0.619
Metric val_auc_epoch improved by 0.000 >= min_delta = 0.0. New best score: 0.619
Metric val_auc_epoch improved by 0.002 >= min_delta = 0.0. New best score: 0.621
Metric val_auc_epoch improved by 0.001 >= min_delta = 0.0. New best score: 0.621
Metric val_auc_epoch improved by 0.001 >= min_delta = 0.0. New best score: 0.622
Metric val_auc_epoch improved by 0.000 >= min_delta = 0.0. New best score: 0.622
`Trainer.fit` stopped: `max_epochs=22` reached.
Restoring states from the checkpoint path at /home/eng/shilo_avital/yolo_lab/walk_to_paint/checkpoints/trial_263-epoch=21-val_auc_epoch=0.6222.ckpt
LOCAL_RANK: 0 - CUDA_VISIBLE_DEVICES: [3]
Loaded model weights from the checkpoint at /home/eng/shilo_avital/yolo_lab/walk_to_paint/checkpoints/trial_263-epoch=21-val_auc_epoch=0.6222.ckpt
/home/eng/shilo_avital/yolo_lab/walk_to_paint/.venv/lib64/python3.9/site-packages/pytorch_lightning/trainer/connectors/data_connector.py:425: The 'val_dataloader' does not have many workers which may be a bottleneck. Consider increasing the value of the `num_workers` argument` to `num_workers=127` in the `DataLoader` to improve performance.
────────────────────────────────────────────────────────────────────────────────────────────────────────────────────────
     Validate metric           DataLoader 0
────────────────────────────────────────────────────────────────────────────────────────────────────────────────────────
      val_acc_epoch         0.5910436511039734
      val_auc_epoch         0.6221911311149597
      val_f1_epoch          0.5871883034706116
        val_loss            0.9258955717086792
────────────────────────────────────────────────────────────────────────────────────────────────────────────────────────
✅ Trial 263 completed - Val AUC: 0.6222
