[I 2025-08-24 13:19:59,012] Trial 306 finished with value: -0.5842334628105164 and parameters: {'dataset.max_walk_length': 90, 'dataset.num_walks': 375589, 'training.lr': 0.0008616281625517306, 'training.weight_decay': 0.010316776378513906, 'training.batch_size': 64, 'training.gradient_clip_val': 0.24518462232473093, 'training.early_stopping_patience': 6, 'model.nhead_emb_combo': 22, 'model.hidden_dim': 16, 'model.nlayers': 5, 'model.dropout': 0.687756647788983, 'training.epochs': 24}. Best is trial 229 with value: -0.6563454866409302.
/home/eng/shilo_avital/yolo_lab/walk_to_paint/optuna_run.py:147: FutureWarning: suggest_loguniform has been deprecated in v3.0.0. This feature will be removed in v6.0.0. See https://github.com/optuna/optuna/releases/tag/v3.0.0. Use suggest_float(..., log=True) instead.
  cfg.training.lr = trial.suggest_loguniform("training.lr", 1e-5, 1e-1)
/home/eng/shilo_avital/yolo_lab/walk_to_paint/optuna_run.py:148: FutureWarning: suggest_loguniform has been deprecated in v3.0.0. This feature will be removed in v6.0.0. See https://github.com/optuna/optuna/releases/tag/v3.0.0. Use suggest_float(..., log=True) instead.
  cfg.training.weight_decay = trial.suggest_loguniform(

🔬 Trial 307 hyperparameters:
  Walk length: 84, Num walks: 434,251
  LR: 5.32e-04, Batch size: 64
  Model: emb_dim=16, hidden_dim=16
  Transformer: 5 layers, 16 heads
  Epochs: 25, Weighted loss: True
Loading bitcoin-alpha-binary dataset...
Success! ✅
Splitting edges for bitcoin-alpha-binary dataset...
Success! ✅
Sampling random walks from bitcoin-alpha-binary dataset...
Success! ✅
Building tokenizer for bitcoin-alpha-binary dataset...
Success! ✅
Padding and building stage tensors for bitcoin-alpha-binary dataset...
Success! ✅
Creating DataLoaders for bitcoin-alpha-binary dataset...
Success! ✅
GPU available: True (cuda), used: True
TPU available: False, using: 0 TPU cores
HPU available: False, using: 0 HPUs
/home/eng/shilo_avital/yolo_lab/walk_to_paint/.venv/lib64/python3.9/site-packages/pytorch_lightning/callbacks/model_checkpoint.py:658: Checkpoint directory /home/eng/shilo_avital/yolo_lab/walk_to_paint/checkpoints exists and is not empty.
LOCAL_RANK: 0 - CUDA_VISIBLE_DEVICES: [3]
/home/eng/shilo_avital/yolo_lab/walk_to_paint/.venv/lib64/python3.9/site-packages/pytorch_lightning/trainer/connectors/data_connector.py:425: The 'val_dataloader' does not have many workers which may be a bottleneck. Consider increasing the value of the `num_workers` argument` to `num_workers=127` in the `DataLoader` to improve performance.
/home/eng/shilo_avital/yolo_lab/walk_to_paint/.venv/lib64/python3.9/site-packages/pytorch_lightning/trainer/connectors/data_connector.py:425: The 'train_dataloader' does not have many workers which may be a bottleneck. Consider increasing the value of the `num_workers` argument` to `num_workers=127` in the `DataLoader` to improve performance.
Metric val_auc_epoch improved. New best score: 0.552
Metric val_auc_epoch improved by 0.004 >= min_delta = 0.0. New best score: 0.556
Metric val_auc_epoch improved by 0.001 >= min_delta = 0.0. New best score: 0.557
Metric val_auc_epoch improved by 0.010 >= min_delta = 0.0. New best score: 0.567
Metric val_auc_epoch improved by 0.007 >= min_delta = 0.0. New best score: 0.574
Metric val_auc_epoch improved by 0.006 >= min_delta = 0.0. New best score: 0.580
Metric val_auc_epoch improved by 0.005 >= min_delta = 0.0. New best score: 0.586
Metric val_auc_epoch improved by 0.005 >= min_delta = 0.0. New best score: 0.591
Metric val_auc_epoch improved by 0.005 >= min_delta = 0.0. New best score: 0.595
Metric val_auc_epoch improved by 0.001 >= min_delta = 0.0. New best score: 0.596
Metric val_auc_epoch improved by 0.001 >= min_delta = 0.0. New best score: 0.597
Metric val_auc_epoch improved by 0.002 >= min_delta = 0.0. New best score: 0.599
Metric val_auc_epoch improved by 0.004 >= min_delta = 0.0. New best score: 0.603
Metric val_auc_epoch improved by 0.001 >= min_delta = 0.0. New best score: 0.604
Metric val_auc_epoch improved by 0.001 >= min_delta = 0.0. New best score: 0.605
Metric val_auc_epoch improved by 0.000 >= min_delta = 0.0. New best score: 0.605
Metric val_auc_epoch improved by 0.001 >= min_delta = 0.0. New best score: 0.606
`Trainer.fit` stopped: `max_epochs=25` reached.
Restoring states from the checkpoint path at /home/eng/shilo_avital/yolo_lab/walk_to_paint/checkpoints/trial_307-epoch=21-val_auc_epoch=0.6062.ckpt
LOCAL_RANK: 0 - CUDA_VISIBLE_DEVICES: [3]
Loaded model weights from the checkpoint at /home/eng/shilo_avital/yolo_lab/walk_to_paint/checkpoints/trial_307-epoch=21-val_auc_epoch=0.6062.ckpt
/home/eng/shilo_avital/yolo_lab/walk_to_paint/.venv/lib64/python3.9/site-packages/pytorch_lightning/trainer/connectors/data_connector.py:425: The 'val_dataloader' does not have many workers which may be a bottleneck. Consider increasing the value of the `num_workers` argument` to `num_workers=127` in the `DataLoader` to improve performance.
────────────────────────────────────────────────────────────────────────────────────────────────────────────────────────
     Validate metric           DataLoader 0
────────────────────────────────────────────────────────────────────────────────────────────────────────────────────────
      val_acc_epoch         0.5730203986167908
      val_auc_epoch         0.6062078475952148
      val_f1_epoch          0.5721515417098999
        val_loss            0.7690922021865845
────────────────────────────────────────────────────────────────────────────────────────────────────────────────────────
✅ Trial 307 completed - Val AUC: 0.6062
[I 2025-08-24 15:01:40,365] Trial 307 finished with value: -0.6062078475952148 and parameters: {'dataset.max_walk_length': 84, 'dataset.num_walks': 434251, 'training.lr': 0.0005315622626060481, 'training.weight_decay': 0.019197269401462328, 'training.batch_size': 64, 'training.gradient_clip_val': 0.382492498161823, 'training.early_stopping_patience': 6, 'model.nhead_emb_combo': 23, 'model.hidden_dim': 16, 'model.nlayers': 5, 'model.dropout': 0.6646873529345392, 'training.epochs': 25}. Best is trial 229 with value: -0.6563454866409302.
/home/eng/shilo_avital/yolo_lab/walk_to_paint/optuna_run.py:147: FutureWarning: suggest_loguniform has been deprecated in v3.0.0. This feature will be removed in v6.0.0. See https://github.com/optuna/optuna/releases/tag/v3.0.0. Use suggest_float(..., log=True) instead.
  cfg.training.lr = trial.suggest_loguniform("training.lr", 1e-5, 1e-1)
/home/eng/shilo_avital/yolo_lab/walk_to_paint/optuna_run.py:148: FutureWarning: suggest_loguniform has been deprecated in v3.0.0. This feature will be removed in v6.0.0. See https://github.com/optuna/optuna/releases/tag/v3.0.0. Use suggest_float(..., log=True) instead.
  cfg.training.weight_decay = trial.suggest_loguniform(

🔬 Trial 308 hyperparameters:
  Walk length: 81, Num walks: 318,670
  LR: 8.96e-04, Batch size: 64
  Model: emb_dim=128, hidden_dim=16
  Transformer: 5 layers, 8 heads
  Epochs: 25, Weighted loss: True
Loading bitcoin-alpha-binary dataset...
Success! ✅
Splitting edges for bitcoin-alpha-binary dataset...
Success! ✅
Sampling random walks from bitcoin-alpha-binary dataset...
Success! ✅
Building tokenizer for bitcoin-alpha-binary dataset...
Success! ✅
Padding and building stage tensors for bitcoin-alpha-binary dataset...
Success! ✅
Creating DataLoaders for bitcoin-alpha-binary dataset...
Success! ✅
GPU available: True (cuda), used: True
TPU available: False, using: 0 TPU cores
HPU available: False, using: 0 HPUs
/home/eng/shilo_avital/yolo_lab/walk_to_paint/.venv/lib64/python3.9/site-packages/pytorch_lightning/callbacks/model_checkpoint.py:658: Checkpoint directory /home/eng/shilo_avital/yolo_lab/walk_to_paint/checkpoints exists and is not empty.
LOCAL_RANK: 0 - CUDA_VISIBLE_DEVICES: [3]
/home/eng/shilo_avital/yolo_lab/walk_to_paint/.venv/lib64/python3.9/site-packages/pytorch_lightning/trainer/connectors/data_connector.py:425: The 'val_dataloader' does not have many workers which may be a bottleneck. Consider increasing the value of the `num_workers` argument` to `num_workers=127` in the `DataLoader` to improve performance.
/home/eng/shilo_avital/yolo_lab/walk_to_paint/.venv/lib64/python3.9/site-packages/pytorch_lightning/trainer/connectors/data_connector.py:425: The 'train_dataloader' does not have many workers which may be a bottleneck. Consider increasing the value of the `num_workers` argument` to `num_workers=127` in the `DataLoader` to improve performance.
Metric val_auc_epoch improved. New best score: 0.529
Metric val_auc_epoch improved by 0.007 >= min_delta = 0.0. New best score: 0.536
Metric val_auc_epoch improved by 0.003 >= min_delta = 0.0. New best score: 0.539
Metric val_auc_epoch improved by 0.012 >= min_delta = 0.0. New best score: 0.551
Metric val_auc_epoch improved by 0.022 >= min_delta = 0.0. New best score: 0.573
Metric val_auc_epoch improved by 0.004 >= min_delta = 0.0. New best score: 0.577
Monitored metric val_auc_epoch did not improve in the last 6 records. Best score: 0.577. Signaling Trainer to stop.
Restoring states from the checkpoint path at /home/eng/shilo_avital/yolo_lab/walk_to_paint/checkpoints/trial_308-epoch=12-val_auc_epoch=0.5773.ckpt
LOCAL_RANK: 0 - CUDA_VISIBLE_DEVICES: [3]
Loaded model weights from the checkpoint at /home/eng/shilo_avital/yolo_lab/walk_to_paint/checkpoints/trial_308-epoch=12-val_auc_epoch=0.5773.ckpt
/home/eng/shilo_avital/yolo_lab/walk_to_paint/.venv/lib64/python3.9/site-packages/pytorch_lightning/trainer/connectors/data_connector.py:425: The 'val_dataloader' does not have many workers which may be a bottleneck. Consider increasing the value of the `num_workers` argument` to `num_workers=127` in the `DataLoader` to improve performance.
