[I 2025-08-22 11:27:45,937] Trial 144 finished with value: 0.0 and parameters: {'dataset.max_walk_length': 98, 'dataset.num_walks': 182407, 'training.lr': 0.000849619789489911, 'training.weight_decay': 0.010977592603015052, 'training.batch_size': 512, 'training.gradient_clip_val': 1.782239889856592, 'training.early_stopping_patience': 5, 'model.nhead_emb_combo': 15, 'model.hidden_dim': 8, 'model.nlayers': 2, 'model.dropout': 0.5388144089373939, 'training.epochs': 28}. Best is trial 1 with value: -0.6377121806144714.
/home/eng/shilo_avital/yolo_lab/walk_to_paint/optuna_run.py:147: FutureWarning: suggest_loguniform has been deprecated in v3.0.0. This feature will be removed in v6.0.0. See https://github.com/optuna/optuna/releases/tag/v3.0.0. Use suggest_float(..., log=True) instead.
  cfg.training.lr = trial.suggest_loguniform("training.lr", 1e-5, 1e-1)
/home/eng/shilo_avital/yolo_lab/walk_to_paint/optuna_run.py:148: FutureWarning: suggest_loguniform has been deprecated in v3.0.0. This feature will be removed in v6.0.0. See https://github.com/optuna/optuna/releases/tag/v3.0.0. Use suggest_float(..., log=True) instead.
  cfg.training.weight_decay = trial.suggest_loguniform(

🔬 Trial 145 hyperparameters:
  Walk length: 20, Num walks: 119,726
  LR: 2.07e-05, Batch size: 32
  Model: emb_dim=16, hidden_dim=16
  Transformer: 2 layers, 1 heads
  Epochs: 30, Weighted loss: True
Loading bitcoin-alpha-binary dataset...
Success! ✅
Splitting edges for bitcoin-alpha-binary dataset...
Success! ✅
Sampling random walks from bitcoin-alpha-binary dataset...
Success! ✅
Building tokenizer for bitcoin-alpha-binary dataset...
Success! ✅
Padding and building stage tensors for bitcoin-alpha-binary dataset...
Success! ✅
Creating DataLoaders for bitcoin-alpha-binary dataset...
Success! ✅
/home/eng/shilo_avital/yolo_lab/walk_to_paint/.venv/lib64/python3.9/site-packages/torch/nn/modules/transformer.py:382: UserWarning: enable_nested_tensor is True, but self.use_nested_tensor is False because encoder_layer.self_attn.num_heads is odd
  warnings.warn(
GPU available: True (cuda), used: True
TPU available: False, using: 0 TPU cores
HPU available: False, using: 0 HPUs
/home/eng/shilo_avital/yolo_lab/walk_to_paint/.venv/lib64/python3.9/site-packages/pytorch_lightning/callbacks/model_checkpoint.py:658: Checkpoint directory /home/eng/shilo_avital/yolo_lab/walk_to_paint/checkpoints exists and is not empty.
LOCAL_RANK: 0 - CUDA_VISIBLE_DEVICES: [3]
/home/eng/shilo_avital/yolo_lab/walk_to_paint/.venv/lib64/python3.9/site-packages/pytorch_lightning/trainer/connectors/data_connector.py:425: The 'val_dataloader' does not have many workers which may be a bottleneck. Consider increasing the value of the `num_workers` argument` to `num_workers=127` in the `DataLoader` to improve performance.
/home/eng/shilo_avital/yolo_lab/walk_to_paint/.venv/lib64/python3.9/site-packages/pytorch_lightning/trainer/connectors/data_connector.py:425: The 'train_dataloader' does not have many workers which may be a bottleneck. Consider increasing the value of the `num_workers` argument` to `num_workers=127` in the `DataLoader` to improve performance.
Metric val_auc_epoch improved. New best score: 0.510
Metric val_auc_epoch improved by 0.012 >= min_delta = 0.0. New best score: 0.522
Metric val_auc_epoch improved by 0.014 >= min_delta = 0.0. New best score: 0.537
Metric val_auc_epoch improved by 0.013 >= min_delta = 0.0. New best score: 0.550
Metric val_auc_epoch improved by 0.009 >= min_delta = 0.0. New best score: 0.558
Metric val_auc_epoch improved by 0.004 >= min_delta = 0.0. New best score: 0.562
Metric val_auc_epoch improved by 0.002 >= min_delta = 0.0. New best score: 0.564
Metric val_auc_epoch improved by 0.001 >= min_delta = 0.0. New best score: 0.565
Metric val_auc_epoch improved by 0.000 >= min_delta = 0.0. New best score: 0.565
Monitored metric val_auc_epoch did not improve in the last 6 records. Best score: 0.565. Signaling Trainer to stop.
Restoring states from the checkpoint path at /home/eng/shilo_avital/yolo_lab/walk_to_paint/checkpoints/trial_145-epoch=08-val_auc_epoch=0.5653.ckpt
LOCAL_RANK: 0 - CUDA_VISIBLE_DEVICES: [3]
Loaded model weights from the checkpoint at /home/eng/shilo_avital/yolo_lab/walk_to_paint/checkpoints/trial_145-epoch=08-val_auc_epoch=0.5653.ckpt
/home/eng/shilo_avital/yolo_lab/walk_to_paint/.venv/lib64/python3.9/site-packages/pytorch_lightning/trainer/connectors/data_connector.py:425: The 'val_dataloader' does not have many workers which may be a bottleneck. Consider increasing the value of the `num_workers` argument` to `num_workers=127` in the `DataLoader` to improve performance.
────────────────────────────────────────────────────────────────────────────────────────────────────────────────────────
     Validate metric           DataLoader 0
────────────────────────────────────────────────────────────────────────────────────────────────────────────────────────
      val_acc_epoch         0.5450957417488098
      val_auc_epoch         0.5653152465820312
      val_f1_epoch          0.5404971241950989
        val_loss            0.6872997283935547
────────────────────────────────────────────────────────────────────────────────────────────────────────────────────────
✅ Trial 145 completed - Val AUC: 0.5653
[I 2025-08-22 11:37:04,436] Trial 145 finished with value: -0.5653152465820312 and parameters: {'dataset.max_walk_length': 20, 'dataset.num_walks': 119726, 'training.lr': 2.0683052469733055e-05, 'training.weight_decay': 0.0022265393112732863, 'training.batch_size': 32, 'training.gradient_clip_val': 1.671408104705856, 'training.early_stopping_patience': 6, 'model.nhead_emb_combo': 2, 'model.hidden_dim': 16, 'model.nlayers': 2, 'model.dropout': 0.4904597294276774, 'training.epochs': 30}. Best is trial 1 with value: -0.6377121806144714.
🧹 Cleaning up old checkpoints and logs (keeping top 10)...
  Removed old checkpoint: trial_135-epoch=03-val_auc_epoch=0.5607.ckpt
  Removed old checkpoint: trial_134-epoch=27-val_auc_epoch=0.5111.ckpt
  Removed old checkpoint: trial_133-epoch=04-val_auc_epoch=0.5866.ckpt
  Removed old checkpoint: trial_132-epoch=13-val_auc_epoch=0.5637.ckpt
  Removed old checkpoint: trial_131-epoch=08-val_auc_epoch=0.5654.ckpt
  Removed old log dir: trial_135
  Removed old log dir: trial_134
  Removed old log dir: trial_133
  Removed old log dir: trial_132
  Removed old log dir: trial_131
/home/eng/shilo_avital/yolo_lab/walk_to_paint/optuna_run.py:147: FutureWarning: suggest_loguniform has been deprecated in v3.0.0. This feature will be removed in v6.0.0. See https://github.com/optuna/optuna/releases/tag/v3.0.0. Use suggest_float(..., log=True) instead.
  cfg.training.lr = trial.suggest_loguniform("training.lr", 1e-5, 1e-1)
/home/eng/shilo_avital/yolo_lab/walk_to_paint/optuna_run.py:148: FutureWarning: suggest_loguniform has been deprecated in v3.0.0. This feature will be removed in v6.0.0. See https://github.com/optuna/optuna/releases/tag/v3.0.0. Use suggest_float(..., log=True) instead.
  cfg.training.weight_decay = trial.suggest_loguniform(

🔬 Trial 146 hyperparameters:
  Walk length: 23, Num walks: 119,561
  LR: 2.11e-05, Batch size: 64
  Model: emb_dim=16, hidden_dim=16
  Transformer: 2 layers, 1 heads
  Epochs: 30, Weighted loss: True
Loading bitcoin-alpha-binary dataset...
Success! ✅
Splitting edges for bitcoin-alpha-binary dataset...
Success! ✅
Sampling random walks from bitcoin-alpha-binary dataset...
Success! ✅
Building tokenizer for bitcoin-alpha-binary dataset...
Success! ✅
Padding and building stage tensors for bitcoin-alpha-binary dataset...
Success! ✅
Creating DataLoaders for bitcoin-alpha-binary dataset...
Success! ✅
/home/eng/shilo_avital/yolo_lab/walk_to_paint/.venv/lib64/python3.9/site-packages/torch/nn/modules/transformer.py:382: UserWarning: enable_nested_tensor is True, but self.use_nested_tensor is False because encoder_layer.self_attn.num_heads is odd
  warnings.warn(
GPU available: True (cuda), used: True
TPU available: False, using: 0 TPU cores
HPU available: False, using: 0 HPUs
/home/eng/shilo_avital/yolo_lab/walk_to_paint/.venv/lib64/python3.9/site-packages/pytorch_lightning/callbacks/model_checkpoint.py:658: Checkpoint directory /home/eng/shilo_avital/yolo_lab/walk_to_paint/checkpoints exists and is not empty.
LOCAL_RANK: 0 - CUDA_VISIBLE_DEVICES: [3]
/home/eng/shilo_avital/yolo_lab/walk_to_paint/.venv/lib64/python3.9/site-packages/pytorch_lightning/trainer/connectors/data_connector.py:425: The 'val_dataloader' does not have many workers which may be a bottleneck. Consider increasing the value of the `num_workers` argument` to `num_workers=127` in the `DataLoader` to improve performance.
/home/eng/shilo_avital/yolo_lab/walk_to_paint/.venv/lib64/python3.9/site-packages/pytorch_lightning/trainer/connectors/data_connector.py:425: The 'train_dataloader' does not have many workers which may be a bottleneck. Consider increasing the value of the `num_workers` argument` to `num_workers=127` in the `DataLoader` to improve performance.
Metric val_auc_epoch improved. New best score: 0.507
Metric val_auc_epoch improved by 0.005 >= min_delta = 0.0. New best score: 0.512
Metric val_auc_epoch improved by 0.006 >= min_delta = 0.0. New best score: 0.518
Metric val_auc_epoch improved by 0.007 >= min_delta = 0.0. New best score: 0.525
Metric val_auc_epoch improved by 0.009 >= min_delta = 0.0. New best score: 0.534
Metric val_auc_epoch improved by 0.008 >= min_delta = 0.0. New best score: 0.542
Metric val_auc_epoch improved by 0.009 >= min_delta = 0.0. New best score: 0.551
Metric val_auc_epoch improved by 0.006 >= min_delta = 0.0. New best score: 0.556
Metric val_auc_epoch improved by 0.004 >= min_delta = 0.0. New best score: 0.560
Metric val_auc_epoch improved by 0.003 >= min_delta = 0.0. New best score: 0.562
Metric val_auc_epoch improved by 0.001 >= min_delta = 0.0. New best score: 0.564
Metric val_auc_epoch improved by 0.001 >= min_delta = 0.0. New best score: 0.565
Metric val_auc_epoch improved by 0.001 >= min_delta = 0.0. New best score: 0.566
Metric val_auc_epoch improved by 0.000 >= min_delta = 0.0. New best score: 0.566
Metric val_auc_epoch improved by 0.000 >= min_delta = 0.0. New best score: 0.566
Metric val_auc_epoch improved by 0.000 >= min_delta = 0.0. New best score: 0.567
Metric val_auc_epoch improved by 0.000 >= min_delta = 0.0. New best score: 0.567
Metric val_auc_epoch improved by 0.000 >= min_delta = 0.0. New best score: 0.567
Metric val_auc_epoch improved by 0.000 >= min_delta = 0.0. New best score: 0.567
Metric val_auc_epoch improved by 0.000 >= min_delta = 0.0. New best score: 0.567
Metric val_auc_epoch improved by 0.000 >= min_delta = 0.0. New best score: 0.567
Metric val_auc_epoch improved by 0.000 >= min_delta = 0.0. New best score: 0.568
Metric val_auc_epoch improved by 0.000 >= min_delta = 0.0. New best score: 0.568
Metric val_auc_epoch improved by 0.000 >= min_delta = 0.0. New best score: 0.568
Metric val_auc_epoch improved by 0.000 >= min_delta = 0.0. New best score: 0.568
Metric val_auc_epoch improved by 0.000 >= min_delta = 0.0. New best score: 0.568
Metric val_auc_epoch improved by 0.000 >= min_delta = 0.0. New best score: 0.568
Metric val_auc_epoch improved by 0.000 >= min_delta = 0.0. New best score: 0.568
Metric val_auc_epoch improved by 0.000 >= min_delta = 0.0. New best score: 0.568
Metric val_auc_epoch improved by 0.000 >= min_delta = 0.0. New best score: 0.568
`Trainer.fit` stopped: `max_epochs=30` reached.
Restoring states from the checkpoint path at /home/eng/shilo_avital/yolo_lab/walk_to_paint/checkpoints/trial_146-epoch=29-val_auc_epoch=0.5677.ckpt
LOCAL_RANK: 0 - CUDA_VISIBLE_DEVICES: [3]
Loaded model weights from the checkpoint at /home/eng/shilo_avital/yolo_lab/walk_to_paint/checkpoints/trial_146-epoch=29-val_auc_epoch=0.5677.ckpt
/home/eng/shilo_avital/yolo_lab/walk_to_paint/.venv/lib64/python3.9/site-packages/pytorch_lightning/trainer/connectors/data_connector.py:425: The 'val_dataloader' does not have many workers which may be a bottleneck. Consider increasing the value of the `num_workers` argument` to `num_workers=127` in the `DataLoader` to improve performance.
────────────────────────────────────────────────────────────────────────────────────────────────────────────────────────
     Validate metric           DataLoader 0
────────────────────────────────────────────────────────────────────────────────────────────────────────────────────────
      val_acc_epoch         0.5461972951889038
      val_auc_epoch         0.5677382946014404
      val_f1_epoch          0.5447186231613159
        val_loss             0.685980498790741
────────────────────────────────────────────────────────────────────────────────────────────────────────────────────────
✅ Trial 146 completed - Val AUC: 0.5677
[I 2025-08-22 11:47:18,526] Trial 146 finished with value: -0.5677382946014404 and parameters: {'dataset.max_walk_length': 23, 'dataset.num_walks': 119561, 'training.lr': 2.1143553620742054e-05, 'training.weight_decay': 0.002007622258116937, 'training.batch_size': 64, 'training.gradient_clip_val': 1.8385798423484336, 'training.early_stopping_patience': 6, 'model.nhead_emb_combo': 2, 'model.hidden_dim': 16, 'model.nlayers': 2, 'model.dropout': 0.4960015540034021, 'training.epochs': 30}. Best is trial 1 with value: -0.6377121806144714.
/home/eng/shilo_avital/yolo_lab/walk_to_paint/optuna_run.py:147: FutureWarning: suggest_loguniform has been deprecated in v3.0.0. This feature will be removed in v6.0.0. See https://github.com/optuna/optuna/releases/tag/v3.0.0. Use suggest_float(..., log=True) instead.
  cfg.training.lr = trial.suggest_loguniform("training.lr", 1e-5, 1e-1)
/home/eng/shilo_avital/yolo_lab/walk_to_paint/optuna_run.py:148: FutureWarning: suggest_loguniform has been deprecated in v3.0.0. This feature will be removed in v6.0.0. See https://github.com/optuna/optuna/releases/tag/v3.0.0. Use suggest_float(..., log=True) instead.
  cfg.training.weight_decay = trial.suggest_loguniform(

🔬 Trial 147 hyperparameters:
  Walk length: 23, Num walks: 106,987
  LR: 1.76e-05, Batch size: 64
  Model: emb_dim=8, hidden_dim=16
  Transformer: 2 layers, 1 heads
  Epochs: 30, Weighted loss: True
Loading bitcoin-alpha-binary dataset...
Success! ✅
Splitting edges for bitcoin-alpha-binary dataset...
Success! ✅
Sampling random walks from bitcoin-alpha-binary dataset...
Success! ✅
Building tokenizer for bitcoin-alpha-binary dataset...
Success! ✅
Padding and building stage tensors for bitcoin-alpha-binary dataset...
Success! ✅
Creating DataLoaders for bitcoin-alpha-binary dataset...
Success! ✅
/home/eng/shilo_avital/yolo_lab/walk_to_paint/.venv/lib64/python3.9/site-packages/torch/nn/modules/transformer.py:382: UserWarning: enable_nested_tensor is True, but self.use_nested_tensor is False because encoder_layer.self_attn.num_heads is odd
  warnings.warn(
GPU available: True (cuda), used: True
TPU available: False, using: 0 TPU cores
HPU available: False, using: 0 HPUs
/home/eng/shilo_avital/yolo_lab/walk_to_paint/.venv/lib64/python3.9/site-packages/pytorch_lightning/callbacks/model_checkpoint.py:658: Checkpoint directory /home/eng/shilo_avital/yolo_lab/walk_to_paint/checkpoints exists and is not empty.
LOCAL_RANK: 0 - CUDA_VISIBLE_DEVICES: [3]
/home/eng/shilo_avital/yolo_lab/walk_to_paint/.venv/lib64/python3.9/site-packages/pytorch_lightning/trainer/connectors/data_connector.py:425: The 'val_dataloader' does not have many workers which may be a bottleneck. Consider increasing the value of the `num_workers` argument` to `num_workers=127` in the `DataLoader` to improve performance.
/home/eng/shilo_avital/yolo_lab/walk_to_paint/.venv/lib64/python3.9/site-packages/pytorch_lightning/trainer/connectors/data_connector.py:425: The 'train_dataloader' does not have many workers which may be a bottleneck. Consider increasing the value of the `num_workers` argument` to `num_workers=127` in the `DataLoader` to improve performance.
Metric val_auc_epoch improved. New best score: 0.509
Metric val_auc_epoch improved by 0.003 >= min_delta = 0.0. New best score: 0.512
Metric val_auc_epoch improved by 0.003 >= min_delta = 0.0. New best score: 0.516
Metric val_auc_epoch improved by 0.003 >= min_delta = 0.0. New best score: 0.519
Metric val_auc_epoch improved by 0.003 >= min_delta = 0.0. New best score: 0.522
Metric val_auc_epoch improved by 0.003 >= min_delta = 0.0. New best score: 0.525
Metric val_auc_epoch improved by 0.003 >= min_delta = 0.0. New best score: 0.528
Metric val_auc_epoch improved by 0.003 >= min_delta = 0.0. New best score: 0.530
Metric val_auc_epoch improved by 0.002 >= min_delta = 0.0. New best score: 0.533
Metric val_auc_epoch improved by 0.002 >= min_delta = 0.0. New best score: 0.535
Metric val_auc_epoch improved by 0.002 >= min_delta = 0.0. New best score: 0.537
Metric val_auc_epoch improved by 0.002 >= min_delta = 0.0. New best score: 0.538
Metric val_auc_epoch improved by 0.002 >= min_delta = 0.0. New best score: 0.540
Metric val_auc_epoch improved by 0.001 >= min_delta = 0.0. New best score: 0.541
Metric val_auc_epoch improved by 0.001 >= min_delta = 0.0. New best score: 0.542
Metric val_auc_epoch improved by 0.001 >= min_delta = 0.0. New best score: 0.543
Metric val_auc_epoch improved by 0.001 >= min_delta = 0.0. New best score: 0.544
Metric val_auc_epoch improved by 0.001 >= min_delta = 0.0. New best score: 0.545
Metric val_auc_epoch improved by 0.001 >= min_delta = 0.0. New best score: 0.545
Metric val_auc_epoch improved by 0.000 >= min_delta = 0.0. New best score: 0.546
Metric val_auc_epoch improved by 0.000 >= min_delta = 0.0. New best score: 0.546
Metric val_auc_epoch improved by 0.000 >= min_delta = 0.0. New best score: 0.546
Metric val_auc_epoch improved by 0.000 >= min_delta = 0.0. New best score: 0.547
Metric val_auc_epoch improved by 0.000 >= min_delta = 0.0. New best score: 0.547
Metric val_auc_epoch improved by 0.000 >= min_delta = 0.0. New best score: 0.547
Metric val_auc_epoch improved by 0.000 >= min_delta = 0.0. New best score: 0.547
Metric val_auc_epoch improved by 0.000 >= min_delta = 0.0. New best score: 0.547
Metric val_auc_epoch improved by 0.000 >= min_delta = 0.0. New best score: 0.547
Metric val_auc_epoch improved by 0.000 >= min_delta = 0.0. New best score: 0.547
Metric val_auc_epoch improved by 0.000 >= min_delta = 0.0. New best score: 0.547
`Trainer.fit` stopped: `max_epochs=30` reached.
Restoring states from the checkpoint path at /home/eng/shilo_avital/yolo_lab/walk_to_paint/checkpoints/trial_147-epoch=29-val_auc_epoch=0.5471.ckpt
LOCAL_RANK: 0 - CUDA_VISIBLE_DEVICES: [3]
Loaded model weights from the checkpoint at /home/eng/shilo_avital/yolo_lab/walk_to_paint/checkpoints/trial_147-epoch=29-val_auc_epoch=0.5471.ckpt
/home/eng/shilo_avital/yolo_lab/walk_to_paint/.venv/lib64/python3.9/site-packages/pytorch_lightning/trainer/connectors/data_connector.py:425: The 'val_dataloader' does not have many workers which may be a bottleneck. Consider increasing the value of the `num_workers` argument` to `num_workers=127` in the `DataLoader` to improve performance.
────────────────────────────────────────────────────────────────────────────────────────────────────────────────────────
     Validate metric           DataLoader 0
────────────────────────────────────────────────────────────────────────────────────────────────────────────────────────
      val_acc_epoch         0.5341140627861023
      val_auc_epoch         0.5470942258834839
      val_f1_epoch          0.5276683568954468
        val_loss            0.6901970505714417
────────────────────────────────────────────────────────────────────────────────────────────────────────────────────────
✅ Trial 147 completed - Val AUC: 0.5471
