[I 2025-08-24 05:26:09,379] Trial 294 finished with value: -0.6166459321975708 and parameters: {'dataset.max_walk_length': 93, 'dataset.num_walks': 438746, 'training.lr': 0.0006100598479921041, 'training.weight_decay': 0.01773918145644305, 'training.batch_size': 64, 'training.gradient_clip_val': 0.4430203709492972, 'training.early_stopping_patience': 6, 'model.nhead_emb_combo': 22, 'model.hidden_dim': 16, 'model.nlayers': 5, 'model.dropout': 0.6806524917045853, 'training.epochs': 25}. Best is trial 229 with value: -0.6563454866409302.
/home/eng/shilo_avital/yolo_lab/walk_to_paint/optuna_run.py:147: FutureWarning: suggest_loguniform has been deprecated in v3.0.0. This feature will be removed in v6.0.0. See https://github.com/optuna/optuna/releases/tag/v3.0.0. Use suggest_float(..., log=True) instead.
  cfg.training.lr = trial.suggest_loguniform("training.lr", 1e-5, 1e-1)
/home/eng/shilo_avital/yolo_lab/walk_to_paint/optuna_run.py:148: FutureWarning: suggest_loguniform has been deprecated in v3.0.0. This feature will be removed in v6.0.0. See https://github.com/optuna/optuna/releases/tag/v3.0.0. Use suggest_float(..., log=True) instead.
  cfg.training.weight_decay = trial.suggest_loguniform(

🔬 Trial 295 hyperparameters:
  Walk length: 75, Num walks: 317,333
  LR: 4.74e-04, Batch size: 64
  Model: emb_dim=128, hidden_dim=16
  Transformer: 5 layers, 8 heads
  Epochs: 23, Weighted loss: True
Loading bitcoin-alpha-binary dataset...
Success! ✅
Splitting edges for bitcoin-alpha-binary dataset...
Success! ✅
Sampling random walks from bitcoin-alpha-binary dataset...
Success! ✅
Building tokenizer for bitcoin-alpha-binary dataset...
Success! ✅
Padding and building stage tensors for bitcoin-alpha-binary dataset...
Success! ✅
Creating DataLoaders for bitcoin-alpha-binary dataset...
Success! ✅
GPU available: True (cuda), used: True
TPU available: False, using: 0 TPU cores
HPU available: False, using: 0 HPUs
/home/eng/shilo_avital/yolo_lab/walk_to_paint/.venv/lib64/python3.9/site-packages/pytorch_lightning/callbacks/model_checkpoint.py:658: Checkpoint directory /home/eng/shilo_avital/yolo_lab/walk_to_paint/checkpoints exists and is not empty.
LOCAL_RANK: 0 - CUDA_VISIBLE_DEVICES: [3]
/home/eng/shilo_avital/yolo_lab/walk_to_paint/.venv/lib64/python3.9/site-packages/pytorch_lightning/trainer/connectors/data_connector.py:425: The 'val_dataloader' does not have many workers which may be a bottleneck. Consider increasing the value of the `num_workers` argument` to `num_workers=127` in the `DataLoader` to improve performance.
/home/eng/shilo_avital/yolo_lab/walk_to_paint/.venv/lib64/python3.9/site-packages/pytorch_lightning/trainer/connectors/data_connector.py:425: The 'train_dataloader' does not have many workers which may be a bottleneck. Consider increasing the value of the `num_workers` argument` to `num_workers=127` in the `DataLoader` to improve performance.
Metric val_auc_epoch improved. New best score: 0.523
Metric val_auc_epoch improved by 0.001 >= min_delta = 0.0. New best score: 0.524
Metric val_auc_epoch improved by 0.008 >= min_delta = 0.0. New best score: 0.531
Metric val_auc_epoch improved by 0.011 >= min_delta = 0.0. New best score: 0.543
Metric val_auc_epoch improved by 0.037 >= min_delta = 0.0. New best score: 0.579
Metric val_auc_epoch improved by 0.023 >= min_delta = 0.0. New best score: 0.602
Metric val_auc_epoch improved by 0.008 >= min_delta = 0.0. New best score: 0.610
Metric val_auc_epoch improved by 0.001 >= min_delta = 0.0. New best score: 0.611
Metric val_auc_epoch improved by 0.003 >= min_delta = 0.0. New best score: 0.613
Metric val_auc_epoch improved by 0.000 >= min_delta = 0.0. New best score: 0.613
Monitored metric val_auc_epoch did not improve in the last 5 records. Best score: 0.613. Signaling Trainer to stop.
Restoring states from the checkpoint path at /home/eng/shilo_avital/yolo_lab/walk_to_paint/checkpoints/trial_295-epoch=09-val_auc_epoch=0.6134.ckpt
LOCAL_RANK: 0 - CUDA_VISIBLE_DEVICES: [3]
Loaded model weights from the checkpoint at /home/eng/shilo_avital/yolo_lab/walk_to_paint/checkpoints/trial_295-epoch=09-val_auc_epoch=0.6134.ckpt
/home/eng/shilo_avital/yolo_lab/walk_to_paint/.venv/lib64/python3.9/site-packages/pytorch_lightning/trainer/connectors/data_connector.py:425: The 'val_dataloader' does not have many workers which may be a bottleneck. Consider increasing the value of the `num_workers` argument` to `num_workers=127` in the `DataLoader` to improve performance.
────────────────────────────────────────────────────────────────────────────────────────────────────────────────────────
     Validate metric           DataLoader 0
────────────────────────────────────────────────────────────────────────────────────────────────────────────────────────
      val_acc_epoch         0.5862215161323547
      val_auc_epoch         0.6134459972381592
      val_f1_epoch          0.5841017961502075
        val_loss            1.4383350610733032
────────────────────────────────────────────────────────────────────────────────────────────────────────────────────────
✅ Trial 295 completed - Val AUC: 0.6134
[I 2025-08-24 05:48:02,204] Trial 295 finished with value: -0.6134459972381592 and parameters: {'dataset.max_walk_length': 75, 'dataset.num_walks': 317333, 'training.lr': 0.00047356674503878053, 'training.weight_decay': 0.007434895688448629, 'training.batch_size': 64, 'training.gradient_clip_val': 0.3551719698424978, 'training.early_stopping_patience': 5, 'model.nhead_emb_combo': 22, 'model.hidden_dim': 16, 'model.nlayers': 5, 'model.dropout': 0.6567392924085983, 'training.epochs': 23}. Best is trial 229 with value: -0.6563454866409302.
🧹 Cleaning up old checkpoints and logs (keeping top 10)...
  Removed old checkpoint: trial_285-epoch=22-val_auc_epoch=0.6269.ckpt
  Removed old checkpoint: trial_284-epoch=07-val_auc_epoch=0.6217.ckpt
  Removed old checkpoint: trial_283-epoch=06-val_auc_epoch=0.6237.ckpt
  Removed old checkpoint: trial_282-epoch=00-val_auc_epoch=0.5567.ckpt
  Removed old checkpoint: trial_281-epoch=08-val_auc_epoch=0.6460.ckpt
  Removed old log dir: trial_285
  Removed old log dir: trial_284
  Removed old log dir: trial_283
  Removed old log dir: trial_282
  Removed old log dir: trial_281
/home/eng/shilo_avital/yolo_lab/walk_to_paint/optuna_run.py:147: FutureWarning: suggest_loguniform has been deprecated in v3.0.0. This feature will be removed in v6.0.0. See https://github.com/optuna/optuna/releases/tag/v3.0.0. Use suggest_float(..., log=True) instead.
  cfg.training.lr = trial.suggest_loguniform("training.lr", 1e-5, 1e-1)
/home/eng/shilo_avital/yolo_lab/walk_to_paint/optuna_run.py:148: FutureWarning: suggest_loguniform has been deprecated in v3.0.0. This feature will be removed in v6.0.0. See https://github.com/optuna/optuna/releases/tag/v3.0.0. Use suggest_float(..., log=True) instead.
  cfg.training.weight_decay = trial.suggest_loguniform(

🔬 Trial 296 hyperparameters:
  Walk length: 74, Num walks: 474,071
  LR: 8.65e-04, Batch size: 64
  Model: emb_dim=16, hidden_dim=16
  Transformer: 5 layers, 16 heads
  Epochs: 25, Weighted loss: True
Loading bitcoin-alpha-binary dataset...
Success! ✅
Splitting edges for bitcoin-alpha-binary dataset...
Success! ✅
Sampling random walks from bitcoin-alpha-binary dataset...
Success! ✅
Building tokenizer for bitcoin-alpha-binary dataset...
Success! ✅
Padding and building stage tensors for bitcoin-alpha-binary dataset...
Success! ✅
Creating DataLoaders for bitcoin-alpha-binary dataset...
Success! ✅
GPU available: True (cuda), used: True
TPU available: False, using: 0 TPU cores
HPU available: False, using: 0 HPUs
/home/eng/shilo_avital/yolo_lab/walk_to_paint/.venv/lib64/python3.9/site-packages/pytorch_lightning/callbacks/model_checkpoint.py:658: Checkpoint directory /home/eng/shilo_avital/yolo_lab/walk_to_paint/checkpoints exists and is not empty.
LOCAL_RANK: 0 - CUDA_VISIBLE_DEVICES: [3]
/home/eng/shilo_avital/yolo_lab/walk_to_paint/.venv/lib64/python3.9/site-packages/pytorch_lightning/trainer/connectors/data_connector.py:425: The 'val_dataloader' does not have many workers which may be a bottleneck. Consider increasing the value of the `num_workers` argument` to `num_workers=127` in the `DataLoader` to improve performance.
/home/eng/shilo_avital/yolo_lab/walk_to_paint/.venv/lib64/python3.9/site-packages/pytorch_lightning/trainer/connectors/data_connector.py:425: The 'train_dataloader' does not have many workers which may be a bottleneck. Consider increasing the value of the `num_workers` argument` to `num_workers=127` in the `DataLoader` to improve performance.
Metric val_auc_epoch improved. New best score: 0.535
Metric val_auc_epoch improved by 0.010 >= min_delta = 0.0. New best score: 0.545
Metric val_auc_epoch improved by 0.013 >= min_delta = 0.0. New best score: 0.558
Metric val_auc_epoch improved by 0.007 >= min_delta = 0.0. New best score: 0.564
Metric val_auc_epoch improved by 0.019 >= min_delta = 0.0. New best score: 0.583
Metric val_auc_epoch improved by 0.004 >= min_delta = 0.0. New best score: 0.587
Metric val_auc_epoch improved by 0.003 >= min_delta = 0.0. New best score: 0.590
Metric val_auc_epoch improved by 0.002 >= min_delta = 0.0. New best score: 0.591
Metric val_auc_epoch improved by 0.006 >= min_delta = 0.0. New best score: 0.597
Metric val_auc_epoch improved by 0.002 >= min_delta = 0.0. New best score: 0.598
Metric val_auc_epoch improved by 0.002 >= min_delta = 0.0. New best score: 0.601
Metric val_auc_epoch improved by 0.002 >= min_delta = 0.0. New best score: 0.602
Monitored metric val_auc_epoch did not improve in the last 5 records. Best score: 0.602. Signaling Trainer to stop.
Restoring states from the checkpoint path at /home/eng/shilo_avital/yolo_lab/walk_to_paint/checkpoints/trial_296-epoch=14-val_auc_epoch=0.6025.ckpt
LOCAL_RANK: 0 - CUDA_VISIBLE_DEVICES: [3]
Loaded model weights from the checkpoint at /home/eng/shilo_avital/yolo_lab/walk_to_paint/checkpoints/trial_296-epoch=14-val_auc_epoch=0.6025.ckpt
/home/eng/shilo_avital/yolo_lab/walk_to_paint/.venv/lib64/python3.9/site-packages/pytorch_lightning/trainer/connectors/data_connector.py:425: The 'val_dataloader' does not have many workers which may be a bottleneck. Consider increasing the value of the `num_workers` argument` to `num_workers=127` in the `DataLoader` to improve performance.
────────────────────────────────────────────────────────────────────────────────────────────────────────────────────────
     Validate metric           DataLoader 0
────────────────────────────────────────────────────────────────────────────────────────────────────────────────────────
      val_acc_epoch         0.5766755938529968
      val_auc_epoch         0.6024705171585083
      val_f1_epoch          0.5678390264511108
        val_loss            0.7651154398918152
────────────────────────────────────────────────────────────────────────────────────────────────────────────────────────
✅ Trial 296 completed - Val AUC: 0.6025
[I 2025-08-24 06:56:16,404] Trial 296 finished with value: -0.6024705171585083 and parameters: {'dataset.max_walk_length': 74, 'dataset.num_walks': 474071, 'training.lr': 0.0008653744597598405, 'training.weight_decay': 0.011070800316741191, 'training.batch_size': 64, 'training.gradient_clip_val': 0.37590804897583, 'training.early_stopping_patience': 5, 'model.nhead_emb_combo': 23, 'model.hidden_dim': 16, 'model.nlayers': 5, 'model.dropout': 0.6977910277736039, 'training.epochs': 25}. Best is trial 229 with value: -0.6563454866409302.
/home/eng/shilo_avital/yolo_lab/walk_to_paint/optuna_run.py:147: FutureWarning: suggest_loguniform has been deprecated in v3.0.0. This feature will be removed in v6.0.0. See https://github.com/optuna/optuna/releases/tag/v3.0.0. Use suggest_float(..., log=True) instead.
  cfg.training.lr = trial.suggest_loguniform("training.lr", 1e-5, 1e-1)
/home/eng/shilo_avital/yolo_lab/walk_to_paint/optuna_run.py:148: FutureWarning: suggest_loguniform has been deprecated in v3.0.0. This feature will be removed in v6.0.0. See https://github.com/optuna/optuna/releases/tag/v3.0.0. Use suggest_float(..., log=True) instead.
  cfg.training.weight_decay = trial.suggest_loguniform(

🔬 Trial 297 hyperparameters:
  Walk length: 83, Num walks: 391,078
  LR: 6.07e-04, Batch size: 64
  Model: emb_dim=128, hidden_dim=16
  Transformer: 5 layers, 8 heads
  Epochs: 24, Weighted loss: True
Loading bitcoin-alpha-binary dataset...
Success! ✅
Splitting edges for bitcoin-alpha-binary dataset...
Success! ✅
Sampling random walks from bitcoin-alpha-binary dataset...
Success! ✅
Building tokenizer for bitcoin-alpha-binary dataset...
Success! ✅
Padding and building stage tensors for bitcoin-alpha-binary dataset...
Success! ✅
Creating DataLoaders for bitcoin-alpha-binary dataset...
Success! ✅
GPU available: True (cuda), used: True
TPU available: False, using: 0 TPU cores
HPU available: False, using: 0 HPUs
/home/eng/shilo_avital/yolo_lab/walk_to_paint/.venv/lib64/python3.9/site-packages/pytorch_lightning/callbacks/model_checkpoint.py:658: Checkpoint directory /home/eng/shilo_avital/yolo_lab/walk_to_paint/checkpoints exists and is not empty.
LOCAL_RANK: 0 - CUDA_VISIBLE_DEVICES: [3]
/home/eng/shilo_avital/yolo_lab/walk_to_paint/.venv/lib64/python3.9/site-packages/pytorch_lightning/trainer/connectors/data_connector.py:425: The 'val_dataloader' does not have many workers which may be a bottleneck. Consider increasing the value of the `num_workers` argument` to `num_workers=127` in the `DataLoader` to improve performance.
/home/eng/shilo_avital/yolo_lab/walk_to_paint/.venv/lib64/python3.9/site-packages/pytorch_lightning/trainer/connectors/data_connector.py:425: The 'train_dataloader' does not have many workers which may be a bottleneck. Consider increasing the value of the `num_workers` argument` to `num_workers=127` in the `DataLoader` to improve performance.
Metric val_auc_epoch improved. New best score: 0.532
Metric val_auc_epoch improved by 0.010 >= min_delta = 0.0. New best score: 0.542
Metric val_auc_epoch improved by 0.000 >= min_delta = 0.0. New best score: 0.543
Metric val_auc_epoch improved by 0.009 >= min_delta = 0.0. New best score: 0.552
Metric val_auc_epoch improved by 0.005 >= min_delta = 0.0. New best score: 0.556
Metric val_auc_epoch improved by 0.007 >= min_delta = 0.0. New best score: 0.564
Metric val_auc_epoch improved by 0.059 >= min_delta = 0.0. New best score: 0.623
Metric val_auc_epoch improved by 0.006 >= min_delta = 0.0. New best score: 0.629
Monitored metric val_auc_epoch did not improve in the last 6 records. Best score: 0.629. Signaling Trainer to stop.
Restoring states from the checkpoint path at /home/eng/shilo_avital/yolo_lab/walk_to_paint/checkpoints/trial_297-epoch=08-val_auc_epoch=0.6290.ckpt
LOCAL_RANK: 0 - CUDA_VISIBLE_DEVICES: [3]
Loaded model weights from the checkpoint at /home/eng/shilo_avital/yolo_lab/walk_to_paint/checkpoints/trial_297-epoch=08-val_auc_epoch=0.6290.ckpt
/home/eng/shilo_avital/yolo_lab/walk_to_paint/.venv/lib64/python3.9/site-packages/pytorch_lightning/trainer/connectors/data_connector.py:425: The 'val_dataloader' does not have many workers which may be a bottleneck. Consider increasing the value of the `num_workers` argument` to `num_workers=127` in the `DataLoader` to improve performance.
────────────────────────────────────────────────────────────────────────────────────────────────────────────────────────
     Validate metric           DataLoader 0
────────────────────────────────────────────────────────────────────────────────────────────────────────────────────────
      val_acc_epoch         0.5984998941421509
      val_auc_epoch         0.6290206909179688
      val_f1_epoch          0.5922090411186218
        val_loss            1.6736102104187012
────────────────────────────────────────────────────────────────────────────────────────────────────────────────────────
✅ Trial 297 completed - Val AUC: 0.6290
[I 2025-08-24 07:24:37,360] Trial 297 finished with value: -0.6290206909179688 and parameters: {'dataset.max_walk_length': 83, 'dataset.num_walks': 391078, 'training.lr': 0.0006073717644501642, 'training.weight_decay': 0.006727599118586291, 'training.batch_size': 64, 'training.gradient_clip_val': 0.3131915326526691, 'training.early_stopping_patience': 6, 'model.nhead_emb_combo': 22, 'model.hidden_dim': 16, 'model.nlayers': 5, 'model.dropout': 0.6809214633187687, 'training.epochs': 24}. Best is trial 229 with value: -0.6563454866409302.
/home/eng/shilo_avital/yolo_lab/walk_to_paint/optuna_run.py:147: FutureWarning: suggest_loguniform has been deprecated in v3.0.0. This feature will be removed in v6.0.0. See https://github.com/optuna/optuna/releases/tag/v3.0.0. Use suggest_float(..., log=True) instead.
  cfg.training.lr = trial.suggest_loguniform("training.lr", 1e-5, 1e-1)
/home/eng/shilo_avital/yolo_lab/walk_to_paint/optuna_run.py:148: FutureWarning: suggest_loguniform has been deprecated in v3.0.0. This feature will be removed in v6.0.0. See https://github.com/optuna/optuna/releases/tag/v3.0.0. Use suggest_float(..., log=True) instead.
  cfg.training.weight_decay = trial.suggest_loguniform(

🔬 Trial 298 hyperparameters:
  Walk length: 80, Num walks: 419,028
  LR: 5.22e-04, Batch size: 128
  Model: emb_dim=128, hidden_dim=16
  Transformer: 5 layers, 8 heads
  Epochs: 24, Weighted loss: True
Loading bitcoin-alpha-binary dataset...
Success! ✅
Splitting edges for bitcoin-alpha-binary dataset...
Success! ✅
Sampling random walks from bitcoin-alpha-binary dataset...
Success! ✅
Building tokenizer for bitcoin-alpha-binary dataset...
Success! ✅
Padding and building stage tensors for bitcoin-alpha-binary dataset...
Success! ✅
Creating DataLoaders for bitcoin-alpha-binary dataset...
Success! ✅
GPU available: True (cuda), used: True
TPU available: False, using: 0 TPU cores
HPU available: False, using: 0 HPUs
/home/eng/shilo_avital/yolo_lab/walk_to_paint/.venv/lib64/python3.9/site-packages/pytorch_lightning/callbacks/model_checkpoint.py:658: Checkpoint directory /home/eng/shilo_avital/yolo_lab/walk_to_paint/checkpoints exists and is not empty.
LOCAL_RANK: 0 - CUDA_VISIBLE_DEVICES: [3]
/home/eng/shilo_avital/yolo_lab/walk_to_paint/.venv/lib64/python3.9/site-packages/pytorch_lightning/trainer/connectors/data_connector.py:425: The 'val_dataloader' does not have many workers which may be a bottleneck. Consider increasing the value of the `num_workers` argument` to `num_workers=127` in the `DataLoader` to improve performance.
/home/eng/shilo_avital/yolo_lab/walk_to_paint/.venv/lib64/python3.9/site-packages/pytorch_lightning/trainer/connectors/data_connector.py:425: The 'train_dataloader' does not have many workers which may be a bottleneck. Consider increasing the value of the `num_workers` argument` to `num_workers=127` in the `DataLoader` to improve performance.
Metric val_auc_epoch improved. New best score: 0.529
Metric val_auc_epoch improved by 0.004 >= min_delta = 0.0. New best score: 0.533
Metric val_auc_epoch improved by 0.068 >= min_delta = 0.0. New best score: 0.601
Metric val_auc_epoch improved by 0.002 >= min_delta = 0.0. New best score: 0.603
Metric val_auc_epoch improved by 0.007 >= min_delta = 0.0. New best score: 0.611
Metric val_auc_epoch improved by 0.000 >= min_delta = 0.0. New best score: 0.611
Monitored metric val_auc_epoch did not improve in the last 6 records. Best score: 0.611. Signaling Trainer to stop.
Restoring states from the checkpoint path at /home/eng/shilo_avital/yolo_lab/walk_to_paint/checkpoints/trial_298-epoch=05-val_auc_epoch=0.6107.ckpt
LOCAL_RANK: 0 - CUDA_VISIBLE_DEVICES: [3]
Loaded model weights from the checkpoint at /home/eng/shilo_avital/yolo_lab/walk_to_paint/checkpoints/trial_298-epoch=05-val_auc_epoch=0.6107.ckpt
/home/eng/shilo_avital/yolo_lab/walk_to_paint/.venv/lib64/python3.9/site-packages/pytorch_lightning/trainer/connectors/data_connector.py:425: The 'val_dataloader' does not have many workers which may be a bottleneck. Consider increasing the value of the `num_workers` argument` to `num_workers=127` in the `DataLoader` to improve performance.
────────────────────────────────────────────────────────────────────────────────────────────────────────────────────────
     Validate metric           DataLoader 0
────────────────────────────────────────────────────────────────────────────────────────────────────────────────────────
      val_acc_epoch          0.579383373260498
      val_auc_epoch         0.6106936931610107
      val_f1_epoch           0.561657726764679
        val_loss            1.4636000394821167
────────────────────────────────────────────────────────────────────────────────────────────────────────────────────────
✅ Trial 298 completed - Val AUC: 0.6107
