[I 2025-08-22 16:09:13,693] Trial 185 finished with value: 0.0 and parameters: {'dataset.max_walk_length': 19, 'dataset.num_walks': 147485, 'training.lr': 3.757432076868534e-05, 'training.weight_decay': 0.0011184690237246134, 'training.batch_size': 64, 'training.gradient_clip_val': 1.3083247582007116, 'training.early_stopping_patience': 14, 'model.nhead_emb_combo': 16, 'model.hidden_dim': 16, 'model.nlayers': 4, 'model.dropout': 0.38383395194222886, 'training.epochs': 29}. Best is trial 1 with value: -0.6377121806144714.
🧹 Cleaning up old checkpoints and logs (keeping top 10)...
  Removed old checkpoint: trial_175-epoch=01-val_auc_epoch=0.5623.ckpt
  Removed old checkpoint: trial_174-epoch=28-val_auc_epoch=0.5615.ckpt
  Removed old checkpoint: trial_173-epoch=03-val_auc_epoch=0.6149.ckpt
  Removed old checkpoint: trial_172-epoch=04-val_auc_epoch=0.5909.ckpt
  Removed old checkpoint: trial_171-epoch=06-val_auc_epoch=0.5607.ckpt
  Removed old log dir: trial_175
  Removed old log dir: trial_174
  Removed old log dir: trial_173
  Removed old log dir: trial_172
  Removed old log dir: trial_171
/home/eng/shilo_avital/yolo_lab/walk_to_paint/optuna_run.py:147: FutureWarning: suggest_loguniform has been deprecated in v3.0.0. This feature will be removed in v6.0.0. See https://github.com/optuna/optuna/releases/tag/v3.0.0. Use suggest_float(..., log=True) instead.
  cfg.training.lr = trial.suggest_loguniform("training.lr", 1e-5, 1e-1)
/home/eng/shilo_avital/yolo_lab/walk_to_paint/optuna_run.py:148: FutureWarning: suggest_loguniform has been deprecated in v3.0.0. This feature will be removed in v6.0.0. See https://github.com/optuna/optuna/releases/tag/v3.0.0. Use suggest_float(..., log=True) instead.
  cfg.training.weight_decay = trial.suggest_loguniform(

🔬 Trial 186 hyperparameters:
  Walk length: 23, Num walks: 122,248
  LR: 2.60e-05, Batch size: 64
  Model: emb_dim=16, hidden_dim=16
  Transformer: 2 layers, 1 heads
  Epochs: 30, Weighted loss: True
Loading bitcoin-alpha-binary dataset...
Success! ✅
Splitting edges for bitcoin-alpha-binary dataset...
Success! ✅
Sampling random walks from bitcoin-alpha-binary dataset...
Success! ✅
Building tokenizer for bitcoin-alpha-binary dataset...
Success! ✅
Padding and building stage tensors for bitcoin-alpha-binary dataset...
Success! ✅
Creating DataLoaders for bitcoin-alpha-binary dataset...
Success! ✅
/home/eng/shilo_avital/yolo_lab/walk_to_paint/.venv/lib64/python3.9/site-packages/torch/nn/modules/transformer.py:382: UserWarning: enable_nested_tensor is True, but self.use_nested_tensor is False because encoder_layer.self_attn.num_heads is odd
  warnings.warn(
GPU available: True (cuda), used: True
TPU available: False, using: 0 TPU cores
HPU available: False, using: 0 HPUs
/home/eng/shilo_avital/yolo_lab/walk_to_paint/.venv/lib64/python3.9/site-packages/pytorch_lightning/callbacks/model_checkpoint.py:658: Checkpoint directory /home/eng/shilo_avital/yolo_lab/walk_to_paint/checkpoints exists and is not empty.
LOCAL_RANK: 0 - CUDA_VISIBLE_DEVICES: [3]
/home/eng/shilo_avital/yolo_lab/walk_to_paint/.venv/lib64/python3.9/site-packages/pytorch_lightning/trainer/connectors/data_connector.py:425: The 'val_dataloader' does not have many workers which may be a bottleneck. Consider increasing the value of the `num_workers` argument` to `num_workers=127` in the `DataLoader` to improve performance.
/home/eng/shilo_avital/yolo_lab/walk_to_paint/.venv/lib64/python3.9/site-packages/pytorch_lightning/trainer/connectors/data_connector.py:425: The 'train_dataloader' does not have many workers which may be a bottleneck. Consider increasing the value of the `num_workers` argument` to `num_workers=127` in the `DataLoader` to improve performance.
Metric val_auc_epoch improved. New best score: 0.516
Metric val_auc_epoch improved by 0.005 >= min_delta = 0.0. New best score: 0.521
Metric val_auc_epoch improved by 0.005 >= min_delta = 0.0. New best score: 0.526
Metric val_auc_epoch improved by 0.004 >= min_delta = 0.0. New best score: 0.530
Metric val_auc_epoch improved by 0.004 >= min_delta = 0.0. New best score: 0.534
Metric val_auc_epoch improved by 0.004 >= min_delta = 0.0. New best score: 0.538
Metric val_auc_epoch improved by 0.004 >= min_delta = 0.0. New best score: 0.542
Metric val_auc_epoch improved by 0.003 >= min_delta = 0.0. New best score: 0.545
Metric val_auc_epoch improved by 0.002 >= min_delta = 0.0. New best score: 0.548
Metric val_auc_epoch improved by 0.002 >= min_delta = 0.0. New best score: 0.549
Metric val_auc_epoch improved by 0.001 >= min_delta = 0.0. New best score: 0.551
Metric val_auc_epoch improved by 0.001 >= min_delta = 0.0. New best score: 0.551
Metric val_auc_epoch improved by 0.000 >= min_delta = 0.0. New best score: 0.551
Metric val_auc_epoch improved by 0.000 >= min_delta = 0.0. New best score: 0.552
Metric val_auc_epoch improved by 0.000 >= min_delta = 0.0. New best score: 0.552
Metric val_auc_epoch improved by 0.000 >= min_delta = 0.0. New best score: 0.552
`Trainer.fit` stopped: `max_epochs=30` reached.
Restoring states from the checkpoint path at /home/eng/shilo_avital/yolo_lab/walk_to_paint/checkpoints/trial_186-epoch=15-val_auc_epoch=0.5523.ckpt
LOCAL_RANK: 0 - CUDA_VISIBLE_DEVICES: [3]
Loaded model weights from the checkpoint at /home/eng/shilo_avital/yolo_lab/walk_to_paint/checkpoints/trial_186-epoch=15-val_auc_epoch=0.5523.ckpt
/home/eng/shilo_avital/yolo_lab/walk_to_paint/.venv/lib64/python3.9/site-packages/pytorch_lightning/trainer/connectors/data_connector.py:425: The 'val_dataloader' does not have many workers which may be a bottleneck. Consider increasing the value of the `num_workers` argument` to `num_workers=127` in the `DataLoader` to improve performance.
────────────────────────────────────────────────────────────────────────────────────────────────────────────────────────
     Validate metric           DataLoader 0
────────────────────────────────────────────────────────────────────────────────────────────────────────────────────────
      val_acc_epoch          0.535624623298645
      val_auc_epoch         0.5522728562355042
      val_f1_epoch          0.5329302549362183
        val_loss             0.688826858997345
────────────────────────────────────────────────────────────────────────────────────────────────────────────────────────
✅ Trial 186 completed - Val AUC: 0.5523
[I 2025-08-22 16:19:35,972] Trial 186 finished with value: -0.5522728562355042 and parameters: {'dataset.max_walk_length': 23, 'dataset.num_walks': 122248, 'training.lr': 2.6041488972934625e-05, 'training.weight_decay': 0.0018965886597456206, 'training.batch_size': 64, 'training.gradient_clip_val': 1.8934136410489533, 'training.early_stopping_patience': 15, 'model.nhead_emb_combo': 2, 'model.hidden_dim': 16, 'model.nlayers': 2, 'model.dropout': 0.48327657694560583, 'training.epochs': 30}. Best is trial 1 with value: -0.6377121806144714.
/home/eng/shilo_avital/yolo_lab/walk_to_paint/optuna_run.py:147: FutureWarning: suggest_loguniform has been deprecated in v3.0.0. This feature will be removed in v6.0.0. See https://github.com/optuna/optuna/releases/tag/v3.0.0. Use suggest_float(..., log=True) instead.
  cfg.training.lr = trial.suggest_loguniform("training.lr", 1e-5, 1e-1)
/home/eng/shilo_avital/yolo_lab/walk_to_paint/optuna_run.py:148: FutureWarning: suggest_loguniform has been deprecated in v3.0.0. This feature will be removed in v6.0.0. See https://github.com/optuna/optuna/releases/tag/v3.0.0. Use suggest_float(..., log=True) instead.
  cfg.training.weight_decay = trial.suggest_loguniform(

🔬 Trial 187 hyperparameters:
  Walk length: 28, Num walks: 110,023
  LR: 4.28e-05, Batch size: 64
  Model: emb_dim=16, hidden_dim=16
  Transformer: 2 layers, 8 heads
  Epochs: 27, Weighted loss: True
Loading bitcoin-alpha-binary dataset...
Success! ✅
Splitting edges for bitcoin-alpha-binary dataset...
Success! ✅
Sampling random walks from bitcoin-alpha-binary dataset...
Success! ✅
Building tokenizer for bitcoin-alpha-binary dataset...
Success! ✅
Padding and building stage tensors for bitcoin-alpha-binary dataset...
Success! ✅
Creating DataLoaders for bitcoin-alpha-binary dataset...
Success! ✅
GPU available: True (cuda), used: True
TPU available: False, using: 0 TPU cores
HPU available: False, using: 0 HPUs
/home/eng/shilo_avital/yolo_lab/walk_to_paint/.venv/lib64/python3.9/site-packages/pytorch_lightning/callbacks/model_checkpoint.py:658: Checkpoint directory /home/eng/shilo_avital/yolo_lab/walk_to_paint/checkpoints exists and is not empty.
LOCAL_RANK: 0 - CUDA_VISIBLE_DEVICES: [3]
/home/eng/shilo_avital/yolo_lab/walk_to_paint/.venv/lib64/python3.9/site-packages/pytorch_lightning/trainer/connectors/data_connector.py:425: The 'val_dataloader' does not have many workers which may be a bottleneck. Consider increasing the value of the `num_workers` argument` to `num_workers=127` in the `DataLoader` to improve performance.
/home/eng/shilo_avital/yolo_lab/walk_to_paint/.venv/lib64/python3.9/site-packages/pytorch_lightning/trainer/connectors/data_connector.py:425: The 'train_dataloader' does not have many workers which may be a bottleneck. Consider increasing the value of the `num_workers` argument` to `num_workers=127` in the `DataLoader` to improve performance.
Metric val_auc_epoch improved. New best score: 0.521
Metric val_auc_epoch improved by 0.013 >= min_delta = 0.0. New best score: 0.533
Metric val_auc_epoch improved by 0.009 >= min_delta = 0.0. New best score: 0.542
Metric val_auc_epoch improved by 0.005 >= min_delta = 0.0. New best score: 0.547
Metric val_auc_epoch improved by 0.003 >= min_delta = 0.0. New best score: 0.550
Metric val_auc_epoch improved by 0.002 >= min_delta = 0.0. New best score: 0.552
Metric val_auc_epoch improved by 0.001 >= min_delta = 0.0. New best score: 0.553
Metric val_auc_epoch improved by 0.001 >= min_delta = 0.0. New best score: 0.553
Metric val_auc_epoch improved by 0.001 >= min_delta = 0.0. New best score: 0.554
Metric val_auc_epoch improved by 0.001 >= min_delta = 0.0. New best score: 0.555
Metric val_auc_epoch improved by 0.000 >= min_delta = 0.0. New best score: 0.555
Metric val_auc_epoch improved by 0.000 >= min_delta = 0.0. New best score: 0.555
Metric val_auc_epoch improved by 0.000 >= min_delta = 0.0. New best score: 0.555
Metric val_auc_epoch improved by 0.000 >= min_delta = 0.0. New best score: 0.555
Metric val_auc_epoch improved by 0.000 >= min_delta = 0.0. New best score: 0.556
Metric val_auc_epoch improved by 0.000 >= min_delta = 0.0. New best score: 0.556
Metric val_auc_epoch improved by 0.000 >= min_delta = 0.0. New best score: 0.556
Metric val_auc_epoch improved by 0.000 >= min_delta = 0.0. New best score: 0.556
`Trainer.fit` stopped: `max_epochs=27` reached.
Restoring states from the checkpoint path at /home/eng/shilo_avital/yolo_lab/walk_to_paint/checkpoints/trial_187-epoch=19-val_auc_epoch=0.5555.ckpt
LOCAL_RANK: 0 - CUDA_VISIBLE_DEVICES: [3]
Loaded model weights from the checkpoint at /home/eng/shilo_avital/yolo_lab/walk_to_paint/checkpoints/trial_187-epoch=19-val_auc_epoch=0.5555.ckpt
/home/eng/shilo_avital/yolo_lab/walk_to_paint/.venv/lib64/python3.9/site-packages/pytorch_lightning/trainer/connectors/data_connector.py:425: The 'val_dataloader' does not have many workers which may be a bottleneck. Consider increasing the value of the `num_workers` argument` to `num_workers=127` in the `DataLoader` to improve performance.
────────────────────────────────────────────────────────────────────────────────────────────────────────────────────────
     Validate metric           DataLoader 0
────────────────────────────────────────────────────────────────────────────────────────────────────────────────────────
      val_acc_epoch         0.5381799340248108
      val_auc_epoch         0.5555279850959778
      val_f1_epoch          0.5379631519317627
        val_loss            0.6882725954055786
────────────────────────────────────────────────────────────────────────────────────────────────────────────────────────
✅ Trial 187 completed - Val AUC: 0.5555
[I 2025-08-22 16:28:22,069] Trial 187 finished with value: -0.5555279850959778 and parameters: {'dataset.max_walk_length': 28, 'dataset.num_walks': 110023, 'training.lr': 4.284345106699819e-05, 'training.weight_decay': 0.00031189420401465327, 'training.batch_size': 64, 'training.gradient_clip_val': 1.7540021603842473, 'training.early_stopping_patience': 15, 'model.nhead_emb_combo': 19, 'model.hidden_dim': 16, 'model.nlayers': 2, 'model.dropout': 0.5002344279280809, 'training.epochs': 27}. Best is trial 1 with value: -0.6377121806144714.
/home/eng/shilo_avital/yolo_lab/walk_to_paint/optuna_run.py:147: FutureWarning: suggest_loguniform has been deprecated in v3.0.0. This feature will be removed in v6.0.0. See https://github.com/optuna/optuna/releases/tag/v3.0.0. Use suggest_float(..., log=True) instead.
  cfg.training.lr = trial.suggest_loguniform("training.lr", 1e-5, 1e-1)
/home/eng/shilo_avital/yolo_lab/walk_to_paint/optuna_run.py:148: FutureWarning: suggest_loguniform has been deprecated in v3.0.0. This feature will be removed in v6.0.0. See https://github.com/optuna/optuna/releases/tag/v3.0.0. Use suggest_float(..., log=True) instead.
  cfg.training.weight_decay = trial.suggest_loguniform(

🔬 Trial 188 hyperparameters:
  Walk length: 31, Num walks: 159,401
  LR: 2.42e-04, Batch size: 128
  Model: emb_dim=128, hidden_dim=64
  Transformer: 2 layers, 1 heads
  Epochs: 30, Weighted loss: True
Loading bitcoin-alpha-binary dataset...
Success! ✅
Splitting edges for bitcoin-alpha-binary dataset...
Success! ✅
Sampling random walks from bitcoin-alpha-binary dataset...
Success! ✅
Building tokenizer for bitcoin-alpha-binary dataset...
Success! ✅
Padding and building stage tensors for bitcoin-alpha-binary dataset...
Success! ✅
Creating DataLoaders for bitcoin-alpha-binary dataset...
Success! ✅
/home/eng/shilo_avital/yolo_lab/walk_to_paint/.venv/lib64/python3.9/site-packages/torch/nn/modules/transformer.py:382: UserWarning: enable_nested_tensor is True, but self.use_nested_tensor is False because encoder_layer.self_attn.num_heads is odd
  warnings.warn(
GPU available: True (cuda), used: True
TPU available: False, using: 0 TPU cores
HPU available: False, using: 0 HPUs
/home/eng/shilo_avital/yolo_lab/walk_to_paint/.venv/lib64/python3.9/site-packages/pytorch_lightning/callbacks/model_checkpoint.py:658: Checkpoint directory /home/eng/shilo_avital/yolo_lab/walk_to_paint/checkpoints exists and is not empty.
LOCAL_RANK: 0 - CUDA_VISIBLE_DEVICES: [3]
/home/eng/shilo_avital/yolo_lab/walk_to_paint/.venv/lib64/python3.9/site-packages/pytorch_lightning/trainer/connectors/data_connector.py:425: The 'val_dataloader' does not have many workers which may be a bottleneck. Consider increasing the value of the `num_workers` argument` to `num_workers=127` in the `DataLoader` to improve performance.
/home/eng/shilo_avital/yolo_lab/walk_to_paint/.venv/lib64/python3.9/site-packages/pytorch_lightning/trainer/connectors/data_connector.py:425: The 'train_dataloader' does not have many workers which may be a bottleneck. Consider increasing the value of the `num_workers` argument` to `num_workers=127` in the `DataLoader` to improve performance.
Metric val_auc_epoch improved. New best score: 0.597
Metric val_auc_epoch improved by 0.013 >= min_delta = 0.0. New best score: 0.610
Metric val_auc_epoch improved by 0.011 >= min_delta = 0.0. New best score: 0.621
Metric val_auc_epoch improved by 0.000 >= min_delta = 0.0. New best score: 0.621
Metric val_auc_epoch improved by 0.004 >= min_delta = 0.0. New best score: 0.625
❌ Trial 188 failed: Trial was pruned at epoch 5.
[I 2025-08-22 16:30:08,345] Trial 188 finished with value: 0.0 and parameters: {'dataset.max_walk_length': 31, 'dataset.num_walks': 159401, 'training.lr': 0.00024233458848609089, 'training.weight_decay': 0.0006651785762561676, 'training.batch_size': 128, 'training.gradient_clip_val': 1.4609488026502144, 'training.early_stopping_patience': 14, 'model.nhead_emb_combo': 5, 'model.hidden_dim': 64, 'model.nlayers': 2, 'model.dropout': 0.36467060714211735, 'training.epochs': 30}. Best is trial 1 with value: -0.6377121806144714.
/home/eng/shilo_avital/yolo_lab/walk_to_paint/optuna_run.py:147: FutureWarning: suggest_loguniform has been deprecated in v3.0.0. This feature will be removed in v6.0.0. See https://github.com/optuna/optuna/releases/tag/v3.0.0. Use suggest_float(..., log=True) instead.
  cfg.training.lr = trial.suggest_loguniform("training.lr", 1e-5, 1e-1)
/home/eng/shilo_avital/yolo_lab/walk_to_paint/optuna_run.py:148: FutureWarning: suggest_loguniform has been deprecated in v3.0.0. This feature will be removed in v6.0.0. See https://github.com/optuna/optuna/releases/tag/v3.0.0. Use suggest_float(..., log=True) instead.
  cfg.training.weight_decay = trial.suggest_loguniform(

🔬 Trial 189 hyperparameters:
  Walk length: 34, Num walks: 747,081
  LR: 2.31e-05, Batch size: 64
  Model: emb_dim=64, hidden_dim=16
  Transformer: 2 layers, 1 heads
  Epochs: 29, Weighted loss: True
Loading bitcoin-alpha-binary dataset...
Success! ✅
Splitting edges for bitcoin-alpha-binary dataset...
Success! ✅
Sampling random walks from bitcoin-alpha-binary dataset...
Success! ✅
Building tokenizer for bitcoin-alpha-binary dataset...
Success! ✅
Padding and building stage tensors for bitcoin-alpha-binary dataset...
Success! ✅
Creating DataLoaders for bitcoin-alpha-binary dataset...
Success! ✅
/home/eng/shilo_avital/yolo_lab/walk_to_paint/.venv/lib64/python3.9/site-packages/torch/nn/modules/transformer.py:382: UserWarning: enable_nested_tensor is True, but self.use_nested_tensor is False because encoder_layer.self_attn.num_heads is odd
  warnings.warn(
GPU available: True (cuda), used: True
TPU available: False, using: 0 TPU cores
HPU available: False, using: 0 HPUs
/home/eng/shilo_avital/yolo_lab/walk_to_paint/.venv/lib64/python3.9/site-packages/pytorch_lightning/callbacks/model_checkpoint.py:658: Checkpoint directory /home/eng/shilo_avital/yolo_lab/walk_to_paint/checkpoints exists and is not empty.
LOCAL_RANK: 0 - CUDA_VISIBLE_DEVICES: [3]
/home/eng/shilo_avital/yolo_lab/walk_to_paint/.venv/lib64/python3.9/site-packages/pytorch_lightning/trainer/connectors/data_connector.py:425: The 'val_dataloader' does not have many workers which may be a bottleneck. Consider increasing the value of the `num_workers` argument` to `num_workers=127` in the `DataLoader` to improve performance.
/home/eng/shilo_avital/yolo_lab/walk_to_paint/.venv/lib64/python3.9/site-packages/pytorch_lightning/trainer/connectors/data_connector.py:425: The 'train_dataloader' does not have many workers which may be a bottleneck. Consider increasing the value of the `num_workers` argument` to `num_workers=127` in the `DataLoader` to improve performance.
Metric val_auc_epoch improved. New best score: 0.552
Metric val_auc_epoch improved by 0.008 >= min_delta = 0.0. New best score: 0.560
Metric val_auc_epoch improved by 0.012 >= min_delta = 0.0. New best score: 0.572
Metric val_auc_epoch improved by 0.010 >= min_delta = 0.0. New best score: 0.582
Metric val_auc_epoch improved by 0.008 >= min_delta = 0.0. New best score: 0.589
❌ Trial 189 failed: Trial was pruned at epoch 5.
