[I 2025-08-23 14:32:06,174] Trial 270 finished with value: -0.6179496645927429 and parameters: {'dataset.max_walk_length': 90, 'dataset.num_walks': 288706, 'training.lr': 0.0014171459379117065, 'training.weight_decay': 0.0061672515644785215, 'training.batch_size': 64, 'training.gradient_clip_val': 0.42242534306873847, 'training.early_stopping_patience': 6, 'model.nhead_emb_combo': 20, 'model.hidden_dim': 16, 'model.nlayers': 5, 'model.dropout': 0.6437135924698285, 'training.epochs': 24}. Best is trial 229 with value: -0.6563454866409302.
🧹 Cleaning up old checkpoints and logs (keeping top 10)...
  Removed old checkpoint: trial_260-epoch=21-val_auc_epoch=0.6358.ckpt
  Removed old checkpoint: trial_259-epoch=10-val_auc_epoch=0.6040.ckpt
  Removed old checkpoint: trial_258-epoch=16-val_auc_epoch=0.6415.ckpt
  Removed old checkpoint: trial_257-epoch=09-val_auc_epoch=0.6169.ckpt
  Removed old checkpoint: trial_256-epoch=01-val_auc_epoch=0.5299.ckpt
  Removed old log dir: trial_260
  Removed old log dir: trial_259
  Removed old log dir: trial_258
  Removed old log dir: trial_257
  Removed old log dir: trial_256
/home/eng/shilo_avital/yolo_lab/walk_to_paint/optuna_run.py:147: FutureWarning: suggest_loguniform has been deprecated in v3.0.0. This feature will be removed in v6.0.0. See https://github.com/optuna/optuna/releases/tag/v3.0.0. Use suggest_float(..., log=True) instead.
  cfg.training.lr = trial.suggest_loguniform("training.lr", 1e-5, 1e-1)
/home/eng/shilo_avital/yolo_lab/walk_to_paint/optuna_run.py:148: FutureWarning: suggest_loguniform has been deprecated in v3.0.0. This feature will be removed in v6.0.0. See https://github.com/optuna/optuna/releases/tag/v3.0.0. Use suggest_float(..., log=True) instead.
  cfg.training.weight_decay = trial.suggest_loguniform(

🔬 Trial 271 hyperparameters:
  Walk length: 84, Num walks: 250,975
  LR: 1.63e-03, Batch size: 64
  Model: emb_dim=16, hidden_dim=16
  Transformer: 5 layers, 8 heads
  Epochs: 23, Weighted loss: True
Loading bitcoin-alpha-binary dataset...
Success! ✅
Splitting edges for bitcoin-alpha-binary dataset...
Success! ✅
Sampling random walks from bitcoin-alpha-binary dataset...
Success! ✅
Building tokenizer for bitcoin-alpha-binary dataset...
Success! ✅
Padding and building stage tensors for bitcoin-alpha-binary dataset...
Success! ✅
Creating DataLoaders for bitcoin-alpha-binary dataset...
Success! ✅
GPU available: True (cuda), used: True
TPU available: False, using: 0 TPU cores
HPU available: False, using: 0 HPUs
/home/eng/shilo_avital/yolo_lab/walk_to_paint/.venv/lib64/python3.9/site-packages/pytorch_lightning/callbacks/model_checkpoint.py:658: Checkpoint directory /home/eng/shilo_avital/yolo_lab/walk_to_paint/checkpoints exists and is not empty.
LOCAL_RANK: 0 - CUDA_VISIBLE_DEVICES: [3]
/home/eng/shilo_avital/yolo_lab/walk_to_paint/.venv/lib64/python3.9/site-packages/pytorch_lightning/trainer/connectors/data_connector.py:425: The 'val_dataloader' does not have many workers which may be a bottleneck. Consider increasing the value of the `num_workers` argument` to `num_workers=127` in the `DataLoader` to improve performance.
/home/eng/shilo_avital/yolo_lab/walk_to_paint/.venv/lib64/python3.9/site-packages/pytorch_lightning/trainer/connectors/data_connector.py:425: The 'train_dataloader' does not have many workers which may be a bottleneck. Consider increasing the value of the `num_workers` argument` to `num_workers=127` in the `DataLoader` to improve performance.
Metric val_auc_epoch improved. New best score: 0.534
Metric val_auc_epoch improved by 0.008 >= min_delta = 0.0. New best score: 0.541
Metric val_auc_epoch improved by 0.016 >= min_delta = 0.0. New best score: 0.558
Metric val_auc_epoch improved by 0.009 >= min_delta = 0.0. New best score: 0.566
Metric val_auc_epoch improved by 0.009 >= min_delta = 0.0. New best score: 0.576
Metric val_auc_epoch improved by 0.004 >= min_delta = 0.0. New best score: 0.580
Metric val_auc_epoch improved by 0.007 >= min_delta = 0.0. New best score: 0.586
Metric val_auc_epoch improved by 0.003 >= min_delta = 0.0. New best score: 0.589
Metric val_auc_epoch improved by 0.004 >= min_delta = 0.0. New best score: 0.593
Metric val_auc_epoch improved by 0.004 >= min_delta = 0.0. New best score: 0.597
Metric val_auc_epoch improved by 0.006 >= min_delta = 0.0. New best score: 0.603
Metric val_auc_epoch improved by 0.003 >= min_delta = 0.0. New best score: 0.606
Metric val_auc_epoch improved by 0.001 >= min_delta = 0.0. New best score: 0.607
Metric val_auc_epoch improved by 0.001 >= min_delta = 0.0. New best score: 0.608
Metric val_auc_epoch improved by 0.002 >= min_delta = 0.0. New best score: 0.609
Metric val_auc_epoch improved by 0.000 >= min_delta = 0.0. New best score: 0.609
Metric val_auc_epoch improved by 0.000 >= min_delta = 0.0. New best score: 0.610
Metric val_auc_epoch improved by 0.001 >= min_delta = 0.0. New best score: 0.610
Metric val_auc_epoch improved by 0.000 >= min_delta = 0.0. New best score: 0.610
`Trainer.fit` stopped: `max_epochs=23` reached.
Restoring states from the checkpoint path at /home/eng/shilo_avital/yolo_lab/walk_to_paint/checkpoints/trial_271-epoch=21-val_auc_epoch=0.6103.ckpt
LOCAL_RANK: 0 - CUDA_VISIBLE_DEVICES: [3]
Loaded model weights from the checkpoint at /home/eng/shilo_avital/yolo_lab/walk_to_paint/checkpoints/trial_271-epoch=21-val_auc_epoch=0.6103.ckpt
/home/eng/shilo_avital/yolo_lab/walk_to_paint/.venv/lib64/python3.9/site-packages/pytorch_lightning/trainer/connectors/data_connector.py:425: The 'val_dataloader' does not have many workers which may be a bottleneck. Consider increasing the value of the `num_workers` argument` to `num_workers=127` in the `DataLoader` to improve performance.
────────────────────────────────────────────────────────────────────────────────────────────────────────────────────────
     Validate metric           DataLoader 0
────────────────────────────────────────────────────────────────────────────────────────────────────────────────────────
      val_acc_epoch         0.5791239738464355
      val_auc_epoch          0.61030113697052
      val_f1_epoch          0.5745447874069214
        val_loss            0.8425272107124329
────────────────────────────────────────────────────────────────────────────────────────────────────────────────────────
✅ Trial 271 completed - Val AUC: 0.6103
[I 2025-08-23 15:05:22,479] Trial 271 finished with value: -0.61030113697052 and parameters: {'dataset.max_walk_length': 84, 'dataset.num_walks': 250975, 'training.lr': 0.0016315766136620598, 'training.weight_decay': 0.0052422854188716155, 'training.batch_size': 64, 'training.gradient_clip_val': 0.3972676409879538, 'training.early_stopping_patience': 6, 'model.nhead_emb_combo': 19, 'model.hidden_dim': 16, 'model.nlayers': 5, 'model.dropout': 0.5923446380413115, 'training.epochs': 23}. Best is trial 229 with value: -0.6563454866409302.
/home/eng/shilo_avital/yolo_lab/walk_to_paint/optuna_run.py:147: FutureWarning: suggest_loguniform has been deprecated in v3.0.0. This feature will be removed in v6.0.0. See https://github.com/optuna/optuna/releases/tag/v3.0.0. Use suggest_float(..., log=True) instead.
  cfg.training.lr = trial.suggest_loguniform("training.lr", 1e-5, 1e-1)
/home/eng/shilo_avital/yolo_lab/walk_to_paint/optuna_run.py:148: FutureWarning: suggest_loguniform has been deprecated in v3.0.0. This feature will be removed in v6.0.0. See https://github.com/optuna/optuna/releases/tag/v3.0.0. Use suggest_float(..., log=True) instead.
  cfg.training.weight_decay = trial.suggest_loguniform(

🔬 Trial 272 hyperparameters:
  Walk length: 87, Num walks: 370,043
  LR: 7.22e-04, Batch size: 64
  Model: emb_dim=64, hidden_dim=16
  Transformer: 5 layers, 8 heads
  Epochs: 25, Weighted loss: True
Loading bitcoin-alpha-binary dataset...
Success! ✅
Splitting edges for bitcoin-alpha-binary dataset...
Success! ✅
Sampling random walks from bitcoin-alpha-binary dataset...
Success! ✅
Building tokenizer for bitcoin-alpha-binary dataset...
Success! ✅
Padding and building stage tensors for bitcoin-alpha-binary dataset...
Success! ✅
Creating DataLoaders for bitcoin-alpha-binary dataset...
Success! ✅
GPU available: True (cuda), used: True
TPU available: False, using: 0 TPU cores
HPU available: False, using: 0 HPUs
/home/eng/shilo_avital/yolo_lab/walk_to_paint/.venv/lib64/python3.9/site-packages/pytorch_lightning/callbacks/model_checkpoint.py:658: Checkpoint directory /home/eng/shilo_avital/yolo_lab/walk_to_paint/checkpoints exists and is not empty.
LOCAL_RANK: 0 - CUDA_VISIBLE_DEVICES: [3]
/home/eng/shilo_avital/yolo_lab/walk_to_paint/.venv/lib64/python3.9/site-packages/pytorch_lightning/trainer/connectors/data_connector.py:425: The 'val_dataloader' does not have many workers which may be a bottleneck. Consider increasing the value of the `num_workers` argument` to `num_workers=127` in the `DataLoader` to improve performance.
/home/eng/shilo_avital/yolo_lab/walk_to_paint/.venv/lib64/python3.9/site-packages/pytorch_lightning/trainer/connectors/data_connector.py:425: The 'train_dataloader' does not have many workers which may be a bottleneck. Consider increasing the value of the `num_workers` argument` to `num_workers=127` in the `DataLoader` to improve performance.
Metric val_auc_epoch improved. New best score: 0.538
Metric val_auc_epoch improved by 0.052 >= min_delta = 0.0. New best score: 0.590
Metric val_auc_epoch improved by 0.020 >= min_delta = 0.0. New best score: 0.610
Metric val_auc_epoch improved by 0.008 >= min_delta = 0.0. New best score: 0.618
Metric val_auc_epoch improved by 0.004 >= min_delta = 0.0. New best score: 0.622
Metric val_auc_epoch improved by 0.000 >= min_delta = 0.0. New best score: 0.622
Metric val_auc_epoch improved by 0.002 >= min_delta = 0.0. New best score: 0.625
Metric val_auc_epoch improved by 0.001 >= min_delta = 0.0. New best score: 0.626
Metric val_auc_epoch improved by 0.003 >= min_delta = 0.0. New best score: 0.628
Monitored metric val_auc_epoch did not improve in the last 5 records. Best score: 0.628. Signaling Trainer to stop.
Restoring states from the checkpoint path at /home/eng/shilo_avital/yolo_lab/walk_to_paint/checkpoints/trial_272-epoch=13-val_auc_epoch=0.6285.ckpt
LOCAL_RANK: 0 - CUDA_VISIBLE_DEVICES: [3]
Loaded model weights from the checkpoint at /home/eng/shilo_avital/yolo_lab/walk_to_paint/checkpoints/trial_272-epoch=13-val_auc_epoch=0.6285.ckpt
/home/eng/shilo_avital/yolo_lab/walk_to_paint/.venv/lib64/python3.9/site-packages/pytorch_lightning/trainer/connectors/data_connector.py:425: The 'val_dataloader' does not have many workers which may be a bottleneck. Consider increasing the value of the `num_workers` argument` to `num_workers=127` in the `DataLoader` to improve performance.
────────────────────────────────────────────────────────────────────────────────────────────────────────────────────────
     Validate metric           DataLoader 0
────────────────────────────────────────────────────────────────────────────────────────────────────────────────────────
      val_acc_epoch         0.6031764149665833
      val_auc_epoch         0.6284667253494263
      val_f1_epoch          0.6033635139465332
        val_loss            2.2056498527526855
────────────────────────────────────────────────────────────────────────────────────────────────────────────────────────
✅ Trial 272 completed - Val AUC: 0.6285
[I 2025-08-23 15:37:19,234] Trial 272 finished with value: -0.6284667253494263 and parameters: {'dataset.max_walk_length': 87, 'dataset.num_walks': 370043, 'training.lr': 0.0007224914023396965, 'training.weight_decay': 0.008182811778633864, 'training.batch_size': 64, 'training.gradient_clip_val': 0.4518912479417625, 'training.early_stopping_patience': 5, 'model.nhead_emb_combo': 21, 'model.hidden_dim': 16, 'model.nlayers': 5, 'model.dropout': 0.6360486403824408, 'training.epochs': 25}. Best is trial 229 with value: -0.6563454866409302.
/home/eng/shilo_avital/yolo_lab/walk_to_paint/optuna_run.py:147: FutureWarning: suggest_loguniform has been deprecated in v3.0.0. This feature will be removed in v6.0.0. See https://github.com/optuna/optuna/releases/tag/v3.0.0. Use suggest_float(..., log=True) instead.
  cfg.training.lr = trial.suggest_loguniform("training.lr", 1e-5, 1e-1)
/home/eng/shilo_avital/yolo_lab/walk_to_paint/optuna_run.py:148: FutureWarning: suggest_loguniform has been deprecated in v3.0.0. This feature will be removed in v6.0.0. See https://github.com/optuna/optuna/releases/tag/v3.0.0. Use suggest_float(..., log=True) instead.
  cfg.training.weight_decay = trial.suggest_loguniform(

🔬 Trial 273 hyperparameters:
  Walk length: 87, Num walks: 359,214
  LR: 6.48e-04, Batch size: 128
  Model: emb_dim=64, hidden_dim=16
  Transformer: 5 layers, 8 heads
  Epochs: 25, Weighted loss: True
Loading bitcoin-alpha-binary dataset...
Success! ✅
Splitting edges for bitcoin-alpha-binary dataset...
Success! ✅
Sampling random walks from bitcoin-alpha-binary dataset...
Success! ✅
Building tokenizer for bitcoin-alpha-binary dataset...
Success! ✅
Padding and building stage tensors for bitcoin-alpha-binary dataset...
Success! ✅
Creating DataLoaders for bitcoin-alpha-binary dataset...
Success! ✅
GPU available: True (cuda), used: True
TPU available: False, using: 0 TPU cores
HPU available: False, using: 0 HPUs
/home/eng/shilo_avital/yolo_lab/walk_to_paint/.venv/lib64/python3.9/site-packages/pytorch_lightning/callbacks/model_checkpoint.py:658: Checkpoint directory /home/eng/shilo_avital/yolo_lab/walk_to_paint/checkpoints exists and is not empty.
LOCAL_RANK: 0 - CUDA_VISIBLE_DEVICES: [3]
/home/eng/shilo_avital/yolo_lab/walk_to_paint/.venv/lib64/python3.9/site-packages/pytorch_lightning/trainer/connectors/data_connector.py:425: The 'val_dataloader' does not have many workers which may be a bottleneck. Consider increasing the value of the `num_workers` argument` to `num_workers=127` in the `DataLoader` to improve performance.
/home/eng/shilo_avital/yolo_lab/walk_to_paint/.venv/lib64/python3.9/site-packages/pytorch_lightning/trainer/connectors/data_connector.py:425: The 'train_dataloader' does not have many workers which may be a bottleneck. Consider increasing the value of the `num_workers` argument` to `num_workers=127` in the `DataLoader` to improve performance.
Metric val_auc_epoch improved. New best score: 0.531
Metric val_auc_epoch improved by 0.013 >= min_delta = 0.0. New best score: 0.544
Metric val_auc_epoch improved by 0.054 >= min_delta = 0.0. New best score: 0.597
Metric val_auc_epoch improved by 0.012 >= min_delta = 0.0. New best score: 0.610
Metric val_auc_epoch improved by 0.005 >= min_delta = 0.0. New best score: 0.615
Metric val_auc_epoch improved by 0.001 >= min_delta = 0.0. New best score: 0.615
Metric val_auc_epoch improved by 0.003 >= min_delta = 0.0. New best score: 0.618
Metric val_auc_epoch improved by 0.000 >= min_delta = 0.0. New best score: 0.618
Metric val_auc_epoch improved by 0.001 >= min_delta = 0.0. New best score: 0.619
Monitored metric val_auc_epoch did not improve in the last 6 records. Best score: 0.619. Signaling Trainer to stop.
Restoring states from the checkpoint path at /home/eng/shilo_avital/yolo_lab/walk_to_paint/checkpoints/trial_273-epoch=10-val_auc_epoch=0.6193.ckpt
LOCAL_RANK: 0 - CUDA_VISIBLE_DEVICES: [3]
Loaded model weights from the checkpoint at /home/eng/shilo_avital/yolo_lab/walk_to_paint/checkpoints/trial_273-epoch=10-val_auc_epoch=0.6193.ckpt
/home/eng/shilo_avital/yolo_lab/walk_to_paint/.venv/lib64/python3.9/site-packages/pytorch_lightning/trainer/connectors/data_connector.py:425: The 'val_dataloader' does not have many workers which may be a bottleneck. Consider increasing the value of the `num_workers` argument` to `num_workers=127` in the `DataLoader` to improve performance.
────────────────────────────────────────────────────────────────────────────────────────────────────────────────────────
     Validate metric           DataLoader 0
────────────────────────────────────────────────────────────────────────────────────────────────────────────────────────
      val_acc_epoch         0.5859718918800354
      val_auc_epoch          0.619327187538147
      val_f1_epoch          0.5777091383934021
        val_loss            1.8905422687530518
────────────────────────────────────────────────────────────────────────────────────────────────────────────────────────
✅ Trial 273 completed - Val AUC: 0.6193
[I 2025-08-23 15:58:31,797] Trial 273 finished with value: -0.619327187538147 and parameters: {'dataset.max_walk_length': 87, 'dataset.num_walks': 359214, 'training.lr': 0.0006477724677774379, 'training.weight_decay': 0.007389649852918176, 'training.batch_size': 128, 'training.gradient_clip_val': 0.4544885687437116, 'training.early_stopping_patience': 6, 'model.nhead_emb_combo': 21, 'model.hidden_dim': 16, 'model.nlayers': 5, 'model.dropout': 0.662533335856092, 'training.epochs': 25}. Best is trial 229 with value: -0.6563454866409302.
/home/eng/shilo_avital/yolo_lab/walk_to_paint/optuna_run.py:147: FutureWarning: suggest_loguniform has been deprecated in v3.0.0. This feature will be removed in v6.0.0. See https://github.com/optuna/optuna/releases/tag/v3.0.0. Use suggest_float(..., log=True) instead.
  cfg.training.lr = trial.suggest_loguniform("training.lr", 1e-5, 1e-1)
/home/eng/shilo_avital/yolo_lab/walk_to_paint/optuna_run.py:148: FutureWarning: suggest_loguniform has been deprecated in v3.0.0. This feature will be removed in v6.0.0. See https://github.com/optuna/optuna/releases/tag/v3.0.0. Use suggest_float(..., log=True) instead.
  cfg.training.weight_decay = trial.suggest_loguniform(

🔬 Trial 274 hyperparameters:
  Walk length: 83, Num walks: 332,661
  LR: 7.60e-04, Batch size: 64
  Model: emb_dim=128, hidden_dim=16
  Transformer: 5 layers, 8 heads
  Epochs: 25, Weighted loss: True
Loading bitcoin-alpha-binary dataset...
Success! ✅
Splitting edges for bitcoin-alpha-binary dataset...
Success! ✅
Sampling random walks from bitcoin-alpha-binary dataset...
Success! ✅
Building tokenizer for bitcoin-alpha-binary dataset...
Success! ✅
Padding and building stage tensors for bitcoin-alpha-binary dataset...
Success! ✅
Creating DataLoaders for bitcoin-alpha-binary dataset...
Success! ✅
GPU available: True (cuda), used: True
TPU available: False, using: 0 TPU cores
HPU available: False, using: 0 HPUs
/home/eng/shilo_avital/yolo_lab/walk_to_paint/.venv/lib64/python3.9/site-packages/pytorch_lightning/callbacks/model_checkpoint.py:658: Checkpoint directory /home/eng/shilo_avital/yolo_lab/walk_to_paint/checkpoints exists and is not empty.
LOCAL_RANK: 0 - CUDA_VISIBLE_DEVICES: [3]
/home/eng/shilo_avital/yolo_lab/walk_to_paint/.venv/lib64/python3.9/site-packages/pytorch_lightning/trainer/connectors/data_connector.py:425: The 'val_dataloader' does not have many workers which may be a bottleneck. Consider increasing the value of the `num_workers` argument` to `num_workers=127` in the `DataLoader` to improve performance.
/home/eng/shilo_avital/yolo_lab/walk_to_paint/.venv/lib64/python3.9/site-packages/pytorch_lightning/trainer/connectors/data_connector.py:425: The 'train_dataloader' does not have many workers which may be a bottleneck. Consider increasing the value of the `num_workers` argument` to `num_workers=127` in the `DataLoader` to improve performance.
Metric val_auc_epoch improved. New best score: 0.532
Metric val_auc_epoch improved by 0.000 >= min_delta = 0.0. New best score: 0.532
Metric val_auc_epoch improved by 0.002 >= min_delta = 0.0. New best score: 0.534
Metric val_auc_epoch improved by 0.000 >= min_delta = 0.0. New best score: 0.534
Metric val_auc_epoch improved by 0.011 >= min_delta = 0.0. New best score: 0.544
Metric val_auc_epoch improved by 0.005 >= min_delta = 0.0. New best score: 0.549
Metric val_auc_epoch improved by 0.007 >= min_delta = 0.0. New best score: 0.557
Metric val_auc_epoch improved by 0.062 >= min_delta = 0.0. New best score: 0.618
Metric val_auc_epoch improved by 0.012 >= min_delta = 0.0. New best score: 0.630
Monitored metric val_auc_epoch did not improve in the last 5 records. Best score: 0.630. Signaling Trainer to stop.
Restoring states from the checkpoint path at /home/eng/shilo_avital/yolo_lab/walk_to_paint/checkpoints/trial_274-epoch=08-val_auc_epoch=0.6301.ckpt
LOCAL_RANK: 0 - CUDA_VISIBLE_DEVICES: [3]
Loaded model weights from the checkpoint at /home/eng/shilo_avital/yolo_lab/walk_to_paint/checkpoints/trial_274-epoch=08-val_auc_epoch=0.6301.ckpt
/home/eng/shilo_avital/yolo_lab/walk_to_paint/.venv/lib64/python3.9/site-packages/pytorch_lightning/trainer/connectors/data_connector.py:425: The 'val_dataloader' does not have many workers which may be a bottleneck. Consider increasing the value of the `num_workers` argument` to `num_workers=127` in the `DataLoader` to improve performance.
────────────────────────────────────────────────────────────────────────────────────────────────────────────────────────
     Validate metric           DataLoader 0
────────────────────────────────────────────────────────────────────────────────────────────────────────────────────────
      val_acc_epoch         0.5943751931190491
      val_auc_epoch         0.6301068067550659
      val_f1_epoch          0.5750222206115723
        val_loss            1.4994049072265625
────────────────────────────────────────────────────────────────────────────────────────────────────────────────────────
✅ Trial 274 completed - Val AUC: 0.6301
