[I 2025-08-22 11:04:09,100] Trial 136 finished with value: -0.5423749685287476 and parameters: {'dataset.max_walk_length': 72, 'dataset.num_walks': 252505, 'training.lr': 0.006994884875455717, 'training.weight_decay': 0.023845460963776825, 'training.batch_size': 64, 'training.gradient_clip_val': 1.9332780244165413, 'training.early_stopping_patience': 7, 'model.nhead_emb_combo': 0, 'model.hidden_dim': 64, 'model.nlayers': 2, 'model.dropout': 0.6043860527417263, 'training.epochs': 26}. Best is trial 1 with value: -0.6377121806144714.
/home/eng/shilo_avital/yolo_lab/walk_to_paint/optuna_run.py:147: FutureWarning: suggest_loguniform has been deprecated in v3.0.0. This feature will be removed in v6.0.0. See https://github.com/optuna/optuna/releases/tag/v3.0.0. Use suggest_float(..., log=True) instead.
  cfg.training.lr = trial.suggest_loguniform("training.lr", 1e-5, 1e-1)
/home/eng/shilo_avital/yolo_lab/walk_to_paint/optuna_run.py:148: FutureWarning: suggest_loguniform has been deprecated in v3.0.0. This feature will be removed in v6.0.0. See https://github.com/optuna/optuna/releases/tag/v3.0.0. Use suggest_float(..., log=True) instead.
  cfg.training.weight_decay = trial.suggest_loguniform(

🔬 Trial 137 hyperparameters:
  Walk length: 21, Num walks: 127,524
  LR: 3.38e-05, Batch size: 512
  Model: emb_dim=32, hidden_dim=256
  Transformer: 2 layers, 1 heads
  Epochs: 25, Weighted loss: True
Loading bitcoin-alpha-binary dataset...
Success! ✅
Splitting edges for bitcoin-alpha-binary dataset...
Success! ✅
Sampling random walks from bitcoin-alpha-binary dataset...
Success! ✅
Building tokenizer for bitcoin-alpha-binary dataset...
Success! ✅
Padding and building stage tensors for bitcoin-alpha-binary dataset...
Success! ✅
Creating DataLoaders for bitcoin-alpha-binary dataset...
Success! ✅
/home/eng/shilo_avital/yolo_lab/walk_to_paint/.venv/lib64/python3.9/site-packages/torch/nn/modules/transformer.py:382: UserWarning: enable_nested_tensor is True, but self.use_nested_tensor is False because encoder_layer.self_attn.num_heads is odd
  warnings.warn(
GPU available: True (cuda), used: True
TPU available: False, using: 0 TPU cores
HPU available: False, using: 0 HPUs
/home/eng/shilo_avital/yolo_lab/walk_to_paint/.venv/lib64/python3.9/site-packages/pytorch_lightning/callbacks/model_checkpoint.py:658: Checkpoint directory /home/eng/shilo_avital/yolo_lab/walk_to_paint/checkpoints exists and is not empty.
LOCAL_RANK: 0 - CUDA_VISIBLE_DEVICES: [3]
/home/eng/shilo_avital/yolo_lab/walk_to_paint/.venv/lib64/python3.9/site-packages/pytorch_lightning/trainer/connectors/data_connector.py:425: The 'val_dataloader' does not have many workers which may be a bottleneck. Consider increasing the value of the `num_workers` argument` to `num_workers=127` in the `DataLoader` to improve performance.
/home/eng/shilo_avital/yolo_lab/walk_to_paint/.venv/lib64/python3.9/site-packages/pytorch_lightning/trainer/connectors/data_connector.py:425: The 'train_dataloader' does not have many workers which may be a bottleneck. Consider increasing the value of the `num_workers` argument` to `num_workers=127` in the `DataLoader` to improve performance.
Metric val_auc_epoch improved. New best score: 0.514
Metric val_auc_epoch improved by 0.014 >= min_delta = 0.0. New best score: 0.528
Metric val_auc_epoch improved by 0.011 >= min_delta = 0.0. New best score: 0.539
Metric val_auc_epoch improved by 0.009 >= min_delta = 0.0. New best score: 0.548
Metric val_auc_epoch improved by 0.005 >= min_delta = 0.0. New best score: 0.553
Metric val_auc_epoch improved by 0.004 >= min_delta = 0.0. New best score: 0.556
Metric val_auc_epoch improved by 0.002 >= min_delta = 0.0. New best score: 0.558
Metric val_auc_epoch improved by 0.001 >= min_delta = 0.0. New best score: 0.560
Metric val_auc_epoch improved by 0.001 >= min_delta = 0.0. New best score: 0.561
Metric val_auc_epoch improved by 0.001 >= min_delta = 0.0. New best score: 0.561
Metric val_auc_epoch improved by 0.001 >= min_delta = 0.0. New best score: 0.562
Metric val_auc_epoch improved by 0.000 >= min_delta = 0.0. New best score: 0.562
Metric val_auc_epoch improved by 0.000 >= min_delta = 0.0. New best score: 0.563
Metric val_auc_epoch improved by 0.000 >= min_delta = 0.0. New best score: 0.563
Metric val_auc_epoch improved by 0.000 >= min_delta = 0.0. New best score: 0.563
Metric val_auc_epoch improved by 0.000 >= min_delta = 0.0. New best score: 0.563
Metric val_auc_epoch improved by 0.000 >= min_delta = 0.0. New best score: 0.564
Metric val_auc_epoch improved by 0.000 >= min_delta = 0.0. New best score: 0.564
Metric val_auc_epoch improved by 0.000 >= min_delta = 0.0. New best score: 0.564
Metric val_auc_epoch improved by 0.000 >= min_delta = 0.0. New best score: 0.564
Metric val_auc_epoch improved by 0.000 >= min_delta = 0.0. New best score: 0.564
Metric val_auc_epoch improved by 0.000 >= min_delta = 0.0. New best score: 0.564
Metric val_auc_epoch improved by 0.000 >= min_delta = 0.0. New best score: 0.564
Metric val_auc_epoch improved by 0.000 >= min_delta = 0.0. New best score: 0.564
Metric val_auc_epoch improved by 0.000 >= min_delta = 0.0. New best score: 0.564
`Trainer.fit` stopped: `max_epochs=25` reached.
Restoring states from the checkpoint path at /home/eng/shilo_avital/yolo_lab/walk_to_paint/checkpoints/trial_137-epoch=24-val_auc_epoch=0.5640.ckpt
LOCAL_RANK: 0 - CUDA_VISIBLE_DEVICES: [3]
Loaded model weights from the checkpoint at /home/eng/shilo_avital/yolo_lab/walk_to_paint/checkpoints/trial_137-epoch=24-val_auc_epoch=0.5640.ckpt
/home/eng/shilo_avital/yolo_lab/walk_to_paint/.venv/lib64/python3.9/site-packages/pytorch_lightning/trainer/connectors/data_connector.py:425: The 'val_dataloader' does not have many workers which may be a bottleneck. Consider increasing the value of the `num_workers` argument` to `num_workers=127` in the `DataLoader` to improve performance.
────────────────────────────────────────────────────────────────────────────────────────────────────────────────────────
     Validate metric           DataLoader 0
────────────────────────────────────────────────────────────────────────────────────────────────────────────────────────
      val_acc_epoch         0.5442091226577759
      val_auc_epoch          0.563988208770752
      val_f1_epoch          0.5438429117202759
        val_loss             0.686576247215271
────────────────────────────────────────────────────────────────────────────────────────────────────────────────────────
✅ Trial 137 completed - Val AUC: 0.5640
[I 2025-08-22 11:06:18,888] Trial 137 finished with value: -0.563988208770752 and parameters: {'dataset.max_walk_length': 21, 'dataset.num_walks': 127524, 'training.lr': 3.379155316796624e-05, 'training.weight_decay': 0.006311094859603019, 'training.batch_size': 512, 'training.gradient_clip_val': 1.707940865396162, 'training.early_stopping_patience': 5, 'model.nhead_emb_combo': 3, 'model.hidden_dim': 256, 'model.nlayers': 2, 'model.dropout': 0.5098456207223637, 'training.epochs': 25}. Best is trial 1 with value: -0.6377121806144714.
/home/eng/shilo_avital/yolo_lab/walk_to_paint/optuna_run.py:147: FutureWarning: suggest_loguniform has been deprecated in v3.0.0. This feature will be removed in v6.0.0. See https://github.com/optuna/optuna/releases/tag/v3.0.0. Use suggest_float(..., log=True) instead.
  cfg.training.lr = trial.suggest_loguniform("training.lr", 1e-5, 1e-1)
/home/eng/shilo_avital/yolo_lab/walk_to_paint/optuna_run.py:148: FutureWarning: suggest_loguniform has been deprecated in v3.0.0. This feature will be removed in v6.0.0. See https://github.com/optuna/optuna/releases/tag/v3.0.0. Use suggest_float(..., log=True) instead.
  cfg.training.weight_decay = trial.suggest_loguniform(

🔬 Trial 138 hyperparameters:
  Walk length: 51, Num walks: 125,381
  LR: 2.58e-05, Batch size: 512
  Model: emb_dim=32, hidden_dim=256
  Transformer: 2 layers, 1 heads
  Epochs: 25, Weighted loss: True
Loading bitcoin-alpha-binary dataset...
Success! ✅
Splitting edges for bitcoin-alpha-binary dataset...
Success! ✅
Sampling random walks from bitcoin-alpha-binary dataset...
Success! ✅
Building tokenizer for bitcoin-alpha-binary dataset...
Success! ✅
Padding and building stage tensors for bitcoin-alpha-binary dataset...
Success! ✅
Creating DataLoaders for bitcoin-alpha-binary dataset...
Success! ✅
/home/eng/shilo_avital/yolo_lab/walk_to_paint/.venv/lib64/python3.9/site-packages/torch/nn/modules/transformer.py:382: UserWarning: enable_nested_tensor is True, but self.use_nested_tensor is False because encoder_layer.self_attn.num_heads is odd
  warnings.warn(
GPU available: True (cuda), used: True
TPU available: False, using: 0 TPU cores
HPU available: False, using: 0 HPUs
/home/eng/shilo_avital/yolo_lab/walk_to_paint/.venv/lib64/python3.9/site-packages/pytorch_lightning/callbacks/model_checkpoint.py:658: Checkpoint directory /home/eng/shilo_avital/yolo_lab/walk_to_paint/checkpoints exists and is not empty.
LOCAL_RANK: 0 - CUDA_VISIBLE_DEVICES: [3]
/home/eng/shilo_avital/yolo_lab/walk_to_paint/.venv/lib64/python3.9/site-packages/pytorch_lightning/trainer/connectors/data_connector.py:425: The 'val_dataloader' does not have many workers which may be a bottleneck. Consider increasing the value of the `num_workers` argument` to `num_workers=127` in the `DataLoader` to improve performance.
/home/eng/shilo_avital/yolo_lab/walk_to_paint/.venv/lib64/python3.9/site-packages/pytorch_lightning/trainer/connectors/data_connector.py:425: The 'train_dataloader' does not have many workers which may be a bottleneck. Consider increasing the value of the `num_workers` argument` to `num_workers=127` in the `DataLoader` to improve performance.
Metric val_auc_epoch improved. New best score: 0.507
Metric val_auc_epoch improved by 0.003 >= min_delta = 0.0. New best score: 0.510
Metric val_auc_epoch improved by 0.003 >= min_delta = 0.0. New best score: 0.513
Metric val_auc_epoch improved by 0.003 >= min_delta = 0.0. New best score: 0.517
Metric val_auc_epoch improved by 0.003 >= min_delta = 0.0. New best score: 0.520
Metric val_auc_epoch improved by 0.003 >= min_delta = 0.0. New best score: 0.522
Metric val_auc_epoch improved by 0.002 >= min_delta = 0.0. New best score: 0.525
Metric val_auc_epoch improved by 0.002 >= min_delta = 0.0. New best score: 0.526
Metric val_auc_epoch improved by 0.001 >= min_delta = 0.0. New best score: 0.528
Metric val_auc_epoch improved by 0.001 >= min_delta = 0.0. New best score: 0.529
Metric val_auc_epoch improved by 0.001 >= min_delta = 0.0. New best score: 0.530
Metric val_auc_epoch improved by 0.001 >= min_delta = 0.0. New best score: 0.531
Metric val_auc_epoch improved by 0.001 >= min_delta = 0.0. New best score: 0.531
Metric val_auc_epoch improved by 0.000 >= min_delta = 0.0. New best score: 0.532
Metric val_auc_epoch improved by 0.000 >= min_delta = 0.0. New best score: 0.532
Metric val_auc_epoch improved by 0.000 >= min_delta = 0.0. New best score: 0.532
Metric val_auc_epoch improved by 0.000 >= min_delta = 0.0. New best score: 0.532
Metric val_auc_epoch improved by 0.000 >= min_delta = 0.0. New best score: 0.532
Metric val_auc_epoch improved by 0.000 >= min_delta = 0.0. New best score: 0.533
Metric val_auc_epoch improved by 0.000 >= min_delta = 0.0. New best score: 0.533
Metric val_auc_epoch improved by 0.000 >= min_delta = 0.0. New best score: 0.533
Metric val_auc_epoch improved by 0.000 >= min_delta = 0.0. New best score: 0.533
Metric val_auc_epoch improved by 0.000 >= min_delta = 0.0. New best score: 0.533
Metric val_auc_epoch improved by 0.000 >= min_delta = 0.0. New best score: 0.533
`Trainer.fit` stopped: `max_epochs=25` reached.
Restoring states from the checkpoint path at /home/eng/shilo_avital/yolo_lab/walk_to_paint/checkpoints/trial_138-epoch=24-val_auc_epoch=0.5326.ckpt
LOCAL_RANK: 0 - CUDA_VISIBLE_DEVICES: [3]
Loaded model weights from the checkpoint at /home/eng/shilo_avital/yolo_lab/walk_to_paint/checkpoints/trial_138-epoch=24-val_auc_epoch=0.5326.ckpt
/home/eng/shilo_avital/yolo_lab/walk_to_paint/.venv/lib64/python3.9/site-packages/pytorch_lightning/trainer/connectors/data_connector.py:425: The 'val_dataloader' does not have many workers which may be a bottleneck. Consider increasing the value of the `num_workers` argument` to `num_workers=127` in the `DataLoader` to improve performance.
────────────────────────────────────────────────────────────────────────────────────────────────────────────────────────
     Validate metric           DataLoader 0
────────────────────────────────────────────────────────────────────────────────────────────────────────────────────────
      val_acc_epoch          0.523291826248169
      val_auc_epoch         0.5326094627380371
      val_f1_epoch          0.5213824510574341
        val_loss             0.691326379776001
────────────────────────────────────────────────────────────────────────────────────────────────────────────────────────
✅ Trial 138 completed - Val AUC: 0.5326
[I 2025-08-22 11:08:54,369] Trial 138 finished with value: -0.5326094627380371 and parameters: {'dataset.max_walk_length': 51, 'dataset.num_walks': 125381, 'training.lr': 2.5822672249297713e-05, 'training.weight_decay': 0.006872206278078441, 'training.batch_size': 512, 'training.gradient_clip_val': 1.054950510448321, 'training.early_stopping_patience': 5, 'model.nhead_emb_combo': 3, 'model.hidden_dim': 256, 'model.nlayers': 2, 'model.dropout': 0.46717543982854515, 'training.epochs': 25}. Best is trial 1 with value: -0.6377121806144714.
/home/eng/shilo_avital/yolo_lab/walk_to_paint/optuna_run.py:147: FutureWarning: suggest_loguniform has been deprecated in v3.0.0. This feature will be removed in v6.0.0. See https://github.com/optuna/optuna/releases/tag/v3.0.0. Use suggest_float(..., log=True) instead.
  cfg.training.lr = trial.suggest_loguniform("training.lr", 1e-5, 1e-1)
/home/eng/shilo_avital/yolo_lab/walk_to_paint/optuna_run.py:148: FutureWarning: suggest_loguniform has been deprecated in v3.0.0. This feature will be removed in v6.0.0. See https://github.com/optuna/optuna/releases/tag/v3.0.0. Use suggest_float(..., log=True) instead.
  cfg.training.weight_decay = trial.suggest_loguniform(

🔬 Trial 139 hyperparameters:
  Walk length: 26, Num walks: 110,279
  LR: 3.09e-05, Batch size: 512
  Model: emb_dim=32, hidden_dim=256
  Transformer: 2 layers, 1 heads
  Epochs: 27, Weighted loss: True
Loading bitcoin-alpha-binary dataset...
Success! ✅
Splitting edges for bitcoin-alpha-binary dataset...
Success! ✅
Sampling random walks from bitcoin-alpha-binary dataset...
Success! ✅
Building tokenizer for bitcoin-alpha-binary dataset...
Success! ✅
Padding and building stage tensors for bitcoin-alpha-binary dataset...
Success! ✅
Creating DataLoaders for bitcoin-alpha-binary dataset...
Success! ✅
/home/eng/shilo_avital/yolo_lab/walk_to_paint/.venv/lib64/python3.9/site-packages/torch/nn/modules/transformer.py:382: UserWarning: enable_nested_tensor is True, but self.use_nested_tensor is False because encoder_layer.self_attn.num_heads is odd
  warnings.warn(
GPU available: True (cuda), used: True
TPU available: False, using: 0 TPU cores
HPU available: False, using: 0 HPUs
/home/eng/shilo_avital/yolo_lab/walk_to_paint/.venv/lib64/python3.9/site-packages/pytorch_lightning/callbacks/model_checkpoint.py:658: Checkpoint directory /home/eng/shilo_avital/yolo_lab/walk_to_paint/checkpoints exists and is not empty.
LOCAL_RANK: 0 - CUDA_VISIBLE_DEVICES: [3]
/home/eng/shilo_avital/yolo_lab/walk_to_paint/.venv/lib64/python3.9/site-packages/pytorch_lightning/trainer/connectors/data_connector.py:425: The 'val_dataloader' does not have many workers which may be a bottleneck. Consider increasing the value of the `num_workers` argument` to `num_workers=127` in the `DataLoader` to improve performance.
/home/eng/shilo_avital/yolo_lab/walk_to_paint/.venv/lib64/python3.9/site-packages/pytorch_lightning/trainer/connectors/data_connector.py:425: The 'train_dataloader' does not have many workers which may be a bottleneck. Consider increasing the value of the `num_workers` argument` to `num_workers=127` in the `DataLoader` to improve performance.
Metric val_auc_epoch improved. New best score: 0.531
Metric val_auc_epoch improved by 0.014 >= min_delta = 0.0. New best score: 0.544
Metric val_auc_epoch improved by 0.007 >= min_delta = 0.0. New best score: 0.551
Metric val_auc_epoch improved by 0.002 >= min_delta = 0.0. New best score: 0.554
Metric val_auc_epoch improved by 0.001 >= min_delta = 0.0. New best score: 0.555
Metric val_auc_epoch improved by 0.001 >= min_delta = 0.0. New best score: 0.556
Metric val_auc_epoch improved by 0.000 >= min_delta = 0.0. New best score: 0.556
Metric val_auc_epoch improved by 0.000 >= min_delta = 0.0. New best score: 0.556
Metric val_auc_epoch improved by 0.000 >= min_delta = 0.0. New best score: 0.556
Monitored metric val_auc_epoch did not improve in the last 5 records. Best score: 0.556. Signaling Trainer to stop.
Restoring states from the checkpoint path at /home/eng/shilo_avital/yolo_lab/walk_to_paint/checkpoints/trial_139-epoch=08-val_auc_epoch=0.5561.ckpt
LOCAL_RANK: 0 - CUDA_VISIBLE_DEVICES: [3]
Loaded model weights from the checkpoint at /home/eng/shilo_avital/yolo_lab/walk_to_paint/checkpoints/trial_139-epoch=08-val_auc_epoch=0.5561.ckpt
/home/eng/shilo_avital/yolo_lab/walk_to_paint/.venv/lib64/python3.9/site-packages/pytorch_lightning/trainer/connectors/data_connector.py:425: The 'val_dataloader' does not have many workers which may be a bottleneck. Consider increasing the value of the `num_workers` argument` to `num_workers=127` in the `DataLoader` to improve performance.
────────────────────────────────────────────────────────────────────────────────────────────────────────────────────────
     Validate metric           DataLoader 0
────────────────────────────────────────────────────────────────────────────────────────────────────────────────────────
      val_acc_epoch         0.5400670766830444
      val_auc_epoch         0.5561212301254272
      val_f1_epoch          0.5399121642112732
        val_loss            0.6882901191711426
────────────────────────────────────────────────────────────────────────────────────────────────────────────────────────
✅ Trial 139 completed - Val AUC: 0.5561
[I 2025-08-22 11:10:06,911] Trial 139 finished with value: -0.5561212301254272 and parameters: {'dataset.max_walk_length': 26, 'dataset.num_walks': 110279, 'training.lr': 3.094661223884139e-05, 'training.weight_decay': 0.0032846852433795863, 'training.batch_size': 512, 'training.gradient_clip_val': 1.8072063619605836, 'training.early_stopping_patience': 5, 'model.nhead_emb_combo': 3, 'model.hidden_dim': 256, 'model.nlayers': 2, 'model.dropout': 0.1977586826081696, 'training.epochs': 27}. Best is trial 1 with value: -0.6377121806144714.
/home/eng/shilo_avital/yolo_lab/walk_to_paint/optuna_run.py:147: FutureWarning: suggest_loguniform has been deprecated in v3.0.0. This feature will be removed in v6.0.0. See https://github.com/optuna/optuna/releases/tag/v3.0.0. Use suggest_float(..., log=True) instead.
  cfg.training.lr = trial.suggest_loguniform("training.lr", 1e-5, 1e-1)
/home/eng/shilo_avital/yolo_lab/walk_to_paint/optuna_run.py:148: FutureWarning: suggest_loguniform has been deprecated in v3.0.0. This feature will be removed in v6.0.0. See https://github.com/optuna/optuna/releases/tag/v3.0.0. Use suggest_float(..., log=True) instead.
  cfg.training.weight_decay = trial.suggest_loguniform(

🔬 Trial 140 hyperparameters:
  Walk length: 21, Num walks: 158,402
  LR: 2.80e-03, Batch size: 512
  Model: emb_dim=16, hidden_dim=256
  Transformer: 2 layers, 1 heads
  Epochs: 27, Weighted loss: True
Loading bitcoin-alpha-binary dataset...
Success! ✅
Splitting edges for bitcoin-alpha-binary dataset...
Success! ✅
Sampling random walks from bitcoin-alpha-binary dataset...
Success! ✅
Building tokenizer for bitcoin-alpha-binary dataset...
Success! ✅
Padding and building stage tensors for bitcoin-alpha-binary dataset...
Success! ✅
Creating DataLoaders for bitcoin-alpha-binary dataset...
Success! ✅
/home/eng/shilo_avital/yolo_lab/walk_to_paint/.venv/lib64/python3.9/site-packages/torch/nn/modules/transformer.py:382: UserWarning: enable_nested_tensor is True, but self.use_nested_tensor is False because encoder_layer.self_attn.num_heads is odd
  warnings.warn(
GPU available: True (cuda), used: True
TPU available: False, using: 0 TPU cores
HPU available: False, using: 0 HPUs
/home/eng/shilo_avital/yolo_lab/walk_to_paint/.venv/lib64/python3.9/site-packages/pytorch_lightning/callbacks/model_checkpoint.py:658: Checkpoint directory /home/eng/shilo_avital/yolo_lab/walk_to_paint/checkpoints exists and is not empty.
LOCAL_RANK: 0 - CUDA_VISIBLE_DEVICES: [3]
/home/eng/shilo_avital/yolo_lab/walk_to_paint/.venv/lib64/python3.9/site-packages/pytorch_lightning/trainer/connectors/data_connector.py:425: The 'val_dataloader' does not have many workers which may be a bottleneck. Consider increasing the value of the `num_workers` argument` to `num_workers=127` in the `DataLoader` to improve performance.
/home/eng/shilo_avital/yolo_lab/walk_to_paint/.venv/lib64/python3.9/site-packages/pytorch_lightning/trainer/connectors/data_connector.py:425: The 'train_dataloader' does not have many workers which may be a bottleneck. Consider increasing the value of the `num_workers` argument` to `num_workers=127` in the `DataLoader` to improve performance.
Metric val_auc_epoch improved. New best score: 0.551
Metric val_auc_epoch improved by 0.021 >= min_delta = 0.0. New best score: 0.572
Metric val_auc_epoch improved by 0.010 >= min_delta = 0.0. New best score: 0.582
Metric val_auc_epoch improved by 0.015 >= min_delta = 0.0. New best score: 0.597
Metric val_auc_epoch improved by 0.012 >= min_delta = 0.0. New best score: 0.609
❌ Trial 140 failed: Trial was pruned at epoch 5.
