[I 2025-08-23 13:15:57,200] Trial 267 finished with value: -0.5825493931770325 and parameters: {'dataset.max_walk_length': 78, 'dataset.num_walks': 247968, 'training.lr': 0.0008867472544725496, 'training.weight_decay': 0.004045875691231168, 'training.batch_size': 64, 'training.gradient_clip_val': 0.5801185798259033, 'training.early_stopping_patience': 5, 'model.nhead_emb_combo': 23, 'model.hidden_dim': 16, 'model.nlayers': 5, 'model.dropout': 0.6234982685128146, 'training.epochs': 25}. Best is trial 229 with value: -0.6563454866409302.
/home/eng/shilo_avital/yolo_lab/walk_to_paint/optuna_run.py:147: FutureWarning: suggest_loguniform has been deprecated in v3.0.0. This feature will be removed in v6.0.0. See https://github.com/optuna/optuna/releases/tag/v3.0.0. Use suggest_float(..., log=True) instead.
  cfg.training.lr = trial.suggest_loguniform("training.lr", 1e-5, 1e-1)
/home/eng/shilo_avital/yolo_lab/walk_to_paint/optuna_run.py:148: FutureWarning: suggest_loguniform has been deprecated in v3.0.0. This feature will be removed in v6.0.0. See https://github.com/optuna/optuna/releases/tag/v3.0.0. Use suggest_float(..., log=True) instead.
  cfg.training.weight_decay = trial.suggest_loguniform(

🔬 Trial 268 hyperparameters:
  Walk length: 81, Num walks: 230,682
  LR: 2.03e-03, Batch size: 64
  Model: emb_dim=16, hidden_dim=16
  Transformer: 5 layers, 8 heads
  Epochs: 22, Weighted loss: True
Loading bitcoin-alpha-binary dataset...
Success! ✅
Splitting edges for bitcoin-alpha-binary dataset...
Success! ✅
Sampling random walks from bitcoin-alpha-binary dataset...
Success! ✅
Building tokenizer for bitcoin-alpha-binary dataset...
Success! ✅
Padding and building stage tensors for bitcoin-alpha-binary dataset...
Success! ✅
Creating DataLoaders for bitcoin-alpha-binary dataset...
Success! ✅
GPU available: True (cuda), used: True
TPU available: False, using: 0 TPU cores
HPU available: False, using: 0 HPUs
/home/eng/shilo_avital/yolo_lab/walk_to_paint/.venv/lib64/python3.9/site-packages/pytorch_lightning/callbacks/model_checkpoint.py:658: Checkpoint directory /home/eng/shilo_avital/yolo_lab/walk_to_paint/checkpoints exists and is not empty.
LOCAL_RANK: 0 - CUDA_VISIBLE_DEVICES: [3]
/home/eng/shilo_avital/yolo_lab/walk_to_paint/.venv/lib64/python3.9/site-packages/pytorch_lightning/trainer/connectors/data_connector.py:425: The 'val_dataloader' does not have many workers which may be a bottleneck. Consider increasing the value of the `num_workers` argument` to `num_workers=127` in the `DataLoader` to improve performance.
/home/eng/shilo_avital/yolo_lab/walk_to_paint/.venv/lib64/python3.9/site-packages/pytorch_lightning/trainer/connectors/data_connector.py:425: The 'train_dataloader' does not have many workers which may be a bottleneck. Consider increasing the value of the `num_workers` argument` to `num_workers=127` in the `DataLoader` to improve performance.
Metric val_auc_epoch improved. New best score: 0.521
Metric val_auc_epoch improved by 0.006 >= min_delta = 0.0. New best score: 0.527
Metric val_auc_epoch improved by 0.026 >= min_delta = 0.0. New best score: 0.553
Metric val_auc_epoch improved by 0.013 >= min_delta = 0.0. New best score: 0.566
Metric val_auc_epoch improved by 0.013 >= min_delta = 0.0. New best score: 0.580
Metric val_auc_epoch improved by 0.004 >= min_delta = 0.0. New best score: 0.584
Metric val_auc_epoch improved by 0.005 >= min_delta = 0.0. New best score: 0.589
Metric val_auc_epoch improved by 0.001 >= min_delta = 0.0. New best score: 0.590
Metric val_auc_epoch improved by 0.003 >= min_delta = 0.0. New best score: 0.592
Metric val_auc_epoch improved by 0.002 >= min_delta = 0.0. New best score: 0.594
Metric val_auc_epoch improved by 0.000 >= min_delta = 0.0. New best score: 0.594
Metric val_auc_epoch improved by 0.000 >= min_delta = 0.0. New best score: 0.595
Monitored metric val_auc_epoch did not improve in the last 5 records. Best score: 0.595. Signaling Trainer to stop.
Restoring states from the checkpoint path at /home/eng/shilo_avital/yolo_lab/walk_to_paint/checkpoints/trial_268-epoch=15-val_auc_epoch=0.5946.ckpt
LOCAL_RANK: 0 - CUDA_VISIBLE_DEVICES: [3]
Loaded model weights from the checkpoint at /home/eng/shilo_avital/yolo_lab/walk_to_paint/checkpoints/trial_268-epoch=15-val_auc_epoch=0.5946.ckpt
/home/eng/shilo_avital/yolo_lab/walk_to_paint/.venv/lib64/python3.9/site-packages/pytorch_lightning/trainer/connectors/data_connector.py:425: The 'val_dataloader' does not have many workers which may be a bottleneck. Consider increasing the value of the `num_workers` argument` to `num_workers=127` in the `DataLoader` to improve performance.
────────────────────────────────────────────────────────────────────────────────────────────────────────────────────────
     Validate metric           DataLoader 0
────────────────────────────────────────────────────────────────────────────────────────────────────────────────────────
      val_acc_epoch         0.5697609782218933
      val_auc_epoch          0.594641923904419
      val_f1_epoch           0.566196084022522
        val_loss            0.7082278728485107
────────────────────────────────────────────────────────────────────────────────────────────────────────────────────────
✅ Trial 268 completed - Val AUC: 0.5946
[I 2025-08-23 13:42:36,070] Trial 268 finished with value: -0.594641923904419 and parameters: {'dataset.max_walk_length': 81, 'dataset.num_walks': 230682, 'training.lr': 0.002034274010468947, 'training.weight_decay': 0.010634407334104782, 'training.batch_size': 64, 'training.gradient_clip_val': 0.6893525647632096, 'training.early_stopping_patience': 5, 'model.nhead_emb_combo': 19, 'model.hidden_dim': 16, 'model.nlayers': 5, 'model.dropout': 0.5819016009050216, 'training.epochs': 22}. Best is trial 229 with value: -0.6563454866409302.
/home/eng/shilo_avital/yolo_lab/walk_to_paint/optuna_run.py:147: FutureWarning: suggest_loguniform has been deprecated in v3.0.0. This feature will be removed in v6.0.0. See https://github.com/optuna/optuna/releases/tag/v3.0.0. Use suggest_float(..., log=True) instead.
  cfg.training.lr = trial.suggest_loguniform("training.lr", 1e-5, 1e-1)
/home/eng/shilo_avital/yolo_lab/walk_to_paint/optuna_run.py:148: FutureWarning: suggest_loguniform has been deprecated in v3.0.0. This feature will be removed in v6.0.0. See https://github.com/optuna/optuna/releases/tag/v3.0.0. Use suggest_float(..., log=True) instead.
  cfg.training.weight_decay = trial.suggest_loguniform(

🔬 Trial 269 hyperparameters:
  Walk length: 84, Num walks: 218,663
  LR: 1.48e-03, Batch size: 64
  Model: emb_dim=32, hidden_dim=16
  Transformer: 5 layers, 8 heads
  Epochs: 24, Weighted loss: True
Loading bitcoin-alpha-binary dataset...
Success! ✅
Splitting edges for bitcoin-alpha-binary dataset...
Success! ✅
Sampling random walks from bitcoin-alpha-binary dataset...
Success! ✅
Building tokenizer for bitcoin-alpha-binary dataset...
Success! ✅
Padding and building stage tensors for bitcoin-alpha-binary dataset...
Success! ✅
Creating DataLoaders for bitcoin-alpha-binary dataset...
Success! ✅
GPU available: True (cuda), used: True
TPU available: False, using: 0 TPU cores
HPU available: False, using: 0 HPUs
/home/eng/shilo_avital/yolo_lab/walk_to_paint/.venv/lib64/python3.9/site-packages/pytorch_lightning/callbacks/model_checkpoint.py:658: Checkpoint directory /home/eng/shilo_avital/yolo_lab/walk_to_paint/checkpoints exists and is not empty.
LOCAL_RANK: 0 - CUDA_VISIBLE_DEVICES: [3]
/home/eng/shilo_avital/yolo_lab/walk_to_paint/.venv/lib64/python3.9/site-packages/pytorch_lightning/trainer/connectors/data_connector.py:425: The 'val_dataloader' does not have many workers which may be a bottleneck. Consider increasing the value of the `num_workers` argument` to `num_workers=127` in the `DataLoader` to improve performance.
/home/eng/shilo_avital/yolo_lab/walk_to_paint/.venv/lib64/python3.9/site-packages/pytorch_lightning/trainer/connectors/data_connector.py:425: The 'train_dataloader' does not have many workers which may be a bottleneck. Consider increasing the value of the `num_workers` argument` to `num_workers=127` in the `DataLoader` to improve performance.
Metric val_auc_epoch improved. New best score: 0.534
Metric val_auc_epoch improved by 0.026 >= min_delta = 0.0. New best score: 0.560
Metric val_auc_epoch improved by 0.026 >= min_delta = 0.0. New best score: 0.586
Metric val_auc_epoch improved by 0.011 >= min_delta = 0.0. New best score: 0.597
Metric val_auc_epoch improved by 0.008 >= min_delta = 0.0. New best score: 0.605
Metric val_auc_epoch improved by 0.008 >= min_delta = 0.0. New best score: 0.613
Metric val_auc_epoch improved by 0.006 >= min_delta = 0.0. New best score: 0.619
Metric val_auc_epoch improved by 0.001 >= min_delta = 0.0. New best score: 0.620
Metric val_auc_epoch improved by 0.002 >= min_delta = 0.0. New best score: 0.622
Metric val_auc_epoch improved by 0.003 >= min_delta = 0.0. New best score: 0.625
Metric val_auc_epoch improved by 0.000 >= min_delta = 0.0. New best score: 0.626
Metric val_auc_epoch improved by 0.000 >= min_delta = 0.0. New best score: 0.626
Metric val_auc_epoch improved by 0.002 >= min_delta = 0.0. New best score: 0.628
Metric val_auc_epoch improved by 0.001 >= min_delta = 0.0. New best score: 0.629
Metric val_auc_epoch improved by 0.001 >= min_delta = 0.0. New best score: 0.629
Metric val_auc_epoch improved by 0.000 >= min_delta = 0.0. New best score: 0.630
Metric val_auc_epoch improved by 0.000 >= min_delta = 0.0. New best score: 0.630
`Trainer.fit` stopped: `max_epochs=24` reached.
Restoring states from the checkpoint path at /home/eng/shilo_avital/yolo_lab/walk_to_paint/checkpoints/trial_269-epoch=23-val_auc_epoch=0.6295.ckpt
LOCAL_RANK: 0 - CUDA_VISIBLE_DEVICES: [3]
Loaded model weights from the checkpoint at /home/eng/shilo_avital/yolo_lab/walk_to_paint/checkpoints/trial_269-epoch=23-val_auc_epoch=0.6295.ckpt
/home/eng/shilo_avital/yolo_lab/walk_to_paint/.venv/lib64/python3.9/site-packages/pytorch_lightning/trainer/connectors/data_connector.py:425: The 'val_dataloader' does not have many workers which may be a bottleneck. Consider increasing the value of the `num_workers` argument` to `num_workers=127` in the `DataLoader` to improve performance.
────────────────────────────────────────────────────────────────────────────────────────────────────────────────────────
     Validate metric           DataLoader 0
────────────────────────────────────────────────────────────────────────────────────────────────────────────────────────
      val_acc_epoch          0.597072958946228
      val_auc_epoch         0.6295121312141418
      val_f1_epoch          0.5847220420837402
        val_loss            1.0367575883865356
────────────────────────────────────────────────────────────────────────────────────────────────────────────────────────
✅ Trial 269 completed - Val AUC: 0.6295
[I 2025-08-23 14:05:40,963] Trial 269 finished with value: -0.6295121312141418 and parameters: {'dataset.max_walk_length': 84, 'dataset.num_walks': 218663, 'training.lr': 0.0014751953500285822, 'training.weight_decay': 0.005492425699098271, 'training.batch_size': 64, 'training.gradient_clip_val': 0.41632738438638156, 'training.early_stopping_patience': 6, 'model.nhead_emb_combo': 20, 'model.hidden_dim': 16, 'model.nlayers': 5, 'model.dropout': 0.6416102551615019, 'training.epochs': 24}. Best is trial 229 with value: -0.6563454866409302.
/home/eng/shilo_avital/yolo_lab/walk_to_paint/optuna_run.py:147: FutureWarning: suggest_loguniform has been deprecated in v3.0.0. This feature will be removed in v6.0.0. See https://github.com/optuna/optuna/releases/tag/v3.0.0. Use suggest_float(..., log=True) instead.
  cfg.training.lr = trial.suggest_loguniform("training.lr", 1e-5, 1e-1)
/home/eng/shilo_avital/yolo_lab/walk_to_paint/optuna_run.py:148: FutureWarning: suggest_loguniform has been deprecated in v3.0.0. This feature will be removed in v6.0.0. See https://github.com/optuna/optuna/releases/tag/v3.0.0. Use suggest_float(..., log=True) instead.
  cfg.training.weight_decay = trial.suggest_loguniform(

🔬 Trial 270 hyperparameters:
  Walk length: 90, Num walks: 288,706
  LR: 1.42e-03, Batch size: 64
  Model: emb_dim=32, hidden_dim=16
  Transformer: 5 layers, 8 heads
  Epochs: 24, Weighted loss: True
Loading bitcoin-alpha-binary dataset...
Success! ✅
Splitting edges for bitcoin-alpha-binary dataset...
Success! ✅
Sampling random walks from bitcoin-alpha-binary dataset...
Success! ✅
Building tokenizer for bitcoin-alpha-binary dataset...
Success! ✅
Padding and building stage tensors for bitcoin-alpha-binary dataset...
Success! ✅
Creating DataLoaders for bitcoin-alpha-binary dataset...
Success! ✅
GPU available: True (cuda), used: True
TPU available: False, using: 0 TPU cores
HPU available: False, using: 0 HPUs
/home/eng/shilo_avital/yolo_lab/walk_to_paint/.venv/lib64/python3.9/site-packages/pytorch_lightning/callbacks/model_checkpoint.py:658: Checkpoint directory /home/eng/shilo_avital/yolo_lab/walk_to_paint/checkpoints exists and is not empty.
LOCAL_RANK: 0 - CUDA_VISIBLE_DEVICES: [3]
/home/eng/shilo_avital/yolo_lab/walk_to_paint/.venv/lib64/python3.9/site-packages/pytorch_lightning/trainer/connectors/data_connector.py:425: The 'val_dataloader' does not have many workers which may be a bottleneck. Consider increasing the value of the `num_workers` argument` to `num_workers=127` in the `DataLoader` to improve performance.
/home/eng/shilo_avital/yolo_lab/walk_to_paint/.venv/lib64/python3.9/site-packages/pytorch_lightning/trainer/connectors/data_connector.py:425: The 'train_dataloader' does not have many workers which may be a bottleneck. Consider increasing the value of the `num_workers` argument` to `num_workers=127` in the `DataLoader` to improve performance.
Metric val_auc_epoch improved. New best score: 0.538
Metric val_auc_epoch improved by 0.002 >= min_delta = 0.0. New best score: 0.540
Metric val_auc_epoch improved by 0.039 >= min_delta = 0.0. New best score: 0.580
Metric val_auc_epoch improved by 0.017 >= min_delta = 0.0. New best score: 0.597
Metric val_auc_epoch improved by 0.004 >= min_delta = 0.0. New best score: 0.601
Metric val_auc_epoch improved by 0.013 >= min_delta = 0.0. New best score: 0.614
Metric val_auc_epoch improved by 0.001 >= min_delta = 0.0. New best score: 0.614
Metric val_auc_epoch improved by 0.002 >= min_delta = 0.0. New best score: 0.616
Metric val_auc_epoch improved by 0.002 >= min_delta = 0.0. New best score: 0.618
Monitored metric val_auc_epoch did not improve in the last 6 records. Best score: 0.618. Signaling Trainer to stop.
Restoring states from the checkpoint path at /home/eng/shilo_avital/yolo_lab/walk_to_paint/checkpoints/trial_270-epoch=13-val_auc_epoch=0.6179.ckpt
LOCAL_RANK: 0 - CUDA_VISIBLE_DEVICES: [3]
Loaded model weights from the checkpoint at /home/eng/shilo_avital/yolo_lab/walk_to_paint/checkpoints/trial_270-epoch=13-val_auc_epoch=0.6179.ckpt
/home/eng/shilo_avital/yolo_lab/walk_to_paint/.venv/lib64/python3.9/site-packages/pytorch_lightning/trainer/connectors/data_connector.py:425: The 'val_dataloader' does not have many workers which may be a bottleneck. Consider increasing the value of the `num_workers` argument` to `num_workers=127` in the `DataLoader` to improve performance.
────────────────────────────────────────────────────────────────────────────────────────────────────────────────────────
     Validate metric           DataLoader 0
────────────────────────────────────────────────────────────────────────────────────────────────────────────────────────
      val_acc_epoch         0.5945943593978882
      val_auc_epoch         0.6179496645927429
      val_f1_epoch          0.5851176977157593
        val_loss            0.9570225477218628
────────────────────────────────────────────────────────────────────────────────────────────────────────────────────────
✅ Trial 270 completed - Val AUC: 0.6179
