[I 2025-08-22 02:42:48,716] Trial 77 finished with value: -0.5602378249168396 and parameters: {'dataset.max_walk_length': 25, 'dataset.num_walks': 127986, 'training.lr': 1.2235036766412616e-05, 'training.weight_decay': 0.009101351573129425, 'training.batch_size': 256, 'training.gradient_clip_val': 1.9647275948636456, 'training.early_stopping_patience': 9, 'model.nhead_emb_combo': 5, 'model.hidden_dim': 16, 'model.nlayers': 2, 'model.dropout': 0.6000961739773695, 'training.epochs': 19}. Best is trial 1 with value: -0.6377121806144714.
/home/eng/shilo_avital/yolo_lab/walk_to_paint/optuna_run.py:147: FutureWarning: suggest_loguniform has been deprecated in v3.0.0. This feature will be removed in v6.0.0. See https://github.com/optuna/optuna/releases/tag/v3.0.0. Use suggest_float(..., log=True) instead.
  cfg.training.lr = trial.suggest_loguniform("training.lr", 1e-5, 1e-1)
/home/eng/shilo_avital/yolo_lab/walk_to_paint/optuna_run.py:148: FutureWarning: suggest_loguniform has been deprecated in v3.0.0. This feature will be removed in v6.0.0. See https://github.com/optuna/optuna/releases/tag/v3.0.0. Use suggest_float(..., log=True) instead.
  cfg.training.weight_decay = trial.suggest_loguniform(

🔬 Trial 78 hyperparameters:
  Walk length: 26, Num walks: 108,714
  LR: 2.31e-05, Batch size: 256
  Model: emb_dim=32, hidden_dim=8
  Transformer: 2 layers, 4 heads
  Epochs: 19, Weighted loss: True
Loading bitcoin-alpha-binary dataset...
Success! ✅
Splitting edges for bitcoin-alpha-binary dataset...
Success! ✅
Sampling random walks from bitcoin-alpha-binary dataset...
Success! ✅
Building tokenizer for bitcoin-alpha-binary dataset...
Success! ✅
Padding and building stage tensors for bitcoin-alpha-binary dataset...
Success! ✅
Creating DataLoaders for bitcoin-alpha-binary dataset...
Success! ✅
GPU available: True (cuda), used: True
TPU available: False, using: 0 TPU cores
HPU available: False, using: 0 HPUs
/home/eng/shilo_avital/yolo_lab/walk_to_paint/.venv/lib64/python3.9/site-packages/pytorch_lightning/callbacks/model_checkpoint.py:658: Checkpoint directory /home/eng/shilo_avital/yolo_lab/walk_to_paint/checkpoints exists and is not empty.
LOCAL_RANK: 0 - CUDA_VISIBLE_DEVICES: [3]
/home/eng/shilo_avital/yolo_lab/walk_to_paint/.venv/lib64/python3.9/site-packages/pytorch_lightning/trainer/connectors/data_connector.py:425: The 'val_dataloader' does not have many workers which may be a bottleneck. Consider increasing the value of the `num_workers` argument` to `num_workers=127` in the `DataLoader` to improve performance.
/home/eng/shilo_avital/yolo_lab/walk_to_paint/.venv/lib64/python3.9/site-packages/pytorch_lightning/trainer/connectors/data_connector.py:425: The 'train_dataloader' does not have many workers which may be a bottleneck. Consider increasing the value of the `num_workers` argument` to `num_workers=127` in the `DataLoader` to improve performance.
Metric val_auc_epoch improved. New best score: 0.498
Metric val_auc_epoch improved by 0.006 >= min_delta = 0.0. New best score: 0.503
Metric val_auc_epoch improved by 0.005 >= min_delta = 0.0. New best score: 0.509
Metric val_auc_epoch improved by 0.004 >= min_delta = 0.0. New best score: 0.513
Metric val_auc_epoch improved by 0.005 >= min_delta = 0.0. New best score: 0.518
Metric val_auc_epoch improved by 0.004 >= min_delta = 0.0. New best score: 0.522
Metric val_auc_epoch improved by 0.004 >= min_delta = 0.0. New best score: 0.525
Metric val_auc_epoch improved by 0.003 >= min_delta = 0.0. New best score: 0.528
Metric val_auc_epoch improved by 0.003 >= min_delta = 0.0. New best score: 0.531
Metric val_auc_epoch improved by 0.002 >= min_delta = 0.0. New best score: 0.534
Metric val_auc_epoch improved by 0.002 >= min_delta = 0.0. New best score: 0.536
Metric val_auc_epoch improved by 0.002 >= min_delta = 0.0. New best score: 0.537
Metric val_auc_epoch improved by 0.001 >= min_delta = 0.0. New best score: 0.538
Metric val_auc_epoch improved by 0.001 >= min_delta = 0.0. New best score: 0.539
Metric val_auc_epoch improved by 0.001 >= min_delta = 0.0. New best score: 0.540
Metric val_auc_epoch improved by 0.000 >= min_delta = 0.0. New best score: 0.540
Metric val_auc_epoch improved by 0.000 >= min_delta = 0.0. New best score: 0.540
Metric val_auc_epoch improved by 0.000 >= min_delta = 0.0. New best score: 0.541
Metric val_auc_epoch improved by 0.000 >= min_delta = 0.0. New best score: 0.541
`Trainer.fit` stopped: `max_epochs=19` reached.
Restoring states from the checkpoint path at /home/eng/shilo_avital/yolo_lab/walk_to_paint/checkpoints/trial_78-epoch=18-val_auc_epoch=0.5406.ckpt
LOCAL_RANK: 0 - CUDA_VISIBLE_DEVICES: [3]
Loaded model weights from the checkpoint at /home/eng/shilo_avital/yolo_lab/walk_to_paint/checkpoints/trial_78-epoch=18-val_auc_epoch=0.5406.ckpt
/home/eng/shilo_avital/yolo_lab/walk_to_paint/.venv/lib64/python3.9/site-packages/pytorch_lightning/trainer/connectors/data_connector.py:425: The 'val_dataloader' does not have many workers which may be a bottleneck. Consider increasing the value of the `num_workers` argument` to `num_workers=127` in the `DataLoader` to improve performance.
────────────────────────────────────────────────────────────────────────────────────────────────────────────────────────
     Validate metric           DataLoader 0
────────────────────────────────────────────────────────────────────────────────────────────────────────────────────────
      val_acc_epoch         0.5269813537597656
      val_auc_epoch         0.5405617952346802
      val_f1_epoch          0.5231879949569702
        val_loss            0.6903970837593079
────────────────────────────────────────────────────────────────────────────────────────────────────────────────────────
✅ Trial 78 completed - Val AUC: 0.5406
[I 2025-08-22 02:44:57,308] Trial 78 finished with value: -0.5405617952346802 and parameters: {'dataset.max_walk_length': 26, 'dataset.num_walks': 108714, 'training.lr': 2.3125541010333842e-05, 'training.weight_decay': 0.06034470854942199, 'training.batch_size': 256, 'training.gradient_clip_val': 1.9511633757797378, 'training.early_stopping_patience': 6, 'model.nhead_emb_combo': 15, 'model.hidden_dim': 8, 'model.nlayers': 2, 'model.dropout': 0.6998027561380616, 'training.epochs': 19}. Best is trial 1 with value: -0.6377121806144714.
/home/eng/shilo_avital/yolo_lab/walk_to_paint/optuna_run.py:147: FutureWarning: suggest_loguniform has been deprecated in v3.0.0. This feature will be removed in v6.0.0. See https://github.com/optuna/optuna/releases/tag/v3.0.0. Use suggest_float(..., log=True) instead.
  cfg.training.lr = trial.suggest_loguniform("training.lr", 1e-5, 1e-1)
/home/eng/shilo_avital/yolo_lab/walk_to_paint/optuna_run.py:148: FutureWarning: suggest_loguniform has been deprecated in v3.0.0. This feature will be removed in v6.0.0. See https://github.com/optuna/optuna/releases/tag/v3.0.0. Use suggest_float(..., log=True) instead.
  cfg.training.weight_decay = trial.suggest_loguniform(

🔬 Trial 79 hyperparameters:
  Walk length: 29, Num walks: 129,721
  LR: 4.15e-05, Batch size: 256
  Model: emb_dim=8, hidden_dim=128
  Transformer: 6 layers, 1 heads
  Epochs: 21, Weighted loss: True
Loading bitcoin-alpha-binary dataset...
Success! ✅
Splitting edges for bitcoin-alpha-binary dataset...
Success! ✅
Sampling random walks from bitcoin-alpha-binary dataset...
Success! ✅
Building tokenizer for bitcoin-alpha-binary dataset...
Success! ✅
Padding and building stage tensors for bitcoin-alpha-binary dataset...
Success! ✅
Creating DataLoaders for bitcoin-alpha-binary dataset...
Success! ✅
/home/eng/shilo_avital/yolo_lab/walk_to_paint/.venv/lib64/python3.9/site-packages/torch/nn/modules/transformer.py:382: UserWarning: enable_nested_tensor is True, but self.use_nested_tensor is False because encoder_layer.self_attn.num_heads is odd
  warnings.warn(
GPU available: True (cuda), used: True
TPU available: False, using: 0 TPU cores
HPU available: False, using: 0 HPUs
/home/eng/shilo_avital/yolo_lab/walk_to_paint/.venv/lib64/python3.9/site-packages/pytorch_lightning/callbacks/model_checkpoint.py:658: Checkpoint directory /home/eng/shilo_avital/yolo_lab/walk_to_paint/checkpoints exists and is not empty.
LOCAL_RANK: 0 - CUDA_VISIBLE_DEVICES: [3]
/home/eng/shilo_avital/yolo_lab/walk_to_paint/.venv/lib64/python3.9/site-packages/pytorch_lightning/trainer/connectors/data_connector.py:425: The 'val_dataloader' does not have many workers which may be a bottleneck. Consider increasing the value of the `num_workers` argument` to `num_workers=127` in the `DataLoader` to improve performance.
/home/eng/shilo_avital/yolo_lab/walk_to_paint/.venv/lib64/python3.9/site-packages/pytorch_lightning/trainer/connectors/data_connector.py:425: The 'train_dataloader' does not have many workers which may be a bottleneck. Consider increasing the value of the `num_workers` argument` to `num_workers=127` in the `DataLoader` to improve performance.
Metric val_auc_epoch improved. New best score: 0.495
Metric val_auc_epoch improved by 0.001 >= min_delta = 0.0. New best score: 0.496
Metric val_auc_epoch improved by 0.001 >= min_delta = 0.0. New best score: 0.497
Metric val_auc_epoch improved by 0.001 >= min_delta = 0.0. New best score: 0.498
Metric val_auc_epoch improved by 0.001 >= min_delta = 0.0. New best score: 0.499
Metric val_auc_epoch improved by 0.001 >= min_delta = 0.0. New best score: 0.499
Metric val_auc_epoch improved by 0.001 >= min_delta = 0.0. New best score: 0.500
Metric val_auc_epoch improved by 0.001 >= min_delta = 0.0. New best score: 0.501
Metric val_auc_epoch improved by 0.000 >= min_delta = 0.0. New best score: 0.501
Metric val_auc_epoch improved by 0.000 >= min_delta = 0.0. New best score: 0.501
Metric val_auc_epoch improved by 0.000 >= min_delta = 0.0. New best score: 0.502
Metric val_auc_epoch improved by 0.001 >= min_delta = 0.0. New best score: 0.502
Metric val_auc_epoch improved by 0.000 >= min_delta = 0.0. New best score: 0.503
Metric val_auc_epoch improved by 0.001 >= min_delta = 0.0. New best score: 0.503
Metric val_auc_epoch improved by 0.000 >= min_delta = 0.0. New best score: 0.504
Metric val_auc_epoch improved by 0.000 >= min_delta = 0.0. New best score: 0.504
Metric val_auc_epoch improved by 0.000 >= min_delta = 0.0. New best score: 0.504
Metric val_auc_epoch improved by 0.000 >= min_delta = 0.0. New best score: 0.504
Metric val_auc_epoch improved by 0.000 >= min_delta = 0.0. New best score: 0.504
Metric val_auc_epoch improved by 0.000 >= min_delta = 0.0. New best score: 0.504
Metric val_auc_epoch improved by 0.000 >= min_delta = 0.0. New best score: 0.504
`Trainer.fit` stopped: `max_epochs=21` reached.
Restoring states from the checkpoint path at /home/eng/shilo_avital/yolo_lab/walk_to_paint/checkpoints/trial_79-epoch=20-val_auc_epoch=0.5044.ckpt
LOCAL_RANK: 0 - CUDA_VISIBLE_DEVICES: [3]
Loaded model weights from the checkpoint at /home/eng/shilo_avital/yolo_lab/walk_to_paint/checkpoints/trial_79-epoch=20-val_auc_epoch=0.5044.ckpt
/home/eng/shilo_avital/yolo_lab/walk_to_paint/.venv/lib64/python3.9/site-packages/pytorch_lightning/trainer/connectors/data_connector.py:425: The 'val_dataloader' does not have many workers which may be a bottleneck. Consider increasing the value of the `num_workers` argument` to `num_workers=127` in the `DataLoader` to improve performance.
────────────────────────────────────────────────────────────────────────────────────────────────────────────────────────
     Validate metric           DataLoader 0
────────────────────────────────────────────────────────────────────────────────────────────────────────────────────────
      val_acc_epoch         0.5025274753570557
      val_auc_epoch         0.5043636560440063
      val_f1_epoch          0.46775537729263306
        val_loss            0.6931361556053162
────────────────────────────────────────────────────────────────────────────────────────────────────────────────────────
✅ Trial 79 completed - Val AUC: 0.5044
[I 2025-08-22 02:48:41,663] Trial 79 finished with value: -0.5043636560440063 and parameters: {'dataset.max_walk_length': 29, 'dataset.num_walks': 129721, 'training.lr': 4.149498927240674e-05, 'training.weight_decay': 0.026804348592171554, 'training.batch_size': 256, 'training.gradient_clip_val': 1.7076044246322462, 'training.early_stopping_patience': 15, 'model.nhead_emb_combo': 1, 'model.hidden_dim': 128, 'model.nlayers': 6, 'model.dropout': 0.590291012372907, 'training.epochs': 21}. Best is trial 1 with value: -0.6377121806144714.
/home/eng/shilo_avital/yolo_lab/walk_to_paint/optuna_run.py:147: FutureWarning: suggest_loguniform has been deprecated in v3.0.0. This feature will be removed in v6.0.0. See https://github.com/optuna/optuna/releases/tag/v3.0.0. Use suggest_float(..., log=True) instead.
  cfg.training.lr = trial.suggest_loguniform("training.lr", 1e-5, 1e-1)
/home/eng/shilo_avital/yolo_lab/walk_to_paint/optuna_run.py:148: FutureWarning: suggest_loguniform has been deprecated in v3.0.0. This feature will be removed in v6.0.0. See https://github.com/optuna/optuna/releases/tag/v3.0.0. Use suggest_float(..., log=True) instead.
  cfg.training.weight_decay = trial.suggest_loguniform(

🔬 Trial 80 hyperparameters:
  Walk length: 16, Num walks: 144,708
  LR: 3.05e-05, Batch size: 256
  Model: emb_dim=16, hidden_dim=16
  Transformer: 2 layers, 1 heads
  Epochs: 18, Weighted loss: True
Loading bitcoin-alpha-binary dataset...
Success! ✅
Splitting edges for bitcoin-alpha-binary dataset...
Success! ✅
Sampling random walks from bitcoin-alpha-binary dataset...
Success! ✅
Building tokenizer for bitcoin-alpha-binary dataset...
Success! ✅
Padding and building stage tensors for bitcoin-alpha-binary dataset...
Success! ✅
Creating DataLoaders for bitcoin-alpha-binary dataset...
Success! ✅
/home/eng/shilo_avital/yolo_lab/walk_to_paint/.venv/lib64/python3.9/site-packages/torch/nn/modules/transformer.py:382: UserWarning: enable_nested_tensor is True, but self.use_nested_tensor is False because encoder_layer.self_attn.num_heads is odd
  warnings.warn(
GPU available: True (cuda), used: True
TPU available: False, using: 0 TPU cores
HPU available: False, using: 0 HPUs
/home/eng/shilo_avital/yolo_lab/walk_to_paint/.venv/lib64/python3.9/site-packages/pytorch_lightning/callbacks/model_checkpoint.py:658: Checkpoint directory /home/eng/shilo_avital/yolo_lab/walk_to_paint/checkpoints exists and is not empty.
LOCAL_RANK: 0 - CUDA_VISIBLE_DEVICES: [3]
/home/eng/shilo_avital/yolo_lab/walk_to_paint/.venv/lib64/python3.9/site-packages/pytorch_lightning/trainer/connectors/data_connector.py:425: The 'val_dataloader' does not have many workers which may be a bottleneck. Consider increasing the value of the `num_workers` argument` to `num_workers=127` in the `DataLoader` to improve performance.
/home/eng/shilo_avital/yolo_lab/walk_to_paint/.venv/lib64/python3.9/site-packages/pytorch_lightning/trainer/connectors/data_connector.py:425: The 'train_dataloader' does not have many workers which may be a bottleneck. Consider increasing the value of the `num_workers` argument` to `num_workers=127` in the `DataLoader` to improve performance.
Metric val_auc_epoch improved. New best score: 0.495
Metric val_auc_epoch improved by 0.006 >= min_delta = 0.0. New best score: 0.500
Metric val_auc_epoch improved by 0.006 >= min_delta = 0.0. New best score: 0.506
Metric val_auc_epoch improved by 0.005 >= min_delta = 0.0. New best score: 0.511
Metric val_auc_epoch improved by 0.005 >= min_delta = 0.0. New best score: 0.517
Metric val_auc_epoch improved by 0.004 >= min_delta = 0.0. New best score: 0.521
Metric val_auc_epoch improved by 0.004 >= min_delta = 0.0. New best score: 0.525
Metric val_auc_epoch improved by 0.004 >= min_delta = 0.0. New best score: 0.529
Metric val_auc_epoch improved by 0.003 >= min_delta = 0.0. New best score: 0.532
Metric val_auc_epoch improved by 0.002 >= min_delta = 0.0. New best score: 0.534
Metric val_auc_epoch improved by 0.002 >= min_delta = 0.0. New best score: 0.537
Metric val_auc_epoch improved by 0.002 >= min_delta = 0.0. New best score: 0.539
Metric val_auc_epoch improved by 0.001 >= min_delta = 0.0. New best score: 0.540
Metric val_auc_epoch improved by 0.001 >= min_delta = 0.0. New best score: 0.541
Metric val_auc_epoch improved by 0.001 >= min_delta = 0.0. New best score: 0.542
Metric val_auc_epoch improved by 0.000 >= min_delta = 0.0. New best score: 0.542
Metric val_auc_epoch improved by 0.000 >= min_delta = 0.0. New best score: 0.542
Metric val_auc_epoch improved by 0.000 >= min_delta = 0.0. New best score: 0.542
`Trainer.fit` stopped: `max_epochs=18` reached.
Restoring states from the checkpoint path at /home/eng/shilo_avital/yolo_lab/walk_to_paint/checkpoints/trial_80-epoch=17-val_auc_epoch=0.5420.ckpt
LOCAL_RANK: 0 - CUDA_VISIBLE_DEVICES: [3]
Loaded model weights from the checkpoint at /home/eng/shilo_avital/yolo_lab/walk_to_paint/checkpoints/trial_80-epoch=17-val_auc_epoch=0.5420.ckpt
/home/eng/shilo_avital/yolo_lab/walk_to_paint/.venv/lib64/python3.9/site-packages/pytorch_lightning/trainer/connectors/data_connector.py:425: The 'val_dataloader' does not have many workers which may be a bottleneck. Consider increasing the value of the `num_workers` argument` to `num_workers=127` in the `DataLoader` to improve performance.
────────────────────────────────────────────────────────────────────────────────────────────────────────────────────────
     Validate metric           DataLoader 0
────────────────────────────────────────────────────────────────────────────────────────────────────────────────────────
      val_acc_epoch         0.5295291543006897
      val_auc_epoch         0.5420440435409546
      val_f1_epoch          0.5295604467391968
        val_loss            0.6907235383987427
────────────────────────────────────────────────────────────────────────────────────────────────────────────────────────
✅ Trial 80 completed - Val AUC: 0.5420
