[I 2025-08-22 11:56:29,005] Trial 147 finished with value: -0.5470942258834839 and parameters: {'dataset.max_walk_length': 23, 'dataset.num_walks': 106987, 'training.lr': 1.7570522452535783e-05, 'training.weight_decay': 0.0020702458902806956, 'training.batch_size': 64, 'training.gradient_clip_val': 1.9079657448707594, 'training.early_stopping_patience': 6, 'model.nhead_emb_combo': 1, 'model.hidden_dim': 16, 'model.nlayers': 2, 'model.dropout': 0.4748154231234731, 'training.epochs': 30}. Best is trial 1 with value: -0.6377121806144714.
/home/eng/shilo_avital/yolo_lab/walk_to_paint/optuna_run.py:147: FutureWarning: suggest_loguniform has been deprecated in v3.0.0. This feature will be removed in v6.0.0. See https://github.com/optuna/optuna/releases/tag/v3.0.0. Use suggest_float(..., log=True) instead.
  cfg.training.lr = trial.suggest_loguniform("training.lr", 1e-5, 1e-1)
/home/eng/shilo_avital/yolo_lab/walk_to_paint/optuna_run.py:148: FutureWarning: suggest_loguniform has been deprecated in v3.0.0. This feature will be removed in v6.0.0. See https://github.com/optuna/optuna/releases/tag/v3.0.0. Use suggest_float(..., log=True) instead.
  cfg.training.weight_decay = trial.suggest_loguniform(

🔬 Trial 148 hyperparameters:
  Walk length: 27, Num walks: 118,041
  LR: 2.17e-05, Batch size: 64
  Model: emb_dim=16, hidden_dim=16
  Transformer: 2 layers, 1 heads
  Epochs: 30, Weighted loss: True
Loading bitcoin-alpha-binary dataset...
Success! ✅
Splitting edges for bitcoin-alpha-binary dataset...
Success! ✅
Sampling random walks from bitcoin-alpha-binary dataset...
Success! ✅
Building tokenizer for bitcoin-alpha-binary dataset...
Success! ✅
Padding and building stage tensors for bitcoin-alpha-binary dataset...
Success! ✅
Creating DataLoaders for bitcoin-alpha-binary dataset...
Success! ✅
/home/eng/shilo_avital/yolo_lab/walk_to_paint/.venv/lib64/python3.9/site-packages/torch/nn/modules/transformer.py:382: UserWarning: enable_nested_tensor is True, but self.use_nested_tensor is False because encoder_layer.self_attn.num_heads is odd
  warnings.warn(
GPU available: True (cuda), used: True
TPU available: False, using: 0 TPU cores
HPU available: False, using: 0 HPUs
/home/eng/shilo_avital/yolo_lab/walk_to_paint/.venv/lib64/python3.9/site-packages/pytorch_lightning/callbacks/model_checkpoint.py:658: Checkpoint directory /home/eng/shilo_avital/yolo_lab/walk_to_paint/checkpoints exists and is not empty.
LOCAL_RANK: 0 - CUDA_VISIBLE_DEVICES: [3]
/home/eng/shilo_avital/yolo_lab/walk_to_paint/.venv/lib64/python3.9/site-packages/pytorch_lightning/trainer/connectors/data_connector.py:425: The 'val_dataloader' does not have many workers which may be a bottleneck. Consider increasing the value of the `num_workers` argument` to `num_workers=127` in the `DataLoader` to improve performance.
/home/eng/shilo_avital/yolo_lab/walk_to_paint/.venv/lib64/python3.9/site-packages/pytorch_lightning/trainer/connectors/data_connector.py:425: The 'train_dataloader' does not have many workers which may be a bottleneck. Consider increasing the value of the `num_workers` argument` to `num_workers=127` in the `DataLoader` to improve performance.
Metric val_auc_epoch improved. New best score: 0.505
Metric val_auc_epoch improved by 0.006 >= min_delta = 0.0. New best score: 0.511
Metric val_auc_epoch improved by 0.008 >= min_delta = 0.0. New best score: 0.519
Metric val_auc_epoch improved by 0.009 >= min_delta = 0.0. New best score: 0.528
Metric val_auc_epoch improved by 0.008 >= min_delta = 0.0. New best score: 0.536
Metric val_auc_epoch improved by 0.006 >= min_delta = 0.0. New best score: 0.542
Metric val_auc_epoch improved by 0.003 >= min_delta = 0.0. New best score: 0.545
Metric val_auc_epoch improved by 0.002 >= min_delta = 0.0. New best score: 0.547
Metric val_auc_epoch improved by 0.001 >= min_delta = 0.0. New best score: 0.549
Metric val_auc_epoch improved by 0.001 >= min_delta = 0.0. New best score: 0.550
Metric val_auc_epoch improved by 0.001 >= min_delta = 0.0. New best score: 0.550
Metric val_auc_epoch improved by 0.000 >= min_delta = 0.0. New best score: 0.551
Metric val_auc_epoch improved by 0.000 >= min_delta = 0.0. New best score: 0.551
Metric val_auc_epoch improved by 0.000 >= min_delta = 0.0. New best score: 0.552
Metric val_auc_epoch improved by 0.000 >= min_delta = 0.0. New best score: 0.552
Metric val_auc_epoch improved by 0.000 >= min_delta = 0.0. New best score: 0.552
Metric val_auc_epoch improved by 0.000 >= min_delta = 0.0. New best score: 0.552
Metric val_auc_epoch improved by 0.000 >= min_delta = 0.0. New best score: 0.552
Metric val_auc_epoch improved by 0.000 >= min_delta = 0.0. New best score: 0.552
Metric val_auc_epoch improved by 0.000 >= min_delta = 0.0. New best score: 0.552
Metric val_auc_epoch improved by 0.000 >= min_delta = 0.0. New best score: 0.552
Metric val_auc_epoch improved by 0.000 >= min_delta = 0.0. New best score: 0.552
Metric val_auc_epoch improved by 0.000 >= min_delta = 0.0. New best score: 0.552
Metric val_auc_epoch improved by 0.000 >= min_delta = 0.0. New best score: 0.552
Metric val_auc_epoch improved by 0.000 >= min_delta = 0.0. New best score: 0.552
Metric val_auc_epoch improved by 0.000 >= min_delta = 0.0. New best score: 0.552
Metric val_auc_epoch improved by 0.000 >= min_delta = 0.0. New best score: 0.552
`Trainer.fit` stopped: `max_epochs=30` reached.
Restoring states from the checkpoint path at /home/eng/shilo_avital/yolo_lab/walk_to_paint/checkpoints/trial_148-epoch=28-val_auc_epoch=0.5522.ckpt
LOCAL_RANK: 0 - CUDA_VISIBLE_DEVICES: [3]
Loaded model weights from the checkpoint at /home/eng/shilo_avital/yolo_lab/walk_to_paint/checkpoints/trial_148-epoch=28-val_auc_epoch=0.5522.ckpt
/home/eng/shilo_avital/yolo_lab/walk_to_paint/.venv/lib64/python3.9/site-packages/pytorch_lightning/trainer/connectors/data_connector.py:425: The 'val_dataloader' does not have many workers which may be a bottleneck. Consider increasing the value of the `num_workers` argument` to `num_workers=127` in the `DataLoader` to improve performance.
────────────────────────────────────────────────────────────────────────────────────────────────────────────────────────
     Validate metric           DataLoader 0
────────────────────────────────────────────────────────────────────────────────────────────────────────────────────────
      val_acc_epoch         0.5324952602386475
      val_auc_epoch         0.5521743297576904
      val_f1_epoch          0.5140305161476135
        val_loss            0.6898131370544434
────────────────────────────────────────────────────────────────────────────────────────────────────────────────────────
✅ Trial 148 completed - Val AUC: 0.5522
[I 2025-08-22 12:06:41,454] Trial 148 finished with value: -0.5521743297576904 and parameters: {'dataset.max_walk_length': 27, 'dataset.num_walks': 118041, 'training.lr': 2.172819776255185e-05, 'training.weight_decay': 0.0015295273009749747, 'training.batch_size': 64, 'training.gradient_clip_val': 1.8366231387785674, 'training.early_stopping_patience': 16, 'model.nhead_emb_combo': 2, 'model.hidden_dim': 16, 'model.nlayers': 2, 'model.dropout': 0.4930056790893693, 'training.epochs': 30}. Best is trial 1 with value: -0.6377121806144714.
/home/eng/shilo_avital/yolo_lab/walk_to_paint/optuna_run.py:147: FutureWarning: suggest_loguniform has been deprecated in v3.0.0. This feature will be removed in v6.0.0. See https://github.com/optuna/optuna/releases/tag/v3.0.0. Use suggest_float(..., log=True) instead.
  cfg.training.lr = trial.suggest_loguniform("training.lr", 1e-5, 1e-1)
/home/eng/shilo_avital/yolo_lab/walk_to_paint/optuna_run.py:148: FutureWarning: suggest_loguniform has been deprecated in v3.0.0. This feature will be removed in v6.0.0. See https://github.com/optuna/optuna/releases/tag/v3.0.0. Use suggest_float(..., log=True) instead.
  cfg.training.weight_decay = trial.suggest_loguniform(

🔬 Trial 149 hyperparameters:
  Walk length: 38, Num walks: 100,276
  LR: 1.28e-05, Batch size: 64
  Model: emb_dim=4, hidden_dim=16
  Transformer: 2 layers, 1 heads
  Epochs: 29, Weighted loss: True
Loading bitcoin-alpha-binary dataset...
Success! ✅
Splitting edges for bitcoin-alpha-binary dataset...
Success! ✅
Sampling random walks from bitcoin-alpha-binary dataset...
Success! ✅
Building tokenizer for bitcoin-alpha-binary dataset...
Success! ✅
Padding and building stage tensors for bitcoin-alpha-binary dataset...
Success! ✅
Creating DataLoaders for bitcoin-alpha-binary dataset...
Success! ✅
/home/eng/shilo_avital/yolo_lab/walk_to_paint/.venv/lib64/python3.9/site-packages/torch/nn/modules/transformer.py:382: UserWarning: enable_nested_tensor is True, but self.use_nested_tensor is False because encoder_layer.self_attn.num_heads is odd
  warnings.warn(
GPU available: True (cuda), used: True
TPU available: False, using: 0 TPU cores
HPU available: False, using: 0 HPUs
/home/eng/shilo_avital/yolo_lab/walk_to_paint/.venv/lib64/python3.9/site-packages/pytorch_lightning/callbacks/model_checkpoint.py:658: Checkpoint directory /home/eng/shilo_avital/yolo_lab/walk_to_paint/checkpoints exists and is not empty.
LOCAL_RANK: 0 - CUDA_VISIBLE_DEVICES: [3]
/home/eng/shilo_avital/yolo_lab/walk_to_paint/.venv/lib64/python3.9/site-packages/pytorch_lightning/trainer/connectors/data_connector.py:425: The 'val_dataloader' does not have many workers which may be a bottleneck. Consider increasing the value of the `num_workers` argument` to `num_workers=127` in the `DataLoader` to improve performance.
/home/eng/shilo_avital/yolo_lab/walk_to_paint/.venv/lib64/python3.9/site-packages/pytorch_lightning/trainer/connectors/data_connector.py:425: The 'train_dataloader' does not have many workers which may be a bottleneck. Consider increasing the value of the `num_workers` argument` to `num_workers=127` in the `DataLoader` to improve performance.
Metric val_auc_epoch improved. New best score: 0.500
Monitored metric val_auc_epoch did not improve in the last 6 records. Best score: 0.500. Signaling Trainer to stop.
Restoring states from the checkpoint path at /home/eng/shilo_avital/yolo_lab/walk_to_paint/checkpoints/trial_149-epoch=00-val_auc_epoch=0.4999.ckpt
LOCAL_RANK: 0 - CUDA_VISIBLE_DEVICES: [3]
Loaded model weights from the checkpoint at /home/eng/shilo_avital/yolo_lab/walk_to_paint/checkpoints/trial_149-epoch=00-val_auc_epoch=0.4999.ckpt
/home/eng/shilo_avital/yolo_lab/walk_to_paint/.venv/lib64/python3.9/site-packages/pytorch_lightning/trainer/connectors/data_connector.py:425: The 'val_dataloader' does not have many workers which may be a bottleneck. Consider increasing the value of the `num_workers` argument` to `num_workers=127` in the `DataLoader` to improve performance.
────────────────────────────────────────────────────────────────────────────────────────────────────────────────────────
     Validate metric           DataLoader 0
────────────────────────────────────────────────────────────────────────────────────────────────────────────────────────
      val_acc_epoch         0.4999984800815582
      val_auc_epoch         0.4999426007270813
      val_f1_epoch          0.29679572582244873
        val_loss            0.7432776689529419
────────────────────────────────────────────────────────────────────────────────────────────────────────────────────────
✅ Trial 149 completed - Val AUC: 0.4999
[I 2025-08-22 12:08:59,533] Trial 149 finished with value: -0.4999426007270813 and parameters: {'dataset.max_walk_length': 38, 'dataset.num_walks': 100276, 'training.lr': 1.2822420909368049e-05, 'training.weight_decay': 0.0013004784801701602, 'training.batch_size': 64, 'training.gradient_clip_val': 1.9521616254479213, 'training.early_stopping_patience': 6, 'model.nhead_emb_combo': 0, 'model.hidden_dim': 16, 'model.nlayers': 2, 'model.dropout': 0.6259071327682638, 'training.epochs': 29}. Best is trial 1 with value: -0.6377121806144714.
/home/eng/shilo_avital/yolo_lab/walk_to_paint/optuna_run.py:147: FutureWarning: suggest_loguniform has been deprecated in v3.0.0. This feature will be removed in v6.0.0. See https://github.com/optuna/optuna/releases/tag/v3.0.0. Use suggest_float(..., log=True) instead.
  cfg.training.lr = trial.suggest_loguniform("training.lr", 1e-5, 1e-1)
/home/eng/shilo_avital/yolo_lab/walk_to_paint/optuna_run.py:148: FutureWarning: suggest_loguniform has been deprecated in v3.0.0. This feature will be removed in v6.0.0. See https://github.com/optuna/optuna/releases/tag/v3.0.0. Use suggest_float(..., log=True) instead.
  cfg.training.weight_decay = trial.suggest_loguniform(

🔬 Trial 150 hyperparameters:
  Walk length: 11, Num walks: 340,482
  LR: 1.55e-05, Batch size: 64
  Model: emb_dim=16, hidden_dim=16
  Transformer: 2 layers, 1 heads
  Epochs: 30, Weighted loss: True
Loading bitcoin-alpha-binary dataset...
Success! ✅
Splitting edges for bitcoin-alpha-binary dataset...
Success! ✅
Sampling random walks from bitcoin-alpha-binary dataset...
Success! ✅
Building tokenizer for bitcoin-alpha-binary dataset...
Success! ✅
Padding and building stage tensors for bitcoin-alpha-binary dataset...
Success! ✅
Creating DataLoaders for bitcoin-alpha-binary dataset...
Success! ✅
/home/eng/shilo_avital/yolo_lab/walk_to_paint/.venv/lib64/python3.9/site-packages/torch/nn/modules/transformer.py:382: UserWarning: enable_nested_tensor is True, but self.use_nested_tensor is False because encoder_layer.self_attn.num_heads is odd
  warnings.warn(
GPU available: True (cuda), used: True
TPU available: False, using: 0 TPU cores
HPU available: False, using: 0 HPUs
/home/eng/shilo_avital/yolo_lab/walk_to_paint/.venv/lib64/python3.9/site-packages/pytorch_lightning/callbacks/model_checkpoint.py:658: Checkpoint directory /home/eng/shilo_avital/yolo_lab/walk_to_paint/checkpoints exists and is not empty.
LOCAL_RANK: 0 - CUDA_VISIBLE_DEVICES: [3]
/home/eng/shilo_avital/yolo_lab/walk_to_paint/.venv/lib64/python3.9/site-packages/pytorch_lightning/trainer/connectors/data_connector.py:425: The 'val_dataloader' does not have many workers which may be a bottleneck. Consider increasing the value of the `num_workers` argument` to `num_workers=127` in the `DataLoader` to improve performance.
/home/eng/shilo_avital/yolo_lab/walk_to_paint/.venv/lib64/python3.9/site-packages/pytorch_lightning/trainer/connectors/data_connector.py:425: The 'train_dataloader' does not have many workers which may be a bottleneck. Consider increasing the value of the `num_workers` argument` to `num_workers=127` in the `DataLoader` to improve performance.
Metric val_auc_epoch improved. New best score: 0.552
Metric val_auc_epoch improved by 0.013 >= min_delta = 0.0. New best score: 0.564
Metric val_auc_epoch improved by 0.004 >= min_delta = 0.0. New best score: 0.568
Metric val_auc_epoch improved by 0.002 >= min_delta = 0.0. New best score: 0.570
Metric val_auc_epoch improved by 0.001 >= min_delta = 0.0. New best score: 0.571
❌ Trial 150 failed: Trial was pruned at epoch 5.
[I 2025-08-22 12:14:35,693] Trial 150 finished with value: 0.0 and parameters: {'dataset.max_walk_length': 11, 'dataset.num_walks': 340482, 'training.lr': 1.545324943810124e-05, 'training.weight_decay': 0.002455845817436482, 'training.batch_size': 64, 'training.gradient_clip_val': 1.132094069676692, 'training.early_stopping_patience': 6, 'model.nhead_emb_combo': 2, 'model.hidden_dim': 16, 'model.nlayers': 2, 'model.dropout': 0.48437393838295423, 'training.epochs': 30}. Best is trial 1 with value: -0.6377121806144714.
🧹 Cleaning up old checkpoints and logs (keeping top 10)...
  Removed old checkpoint: trial_140-epoch=04-val_auc_epoch=0.6090.ckpt
  Removed old checkpoint: trial_139-epoch=08-val_auc_epoch=0.5561.ckpt
  Removed old checkpoint: trial_138-epoch=24-val_auc_epoch=0.5326.ckpt
  Removed old checkpoint: trial_137-epoch=24-val_auc_epoch=0.5640.ckpt
  Removed old checkpoint: trial_136-epoch=13-val_auc_epoch=0.5424.ckpt
  Removed old log dir: trial_140
  Removed old log dir: trial_139
  Removed old log dir: trial_138
  Removed old log dir: trial_137
  Removed old log dir: trial_136
/home/eng/shilo_avital/yolo_lab/walk_to_paint/optuna_run.py:147: FutureWarning: suggest_loguniform has been deprecated in v3.0.0. This feature will be removed in v6.0.0. See https://github.com/optuna/optuna/releases/tag/v3.0.0. Use suggest_float(..., log=True) instead.
  cfg.training.lr = trial.suggest_loguniform("training.lr", 1e-5, 1e-1)
/home/eng/shilo_avital/yolo_lab/walk_to_paint/optuna_run.py:148: FutureWarning: suggest_loguniform has been deprecated in v3.0.0. This feature will be removed in v6.0.0. See https://github.com/optuna/optuna/releases/tag/v3.0.0. Use suggest_float(..., log=True) instead.
  cfg.training.weight_decay = trial.suggest_loguniform(

🔬 Trial 151 hyperparameters:
  Walk length: 20, Num walks: 121,407
  LR: 2.94e-05, Batch size: 64
  Model: emb_dim=32, hidden_dim=16
  Transformer: 2 layers, 1 heads
  Epochs: 29, Weighted loss: True
Loading bitcoin-alpha-binary dataset...
Success! ✅
Splitting edges for bitcoin-alpha-binary dataset...
Success! ✅
Sampling random walks from bitcoin-alpha-binary dataset...
Success! ✅
Building tokenizer for bitcoin-alpha-binary dataset...
Success! ✅
Padding and building stage tensors for bitcoin-alpha-binary dataset...
Success! ✅
Creating DataLoaders for bitcoin-alpha-binary dataset...
Success! ✅
/home/eng/shilo_avital/yolo_lab/walk_to_paint/.venv/lib64/python3.9/site-packages/torch/nn/modules/transformer.py:382: UserWarning: enable_nested_tensor is True, but self.use_nested_tensor is False because encoder_layer.self_attn.num_heads is odd
  warnings.warn(
GPU available: True (cuda), used: True
TPU available: False, using: 0 TPU cores
HPU available: False, using: 0 HPUs
/home/eng/shilo_avital/yolo_lab/walk_to_paint/.venv/lib64/python3.9/site-packages/pytorch_lightning/callbacks/model_checkpoint.py:658: Checkpoint directory /home/eng/shilo_avital/yolo_lab/walk_to_paint/checkpoints exists and is not empty.
LOCAL_RANK: 0 - CUDA_VISIBLE_DEVICES: [3]
/home/eng/shilo_avital/yolo_lab/walk_to_paint/.venv/lib64/python3.9/site-packages/pytorch_lightning/trainer/connectors/data_connector.py:425: The 'val_dataloader' does not have many workers which may be a bottleneck. Consider increasing the value of the `num_workers` argument` to `num_workers=127` in the `DataLoader` to improve performance.
/home/eng/shilo_avital/yolo_lab/walk_to_paint/.venv/lib64/python3.9/site-packages/pytorch_lightning/trainer/connectors/data_connector.py:425: The 'train_dataloader' does not have many workers which may be a bottleneck. Consider increasing the value of the `num_workers` argument` to `num_workers=127` in the `DataLoader` to improve performance.
Metric val_auc_epoch improved. New best score: 0.541
Metric val_auc_epoch improved by 0.023 >= min_delta = 0.0. New best score: 0.563
Metric val_auc_epoch improved by 0.008 >= min_delta = 0.0. New best score: 0.571
Metric val_auc_epoch improved by 0.004 >= min_delta = 0.0. New best score: 0.575
Metric val_auc_epoch improved by 0.002 >= min_delta = 0.0. New best score: 0.577
Metric val_auc_epoch improved by 0.002 >= min_delta = 0.0. New best score: 0.579
Metric val_auc_epoch improved by 0.001 >= min_delta = 0.0. New best score: 0.580
Metric val_auc_epoch improved by 0.001 >= min_delta = 0.0. New best score: 0.581
Metric val_auc_epoch improved by 0.000 >= min_delta = 0.0. New best score: 0.581
Metric val_auc_epoch improved by 0.000 >= min_delta = 0.0. New best score: 0.581
Metric val_auc_epoch improved by 0.000 >= min_delta = 0.0. New best score: 0.581
Metric val_auc_epoch improved by 0.000 >= min_delta = 0.0. New best score: 0.582
Metric val_auc_epoch improved by 0.000 >= min_delta = 0.0. New best score: 0.582
Metric val_auc_epoch improved by 0.000 >= min_delta = 0.0. New best score: 0.582
Metric val_auc_epoch improved by 0.000 >= min_delta = 0.0. New best score: 0.582
Metric val_auc_epoch improved by 0.000 >= min_delta = 0.0. New best score: 0.582
Metric val_auc_epoch improved by 0.000 >= min_delta = 0.0. New best score: 0.583
Metric val_auc_epoch improved by 0.000 >= min_delta = 0.0. New best score: 0.583
Metric val_auc_epoch improved by 0.000 >= min_delta = 0.0. New best score: 0.583
Metric val_auc_epoch improved by 0.000 >= min_delta = 0.0. New best score: 0.583
Metric val_auc_epoch improved by 0.000 >= min_delta = 0.0. New best score: 0.583
Metric val_auc_epoch improved by 0.000 >= min_delta = 0.0. New best score: 0.583
`Trainer.fit` stopped: `max_epochs=29` reached.
Restoring states from the checkpoint path at /home/eng/shilo_avital/yolo_lab/walk_to_paint/checkpoints/trial_151-epoch=27-val_auc_epoch=0.5828.ckpt
LOCAL_RANK: 0 - CUDA_VISIBLE_DEVICES: [3]
Loaded model weights from the checkpoint at /home/eng/shilo_avital/yolo_lab/walk_to_paint/checkpoints/trial_151-epoch=27-val_auc_epoch=0.5828.ckpt
/home/eng/shilo_avital/yolo_lab/walk_to_paint/.venv/lib64/python3.9/site-packages/pytorch_lightning/trainer/connectors/data_connector.py:425: The 'val_dataloader' does not have many workers which may be a bottleneck. Consider increasing the value of the `num_workers` argument` to `num_workers=127` in the `DataLoader` to improve performance.
────────────────────────────────────────────────────────────────────────────────────────────────────────────────────────
     Validate metric           DataLoader 0
────────────────────────────────────────────────────────────────────────────────────────────────────────────────────────
      val_acc_epoch         0.5562024712562561
      val_auc_epoch         0.5827915668487549
      val_f1_epoch          0.5528815984725952
        val_loss            0.6811106204986572
────────────────────────────────────────────────────────────────────────────────────────────────────────────────────────
✅ Trial 151 completed - Val AUC: 0.5828
