[I 2025-08-22 09:40:24,334] Trial 128 finished with value: -0.5512117743492126 and parameters: {'dataset.max_walk_length': 23, 'dataset.num_walks': 136144, 'training.lr': 8.396736906555799e-05, 'training.weight_decay': 0.02140565588602638, 'training.batch_size': 64, 'training.gradient_clip_val': 1.6371523659665428, 'training.early_stopping_patience': 6, 'model.nhead_emb_combo': 12, 'model.hidden_dim': 8, 'model.nlayers': 1, 'model.dropout': 0.5048180859736957, 'training.epochs': 24}. Best is trial 1 with value: -0.6377121806144714.
/home/eng/shilo_avital/yolo_lab/walk_to_paint/optuna_run.py:147: FutureWarning: suggest_loguniform has been deprecated in v3.0.0. This feature will be removed in v6.0.0. See https://github.com/optuna/optuna/releases/tag/v3.0.0. Use suggest_float(..., log=True) instead.
  cfg.training.lr = trial.suggest_loguniform("training.lr", 1e-5, 1e-1)
/home/eng/shilo_avital/yolo_lab/walk_to_paint/optuna_run.py:148: FutureWarning: suggest_loguniform has been deprecated in v3.0.0. This feature will be removed in v6.0.0. See https://github.com/optuna/optuna/releases/tag/v3.0.0. Use suggest_float(..., log=True) instead.
  cfg.training.weight_decay = trial.suggest_loguniform(

🔬 Trial 129 hyperparameters:
  Walk length: 17, Num walks: 151,969
  LR: 2.81e-05, Batch size: 64
  Model: emb_dim=8, hidden_dim=4
  Transformer: 2 layers, 4 heads
  Epochs: 29, Weighted loss: True
Loading bitcoin-alpha-binary dataset...
Success! ✅
Splitting edges for bitcoin-alpha-binary dataset...
Success! ✅
Sampling random walks from bitcoin-alpha-binary dataset...
Success! ✅
Building tokenizer for bitcoin-alpha-binary dataset...
Success! ✅
Padding and building stage tensors for bitcoin-alpha-binary dataset...
Success! ✅
Creating DataLoaders for bitcoin-alpha-binary dataset...
Success! ✅
GPU available: True (cuda), used: True
TPU available: False, using: 0 TPU cores
HPU available: False, using: 0 HPUs
/home/eng/shilo_avital/yolo_lab/walk_to_paint/.venv/lib64/python3.9/site-packages/pytorch_lightning/callbacks/model_checkpoint.py:658: Checkpoint directory /home/eng/shilo_avital/yolo_lab/walk_to_paint/checkpoints exists and is not empty.
LOCAL_RANK: 0 - CUDA_VISIBLE_DEVICES: [3]
/home/eng/shilo_avital/yolo_lab/walk_to_paint/.venv/lib64/python3.9/site-packages/pytorch_lightning/trainer/connectors/data_connector.py:425: The 'val_dataloader' does not have many workers which may be a bottleneck. Consider increasing the value of the `num_workers` argument` to `num_workers=127` in the `DataLoader` to improve performance.
/home/eng/shilo_avital/yolo_lab/walk_to_paint/.venv/lib64/python3.9/site-packages/pytorch_lightning/trainer/connectors/data_connector.py:425: The 'train_dataloader' does not have many workers which may be a bottleneck. Consider increasing the value of the `num_workers` argument` to `num_workers=127` in the `DataLoader` to improve performance.
Metric val_auc_epoch improved. New best score: 0.485
Metric val_auc_epoch improved by 0.007 >= min_delta = 0.0. New best score: 0.493
Metric val_auc_epoch improved by 0.014 >= min_delta = 0.0. New best score: 0.507
Metric val_auc_epoch improved by 0.022 >= min_delta = 0.0. New best score: 0.528
Metric val_auc_epoch improved by 0.019 >= min_delta = 0.0. New best score: 0.548
Metric val_auc_epoch improved by 0.006 >= min_delta = 0.0. New best score: 0.554
Metric val_auc_epoch improved by 0.002 >= min_delta = 0.0. New best score: 0.555
Metric val_auc_epoch improved by 0.000 >= min_delta = 0.0. New best score: 0.556
Metric val_auc_epoch improved by 0.000 >= min_delta = 0.0. New best score: 0.556
Monitored metric val_auc_epoch did not improve in the last 7 records. Best score: 0.556. Signaling Trainer to stop.
Restoring states from the checkpoint path at /home/eng/shilo_avital/yolo_lab/walk_to_paint/checkpoints/trial_129-epoch=08-val_auc_epoch=0.5557.ckpt
LOCAL_RANK: 0 - CUDA_VISIBLE_DEVICES: [3]
Loaded model weights from the checkpoint at /home/eng/shilo_avital/yolo_lab/walk_to_paint/checkpoints/trial_129-epoch=08-val_auc_epoch=0.5557.ckpt
/home/eng/shilo_avital/yolo_lab/walk_to_paint/.venv/lib64/python3.9/site-packages/pytorch_lightning/trainer/connectors/data_connector.py:425: The 'val_dataloader' does not have many workers which may be a bottleneck. Consider increasing the value of the `num_workers` argument` to `num_workers=127` in the `DataLoader` to improve performance.
────────────────────────────────────────────────────────────────────────────────────────────────────────────────────────
     Validate metric           DataLoader 0
────────────────────────────────────────────────────────────────────────────────────────────────────────────────────────
      val_acc_epoch         0.5391238331794739
      val_auc_epoch         0.5556857585906982
      val_f1_epoch          0.5358506441116333
        val_loss            0.6886717677116394
────────────────────────────────────────────────────────────────────────────────────────────────────────────────────────
✅ Trial 129 completed - Val AUC: 0.5557
[I 2025-08-22 09:47:13,354] Trial 129 finished with value: -0.5556857585906982 and parameters: {'dataset.max_walk_length': 17, 'dataset.num_walks': 151969, 'training.lr': 2.8107502268372256e-05, 'training.weight_decay': 0.04834021375333529, 'training.batch_size': 64, 'training.gradient_clip_val': 1.7113055871510312, 'training.early_stopping_patience': 7, 'model.nhead_emb_combo': 13, 'model.hidden_dim': 4, 'model.nlayers': 2, 'model.dropout': 0.02028586241389052, 'training.epochs': 29}. Best is trial 1 with value: -0.6377121806144714.
/home/eng/shilo_avital/yolo_lab/walk_to_paint/optuna_run.py:147: FutureWarning: suggest_loguniform has been deprecated in v3.0.0. This feature will be removed in v6.0.0. See https://github.com/optuna/optuna/releases/tag/v3.0.0. Use suggest_float(..., log=True) instead.
  cfg.training.lr = trial.suggest_loguniform("training.lr", 1e-5, 1e-1)
/home/eng/shilo_avital/yolo_lab/walk_to_paint/optuna_run.py:148: FutureWarning: suggest_loguniform has been deprecated in v3.0.0. This feature will be removed in v6.0.0. See https://github.com/optuna/optuna/releases/tag/v3.0.0. Use suggest_float(..., log=True) instead.
  cfg.training.weight_decay = trial.suggest_loguniform(

🔬 Trial 130 hyperparameters:
  Walk length: 95, Num walks: 168,768
  LR: 5.26e-05, Batch size: 128
  Model: emb_dim=32, hidden_dim=8
  Transformer: 3 layers, 4 heads
  Epochs: 30, Weighted loss: True
Loading bitcoin-alpha-binary dataset...
Success! ✅
Splitting edges for bitcoin-alpha-binary dataset...
Success! ✅
Sampling random walks from bitcoin-alpha-binary dataset...
Success! ✅
Building tokenizer for bitcoin-alpha-binary dataset...
Success! ✅
Padding and building stage tensors for bitcoin-alpha-binary dataset...
Success! ✅
Creating DataLoaders for bitcoin-alpha-binary dataset...
Success! ✅
GPU available: True (cuda), used: True
TPU available: False, using: 0 TPU cores
HPU available: False, using: 0 HPUs
/home/eng/shilo_avital/yolo_lab/walk_to_paint/.venv/lib64/python3.9/site-packages/pytorch_lightning/callbacks/model_checkpoint.py:658: Checkpoint directory /home/eng/shilo_avital/yolo_lab/walk_to_paint/checkpoints exists and is not empty.
LOCAL_RANK: 0 - CUDA_VISIBLE_DEVICES: [3]
/home/eng/shilo_avital/yolo_lab/walk_to_paint/.venv/lib64/python3.9/site-packages/pytorch_lightning/trainer/connectors/data_connector.py:425: The 'val_dataloader' does not have many workers which may be a bottleneck. Consider increasing the value of the `num_workers` argument` to `num_workers=127` in the `DataLoader` to improve performance.
/home/eng/shilo_avital/yolo_lab/walk_to_paint/.venv/lib64/python3.9/site-packages/pytorch_lightning/trainer/connectors/data_connector.py:425: The 'train_dataloader' does not have many workers which may be a bottleneck. Consider increasing the value of the `num_workers` argument` to `num_workers=127` in the `DataLoader` to improve performance.
Metric val_auc_epoch improved. New best score: 0.509
Metric val_auc_epoch improved by 0.013 >= min_delta = 0.0. New best score: 0.522
Metric val_auc_epoch improved by 0.001 >= min_delta = 0.0. New best score: 0.523
Metric val_auc_epoch improved by 0.000 >= min_delta = 0.0. New best score: 0.524
Metric val_auc_epoch improved by 0.000 >= min_delta = 0.0. New best score: 0.524
Metric val_auc_epoch improved by 0.000 >= min_delta = 0.0. New best score: 0.524
Metric val_auc_epoch improved by 0.000 >= min_delta = 0.0. New best score: 0.525
Metric val_auc_epoch improved by 0.000 >= min_delta = 0.0. New best score: 0.525
Metric val_auc_epoch improved by 0.000 >= min_delta = 0.0. New best score: 0.525
Metric val_auc_epoch improved by 0.000 >= min_delta = 0.0. New best score: 0.525
Metric val_auc_epoch improved by 0.000 >= min_delta = 0.0. New best score: 0.525
Metric val_auc_epoch improved by 0.000 >= min_delta = 0.0. New best score: 0.525
Metric val_auc_epoch improved by 0.000 >= min_delta = 0.0. New best score: 0.525
`Trainer.fit` stopped: `max_epochs=30` reached.
Restoring states from the checkpoint path at /home/eng/shilo_avital/yolo_lab/walk_to_paint/checkpoints/trial_130-epoch=24-val_auc_epoch=0.5251.ckpt
LOCAL_RANK: 0 - CUDA_VISIBLE_DEVICES: [3]
Loaded model weights from the checkpoint at /home/eng/shilo_avital/yolo_lab/walk_to_paint/checkpoints/trial_130-epoch=24-val_auc_epoch=0.5251.ckpt
/home/eng/shilo_avital/yolo_lab/walk_to_paint/.venv/lib64/python3.9/site-packages/pytorch_lightning/trainer/connectors/data_connector.py:425: The 'val_dataloader' does not have many workers which may be a bottleneck. Consider increasing the value of the `num_workers` argument` to `num_workers=127` in the `DataLoader` to improve performance.
────────────────────────────────────────────────────────────────────────────────────────────────────────────────────────
     Validate metric           DataLoader 0
────────────────────────────────────────────────────────────────────────────────────────────────────────────────────────
      val_acc_epoch         0.5193679332733154
      val_auc_epoch         0.5251369476318359
      val_f1_epoch          0.5192209482192993
        val_loss            0.7045327425003052
────────────────────────────────────────────────────────────────────────────────────────────────────────────────────────
✅ Trial 130 completed - Val AUC: 0.5251
[I 2025-08-22 09:57:51,883] Trial 130 finished with value: -0.5251369476318359 and parameters: {'dataset.max_walk_length': 95, 'dataset.num_walks': 168768, 'training.lr': 5.256698697436002e-05, 'training.weight_decay': 0.013819700087777253, 'training.batch_size': 128, 'training.gradient_clip_val': 1.9970773204474324, 'training.early_stopping_patience': 11, 'model.nhead_emb_combo': 15, 'model.hidden_dim': 8, 'model.nlayers': 3, 'model.dropout': 0.4193166019452914, 'training.epochs': 30}. Best is trial 1 with value: -0.6377121806144714.
🧹 Cleaning up old checkpoints and logs (keeping top 10)...
  Removed old checkpoint: trial_120-epoch=04-val_auc_epoch=0.6147.ckpt
  Removed old checkpoint: trial_119-epoch=00-val_auc_epoch=0.5543.ckpt
  Removed old checkpoint: trial_118-epoch=04-val_auc_epoch=0.5878.ckpt
  Removed old checkpoint: trial_117-epoch=15-val_auc_epoch=0.5556.ckpt
  Removed old checkpoint: trial_116-epoch=04-val_auc_epoch=0.5837.ckpt
  Removed old log dir: trial_120
  Removed old log dir: trial_119
  Removed old log dir: trial_118
  Removed old log dir: trial_117
  Removed old log dir: trial_116
/home/eng/shilo_avital/yolo_lab/walk_to_paint/optuna_run.py:147: FutureWarning: suggest_loguniform has been deprecated in v3.0.0. This feature will be removed in v6.0.0. See https://github.com/optuna/optuna/releases/tag/v3.0.0. Use suggest_float(..., log=True) instead.
  cfg.training.lr = trial.suggest_loguniform("training.lr", 1e-5, 1e-1)
/home/eng/shilo_avital/yolo_lab/walk_to_paint/optuna_run.py:148: FutureWarning: suggest_loguniform has been deprecated in v3.0.0. This feature will be removed in v6.0.0. See https://github.com/optuna/optuna/releases/tag/v3.0.0. Use suggest_float(..., log=True) instead.
  cfg.training.weight_decay = trial.suggest_loguniform(

🔬 Trial 131 hyperparameters:
  Walk length: 15, Num walks: 213,842
  LR: 4.66e-05, Batch size: 64
  Model: emb_dim=8, hidden_dim=16
  Transformer: 2 layers, 1 heads
  Epochs: 28, Weighted loss: True
Loading bitcoin-alpha-binary dataset...
Success! ✅
Splitting edges for bitcoin-alpha-binary dataset...
Success! ✅
Sampling random walks from bitcoin-alpha-binary dataset...
Success! ✅
Building tokenizer for bitcoin-alpha-binary dataset...
Success! ✅
Padding and building stage tensors for bitcoin-alpha-binary dataset...
Success! ✅
Creating DataLoaders for bitcoin-alpha-binary dataset...
Success! ✅
/home/eng/shilo_avital/yolo_lab/walk_to_paint/.venv/lib64/python3.9/site-packages/torch/nn/modules/transformer.py:382: UserWarning: enable_nested_tensor is True, but self.use_nested_tensor is False because encoder_layer.self_attn.num_heads is odd
  warnings.warn(
GPU available: True (cuda), used: True
TPU available: False, using: 0 TPU cores
HPU available: False, using: 0 HPUs
/home/eng/shilo_avital/yolo_lab/walk_to_paint/.venv/lib64/python3.9/site-packages/pytorch_lightning/callbacks/model_checkpoint.py:658: Checkpoint directory /home/eng/shilo_avital/yolo_lab/walk_to_paint/checkpoints exists and is not empty.
LOCAL_RANK: 0 - CUDA_VISIBLE_DEVICES: [3]
/home/eng/shilo_avital/yolo_lab/walk_to_paint/.venv/lib64/python3.9/site-packages/pytorch_lightning/trainer/connectors/data_connector.py:425: The 'val_dataloader' does not have many workers which may be a bottleneck. Consider increasing the value of the `num_workers` argument` to `num_workers=127` in the `DataLoader` to improve performance.
/home/eng/shilo_avital/yolo_lab/walk_to_paint/.venv/lib64/python3.9/site-packages/pytorch_lightning/trainer/connectors/data_connector.py:425: The 'train_dataloader' does not have many workers which may be a bottleneck. Consider increasing the value of the `num_workers` argument` to `num_workers=127` in the `DataLoader` to improve performance.
Metric val_auc_epoch improved. New best score: 0.526
Metric val_auc_epoch improved by 0.018 >= min_delta = 0.0. New best score: 0.543
Metric val_auc_epoch improved by 0.013 >= min_delta = 0.0. New best score: 0.557
Metric val_auc_epoch improved by 0.005 >= min_delta = 0.0. New best score: 0.562
Metric val_auc_epoch improved by 0.002 >= min_delta = 0.0. New best score: 0.563
Metric val_auc_epoch improved by 0.001 >= min_delta = 0.0. New best score: 0.564
Metric val_auc_epoch improved by 0.001 >= min_delta = 0.0. New best score: 0.565
Metric val_auc_epoch improved by 0.000 >= min_delta = 0.0. New best score: 0.565
Metric val_auc_epoch improved by 0.000 >= min_delta = 0.0. New best score: 0.565
Monitored metric val_auc_epoch did not improve in the last 5 records. Best score: 0.565. Signaling Trainer to stop.
Restoring states from the checkpoint path at /home/eng/shilo_avital/yolo_lab/walk_to_paint/checkpoints/trial_131-epoch=08-val_auc_epoch=0.5654.ckpt
LOCAL_RANK: 0 - CUDA_VISIBLE_DEVICES: [3]
Loaded model weights from the checkpoint at /home/eng/shilo_avital/yolo_lab/walk_to_paint/checkpoints/trial_131-epoch=08-val_auc_epoch=0.5654.ckpt
/home/eng/shilo_avital/yolo_lab/walk_to_paint/.venv/lib64/python3.9/site-packages/pytorch_lightning/trainer/connectors/data_connector.py:425: The 'val_dataloader' does not have many workers which may be a bottleneck. Consider increasing the value of the `num_workers` argument` to `num_workers=127` in the `DataLoader` to improve performance.
────────────────────────────────────────────────────────────────────────────────────────────────────────────────────────
     Validate metric           DataLoader 0
────────────────────────────────────────────────────────────────────────────────────────────────────────────────────────
      val_acc_epoch          0.546558141708374
      val_auc_epoch         0.5653939247131348
      val_f1_epoch          0.5464993119239807
        val_loss             0.686694324016571
────────────────────────────────────────────────────────────────────────────────────────────────────────────────────────
✅ Trial 131 completed - Val AUC: 0.5654
[I 2025-08-22 10:06:01,552] Trial 131 finished with value: -0.5653939247131348 and parameters: {'dataset.max_walk_length': 15, 'dataset.num_walks': 213842, 'training.lr': 4.655980822000872e-05, 'training.weight_decay': 0.023458319062119586, 'training.batch_size': 64, 'training.gradient_clip_val': 1.8170174634774543, 'training.early_stopping_patience': 5, 'model.nhead_emb_combo': 1, 'model.hidden_dim': 16, 'model.nlayers': 2, 'model.dropout': 0.5725648478419747, 'training.epochs': 28}. Best is trial 1 with value: -0.6377121806144714.
/home/eng/shilo_avital/yolo_lab/walk_to_paint/optuna_run.py:147: FutureWarning: suggest_loguniform has been deprecated in v3.0.0. This feature will be removed in v6.0.0. See https://github.com/optuna/optuna/releases/tag/v3.0.0. Use suggest_float(..., log=True) instead.
  cfg.training.lr = trial.suggest_loguniform("training.lr", 1e-5, 1e-1)
/home/eng/shilo_avital/yolo_lab/walk_to_paint/optuna_run.py:148: FutureWarning: suggest_loguniform has been deprecated in v3.0.0. This feature will be removed in v6.0.0. See https://github.com/optuna/optuna/releases/tag/v3.0.0. Use suggest_float(..., log=True) instead.
  cfg.training.weight_decay = trial.suggest_loguniform(

🔬 Trial 132 hyperparameters:
  Walk length: 13, Num walks: 205,255
  LR: 3.51e-05, Batch size: 64
  Model: emb_dim=8, hidden_dim=16
  Transformer: 2 layers, 1 heads
  Epochs: 28, Weighted loss: True
Loading bitcoin-alpha-binary dataset...
Success! ✅
Splitting edges for bitcoin-alpha-binary dataset...
Success! ✅
Sampling random walks from bitcoin-alpha-binary dataset...
Success! ✅
Building tokenizer for bitcoin-alpha-binary dataset...
Success! ✅
Padding and building stage tensors for bitcoin-alpha-binary dataset...
Success! ✅
Creating DataLoaders for bitcoin-alpha-binary dataset...
Success! ✅
/home/eng/shilo_avital/yolo_lab/walk_to_paint/.venv/lib64/python3.9/site-packages/torch/nn/modules/transformer.py:382: UserWarning: enable_nested_tensor is True, but self.use_nested_tensor is False because encoder_layer.self_attn.num_heads is odd
  warnings.warn(
GPU available: True (cuda), used: True
TPU available: False, using: 0 TPU cores
HPU available: False, using: 0 HPUs
/home/eng/shilo_avital/yolo_lab/walk_to_paint/.venv/lib64/python3.9/site-packages/pytorch_lightning/callbacks/model_checkpoint.py:658: Checkpoint directory /home/eng/shilo_avital/yolo_lab/walk_to_paint/checkpoints exists and is not empty.
LOCAL_RANK: 0 - CUDA_VISIBLE_DEVICES: [3]
/home/eng/shilo_avital/yolo_lab/walk_to_paint/.venv/lib64/python3.9/site-packages/pytorch_lightning/trainer/connectors/data_connector.py:425: The 'val_dataloader' does not have many workers which may be a bottleneck. Consider increasing the value of the `num_workers` argument` to `num_workers=127` in the `DataLoader` to improve performance.
/home/eng/shilo_avital/yolo_lab/walk_to_paint/.venv/lib64/python3.9/site-packages/pytorch_lightning/trainer/connectors/data_connector.py:425: The 'train_dataloader' does not have many workers which may be a bottleneck. Consider increasing the value of the `num_workers` argument` to `num_workers=127` in the `DataLoader` to improve performance.
Metric val_auc_epoch improved. New best score: 0.489
Metric val_auc_epoch improved by 0.008 >= min_delta = 0.0. New best score: 0.497
Metric val_auc_epoch improved by 0.011 >= min_delta = 0.0. New best score: 0.508
Metric val_auc_epoch improved by 0.016 >= min_delta = 0.0. New best score: 0.523
Metric val_auc_epoch improved by 0.016 >= min_delta = 0.0. New best score: 0.540
Metric val_auc_epoch improved by 0.012 >= min_delta = 0.0. New best score: 0.552
Metric val_auc_epoch improved by 0.005 >= min_delta = 0.0. New best score: 0.558
Metric val_auc_epoch improved by 0.003 >= min_delta = 0.0. New best score: 0.561
Metric val_auc_epoch improved by 0.001 >= min_delta = 0.0. New best score: 0.562
Metric val_auc_epoch improved by 0.001 >= min_delta = 0.0. New best score: 0.563
Metric val_auc_epoch improved by 0.001 >= min_delta = 0.0. New best score: 0.563
Metric val_auc_epoch improved by 0.000 >= min_delta = 0.0. New best score: 0.564
Metric val_auc_epoch improved by 0.000 >= min_delta = 0.0. New best score: 0.564
Monitored metric val_auc_epoch did not improve in the last 5 records. Best score: 0.564. Signaling Trainer to stop.
Restoring states from the checkpoint path at /home/eng/shilo_avital/yolo_lab/walk_to_paint/checkpoints/trial_132-epoch=13-val_auc_epoch=0.5637.ckpt
LOCAL_RANK: 0 - CUDA_VISIBLE_DEVICES: [3]
Loaded model weights from the checkpoint at /home/eng/shilo_avital/yolo_lab/walk_to_paint/checkpoints/trial_132-epoch=13-val_auc_epoch=0.5637.ckpt
/home/eng/shilo_avital/yolo_lab/walk_to_paint/.venv/lib64/python3.9/site-packages/pytorch_lightning/trainer/connectors/data_connector.py:425: The 'val_dataloader' does not have many workers which may be a bottleneck. Consider increasing the value of the `num_workers` argument` to `num_workers=127` in the `DataLoader` to improve performance.
────────────────────────────────────────────────────────────────────────────────────────────────────────────────────────
     Validate metric           DataLoader 0
────────────────────────────────────────────────────────────────────────────────────────────────────────────────────────
      val_acc_epoch         0.5439724922180176
      val_auc_epoch         0.5637481212615967
      val_f1_epoch          0.5396127104759216
        val_loss             0.687270998954773
────────────────────────────────────────────────────────────────────────────────────────────────────────────────────────
✅ Trial 132 completed - Val AUC: 0.5637
