[I 2025-08-22 00:24:44,516] Trial 54 finished with value: -0.5474921464920044 and parameters: {'dataset.max_walk_length': 75, 'dataset.num_walks': 121610, 'training.lr': 1.0966251152228873e-05, 'training.weight_decay': 0.0002514352772632452, 'training.batch_size': 256, 'training.gradient_clip_val': 1.997534352534983, 'training.early_stopping_patience': 13, 'model.nhead_emb_combo': 26, 'model.hidden_dim': 32, 'model.nlayers': 3, 'model.dropout': 0.5767082728656201, 'training.epochs': 11}. Best is trial 1 with value: -0.6377121806144714.
/home/eng/shilo_avital/yolo_lab/walk_to_paint/optuna_run.py:147: FutureWarning: suggest_loguniform has been deprecated in v3.0.0. This feature will be removed in v6.0.0. See https://github.com/optuna/optuna/releases/tag/v3.0.0. Use suggest_float(..., log=True) instead.
  cfg.training.lr = trial.suggest_loguniform("training.lr", 1e-5, 1e-1)
/home/eng/shilo_avital/yolo_lab/walk_to_paint/optuna_run.py:148: FutureWarning: suggest_loguniform has been deprecated in v3.0.0. This feature will be removed in v6.0.0. See https://github.com/optuna/optuna/releases/tag/v3.0.0. Use suggest_float(..., log=True) instead.
  cfg.training.weight_decay = trial.suggest_loguniform(

🔬 Trial 55 hyperparameters:
  Walk length: 86, Num walks: 144,710
  LR: 2.58e-05, Batch size: 32
  Model: emb_dim=16, hidden_dim=4
  Transformer: 2 layers, 2 heads
  Epochs: 13, Weighted loss: True
Loading bitcoin-alpha-binary dataset...
Success! ✅
Splitting edges for bitcoin-alpha-binary dataset...
Success! ✅
Sampling random walks from bitcoin-alpha-binary dataset...
Success! ✅
Building tokenizer for bitcoin-alpha-binary dataset...
Success! ✅
Padding and building stage tensors for bitcoin-alpha-binary dataset...
Success! ✅
Creating DataLoaders for bitcoin-alpha-binary dataset...
Success! ✅
GPU available: True (cuda), used: True
TPU available: False, using: 0 TPU cores
HPU available: False, using: 0 HPUs
/home/eng/shilo_avital/yolo_lab/walk_to_paint/.venv/lib64/python3.9/site-packages/pytorch_lightning/callbacks/model_checkpoint.py:658: Checkpoint directory /home/eng/shilo_avital/yolo_lab/walk_to_paint/checkpoints exists and is not empty.
LOCAL_RANK: 0 - CUDA_VISIBLE_DEVICES: [3]
/home/eng/shilo_avital/yolo_lab/walk_to_paint/.venv/lib64/python3.9/site-packages/pytorch_lightning/trainer/connectors/data_connector.py:425: The 'val_dataloader' does not have many workers which may be a bottleneck. Consider increasing the value of the `num_workers` argument` to `num_workers=127` in the `DataLoader` to improve performance.
/home/eng/shilo_avital/yolo_lab/walk_to_paint/.venv/lib64/python3.9/site-packages/pytorch_lightning/trainer/connectors/data_connector.py:425: The 'train_dataloader' does not have many workers which may be a bottleneck. Consider increasing the value of the `num_workers` argument` to `num_workers=127` in the `DataLoader` to improve performance.
Metric val_auc_epoch improved. New best score: 0.514
Metric val_auc_epoch improved by 0.006 >= min_delta = 0.0. New best score: 0.520
Metric val_auc_epoch improved by 0.004 >= min_delta = 0.0. New best score: 0.524
Metric val_auc_epoch improved by 0.004 >= min_delta = 0.0. New best score: 0.528
Metric val_auc_epoch improved by 0.005 >= min_delta = 0.0. New best score: 0.533
Metric val_auc_epoch improved by 0.004 >= min_delta = 0.0. New best score: 0.538
Metric val_auc_epoch improved by 0.004 >= min_delta = 0.0. New best score: 0.542
Metric val_auc_epoch improved by 0.002 >= min_delta = 0.0. New best score: 0.544
Metric val_auc_epoch improved by 0.001 >= min_delta = 0.0. New best score: 0.545
Metric val_auc_epoch improved by 0.001 >= min_delta = 0.0. New best score: 0.546
Metric val_auc_epoch improved by 0.001 >= min_delta = 0.0. New best score: 0.547
Metric val_auc_epoch improved by 0.000 >= min_delta = 0.0. New best score: 0.547
Metric val_auc_epoch improved by 0.000 >= min_delta = 0.0. New best score: 0.547
`Trainer.fit` stopped: `max_epochs=13` reached.
Restoring states from the checkpoint path at /home/eng/shilo_avital/yolo_lab/walk_to_paint/checkpoints/trial_55-epoch=12-val_auc_epoch=0.5469.ckpt
LOCAL_RANK: 0 - CUDA_VISIBLE_DEVICES: [3]
Loaded model weights from the checkpoint at /home/eng/shilo_avital/yolo_lab/walk_to_paint/checkpoints/trial_55-epoch=12-val_auc_epoch=0.5469.ckpt
/home/eng/shilo_avital/yolo_lab/walk_to_paint/.venv/lib64/python3.9/site-packages/pytorch_lightning/trainer/connectors/data_connector.py:425: The 'val_dataloader' does not have many workers which may be a bottleneck. Consider increasing the value of the `num_workers` argument` to `num_workers=127` in the `DataLoader` to improve performance.
────────────────────────────────────────────────────────────────────────────────────────────────────────────────────────
     Validate metric           DataLoader 0
────────────────────────────────────────────────────────────────────────────────────────────────────────────────────────
      val_acc_epoch         0.5321329832077026
      val_auc_epoch         0.5468882322311401
      val_f1_epoch          0.5151150226593018
        val_loss            0.6860716342926025
────────────────────────────────────────────────────────────────────────────────────────────────────────────────────────
✅ Trial 55 completed - Val AUC: 0.5469
[I 2025-08-22 00:35:31,782] Trial 55 finished with value: -0.5468882322311401 and parameters: {'dataset.max_walk_length': 86, 'dataset.num_walks': 144710, 'training.lr': 2.580179050209681e-05, 'training.weight_decay': 0.0006530565202262916, 'training.batch_size': 32, 'training.gradient_clip_val': 1.4648121769409808, 'training.early_stopping_patience': 19, 'model.nhead_emb_combo': 8, 'model.hidden_dim': 4, 'model.nlayers': 2, 'model.dropout': 0.532657945159486, 'training.epochs': 13}. Best is trial 1 with value: -0.6377121806144714.
🧹 Cleaning up old checkpoints and logs (keeping top 10)...
  Removed old checkpoint: trial_45-epoch=16-val_auc_epoch=0.5455.ckpt
  Removed old checkpoint: trial_44-epoch=16-val_auc_epoch=0.5668.ckpt
  Removed old checkpoint: trial_43-epoch=04-val_auc_epoch=0.6097.ckpt
  Removed old checkpoint: trial_42-epoch=13-val_auc_epoch=0.5067.ckpt
  Removed old checkpoint: trial_41-epoch=06-val_auc_epoch=0.5304.ckpt
  Removed old log dir: trial_45
  Removed old log dir: trial_44
  Removed old log dir: trial_43
  Removed old log dir: trial_42
  Removed old log dir: trial_41
/home/eng/shilo_avital/yolo_lab/walk_to_paint/optuna_run.py:147: FutureWarning: suggest_loguniform has been deprecated in v3.0.0. This feature will be removed in v6.0.0. See https://github.com/optuna/optuna/releases/tag/v3.0.0. Use suggest_float(..., log=True) instead.
  cfg.training.lr = trial.suggest_loguniform("training.lr", 1e-5, 1e-1)
/home/eng/shilo_avital/yolo_lab/walk_to_paint/optuna_run.py:148: FutureWarning: suggest_loguniform has been deprecated in v3.0.0. This feature will be removed in v6.0.0. See https://github.com/optuna/optuna/releases/tag/v3.0.0. Use suggest_float(..., log=True) instead.
  cfg.training.weight_decay = trial.suggest_loguniform(

🔬 Trial 56 hyperparameters:
  Walk length: 76, Num walks: 326,705
  LR: 1.48e-05, Batch size: 512
  Model: emb_dim=32, hidden_dim=16
  Transformer: 1 layers, 1 heads
  Epochs: 17, Weighted loss: True
Loading bitcoin-alpha-binary dataset...
Success! ✅
Splitting edges for bitcoin-alpha-binary dataset...
Success! ✅
Sampling random walks from bitcoin-alpha-binary dataset...
Success! ✅
Building tokenizer for bitcoin-alpha-binary dataset...
Success! ✅
Padding and building stage tensors for bitcoin-alpha-binary dataset...
Success! ✅
Creating DataLoaders for bitcoin-alpha-binary dataset...
Success! ✅
/home/eng/shilo_avital/yolo_lab/walk_to_paint/.venv/lib64/python3.9/site-packages/torch/nn/modules/transformer.py:382: UserWarning: enable_nested_tensor is True, but self.use_nested_tensor is False because encoder_layer.self_attn.num_heads is odd
  warnings.warn(
GPU available: True (cuda), used: True
TPU available: False, using: 0 TPU cores
HPU available: False, using: 0 HPUs
/home/eng/shilo_avital/yolo_lab/walk_to_paint/.venv/lib64/python3.9/site-packages/pytorch_lightning/callbacks/model_checkpoint.py:658: Checkpoint directory /home/eng/shilo_avital/yolo_lab/walk_to_paint/checkpoints exists and is not empty.
LOCAL_RANK: 0 - CUDA_VISIBLE_DEVICES: [3]
/home/eng/shilo_avital/yolo_lab/walk_to_paint/.venv/lib64/python3.9/site-packages/pytorch_lightning/trainer/connectors/data_connector.py:425: The 'val_dataloader' does not have many workers which may be a bottleneck. Consider increasing the value of the `num_workers` argument` to `num_workers=127` in the `DataLoader` to improve performance.
/home/eng/shilo_avital/yolo_lab/walk_to_paint/.venv/lib64/python3.9/site-packages/pytorch_lightning/trainer/connectors/data_connector.py:425: The 'train_dataloader' does not have many workers which may be a bottleneck. Consider increasing the value of the `num_workers` argument` to `num_workers=127` in the `DataLoader` to improve performance.
Metric val_auc_epoch improved. New best score: 0.501
Metric val_auc_epoch improved by 0.000 >= min_delta = 0.0. New best score: 0.501
Metric val_auc_epoch improved by 0.000 >= min_delta = 0.0. New best score: 0.502
Metric val_auc_epoch improved by 0.000 >= min_delta = 0.0. New best score: 0.502
Metric val_auc_epoch improved by 0.001 >= min_delta = 0.0. New best score: 0.503
Metric val_auc_epoch improved by 0.001 >= min_delta = 0.0. New best score: 0.503
Metric val_auc_epoch improved by 0.001 >= min_delta = 0.0. New best score: 0.504
Metric val_auc_epoch improved by 0.001 >= min_delta = 0.0. New best score: 0.505
Metric val_auc_epoch improved by 0.001 >= min_delta = 0.0. New best score: 0.505
Metric val_auc_epoch improved by 0.001 >= min_delta = 0.0. New best score: 0.506
Metric val_auc_epoch improved by 0.000 >= min_delta = 0.0. New best score: 0.506
Metric val_auc_epoch improved by 0.000 >= min_delta = 0.0. New best score: 0.507
Metric val_auc_epoch improved by 0.000 >= min_delta = 0.0. New best score: 0.507
Metric val_auc_epoch improved by 0.000 >= min_delta = 0.0. New best score: 0.507
Metric val_auc_epoch improved by 0.000 >= min_delta = 0.0. New best score: 0.508
Metric val_auc_epoch improved by 0.000 >= min_delta = 0.0. New best score: 0.508
Metric val_auc_epoch improved by 0.000 >= min_delta = 0.0. New best score: 0.508
`Trainer.fit` stopped: `max_epochs=17` reached.
Restoring states from the checkpoint path at /home/eng/shilo_avital/yolo_lab/walk_to_paint/checkpoints/trial_56-epoch=16-val_auc_epoch=0.5076.ckpt
LOCAL_RANK: 0 - CUDA_VISIBLE_DEVICES: [3]
Loaded model weights from the checkpoint at /home/eng/shilo_avital/yolo_lab/walk_to_paint/checkpoints/trial_56-epoch=16-val_auc_epoch=0.5076.ckpt
/home/eng/shilo_avital/yolo_lab/walk_to_paint/.venv/lib64/python3.9/site-packages/pytorch_lightning/trainer/connectors/data_connector.py:425: The 'val_dataloader' does not have many workers which may be a bottleneck. Consider increasing the value of the `num_workers` argument` to `num_workers=127` in the `DataLoader` to improve performance.
────────────────────────────────────────────────────────────────────────────────────────────────────────────────────────
     Validate metric           DataLoader 0
────────────────────────────────────────────────────────────────────────────────────────────────────────────────────────
      val_acc_epoch         0.5047109127044678
      val_auc_epoch         0.5075728893280029
      val_f1_epoch          0.5001898407936096
        val_loss            0.6940146088600159
────────────────────────────────────────────────────────────────────────────────────────────────────────────────────────
✅ Trial 56 completed - Val AUC: 0.5076
[I 2025-08-22 00:40:02,001] Trial 56 finished with value: -0.5075728893280029 and parameters: {'dataset.max_walk_length': 76, 'dataset.num_walks': 326705, 'training.lr': 1.4830745688156465e-05, 'training.weight_decay': 0.0011379287717192934, 'training.batch_size': 512, 'training.gradient_clip_val': 1.6741057201257656, 'training.early_stopping_patience': 10, 'model.nhead_emb_combo': 3, 'model.hidden_dim': 16, 'model.nlayers': 1, 'model.dropout': 0.6311230310583507, 'training.epochs': 17}. Best is trial 1 with value: -0.6377121806144714.
/home/eng/shilo_avital/yolo_lab/walk_to_paint/optuna_run.py:147: FutureWarning: suggest_loguniform has been deprecated in v3.0.0. This feature will be removed in v6.0.0. See https://github.com/optuna/optuna/releases/tag/v3.0.0. Use suggest_float(..., log=True) instead.
  cfg.training.lr = trial.suggest_loguniform("training.lr", 1e-5, 1e-1)
/home/eng/shilo_avital/yolo_lab/walk_to_paint/optuna_run.py:148: FutureWarning: suggest_loguniform has been deprecated in v3.0.0. This feature will be removed in v6.0.0. See https://github.com/optuna/optuna/releases/tag/v3.0.0. Use suggest_float(..., log=True) instead.
  cfg.training.weight_decay = trial.suggest_loguniform(

🔬 Trial 57 hyperparameters:
  Walk length: 98, Num walks: 157,654
  LR: 4.12e-05, Batch size: 128
  Model: emb_dim=64, hidden_dim=32
  Transformer: 1 layers, 2 heads
  Epochs: 14, Weighted loss: True
Loading bitcoin-alpha-binary dataset...
Success! ✅
Splitting edges for bitcoin-alpha-binary dataset...
Success! ✅
Sampling random walks from bitcoin-alpha-binary dataset...
Success! ✅
Building tokenizer for bitcoin-alpha-binary dataset...
Success! ✅
Padding and building stage tensors for bitcoin-alpha-binary dataset...
Success! ✅
Creating DataLoaders for bitcoin-alpha-binary dataset...
Success! ✅
GPU available: True (cuda), used: True
TPU available: False, using: 0 TPU cores
HPU available: False, using: 0 HPUs
/home/eng/shilo_avital/yolo_lab/walk_to_paint/.venv/lib64/python3.9/site-packages/pytorch_lightning/callbacks/model_checkpoint.py:658: Checkpoint directory /home/eng/shilo_avital/yolo_lab/walk_to_paint/checkpoints exists and is not empty.
LOCAL_RANK: 0 - CUDA_VISIBLE_DEVICES: [3]
/home/eng/shilo_avital/yolo_lab/walk_to_paint/.venv/lib64/python3.9/site-packages/pytorch_lightning/trainer/connectors/data_connector.py:425: The 'val_dataloader' does not have many workers which may be a bottleneck. Consider increasing the value of the `num_workers` argument` to `num_workers=127` in the `DataLoader` to improve performance.
/home/eng/shilo_avital/yolo_lab/walk_to_paint/.venv/lib64/python3.9/site-packages/pytorch_lightning/trainer/connectors/data_connector.py:425: The 'train_dataloader' does not have many workers which may be a bottleneck. Consider increasing the value of the `num_workers` argument` to `num_workers=127` in the `DataLoader` to improve performance.
Metric val_auc_epoch improved. New best score: 0.522
Metric val_auc_epoch improved by 0.011 >= min_delta = 0.0. New best score: 0.533
Metric val_auc_epoch improved by 0.006 >= min_delta = 0.0. New best score: 0.539
Metric val_auc_epoch improved by 0.001 >= min_delta = 0.0. New best score: 0.540
Metric val_auc_epoch improved by 0.002 >= min_delta = 0.0. New best score: 0.542
Metric val_auc_epoch improved by 0.001 >= min_delta = 0.0. New best score: 0.543
Metric val_auc_epoch improved by 0.000 >= min_delta = 0.0. New best score: 0.543
Metric val_auc_epoch improved by 0.001 >= min_delta = 0.0. New best score: 0.545
Metric val_auc_epoch improved by 0.000 >= min_delta = 0.0. New best score: 0.545
Metric val_auc_epoch improved by 0.000 >= min_delta = 0.0. New best score: 0.545
Metric val_auc_epoch improved by 0.000 >= min_delta = 0.0. New best score: 0.545
Metric val_auc_epoch improved by 0.000 >= min_delta = 0.0. New best score: 0.545
Metric val_auc_epoch improved by 0.000 >= min_delta = 0.0. New best score: 0.545
`Trainer.fit` stopped: `max_epochs=14` reached.
Restoring states from the checkpoint path at /home/eng/shilo_avital/yolo_lab/walk_to_paint/checkpoints/trial_57-epoch=13-val_auc_epoch=0.5453.ckpt
LOCAL_RANK: 0 - CUDA_VISIBLE_DEVICES: [3]
Loaded model weights from the checkpoint at /home/eng/shilo_avital/yolo_lab/walk_to_paint/checkpoints/trial_57-epoch=13-val_auc_epoch=0.5453.ckpt
/home/eng/shilo_avital/yolo_lab/walk_to_paint/.venv/lib64/python3.9/site-packages/pytorch_lightning/trainer/connectors/data_connector.py:425: The 'val_dataloader' does not have many workers which may be a bottleneck. Consider increasing the value of the `num_workers` argument` to `num_workers=127` in the `DataLoader` to improve performance.
────────────────────────────────────────────────────────────────────────────────────────────────────────────────────────
     Validate metric           DataLoader 0
────────────────────────────────────────────────────────────────────────────────────────────────────────────────────────
      val_acc_epoch         0.5299664735794067
      val_auc_epoch         0.5453216433525085
      val_f1_epoch          0.5274671316146851
        val_loss            0.6884435415267944
────────────────────────────────────────────────────────────────────────────────────────────────────────────────────────
✅ Trial 57 completed - Val AUC: 0.5453
[I 2025-08-22 00:43:52,679] Trial 57 finished with value: -0.5453216433525085 and parameters: {'dataset.max_walk_length': 98, 'dataset.num_walks': 157654, 'training.lr': 4.123899444160076e-05, 'training.weight_decay': 0.006975404035904385, 'training.batch_size': 128, 'training.gradient_clip_val': 1.8362848262285119, 'training.early_stopping_patience': 18, 'model.nhead_emb_combo': 10, 'model.hidden_dim': 32, 'model.nlayers': 1, 'model.dropout': 0.5628670635090138, 'training.epochs': 14}. Best is trial 1 with value: -0.6377121806144714.
/home/eng/shilo_avital/yolo_lab/walk_to_paint/optuna_run.py:147: FutureWarning: suggest_loguniform has been deprecated in v3.0.0. This feature will be removed in v6.0.0. See https://github.com/optuna/optuna/releases/tag/v3.0.0. Use suggest_float(..., log=True) instead.
  cfg.training.lr = trial.suggest_loguniform("training.lr", 1e-5, 1e-1)
/home/eng/shilo_avital/yolo_lab/walk_to_paint/optuna_run.py:148: FutureWarning: suggest_loguniform has been deprecated in v3.0.0. This feature will be removed in v6.0.0. See https://github.com/optuna/optuna/releases/tag/v3.0.0. Use suggest_float(..., log=True) instead.
  cfg.training.weight_decay = trial.suggest_loguniform(

🔬 Trial 58 hyperparameters:
  Walk length: 100, Num walks: 214,201
  LR: 2.32e-05, Batch size: 64
  Model: emb_dim=128, hidden_dim=16
  Transformer: 3 layers, 1 heads
  Epochs: 19, Weighted loss: True
Loading bitcoin-alpha-binary dataset...
Success! ✅
Splitting edges for bitcoin-alpha-binary dataset...
Success! ✅
Sampling random walks from bitcoin-alpha-binary dataset...
Success! ✅
Building tokenizer for bitcoin-alpha-binary dataset...
Success! ✅
Padding and building stage tensors for bitcoin-alpha-binary dataset...
Success! ✅
Creating DataLoaders for bitcoin-alpha-binary dataset...
Success! ✅
/home/eng/shilo_avital/yolo_lab/walk_to_paint/.venv/lib64/python3.9/site-packages/torch/nn/modules/transformer.py:382: UserWarning: enable_nested_tensor is True, but self.use_nested_tensor is False because encoder_layer.self_attn.num_heads is odd
  warnings.warn(
GPU available: True (cuda), used: True
TPU available: False, using: 0 TPU cores
HPU available: False, using: 0 HPUs
/home/eng/shilo_avital/yolo_lab/walk_to_paint/.venv/lib64/python3.9/site-packages/pytorch_lightning/callbacks/model_checkpoint.py:658: Checkpoint directory /home/eng/shilo_avital/yolo_lab/walk_to_paint/checkpoints exists and is not empty.
LOCAL_RANK: 0 - CUDA_VISIBLE_DEVICES: [3]
/home/eng/shilo_avital/yolo_lab/walk_to_paint/.venv/lib64/python3.9/site-packages/pytorch_lightning/trainer/connectors/data_connector.py:425: The 'val_dataloader' does not have many workers which may be a bottleneck. Consider increasing the value of the `num_workers` argument` to `num_workers=127` in the `DataLoader` to improve performance.
/home/eng/shilo_avital/yolo_lab/walk_to_paint/.venv/lib64/python3.9/site-packages/pytorch_lightning/trainer/connectors/data_connector.py:425: The 'train_dataloader' does not have many workers which may be a bottleneck. Consider increasing the value of the `num_workers` argument` to `num_workers=127` in the `DataLoader` to improve performance.
Metric val_auc_epoch improved. New best score: 0.540
Metric val_auc_epoch improved by 0.005 >= min_delta = 0.0. New best score: 0.544
Metric val_auc_epoch improved by 0.002 >= min_delta = 0.0. New best score: 0.546
Metric val_auc_epoch improved by 0.000 >= min_delta = 0.0. New best score: 0.546
❌ Trial 58 failed: Trial was pruned at epoch 6.
