[I 2025-08-22 14:24:29,126] Trial 169 finished with value: -0.4842788577079773 and parameters: {'dataset.max_walk_length': 33, 'dataset.num_walks': 114476, 'training.lr': 1.2013593991284026e-05, 'training.weight_decay': 0.0011604030092124574, 'training.batch_size': 64, 'training.gradient_clip_val': 1.8206789918463955, 'training.early_stopping_patience': 15, 'model.nhead_emb_combo': 6, 'model.hidden_dim': 16, 'model.nlayers': 2, 'model.dropout': 0.48263486900894104, 'training.epochs': 30}. Best is trial 1 with value: -0.6377121806144714.
/home/eng/shilo_avital/yolo_lab/walk_to_paint/optuna_run.py:147: FutureWarning: suggest_loguniform has been deprecated in v3.0.0. This feature will be removed in v6.0.0. See https://github.com/optuna/optuna/releases/tag/v3.0.0. Use suggest_float(..., log=True) instead.
  cfg.training.lr = trial.suggest_loguniform("training.lr", 1e-5, 1e-1)
/home/eng/shilo_avital/yolo_lab/walk_to_paint/optuna_run.py:148: FutureWarning: suggest_loguniform has been deprecated in v3.0.0. This feature will be removed in v6.0.0. See https://github.com/optuna/optuna/releases/tag/v3.0.0. Use suggest_float(..., log=True) instead.
  cfg.training.weight_decay = trial.suggest_loguniform(

🔬 Trial 170 hyperparameters:
  Walk length: 24, Num walks: 123,621
  LR: 2.53e-05, Batch size: 64
  Model: emb_dim=32, hidden_dim=16
  Transformer: 2 layers, 1 heads
  Epochs: 29, Weighted loss: True
Loading bitcoin-alpha-binary dataset...
Success! ✅
Splitting edges for bitcoin-alpha-binary dataset...
Success! ✅
Sampling random walks from bitcoin-alpha-binary dataset...
Success! ✅
Building tokenizer for bitcoin-alpha-binary dataset...
Success! ✅
Padding and building stage tensors for bitcoin-alpha-binary dataset...
Success! ✅
Creating DataLoaders for bitcoin-alpha-binary dataset...
Success! ✅
/home/eng/shilo_avital/yolo_lab/walk_to_paint/.venv/lib64/python3.9/site-packages/torch/nn/modules/transformer.py:382: UserWarning: enable_nested_tensor is True, but self.use_nested_tensor is False because encoder_layer.self_attn.num_heads is odd
  warnings.warn(
GPU available: True (cuda), used: True
TPU available: False, using: 0 TPU cores
HPU available: False, using: 0 HPUs
/home/eng/shilo_avital/yolo_lab/walk_to_paint/.venv/lib64/python3.9/site-packages/pytorch_lightning/callbacks/model_checkpoint.py:658: Checkpoint directory /home/eng/shilo_avital/yolo_lab/walk_to_paint/checkpoints exists and is not empty.
LOCAL_RANK: 0 - CUDA_VISIBLE_DEVICES: [3]
/home/eng/shilo_avital/yolo_lab/walk_to_paint/.venv/lib64/python3.9/site-packages/pytorch_lightning/trainer/connectors/data_connector.py:425: The 'val_dataloader' does not have many workers which may be a bottleneck. Consider increasing the value of the `num_workers` argument` to `num_workers=127` in the `DataLoader` to improve performance.
/home/eng/shilo_avital/yolo_lab/walk_to_paint/.venv/lib64/python3.9/site-packages/pytorch_lightning/trainer/connectors/data_connector.py:425: The 'train_dataloader' does not have many workers which may be a bottleneck. Consider increasing the value of the `num_workers` argument` to `num_workers=127` in the `DataLoader` to improve performance.
Metric val_auc_epoch improved. New best score: 0.517
Metric val_auc_epoch improved by 0.030 >= min_delta = 0.0. New best score: 0.546
Metric val_auc_epoch improved by 0.009 >= min_delta = 0.0. New best score: 0.555
Metric val_auc_epoch improved by 0.003 >= min_delta = 0.0. New best score: 0.559
Metric val_auc_epoch improved by 0.001 >= min_delta = 0.0. New best score: 0.560
Metric val_auc_epoch improved by 0.001 >= min_delta = 0.0. New best score: 0.560
Metric val_auc_epoch improved by 0.000 >= min_delta = 0.0. New best score: 0.561
Metric val_auc_epoch improved by 0.001 >= min_delta = 0.0. New best score: 0.561
Metric val_auc_epoch improved by 0.000 >= min_delta = 0.0. New best score: 0.562
Metric val_auc_epoch improved by 0.000 >= min_delta = 0.0. New best score: 0.562
Metric val_auc_epoch improved by 0.000 >= min_delta = 0.0. New best score: 0.562
Metric val_auc_epoch improved by 0.000 >= min_delta = 0.0. New best score: 0.562
Metric val_auc_epoch improved by 0.000 >= min_delta = 0.0. New best score: 0.562
Metric val_auc_epoch improved by 0.000 >= min_delta = 0.0. New best score: 0.562
Metric val_auc_epoch improved by 0.000 >= min_delta = 0.0. New best score: 0.562
Metric val_auc_epoch improved by 0.000 >= min_delta = 0.0. New best score: 0.563
Metric val_auc_epoch improved by 0.000 >= min_delta = 0.0. New best score: 0.563
Metric val_auc_epoch improved by 0.000 >= min_delta = 0.0. New best score: 0.563
Metric val_auc_epoch improved by 0.000 >= min_delta = 0.0. New best score: 0.563
Metric val_auc_epoch improved by 0.000 >= min_delta = 0.0. New best score: 0.563
Metric val_auc_epoch improved by 0.000 >= min_delta = 0.0. New best score: 0.563
Metric val_auc_epoch improved by 0.000 >= min_delta = 0.0. New best score: 0.563
Metric val_auc_epoch improved by 0.000 >= min_delta = 0.0. New best score: 0.563
`Trainer.fit` stopped: `max_epochs=29` reached.
Restoring states from the checkpoint path at /home/eng/shilo_avital/yolo_lab/walk_to_paint/checkpoints/trial_170-epoch=28-val_auc_epoch=0.5631.ckpt
LOCAL_RANK: 0 - CUDA_VISIBLE_DEVICES: [3]
Loaded model weights from the checkpoint at /home/eng/shilo_avital/yolo_lab/walk_to_paint/checkpoints/trial_170-epoch=28-val_auc_epoch=0.5631.ckpt
/home/eng/shilo_avital/yolo_lab/walk_to_paint/.venv/lib64/python3.9/site-packages/pytorch_lightning/trainer/connectors/data_connector.py:425: The 'val_dataloader' does not have many workers which may be a bottleneck. Consider increasing the value of the `num_workers` argument` to `num_workers=127` in the `DataLoader` to improve performance.
────────────────────────────────────────────────────────────────────────────────────────────────────────────────────────
     Validate metric           DataLoader 0
────────────────────────────────────────────────────────────────────────────────────────────────────────────────────────
      val_acc_epoch         0.5438745617866516
      val_auc_epoch         0.5630634427070618
      val_f1_epoch          0.5428650975227356
        val_loss            0.6884301900863647
────────────────────────────────────────────────────────────────────────────────────────────────────────────────────────
✅ Trial 170 completed - Val AUC: 0.5631
[I 2025-08-22 14:34:54,083] Trial 170 finished with value: -0.5630634427070618 and parameters: {'dataset.max_walk_length': 24, 'dataset.num_walks': 123621, 'training.lr': 2.5264875415115897e-05, 'training.weight_decay': 0.0007280727329365636, 'training.batch_size': 64, 'training.gradient_clip_val': 1.9353237615405703, 'training.early_stopping_patience': 14, 'model.nhead_emb_combo': 3, 'model.hidden_dim': 16, 'model.nlayers': 2, 'model.dropout': 0.27969145234662174, 'training.epochs': 29}. Best is trial 1 with value: -0.6377121806144714.
🧹 Cleaning up old checkpoints and logs (keeping top 10)...
  Removed old checkpoint: trial_160-epoch=27-val_auc_epoch=0.5742.ckpt
  Removed old checkpoint: trial_159-epoch=04-val_auc_epoch=0.5647.ckpt
  Removed old checkpoint: trial_158-epoch=04-val_auc_epoch=0.5700.ckpt
  Removed old checkpoint: trial_157-epoch=28-val_auc_epoch=0.5685.ckpt
  Removed old checkpoint: trial_156-epoch=04-val_auc_epoch=0.5638.ckpt
  Removed old log dir: trial_160
  Removed old log dir: trial_159
  Removed old log dir: trial_158
  Removed old log dir: trial_157
  Removed old log dir: trial_156
/home/eng/shilo_avital/yolo_lab/walk_to_paint/optuna_run.py:147: FutureWarning: suggest_loguniform has been deprecated in v3.0.0. This feature will be removed in v6.0.0. See https://github.com/optuna/optuna/releases/tag/v3.0.0. Use suggest_float(..., log=True) instead.
  cfg.training.lr = trial.suggest_loguniform("training.lr", 1e-5, 1e-1)
/home/eng/shilo_avital/yolo_lab/walk_to_paint/optuna_run.py:148: FutureWarning: suggest_loguniform has been deprecated in v3.0.0. This feature will be removed in v6.0.0. See https://github.com/optuna/optuna/releases/tag/v3.0.0. Use suggest_float(..., log=True) instead.
  cfg.training.weight_decay = trial.suggest_loguniform(

🔬 Trial 171 hyperparameters:
  Walk length: 22, Num walks: 140,354
  LR: 1.93e-05, Batch size: 64
  Model: emb_dim=32, hidden_dim=16
  Transformer: 2 layers, 1 heads
  Epochs: 29, Weighted loss: True
Loading bitcoin-alpha-binary dataset...
Success! ✅
Splitting edges for bitcoin-alpha-binary dataset...
Success! ✅
Sampling random walks from bitcoin-alpha-binary dataset...
Success! ✅
Building tokenizer for bitcoin-alpha-binary dataset...
Success! ✅
Padding and building stage tensors for bitcoin-alpha-binary dataset...
Success! ✅
Creating DataLoaders for bitcoin-alpha-binary dataset...
Success! ✅
/home/eng/shilo_avital/yolo_lab/walk_to_paint/.venv/lib64/python3.9/site-packages/torch/nn/modules/transformer.py:382: UserWarning: enable_nested_tensor is True, but self.use_nested_tensor is False because encoder_layer.self_attn.num_heads is odd
  warnings.warn(
GPU available: True (cuda), used: True
TPU available: False, using: 0 TPU cores
HPU available: False, using: 0 HPUs
/home/eng/shilo_avital/yolo_lab/walk_to_paint/.venv/lib64/python3.9/site-packages/pytorch_lightning/callbacks/model_checkpoint.py:658: Checkpoint directory /home/eng/shilo_avital/yolo_lab/walk_to_paint/checkpoints exists and is not empty.
LOCAL_RANK: 0 - CUDA_VISIBLE_DEVICES: [3]
/home/eng/shilo_avital/yolo_lab/walk_to_paint/.venv/lib64/python3.9/site-packages/pytorch_lightning/trainer/connectors/data_connector.py:425: The 'val_dataloader' does not have many workers which may be a bottleneck. Consider increasing the value of the `num_workers` argument` to `num_workers=127` in the `DataLoader` to improve performance.
/home/eng/shilo_avital/yolo_lab/walk_to_paint/.venv/lib64/python3.9/site-packages/pytorch_lightning/trainer/connectors/data_connector.py:425: The 'train_dataloader' does not have many workers which may be a bottleneck. Consider increasing the value of the `num_workers` argument` to `num_workers=127` in the `DataLoader` to improve performance.
Metric val_auc_epoch improved. New best score: 0.523
Metric val_auc_epoch improved by 0.019 >= min_delta = 0.0. New best score: 0.542
Metric val_auc_epoch improved by 0.011 >= min_delta = 0.0. New best score: 0.553
Metric val_auc_epoch improved by 0.005 >= min_delta = 0.0. New best score: 0.558
Metric val_auc_epoch improved by 0.002 >= min_delta = 0.0. New best score: 0.559
Metric val_auc_epoch improved by 0.001 >= min_delta = 0.0. New best score: 0.560
Metric val_auc_epoch improved by 0.001 >= min_delta = 0.0. New best score: 0.561
Monitored metric val_auc_epoch did not improve in the last 15 records. Best score: 0.561. Signaling Trainer to stop.
Restoring states from the checkpoint path at /home/eng/shilo_avital/yolo_lab/walk_to_paint/checkpoints/trial_171-epoch=06-val_auc_epoch=0.5607.ckpt
LOCAL_RANK: 0 - CUDA_VISIBLE_DEVICES: [3]
Loaded model weights from the checkpoint at /home/eng/shilo_avital/yolo_lab/walk_to_paint/checkpoints/trial_171-epoch=06-val_auc_epoch=0.5607.ckpt
/home/eng/shilo_avital/yolo_lab/walk_to_paint/.venv/lib64/python3.9/site-packages/pytorch_lightning/trainer/connectors/data_connector.py:425: The 'val_dataloader' does not have many workers which may be a bottleneck. Consider increasing the value of the `num_workers` argument` to `num_workers=127` in the `DataLoader` to improve performance.
────────────────────────────────────────────────────────────────────────────────────────────────────────────────────────
     Validate metric           DataLoader 0
────────────────────────────────────────────────────────────────────────────────────────────────────────────────────────
      val_acc_epoch         0.5403735041618347
      val_auc_epoch         0.5607012510299683
      val_f1_epoch          0.5340495109558105
        val_loss             0.687159538269043
────────────────────────────────────────────────────────────────────────────────────────────────────────────────────────
✅ Trial 171 completed - Val AUC: 0.5607
[I 2025-08-22 14:43:56,311] Trial 171 finished with value: -0.5607012510299683 and parameters: {'dataset.max_walk_length': 22, 'dataset.num_walks': 140354, 'training.lr': 1.9349820578103056e-05, 'training.weight_decay': 0.002791699288285813, 'training.batch_size': 64, 'training.gradient_clip_val': 1.7617116462771563, 'training.early_stopping_patience': 15, 'model.nhead_emb_combo': 3, 'model.hidden_dim': 16, 'model.nlayers': 2, 'model.dropout': 0.5183999870318401, 'training.epochs': 29}. Best is trial 1 with value: -0.6377121806144714.
/home/eng/shilo_avital/yolo_lab/walk_to_paint/optuna_run.py:147: FutureWarning: suggest_loguniform has been deprecated in v3.0.0. This feature will be removed in v6.0.0. See https://github.com/optuna/optuna/releases/tag/v3.0.0. Use suggest_float(..., log=True) instead.
  cfg.training.lr = trial.suggest_loguniform("training.lr", 1e-5, 1e-1)
/home/eng/shilo_avital/yolo_lab/walk_to_paint/optuna_run.py:148: FutureWarning: suggest_loguniform has been deprecated in v3.0.0. This feature will be removed in v6.0.0. See https://github.com/optuna/optuna/releases/tag/v3.0.0. Use suggest_float(..., log=True) instead.
  cfg.training.weight_decay = trial.suggest_loguniform(

🔬 Trial 172 hyperparameters:
  Walk length: 20, Num walks: 112,929
  LR: 2.97e-05, Batch size: 64
  Model: emb_dim=128, hidden_dim=64
  Transformer: 2 layers, 1 heads
  Epochs: 28, Weighted loss: True
Loading bitcoin-alpha-binary dataset...
Success! ✅
Splitting edges for bitcoin-alpha-binary dataset...
Success! ✅
Sampling random walks from bitcoin-alpha-binary dataset...
Success! ✅
Building tokenizer for bitcoin-alpha-binary dataset...
Success! ✅
Padding and building stage tensors for bitcoin-alpha-binary dataset...
Success! ✅
Creating DataLoaders for bitcoin-alpha-binary dataset...
Success! ✅
/home/eng/shilo_avital/yolo_lab/walk_to_paint/.venv/lib64/python3.9/site-packages/torch/nn/modules/transformer.py:382: UserWarning: enable_nested_tensor is True, but self.use_nested_tensor is False because encoder_layer.self_attn.num_heads is odd
  warnings.warn(
GPU available: True (cuda), used: True
TPU available: False, using: 0 TPU cores
HPU available: False, using: 0 HPUs
/home/eng/shilo_avital/yolo_lab/walk_to_paint/.venv/lib64/python3.9/site-packages/pytorch_lightning/callbacks/model_checkpoint.py:658: Checkpoint directory /home/eng/shilo_avital/yolo_lab/walk_to_paint/checkpoints exists and is not empty.
LOCAL_RANK: 0 - CUDA_VISIBLE_DEVICES: [3]
/home/eng/shilo_avital/yolo_lab/walk_to_paint/.venv/lib64/python3.9/site-packages/pytorch_lightning/trainer/connectors/data_connector.py:425: The 'val_dataloader' does not have many workers which may be a bottleneck. Consider increasing the value of the `num_workers` argument` to `num_workers=127` in the `DataLoader` to improve performance.
/home/eng/shilo_avital/yolo_lab/walk_to_paint/.venv/lib64/python3.9/site-packages/pytorch_lightning/trainer/connectors/data_connector.py:425: The 'train_dataloader' does not have many workers which may be a bottleneck. Consider increasing the value of the `num_workers` argument` to `num_workers=127` in the `DataLoader` to improve performance.
Metric val_auc_epoch improved. New best score: 0.569
Metric val_auc_epoch improved by 0.008 >= min_delta = 0.0. New best score: 0.577
Metric val_auc_epoch improved by 0.006 >= min_delta = 0.0. New best score: 0.583
Metric val_auc_epoch improved by 0.004 >= min_delta = 0.0. New best score: 0.587
Metric val_auc_epoch improved by 0.004 >= min_delta = 0.0. New best score: 0.591
❌ Trial 172 failed: Trial was pruned at epoch 5.
[I 2025-08-22 14:46:00,945] Trial 172 finished with value: 0.0 and parameters: {'dataset.max_walk_length': 20, 'dataset.num_walks': 112929, 'training.lr': 2.9735955641625355e-05, 'training.weight_decay': 0.003865515749542434, 'training.batch_size': 64, 'training.gradient_clip_val': 1.8725805914149207, 'training.early_stopping_patience': 15, 'model.nhead_emb_combo': 5, 'model.hidden_dim': 64, 'model.nlayers': 2, 'model.dropout': 0.49533805689245397, 'training.epochs': 28}. Best is trial 1 with value: -0.6377121806144714.
/home/eng/shilo_avital/yolo_lab/walk_to_paint/optuna_run.py:147: FutureWarning: suggest_loguniform has been deprecated in v3.0.0. This feature will be removed in v6.0.0. See https://github.com/optuna/optuna/releases/tag/v3.0.0. Use suggest_float(..., log=True) instead.
  cfg.training.lr = trial.suggest_loguniform("training.lr", 1e-5, 1e-1)
/home/eng/shilo_avital/yolo_lab/walk_to_paint/optuna_run.py:148: FutureWarning: suggest_loguniform has been deprecated in v3.0.0. This feature will be removed in v6.0.0. See https://github.com/optuna/optuna/releases/tag/v3.0.0. Use suggest_float(..., log=True) instead.
  cfg.training.weight_decay = trial.suggest_loguniform(

🔬 Trial 173 hyperparameters:
  Walk length: 22, Num walks: 133,328
  LR: 1.52e-03, Batch size: 64
  Model: emb_dim=64, hidden_dim=16
  Transformer: 2 layers, 1 heads
  Epochs: 30, Weighted loss: True
Loading bitcoin-alpha-binary dataset...
Success! ✅
Splitting edges for bitcoin-alpha-binary dataset...
Success! ✅
Sampling random walks from bitcoin-alpha-binary dataset...
Success! ✅
Building tokenizer for bitcoin-alpha-binary dataset...
Success! ✅
Padding and building stage tensors for bitcoin-alpha-binary dataset...
Success! ✅
Creating DataLoaders for bitcoin-alpha-binary dataset...
Success! ✅
/home/eng/shilo_avital/yolo_lab/walk_to_paint/.venv/lib64/python3.9/site-packages/torch/nn/modules/transformer.py:382: UserWarning: enable_nested_tensor is True, but self.use_nested_tensor is False because encoder_layer.self_attn.num_heads is odd
  warnings.warn(
GPU available: True (cuda), used: True
TPU available: False, using: 0 TPU cores
HPU available: False, using: 0 HPUs
/home/eng/shilo_avital/yolo_lab/walk_to_paint/.venv/lib64/python3.9/site-packages/pytorch_lightning/callbacks/model_checkpoint.py:658: Checkpoint directory /home/eng/shilo_avital/yolo_lab/walk_to_paint/checkpoints exists and is not empty.
LOCAL_RANK: 0 - CUDA_VISIBLE_DEVICES: [3]
/home/eng/shilo_avital/yolo_lab/walk_to_paint/.venv/lib64/python3.9/site-packages/pytorch_lightning/trainer/connectors/data_connector.py:425: The 'val_dataloader' does not have many workers which may be a bottleneck. Consider increasing the value of the `num_workers` argument` to `num_workers=127` in the `DataLoader` to improve performance.
/home/eng/shilo_avital/yolo_lab/walk_to_paint/.venv/lib64/python3.9/site-packages/pytorch_lightning/trainer/connectors/data_connector.py:425: The 'train_dataloader' does not have many workers which may be a bottleneck. Consider increasing the value of the `num_workers` argument` to `num_workers=127` in the `DataLoader` to improve performance.
Metric val_auc_epoch improved. New best score: 0.603
Metric val_auc_epoch improved by 0.008 >= min_delta = 0.0. New best score: 0.611
Metric val_auc_epoch improved by 0.003 >= min_delta = 0.0. New best score: 0.614
Metric val_auc_epoch improved by 0.001 >= min_delta = 0.0. New best score: 0.615
❌ Trial 173 failed: Trial was pruned at epoch 5.
