[I 2025-08-21 23:53:55,819] Trial 50 finished with value: -0.5372076034545898 and parameters: {'dataset.max_walk_length': 78, 'dataset.num_walks': 392903, 'training.lr': 1.3623934218684229e-05, 'training.weight_decay': 0.00306428421349062, 'training.batch_size': 64, 'training.gradient_clip_val': 1.5880316325881034, 'training.early_stopping_patience': 7, 'model.nhead_emb_combo': 4, 'model.hidden_dim': 16, 'model.nlayers': 2, 'model.dropout': 0.4818200261275227, 'training.epochs': 14}. Best is trial 1 with value: -0.6377121806144714.
🧹 Cleaning up old checkpoints and logs (keeping top 10)...
  Removed old checkpoint: trial_40-epoch=09-val_auc_epoch=0.4994.ckpt
  Removed old checkpoint: trial_39-epoch=12-val_auc_epoch=0.5539.ckpt
  Removed old checkpoint: trial_38-epoch=04-val_auc_epoch=0.6210.ckpt
  Removed old checkpoint: trial_37-epoch=03-val_auc_epoch=0.5000.ckpt
  Removed old checkpoint: trial_36-epoch=04-val_auc_epoch=0.6153.ckpt
  Removed old log dir: trial_40
  Removed old log dir: trial_39
  Removed old log dir: trial_38
  Removed old log dir: trial_37
  Removed old log dir: trial_36
/home/eng/shilo_avital/yolo_lab/walk_to_paint/optuna_run.py:147: FutureWarning: suggest_loguniform has been deprecated in v3.0.0. This feature will be removed in v6.0.0. See https://github.com/optuna/optuna/releases/tag/v3.0.0. Use suggest_float(..., log=True) instead.
  cfg.training.lr = trial.suggest_loguniform("training.lr", 1e-5, 1e-1)
/home/eng/shilo_avital/yolo_lab/walk_to_paint/optuna_run.py:148: FutureWarning: suggest_loguniform has been deprecated in v3.0.0. This feature will be removed in v6.0.0. See https://github.com/optuna/optuna/releases/tag/v3.0.0. Use suggest_float(..., log=True) instead.
  cfg.training.weight_decay = trial.suggest_loguniform(

🔬 Trial 51 hyperparameters:
  Walk length: 93, Num walks: 179,989
  LR: 3.17e-05, Batch size: 32
  Model: emb_dim=4, hidden_dim=16
  Transformer: 1 layers, 2 heads
  Epochs: 13, Weighted loss: True
Loading bitcoin-alpha-binary dataset...
Success! ✅
Splitting edges for bitcoin-alpha-binary dataset...
Success! ✅
Sampling random walks from bitcoin-alpha-binary dataset...
Success! ✅
Building tokenizer for bitcoin-alpha-binary dataset...
Success! ✅
Padding and building stage tensors for bitcoin-alpha-binary dataset...
Success! ✅
Creating DataLoaders for bitcoin-alpha-binary dataset...
Success! ✅
GPU available: True (cuda), used: True
TPU available: False, using: 0 TPU cores
HPU available: False, using: 0 HPUs
/home/eng/shilo_avital/yolo_lab/walk_to_paint/.venv/lib64/python3.9/site-packages/pytorch_lightning/callbacks/model_checkpoint.py:658: Checkpoint directory /home/eng/shilo_avital/yolo_lab/walk_to_paint/checkpoints exists and is not empty.
LOCAL_RANK: 0 - CUDA_VISIBLE_DEVICES: [3]
/home/eng/shilo_avital/yolo_lab/walk_to_paint/.venv/lib64/python3.9/site-packages/pytorch_lightning/trainer/connectors/data_connector.py:425: The 'val_dataloader' does not have many workers which may be a bottleneck. Consider increasing the value of the `num_workers` argument` to `num_workers=127` in the `DataLoader` to improve performance.
/home/eng/shilo_avital/yolo_lab/walk_to_paint/.venv/lib64/python3.9/site-packages/pytorch_lightning/trainer/connectors/data_connector.py:425: The 'train_dataloader' does not have many workers which may be a bottleneck. Consider increasing the value of the `num_workers` argument` to `num_workers=127` in the `DataLoader` to improve performance.
Metric val_auc_epoch improved. New best score: 0.501
Metric val_auc_epoch improved by 0.000 >= min_delta = 0.0. New best score: 0.501
Metric val_auc_epoch improved by 0.001 >= min_delta = 0.0. New best score: 0.501
Metric val_auc_epoch improved by 0.000 >= min_delta = 0.0. New best score: 0.502
`Trainer.fit` stopped: `max_epochs=13` reached.
Restoring states from the checkpoint path at /home/eng/shilo_avital/yolo_lab/walk_to_paint/checkpoints/trial_51-epoch=06-val_auc_epoch=0.5018.ckpt
LOCAL_RANK: 0 - CUDA_VISIBLE_DEVICES: [3]
Loaded model weights from the checkpoint at /home/eng/shilo_avital/yolo_lab/walk_to_paint/checkpoints/trial_51-epoch=06-val_auc_epoch=0.5018.ckpt
/home/eng/shilo_avital/yolo_lab/walk_to_paint/.venv/lib64/python3.9/site-packages/pytorch_lightning/trainer/connectors/data_connector.py:425: The 'val_dataloader' does not have many workers which may be a bottleneck. Consider increasing the value of the `num_workers` argument` to `num_workers=127` in the `DataLoader` to improve performance.
────────────────────────────────────────────────────────────────────────────────────────────────────────────────────────
     Validate metric           DataLoader 0
────────────────────────────────────────────────────────────────────────────────────────────────────────────────────────
      val_acc_epoch         0.5000474452972412
      val_auc_epoch         0.5018413066864014
      val_f1_epoch          0.36118975281715393
        val_loss            0.6933388710021973
────────────────────────────────────────────────────────────────────────────────────────────────────────────────────────
✅ Trial 51 completed - Val AUC: 0.5018
[I 2025-08-22 00:05:51,164] Trial 51 finished with value: -0.5018413066864014 and parameters: {'dataset.max_walk_length': 93, 'dataset.num_walks': 179989, 'training.lr': 3.165408985697825e-05, 'training.weight_decay': 0.00014283262509738265, 'training.batch_size': 32, 'training.gradient_clip_val': 1.8626837003997014, 'training.early_stopping_patience': 12, 'model.nhead_emb_combo': 6, 'model.hidden_dim': 16, 'model.nlayers': 1, 'model.dropout': 0.6341125985100525, 'training.epochs': 13}. Best is trial 1 with value: -0.6377121806144714.
/home/eng/shilo_avital/yolo_lab/walk_to_paint/optuna_run.py:147: FutureWarning: suggest_loguniform has been deprecated in v3.0.0. This feature will be removed in v6.0.0. See https://github.com/optuna/optuna/releases/tag/v3.0.0. Use suggest_float(..., log=True) instead.
  cfg.training.lr = trial.suggest_loguniform("training.lr", 1e-5, 1e-1)
/home/eng/shilo_avital/yolo_lab/walk_to_paint/optuna_run.py:148: FutureWarning: suggest_loguniform has been deprecated in v3.0.0. This feature will be removed in v6.0.0. See https://github.com/optuna/optuna/releases/tag/v3.0.0. Use suggest_float(..., log=True) instead.
  cfg.training.weight_decay = trial.suggest_loguniform(

🔬 Trial 52 hyperparameters:
  Walk length: 87, Num walks: 202,742
  LR: 1.86e-05, Batch size: 512
  Model: emb_dim=16, hidden_dim=256
  Transformer: 1 layers, 2 heads
  Epochs: 15, Weighted loss: True
Loading bitcoin-alpha-binary dataset...
Success! ✅
Splitting edges for bitcoin-alpha-binary dataset...
Success! ✅
Sampling random walks from bitcoin-alpha-binary dataset...
Success! ✅
Building tokenizer for bitcoin-alpha-binary dataset...
Success! ✅
Padding and building stage tensors for bitcoin-alpha-binary dataset...
Success! ✅
Creating DataLoaders for bitcoin-alpha-binary dataset...
Success! ✅
GPU available: True (cuda), used: True
TPU available: False, using: 0 TPU cores
HPU available: False, using: 0 HPUs
/home/eng/shilo_avital/yolo_lab/walk_to_paint/.venv/lib64/python3.9/site-packages/pytorch_lightning/callbacks/model_checkpoint.py:658: Checkpoint directory /home/eng/shilo_avital/yolo_lab/walk_to_paint/checkpoints exists and is not empty.
LOCAL_RANK: 0 - CUDA_VISIBLE_DEVICES: [3]
/home/eng/shilo_avital/yolo_lab/walk_to_paint/.venv/lib64/python3.9/site-packages/pytorch_lightning/trainer/connectors/data_connector.py:425: The 'val_dataloader' does not have many workers which may be a bottleneck. Consider increasing the value of the `num_workers` argument` to `num_workers=127` in the `DataLoader` to improve performance.
/home/eng/shilo_avital/yolo_lab/walk_to_paint/.venv/lib64/python3.9/site-packages/pytorch_lightning/trainer/connectors/data_connector.py:425: The 'train_dataloader' does not have many workers which may be a bottleneck. Consider increasing the value of the `num_workers` argument` to `num_workers=127` in the `DataLoader` to improve performance.
Metric val_auc_epoch improved. New best score: 0.505
Metric val_auc_epoch improved by 0.002 >= min_delta = 0.0. New best score: 0.506
Metric val_auc_epoch improved by 0.002 >= min_delta = 0.0. New best score: 0.508
Metric val_auc_epoch improved by 0.001 >= min_delta = 0.0. New best score: 0.509
Metric val_auc_epoch improved by 0.001 >= min_delta = 0.0. New best score: 0.510
Metric val_auc_epoch improved by 0.001 >= min_delta = 0.0. New best score: 0.511
Metric val_auc_epoch improved by 0.001 >= min_delta = 0.0. New best score: 0.513
Metric val_auc_epoch improved by 0.001 >= min_delta = 0.0. New best score: 0.514
Metric val_auc_epoch improved by 0.001 >= min_delta = 0.0. New best score: 0.514
Metric val_auc_epoch improved by 0.001 >= min_delta = 0.0. New best score: 0.515
Metric val_auc_epoch improved by 0.000 >= min_delta = 0.0. New best score: 0.515
Metric val_auc_epoch improved by 0.000 >= min_delta = 0.0. New best score: 0.516
Metric val_auc_epoch improved by 0.000 >= min_delta = 0.0. New best score: 0.516
Metric val_auc_epoch improved by 0.000 >= min_delta = 0.0. New best score: 0.516
Metric val_auc_epoch improved by 0.000 >= min_delta = 0.0. New best score: 0.516
`Trainer.fit` stopped: `max_epochs=15` reached.
Restoring states from the checkpoint path at /home/eng/shilo_avital/yolo_lab/walk_to_paint/checkpoints/trial_52-epoch=14-val_auc_epoch=0.5161.ckpt
LOCAL_RANK: 0 - CUDA_VISIBLE_DEVICES: [3]
Loaded model weights from the checkpoint at /home/eng/shilo_avital/yolo_lab/walk_to_paint/checkpoints/trial_52-epoch=14-val_auc_epoch=0.5161.ckpt
/home/eng/shilo_avital/yolo_lab/walk_to_paint/.venv/lib64/python3.9/site-packages/pytorch_lightning/trainer/connectors/data_connector.py:425: The 'val_dataloader' does not have many workers which may be a bottleneck. Consider increasing the value of the `num_workers` argument` to `num_workers=127` in the `DataLoader` to improve performance.
────────────────────────────────────────────────────────────────────────────────────────────────────────────────────────
     Validate metric           DataLoader 0
────────────────────────────────────────────────────────────────────────────────────────────────────────────────────────
      val_acc_epoch          0.511769711971283
      val_auc_epoch         0.5160846710205078
      val_f1_epoch          0.49389538168907166
        val_loss            0.6927862763404846
────────────────────────────────────────────────────────────────────────────────────────────────────────────────────────
✅ Trial 52 completed - Val AUC: 0.5161
[I 2025-08-22 00:08:42,932] Trial 52 finished with value: -0.5160846710205078 and parameters: {'dataset.max_walk_length': 87, 'dataset.num_walks': 202742, 'training.lr': 1.8607889204247486e-05, 'training.weight_decay': 0.00032654719901349, 'training.batch_size': 512, 'training.gradient_clip_val': 1.9198115332819585, 'training.early_stopping_patience': 15, 'model.nhead_emb_combo': 8, 'model.hidden_dim': 256, 'model.nlayers': 1, 'model.dropout': 0.6124052562373539, 'training.epochs': 15}. Best is trial 1 with value: -0.6377121806144714.
/home/eng/shilo_avital/yolo_lab/walk_to_paint/optuna_run.py:147: FutureWarning: suggest_loguniform has been deprecated in v3.0.0. This feature will be removed in v6.0.0. See https://github.com/optuna/optuna/releases/tag/v3.0.0. Use suggest_float(..., log=True) instead.
  cfg.training.lr = trial.suggest_loguniform("training.lr", 1e-5, 1e-1)
/home/eng/shilo_avital/yolo_lab/walk_to_paint/optuna_run.py:148: FutureWarning: suggest_loguniform has been deprecated in v3.0.0. This feature will be removed in v6.0.0. See https://github.com/optuna/optuna/releases/tag/v3.0.0. Use suggest_float(..., log=True) instead.
  cfg.training.weight_decay = trial.suggest_loguniform(

🔬 Trial 53 hyperparameters:
  Walk length: 68, Num walks: 265,815
  LR: 5.72e-05, Batch size: 64
  Model: emb_dim=4, hidden_dim=16
  Transformer: 1 layers, 2 heads
  Epochs: 16, Weighted loss: True
Loading bitcoin-alpha-binary dataset...
Success! ✅
Splitting edges for bitcoin-alpha-binary dataset...
Success! ✅
Sampling random walks from bitcoin-alpha-binary dataset...
Success! ✅
Building tokenizer for bitcoin-alpha-binary dataset...
Success! ✅
Padding and building stage tensors for bitcoin-alpha-binary dataset...
Success! ✅
Creating DataLoaders for bitcoin-alpha-binary dataset...
Success! ✅
GPU available: True (cuda), used: True
TPU available: False, using: 0 TPU cores
HPU available: False, using: 0 HPUs
/home/eng/shilo_avital/yolo_lab/walk_to_paint/.venv/lib64/python3.9/site-packages/pytorch_lightning/callbacks/model_checkpoint.py:658: Checkpoint directory /home/eng/shilo_avital/yolo_lab/walk_to_paint/checkpoints exists and is not empty.
LOCAL_RANK: 0 - CUDA_VISIBLE_DEVICES: [3]
/home/eng/shilo_avital/yolo_lab/walk_to_paint/.venv/lib64/python3.9/site-packages/pytorch_lightning/trainer/connectors/data_connector.py:425: The 'val_dataloader' does not have many workers which may be a bottleneck. Consider increasing the value of the `num_workers` argument` to `num_workers=127` in the `DataLoader` to improve performance.
/home/eng/shilo_avital/yolo_lab/walk_to_paint/.venv/lib64/python3.9/site-packages/pytorch_lightning/trainer/connectors/data_connector.py:425: The 'train_dataloader' does not have many workers which may be a bottleneck. Consider increasing the value of the `num_workers` argument` to `num_workers=127` in the `DataLoader` to improve performance.
Metric val_auc_epoch improved. New best score: 0.497
Metric val_auc_epoch improved by 0.002 >= min_delta = 0.0. New best score: 0.498
Metric val_auc_epoch improved by 0.001 >= min_delta = 0.0. New best score: 0.499
Metric val_auc_epoch improved by 0.004 >= min_delta = 0.0. New best score: 0.503
Metric val_auc_epoch improved by 0.002 >= min_delta = 0.0. New best score: 0.505
Metric val_auc_epoch improved by 0.003 >= min_delta = 0.0. New best score: 0.508
Metric val_auc_epoch improved by 0.000 >= min_delta = 0.0. New best score: 0.509
Metric val_auc_epoch improved by 0.003 >= min_delta = 0.0. New best score: 0.512
Metric val_auc_epoch improved by 0.001 >= min_delta = 0.0. New best score: 0.513
Metric val_auc_epoch improved by 0.001 >= min_delta = 0.0. New best score: 0.514
Metric val_auc_epoch improved by 0.000 >= min_delta = 0.0. New best score: 0.514
Metric val_auc_epoch improved by 0.000 >= min_delta = 0.0. New best score: 0.514
Metric val_auc_epoch improved by 0.000 >= min_delta = 0.0. New best score: 0.514
`Trainer.fit` stopped: `max_epochs=16` reached.
Restoring states from the checkpoint path at /home/eng/shilo_avital/yolo_lab/walk_to_paint/checkpoints/trial_53-epoch=15-val_auc_epoch=0.5145.ckpt
LOCAL_RANK: 0 - CUDA_VISIBLE_DEVICES: [3]
Loaded model weights from the checkpoint at /home/eng/shilo_avital/yolo_lab/walk_to_paint/checkpoints/trial_53-epoch=15-val_auc_epoch=0.5145.ckpt
/home/eng/shilo_avital/yolo_lab/walk_to_paint/.venv/lib64/python3.9/site-packages/pytorch_lightning/trainer/connectors/data_connector.py:425: The 'val_dataloader' does not have many workers which may be a bottleneck. Consider increasing the value of the `num_workers` argument` to `num_workers=127` in the `DataLoader` to improve performance.
────────────────────────────────────────────────────────────────────────────────────────────────────────────────────────
     Validate metric           DataLoader 0
────────────────────────────────────────────────────────────────────────────────────────────────────────────────────────
      val_acc_epoch         0.5038392543792725
      val_auc_epoch         0.5144708156585693
      val_f1_epoch          0.43897032737731934
        val_loss             0.693080723285675
────────────────────────────────────────────────────────────────────────────────────────────────────────────────────────
✅ Trial 53 completed - Val AUC: 0.5145
[I 2025-08-22 00:20:16,416] Trial 53 finished with value: -0.5144708156585693 and parameters: {'dataset.max_walk_length': 68, 'dataset.num_walks': 265815, 'training.lr': 5.72229151559684e-05, 'training.weight_decay': 0.0018638270269087035, 'training.batch_size': 64, 'training.gradient_clip_val': 1.7655928042357327, 'training.early_stopping_patience': 9, 'model.nhead_emb_combo': 6, 'model.hidden_dim': 16, 'model.nlayers': 1, 'model.dropout': 0.6528484956070164, 'training.epochs': 16}. Best is trial 1 with value: -0.6377121806144714.
/home/eng/shilo_avital/yolo_lab/walk_to_paint/optuna_run.py:147: FutureWarning: suggest_loguniform has been deprecated in v3.0.0. This feature will be removed in v6.0.0. See https://github.com/optuna/optuna/releases/tag/v3.0.0. Use suggest_float(..., log=True) instead.
  cfg.training.lr = trial.suggest_loguniform("training.lr", 1e-5, 1e-1)
/home/eng/shilo_avital/yolo_lab/walk_to_paint/optuna_run.py:148: FutureWarning: suggest_loguniform has been deprecated in v3.0.0. This feature will be removed in v6.0.0. See https://github.com/optuna/optuna/releases/tag/v3.0.0. Use suggest_float(..., log=True) instead.
  cfg.training.weight_decay = trial.suggest_loguniform(

🔬 Trial 54 hyperparameters:
  Walk length: 75, Num walks: 121,610
  LR: 1.10e-05, Batch size: 256
  Model: emb_dim=128, hidden_dim=32
  Transformer: 3 layers, 16 heads
  Epochs: 11, Weighted loss: True
Loading bitcoin-alpha-binary dataset...
Success! ✅
Splitting edges for bitcoin-alpha-binary dataset...
Success! ✅
Sampling random walks from bitcoin-alpha-binary dataset...
Success! ✅
Building tokenizer for bitcoin-alpha-binary dataset...
Success! ✅
Padding and building stage tensors for bitcoin-alpha-binary dataset...
Success! ✅
Creating DataLoaders for bitcoin-alpha-binary dataset...
Success! ✅
GPU available: True (cuda), used: True
TPU available: False, using: 0 TPU cores
HPU available: False, using: 0 HPUs
/home/eng/shilo_avital/yolo_lab/walk_to_paint/.venv/lib64/python3.9/site-packages/pytorch_lightning/callbacks/model_checkpoint.py:658: Checkpoint directory /home/eng/shilo_avital/yolo_lab/walk_to_paint/checkpoints exists and is not empty.
LOCAL_RANK: 0 - CUDA_VISIBLE_DEVICES: [3]
/home/eng/shilo_avital/yolo_lab/walk_to_paint/.venv/lib64/python3.9/site-packages/pytorch_lightning/trainer/connectors/data_connector.py:425: The 'val_dataloader' does not have many workers which may be a bottleneck. Consider increasing the value of the `num_workers` argument` to `num_workers=127` in the `DataLoader` to improve performance.
/home/eng/shilo_avital/yolo_lab/walk_to_paint/.venv/lib64/python3.9/site-packages/pytorch_lightning/trainer/connectors/data_connector.py:425: The 'train_dataloader' does not have many workers which may be a bottleneck. Consider increasing the value of the `num_workers` argument` to `num_workers=127` in the `DataLoader` to improve performance.
Metric val_auc_epoch improved. New best score: 0.525
Metric val_auc_epoch improved by 0.012 >= min_delta = 0.0. New best score: 0.538
Metric val_auc_epoch improved by 0.004 >= min_delta = 0.0. New best score: 0.542
Metric val_auc_epoch improved by 0.002 >= min_delta = 0.0. New best score: 0.544
Metric val_auc_epoch improved by 0.001 >= min_delta = 0.0. New best score: 0.546
Metric val_auc_epoch improved by 0.001 >= min_delta = 0.0. New best score: 0.546
Metric val_auc_epoch improved by 0.001 >= min_delta = 0.0. New best score: 0.547
Metric val_auc_epoch improved by 0.000 >= min_delta = 0.0. New best score: 0.547
Metric val_auc_epoch improved by 0.000 >= min_delta = 0.0. New best score: 0.547
Metric val_auc_epoch improved by 0.000 >= min_delta = 0.0. New best score: 0.547
Metric val_auc_epoch improved by 0.000 >= min_delta = 0.0. New best score: 0.547
`Trainer.fit` stopped: `max_epochs=11` reached.
Restoring states from the checkpoint path at /home/eng/shilo_avital/yolo_lab/walk_to_paint/checkpoints/trial_54-epoch=10-val_auc_epoch=0.5475.ckpt
LOCAL_RANK: 0 - CUDA_VISIBLE_DEVICES: [3]
Loaded model weights from the checkpoint at /home/eng/shilo_avital/yolo_lab/walk_to_paint/checkpoints/trial_54-epoch=10-val_auc_epoch=0.5475.ckpt
/home/eng/shilo_avital/yolo_lab/walk_to_paint/.venv/lib64/python3.9/site-packages/pytorch_lightning/trainer/connectors/data_connector.py:425: The 'val_dataloader' does not have many workers which may be a bottleneck. Consider increasing the value of the `num_workers` argument` to `num_workers=127` in the `DataLoader` to improve performance.
────────────────────────────────────────────────────────────────────────────────────────────────────────────────────────
     Validate metric           DataLoader 0
────────────────────────────────────────────────────────────────────────────────────────────────────────────────────────
      val_acc_epoch         0.5309897065162659
      val_auc_epoch         0.5474921464920044
      val_f1_epoch          0.5231325626373291
        val_loss            0.6915733218193054
────────────────────────────────────────────────────────────────────────────────────────────────────────────────────────
✅ Trial 54 completed - Val AUC: 0.5475
