[I 2025-08-22 03:02:37,870] Trial 84 finished with value: -0.5038909912109375 and parameters: {'dataset.max_walk_length': 32, 'dataset.num_walks': 113662, 'training.lr': 1.7751877018347464e-05, 'training.weight_decay': 0.03342240523668791, 'training.batch_size': 256, 'training.gradient_clip_val': 1.8665085379183994, 'training.early_stopping_patience': 7, 'model.nhead_emb_combo': 7, 'model.hidden_dim': 16, 'model.nlayers': 2, 'model.dropout': 0.5689316385212633, 'training.epochs': 15}. Best is trial 1 with value: -0.6377121806144714.
/home/eng/shilo_avital/yolo_lab/walk_to_paint/optuna_run.py:147: FutureWarning: suggest_loguniform has been deprecated in v3.0.0. This feature will be removed in v6.0.0. See https://github.com/optuna/optuna/releases/tag/v3.0.0. Use suggest_float(..., log=True) instead.
  cfg.training.lr = trial.suggest_loguniform("training.lr", 1e-5, 1e-1)
/home/eng/shilo_avital/yolo_lab/walk_to_paint/optuna_run.py:148: FutureWarning: suggest_loguniform has been deprecated in v3.0.0. This feature will be removed in v6.0.0. See https://github.com/optuna/optuna/releases/tag/v3.0.0. Use suggest_float(..., log=True) instead.
  cfg.training.weight_decay = trial.suggest_loguniform(

🔬 Trial 85 hyperparameters:
  Walk length: 38, Num walks: 130,509
  LR: 1.43e-05, Batch size: 64
  Model: emb_dim=16, hidden_dim=64
  Transformer: 2 layers, 16 heads
  Epochs: 16, Weighted loss: True
Loading bitcoin-alpha-binary dataset...
Success! ✅
Splitting edges for bitcoin-alpha-binary dataset...
Success! ✅
Sampling random walks from bitcoin-alpha-binary dataset...
Success! ✅
Building tokenizer for bitcoin-alpha-binary dataset...
Success! ✅
Padding and building stage tensors for bitcoin-alpha-binary dataset...
Success! ✅
Creating DataLoaders for bitcoin-alpha-binary dataset...
Success! ✅
GPU available: True (cuda), used: True
TPU available: False, using: 0 TPU cores
HPU available: False, using: 0 HPUs
/home/eng/shilo_avital/yolo_lab/walk_to_paint/.venv/lib64/python3.9/site-packages/pytorch_lightning/callbacks/model_checkpoint.py:658: Checkpoint directory /home/eng/shilo_avital/yolo_lab/walk_to_paint/checkpoints exists and is not empty.
LOCAL_RANK: 0 - CUDA_VISIBLE_DEVICES: [3]
/home/eng/shilo_avital/yolo_lab/walk_to_paint/.venv/lib64/python3.9/site-packages/pytorch_lightning/trainer/connectors/data_connector.py:425: The 'val_dataloader' does not have many workers which may be a bottleneck. Consider increasing the value of the `num_workers` argument` to `num_workers=127` in the `DataLoader` to improve performance.
/home/eng/shilo_avital/yolo_lab/walk_to_paint/.venv/lib64/python3.9/site-packages/pytorch_lightning/trainer/connectors/data_connector.py:425: The 'train_dataloader' does not have many workers which may be a bottleneck. Consider increasing the value of the `num_workers` argument` to `num_workers=127` in the `DataLoader` to improve performance.
Metric val_auc_epoch improved. New best score: 0.494
Metric val_auc_epoch improved by 0.001 >= min_delta = 0.0. New best score: 0.495
Metric val_auc_epoch improved by 0.001 >= min_delta = 0.0. New best score: 0.496
Metric val_auc_epoch improved by 0.002 >= min_delta = 0.0. New best score: 0.497
Metric val_auc_epoch improved by 0.002 >= min_delta = 0.0. New best score: 0.499
Metric val_auc_epoch improved by 0.002 >= min_delta = 0.0. New best score: 0.501
Metric val_auc_epoch improved by 0.002 >= min_delta = 0.0. New best score: 0.503
Metric val_auc_epoch improved by 0.001 >= min_delta = 0.0. New best score: 0.505
Metric val_auc_epoch improved by 0.001 >= min_delta = 0.0. New best score: 0.506
Metric val_auc_epoch improved by 0.001 >= min_delta = 0.0. New best score: 0.507
Metric val_auc_epoch improved by 0.001 >= min_delta = 0.0. New best score: 0.507
Metric val_auc_epoch improved by 0.001 >= min_delta = 0.0. New best score: 0.508
Metric val_auc_epoch improved by 0.000 >= min_delta = 0.0. New best score: 0.508
Metric val_auc_epoch improved by 0.000 >= min_delta = 0.0. New best score: 0.509
Metric val_auc_epoch improved by 0.000 >= min_delta = 0.0. New best score: 0.509
Metric val_auc_epoch improved by 0.000 >= min_delta = 0.0. New best score: 0.509
`Trainer.fit` stopped: `max_epochs=16` reached.
Restoring states from the checkpoint path at /home/eng/shilo_avital/yolo_lab/walk_to_paint/checkpoints/trial_85-epoch=15-val_auc_epoch=0.5088.ckpt
LOCAL_RANK: 0 - CUDA_VISIBLE_DEVICES: [3]
Loaded model weights from the checkpoint at /home/eng/shilo_avital/yolo_lab/walk_to_paint/checkpoints/trial_85-epoch=15-val_auc_epoch=0.5088.ckpt
/home/eng/shilo_avital/yolo_lab/walk_to_paint/.venv/lib64/python3.9/site-packages/pytorch_lightning/trainer/connectors/data_connector.py:425: The 'val_dataloader' does not have many workers which may be a bottleneck. Consider increasing the value of the `num_workers` argument` to `num_workers=127` in the `DataLoader` to improve performance.
────────────────────────────────────────────────────────────────────────────────────────────────────────────────────────
     Validate metric           DataLoader 0
────────────────────────────────────────────────────────────────────────────────────────────────────────────────────────
      val_acc_epoch         0.49861904978752136
      val_auc_epoch         0.5087927579879761
      val_f1_epoch          0.41907021403312683
        val_loss            0.6942746043205261
────────────────────────────────────────────────────────────────────────────────────────────────────────────────────────
✅ Trial 85 completed - Val AUC: 0.5088
[I 2025-08-22 03:09:03,448] Trial 85 finished with value: -0.5087927579879761 and parameters: {'dataset.max_walk_length': 38, 'dataset.num_walks': 130509, 'training.lr': 1.4348866014065815e-05, 'training.weight_decay': 0.020040262088340602, 'training.batch_size': 64, 'training.gradient_clip_val': 1.9153733817834553, 'training.early_stopping_patience': 8, 'model.nhead_emb_combo': 23, 'model.hidden_dim': 64, 'model.nlayers': 2, 'model.dropout': 0.6457176923521055, 'training.epochs': 16}. Best is trial 1 with value: -0.6377121806144714.
🧹 Cleaning up old checkpoints and logs (keeping top 10)...
  Removed old checkpoint: trial_75-epoch=00-val_auc_epoch=0.5646.ckpt
  Removed old checkpoint: trial_74-epoch=02-val_auc_epoch=0.5553.ckpt
  Removed old checkpoint: trial_73-epoch=08-val_auc_epoch=0.5612.ckpt
  Removed old checkpoint: trial_72-epoch=15-val_auc_epoch=0.5437.ckpt
  Removed old checkpoint: trial_71-epoch=15-val_auc_epoch=0.5614.ckpt
  Removed old log dir: trial_75
  Removed old log dir: trial_74
  Removed old log dir: trial_73
  Removed old log dir: trial_72
  Removed old log dir: trial_71
/home/eng/shilo_avital/yolo_lab/walk_to_paint/optuna_run.py:147: FutureWarning: suggest_loguniform has been deprecated in v3.0.0. This feature will be removed in v6.0.0. See https://github.com/optuna/optuna/releases/tag/v3.0.0. Use suggest_float(..., log=True) instead.
  cfg.training.lr = trial.suggest_loguniform("training.lr", 1e-5, 1e-1)
/home/eng/shilo_avital/yolo_lab/walk_to_paint/optuna_run.py:148: FutureWarning: suggest_loguniform has been deprecated in v3.0.0. This feature will be removed in v6.0.0. See https://github.com/optuna/optuna/releases/tag/v3.0.0. Use suggest_float(..., log=True) instead.
  cfg.training.weight_decay = trial.suggest_loguniform(

🔬 Trial 86 hyperparameters:
  Walk length: 28, Num walks: 148,229
  LR: 1.03e-05, Batch size: 128
  Model: emb_dim=32, hidden_dim=8
  Transformer: 3 layers, 1 heads
  Epochs: 12, Weighted loss: True
Loading bitcoin-alpha-binary dataset...
Success! ✅
Splitting edges for bitcoin-alpha-binary dataset...
Success! ✅
Sampling random walks from bitcoin-alpha-binary dataset...
Success! ✅
Building tokenizer for bitcoin-alpha-binary dataset...
Success! ✅
Padding and building stage tensors for bitcoin-alpha-binary dataset...
Success! ✅
Creating DataLoaders for bitcoin-alpha-binary dataset...
Success! ✅
/home/eng/shilo_avital/yolo_lab/walk_to_paint/.venv/lib64/python3.9/site-packages/torch/nn/modules/transformer.py:382: UserWarning: enable_nested_tensor is True, but self.use_nested_tensor is False because encoder_layer.self_attn.num_heads is odd
  warnings.warn(
GPU available: True (cuda), used: True
TPU available: False, using: 0 TPU cores
HPU available: False, using: 0 HPUs
/home/eng/shilo_avital/yolo_lab/walk_to_paint/.venv/lib64/python3.9/site-packages/pytorch_lightning/callbacks/model_checkpoint.py:658: Checkpoint directory /home/eng/shilo_avital/yolo_lab/walk_to_paint/checkpoints exists and is not empty.
LOCAL_RANK: 0 - CUDA_VISIBLE_DEVICES: [3]
/home/eng/shilo_avital/yolo_lab/walk_to_paint/.venv/lib64/python3.9/site-packages/pytorch_lightning/trainer/connectors/data_connector.py:425: The 'val_dataloader' does not have many workers which may be a bottleneck. Consider increasing the value of the `num_workers` argument` to `num_workers=127` in the `DataLoader` to improve performance.
/home/eng/shilo_avital/yolo_lab/walk_to_paint/.venv/lib64/python3.9/site-packages/pytorch_lightning/trainer/connectors/data_connector.py:425: The 'train_dataloader' does not have many workers which may be a bottleneck. Consider increasing the value of the `num_workers` argument` to `num_workers=127` in the `DataLoader` to improve performance.
Metric val_auc_epoch improved. New best score: 0.506
Metric val_auc_epoch improved by 0.007 >= min_delta = 0.0. New best score: 0.512
Metric val_auc_epoch improved by 0.008 >= min_delta = 0.0. New best score: 0.520
Metric val_auc_epoch improved by 0.009 >= min_delta = 0.0. New best score: 0.529
Metric val_auc_epoch improved by 0.008 >= min_delta = 0.0. New best score: 0.537
Metric val_auc_epoch improved by 0.006 >= min_delta = 0.0. New best score: 0.542
Metric val_auc_epoch improved by 0.004 >= min_delta = 0.0. New best score: 0.546
Metric val_auc_epoch improved by 0.003 >= min_delta = 0.0. New best score: 0.549
Metric val_auc_epoch improved by 0.001 >= min_delta = 0.0. New best score: 0.550
Metric val_auc_epoch improved by 0.001 >= min_delta = 0.0. New best score: 0.551
Metric val_auc_epoch improved by 0.000 >= min_delta = 0.0. New best score: 0.551
Metric val_auc_epoch improved by 0.000 >= min_delta = 0.0. New best score: 0.551
`Trainer.fit` stopped: `max_epochs=12` reached.
Restoring states from the checkpoint path at /home/eng/shilo_avital/yolo_lab/walk_to_paint/checkpoints/trial_86-epoch=11-val_auc_epoch=0.5515.ckpt
LOCAL_RANK: 0 - CUDA_VISIBLE_DEVICES: [3]
Loaded model weights from the checkpoint at /home/eng/shilo_avital/yolo_lab/walk_to_paint/checkpoints/trial_86-epoch=11-val_auc_epoch=0.5515.ckpt
/home/eng/shilo_avital/yolo_lab/walk_to_paint/.venv/lib64/python3.9/site-packages/pytorch_lightning/trainer/connectors/data_connector.py:425: The 'val_dataloader' does not have many workers which may be a bottleneck. Consider increasing the value of the `num_workers` argument` to `num_workers=127` in the `DataLoader` to improve performance.
────────────────────────────────────────────────────────────────────────────────────────────────────────────────────────
     Validate metric           DataLoader 0
────────────────────────────────────────────────────────────────────────────────────────────────────────────────────────
      val_acc_epoch          0.535397469997406
      val_auc_epoch         0.5514663457870483
      val_f1_epoch          0.5353590250015259
        val_loss            0.6892288327217102
────────────────────────────────────────────────────────────────────────────────────────────────────────────────────────
✅ Trial 86 completed - Val AUC: 0.5515
[I 2025-08-22 03:12:27,990] Trial 86 finished with value: -0.5514663457870483 and parameters: {'dataset.max_walk_length': 28, 'dataset.num_walks': 148229, 'training.lr': 1.0330594362175375e-05, 'training.weight_decay': 0.010137648839335768, 'training.batch_size': 128, 'training.gradient_clip_val': 1.6325862038960346, 'training.early_stopping_patience': 14, 'model.nhead_emb_combo': 3, 'model.hidden_dim': 8, 'model.nlayers': 3, 'model.dropout': 0.5985537087602948, 'training.epochs': 12}. Best is trial 1 with value: -0.6377121806144714.
/home/eng/shilo_avital/yolo_lab/walk_to_paint/optuna_run.py:147: FutureWarning: suggest_loguniform has been deprecated in v3.0.0. This feature will be removed in v6.0.0. See https://github.com/optuna/optuna/releases/tag/v3.0.0. Use suggest_float(..., log=True) instead.
  cfg.training.lr = trial.suggest_loguniform("training.lr", 1e-5, 1e-1)
/home/eng/shilo_avital/yolo_lab/walk_to_paint/optuna_run.py:148: FutureWarning: suggest_loguniform has been deprecated in v3.0.0. This feature will be removed in v6.0.0. See https://github.com/optuna/optuna/releases/tag/v3.0.0. Use suggest_float(..., log=True) instead.
  cfg.training.weight_decay = trial.suggest_loguniform(

🔬 Trial 87 hyperparameters:
  Walk length: 12, Num walks: 167,271
  LR: 2.82e-05, Batch size: 32
  Model: emb_dim=8, hidden_dim=16
  Transformer: 2 layers, 4 heads
  Epochs: 18, Weighted loss: True
Loading bitcoin-alpha-binary dataset...
Success! ✅
Splitting edges for bitcoin-alpha-binary dataset...
Success! ✅
Sampling random walks from bitcoin-alpha-binary dataset...
Success! ✅
Building tokenizer for bitcoin-alpha-binary dataset...
Success! ✅
Padding and building stage tensors for bitcoin-alpha-binary dataset...
Success! ✅
Creating DataLoaders for bitcoin-alpha-binary dataset...
Success! ✅
GPU available: True (cuda), used: True
TPU available: False, using: 0 TPU cores
HPU available: False, using: 0 HPUs
/home/eng/shilo_avital/yolo_lab/walk_to_paint/.venv/lib64/python3.9/site-packages/pytorch_lightning/callbacks/model_checkpoint.py:658: Checkpoint directory /home/eng/shilo_avital/yolo_lab/walk_to_paint/checkpoints exists and is not empty.
LOCAL_RANK: 0 - CUDA_VISIBLE_DEVICES: [3]
/home/eng/shilo_avital/yolo_lab/walk_to_paint/.venv/lib64/python3.9/site-packages/pytorch_lightning/trainer/connectors/data_connector.py:425: The 'val_dataloader' does not have many workers which may be a bottleneck. Consider increasing the value of the `num_workers` argument` to `num_workers=127` in the `DataLoader` to improve performance.
/home/eng/shilo_avital/yolo_lab/walk_to_paint/.venv/lib64/python3.9/site-packages/pytorch_lightning/trainer/connectors/data_connector.py:425: The 'train_dataloader' does not have many workers which may be a bottleneck. Consider increasing the value of the `num_workers` argument` to `num_workers=127` in the `DataLoader` to improve performance.
Metric val_auc_epoch improved. New best score: 0.524
Metric val_auc_epoch improved by 0.008 >= min_delta = 0.0. New best score: 0.531
Metric val_auc_epoch improved by 0.008 >= min_delta = 0.0. New best score: 0.540
Metric val_auc_epoch improved by 0.008 >= min_delta = 0.0. New best score: 0.548
Metric val_auc_epoch improved by 0.006 >= min_delta = 0.0. New best score: 0.554
Metric val_auc_epoch improved by 0.005 >= min_delta = 0.0. New best score: 0.559
Metric val_auc_epoch improved by 0.002 >= min_delta = 0.0. New best score: 0.561
Metric val_auc_epoch improved by 0.002 >= min_delta = 0.0. New best score: 0.563
Metric val_auc_epoch improved by 0.001 >= min_delta = 0.0. New best score: 0.563
Metric val_auc_epoch improved by 0.000 >= min_delta = 0.0. New best score: 0.564
Metric val_auc_epoch improved by 0.000 >= min_delta = 0.0. New best score: 0.564
Metric val_auc_epoch improved by 0.000 >= min_delta = 0.0. New best score: 0.564
Metric val_auc_epoch improved by 0.000 >= min_delta = 0.0. New best score: 0.564
Metric val_auc_epoch improved by 0.000 >= min_delta = 0.0. New best score: 0.564
Metric val_auc_epoch improved by 0.000 >= min_delta = 0.0. New best score: 0.564
Metric val_auc_epoch improved by 0.000 >= min_delta = 0.0. New best score: 0.564
Metric val_auc_epoch improved by 0.000 >= min_delta = 0.0. New best score: 0.564
Metric val_auc_epoch improved by 0.000 >= min_delta = 0.0. New best score: 0.564
`Trainer.fit` stopped: `max_epochs=18` reached.
Restoring states from the checkpoint path at /home/eng/shilo_avital/yolo_lab/walk_to_paint/checkpoints/trial_87-epoch=17-val_auc_epoch=0.5644.ckpt
LOCAL_RANK: 0 - CUDA_VISIBLE_DEVICES: [3]
Loaded model weights from the checkpoint at /home/eng/shilo_avital/yolo_lab/walk_to_paint/checkpoints/trial_87-epoch=17-val_auc_epoch=0.5644.ckpt
/home/eng/shilo_avital/yolo_lab/walk_to_paint/.venv/lib64/python3.9/site-packages/pytorch_lightning/trainer/connectors/data_connector.py:425: The 'val_dataloader' does not have many workers which may be a bottleneck. Consider increasing the value of the `num_workers` argument` to `num_workers=127` in the `DataLoader` to improve performance.
────────────────────────────────────────────────────────────────────────────────────────────────────────────────────────
     Validate metric           DataLoader 0
────────────────────────────────────────────────────────────────────────────────────────────────────────────────────────
      val_acc_epoch         0.5458251237869263
      val_auc_epoch         0.5644207000732422
      val_f1_epoch          0.5440707206726074
        val_loss            0.6868579983711243
────────────────────────────────────────────────────────────────────────────────────────────────────────────────────────
✅ Trial 87 completed - Val AUC: 0.5644
[I 2025-08-22 03:28:06,634] Trial 87 finished with value: -0.5644207000732422 and parameters: {'dataset.max_walk_length': 12, 'dataset.num_walks': 167271, 'training.lr': 2.823976262570054e-05, 'training.weight_decay': 0.0589912392309878, 'training.batch_size': 32, 'training.gradient_clip_val': 1.7259818998175696, 'training.early_stopping_patience': 6, 'model.nhead_emb_combo': 13, 'model.hidden_dim': 16, 'model.nlayers': 2, 'model.dropout': 0.5257668295962075, 'training.epochs': 18}. Best is trial 1 with value: -0.6377121806144714.
/home/eng/shilo_avital/yolo_lab/walk_to_paint/optuna_run.py:147: FutureWarning: suggest_loguniform has been deprecated in v3.0.0. This feature will be removed in v6.0.0. See https://github.com/optuna/optuna/releases/tag/v3.0.0. Use suggest_float(..., log=True) instead.
  cfg.training.lr = trial.suggest_loguniform("training.lr", 1e-5, 1e-1)
/home/eng/shilo_avital/yolo_lab/walk_to_paint/optuna_run.py:148: FutureWarning: suggest_loguniform has been deprecated in v3.0.0. This feature will be removed in v6.0.0. See https://github.com/optuna/optuna/releases/tag/v3.0.0. Use suggest_float(..., log=True) instead.
  cfg.training.weight_decay = trial.suggest_loguniform(

🔬 Trial 88 hyperparameters:
  Walk length: 12, Num walks: 109,105
  LR: 2.65e-05, Batch size: 32
  Model: emb_dim=32, hidden_dim=16
  Transformer: 2 layers, 4 heads
  Epochs: 18, Weighted loss: True
Loading bitcoin-alpha-binary dataset...
Success! ✅
Splitting edges for bitcoin-alpha-binary dataset...
Success! ✅
Sampling random walks from bitcoin-alpha-binary dataset...
Success! ✅
Building tokenizer for bitcoin-alpha-binary dataset...
Success! ✅
Padding and building stage tensors for bitcoin-alpha-binary dataset...
Success! ✅
Creating DataLoaders for bitcoin-alpha-binary dataset...
Success! ✅
GPU available: True (cuda), used: True
TPU available: False, using: 0 TPU cores
HPU available: False, using: 0 HPUs
/home/eng/shilo_avital/yolo_lab/walk_to_paint/.venv/lib64/python3.9/site-packages/pytorch_lightning/callbacks/model_checkpoint.py:658: Checkpoint directory /home/eng/shilo_avital/yolo_lab/walk_to_paint/checkpoints exists and is not empty.
LOCAL_RANK: 0 - CUDA_VISIBLE_DEVICES: [3]
/home/eng/shilo_avital/yolo_lab/walk_to_paint/.venv/lib64/python3.9/site-packages/pytorch_lightning/trainer/connectors/data_connector.py:425: The 'val_dataloader' does not have many workers which may be a bottleneck. Consider increasing the value of the `num_workers` argument` to `num_workers=127` in the `DataLoader` to improve performance.
/home/eng/shilo_avital/yolo_lab/walk_to_paint/.venv/lib64/python3.9/site-packages/pytorch_lightning/trainer/connectors/data_connector.py:425: The 'train_dataloader' does not have many workers which may be a bottleneck. Consider increasing the value of the `num_workers` argument` to `num_workers=127` in the `DataLoader` to improve performance.
Metric val_auc_epoch improved. New best score: 0.550
Metric val_auc_epoch improved by 0.019 >= min_delta = 0.0. New best score: 0.569
Metric val_auc_epoch improved by 0.006 >= min_delta = 0.0. New best score: 0.575
Metric val_auc_epoch improved by 0.003 >= min_delta = 0.0. New best score: 0.579
Metric val_auc_epoch improved by 0.001 >= min_delta = 0.0. New best score: 0.580
❌ Trial 88 failed: Trial was pruned at epoch 5.
