[I 2025-08-23 05:05:35,508] Trial 245 finished with value: -0.6379965543746948 and parameters: {'dataset.max_walk_length': 87, 'dataset.num_walks': 273178, 'training.lr': 0.0013131144864766049, 'training.weight_decay': 0.004739871116268576, 'training.batch_size': 64, 'training.gradient_clip_val': 0.5886243521147281, 'training.early_stopping_patience': 5, 'model.nhead_emb_combo': 20, 'model.hidden_dim': 16, 'model.nlayers': 5, 'model.dropout': 0.5932649139466483, 'training.epochs': 24}. Best is trial 229 with value: -0.6563454866409302.
🧹 Cleaning up old checkpoints and logs (keeping top 10)...
  Removed old checkpoint: trial_235-epoch=07-val_auc_epoch=0.6156.ckpt
  Removed old checkpoint: trial_234-epoch=04-val_auc_epoch=0.6251.ckpt
  Removed old checkpoint: trial_233-epoch=10-val_auc_epoch=0.6166.ckpt
  Removed old checkpoint: trial_232-epoch=12-val_auc_epoch=0.6258.ckpt
  Removed old checkpoint: trial_231-epoch=15-val_auc_epoch=0.6474.ckpt
  Removed old log dir: trial_235
  Removed old log dir: trial_234
  Removed old log dir: trial_233
  Removed old log dir: trial_232
  Removed old log dir: trial_231
/home/eng/shilo_avital/yolo_lab/walk_to_paint/optuna_run.py:147: FutureWarning: suggest_loguniform has been deprecated in v3.0.0. This feature will be removed in v6.0.0. See https://github.com/optuna/optuna/releases/tag/v3.0.0. Use suggest_float(..., log=True) instead.
  cfg.training.lr = trial.suggest_loguniform("training.lr", 1e-5, 1e-1)
/home/eng/shilo_avital/yolo_lab/walk_to_paint/optuna_run.py:148: FutureWarning: suggest_loguniform has been deprecated in v3.0.0. This feature will be removed in v6.0.0. See https://github.com/optuna/optuna/releases/tag/v3.0.0. Use suggest_float(..., log=True) instead.
  cfg.training.weight_decay = trial.suggest_loguniform(

🔬 Trial 246 hyperparameters:
  Walk length: 89, Num walks: 271,403
  LR: 1.29e-03, Batch size: 64
  Model: emb_dim=32, hidden_dim=16
  Transformer: 5 layers, 8 heads
  Epochs: 24, Weighted loss: True
Loading bitcoin-alpha-binary dataset...
Success! ✅
Splitting edges for bitcoin-alpha-binary dataset...
Success! ✅
Sampling random walks from bitcoin-alpha-binary dataset...
Success! ✅
Building tokenizer for bitcoin-alpha-binary dataset...
Success! ✅
Padding and building stage tensors for bitcoin-alpha-binary dataset...
Success! ✅
Creating DataLoaders for bitcoin-alpha-binary dataset...
Success! ✅
GPU available: True (cuda), used: True
TPU available: False, using: 0 TPU cores
HPU available: False, using: 0 HPUs
/home/eng/shilo_avital/yolo_lab/walk_to_paint/.venv/lib64/python3.9/site-packages/pytorch_lightning/callbacks/model_checkpoint.py:658: Checkpoint directory /home/eng/shilo_avital/yolo_lab/walk_to_paint/checkpoints exists and is not empty.
LOCAL_RANK: 0 - CUDA_VISIBLE_DEVICES: [3]
/home/eng/shilo_avital/yolo_lab/walk_to_paint/.venv/lib64/python3.9/site-packages/pytorch_lightning/trainer/connectors/data_connector.py:425: The 'val_dataloader' does not have many workers which may be a bottleneck. Consider increasing the value of the `num_workers` argument` to `num_workers=127` in the `DataLoader` to improve performance.
/home/eng/shilo_avital/yolo_lab/walk_to_paint/.venv/lib64/python3.9/site-packages/pytorch_lightning/trainer/connectors/data_connector.py:425: The 'train_dataloader' does not have many workers which may be a bottleneck. Consider increasing the value of the `num_workers` argument` to `num_workers=127` in the `DataLoader` to improve performance.
Metric val_auc_epoch improved. New best score: 0.532
Metric val_auc_epoch improved by 0.031 >= min_delta = 0.0. New best score: 0.563
Metric val_auc_epoch improved by 0.026 >= min_delta = 0.0. New best score: 0.589
Metric val_auc_epoch improved by 0.011 >= min_delta = 0.0. New best score: 0.599
Metric val_auc_epoch improved by 0.009 >= min_delta = 0.0. New best score: 0.608
Metric val_auc_epoch improved by 0.006 >= min_delta = 0.0. New best score: 0.614
Metric val_auc_epoch improved by 0.009 >= min_delta = 0.0. New best score: 0.623
Metric val_auc_epoch improved by 0.001 >= min_delta = 0.0. New best score: 0.623
Metric val_auc_epoch improved by 0.010 >= min_delta = 0.0. New best score: 0.633
Monitored metric val_auc_epoch did not improve in the last 5 records. Best score: 0.633. Signaling Trainer to stop.
Restoring states from the checkpoint path at /home/eng/shilo_avital/yolo_lab/walk_to_paint/checkpoints/trial_246-epoch=08-val_auc_epoch=0.6330.ckpt
LOCAL_RANK: 0 - CUDA_VISIBLE_DEVICES: [3]
Loaded model weights from the checkpoint at /home/eng/shilo_avital/yolo_lab/walk_to_paint/checkpoints/trial_246-epoch=08-val_auc_epoch=0.6330.ckpt
/home/eng/shilo_avital/yolo_lab/walk_to_paint/.venv/lib64/python3.9/site-packages/pytorch_lightning/trainer/connectors/data_connector.py:425: The 'val_dataloader' does not have many workers which may be a bottleneck. Consider increasing the value of the `num_workers` argument` to `num_workers=127` in the `DataLoader` to improve performance.
────────────────────────────────────────────────────────────────────────────────────────────────────────────────────────
     Validate metric           DataLoader 0
────────────────────────────────────────────────────────────────────────────────────────────────────────────────────────
      val_acc_epoch         0.5970720648765564
      val_auc_epoch         0.6330345869064331
      val_f1_epoch          0.5934329032897949
        val_loss            0.9591436982154846
────────────────────────────────────────────────────────────────────────────────────────────────────────────────────────
✅ Trial 246 completed - Val AUC: 0.6330
[I 2025-08-23 05:23:14,349] Trial 246 finished with value: -0.6330345869064331 and parameters: {'dataset.max_walk_length': 89, 'dataset.num_walks': 271403, 'training.lr': 0.0012922083990385767, 'training.weight_decay': 0.006034542665835165, 'training.batch_size': 64, 'training.gradient_clip_val': 0.6518213854620872, 'training.early_stopping_patience': 5, 'model.nhead_emb_combo': 20, 'model.hidden_dim': 16, 'model.nlayers': 5, 'model.dropout': 0.5928953488933479, 'training.epochs': 24}. Best is trial 229 with value: -0.6563454866409302.
/home/eng/shilo_avital/yolo_lab/walk_to_paint/optuna_run.py:147: FutureWarning: suggest_loguniform has been deprecated in v3.0.0. This feature will be removed in v6.0.0. See https://github.com/optuna/optuna/releases/tag/v3.0.0. Use suggest_float(..., log=True) instead.
  cfg.training.lr = trial.suggest_loguniform("training.lr", 1e-5, 1e-1)
/home/eng/shilo_avital/yolo_lab/walk_to_paint/optuna_run.py:148: FutureWarning: suggest_loguniform has been deprecated in v3.0.0. This feature will be removed in v6.0.0. See https://github.com/optuna/optuna/releases/tag/v3.0.0. Use suggest_float(..., log=True) instead.
  cfg.training.weight_decay = trial.suggest_loguniform(

🔬 Trial 247 hyperparameters:
  Walk length: 90, Num walks: 279,641
  LR: 1.37e-03, Batch size: 64
  Model: emb_dim=32, hidden_dim=16
  Transformer: 5 layers, 8 heads
  Epochs: 24, Weighted loss: True
Loading bitcoin-alpha-binary dataset...
Success! ✅
Splitting edges for bitcoin-alpha-binary dataset...
Success! ✅
Sampling random walks from bitcoin-alpha-binary dataset...
Success! ✅
Building tokenizer for bitcoin-alpha-binary dataset...
Success! ✅
Padding and building stage tensors for bitcoin-alpha-binary dataset...
Success! ✅
Creating DataLoaders for bitcoin-alpha-binary dataset...
Success! ✅
GPU available: True (cuda), used: True
TPU available: False, using: 0 TPU cores
HPU available: False, using: 0 HPUs
/home/eng/shilo_avital/yolo_lab/walk_to_paint/.venv/lib64/python3.9/site-packages/pytorch_lightning/callbacks/model_checkpoint.py:658: Checkpoint directory /home/eng/shilo_avital/yolo_lab/walk_to_paint/checkpoints exists and is not empty.
LOCAL_RANK: 0 - CUDA_VISIBLE_DEVICES: [3]
/home/eng/shilo_avital/yolo_lab/walk_to_paint/.venv/lib64/python3.9/site-packages/pytorch_lightning/trainer/connectors/data_connector.py:425: The 'val_dataloader' does not have many workers which may be a bottleneck. Consider increasing the value of the `num_workers` argument` to `num_workers=127` in the `DataLoader` to improve performance.
/home/eng/shilo_avital/yolo_lab/walk_to_paint/.venv/lib64/python3.9/site-packages/pytorch_lightning/trainer/connectors/data_connector.py:425: The 'train_dataloader' does not have many workers which may be a bottleneck. Consider increasing the value of the `num_workers` argument` to `num_workers=127` in the `DataLoader` to improve performance.
Metric val_auc_epoch improved. New best score: 0.542
Metric val_auc_epoch improved by 0.031 >= min_delta = 0.0. New best score: 0.573
Metric val_auc_epoch improved by 0.025 >= min_delta = 0.0. New best score: 0.598
Metric val_auc_epoch improved by 0.006 >= min_delta = 0.0. New best score: 0.604
Metric val_auc_epoch improved by 0.000 >= min_delta = 0.0. New best score: 0.604
Metric val_auc_epoch improved by 0.001 >= min_delta = 0.0. New best score: 0.606
Metric val_auc_epoch improved by 0.002 >= min_delta = 0.0. New best score: 0.607
Metric val_auc_epoch improved by 0.006 >= min_delta = 0.0. New best score: 0.613
Metric val_auc_epoch improved by 0.001 >= min_delta = 0.0. New best score: 0.614
Metric val_auc_epoch improved by 0.000 >= min_delta = 0.0. New best score: 0.614
Monitored metric val_auc_epoch did not improve in the last 5 records. Best score: 0.614. Signaling Trainer to stop.
Restoring states from the checkpoint path at /home/eng/shilo_avital/yolo_lab/walk_to_paint/checkpoints/trial_247-epoch=10-val_auc_epoch=0.6143.ckpt
LOCAL_RANK: 0 - CUDA_VISIBLE_DEVICES: [3]
Loaded model weights from the checkpoint at /home/eng/shilo_avital/yolo_lab/walk_to_paint/checkpoints/trial_247-epoch=10-val_auc_epoch=0.6143.ckpt
/home/eng/shilo_avital/yolo_lab/walk_to_paint/.venv/lib64/python3.9/site-packages/pytorch_lightning/trainer/connectors/data_connector.py:425: The 'val_dataloader' does not have many workers which may be a bottleneck. Consider increasing the value of the `num_workers` argument` to `num_workers=127` in the `DataLoader` to improve performance.
────────────────────────────────────────────────────────────────────────────────────────────────────────────────────────
     Validate metric           DataLoader 0
────────────────────────────────────────────────────────────────────────────────────────────────────────────────────────
      val_acc_epoch         0.5843650102615356
      val_auc_epoch         0.6142944097518921
      val_f1_epoch          0.5811713933944702
        val_loss            0.7569464445114136
────────────────────────────────────────────────────────────────────────────────────────────────────────────────────────
✅ Trial 247 completed - Val AUC: 0.6143
[I 2025-08-23 05:43:52,208] Trial 247 finished with value: -0.6142944097518921 and parameters: {'dataset.max_walk_length': 90, 'dataset.num_walks': 279641, 'training.lr': 0.001370234928566842, 'training.weight_decay': 0.005542643331048921, 'training.batch_size': 64, 'training.gradient_clip_val': 0.6554916229682024, 'training.early_stopping_patience': 5, 'model.nhead_emb_combo': 20, 'model.hidden_dim': 16, 'model.nlayers': 5, 'model.dropout': 0.5929214529162891, 'training.epochs': 24}. Best is trial 229 with value: -0.6563454866409302.
/home/eng/shilo_avital/yolo_lab/walk_to_paint/optuna_run.py:147: FutureWarning: suggest_loguniform has been deprecated in v3.0.0. This feature will be removed in v6.0.0. See https://github.com/optuna/optuna/releases/tag/v3.0.0. Use suggest_float(..., log=True) instead.
  cfg.training.lr = trial.suggest_loguniform("training.lr", 1e-5, 1e-1)
/home/eng/shilo_avital/yolo_lab/walk_to_paint/optuna_run.py:148: FutureWarning: suggest_loguniform has been deprecated in v3.0.0. This feature will be removed in v6.0.0. See https://github.com/optuna/optuna/releases/tag/v3.0.0. Use suggest_float(..., log=True) instead.
  cfg.training.weight_decay = trial.suggest_loguniform(

🔬 Trial 248 hyperparameters:
  Walk length: 88, Num walks: 249,817
  LR: 1.53e-03, Batch size: 64
  Model: emb_dim=32, hidden_dim=16
  Transformer: 5 layers, 8 heads
  Epochs: 24, Weighted loss: True
Loading bitcoin-alpha-binary dataset...
Success! ✅
Splitting edges for bitcoin-alpha-binary dataset...
Success! ✅
Sampling random walks from bitcoin-alpha-binary dataset...
Success! ✅
Building tokenizer for bitcoin-alpha-binary dataset...
Success! ✅
Padding and building stage tensors for bitcoin-alpha-binary dataset...
Success! ✅
Creating DataLoaders for bitcoin-alpha-binary dataset...
Success! ✅
GPU available: True (cuda), used: True
TPU available: False, using: 0 TPU cores
HPU available: False, using: 0 HPUs
/home/eng/shilo_avital/yolo_lab/walk_to_paint/.venv/lib64/python3.9/site-packages/pytorch_lightning/callbacks/model_checkpoint.py:658: Checkpoint directory /home/eng/shilo_avital/yolo_lab/walk_to_paint/checkpoints exists and is not empty.
LOCAL_RANK: 0 - CUDA_VISIBLE_DEVICES: [3]
/home/eng/shilo_avital/yolo_lab/walk_to_paint/.venv/lib64/python3.9/site-packages/pytorch_lightning/trainer/connectors/data_connector.py:425: The 'val_dataloader' does not have many workers which may be a bottleneck. Consider increasing the value of the `num_workers` argument` to `num_workers=127` in the `DataLoader` to improve performance.
/home/eng/shilo_avital/yolo_lab/walk_to_paint/.venv/lib64/python3.9/site-packages/pytorch_lightning/trainer/connectors/data_connector.py:425: The 'train_dataloader' does not have many workers which may be a bottleneck. Consider increasing the value of the `num_workers` argument` to `num_workers=127` in the `DataLoader` to improve performance.
Metric val_auc_epoch improved. New best score: 0.530
Metric val_auc_epoch improved by 0.042 >= min_delta = 0.0. New best score: 0.572
Metric val_auc_epoch improved by 0.012 >= min_delta = 0.0. New best score: 0.584
Metric val_auc_epoch improved by 0.012 >= min_delta = 0.0. New best score: 0.596
Metric val_auc_epoch improved by 0.003 >= min_delta = 0.0. New best score: 0.598
Metric val_auc_epoch improved by 0.003 >= min_delta = 0.0. New best score: 0.601
Metric val_auc_epoch improved by 0.001 >= min_delta = 0.0. New best score: 0.602
Metric val_auc_epoch improved by 0.002 >= min_delta = 0.0. New best score: 0.604
Metric val_auc_epoch improved by 0.001 >= min_delta = 0.0. New best score: 0.605
Metric val_auc_epoch improved by 0.001 >= min_delta = 0.0. New best score: 0.606
Monitored metric val_auc_epoch did not improve in the last 5 records. Best score: 0.606. Signaling Trainer to stop.
Restoring states from the checkpoint path at /home/eng/shilo_avital/yolo_lab/walk_to_paint/checkpoints/trial_248-epoch=12-val_auc_epoch=0.6063.ckpt
LOCAL_RANK: 0 - CUDA_VISIBLE_DEVICES: [3]
Loaded model weights from the checkpoint at /home/eng/shilo_avital/yolo_lab/walk_to_paint/checkpoints/trial_248-epoch=12-val_auc_epoch=0.6063.ckpt
/home/eng/shilo_avital/yolo_lab/walk_to_paint/.venv/lib64/python3.9/site-packages/pytorch_lightning/trainer/connectors/data_connector.py:425: The 'val_dataloader' does not have many workers which may be a bottleneck. Consider increasing the value of the `num_workers` argument` to `num_workers=127` in the `DataLoader` to improve performance.
────────────────────────────────────────────────────────────────────────────────────────────────────────────────────────
     Validate metric           DataLoader 0
────────────────────────────────────────────────────────────────────────────────────────────────────────────────────────
      val_acc_epoch         0.5815925002098083
      val_auc_epoch         0.6062523126602173
      val_f1_epoch          0.5712023973464966
        val_loss            1.0549545288085938
────────────────────────────────────────────────────────────────────────────────────────────────────────────────────────
✅ Trial 248 completed - Val AUC: 0.6063
[I 2025-08-23 06:04:05,381] Trial 248 finished with value: -0.6062523126602173 and parameters: {'dataset.max_walk_length': 88, 'dataset.num_walks': 249817, 'training.lr': 0.0015279997528734053, 'training.weight_decay': 0.005097475390827188, 'training.batch_size': 64, 'training.gradient_clip_val': 0.5857036029676743, 'training.early_stopping_patience': 5, 'model.nhead_emb_combo': 20, 'model.hidden_dim': 16, 'model.nlayers': 5, 'model.dropout': 0.5925066383013098, 'training.epochs': 24}. Best is trial 229 with value: -0.6563454866409302.
/home/eng/shilo_avital/yolo_lab/walk_to_paint/optuna_run.py:147: FutureWarning: suggest_loguniform has been deprecated in v3.0.0. This feature will be removed in v6.0.0. See https://github.com/optuna/optuna/releases/tag/v3.0.0. Use suggest_float(..., log=True) instead.
  cfg.training.lr = trial.suggest_loguniform("training.lr", 1e-5, 1e-1)
/home/eng/shilo_avital/yolo_lab/walk_to_paint/optuna_run.py:148: FutureWarning: suggest_loguniform has been deprecated in v3.0.0. This feature will be removed in v6.0.0. See https://github.com/optuna/optuna/releases/tag/v3.0.0. Use suggest_float(..., log=True) instead.
  cfg.training.weight_decay = trial.suggest_loguniform(

🔬 Trial 249 hyperparameters:
  Walk length: 87, Num walks: 296,402
  LR: 1.28e-03, Batch size: 64
  Model: emb_dim=32, hidden_dim=16
  Transformer: 5 layers, 8 heads
  Epochs: 25, Weighted loss: True
Loading bitcoin-alpha-binary dataset...
Success! ✅
Splitting edges for bitcoin-alpha-binary dataset...
Success! ✅
Sampling random walks from bitcoin-alpha-binary dataset...
Success! ✅
Building tokenizer for bitcoin-alpha-binary dataset...
Success! ✅
Padding and building stage tensors for bitcoin-alpha-binary dataset...
Success! ✅
Creating DataLoaders for bitcoin-alpha-binary dataset...
Success! ✅
GPU available: True (cuda), used: True
TPU available: False, using: 0 TPU cores
HPU available: False, using: 0 HPUs
/home/eng/shilo_avital/yolo_lab/walk_to_paint/.venv/lib64/python3.9/site-packages/pytorch_lightning/callbacks/model_checkpoint.py:658: Checkpoint directory /home/eng/shilo_avital/yolo_lab/walk_to_paint/checkpoints exists and is not empty.
LOCAL_RANK: 0 - CUDA_VISIBLE_DEVICES: [3]
/home/eng/shilo_avital/yolo_lab/walk_to_paint/.venv/lib64/python3.9/site-packages/pytorch_lightning/trainer/connectors/data_connector.py:425: The 'val_dataloader' does not have many workers which may be a bottleneck. Consider increasing the value of the `num_workers` argument` to `num_workers=127` in the `DataLoader` to improve performance.
/home/eng/shilo_avital/yolo_lab/walk_to_paint/.venv/lib64/python3.9/site-packages/pytorch_lightning/trainer/connectors/data_connector.py:425: The 'train_dataloader' does not have many workers which may be a bottleneck. Consider increasing the value of the `num_workers` argument` to `num_workers=127` in the `DataLoader` to improve performance.
Metric val_auc_epoch improved. New best score: 0.536
Metric val_auc_epoch improved by 0.023 >= min_delta = 0.0. New best score: 0.559
Metric val_auc_epoch improved by 0.037 >= min_delta = 0.0. New best score: 0.595
Metric val_auc_epoch improved by 0.013 >= min_delta = 0.0. New best score: 0.608
Metric val_auc_epoch improved by 0.011 >= min_delta = 0.0. New best score: 0.619
Metric val_auc_epoch improved by 0.010 >= min_delta = 0.0. New best score: 0.629
Metric val_auc_epoch improved by 0.004 >= min_delta = 0.0. New best score: 0.633
Metric val_auc_epoch improved by 0.006 >= min_delta = 0.0. New best score: 0.639
Metric val_auc_epoch improved by 0.001 >= min_delta = 0.0. New best score: 0.639
Metric val_auc_epoch improved by 0.001 >= min_delta = 0.0. New best score: 0.641
Metric val_auc_epoch improved by 0.000 >= min_delta = 0.0. New best score: 0.641
Monitored metric val_auc_epoch did not improve in the last 5 records. Best score: 0.641. Signaling Trainer to stop.
Restoring states from the checkpoint path at /home/eng/shilo_avital/yolo_lab/walk_to_paint/checkpoints/trial_249-epoch=11-val_auc_epoch=0.6414.ckpt
LOCAL_RANK: 0 - CUDA_VISIBLE_DEVICES: [3]
Loaded model weights from the checkpoint at /home/eng/shilo_avital/yolo_lab/walk_to_paint/checkpoints/trial_249-epoch=11-val_auc_epoch=0.6414.ckpt
/home/eng/shilo_avital/yolo_lab/walk_to_paint/.venv/lib64/python3.9/site-packages/pytorch_lightning/trainer/connectors/data_connector.py:425: The 'val_dataloader' does not have many workers which may be a bottleneck. Consider increasing the value of the `num_workers` argument` to `num_workers=127` in the `DataLoader` to improve performance.
────────────────────────────────────────────────────────────────────────────────────────────────────────────────────────
     Validate metric           DataLoader 0
────────────────────────────────────────────────────────────────────────────────────────────────────────────────────────
      val_acc_epoch         0.5987299084663391
      val_auc_epoch         0.6413983106613159
      val_f1_epoch           0.596869170665741
        val_loss            0.7892667651176453
────────────────────────────────────────────────────────────────────────────────────────────────────────────────────────
✅ Trial 249 completed - Val AUC: 0.6414
