[I 2025-08-22 07:16:00,639] Trial 109 finished with value: -0.5551524758338928 and parameters: {'dataset.max_walk_length': 30, 'dataset.num_walks': 114092, 'training.lr': 1.8577016105578373e-05, 'training.weight_decay': 0.021888130518282953, 'training.batch_size': 128, 'training.gradient_clip_val': 1.7289151808322418, 'training.early_stopping_patience': 5, 'model.nhead_emb_combo': 10, 'model.hidden_dim': 8, 'model.nlayers': 2, 'model.dropout': 0.5906284956760723, 'training.epochs': 15}. Best is trial 1 with value: -0.6377121806144714.
/home/eng/shilo_avital/yolo_lab/walk_to_paint/optuna_run.py:147: FutureWarning: suggest_loguniform has been deprecated in v3.0.0. This feature will be removed in v6.0.0. See https://github.com/optuna/optuna/releases/tag/v3.0.0. Use suggest_float(..., log=True) instead.
  cfg.training.lr = trial.suggest_loguniform("training.lr", 1e-5, 1e-1)
/home/eng/shilo_avital/yolo_lab/walk_to_paint/optuna_run.py:148: FutureWarning: suggest_loguniform has been deprecated in v3.0.0. This feature will be removed in v6.0.0. See https://github.com/optuna/optuna/releases/tag/v3.0.0. Use suggest_float(..., log=True) instead.
  cfg.training.weight_decay = trial.suggest_loguniform(

🔬 Trial 110 hyperparameters:
  Walk length: 20, Num walks: 139,435
  LR: 3.85e-05, Batch size: 32
  Model: emb_dim=32, hidden_dim=16
  Transformer: 3 layers, 2 heads
  Epochs: 16, Weighted loss: True
Loading bitcoin-alpha-binary dataset...
Success! ✅
Splitting edges for bitcoin-alpha-binary dataset...
Success! ✅
Sampling random walks from bitcoin-alpha-binary dataset...
Success! ✅
Building tokenizer for bitcoin-alpha-binary dataset...
Success! ✅
Padding and building stage tensors for bitcoin-alpha-binary dataset...
Success! ✅
Creating DataLoaders for bitcoin-alpha-binary dataset...
Success! ✅
GPU available: True (cuda), used: True
TPU available: False, using: 0 TPU cores
HPU available: False, using: 0 HPUs
/home/eng/shilo_avital/yolo_lab/walk_to_paint/.venv/lib64/python3.9/site-packages/pytorch_lightning/callbacks/model_checkpoint.py:658: Checkpoint directory /home/eng/shilo_avital/yolo_lab/walk_to_paint/checkpoints exists and is not empty.
LOCAL_RANK: 0 - CUDA_VISIBLE_DEVICES: [3]
/home/eng/shilo_avital/yolo_lab/walk_to_paint/.venv/lib64/python3.9/site-packages/pytorch_lightning/trainer/connectors/data_connector.py:425: The 'val_dataloader' does not have many workers which may be a bottleneck. Consider increasing the value of the `num_workers` argument` to `num_workers=127` in the `DataLoader` to improve performance.
/home/eng/shilo_avital/yolo_lab/walk_to_paint/.venv/lib64/python3.9/site-packages/pytorch_lightning/trainer/connectors/data_connector.py:425: The 'train_dataloader' does not have many workers which may be a bottleneck. Consider increasing the value of the `num_workers` argument` to `num_workers=127` in the `DataLoader` to improve performance.
Metric val_auc_epoch improved. New best score: 0.550
Metric val_auc_epoch improved by 0.010 >= min_delta = 0.0. New best score: 0.561
❌ Trial 110 failed: Trial was pruned at epoch 5.
[I 2025-08-22 07:20:54,281] Trial 110 finished with value: 0.0 and parameters: {'dataset.max_walk_length': 20, 'dataset.num_walks': 139435, 'training.lr': 3.845034581328545e-05, 'training.weight_decay': 0.0017647190081750204, 'training.batch_size': 32, 'training.gradient_clip_val': 1.982786874099648, 'training.early_stopping_patience': 16, 'model.nhead_emb_combo': 9, 'model.hidden_dim': 16, 'model.nlayers': 3, 'model.dropout': 0.5198979408378881, 'training.epochs': 16}. Best is trial 1 with value: -0.6377121806144714.
🧹 Cleaning up old checkpoints and logs (keeping top 10)...
  Removed old checkpoint: trial_100-epoch=20-val_auc_epoch=0.5069.ckpt
  Removed old checkpoint: trial_99-epoch=04-val_auc_epoch=0.6081.ckpt
  Removed old checkpoint: trial_98-epoch=00-val_auc_epoch=0.5600.ckpt
  Removed old checkpoint: trial_97-epoch=14-val_auc_epoch=0.5465.ckpt
  Removed old checkpoint: trial_96-epoch=02-val_auc_epoch=0.5490.ckpt
  Removed old log dir: trial_100
  Removed old log dir: trial_99
  Removed old log dir: trial_98
  Removed old log dir: trial_97
  Removed old log dir: trial_96
/home/eng/shilo_avital/yolo_lab/walk_to_paint/optuna_run.py:147: FutureWarning: suggest_loguniform has been deprecated in v3.0.0. This feature will be removed in v6.0.0. See https://github.com/optuna/optuna/releases/tag/v3.0.0. Use suggest_float(..., log=True) instead.
  cfg.training.lr = trial.suggest_loguniform("training.lr", 1e-5, 1e-1)
/home/eng/shilo_avital/yolo_lab/walk_to_paint/optuna_run.py:148: FutureWarning: suggest_loguniform has been deprecated in v3.0.0. This feature will be removed in v6.0.0. See https://github.com/optuna/optuna/releases/tag/v3.0.0. Use suggest_float(..., log=True) instead.
  cfg.training.weight_decay = trial.suggest_loguniform(

🔬 Trial 111 hyperparameters:
  Walk length: 14, Num walks: 161,097
  LR: 2.71e-05, Batch size: 64
  Model: emb_dim=16, hidden_dim=16
  Transformer: 2 layers, 1 heads
  Epochs: 14, Weighted loss: True
Loading bitcoin-alpha-binary dataset...
Success! ✅
Splitting edges for bitcoin-alpha-binary dataset...
Success! ✅
Sampling random walks from bitcoin-alpha-binary dataset...
Success! ✅
Building tokenizer for bitcoin-alpha-binary dataset...
Success! ✅
Padding and building stage tensors for bitcoin-alpha-binary dataset...
Success! ✅
Creating DataLoaders for bitcoin-alpha-binary dataset...
Success! ✅
/home/eng/shilo_avital/yolo_lab/walk_to_paint/.venv/lib64/python3.9/site-packages/torch/nn/modules/transformer.py:382: UserWarning: enable_nested_tensor is True, but self.use_nested_tensor is False because encoder_layer.self_attn.num_heads is odd
  warnings.warn(
GPU available: True (cuda), used: True
TPU available: False, using: 0 TPU cores
HPU available: False, using: 0 HPUs
/home/eng/shilo_avital/yolo_lab/walk_to_paint/.venv/lib64/python3.9/site-packages/pytorch_lightning/callbacks/model_checkpoint.py:658: Checkpoint directory /home/eng/shilo_avital/yolo_lab/walk_to_paint/checkpoints exists and is not empty.
LOCAL_RANK: 0 - CUDA_VISIBLE_DEVICES: [3]
/home/eng/shilo_avital/yolo_lab/walk_to_paint/.venv/lib64/python3.9/site-packages/pytorch_lightning/trainer/connectors/data_connector.py:425: The 'val_dataloader' does not have many workers which may be a bottleneck. Consider increasing the value of the `num_workers` argument` to `num_workers=127` in the `DataLoader` to improve performance.
/home/eng/shilo_avital/yolo_lab/walk_to_paint/.venv/lib64/python3.9/site-packages/pytorch_lightning/trainer/connectors/data_connector.py:425: The 'train_dataloader' does not have many workers which may be a bottleneck. Consider increasing the value of the `num_workers` argument` to `num_workers=127` in the `DataLoader` to improve performance.
Metric val_auc_epoch improved. New best score: 0.516
Metric val_auc_epoch improved by 0.017 >= min_delta = 0.0. New best score: 0.533
Metric val_auc_epoch improved by 0.019 >= min_delta = 0.0. New best score: 0.552
Metric val_auc_epoch improved by 0.011 >= min_delta = 0.0. New best score: 0.563
Metric val_auc_epoch improved by 0.005 >= min_delta = 0.0. New best score: 0.568
Metric val_auc_epoch improved by 0.002 >= min_delta = 0.0. New best score: 0.570
Metric val_auc_epoch improved by 0.001 >= min_delta = 0.0. New best score: 0.571
Metric val_auc_epoch improved by 0.001 >= min_delta = 0.0. New best score: 0.572
Metric val_auc_epoch improved by 0.000 >= min_delta = 0.0. New best score: 0.572
Metric val_auc_epoch improved by 0.000 >= min_delta = 0.0. New best score: 0.573
Metric val_auc_epoch improved by 0.000 >= min_delta = 0.0. New best score: 0.573
Metric val_auc_epoch improved by 0.000 >= min_delta = 0.0. New best score: 0.573
Metric val_auc_epoch improved by 0.000 >= min_delta = 0.0. New best score: 0.573
Metric val_auc_epoch improved by 0.000 >= min_delta = 0.0. New best score: 0.573
`Trainer.fit` stopped: `max_epochs=14` reached.
Restoring states from the checkpoint path at /home/eng/shilo_avital/yolo_lab/walk_to_paint/checkpoints/trial_111-epoch=13-val_auc_epoch=0.5730.ckpt
LOCAL_RANK: 0 - CUDA_VISIBLE_DEVICES: [3]
Loaded model weights from the checkpoint at /home/eng/shilo_avital/yolo_lab/walk_to_paint/checkpoints/trial_111-epoch=13-val_auc_epoch=0.5730.ckpt
/home/eng/shilo_avital/yolo_lab/walk_to_paint/.venv/lib64/python3.9/site-packages/pytorch_lightning/trainer/connectors/data_connector.py:425: The 'val_dataloader' does not have many workers which may be a bottleneck. Consider increasing the value of the `num_workers` argument` to `num_workers=127` in the `DataLoader` to improve performance.
────────────────────────────────────────────────────────────────────────────────────────────────────────────────────────
     Validate metric           DataLoader 0
────────────────────────────────────────────────────────────────────────────────────────────────────────────────────────
      val_acc_epoch         0.5505284070968628
      val_auc_epoch         0.5729612112045288
      val_f1_epoch          0.5458673238754272
        val_loss            0.6863119602203369
────────────────────────────────────────────────────────────────────────────────────────────────────────────────────────
✅ Trial 111 completed - Val AUC: 0.5730
[I 2025-08-22 07:27:03,350] Trial 111 finished with value: -0.5729612112045288 and parameters: {'dataset.max_walk_length': 14, 'dataset.num_walks': 161097, 'training.lr': 2.7121080715734474e-05, 'training.weight_decay': 0.06600739032518141, 'training.batch_size': 64, 'training.gradient_clip_val': 1.8389060659033738, 'training.early_stopping_patience': 6, 'model.nhead_emb_combo': 2, 'model.hidden_dim': 16, 'model.nlayers': 2, 'model.dropout': 0.6526134166692269, 'training.epochs': 14}. Best is trial 1 with value: -0.6377121806144714.
/home/eng/shilo_avital/yolo_lab/walk_to_paint/optuna_run.py:147: FutureWarning: suggest_loguniform has been deprecated in v3.0.0. This feature will be removed in v6.0.0. See https://github.com/optuna/optuna/releases/tag/v3.0.0. Use suggest_float(..., log=True) instead.
  cfg.training.lr = trial.suggest_loguniform("training.lr", 1e-5, 1e-1)
/home/eng/shilo_avital/yolo_lab/walk_to_paint/optuna_run.py:148: FutureWarning: suggest_loguniform has been deprecated in v3.0.0. This feature will be removed in v6.0.0. See https://github.com/optuna/optuna/releases/tag/v3.0.0. Use suggest_float(..., log=True) instead.
  cfg.training.weight_decay = trial.suggest_loguniform(

🔬 Trial 112 hyperparameters:
  Walk length: 14, Num walks: 128,483
  LR: 3.05e-05, Batch size: 64
  Model: emb_dim=4, hidden_dim=16
  Transformer: 2 layers, 1 heads
  Epochs: 14, Weighted loss: True
Loading bitcoin-alpha-binary dataset...
Success! ✅
Splitting edges for bitcoin-alpha-binary dataset...
Success! ✅
Sampling random walks from bitcoin-alpha-binary dataset...
Success! ✅
Building tokenizer for bitcoin-alpha-binary dataset...
Success! ✅
Padding and building stage tensors for bitcoin-alpha-binary dataset...
Success! ✅
Creating DataLoaders for bitcoin-alpha-binary dataset...
Success! ✅
/home/eng/shilo_avital/yolo_lab/walk_to_paint/.venv/lib64/python3.9/site-packages/torch/nn/modules/transformer.py:382: UserWarning: enable_nested_tensor is True, but self.use_nested_tensor is False because encoder_layer.self_attn.num_heads is odd
  warnings.warn(
GPU available: True (cuda), used: True
TPU available: False, using: 0 TPU cores
HPU available: False, using: 0 HPUs
/home/eng/shilo_avital/yolo_lab/walk_to_paint/.venv/lib64/python3.9/site-packages/pytorch_lightning/callbacks/model_checkpoint.py:658: Checkpoint directory /home/eng/shilo_avital/yolo_lab/walk_to_paint/checkpoints exists and is not empty.
LOCAL_RANK: 0 - CUDA_VISIBLE_DEVICES: [3]
/home/eng/shilo_avital/yolo_lab/walk_to_paint/.venv/lib64/python3.9/site-packages/pytorch_lightning/trainer/connectors/data_connector.py:425: The 'val_dataloader' does not have many workers which may be a bottleneck. Consider increasing the value of the `num_workers` argument` to `num_workers=127` in the `DataLoader` to improve performance.
/home/eng/shilo_avital/yolo_lab/walk_to_paint/.venv/lib64/python3.9/site-packages/pytorch_lightning/trainer/connectors/data_connector.py:425: The 'train_dataloader' does not have many workers which may be a bottleneck. Consider increasing the value of the `num_workers` argument` to `num_workers=127` in the `DataLoader` to improve performance.
Metric val_auc_epoch improved. New best score: 0.512
Monitored metric val_auc_epoch did not improve in the last 6 records. Best score: 0.512. Signaling Trainer to stop.
Restoring states from the checkpoint path at /home/eng/shilo_avital/yolo_lab/walk_to_paint/checkpoints/trial_112-epoch=00-val_auc_epoch=0.5115.ckpt
LOCAL_RANK: 0 - CUDA_VISIBLE_DEVICES: [3]
Loaded model weights from the checkpoint at /home/eng/shilo_avital/yolo_lab/walk_to_paint/checkpoints/trial_112-epoch=00-val_auc_epoch=0.5115.ckpt
/home/eng/shilo_avital/yolo_lab/walk_to_paint/.venv/lib64/python3.9/site-packages/pytorch_lightning/trainer/connectors/data_connector.py:425: The 'val_dataloader' does not have many workers which may be a bottleneck. Consider increasing the value of the `num_workers` argument` to `num_workers=127` in the `DataLoader` to improve performance.
────────────────────────────────────────────────────────────────────────────────────────────────────────────────────────
     Validate metric           DataLoader 0
────────────────────────────────────────────────────────────────────────────────────────────────────────────────────────
      val_acc_epoch          0.50225830078125
      val_auc_epoch         0.5115443468093872
      val_f1_epoch          0.3856376111507416
        val_loss            0.6934254765510559
────────────────────────────────────────────────────────────────────────────────────────────────────────────────────────
✅ Trial 112 completed - Val AUC: 0.5115
[I 2025-08-22 07:29:39,538] Trial 112 finished with value: -0.5115443468093872 and parameters: {'dataset.max_walk_length': 14, 'dataset.num_walks': 128483, 'training.lr': 3.0457350377488826e-05, 'training.weight_decay': 0.06590250758951996, 'training.batch_size': 64, 'training.gradient_clip_val': 1.7670077495238923, 'training.early_stopping_patience': 6, 'model.nhead_emb_combo': 0, 'model.hidden_dim': 16, 'model.nlayers': 2, 'model.dropout': 0.651548513902119, 'training.epochs': 14}. Best is trial 1 with value: -0.6377121806144714.
/home/eng/shilo_avital/yolo_lab/walk_to_paint/optuna_run.py:147: FutureWarning: suggest_loguniform has been deprecated in v3.0.0. This feature will be removed in v6.0.0. See https://github.com/optuna/optuna/releases/tag/v3.0.0. Use suggest_float(..., log=True) instead.
  cfg.training.lr = trial.suggest_loguniform("training.lr", 1e-5, 1e-1)
/home/eng/shilo_avital/yolo_lab/walk_to_paint/optuna_run.py:148: FutureWarning: suggest_loguniform has been deprecated in v3.0.0. This feature will be removed in v6.0.0. See https://github.com/optuna/optuna/releases/tag/v3.0.0. Use suggest_float(..., log=True) instead.
  cfg.training.weight_decay = trial.suggest_loguniform(

🔬 Trial 113 hyperparameters:
  Walk length: 19, Num walks: 153,803
  LR: 1.56e-05, Batch size: 64
  Model: emb_dim=8, hidden_dim=16
  Transformer: 2 layers, 1 heads
  Epochs: 13, Weighted loss: True
Loading bitcoin-alpha-binary dataset...
Success! ✅
Splitting edges for bitcoin-alpha-binary dataset...
Success! ✅
Sampling random walks from bitcoin-alpha-binary dataset...
Success! ✅
Building tokenizer for bitcoin-alpha-binary dataset...
Success! ✅
Padding and building stage tensors for bitcoin-alpha-binary dataset...
Success! ✅
Creating DataLoaders for bitcoin-alpha-binary dataset...
Success! ✅
/home/eng/shilo_avital/yolo_lab/walk_to_paint/.venv/lib64/python3.9/site-packages/torch/nn/modules/transformer.py:382: UserWarning: enable_nested_tensor is True, but self.use_nested_tensor is False because encoder_layer.self_attn.num_heads is odd
  warnings.warn(
GPU available: True (cuda), used: True
TPU available: False, using: 0 TPU cores
HPU available: False, using: 0 HPUs
/home/eng/shilo_avital/yolo_lab/walk_to_paint/.venv/lib64/python3.9/site-packages/pytorch_lightning/callbacks/model_checkpoint.py:658: Checkpoint directory /home/eng/shilo_avital/yolo_lab/walk_to_paint/checkpoints exists and is not empty.
LOCAL_RANK: 0 - CUDA_VISIBLE_DEVICES: [3]
/home/eng/shilo_avital/yolo_lab/walk_to_paint/.venv/lib64/python3.9/site-packages/pytorch_lightning/trainer/connectors/data_connector.py:425: The 'val_dataloader' does not have many workers which may be a bottleneck. Consider increasing the value of the `num_workers` argument` to `num_workers=127` in the `DataLoader` to improve performance.
/home/eng/shilo_avital/yolo_lab/walk_to_paint/.venv/lib64/python3.9/site-packages/pytorch_lightning/trainer/connectors/data_connector.py:425: The 'train_dataloader' does not have many workers which may be a bottleneck. Consider increasing the value of the `num_workers` argument` to `num_workers=127` in the `DataLoader` to improve performance.
Metric val_auc_epoch improved. New best score: 0.511
Metric val_auc_epoch improved by 0.003 >= min_delta = 0.0. New best score: 0.514
Metric val_auc_epoch improved by 0.002 >= min_delta = 0.0. New best score: 0.516
Metric val_auc_epoch improved by 0.002 >= min_delta = 0.0. New best score: 0.517
Metric val_auc_epoch improved by 0.001 >= min_delta = 0.0. New best score: 0.518
Metric val_auc_epoch improved by 0.001 >= min_delta = 0.0. New best score: 0.519
Metric val_auc_epoch improved by 0.001 >= min_delta = 0.0. New best score: 0.520
Metric val_auc_epoch improved by 0.001 >= min_delta = 0.0. New best score: 0.521
Metric val_auc_epoch improved by 0.000 >= min_delta = 0.0. New best score: 0.521
Metric val_auc_epoch improved by 0.000 >= min_delta = 0.0. New best score: 0.521
Metric val_auc_epoch improved by 0.000 >= min_delta = 0.0. New best score: 0.521
Metric val_auc_epoch improved by 0.000 >= min_delta = 0.0. New best score: 0.522
Metric val_auc_epoch improved by 0.000 >= min_delta = 0.0. New best score: 0.522
`Trainer.fit` stopped: `max_epochs=13` reached.
Restoring states from the checkpoint path at /home/eng/shilo_avital/yolo_lab/walk_to_paint/checkpoints/trial_113-epoch=12-val_auc_epoch=0.5216.ckpt
LOCAL_RANK: 0 - CUDA_VISIBLE_DEVICES: [3]
Loaded model weights from the checkpoint at /home/eng/shilo_avital/yolo_lab/walk_to_paint/checkpoints/trial_113-epoch=12-val_auc_epoch=0.5216.ckpt
/home/eng/shilo_avital/yolo_lab/walk_to_paint/.venv/lib64/python3.9/site-packages/pytorch_lightning/trainer/connectors/data_connector.py:425: The 'val_dataloader' does not have many workers which may be a bottleneck. Consider increasing the value of the `num_workers` argument` to `num_workers=127` in the `DataLoader` to improve performance.
────────────────────────────────────────────────────────────────────────────────────────────────────────────────────────
     Validate metric           DataLoader 0
────────────────────────────────────────────────────────────────────────────────────────────────────────────────────────
      val_acc_epoch         0.5072834491729736
      val_auc_epoch         0.5216217041015625
      val_f1_epoch          0.40189284086227417
        val_loss             0.692857563495636
────────────────────────────────────────────────────────────────────────────────────────────────────────────────────────
✅ Trial 113 completed - Val AUC: 0.5216
