[I 2025-08-22 05:38:36,091] Trial 100 finished with value: -0.5069254636764526 and parameters: {'dataset.max_walk_length': 28, 'dataset.num_walks': 108368, 'training.lr': 5.15934682138987e-05, 'training.weight_decay': 0.06804386980990494, 'training.batch_size': 32, 'training.gradient_clip_val': 1.9081187387293663, 'training.early_stopping_patience': 6, 'model.nhead_emb_combo': 12, 'model.hidden_dim': 8, 'model.nlayers': 3, 'model.dropout': 0.49593409658344684, 'training.epochs': 21}. Best is trial 1 with value: -0.6377121806144714.
🧹 Cleaning up old checkpoints and logs (keeping top 10)...
  Removed old checkpoint: trial_90-epoch=04-val_auc_epoch=0.5976.ckpt
  Removed old checkpoint: trial_89-epoch=16-val_auc_epoch=0.5663.ckpt
  Removed old checkpoint: trial_88-epoch=04-val_auc_epoch=0.5796.ckpt
  Removed old checkpoint: trial_87-epoch=17-val_auc_epoch=0.5644.ckpt
  Removed old checkpoint: trial_86-epoch=11-val_auc_epoch=0.5515.ckpt
  Removed old log dir: trial_90
  Removed old log dir: trial_89
  Removed old log dir: trial_88
  Removed old log dir: trial_87
  Removed old log dir: trial_86
/home/eng/shilo_avital/yolo_lab/walk_to_paint/optuna_run.py:147: FutureWarning: suggest_loguniform has been deprecated in v3.0.0. This feature will be removed in v6.0.0. See https://github.com/optuna/optuna/releases/tag/v3.0.0. Use suggest_float(..., log=True) instead.
  cfg.training.lr = trial.suggest_loguniform("training.lr", 1e-5, 1e-1)
/home/eng/shilo_avital/yolo_lab/walk_to_paint/optuna_run.py:148: FutureWarning: suggest_loguniform has been deprecated in v3.0.0. This feature will be removed in v6.0.0. See https://github.com/optuna/optuna/releases/tag/v3.0.0. Use suggest_float(..., log=True) instead.
  cfg.training.weight_decay = trial.suggest_loguniform(

🔬 Trial 101 hyperparameters:
  Walk length: 20, Num walks: 136,275
  LR: 2.33e-05, Batch size: 32
  Model: emb_dim=8, hidden_dim=8
  Transformer: 2 layers, 8 heads
  Epochs: 16, Weighted loss: True
Loading bitcoin-alpha-binary dataset...
Success! ✅
Splitting edges for bitcoin-alpha-binary dataset...
Success! ✅
Sampling random walks from bitcoin-alpha-binary dataset...
Success! ✅
Building tokenizer for bitcoin-alpha-binary dataset...
Success! ✅
Padding and building stage tensors for bitcoin-alpha-binary dataset...
Success! ✅
Creating DataLoaders for bitcoin-alpha-binary dataset...
Success! ✅
GPU available: True (cuda), used: True
TPU available: False, using: 0 TPU cores
HPU available: False, using: 0 HPUs
/home/eng/shilo_avital/yolo_lab/walk_to_paint/.venv/lib64/python3.9/site-packages/pytorch_lightning/callbacks/model_checkpoint.py:658: Checkpoint directory /home/eng/shilo_avital/yolo_lab/walk_to_paint/checkpoints exists and is not empty.
LOCAL_RANK: 0 - CUDA_VISIBLE_DEVICES: [3]
/home/eng/shilo_avital/yolo_lab/walk_to_paint/.venv/lib64/python3.9/site-packages/pytorch_lightning/trainer/connectors/data_connector.py:425: The 'val_dataloader' does not have many workers which may be a bottleneck. Consider increasing the value of the `num_workers` argument` to `num_workers=127` in the `DataLoader` to improve performance.
/home/eng/shilo_avital/yolo_lab/walk_to_paint/.venv/lib64/python3.9/site-packages/pytorch_lightning/trainer/connectors/data_connector.py:425: The 'train_dataloader' does not have many workers which may be a bottleneck. Consider increasing the value of the `num_workers` argument` to `num_workers=127` in the `DataLoader` to improve performance.
Metric val_auc_epoch improved. New best score: 0.486
Metric val_auc_epoch improved by 0.009 >= min_delta = 0.0. New best score: 0.495
Metric val_auc_epoch improved by 0.009 >= min_delta = 0.0. New best score: 0.504
Metric val_auc_epoch improved by 0.009 >= min_delta = 0.0. New best score: 0.513
Metric val_auc_epoch improved by 0.009 >= min_delta = 0.0. New best score: 0.521
Metric val_auc_epoch improved by 0.007 >= min_delta = 0.0. New best score: 0.529
Metric val_auc_epoch improved by 0.006 >= min_delta = 0.0. New best score: 0.535
Metric val_auc_epoch improved by 0.004 >= min_delta = 0.0. New best score: 0.539
Metric val_auc_epoch improved by 0.003 >= min_delta = 0.0. New best score: 0.542
Metric val_auc_epoch improved by 0.002 >= min_delta = 0.0. New best score: 0.544
Metric val_auc_epoch improved by 0.001 >= min_delta = 0.0. New best score: 0.546
Metric val_auc_epoch improved by 0.001 >= min_delta = 0.0. New best score: 0.547
Metric val_auc_epoch improved by 0.001 >= min_delta = 0.0. New best score: 0.547
Metric val_auc_epoch improved by 0.000 >= min_delta = 0.0. New best score: 0.548
Metric val_auc_epoch improved by 0.000 >= min_delta = 0.0. New best score: 0.548
Metric val_auc_epoch improved by 0.000 >= min_delta = 0.0. New best score: 0.548
`Trainer.fit` stopped: `max_epochs=16` reached.
Restoring states from the checkpoint path at /home/eng/shilo_avital/yolo_lab/walk_to_paint/checkpoints/trial_101-epoch=15-val_auc_epoch=0.5477.ckpt
LOCAL_RANK: 0 - CUDA_VISIBLE_DEVICES: [3]
Loaded model weights from the checkpoint at /home/eng/shilo_avital/yolo_lab/walk_to_paint/checkpoints/trial_101-epoch=15-val_auc_epoch=0.5477.ckpt
/home/eng/shilo_avital/yolo_lab/walk_to_paint/.venv/lib64/python3.9/site-packages/pytorch_lightning/trainer/connectors/data_connector.py:425: The 'val_dataloader' does not have many workers which may be a bottleneck. Consider increasing the value of the `num_workers` argument` to `num_workers=127` in the `DataLoader` to improve performance.
────────────────────────────────────────────────────────────────────────────────────────────────────────────────────────
     Validate metric           DataLoader 0
────────────────────────────────────────────────────────────────────────────────────────────────────────────────────────
      val_acc_epoch         0.5330418348312378
      val_auc_epoch         0.5477126836776733
      val_f1_epoch          0.5180341601371765
        val_loss            0.6909148097038269
────────────────────────────────────────────────────────────────────────────────────────────────────────────────────────
✅ Trial 101 completed - Val AUC: 0.5477
[I 2025-08-22 05:50:04,953] Trial 101 finished with value: -0.5477126836776733 and parameters: {'dataset.max_walk_length': 20, 'dataset.num_walks': 136275, 'training.lr': 2.3283919950420885e-05, 'training.weight_decay': 0.012509451094054757, 'training.batch_size': 32, 'training.gradient_clip_val': 1.7014534817740832, 'training.early_stopping_patience': 7, 'model.nhead_emb_combo': 18, 'model.hidden_dim': 8, 'model.nlayers': 2, 'model.dropout': 0.5696543292094709, 'training.epochs': 16}. Best is trial 1 with value: -0.6377121806144714.
/home/eng/shilo_avital/yolo_lab/walk_to_paint/optuna_run.py:147: FutureWarning: suggest_loguniform has been deprecated in v3.0.0. This feature will be removed in v6.0.0. See https://github.com/optuna/optuna/releases/tag/v3.0.0. Use suggest_float(..., log=True) instead.
  cfg.training.lr = trial.suggest_loguniform("training.lr", 1e-5, 1e-1)
/home/eng/shilo_avital/yolo_lab/walk_to_paint/optuna_run.py:148: FutureWarning: suggest_loguniform has been deprecated in v3.0.0. This feature will be removed in v6.0.0. See https://github.com/optuna/optuna/releases/tag/v3.0.0. Use suggest_float(..., log=True) instead.
  cfg.training.weight_decay = trial.suggest_loguniform(

🔬 Trial 102 hyperparameters:
  Walk length: 12, Num walks: 153,467
  LR: 6.27e-05, Batch size: 32
  Model: emb_dim=64, hidden_dim=256
  Transformer: 2 layers, 4 heads
  Epochs: 15, Weighted loss: True
Loading bitcoin-alpha-binary dataset...
Success! ✅
Splitting edges for bitcoin-alpha-binary dataset...
Success! ✅
Sampling random walks from bitcoin-alpha-binary dataset...
Success! ✅
Building tokenizer for bitcoin-alpha-binary dataset...
Success! ✅
Padding and building stage tensors for bitcoin-alpha-binary dataset...
Success! ✅
Creating DataLoaders for bitcoin-alpha-binary dataset...
Success! ✅
GPU available: True (cuda), used: True
TPU available: False, using: 0 TPU cores
HPU available: False, using: 0 HPUs
/home/eng/shilo_avital/yolo_lab/walk_to_paint/.venv/lib64/python3.9/site-packages/pytorch_lightning/callbacks/model_checkpoint.py:658: Checkpoint directory /home/eng/shilo_avital/yolo_lab/walk_to_paint/checkpoints exists and is not empty.
LOCAL_RANK: 0 - CUDA_VISIBLE_DEVICES: [3]
/home/eng/shilo_avital/yolo_lab/walk_to_paint/.venv/lib64/python3.9/site-packages/pytorch_lightning/trainer/connectors/data_connector.py:425: The 'val_dataloader' does not have many workers which may be a bottleneck. Consider increasing the value of the `num_workers` argument` to `num_workers=127` in the `DataLoader` to improve performance.
/home/eng/shilo_avital/yolo_lab/walk_to_paint/.venv/lib64/python3.9/site-packages/pytorch_lightning/trainer/connectors/data_connector.py:425: The 'train_dataloader' does not have many workers which may be a bottleneck. Consider increasing the value of the `num_workers` argument` to `num_workers=127` in the `DataLoader` to improve performance.
Metric val_auc_epoch improved. New best score: 0.582
❌ Trial 102 failed: Trial was pruned at epoch 5.
[I 2025-08-22 05:54:46,528] Trial 102 finished with value: 0.0 and parameters: {'dataset.max_walk_length': 12, 'dataset.num_walks': 153467, 'training.lr': 6.267116882409206e-05, 'training.weight_decay': 0.01889527691549682, 'training.batch_size': 32, 'training.gradient_clip_val': 1.886898474846792, 'training.early_stopping_patience': 7, 'model.nhead_emb_combo': 16, 'model.hidden_dim': 256, 'model.nlayers': 2, 'model.dropout': 0.6087973022623252, 'training.epochs': 15}. Best is trial 1 with value: -0.6377121806144714.
/home/eng/shilo_avital/yolo_lab/walk_to_paint/optuna_run.py:147: FutureWarning: suggest_loguniform has been deprecated in v3.0.0. This feature will be removed in v6.0.0. See https://github.com/optuna/optuna/releases/tag/v3.0.0. Use suggest_float(..., log=True) instead.
  cfg.training.lr = trial.suggest_loguniform("training.lr", 1e-5, 1e-1)
/home/eng/shilo_avital/yolo_lab/walk_to_paint/optuna_run.py:148: FutureWarning: suggest_loguniform has been deprecated in v3.0.0. This feature will be removed in v6.0.0. See https://github.com/optuna/optuna/releases/tag/v3.0.0. Use suggest_float(..., log=True) instead.
  cfg.training.weight_decay = trial.suggest_loguniform(

🔬 Trial 103 hyperparameters:
  Walk length: 16, Num walks: 123,486
  LR: 3.90e-05, Batch size: 32
  Model: emb_dim=32, hidden_dim=64
  Transformer: 2 layers, 8 heads
  Epochs: 17, Weighted loss: True
Loading bitcoin-alpha-binary dataset...
Success! ✅
Splitting edges for bitcoin-alpha-binary dataset...
Success! ✅
Sampling random walks from bitcoin-alpha-binary dataset...
Success! ✅
Building tokenizer for bitcoin-alpha-binary dataset...
Success! ✅
Padding and building stage tensors for bitcoin-alpha-binary dataset...
Success! ✅
Creating DataLoaders for bitcoin-alpha-binary dataset...
Success! ✅
GPU available: True (cuda), used: True
TPU available: False, using: 0 TPU cores
HPU available: False, using: 0 HPUs
/home/eng/shilo_avital/yolo_lab/walk_to_paint/.venv/lib64/python3.9/site-packages/pytorch_lightning/callbacks/model_checkpoint.py:658: Checkpoint directory /home/eng/shilo_avital/yolo_lab/walk_to_paint/checkpoints exists and is not empty.
LOCAL_RANK: 0 - CUDA_VISIBLE_DEVICES: [3]
/home/eng/shilo_avital/yolo_lab/walk_to_paint/.venv/lib64/python3.9/site-packages/pytorch_lightning/trainer/connectors/data_connector.py:425: The 'val_dataloader' does not have many workers which may be a bottleneck. Consider increasing the value of the `num_workers` argument` to `num_workers=127` in the `DataLoader` to improve performance.
/home/eng/shilo_avital/yolo_lab/walk_to_paint/.venv/lib64/python3.9/site-packages/pytorch_lightning/trainer/connectors/data_connector.py:425: The 'train_dataloader' does not have many workers which may be a bottleneck. Consider increasing the value of the `num_workers` argument` to `num_workers=127` in the `DataLoader` to improve performance.
Metric val_auc_epoch improved. New best score: 0.552
Metric val_auc_epoch improved by 0.006 >= min_delta = 0.0. New best score: 0.558
Metric val_auc_epoch improved by 0.003 >= min_delta = 0.0. New best score: 0.561
Metric val_auc_epoch improved by 0.001 >= min_delta = 0.0. New best score: 0.562
Metric val_auc_epoch improved by 0.000 >= min_delta = 0.0. New best score: 0.562
❌ Trial 103 failed: Trial was pruned at epoch 5.
[I 2025-08-22 05:58:34,313] Trial 103 finished with value: 0.0 and parameters: {'dataset.max_walk_length': 16, 'dataset.num_walks': 123486, 'training.lr': 3.896681389677089e-05, 'training.weight_decay': 0.02943147229397511, 'training.batch_size': 32, 'training.gradient_clip_val': 1.7921285975330925, 'training.early_stopping_patience': 8, 'model.nhead_emb_combo': 20, 'model.hidden_dim': 64, 'model.nlayers': 2, 'model.dropout': 0.5820438704247416, 'training.epochs': 17}. Best is trial 1 with value: -0.6377121806144714.
/home/eng/shilo_avital/yolo_lab/walk_to_paint/optuna_run.py:147: FutureWarning: suggest_loguniform has been deprecated in v3.0.0. This feature will be removed in v6.0.0. See https://github.com/optuna/optuna/releases/tag/v3.0.0. Use suggest_float(..., log=True) instead.
  cfg.training.lr = trial.suggest_loguniform("training.lr", 1e-5, 1e-1)
/home/eng/shilo_avital/yolo_lab/walk_to_paint/optuna_run.py:148: FutureWarning: suggest_loguniform has been deprecated in v3.0.0. This feature will be removed in v6.0.0. See https://github.com/optuna/optuna/releases/tag/v3.0.0. Use suggest_float(..., log=True) instead.
  cfg.training.weight_decay = trial.suggest_loguniform(

🔬 Trial 104 hyperparameters:
  Walk length: 23, Num walks: 216,329
  LR: 1.60e-05, Batch size: 32
  Model: emb_dim=32, hidden_dim=8
  Transformer: 2 layers, 4 heads
  Epochs: 18, Weighted loss: True
Loading bitcoin-alpha-binary dataset...
Success! ✅
Splitting edges for bitcoin-alpha-binary dataset...
Success! ✅
Sampling random walks from bitcoin-alpha-binary dataset...
Success! ✅
Building tokenizer for bitcoin-alpha-binary dataset...
Success! ✅
Padding and building stage tensors for bitcoin-alpha-binary dataset...
Success! ✅
Creating DataLoaders for bitcoin-alpha-binary dataset...
Success! ✅
GPU available: True (cuda), used: True
TPU available: False, using: 0 TPU cores
HPU available: False, using: 0 HPUs
/home/eng/shilo_avital/yolo_lab/walk_to_paint/.venv/lib64/python3.9/site-packages/pytorch_lightning/callbacks/model_checkpoint.py:658: Checkpoint directory /home/eng/shilo_avital/yolo_lab/walk_to_paint/checkpoints exists and is not empty.
LOCAL_RANK: 0 - CUDA_VISIBLE_DEVICES: [3]
/home/eng/shilo_avital/yolo_lab/walk_to_paint/.venv/lib64/python3.9/site-packages/pytorch_lightning/trainer/connectors/data_connector.py:425: The 'val_dataloader' does not have many workers which may be a bottleneck. Consider increasing the value of the `num_workers` argument` to `num_workers=127` in the `DataLoader` to improve performance.
/home/eng/shilo_avital/yolo_lab/walk_to_paint/.venv/lib64/python3.9/site-packages/pytorch_lightning/trainer/connectors/data_connector.py:425: The 'train_dataloader' does not have many workers which may be a bottleneck. Consider increasing the value of the `num_workers` argument` to `num_workers=127` in the `DataLoader` to improve performance.
Metric val_auc_epoch improved. New best score: 0.542
Metric val_auc_epoch improved by 0.009 >= min_delta = 0.0. New best score: 0.551
Metric val_auc_epoch improved by 0.002 >= min_delta = 0.0. New best score: 0.553
Metric val_auc_epoch improved by 0.001 >= min_delta = 0.0. New best score: 0.554
Metric val_auc_epoch improved by 0.001 >= min_delta = 0.0. New best score: 0.555
Metric val_auc_epoch improved by 0.001 >= min_delta = 0.0. New best score: 0.556
❌ Trial 104 failed: Trial was pruned at epoch 6.
[I 2025-08-22 06:06:22,132] Trial 104 finished with value: 0.0 and parameters: {'dataset.max_walk_length': 23, 'dataset.num_walks': 216329, 'training.lr': 1.6046589556420395e-05, 'training.weight_decay': 0.05006261459087292, 'training.batch_size': 32, 'training.gradient_clip_val': 1.8457093231610329, 'training.early_stopping_patience': 6, 'model.nhead_emb_combo': 15, 'model.hidden_dim': 8, 'model.nlayers': 2, 'model.dropout': 0.502698101451859, 'training.epochs': 18}. Best is trial 1 with value: -0.6377121806144714.
/home/eng/shilo_avital/yolo_lab/walk_to_paint/optuna_run.py:147: FutureWarning: suggest_loguniform has been deprecated in v3.0.0. This feature will be removed in v6.0.0. See https://github.com/optuna/optuna/releases/tag/v3.0.0. Use suggest_float(..., log=True) instead.
  cfg.training.lr = trial.suggest_loguniform("training.lr", 1e-5, 1e-1)
/home/eng/shilo_avital/yolo_lab/walk_to_paint/optuna_run.py:148: FutureWarning: suggest_loguniform has been deprecated in v3.0.0. This feature will be removed in v6.0.0. See https://github.com/optuna/optuna/releases/tag/v3.0.0. Use suggest_float(..., log=True) instead.
  cfg.training.weight_decay = trial.suggest_loguniform(

🔬 Trial 105 hyperparameters:
  Walk length: 26, Num walks: 155,682
  LR: 2.12e-05, Batch size: 32
  Model: emb_dim=64, hidden_dim=4
  Transformer: 4 layers, 4 heads
  Epochs: 16, Weighted loss: True
Loading bitcoin-alpha-binary dataset...
Success! ✅
Splitting edges for bitcoin-alpha-binary dataset...
Success! ✅
Sampling random walks from bitcoin-alpha-binary dataset...
Success! ✅
Building tokenizer for bitcoin-alpha-binary dataset...
Success! ✅
Padding and building stage tensors for bitcoin-alpha-binary dataset...
Success! ✅
Creating DataLoaders for bitcoin-alpha-binary dataset...
Success! ✅
GPU available: True (cuda), used: True
TPU available: False, using: 0 TPU cores
HPU available: False, using: 0 HPUs
/home/eng/shilo_avital/yolo_lab/walk_to_paint/.venv/lib64/python3.9/site-packages/pytorch_lightning/callbacks/model_checkpoint.py:658: Checkpoint directory /home/eng/shilo_avital/yolo_lab/walk_to_paint/checkpoints exists and is not empty.
LOCAL_RANK: 0 - CUDA_VISIBLE_DEVICES: [3]
/home/eng/shilo_avital/yolo_lab/walk_to_paint/.venv/lib64/python3.9/site-packages/pytorch_lightning/trainer/connectors/data_connector.py:425: The 'val_dataloader' does not have many workers which may be a bottleneck. Consider increasing the value of the `num_workers` argument` to `num_workers=127` in the `DataLoader` to improve performance.
/home/eng/shilo_avital/yolo_lab/walk_to_paint/.venv/lib64/python3.9/site-packages/pytorch_lightning/trainer/connectors/data_connector.py:425: The 'train_dataloader' does not have many workers which may be a bottleneck. Consider increasing the value of the `num_workers` argument` to `num_workers=127` in the `DataLoader` to improve performance.
Metric val_auc_epoch improved. New best score: 0.551
❌ Trial 105 failed: Trial was pruned at epoch 5.
