[I 2025-08-21 15:35:35,216] Trial 14 finished with value: -0.5401188135147095 and parameters: {'dataset.max_walk_length': 53, 'dataset.num_walks': 206723, 'training.lr': 5.551265924927636e-05, 'training.weight_decay': 0.00034436933187115433, 'training.batch_size': 64, 'training.gradient_clip_val': 0.521472910822066, 'training.early_stopping_patience': 18, 'model.nhead_emb_combo': 20, 'model.hidden_dim': 16, 'model.nlayers': 6, 'model.dropout': 0.69494209464952, 'training.epochs': 15}. Best is trial 1 with value: -0.6377121806144714.
/home/eng/shilo_avital/yolo_lab/walk_to_paint/optuna_run.py:147: FutureWarning: suggest_loguniform has been deprecated in v3.0.0. This feature will be removed in v6.0.0. See https://github.com/optuna/optuna/releases/tag/v3.0.0. Use suggest_float(..., log=True) instead.
  cfg.training.lr = trial.suggest_loguniform("training.lr", 1e-5, 1e-1)
/home/eng/shilo_avital/yolo_lab/walk_to_paint/optuna_run.py:148: FutureWarning: suggest_loguniform has been deprecated in v3.0.0. This feature will be removed in v6.0.0. See https://github.com/optuna/optuna/releases/tag/v3.0.0. Use suggest_float(..., log=True) instead.
  cfg.training.weight_decay = trial.suggest_loguniform(

🔬 Trial 15 hyperparameters:
  Walk length: 81, Num walks: 453,322
  LR: 1.30e-03, Batch size: 32
  Model: emb_dim=4, hidden_dim=256
  Transformer: 2 layers, 4 heads
  Epochs: 26, Weighted loss: True
Loading bitcoin-alpha-binary dataset...
Success! ✅
Splitting edges for bitcoin-alpha-binary dataset...
Success! ✅
Sampling random walks from bitcoin-alpha-binary dataset...
Success! ✅
Building tokenizer for bitcoin-alpha-binary dataset...
Success! ✅
Padding and building stage tensors for bitcoin-alpha-binary dataset...
Success! ✅
Creating DataLoaders for bitcoin-alpha-binary dataset...
Success! ✅
GPU available: True (cuda), used: True
TPU available: False, using: 0 TPU cores
HPU available: False, using: 0 HPUs
/home/eng/shilo_avital/yolo_lab/walk_to_paint/.venv/lib64/python3.9/site-packages/pytorch_lightning/callbacks/model_checkpoint.py:658: Checkpoint directory /home/eng/shilo_avital/yolo_lab/walk_to_paint/checkpoints exists and is not empty.
LOCAL_RANK: 0 - CUDA_VISIBLE_DEVICES: [3]
/home/eng/shilo_avital/yolo_lab/walk_to_paint/.venv/lib64/python3.9/site-packages/pytorch_lightning/trainer/connectors/data_connector.py:425: The 'val_dataloader' does not have many workers which may be a bottleneck. Consider increasing the value of the `num_workers` argument` to `num_workers=127` in the `DataLoader` to improve performance.
/home/eng/shilo_avital/yolo_lab/walk_to_paint/.venv/lib64/python3.9/site-packages/pytorch_lightning/trainer/connectors/data_connector.py:425: The 'train_dataloader' does not have many workers which may be a bottleneck. Consider increasing the value of the `num_workers` argument` to `num_workers=127` in the `DataLoader` to improve performance.
Metric val_auc_epoch improved. New best score: 0.492
Metric val_auc_epoch improved by 0.005 >= min_delta = 0.0. New best score: 0.497
Metric val_auc_epoch improved by 0.005 >= min_delta = 0.0. New best score: 0.502
Metric val_auc_epoch improved by 0.030 >= min_delta = 0.0. New best score: 0.531
Metric val_auc_epoch improved by 0.001 >= min_delta = 0.0. New best score: 0.532
Metric val_auc_epoch improved by 0.000 >= min_delta = 0.0. New best score: 0.533
Metric val_auc_epoch improved by 0.000 >= min_delta = 0.0. New best score: 0.533
Metric val_auc_epoch improved by 0.001 >= min_delta = 0.0. New best score: 0.534
Metric val_auc_epoch improved by 0.000 >= min_delta = 0.0. New best score: 0.534
Metric val_auc_epoch improved by 0.001 >= min_delta = 0.0. New best score: 0.535
Metric val_auc_epoch improved by 0.001 >= min_delta = 0.0. New best score: 0.535
`Trainer.fit` stopped: `max_epochs=26` reached.
Restoring states from the checkpoint path at /home/eng/shilo_avital/yolo_lab/walk_to_paint/checkpoints/trial_15-epoch=19-val_auc_epoch=0.5355.ckpt
LOCAL_RANK: 0 - CUDA_VISIBLE_DEVICES: [3]
Loaded model weights from the checkpoint at /home/eng/shilo_avital/yolo_lab/walk_to_paint/checkpoints/trial_15-epoch=19-val_auc_epoch=0.5355.ckpt
/home/eng/shilo_avital/yolo_lab/walk_to_paint/.venv/lib64/python3.9/site-packages/pytorch_lightning/trainer/connectors/data_connector.py:425: The 'val_dataloader' does not have many workers which may be a bottleneck. Consider increasing the value of the `num_workers` argument` to `num_workers=127` in the `DataLoader` to improve performance.
────────────────────────────────────────────────────────────────────────────────────────────────────────────────────────
     Validate metric           DataLoader 0
────────────────────────────────────────────────────────────────────────────────────────────────────────────────────────
      val_acc_epoch         0.5239700078964233
      val_auc_epoch          0.535475492477417
      val_f1_epoch          0.5237709879875183
        val_loss            0.7376934289932251
────────────────────────────────────────────────────────────────────────────────────────────────────────────────────────
✅ Trial 15 completed - Val AUC: 0.5355
[I 2025-08-21 16:43:06,012] Trial 15 finished with value: -0.535475492477417 and parameters: {'dataset.max_walk_length': 81, 'dataset.num_walks': 453322, 'training.lr': 0.0013008066901338267, 'training.weight_decay': 0.014526771244518021, 'training.batch_size': 32, 'training.gradient_clip_val': 1.0150002125742656, 'training.early_stopping_patience': 9, 'model.nhead_emb_combo': 12, 'model.hidden_dim': 256, 'model.nlayers': 2, 'model.dropout': 0.18661454024556728, 'training.epochs': 26}. Best is trial 1 with value: -0.6377121806144714.
🧹 Cleaning up old checkpoints and logs (keeping top 10)...
  Removed old checkpoint: trial_5-epoch=04-val_auc_epoch=0.5947.ckpt
  Removed old checkpoint: trial_4-epoch=01-val_auc_epoch=0.5563.ckpt
  Removed old checkpoint: trial_3-epoch=00-val_auc_epoch=0.5000.ckpt
  Removed old checkpoint: trial_2-epoch=07-val_auc_epoch=0.5302.ckpt
  Removed old checkpoint: trial_1-epoch=19-val_auc_epoch=0.6377.ckpt
  Removed old log dir: trial_5
  Removed old log dir: trial_4
  Removed old log dir: trial_3
  Removed old log dir: trial_2
  Removed old log dir: trial_1
/home/eng/shilo_avital/yolo_lab/walk_to_paint/optuna_run.py:147: FutureWarning: suggest_loguniform has been deprecated in v3.0.0. This feature will be removed in v6.0.0. See https://github.com/optuna/optuna/releases/tag/v3.0.0. Use suggest_float(..., log=True) instead.
  cfg.training.lr = trial.suggest_loguniform("training.lr", 1e-5, 1e-1)
/home/eng/shilo_avital/yolo_lab/walk_to_paint/optuna_run.py:148: FutureWarning: suggest_loguniform has been deprecated in v3.0.0. This feature will be removed in v6.0.0. See https://github.com/optuna/optuna/releases/tag/v3.0.0. Use suggest_float(..., log=True) instead.
  cfg.training.weight_decay = trial.suggest_loguniform(

🔬 Trial 16 hyperparameters:
  Walk length: 29, Num walks: 107,350
  LR: 1.10e-05, Batch size: 64
  Model: emb_dim=8, hidden_dim=128
  Transformer: 4 layers, 2 heads
  Epochs: 29, Weighted loss: True
Loading bitcoin-alpha-binary dataset...
Success! ✅
Splitting edges for bitcoin-alpha-binary dataset...
Success! ✅
Sampling random walks from bitcoin-alpha-binary dataset...
Success! ✅
Building tokenizer for bitcoin-alpha-binary dataset...
Success! ✅
Padding and building stage tensors for bitcoin-alpha-binary dataset...
Success! ✅
Creating DataLoaders for bitcoin-alpha-binary dataset...
Success! ✅
GPU available: True (cuda), used: True
TPU available: False, using: 0 TPU cores
HPU available: False, using: 0 HPUs
/home/eng/shilo_avital/yolo_lab/walk_to_paint/.venv/lib64/python3.9/site-packages/pytorch_lightning/callbacks/model_checkpoint.py:658: Checkpoint directory /home/eng/shilo_avital/yolo_lab/walk_to_paint/checkpoints exists and is not empty.
LOCAL_RANK: 0 - CUDA_VISIBLE_DEVICES: [3]
/home/eng/shilo_avital/yolo_lab/walk_to_paint/.venv/lib64/python3.9/site-packages/pytorch_lightning/trainer/connectors/data_connector.py:425: The 'val_dataloader' does not have many workers which may be a bottleneck. Consider increasing the value of the `num_workers` argument` to `num_workers=127` in the `DataLoader` to improve performance.
/home/eng/shilo_avital/yolo_lab/walk_to_paint/.venv/lib64/python3.9/site-packages/pytorch_lightning/trainer/connectors/data_connector.py:425: The 'train_dataloader' does not have many workers which may be a bottleneck. Consider increasing the value of the `num_workers` argument` to `num_workers=127` in the `DataLoader` to improve performance.
Metric val_auc_epoch improved. New best score: 0.504
Metric val_auc_epoch improved by 0.003 >= min_delta = 0.0. New best score: 0.507
Metric val_auc_epoch improved by 0.004 >= min_delta = 0.0. New best score: 0.511
Metric val_auc_epoch improved by 0.004 >= min_delta = 0.0. New best score: 0.515
Metric val_auc_epoch improved by 0.002 >= min_delta = 0.0. New best score: 0.517
Metric val_auc_epoch improved by 0.002 >= min_delta = 0.0. New best score: 0.519
Metric val_auc_epoch improved by 0.001 >= min_delta = 0.0. New best score: 0.520
Metric val_auc_epoch improved by 0.001 >= min_delta = 0.0. New best score: 0.521
Metric val_auc_epoch improved by 0.002 >= min_delta = 0.0. New best score: 0.523
Metric val_auc_epoch improved by 0.001 >= min_delta = 0.0. New best score: 0.524
Metric val_auc_epoch improved by 0.001 >= min_delta = 0.0. New best score: 0.525
Metric val_auc_epoch improved by 0.000 >= min_delta = 0.0. New best score: 0.525
Metric val_auc_epoch improved by 0.001 >= min_delta = 0.0. New best score: 0.527
Metric val_auc_epoch improved by 0.001 >= min_delta = 0.0. New best score: 0.528
Metric val_auc_epoch improved by 0.001 >= min_delta = 0.0. New best score: 0.528
Metric val_auc_epoch improved by 0.000 >= min_delta = 0.0. New best score: 0.528
Metric val_auc_epoch improved by 0.001 >= min_delta = 0.0. New best score: 0.529
Metric val_auc_epoch improved by 0.001 >= min_delta = 0.0. New best score: 0.530
Metric val_auc_epoch improved by 0.001 >= min_delta = 0.0. New best score: 0.531
Metric val_auc_epoch improved by 0.000 >= min_delta = 0.0. New best score: 0.531
Metric val_auc_epoch improved by 0.000 >= min_delta = 0.0. New best score: 0.531
Metric val_auc_epoch improved by 0.000 >= min_delta = 0.0. New best score: 0.531
Metric val_auc_epoch improved by 0.000 >= min_delta = 0.0. New best score: 0.532
Metric val_auc_epoch improved by 0.000 >= min_delta = 0.0. New best score: 0.532
Metric val_auc_epoch improved by 0.000 >= min_delta = 0.0. New best score: 0.532
Metric val_auc_epoch improved by 0.000 >= min_delta = 0.0. New best score: 0.532
Metric val_auc_epoch improved by 0.000 >= min_delta = 0.0. New best score: 0.532
Metric val_auc_epoch improved by 0.000 >= min_delta = 0.0. New best score: 0.532
Metric val_auc_epoch improved by 0.000 >= min_delta = 0.0. New best score: 0.532
`Trainer.fit` stopped: `max_epochs=29` reached.
Restoring states from the checkpoint path at /home/eng/shilo_avital/yolo_lab/walk_to_paint/checkpoints/trial_16-epoch=28-val_auc_epoch=0.5320.ckpt
LOCAL_RANK: 0 - CUDA_VISIBLE_DEVICES: [3]
Loaded model weights from the checkpoint at /home/eng/shilo_avital/yolo_lab/walk_to_paint/checkpoints/trial_16-epoch=28-val_auc_epoch=0.5320.ckpt
/home/eng/shilo_avital/yolo_lab/walk_to_paint/.venv/lib64/python3.9/site-packages/pytorch_lightning/trainer/connectors/data_connector.py:425: The 'val_dataloader' does not have many workers which may be a bottleneck. Consider increasing the value of the `num_workers` argument` to `num_workers=127` in the `DataLoader` to improve performance.
────────────────────────────────────────────────────────────────────────────────────────────────────────────────────────
     Validate metric           DataLoader 0
────────────────────────────────────────────────────────────────────────────────────────────────────────────────────────
      val_acc_epoch         0.5227783918380737
      val_auc_epoch         0.5319894552230835
      val_f1_epoch          0.5222738981246948
        val_loss            0.6927493810653687
────────────────────────────────────────────────────────────────────────────────────────────────────────────────────────
✅ Trial 16 completed - Val AUC: 0.5320
[I 2025-08-21 16:54:14,136] Trial 16 finished with value: -0.5319894552230835 and parameters: {'dataset.max_walk_length': 29, 'dataset.num_walks': 107350, 'training.lr': 1.1031275031594512e-05, 'training.weight_decay': 0.0008582278761498367, 'training.batch_size': 64, 'training.gradient_clip_val': 0.4254188335290626, 'training.early_stopping_patience': 13, 'model.nhead_emb_combo': 7, 'model.hidden_dim': 128, 'model.nlayers': 4, 'model.dropout': 0.4434133655430373, 'training.epochs': 29}. Best is trial 1 with value: -0.6377121806144714.
/home/eng/shilo_avital/yolo_lab/walk_to_paint/optuna_run.py:147: FutureWarning: suggest_loguniform has been deprecated in v3.0.0. This feature will be removed in v6.0.0. See https://github.com/optuna/optuna/releases/tag/v3.0.0. Use suggest_float(..., log=True) instead.
  cfg.training.lr = trial.suggest_loguniform("training.lr", 1e-5, 1e-1)
/home/eng/shilo_avital/yolo_lab/walk_to_paint/optuna_run.py:148: FutureWarning: suggest_loguniform has been deprecated in v3.0.0. This feature will be removed in v6.0.0. See https://github.com/optuna/optuna/releases/tag/v3.0.0. Use suggest_float(..., log=True) instead.
  cfg.training.weight_decay = trial.suggest_loguniform(

🔬 Trial 17 hyperparameters:
  Walk length: 61, Num walks: 212,416
  LR: 1.27e-04, Batch size: 32
  Model: emb_dim=16, hidden_dim=8
  Transformer: 3 layers, 1 heads
  Epochs: 12, Weighted loss: True
Loading bitcoin-alpha-binary dataset...
Success! ✅
Splitting edges for bitcoin-alpha-binary dataset...
Success! ✅
Sampling random walks from bitcoin-alpha-binary dataset...
Success! ✅
Building tokenizer for bitcoin-alpha-binary dataset...
Success! ✅
Padding and building stage tensors for bitcoin-alpha-binary dataset...
Success! ✅
Creating DataLoaders for bitcoin-alpha-binary dataset...
Success! ✅
/home/eng/shilo_avital/yolo_lab/walk_to_paint/.venv/lib64/python3.9/site-packages/torch/nn/modules/transformer.py:382: UserWarning: enable_nested_tensor is True, but self.use_nested_tensor is False because encoder_layer.self_attn.num_heads is odd
  warnings.warn(
GPU available: True (cuda), used: True
TPU available: False, using: 0 TPU cores
HPU available: False, using: 0 HPUs
/home/eng/shilo_avital/yolo_lab/walk_to_paint/.venv/lib64/python3.9/site-packages/pytorch_lightning/callbacks/model_checkpoint.py:658: Checkpoint directory /home/eng/shilo_avital/yolo_lab/walk_to_paint/checkpoints exists and is not empty.
LOCAL_RANK: 0 - CUDA_VISIBLE_DEVICES: [3]
/home/eng/shilo_avital/yolo_lab/walk_to_paint/.venv/lib64/python3.9/site-packages/pytorch_lightning/trainer/connectors/data_connector.py:425: The 'val_dataloader' does not have many workers which may be a bottleneck. Consider increasing the value of the `num_workers` argument` to `num_workers=127` in the `DataLoader` to improve performance.
/home/eng/shilo_avital/yolo_lab/walk_to_paint/.venv/lib64/python3.9/site-packages/pytorch_lightning/trainer/connectors/data_connector.py:425: The 'train_dataloader' does not have many workers which may be a bottleneck. Consider increasing the value of the `num_workers` argument` to `num_workers=127` in the `DataLoader` to improve performance.
Metric val_auc_epoch improved. New best score: 0.541
Metric val_auc_epoch improved by 0.004 >= min_delta = 0.0. New best score: 0.544
Metric val_auc_epoch improved by 0.004 >= min_delta = 0.0. New best score: 0.548
Metric val_auc_epoch improved by 0.003 >= min_delta = 0.0. New best score: 0.551
❌ Trial 17 failed: Trial was pruned at epoch 8.
[I 2025-08-21 17:06:30,234] Trial 17 finished with value: 0.0 and parameters: {'dataset.max_walk_length': 61, 'dataset.num_walks': 212416, 'training.lr': 0.00012701631038074037, 'training.weight_decay': 7.067292131108004e-05, 'training.batch_size': 32, 'training.gradient_clip_val': 0.8277901909240372, 'training.early_stopping_patience': 17, 'model.nhead_emb_combo': 2, 'model.hidden_dim': 8, 'model.nlayers': 3, 'model.dropout': 0.24788298779174656, 'training.epochs': 12}. Best is trial 1 with value: -0.6377121806144714.
/home/eng/shilo_avital/yolo_lab/walk_to_paint/optuna_run.py:147: FutureWarning: suggest_loguniform has been deprecated in v3.0.0. This feature will be removed in v6.0.0. See https://github.com/optuna/optuna/releases/tag/v3.0.0. Use suggest_float(..., log=True) instead.
  cfg.training.lr = trial.suggest_loguniform("training.lr", 1e-5, 1e-1)
/home/eng/shilo_avital/yolo_lab/walk_to_paint/optuna_run.py:148: FutureWarning: suggest_loguniform has been deprecated in v3.0.0. This feature will be removed in v6.0.0. See https://github.com/optuna/optuna/releases/tag/v3.0.0. Use suggest_float(..., log=True) instead.
  cfg.training.weight_decay = trial.suggest_loguniform(

🔬 Trial 18 hyperparameters:
  Walk length: 49, Num walks: 174,398
  LR: 3.64e-05, Batch size: 256
  Model: emb_dim=16, hidden_dim=64
  Transformer: 5 layers, 4 heads
  Epochs: 23, Weighted loss: True
Loading bitcoin-alpha-binary dataset...
Success! ✅
Splitting edges for bitcoin-alpha-binary dataset...
Success! ✅
Sampling random walks from bitcoin-alpha-binary dataset...
Success! ✅
Building tokenizer for bitcoin-alpha-binary dataset...
Success! ✅
Padding and building stage tensors for bitcoin-alpha-binary dataset...
Success! ✅
Creating DataLoaders for bitcoin-alpha-binary dataset...
Success! ✅
GPU available: True (cuda), used: True
TPU available: False, using: 0 TPU cores
HPU available: False, using: 0 HPUs
/home/eng/shilo_avital/yolo_lab/walk_to_paint/.venv/lib64/python3.9/site-packages/pytorch_lightning/callbacks/model_checkpoint.py:658: Checkpoint directory /home/eng/shilo_avital/yolo_lab/walk_to_paint/checkpoints exists and is not empty.
LOCAL_RANK: 0 - CUDA_VISIBLE_DEVICES: [3]
/home/eng/shilo_avital/yolo_lab/walk_to_paint/.venv/lib64/python3.9/site-packages/pytorch_lightning/trainer/connectors/data_connector.py:425: The 'val_dataloader' does not have many workers which may be a bottleneck. Consider increasing the value of the `num_workers` argument` to `num_workers=127` in the `DataLoader` to improve performance.
/home/eng/shilo_avital/yolo_lab/walk_to_paint/.venv/lib64/python3.9/site-packages/pytorch_lightning/trainer/connectors/data_connector.py:425: The 'train_dataloader' does not have many workers which may be a bottleneck. Consider increasing the value of the `num_workers` argument` to `num_workers=127` in the `DataLoader` to improve performance.
Metric val_auc_epoch improved. New best score: 0.506
Metric val_auc_epoch improved by 0.014 >= min_delta = 0.0. New best score: 0.520
Metric val_auc_epoch improved by 0.011 >= min_delta = 0.0. New best score: 0.531
Metric val_auc_epoch improved by 0.008 >= min_delta = 0.0. New best score: 0.539
Metric val_auc_epoch improved by 0.005 >= min_delta = 0.0. New best score: 0.544
Metric val_auc_epoch improved by 0.002 >= min_delta = 0.0. New best score: 0.547
Metric val_auc_epoch improved by 0.001 >= min_delta = 0.0. New best score: 0.548
Metric val_auc_epoch improved by 0.000 >= min_delta = 0.0. New best score: 0.548
Metric val_auc_epoch improved by 0.000 >= min_delta = 0.0. New best score: 0.548
Metric val_auc_epoch improved by 0.000 >= min_delta = 0.0. New best score: 0.548
Metric val_auc_epoch improved by 0.000 >= min_delta = 0.0. New best score: 0.549
Metric val_auc_epoch improved by 0.000 >= min_delta = 0.0. New best score: 0.549
Metric val_auc_epoch improved by 0.000 >= min_delta = 0.0. New best score: 0.549
Metric val_auc_epoch improved by 0.000 >= min_delta = 0.0. New best score: 0.549
Metric val_auc_epoch improved by 0.000 >= min_delta = 0.0. New best score: 0.549
Metric val_auc_epoch improved by 0.000 >= min_delta = 0.0. New best score: 0.549
Metric val_auc_epoch improved by 0.000 >= min_delta = 0.0. New best score: 0.549
Metric val_auc_epoch improved by 0.000 >= min_delta = 0.0. New best score: 0.549
Metric val_auc_epoch improved by 0.000 >= min_delta = 0.0. New best score: 0.549
Metric val_auc_epoch improved by 0.000 >= min_delta = 0.0. New best score: 0.549
Metric val_auc_epoch improved by 0.000 >= min_delta = 0.0. New best score: 0.549
Metric val_auc_epoch improved by 0.000 >= min_delta = 0.0. New best score: 0.549
`Trainer.fit` stopped: `max_epochs=23` reached.
Restoring states from the checkpoint path at /home/eng/shilo_avital/yolo_lab/walk_to_paint/checkpoints/trial_18-epoch=22-val_auc_epoch=0.5494.ckpt
LOCAL_RANK: 0 - CUDA_VISIBLE_DEVICES: [3]
Loaded model weights from the checkpoint at /home/eng/shilo_avital/yolo_lab/walk_to_paint/checkpoints/trial_18-epoch=22-val_auc_epoch=0.5494.ckpt
/home/eng/shilo_avital/yolo_lab/walk_to_paint/.venv/lib64/python3.9/site-packages/pytorch_lightning/trainer/connectors/data_connector.py:425: The 'val_dataloader' does not have many workers which may be a bottleneck. Consider increasing the value of the `num_workers` argument` to `num_workers=127` in the `DataLoader` to improve performance.
────────────────────────────────────────────────────────────────────────────────────────────────────────────────────────
     Validate metric           DataLoader 0
────────────────────────────────────────────────────────────────────────────────────────────────────────────────────────
      val_acc_epoch          0.532688558101654
      val_auc_epoch          0.549405574798584
      val_f1_epoch          0.5279592275619507
        val_loss            0.6874112486839294
────────────────────────────────────────────────────────────────────────────────────────────────────────────────────────
✅ Trial 18 completed - Val AUC: 0.5494
