[I 2025-08-22 18:39:22,626] Trial 203 finished with value: -0.5677876472473145 and parameters: {'dataset.max_walk_length': 17, 'dataset.num_walks': 211964, 'training.lr': 4.4673576428767664e-05, 'training.weight_decay': 0.0042735912422554884, 'training.batch_size': 64, 'training.gradient_clip_val': 0.9972799360451313, 'training.early_stopping_patience': 5, 'model.nhead_emb_combo': 18, 'model.hidden_dim': 16, 'model.nlayers': 2, 'model.dropout': 0.5612361232694721, 'training.epochs': 28}. Best is trial 1 with value: -0.6377121806144714.
/home/eng/shilo_avital/yolo_lab/walk_to_paint/optuna_run.py:147: FutureWarning: suggest_loguniform has been deprecated in v3.0.0. This feature will be removed in v6.0.0. See https://github.com/optuna/optuna/releases/tag/v3.0.0. Use suggest_float(..., log=True) instead.
  cfg.training.lr = trial.suggest_loguniform("training.lr", 1e-5, 1e-1)
/home/eng/shilo_avital/yolo_lab/walk_to_paint/optuna_run.py:148: FutureWarning: suggest_loguniform has been deprecated in v3.0.0. This feature will be removed in v6.0.0. See https://github.com/optuna/optuna/releases/tag/v3.0.0. Use suggest_float(..., log=True) instead.
  cfg.training.weight_decay = trial.suggest_loguniform(

🔬 Trial 204 hyperparameters:
  Walk length: 17, Num walks: 234,015
  LR: 6.44e-05, Batch size: 64
  Model: emb_dim=16, hidden_dim=16
  Transformer: 2 layers, 8 heads
  Epochs: 28, Weighted loss: True
Loading bitcoin-alpha-binary dataset...
Success! ✅
Splitting edges for bitcoin-alpha-binary dataset...
Success! ✅
Sampling random walks from bitcoin-alpha-binary dataset...
Success! ✅
Building tokenizer for bitcoin-alpha-binary dataset...
Success! ✅
Padding and building stage tensors for bitcoin-alpha-binary dataset...
Success! ✅
Creating DataLoaders for bitcoin-alpha-binary dataset...
Success! ✅
GPU available: True (cuda), used: True
TPU available: False, using: 0 TPU cores
HPU available: False, using: 0 HPUs
/home/eng/shilo_avital/yolo_lab/walk_to_paint/.venv/lib64/python3.9/site-packages/pytorch_lightning/callbacks/model_checkpoint.py:658: Checkpoint directory /home/eng/shilo_avital/yolo_lab/walk_to_paint/checkpoints exists and is not empty.
LOCAL_RANK: 0 - CUDA_VISIBLE_DEVICES: [3]
/home/eng/shilo_avital/yolo_lab/walk_to_paint/.venv/lib64/python3.9/site-packages/pytorch_lightning/trainer/connectors/data_connector.py:425: The 'val_dataloader' does not have many workers which may be a bottleneck. Consider increasing the value of the `num_workers` argument` to `num_workers=127` in the `DataLoader` to improve performance.
/home/eng/shilo_avital/yolo_lab/walk_to_paint/.venv/lib64/python3.9/site-packages/pytorch_lightning/trainer/connectors/data_connector.py:425: The 'train_dataloader' does not have many workers which may be a bottleneck. Consider increasing the value of the `num_workers` argument` to `num_workers=127` in the `DataLoader` to improve performance.
Metric val_auc_epoch improved. New best score: 0.521
Metric val_auc_epoch improved by 0.029 >= min_delta = 0.0. New best score: 0.550
Metric val_auc_epoch improved by 0.006 >= min_delta = 0.0. New best score: 0.556
Metric val_auc_epoch improved by 0.001 >= min_delta = 0.0. New best score: 0.557
Metric val_auc_epoch improved by 0.000 >= min_delta = 0.0. New best score: 0.557
Monitored metric val_auc_epoch did not improve in the last 5 records. Best score: 0.557. Signaling Trainer to stop.
Restoring states from the checkpoint path at /home/eng/shilo_avital/yolo_lab/walk_to_paint/checkpoints/trial_204-epoch=04-val_auc_epoch=0.5574.ckpt
LOCAL_RANK: 0 - CUDA_VISIBLE_DEVICES: [3]
Loaded model weights from the checkpoint at /home/eng/shilo_avital/yolo_lab/walk_to_paint/checkpoints/trial_204-epoch=04-val_auc_epoch=0.5574.ckpt
/home/eng/shilo_avital/yolo_lab/walk_to_paint/.venv/lib64/python3.9/site-packages/pytorch_lightning/trainer/connectors/data_connector.py:425: The 'val_dataloader' does not have many workers which may be a bottleneck. Consider increasing the value of the `num_workers` argument` to `num_workers=127` in the `DataLoader` to improve performance.
────────────────────────────────────────────────────────────────────────────────────────────────────────────────────────
     Validate metric           DataLoader 0
────────────────────────────────────────────────────────────────────────────────────────────────────────────────────────
      val_acc_epoch         0.5392123460769653
      val_auc_epoch         0.5574060678482056
      val_f1_epoch          0.5375397801399231
        val_loss            0.6901274919509888
────────────────────────────────────────────────────────────────────────────────────────────────────────────────────────
✅ Trial 204 completed - Val AUC: 0.5574
[I 2025-08-22 18:46:07,711] Trial 204 finished with value: -0.5574060678482056 and parameters: {'dataset.max_walk_length': 17, 'dataset.num_walks': 234015, 'training.lr': 6.43516972358281e-05, 'training.weight_decay': 0.0032937098258133887, 'training.batch_size': 64, 'training.gradient_clip_val': 1.5120263742183302, 'training.early_stopping_patience': 5, 'model.nhead_emb_combo': 19, 'model.hidden_dim': 16, 'model.nlayers': 2, 'model.dropout': 0.559791707038268, 'training.epochs': 28}. Best is trial 1 with value: -0.6377121806144714.
/home/eng/shilo_avital/yolo_lab/walk_to_paint/optuna_run.py:147: FutureWarning: suggest_loguniform has been deprecated in v3.0.0. This feature will be removed in v6.0.0. See https://github.com/optuna/optuna/releases/tag/v3.0.0. Use suggest_float(..., log=True) instead.
  cfg.training.lr = trial.suggest_loguniform("training.lr", 1e-5, 1e-1)
/home/eng/shilo_avital/yolo_lab/walk_to_paint/optuna_run.py:148: FutureWarning: suggest_loguniform has been deprecated in v3.0.0. This feature will be removed in v6.0.0. See https://github.com/optuna/optuna/releases/tag/v3.0.0. Use suggest_float(..., log=True) instead.
  cfg.training.weight_decay = trial.suggest_loguniform(

🔬 Trial 205 hyperparameters:
  Walk length: 14, Num walks: 206,968
  LR: 4.44e-05, Batch size: 64
  Model: emb_dim=128, hidden_dim=16
  Transformer: 2 layers, 4 heads
  Epochs: 27, Weighted loss: True
Loading bitcoin-alpha-binary dataset...
Success! ✅
Splitting edges for bitcoin-alpha-binary dataset...
Success! ✅
Sampling random walks from bitcoin-alpha-binary dataset...
Success! ✅
Building tokenizer for bitcoin-alpha-binary dataset...
Success! ✅
Padding and building stage tensors for bitcoin-alpha-binary dataset...
Success! ✅
Creating DataLoaders for bitcoin-alpha-binary dataset...
Success! ✅
GPU available: True (cuda), used: True
TPU available: False, using: 0 TPU cores
HPU available: False, using: 0 HPUs
/home/eng/shilo_avital/yolo_lab/walk_to_paint/.venv/lib64/python3.9/site-packages/pytorch_lightning/callbacks/model_checkpoint.py:658: Checkpoint directory /home/eng/shilo_avital/yolo_lab/walk_to_paint/checkpoints exists and is not empty.
LOCAL_RANK: 0 - CUDA_VISIBLE_DEVICES: [3]
/home/eng/shilo_avital/yolo_lab/walk_to_paint/.venv/lib64/python3.9/site-packages/pytorch_lightning/trainer/connectors/data_connector.py:425: The 'val_dataloader' does not have many workers which may be a bottleneck. Consider increasing the value of the `num_workers` argument` to `num_workers=127` in the `DataLoader` to improve performance.
/home/eng/shilo_avital/yolo_lab/walk_to_paint/.venv/lib64/python3.9/site-packages/pytorch_lightning/trainer/connectors/data_connector.py:425: The 'train_dataloader' does not have many workers which may be a bottleneck. Consider increasing the value of the `num_workers` argument` to `num_workers=127` in the `DataLoader` to improve performance.
Metric val_auc_epoch improved. New best score: 0.582
Metric val_auc_epoch improved by 0.008 >= min_delta = 0.0. New best score: 0.590
Metric val_auc_epoch improved by 0.011 >= min_delta = 0.0. New best score: 0.601
Metric val_auc_epoch improved by 0.010 >= min_delta = 0.0. New best score: 0.611
Metric val_auc_epoch improved by 0.005 >= min_delta = 0.0. New best score: 0.617
❌ Trial 205 failed: Trial was pruned at epoch 5.
[I 2025-08-22 18:49:36,136] Trial 205 finished with value: 0.0 and parameters: {'dataset.max_walk_length': 14, 'dataset.num_walks': 206968, 'training.lr': 4.437485768974806e-05, 'training.weight_decay': 0.006795015074346093, 'training.batch_size': 64, 'training.gradient_clip_val': 0.9831373731636568, 'training.early_stopping_patience': 5, 'model.nhead_emb_combo': 17, 'model.hidden_dim': 16, 'model.nlayers': 2, 'model.dropout': 0.5442640935999264, 'training.epochs': 27}. Best is trial 1 with value: -0.6377121806144714.
🧹 Cleaning up old checkpoints and logs (keeping top 10)...
  Removed old checkpoint: trial_195-epoch=02-val_auc_epoch=0.5688.ckpt
  Removed old checkpoint: trial_194-epoch=15-val_auc_epoch=0.5624.ckpt
  Removed old checkpoint: trial_193-epoch=14-val_auc_epoch=0.5489.ckpt
  Removed old checkpoint: trial_192-epoch=13-val_auc_epoch=0.5653.ckpt
  Removed old checkpoint: trial_191-epoch=04-val_auc_epoch=0.5535.ckpt
  Removed old log dir: trial_195
  Removed old log dir: trial_194
  Removed old log dir: trial_193
  Removed old log dir: trial_192
  Removed old log dir: trial_191
/home/eng/shilo_avital/yolo_lab/walk_to_paint/optuna_run.py:147: FutureWarning: suggest_loguniform has been deprecated in v3.0.0. This feature will be removed in v6.0.0. See https://github.com/optuna/optuna/releases/tag/v3.0.0. Use suggest_float(..., log=True) instead.
  cfg.training.lr = trial.suggest_loguniform("training.lr", 1e-5, 1e-1)
/home/eng/shilo_avital/yolo_lab/walk_to_paint/optuna_run.py:148: FutureWarning: suggest_loguniform has been deprecated in v3.0.0. This feature will be removed in v6.0.0. See https://github.com/optuna/optuna/releases/tag/v3.0.0. Use suggest_float(..., log=True) instead.
  cfg.training.weight_decay = trial.suggest_loguniform(

🔬 Trial 206 hyperparameters:
  Walk length: 16, Num walks: 266,039
  LR: 5.03e-05, Batch size: 64
  Model: emb_dim=32, hidden_dim=16
  Transformer: 2 layers, 4 heads
  Epochs: 28, Weighted loss: True
Loading bitcoin-alpha-binary dataset...
Success! ✅
Splitting edges for bitcoin-alpha-binary dataset...
Success! ✅
Sampling random walks from bitcoin-alpha-binary dataset...
Success! ✅
Building tokenizer for bitcoin-alpha-binary dataset...
Success! ✅
Padding and building stage tensors for bitcoin-alpha-binary dataset...
Success! ✅
Creating DataLoaders for bitcoin-alpha-binary dataset...
Success! ✅
GPU available: True (cuda), used: True
TPU available: False, using: 0 TPU cores
HPU available: False, using: 0 HPUs
/home/eng/shilo_avital/yolo_lab/walk_to_paint/.venv/lib64/python3.9/site-packages/pytorch_lightning/callbacks/model_checkpoint.py:658: Checkpoint directory /home/eng/shilo_avital/yolo_lab/walk_to_paint/checkpoints exists and is not empty.
LOCAL_RANK: 0 - CUDA_VISIBLE_DEVICES: [3]
/home/eng/shilo_avital/yolo_lab/walk_to_paint/.venv/lib64/python3.9/site-packages/pytorch_lightning/trainer/connectors/data_connector.py:425: The 'val_dataloader' does not have many workers which may be a bottleneck. Consider increasing the value of the `num_workers` argument` to `num_workers=127` in the `DataLoader` to improve performance.
/home/eng/shilo_avital/yolo_lab/walk_to_paint/.venv/lib64/python3.9/site-packages/pytorch_lightning/trainer/connectors/data_connector.py:425: The 'train_dataloader' does not have many workers which may be a bottleneck. Consider increasing the value of the `num_workers` argument` to `num_workers=127` in the `DataLoader` to improve performance.
Metric val_auc_epoch improved. New best score: 0.560
Metric val_auc_epoch improved by 0.004 >= min_delta = 0.0. New best score: 0.565
Metric val_auc_epoch improved by 0.000 >= min_delta = 0.0. New best score: 0.565
❌ Trial 206 failed: Trial was pruned at epoch 5.
[I 2025-08-22 18:54:12,791] Trial 206 finished with value: 0.0 and parameters: {'dataset.max_walk_length': 16, 'dataset.num_walks': 266039, 'training.lr': 5.033606522584245e-05, 'training.weight_decay': 0.004008996508390304, 'training.batch_size': 64, 'training.gradient_clip_val': 0.7618304042363608, 'training.early_stopping_patience': 5, 'model.nhead_emb_combo': 15, 'model.hidden_dim': 16, 'model.nlayers': 2, 'model.dropout': 0.5330978555780184, 'training.epochs': 28}. Best is trial 1 with value: -0.6377121806144714.
/home/eng/shilo_avital/yolo_lab/walk_to_paint/optuna_run.py:147: FutureWarning: suggest_loguniform has been deprecated in v3.0.0. This feature will be removed in v6.0.0. See https://github.com/optuna/optuna/releases/tag/v3.0.0. Use suggest_float(..., log=True) instead.
  cfg.training.lr = trial.suggest_loguniform("training.lr", 1e-5, 1e-1)
/home/eng/shilo_avital/yolo_lab/walk_to_paint/optuna_run.py:148: FutureWarning: suggest_loguniform has been deprecated in v3.0.0. This feature will be removed in v6.0.0. See https://github.com/optuna/optuna/releases/tag/v3.0.0. Use suggest_float(..., log=True) instead.
  cfg.training.weight_decay = trial.suggest_loguniform(

🔬 Trial 207 hyperparameters:
  Walk length: 20, Num walks: 199,515
  LR: 1.51e-04, Batch size: 64
  Model: emb_dim=8, hidden_dim=16
  Transformer: 2 layers, 8 heads
  Epochs: 29, Weighted loss: True
Loading bitcoin-alpha-binary dataset...
Success! ✅
Splitting edges for bitcoin-alpha-binary dataset...
Success! ✅
Sampling random walks from bitcoin-alpha-binary dataset...
Success! ✅
Building tokenizer for bitcoin-alpha-binary dataset...
Success! ✅
Padding and building stage tensors for bitcoin-alpha-binary dataset...
Success! ✅
Creating DataLoaders for bitcoin-alpha-binary dataset...
Success! ✅
GPU available: True (cuda), used: True
TPU available: False, using: 0 TPU cores
HPU available: False, using: 0 HPUs
/home/eng/shilo_avital/yolo_lab/walk_to_paint/.venv/lib64/python3.9/site-packages/pytorch_lightning/callbacks/model_checkpoint.py:658: Checkpoint directory /home/eng/shilo_avital/yolo_lab/walk_to_paint/checkpoints exists and is not empty.
LOCAL_RANK: 0 - CUDA_VISIBLE_DEVICES: [3]
/home/eng/shilo_avital/yolo_lab/walk_to_paint/.venv/lib64/python3.9/site-packages/pytorch_lightning/trainer/connectors/data_connector.py:425: The 'val_dataloader' does not have many workers which may be a bottleneck. Consider increasing the value of the `num_workers` argument` to `num_workers=127` in the `DataLoader` to improve performance.
/home/eng/shilo_avital/yolo_lab/walk_to_paint/.venv/lib64/python3.9/site-packages/pytorch_lightning/trainer/connectors/data_connector.py:425: The 'train_dataloader' does not have many workers which may be a bottleneck. Consider increasing the value of the `num_workers` argument` to `num_workers=127` in the `DataLoader` to improve performance.
Metric val_auc_epoch improved. New best score: 0.544
Metric val_auc_epoch improved by 0.007 >= min_delta = 0.0. New best score: 0.551
Monitored metric val_auc_epoch did not improve in the last 5 records. Best score: 0.551. Signaling Trainer to stop.
Restoring states from the checkpoint path at /home/eng/shilo_avital/yolo_lab/walk_to_paint/checkpoints/trial_207-epoch=01-val_auc_epoch=0.5513.ckpt
LOCAL_RANK: 0 - CUDA_VISIBLE_DEVICES: [3]
Loaded model weights from the checkpoint at /home/eng/shilo_avital/yolo_lab/walk_to_paint/checkpoints/trial_207-epoch=01-val_auc_epoch=0.5513.ckpt
/home/eng/shilo_avital/yolo_lab/walk_to_paint/.venv/lib64/python3.9/site-packages/pytorch_lightning/trainer/connectors/data_connector.py:425: The 'val_dataloader' does not have many workers which may be a bottleneck. Consider increasing the value of the `num_workers` argument` to `num_workers=127` in the `DataLoader` to improve performance.
────────────────────────────────────────────────────────────────────────────────────────────────────────────────────────
     Validate metric           DataLoader 0
────────────────────────────────────────────────────────────────────────────────────────────────────────────────────────
      val_acc_epoch         0.5356206893920898
      val_auc_epoch         0.5512521862983704
      val_f1_epoch          0.5340805053710938
        val_loss            0.6895450353622437
────────────────────────────────────────────────────────────────────────────────────────────────────────────────────────
✅ Trial 207 completed - Val AUC: 0.5513
[I 2025-08-22 18:58:38,442] Trial 207 finished with value: -0.5512521862983704 and parameters: {'dataset.max_walk_length': 20, 'dataset.num_walks': 199515, 'training.lr': 0.00015084681762023782, 'training.weight_decay': 0.001512888820433281, 'training.batch_size': 64, 'training.gradient_clip_val': 1.7677926348726258, 'training.early_stopping_patience': 5, 'model.nhead_emb_combo': 18, 'model.hidden_dim': 16, 'model.nlayers': 2, 'model.dropout': 0.5031116202107062, 'training.epochs': 29}. Best is trial 1 with value: -0.6377121806144714.
/home/eng/shilo_avital/yolo_lab/walk_to_paint/optuna_run.py:147: FutureWarning: suggest_loguniform has been deprecated in v3.0.0. This feature will be removed in v6.0.0. See https://github.com/optuna/optuna/releases/tag/v3.0.0. Use suggest_float(..., log=True) instead.
  cfg.training.lr = trial.suggest_loguniform("training.lr", 1e-5, 1e-1)
/home/eng/shilo_avital/yolo_lab/walk_to_paint/optuna_run.py:148: FutureWarning: suggest_loguniform has been deprecated in v3.0.0. This feature will be removed in v6.0.0. See https://github.com/optuna/optuna/releases/tag/v3.0.0. Use suggest_float(..., log=True) instead.
  cfg.training.weight_decay = trial.suggest_loguniform(

🔬 Trial 208 hyperparameters:
  Walk length: 84, Num walks: 222,360
  LR: 7.21e-04, Batch size: 64
  Model: emb_dim=32, hidden_dim=16
  Transformer: 5 layers, 8 heads
  Epochs: 28, Weighted loss: True
Loading bitcoin-alpha-binary dataset...
Success! ✅
Splitting edges for bitcoin-alpha-binary dataset...
Success! ✅
Sampling random walks from bitcoin-alpha-binary dataset...
Success! ✅
Building tokenizer for bitcoin-alpha-binary dataset...
Success! ✅
Padding and building stage tensors for bitcoin-alpha-binary dataset...
Success! ✅
Creating DataLoaders for bitcoin-alpha-binary dataset...
Success! ✅
GPU available: True (cuda), used: True
TPU available: False, using: 0 TPU cores
HPU available: False, using: 0 HPUs
/home/eng/shilo_avital/yolo_lab/walk_to_paint/.venv/lib64/python3.9/site-packages/pytorch_lightning/callbacks/model_checkpoint.py:658: Checkpoint directory /home/eng/shilo_avital/yolo_lab/walk_to_paint/checkpoints exists and is not empty.
LOCAL_RANK: 0 - CUDA_VISIBLE_DEVICES: [3]
/home/eng/shilo_avital/yolo_lab/walk_to_paint/.venv/lib64/python3.9/site-packages/pytorch_lightning/trainer/connectors/data_connector.py:425: The 'val_dataloader' does not have many workers which may be a bottleneck. Consider increasing the value of the `num_workers` argument` to `num_workers=127` in the `DataLoader` to improve performance.
/home/eng/shilo_avital/yolo_lab/walk_to_paint/.venv/lib64/python3.9/site-packages/pytorch_lightning/trainer/connectors/data_connector.py:425: The 'train_dataloader' does not have many workers which may be a bottleneck. Consider increasing the value of the `num_workers` argument` to `num_workers=127` in the `DataLoader` to improve performance.
Metric val_auc_epoch improved. New best score: 0.549
Metric val_auc_epoch improved by 0.025 >= min_delta = 0.0. New best score: 0.574
Metric val_auc_epoch improved by 0.017 >= min_delta = 0.0. New best score: 0.590
Metric val_auc_epoch improved by 0.013 >= min_delta = 0.0. New best score: 0.603
Metric val_auc_epoch improved by 0.011 >= min_delta = 0.0. New best score: 0.614
Metric val_auc_epoch improved by 0.008 >= min_delta = 0.0. New best score: 0.622
Metric val_auc_epoch improved by 0.002 >= min_delta = 0.0. New best score: 0.625
Metric val_auc_epoch improved by 0.005 >= min_delta = 0.0. New best score: 0.630
Metric val_auc_epoch improved by 0.004 >= min_delta = 0.0. New best score: 0.634
Metric val_auc_epoch improved by 0.001 >= min_delta = 0.0. New best score: 0.635
Metric val_auc_epoch improved by 0.000 >= min_delta = 0.0. New best score: 0.635
Metric val_auc_epoch improved by 0.001 >= min_delta = 0.0. New best score: 0.636
Metric val_auc_epoch improved by 0.001 >= min_delta = 0.0. New best score: 0.638
Metric val_auc_epoch improved by 0.001 >= min_delta = 0.0. New best score: 0.639
Metric val_auc_epoch improved by 0.000 >= min_delta = 0.0. New best score: 0.639
Metric val_auc_epoch improved by 0.000 >= min_delta = 0.0. New best score: 0.639
Monitored metric val_auc_epoch did not improve in the last 5 records. Best score: 0.639. Signaling Trainer to stop.
Restoring states from the checkpoint path at /home/eng/shilo_avital/yolo_lab/walk_to_paint/checkpoints/trial_208-epoch=19-val_auc_epoch=0.6391.ckpt
LOCAL_RANK: 0 - CUDA_VISIBLE_DEVICES: [3]
Loaded model weights from the checkpoint at /home/eng/shilo_avital/yolo_lab/walk_to_paint/checkpoints/trial_208-epoch=19-val_auc_epoch=0.6391.ckpt
/home/eng/shilo_avital/yolo_lab/walk_to_paint/.venv/lib64/python3.9/site-packages/pytorch_lightning/trainer/connectors/data_connector.py:425: The 'val_dataloader' does not have many workers which may be a bottleneck. Consider increasing the value of the `num_workers` argument` to `num_workers=127` in the `DataLoader` to improve performance.
────────────────────────────────────────────────────────────────────────────────────────────────────────────────────────
     Validate metric           DataLoader 0
────────────────────────────────────────────────────────────────────────────────────────────────────────────────────────
      val_acc_epoch         0.6009341478347778
      val_auc_epoch         0.6390637159347534
      val_f1_epoch          0.5956357717514038
        val_loss            1.3610291481018066
────────────────────────────────────────────────────────────────────────────────────────────────────────────────────────
✅ Trial 208 completed - Val AUC: 0.6391
