[I 2025-08-22 18:03:24,747] Trial 200 finished with value: 0.0 and parameters: {'dataset.max_walk_length': 24, 'dataset.num_walks': 194758, 'training.lr': 2.9218431896382733e-05, 'training.weight_decay': 0.05736902221710343, 'training.batch_size': 64, 'training.gradient_clip_val': 1.9928955662246477, 'training.early_stopping_patience': 15, 'model.nhead_emb_combo': 5, 'model.hidden_dim': 16, 'model.nlayers': 2, 'model.dropout': 0.475771266692967, 'training.epochs': 29}. Best is trial 1 with value: -0.6377121806144714.
🧹 Cleaning up old checkpoints and logs (keeping top 10)...
  Removed old checkpoint: trial_190-epoch=25-val_auc_epoch=0.5494.ckpt
  Removed old checkpoint: trial_189-epoch=04-val_auc_epoch=0.5894.ckpt
  Removed old checkpoint: trial_188-epoch=04-val_auc_epoch=0.6245.ckpt
  Removed old checkpoint: trial_187-epoch=19-val_auc_epoch=0.5555.ckpt
  Removed old checkpoint: trial_186-epoch=15-val_auc_epoch=0.5523.ckpt
  Removed old log dir: trial_190
  Removed old log dir: trial_189
  Removed old log dir: trial_188
  Removed old log dir: trial_187
  Removed old log dir: trial_186
/home/eng/shilo_avital/yolo_lab/walk_to_paint/optuna_run.py:147: FutureWarning: suggest_loguniform has been deprecated in v3.0.0. This feature will be removed in v6.0.0. See https://github.com/optuna/optuna/releases/tag/v3.0.0. Use suggest_float(..., log=True) instead.
  cfg.training.lr = trial.suggest_loguniform("training.lr", 1e-5, 1e-1)
/home/eng/shilo_avital/yolo_lab/walk_to_paint/optuna_run.py:148: FutureWarning: suggest_loguniform has been deprecated in v3.0.0. This feature will be removed in v6.0.0. See https://github.com/optuna/optuna/releases/tag/v3.0.0. Use suggest_float(..., log=True) instead.
  cfg.training.weight_decay = trial.suggest_loguniform(

🔬 Trial 201 hyperparameters:
  Walk length: 14, Num walks: 212,057
  LR: 4.93e-05, Batch size: 64
  Model: emb_dim=8, hidden_dim=16
  Transformer: 2 layers, 1 heads
  Epochs: 28, Weighted loss: True
Loading bitcoin-alpha-binary dataset...
Success! ✅
Splitting edges for bitcoin-alpha-binary dataset...
Success! ✅
Sampling random walks from bitcoin-alpha-binary dataset...
Success! ✅
Building tokenizer for bitcoin-alpha-binary dataset...
Success! ✅
Padding and building stage tensors for bitcoin-alpha-binary dataset...
Success! ✅
Creating DataLoaders for bitcoin-alpha-binary dataset...
Success! ✅
/home/eng/shilo_avital/yolo_lab/walk_to_paint/.venv/lib64/python3.9/site-packages/torch/nn/modules/transformer.py:382: UserWarning: enable_nested_tensor is True, but self.use_nested_tensor is False because encoder_layer.self_attn.num_heads is odd
  warnings.warn(
GPU available: True (cuda), used: True
TPU available: False, using: 0 TPU cores
HPU available: False, using: 0 HPUs
/home/eng/shilo_avital/yolo_lab/walk_to_paint/.venv/lib64/python3.9/site-packages/pytorch_lightning/callbacks/model_checkpoint.py:658: Checkpoint directory /home/eng/shilo_avital/yolo_lab/walk_to_paint/checkpoints exists and is not empty.
LOCAL_RANK: 0 - CUDA_VISIBLE_DEVICES: [3]
/home/eng/shilo_avital/yolo_lab/walk_to_paint/.venv/lib64/python3.9/site-packages/pytorch_lightning/trainer/connectors/data_connector.py:425: The 'val_dataloader' does not have many workers which may be a bottleneck. Consider increasing the value of the `num_workers` argument` to `num_workers=127` in the `DataLoader` to improve performance.
/home/eng/shilo_avital/yolo_lab/walk_to_paint/.venv/lib64/python3.9/site-packages/pytorch_lightning/trainer/connectors/data_connector.py:425: The 'train_dataloader' does not have many workers which may be a bottleneck. Consider increasing the value of the `num_workers` argument` to `num_workers=127` in the `DataLoader` to improve performance.
Metric val_auc_epoch improved. New best score: 0.516
Metric val_auc_epoch improved by 0.007 >= min_delta = 0.0. New best score: 0.523
Metric val_auc_epoch improved by 0.010 >= min_delta = 0.0. New best score: 0.533
Metric val_auc_epoch improved by 0.011 >= min_delta = 0.0. New best score: 0.544
Metric val_auc_epoch improved by 0.012 >= min_delta = 0.0. New best score: 0.556
Metric val_auc_epoch improved by 0.008 >= min_delta = 0.0. New best score: 0.564
Metric val_auc_epoch improved by 0.004 >= min_delta = 0.0. New best score: 0.568
Metric val_auc_epoch improved by 0.002 >= min_delta = 0.0. New best score: 0.570
Metric val_auc_epoch improved by 0.001 >= min_delta = 0.0. New best score: 0.571
Metric val_auc_epoch improved by 0.000 >= min_delta = 0.0. New best score: 0.572
Monitored metric val_auc_epoch did not improve in the last 5 records. Best score: 0.572. Signaling Trainer to stop.
Restoring states from the checkpoint path at /home/eng/shilo_avital/yolo_lab/walk_to_paint/checkpoints/trial_201-epoch=09-val_auc_epoch=0.5716.ckpt
LOCAL_RANK: 0 - CUDA_VISIBLE_DEVICES: [3]
Loaded model weights from the checkpoint at /home/eng/shilo_avital/yolo_lab/walk_to_paint/checkpoints/trial_201-epoch=09-val_auc_epoch=0.5716.ckpt
/home/eng/shilo_avital/yolo_lab/walk_to_paint/.venv/lib64/python3.9/site-packages/pytorch_lightning/trainer/connectors/data_connector.py:425: The 'val_dataloader' does not have many workers which may be a bottleneck. Consider increasing the value of the `num_workers` argument` to `num_workers=127` in the `DataLoader` to improve performance.
────────────────────────────────────────────────────────────────────────────────────────────────────────────────────────
     Validate metric           DataLoader 0
────────────────────────────────────────────────────────────────────────────────────────────────────────────────────────
      val_acc_epoch         0.5497798919677734
      val_auc_epoch          0.571556031703949
      val_f1_epoch          0.5492871403694153
        val_loss             0.68595290184021
────────────────────────────────────────────────────────────────────────────────────────────────────────────────────────
✅ Trial 201 completed - Val AUC: 0.5716
[I 2025-08-22 18:12:04,122] Trial 201 finished with value: -0.571556031703949 and parameters: {'dataset.max_walk_length': 14, 'dataset.num_walks': 212057, 'training.lr': 4.92698579972828e-05, 'training.weight_decay': 0.007683393907745039, 'training.batch_size': 64, 'training.gradient_clip_val': 1.8140776257285758, 'training.early_stopping_patience': 5, 'model.nhead_emb_combo': 1, 'model.hidden_dim': 16, 'model.nlayers': 2, 'model.dropout': 0.5803225152948104, 'training.epochs': 28}. Best is trial 1 with value: -0.6377121806144714.
/home/eng/shilo_avital/yolo_lab/walk_to_paint/optuna_run.py:147: FutureWarning: suggest_loguniform has been deprecated in v3.0.0. This feature will be removed in v6.0.0. See https://github.com/optuna/optuna/releases/tag/v3.0.0. Use suggest_float(..., log=True) instead.
  cfg.training.lr = trial.suggest_loguniform("training.lr", 1e-5, 1e-1)
/home/eng/shilo_avital/yolo_lab/walk_to_paint/optuna_run.py:148: FutureWarning: suggest_loguniform has been deprecated in v3.0.0. This feature will be removed in v6.0.0. See https://github.com/optuna/optuna/releases/tag/v3.0.0. Use suggest_float(..., log=True) instead.
  cfg.training.weight_decay = trial.suggest_loguniform(

🔬 Trial 202 hyperparameters:
  Walk length: 77, Num walks: 292,895
  LR: 5.58e-05, Batch size: 64
  Model: emb_dim=8, hidden_dim=16
  Transformer: 2 layers, 1 heads
  Epochs: 28, Weighted loss: True
Loading bitcoin-alpha-binary dataset...
Success! ✅
Splitting edges for bitcoin-alpha-binary dataset...
Success! ✅
Sampling random walks from bitcoin-alpha-binary dataset...
Success! ✅
Building tokenizer for bitcoin-alpha-binary dataset...
Success! ✅
Padding and building stage tensors for bitcoin-alpha-binary dataset...
Success! ✅
Creating DataLoaders for bitcoin-alpha-binary dataset...
Success! ✅
/home/eng/shilo_avital/yolo_lab/walk_to_paint/.venv/lib64/python3.9/site-packages/torch/nn/modules/transformer.py:382: UserWarning: enable_nested_tensor is True, but self.use_nested_tensor is False because encoder_layer.self_attn.num_heads is odd
  warnings.warn(
GPU available: True (cuda), used: True
TPU available: False, using: 0 TPU cores
HPU available: False, using: 0 HPUs
/home/eng/shilo_avital/yolo_lab/walk_to_paint/.venv/lib64/python3.9/site-packages/pytorch_lightning/callbacks/model_checkpoint.py:658: Checkpoint directory /home/eng/shilo_avital/yolo_lab/walk_to_paint/checkpoints exists and is not empty.
LOCAL_RANK: 0 - CUDA_VISIBLE_DEVICES: [3]
/home/eng/shilo_avital/yolo_lab/walk_to_paint/.venv/lib64/python3.9/site-packages/pytorch_lightning/trainer/connectors/data_connector.py:425: The 'val_dataloader' does not have many workers which may be a bottleneck. Consider increasing the value of the `num_workers` argument` to `num_workers=127` in the `DataLoader` to improve performance.
/home/eng/shilo_avital/yolo_lab/walk_to_paint/.venv/lib64/python3.9/site-packages/pytorch_lightning/trainer/connectors/data_connector.py:425: The 'train_dataloader' does not have many workers which may be a bottleneck. Consider increasing the value of the `num_workers` argument` to `num_workers=127` in the `DataLoader` to improve performance.
Metric val_auc_epoch improved. New best score: 0.525
Metric val_auc_epoch improved by 0.007 >= min_delta = 0.0. New best score: 0.532
Metric val_auc_epoch improved by 0.003 >= min_delta = 0.0. New best score: 0.534
Metric val_auc_epoch improved by 0.001 >= min_delta = 0.0. New best score: 0.536
Metric val_auc_epoch improved by 0.001 >= min_delta = 0.0. New best score: 0.536
Metric val_auc_epoch improved by 0.000 >= min_delta = 0.0. New best score: 0.537
Metric val_auc_epoch improved by 0.000 >= min_delta = 0.0. New best score: 0.537
Monitored metric val_auc_epoch did not improve in the last 5 records. Best score: 0.537. Signaling Trainer to stop.
Restoring states from the checkpoint path at /home/eng/shilo_avital/yolo_lab/walk_to_paint/checkpoints/trial_202-epoch=06-val_auc_epoch=0.5368.ckpt
LOCAL_RANK: 0 - CUDA_VISIBLE_DEVICES: [3]
Loaded model weights from the checkpoint at /home/eng/shilo_avital/yolo_lab/walk_to_paint/checkpoints/trial_202-epoch=06-val_auc_epoch=0.5368.ckpt
/home/eng/shilo_avital/yolo_lab/walk_to_paint/.venv/lib64/python3.9/site-packages/pytorch_lightning/trainer/connectors/data_connector.py:425: The 'val_dataloader' does not have many workers which may be a bottleneck. Consider increasing the value of the `num_workers` argument` to `num_workers=127` in the `DataLoader` to improve performance.
────────────────────────────────────────────────────────────────────────────────────────────────────────────────────────
     Validate metric           DataLoader 0
────────────────────────────────────────────────────────────────────────────────────────────────────────────────────────
      val_acc_epoch         0.5248594284057617
      val_auc_epoch          0.536787748336792
      val_f1_epoch          0.5246560573577881
        val_loss            0.6919133067131042
────────────────────────────────────────────────────────────────────────────────────────────────────────────────────────
✅ Trial 202 completed - Val AUC: 0.5368
[I 2025-08-22 18:23:07,963] Trial 202 finished with value: -0.536787748336792 and parameters: {'dataset.max_walk_length': 77, 'dataset.num_walks': 292895, 'training.lr': 5.577304152494287e-05, 'training.weight_decay': 0.009847162769149672, 'training.batch_size': 64, 'training.gradient_clip_val': 1.8268739051313119, 'training.early_stopping_patience': 5, 'model.nhead_emb_combo': 1, 'model.hidden_dim': 16, 'model.nlayers': 2, 'model.dropout': 0.5814544621870079, 'training.epochs': 28}. Best is trial 1 with value: -0.6377121806144714.
/home/eng/shilo_avital/yolo_lab/walk_to_paint/optuna_run.py:147: FutureWarning: suggest_loguniform has been deprecated in v3.0.0. This feature will be removed in v6.0.0. See https://github.com/optuna/optuna/releases/tag/v3.0.0. Use suggest_float(..., log=True) instead.
  cfg.training.lr = trial.suggest_loguniform("training.lr", 1e-5, 1e-1)
/home/eng/shilo_avital/yolo_lab/walk_to_paint/optuna_run.py:148: FutureWarning: suggest_loguniform has been deprecated in v3.0.0. This feature will be removed in v6.0.0. See https://github.com/optuna/optuna/releases/tag/v3.0.0. Use suggest_float(..., log=True) instead.
  cfg.training.weight_decay = trial.suggest_loguniform(

🔬 Trial 203 hyperparameters:
  Walk length: 17, Num walks: 211,964
  LR: 4.47e-05, Batch size: 64
  Model: emb_dim=8, hidden_dim=16
  Transformer: 2 layers, 8 heads
  Epochs: 28, Weighted loss: True
Loading bitcoin-alpha-binary dataset...
Success! ✅
Splitting edges for bitcoin-alpha-binary dataset...
Success! ✅
Sampling random walks from bitcoin-alpha-binary dataset...
Success! ✅
Building tokenizer for bitcoin-alpha-binary dataset...
Success! ✅
Padding and building stage tensors for bitcoin-alpha-binary dataset...
Success! ✅
Creating DataLoaders for bitcoin-alpha-binary dataset...
Success! ✅
GPU available: True (cuda), used: True
TPU available: False, using: 0 TPU cores
HPU available: False, using: 0 HPUs
/home/eng/shilo_avital/yolo_lab/walk_to_paint/.venv/lib64/python3.9/site-packages/pytorch_lightning/callbacks/model_checkpoint.py:658: Checkpoint directory /home/eng/shilo_avital/yolo_lab/walk_to_paint/checkpoints exists and is not empty.
LOCAL_RANK: 0 - CUDA_VISIBLE_DEVICES: [3]
/home/eng/shilo_avital/yolo_lab/walk_to_paint/.venv/lib64/python3.9/site-packages/pytorch_lightning/trainer/connectors/data_connector.py:425: The 'val_dataloader' does not have many workers which may be a bottleneck. Consider increasing the value of the `num_workers` argument` to `num_workers=127` in the `DataLoader` to improve performance.
/home/eng/shilo_avital/yolo_lab/walk_to_paint/.venv/lib64/python3.9/site-packages/pytorch_lightning/trainer/connectors/data_connector.py:425: The 'train_dataloader' does not have many workers which may be a bottleneck. Consider increasing the value of the `num_workers` argument` to `num_workers=127` in the `DataLoader` to improve performance.
Metric val_auc_epoch improved. New best score: 0.516
Metric val_auc_epoch improved by 0.012 >= min_delta = 0.0. New best score: 0.528
Metric val_auc_epoch improved by 0.014 >= min_delta = 0.0. New best score: 0.542
Metric val_auc_epoch improved by 0.010 >= min_delta = 0.0. New best score: 0.552
Metric val_auc_epoch improved by 0.006 >= min_delta = 0.0. New best score: 0.558
Metric val_auc_epoch improved by 0.003 >= min_delta = 0.0. New best score: 0.560
Metric val_auc_epoch improved by 0.002 >= min_delta = 0.0. New best score: 0.562
Metric val_auc_epoch improved by 0.001 >= min_delta = 0.0. New best score: 0.563
Metric val_auc_epoch improved by 0.001 >= min_delta = 0.0. New best score: 0.564
Metric val_auc_epoch improved by 0.001 >= min_delta = 0.0. New best score: 0.565
Metric val_auc_epoch improved by 0.001 >= min_delta = 0.0. New best score: 0.565
Metric val_auc_epoch improved by 0.001 >= min_delta = 0.0. New best score: 0.566
Metric val_auc_epoch improved by 0.000 >= min_delta = 0.0. New best score: 0.566
Metric val_auc_epoch improved by 0.000 >= min_delta = 0.0. New best score: 0.567
Metric val_auc_epoch improved by 0.000 >= min_delta = 0.0. New best score: 0.567
Metric val_auc_epoch improved by 0.000 >= min_delta = 0.0. New best score: 0.567
Metric val_auc_epoch improved by 0.000 >= min_delta = 0.0. New best score: 0.567
Metric val_auc_epoch improved by 0.000 >= min_delta = 0.0. New best score: 0.567
Metric val_auc_epoch improved by 0.000 >= min_delta = 0.0. New best score: 0.568
Metric val_auc_epoch improved by 0.000 >= min_delta = 0.0. New best score: 0.568
Metric val_auc_epoch improved by 0.000 >= min_delta = 0.0. New best score: 0.568
Metric val_auc_epoch improved by 0.000 >= min_delta = 0.0. New best score: 0.568
Metric val_auc_epoch improved by 0.000 >= min_delta = 0.0. New best score: 0.568
Metric val_auc_epoch improved by 0.000 >= min_delta = 0.0. New best score: 0.568
Metric val_auc_epoch improved by 0.000 >= min_delta = 0.0. New best score: 0.568
Metric val_auc_epoch improved by 0.000 >= min_delta = 0.0. New best score: 0.568
Metric val_auc_epoch improved by 0.000 >= min_delta = 0.0. New best score: 0.568
Metric val_auc_epoch improved by 0.000 >= min_delta = 0.0. New best score: 0.568
`Trainer.fit` stopped: `max_epochs=28` reached.
Restoring states from the checkpoint path at /home/eng/shilo_avital/yolo_lab/walk_to_paint/checkpoints/trial_203-epoch=27-val_auc_epoch=0.5678.ckpt
LOCAL_RANK: 0 - CUDA_VISIBLE_DEVICES: [3]
Loaded model weights from the checkpoint at /home/eng/shilo_avital/yolo_lab/walk_to_paint/checkpoints/trial_203-epoch=27-val_auc_epoch=0.5678.ckpt
/home/eng/shilo_avital/yolo_lab/walk_to_paint/.venv/lib64/python3.9/site-packages/pytorch_lightning/trainer/connectors/data_connector.py:425: The 'val_dataloader' does not have many workers which may be a bottleneck. Consider increasing the value of the `num_workers` argument` to `num_workers=127` in the `DataLoader` to improve performance.
────────────────────────────────────────────────────────────────────────────────────────────────────────────────────────
     Validate metric           DataLoader 0
────────────────────────────────────────────────────────────────────────────────────────────────────────────────────────
      val_acc_epoch         0.5468237996101379
      val_auc_epoch         0.5677876472473145
      val_f1_epoch          0.5469417572021484
        val_loss            0.6868523359298706
────────────────────────────────────────────────────────────────────────────────────────────────────────────────────────
✅ Trial 203 completed - Val AUC: 0.5678
