[I 2025-08-22 19:23:28,102] Trial 208 finished with value: -0.6390637159347534 and parameters: {'dataset.max_walk_length': 84, 'dataset.num_walks': 222360, 'training.lr': 0.0007207729485498136, 'training.weight_decay': 0.004946703017850352, 'training.batch_size': 64, 'training.gradient_clip_val': 1.0531176915435314, 'training.early_stopping_patience': 5, 'model.nhead_emb_combo': 20, 'model.hidden_dim': 16, 'model.nlayers': 5, 'model.dropout': 0.5649118299887371, 'training.epochs': 28}. Best is trial 208 with value: -0.6390637159347534.
/home/eng/shilo_avital/yolo_lab/walk_to_paint/optuna_run.py:147: FutureWarning: suggest_loguniform has been deprecated in v3.0.0. This feature will be removed in v6.0.0. See https://github.com/optuna/optuna/releases/tag/v3.0.0. Use suggest_float(..., log=True) instead.
  cfg.training.lr = trial.suggest_loguniform("training.lr", 1e-5, 1e-1)
/home/eng/shilo_avital/yolo_lab/walk_to_paint/optuna_run.py:148: FutureWarning: suggest_loguniform has been deprecated in v3.0.0. This feature will be removed in v6.0.0. See https://github.com/optuna/optuna/releases/tag/v3.0.0. Use suggest_float(..., log=True) instead.
  cfg.training.weight_decay = trial.suggest_loguniform(

🔬 Trial 209 hyperparameters:
  Walk length: 13, Num walks: 229,964
  LR: 2.25e-04, Batch size: 64
  Model: emb_dim=128, hidden_dim=16
  Transformer: 5 layers, 8 heads
  Epochs: 28, Weighted loss: True
Loading bitcoin-alpha-binary dataset...
Success! ✅
Splitting edges for bitcoin-alpha-binary dataset...
Success! ✅
Sampling random walks from bitcoin-alpha-binary dataset...
Success! ✅
Building tokenizer for bitcoin-alpha-binary dataset...
Success! ✅
Padding and building stage tensors for bitcoin-alpha-binary dataset...
Success! ✅
Creating DataLoaders for bitcoin-alpha-binary dataset...
Success! ✅
GPU available: True (cuda), used: True
TPU available: False, using: 0 TPU cores
HPU available: False, using: 0 HPUs
/home/eng/shilo_avital/yolo_lab/walk_to_paint/.venv/lib64/python3.9/site-packages/pytorch_lightning/callbacks/model_checkpoint.py:658: Checkpoint directory /home/eng/shilo_avital/yolo_lab/walk_to_paint/checkpoints exists and is not empty.
LOCAL_RANK: 0 - CUDA_VISIBLE_DEVICES: [3]
/home/eng/shilo_avital/yolo_lab/walk_to_paint/.venv/lib64/python3.9/site-packages/pytorch_lightning/trainer/connectors/data_connector.py:425: The 'val_dataloader' does not have many workers which may be a bottleneck. Consider increasing the value of the `num_workers` argument` to `num_workers=127` in the `DataLoader` to improve performance.
/home/eng/shilo_avital/yolo_lab/walk_to_paint/.venv/lib64/python3.9/site-packages/pytorch_lightning/trainer/connectors/data_connector.py:425: The 'train_dataloader' does not have many workers which may be a bottleneck. Consider increasing the value of the `num_workers` argument` to `num_workers=127` in the `DataLoader` to improve performance.
Metric val_auc_epoch improved. New best score: 0.562
Metric val_auc_epoch improved by 0.004 >= min_delta = 0.0. New best score: 0.565
Metric val_auc_epoch improved by 0.043 >= min_delta = 0.0. New best score: 0.608
Metric val_auc_epoch improved by 0.011 >= min_delta = 0.0. New best score: 0.619
❌ Trial 209 failed: Trial was pruned at epoch 5.
[I 2025-08-22 19:28:42,410] Trial 209 finished with value: 0.0 and parameters: {'dataset.max_walk_length': 13, 'dataset.num_walks': 229964, 'training.lr': 0.00022501173319376948, 'training.weight_decay': 0.003944998101454783, 'training.batch_size': 64, 'training.gradient_clip_val': 0.8979301640211896, 'training.early_stopping_patience': 5, 'model.nhead_emb_combo': 22, 'model.hidden_dim': 16, 'model.nlayers': 5, 'model.dropout': 0.4577018718726713, 'training.epochs': 28}. Best is trial 208 with value: -0.6390637159347534.
/home/eng/shilo_avital/yolo_lab/walk_to_paint/optuna_run.py:147: FutureWarning: suggest_loguniform has been deprecated in v3.0.0. This feature will be removed in v6.0.0. See https://github.com/optuna/optuna/releases/tag/v3.0.0. Use suggest_float(..., log=True) instead.
  cfg.training.lr = trial.suggest_loguniform("training.lr", 1e-5, 1e-1)
/home/eng/shilo_avital/yolo_lab/walk_to_paint/optuna_run.py:148: FutureWarning: suggest_loguniform has been deprecated in v3.0.0. This feature will be removed in v6.0.0. See https://github.com/optuna/optuna/releases/tag/v3.0.0. Use suggest_float(..., log=True) instead.
  cfg.training.weight_decay = trial.suggest_loguniform(

🔬 Trial 210 hyperparameters:
  Walk length: 60, Num walks: 248,521
  LR: 4.60e-03, Batch size: 64
  Model: emb_dim=8, hidden_dim=16
  Transformer: 5 layers, 8 heads
  Epochs: 27, Weighted loss: True
Loading bitcoin-alpha-binary dataset...
Success! ✅
Splitting edges for bitcoin-alpha-binary dataset...
Success! ✅
Sampling random walks from bitcoin-alpha-binary dataset...
Success! ✅
Building tokenizer for bitcoin-alpha-binary dataset...
Success! ✅
Padding and building stage tensors for bitcoin-alpha-binary dataset...
Success! ✅
Creating DataLoaders for bitcoin-alpha-binary dataset...
Success! ✅
GPU available: True (cuda), used: True
TPU available: False, using: 0 TPU cores
HPU available: False, using: 0 HPUs
/home/eng/shilo_avital/yolo_lab/walk_to_paint/.venv/lib64/python3.9/site-packages/pytorch_lightning/callbacks/model_checkpoint.py:658: Checkpoint directory /home/eng/shilo_avital/yolo_lab/walk_to_paint/checkpoints exists and is not empty.
LOCAL_RANK: 0 - CUDA_VISIBLE_DEVICES: [3]
/home/eng/shilo_avital/yolo_lab/walk_to_paint/.venv/lib64/python3.9/site-packages/pytorch_lightning/trainer/connectors/data_connector.py:425: The 'val_dataloader' does not have many workers which may be a bottleneck. Consider increasing the value of the `num_workers` argument` to `num_workers=127` in the `DataLoader` to improve performance.
/home/eng/shilo_avital/yolo_lab/walk_to_paint/.venv/lib64/python3.9/site-packages/pytorch_lightning/trainer/connectors/data_connector.py:425: The 'train_dataloader' does not have many workers which may be a bottleneck. Consider increasing the value of the `num_workers` argument` to `num_workers=127` in the `DataLoader` to improve performance.
Metric val_auc_epoch improved. New best score: 0.533
Metric val_auc_epoch improved by 0.000 >= min_delta = 0.0. New best score: 0.534
Metric val_auc_epoch improved by 0.001 >= min_delta = 0.0. New best score: 0.535
Monitored metric val_auc_epoch did not improve in the last 6 records. Best score: 0.535. Signaling Trainer to stop.
Restoring states from the checkpoint path at /home/eng/shilo_avital/yolo_lab/walk_to_paint/checkpoints/trial_210-epoch=04-val_auc_epoch=0.5348.ckpt
LOCAL_RANK: 0 - CUDA_VISIBLE_DEVICES: [3]
Loaded model weights from the checkpoint at /home/eng/shilo_avital/yolo_lab/walk_to_paint/checkpoints/trial_210-epoch=04-val_auc_epoch=0.5348.ckpt
/home/eng/shilo_avital/yolo_lab/walk_to_paint/.venv/lib64/python3.9/site-packages/pytorch_lightning/trainer/connectors/data_connector.py:425: The 'val_dataloader' does not have many workers which may be a bottleneck. Consider increasing the value of the `num_workers` argument` to `num_workers=127` in the `DataLoader` to improve performance.
────────────────────────────────────────────────────────────────────────────────────────────────────────────────────────
     Validate metric           DataLoader 0
────────────────────────────────────────────────────────────────────────────────────────────────────────────────────────
      val_acc_epoch         0.5224767923355103
      val_auc_epoch         0.5348098874092102
      val_f1_epoch           0.520526647567749
        val_loss            0.7492291331291199
────────────────────────────────────────────────────────────────────────────────────────────────────────────────────────
✅ Trial 210 completed - Val AUC: 0.5348
[I 2025-08-22 19:40:37,980] Trial 210 finished with value: -0.5348098874092102 and parameters: {'dataset.max_walk_length': 60, 'dataset.num_walks': 248521, 'training.lr': 0.004600098508505966, 'training.weight_decay': 0.0050013827158825064, 'training.batch_size': 64, 'training.gradient_clip_val': 1.0192991813825727, 'training.early_stopping_patience': 6, 'model.nhead_emb_combo': 18, 'model.hidden_dim': 16, 'model.nlayers': 5, 'model.dropout': 0.5542501736026276, 'training.epochs': 27}. Best is trial 208 with value: -0.6390637159347534.
🧹 Cleaning up old checkpoints and logs (keeping top 10)...
  Removed old checkpoint: trial_200-epoch=04-val_auc_epoch=0.5875.ckpt
  Removed old checkpoint: trial_199-epoch=03-val_auc_epoch=0.6247.ckpt
  Removed old checkpoint: trial_198-epoch=22-val_auc_epoch=0.5652.ckpt
  Removed old checkpoint: trial_197-epoch=04-val_auc_epoch=0.5911.ckpt
  Removed old checkpoint: trial_196-epoch=04-val_auc_epoch=0.5769.ckpt
  Removed old log dir: trial_200
  Removed old log dir: trial_199
  Removed old log dir: trial_198
  Removed old log dir: trial_197
  Removed old log dir: trial_196
/home/eng/shilo_avital/yolo_lab/walk_to_paint/optuna_run.py:147: FutureWarning: suggest_loguniform has been deprecated in v3.0.0. This feature will be removed in v6.0.0. See https://github.com/optuna/optuna/releases/tag/v3.0.0. Use suggest_float(..., log=True) instead.
  cfg.training.lr = trial.suggest_loguniform("training.lr", 1e-5, 1e-1)
/home/eng/shilo_avital/yolo_lab/walk_to_paint/optuna_run.py:148: FutureWarning: suggest_loguniform has been deprecated in v3.0.0. This feature will be removed in v6.0.0. See https://github.com/optuna/optuna/releases/tag/v3.0.0. Use suggest_float(..., log=True) instead.
  cfg.training.weight_decay = trial.suggest_loguniform(

🔬 Trial 211 hyperparameters:
  Walk length: 85, Num walks: 185,774
  LR: 9.33e-04, Batch size: 64
  Model: emb_dim=16, hidden_dim=16
  Transformer: 5 layers, 8 heads
  Epochs: 28, Weighted loss: True
Loading bitcoin-alpha-binary dataset...
Success! ✅
Splitting edges for bitcoin-alpha-binary dataset...
Success! ✅
Sampling random walks from bitcoin-alpha-binary dataset...
Success! ✅
Building tokenizer for bitcoin-alpha-binary dataset...
Success! ✅
Padding and building stage tensors for bitcoin-alpha-binary dataset...
Success! ✅
Creating DataLoaders for bitcoin-alpha-binary dataset...
Success! ✅
GPU available: True (cuda), used: True
TPU available: False, using: 0 TPU cores
HPU available: False, using: 0 HPUs
/home/eng/shilo_avital/yolo_lab/walk_to_paint/.venv/lib64/python3.9/site-packages/pytorch_lightning/callbacks/model_checkpoint.py:658: Checkpoint directory /home/eng/shilo_avital/yolo_lab/walk_to_paint/checkpoints exists and is not empty.
LOCAL_RANK: 0 - CUDA_VISIBLE_DEVICES: [3]
/home/eng/shilo_avital/yolo_lab/walk_to_paint/.venv/lib64/python3.9/site-packages/pytorch_lightning/trainer/connectors/data_connector.py:425: The 'val_dataloader' does not have many workers which may be a bottleneck. Consider increasing the value of the `num_workers` argument` to `num_workers=127` in the `DataLoader` to improve performance.
/home/eng/shilo_avital/yolo_lab/walk_to_paint/.venv/lib64/python3.9/site-packages/pytorch_lightning/trainer/connectors/data_connector.py:425: The 'train_dataloader' does not have many workers which may be a bottleneck. Consider increasing the value of the `num_workers` argument` to `num_workers=127` in the `DataLoader` to improve performance.
Metric val_auc_epoch improved. New best score: 0.539
Metric val_auc_epoch improved by 0.000 >= min_delta = 0.0. New best score: 0.539
Metric val_auc_epoch improved by 0.007 >= min_delta = 0.0. New best score: 0.546
Metric val_auc_epoch improved by 0.004 >= min_delta = 0.0. New best score: 0.550
Metric val_auc_epoch improved by 0.008 >= min_delta = 0.0. New best score: 0.558
Metric val_auc_epoch improved by 0.007 >= min_delta = 0.0. New best score: 0.565
Metric val_auc_epoch improved by 0.008 >= min_delta = 0.0. New best score: 0.572
Metric val_auc_epoch improved by 0.005 >= min_delta = 0.0. New best score: 0.578
Metric val_auc_epoch improved by 0.006 >= min_delta = 0.0. New best score: 0.584
Metric val_auc_epoch improved by 0.005 >= min_delta = 0.0. New best score: 0.589
Metric val_auc_epoch improved by 0.006 >= min_delta = 0.0. New best score: 0.595
Metric val_auc_epoch improved by 0.002 >= min_delta = 0.0. New best score: 0.597
Metric val_auc_epoch improved by 0.004 >= min_delta = 0.0. New best score: 0.601
Metric val_auc_epoch improved by 0.003 >= min_delta = 0.0. New best score: 0.604
Metric val_auc_epoch improved by 0.003 >= min_delta = 0.0. New best score: 0.607
Metric val_auc_epoch improved by 0.002 >= min_delta = 0.0. New best score: 0.608
Metric val_auc_epoch improved by 0.001 >= min_delta = 0.0. New best score: 0.609
Metric val_auc_epoch improved by 0.001 >= min_delta = 0.0. New best score: 0.610
Metric val_auc_epoch improved by 0.001 >= min_delta = 0.0. New best score: 0.611
Metric val_auc_epoch improved by 0.001 >= min_delta = 0.0. New best score: 0.612
Metric val_auc_epoch improved by 0.001 >= min_delta = 0.0. New best score: 0.613
Metric val_auc_epoch improved by 0.000 >= min_delta = 0.0. New best score: 0.613
Metric val_auc_epoch improved by 0.000 >= min_delta = 0.0. New best score: 0.613
`Trainer.fit` stopped: `max_epochs=28` reached.
Restoring states from the checkpoint path at /home/eng/shilo_avital/yolo_lab/walk_to_paint/checkpoints/trial_211-epoch=27-val_auc_epoch=0.6125.ckpt
LOCAL_RANK: 0 - CUDA_VISIBLE_DEVICES: [3]
Loaded model weights from the checkpoint at /home/eng/shilo_avital/yolo_lab/walk_to_paint/checkpoints/trial_211-epoch=27-val_auc_epoch=0.6125.ckpt
/home/eng/shilo_avital/yolo_lab/walk_to_paint/.venv/lib64/python3.9/site-packages/pytorch_lightning/trainer/connectors/data_connector.py:425: The 'val_dataloader' does not have many workers which may be a bottleneck. Consider increasing the value of the `num_workers` argument` to `num_workers=127` in the `DataLoader` to improve performance.
────────────────────────────────────────────────────────────────────────────────────────────────────────────────────────
     Validate metric           DataLoader 0
────────────────────────────────────────────────────────────────────────────────────────────────────────────────────────
      val_acc_epoch          0.579610288143158
      val_auc_epoch         0.6125340461730957
      val_f1_epoch          0.5778467655181885
        val_loss            0.7513702511787415
────────────────────────────────────────────────────────────────────────────────────────────────────────────────────────
✅ Trial 211 completed - Val AUC: 0.6125
[I 2025-08-22 20:10:52,114] Trial 211 finished with value: -0.6125340461730957 and parameters: {'dataset.max_walk_length': 85, 'dataset.num_walks': 185774, 'training.lr': 0.0009329606625351711, 'training.weight_decay': 0.002630331201692162, 'training.batch_size': 64, 'training.gradient_clip_val': 0.6013279937373869, 'training.early_stopping_patience': 5, 'model.nhead_emb_combo': 19, 'model.hidden_dim': 16, 'model.nlayers': 5, 'model.dropout': 0.5698748291843818, 'training.epochs': 28}. Best is trial 208 with value: -0.6390637159347534.
/home/eng/shilo_avital/yolo_lab/walk_to_paint/optuna_run.py:147: FutureWarning: suggest_loguniform has been deprecated in v3.0.0. This feature will be removed in v6.0.0. See https://github.com/optuna/optuna/releases/tag/v3.0.0. Use suggest_float(..., log=True) instead.
  cfg.training.lr = trial.suggest_loguniform("training.lr", 1e-5, 1e-1)
/home/eng/shilo_avital/yolo_lab/walk_to_paint/optuna_run.py:148: FutureWarning: suggest_loguniform has been deprecated in v3.0.0. This feature will be removed in v6.0.0. See https://github.com/optuna/optuna/releases/tag/v3.0.0. Use suggest_float(..., log=True) instead.
  cfg.training.weight_decay = trial.suggest_loguniform(

🔬 Trial 212 hyperparameters:
  Walk length: 84, Num walks: 218,085
  LR: 7.60e-04, Batch size: 64
  Model: emb_dim=32, hidden_dim=16
  Transformer: 2 layers, 8 heads
  Epochs: 28, Weighted loss: True
Loading bitcoin-alpha-binary dataset...
Success! ✅
Splitting edges for bitcoin-alpha-binary dataset...
Success! ✅
Sampling random walks from bitcoin-alpha-binary dataset...
Success! ✅
Building tokenizer for bitcoin-alpha-binary dataset...
Success! ✅
Padding and building stage tensors for bitcoin-alpha-binary dataset...
Success! ✅
Creating DataLoaders for bitcoin-alpha-binary dataset...
Success! ✅
GPU available: True (cuda), used: True
TPU available: False, using: 0 TPU cores
HPU available: False, using: 0 HPUs
/home/eng/shilo_avital/yolo_lab/walk_to_paint/.venv/lib64/python3.9/site-packages/pytorch_lightning/callbacks/model_checkpoint.py:658: Checkpoint directory /home/eng/shilo_avital/yolo_lab/walk_to_paint/checkpoints exists and is not empty.
LOCAL_RANK: 0 - CUDA_VISIBLE_DEVICES: [3]
/home/eng/shilo_avital/yolo_lab/walk_to_paint/.venv/lib64/python3.9/site-packages/pytorch_lightning/trainer/connectors/data_connector.py:425: The 'val_dataloader' does not have many workers which may be a bottleneck. Consider increasing the value of the `num_workers` argument` to `num_workers=127` in the `DataLoader` to improve performance.
/home/eng/shilo_avital/yolo_lab/walk_to_paint/.venv/lib64/python3.9/site-packages/pytorch_lightning/trainer/connectors/data_connector.py:425: The 'train_dataloader' does not have many workers which may be a bottleneck. Consider increasing the value of the `num_workers` argument` to `num_workers=127` in the `DataLoader` to improve performance.
Metric val_auc_epoch improved. New best score: 0.536
Metric val_auc_epoch improved by 0.021 >= min_delta = 0.0. New best score: 0.558
Metric val_auc_epoch improved by 0.020 >= min_delta = 0.0. New best score: 0.577
Metric val_auc_epoch improved by 0.009 >= min_delta = 0.0. New best score: 0.586
Metric val_auc_epoch improved by 0.008 >= min_delta = 0.0. New best score: 0.594
Metric val_auc_epoch improved by 0.006 >= min_delta = 0.0. New best score: 0.600
Metric val_auc_epoch improved by 0.001 >= min_delta = 0.0. New best score: 0.601
Metric val_auc_epoch improved by 0.005 >= min_delta = 0.0. New best score: 0.606
Metric val_auc_epoch improved by 0.004 >= min_delta = 0.0. New best score: 0.610
Metric val_auc_epoch improved by 0.003 >= min_delta = 0.0. New best score: 0.614
Metric val_auc_epoch improved by 0.002 >= min_delta = 0.0. New best score: 0.616
Metric val_auc_epoch improved by 0.002 >= min_delta = 0.0. New best score: 0.618
Metric val_auc_epoch improved by 0.001 >= min_delta = 0.0. New best score: 0.619
Metric val_auc_epoch improved by 0.003 >= min_delta = 0.0. New best score: 0.622
Metric val_auc_epoch improved by 0.002 >= min_delta = 0.0. New best score: 0.624
Metric val_auc_epoch improved by 0.001 >= min_delta = 0.0. New best score: 0.625
Metric val_auc_epoch improved by 0.001 >= min_delta = 0.0. New best score: 0.626
Metric val_auc_epoch improved by 0.001 >= min_delta = 0.0. New best score: 0.626
Metric val_auc_epoch improved by 0.000 >= min_delta = 0.0. New best score: 0.627
Metric val_auc_epoch improved by 0.001 >= min_delta = 0.0. New best score: 0.628
Metric val_auc_epoch improved by 0.001 >= min_delta = 0.0. New best score: 0.628
Monitored metric val_auc_epoch did not improve in the last 5 records. Best score: 0.628. Signaling Trainer to stop.
Restoring states from the checkpoint path at /home/eng/shilo_avital/yolo_lab/walk_to_paint/checkpoints/trial_212-epoch=20-val_auc_epoch=0.6281.ckpt
LOCAL_RANK: 0 - CUDA_VISIBLE_DEVICES: [3]
Loaded model weights from the checkpoint at /home/eng/shilo_avital/yolo_lab/walk_to_paint/checkpoints/trial_212-epoch=20-val_auc_epoch=0.6281.ckpt
/home/eng/shilo_avital/yolo_lab/walk_to_paint/.venv/lib64/python3.9/site-packages/pytorch_lightning/trainer/connectors/data_connector.py:425: The 'val_dataloader' does not have many workers which may be a bottleneck. Consider increasing the value of the `num_workers` argument` to `num_workers=127` in the `DataLoader` to improve performance.
────────────────────────────────────────────────────────────────────────────────────────────────────────────────────────
     Validate metric           DataLoader 0
────────────────────────────────────────────────────────────────────────────────────────────────────────────────────────
      val_acc_epoch         0.5973916053771973
      val_auc_epoch         0.6280593872070312
      val_f1_epoch          0.5917167067527771
        val_loss            1.3637099266052246
────────────────────────────────────────────────────────────────────────────────────────────────────────────────────────
✅ Trial 212 completed - Val AUC: 0.6281
