[I 2025-08-23 20:28:11,031] Trial 282 finished with value: -0.5567359924316406 and parameters: {'dataset.max_walk_length': 84, 'dataset.num_walks': 409042, 'training.lr': 0.0005849266702561978, 'training.weight_decay': 0.011059820262967661, 'training.batch_size': 64, 'training.gradient_clip_val': 0.33905720357288704, 'training.early_stopping_patience': 19, 'model.nhead_emb_combo': 23, 'model.hidden_dim': 16, 'model.nlayers': 5, 'model.dropout': 0.6882639097202441, 'training.epochs': 24}. Best is trial 229 with value: -0.6563454866409302.
/home/eng/shilo_avital/yolo_lab/walk_to_paint/optuna_run.py:147: FutureWarning: suggest_loguniform has been deprecated in v3.0.0. This feature will be removed in v6.0.0. See https://github.com/optuna/optuna/releases/tag/v3.0.0. Use suggest_float(..., log=True) instead.
  cfg.training.lr = trial.suggest_loguniform("training.lr", 1e-5, 1e-1)
/home/eng/shilo_avital/yolo_lab/walk_to_paint/optuna_run.py:148: FutureWarning: suggest_loguniform has been deprecated in v3.0.0. This feature will be removed in v6.0.0. See https://github.com/optuna/optuna/releases/tag/v3.0.0. Use suggest_float(..., log=True) instead.
  cfg.training.weight_decay = trial.suggest_loguniform(

🔬 Trial 283 hyperparameters:
  Walk length: 82, Num walks: 377,409
  LR: 6.67e-04, Batch size: 64
  Model: emb_dim=128, hidden_dim=16
  Transformer: 5 layers, 8 heads
  Epochs: 23, Weighted loss: True
Loading bitcoin-alpha-binary dataset...
Success! ✅
Splitting edges for bitcoin-alpha-binary dataset...
Success! ✅
Sampling random walks from bitcoin-alpha-binary dataset...
Success! ✅
Building tokenizer for bitcoin-alpha-binary dataset...
Success! ✅
Padding and building stage tensors for bitcoin-alpha-binary dataset...
Success! ✅
Creating DataLoaders for bitcoin-alpha-binary dataset...
Success! ✅
GPU available: True (cuda), used: True
TPU available: False, using: 0 TPU cores
HPU available: False, using: 0 HPUs
/home/eng/shilo_avital/yolo_lab/walk_to_paint/.venv/lib64/python3.9/site-packages/pytorch_lightning/callbacks/model_checkpoint.py:658: Checkpoint directory /home/eng/shilo_avital/yolo_lab/walk_to_paint/checkpoints exists and is not empty.
LOCAL_RANK: 0 - CUDA_VISIBLE_DEVICES: [3]
/home/eng/shilo_avital/yolo_lab/walk_to_paint/.venv/lib64/python3.9/site-packages/pytorch_lightning/trainer/connectors/data_connector.py:425: The 'val_dataloader' does not have many workers which may be a bottleneck. Consider increasing the value of the `num_workers` argument` to `num_workers=127` in the `DataLoader` to improve performance.
/home/eng/shilo_avital/yolo_lab/walk_to_paint/.venv/lib64/python3.9/site-packages/pytorch_lightning/trainer/connectors/data_connector.py:425: The 'train_dataloader' does not have many workers which may be a bottleneck. Consider increasing the value of the `num_workers` argument` to `num_workers=127` in the `DataLoader` to improve performance.
Metric val_auc_epoch improved. New best score: 0.517
Metric val_auc_epoch improved by 0.005 >= min_delta = 0.0. New best score: 0.522
Metric val_auc_epoch improved by 0.011 >= min_delta = 0.0. New best score: 0.533
Metric val_auc_epoch improved by 0.017 >= min_delta = 0.0. New best score: 0.550
Metric val_auc_epoch improved by 0.058 >= min_delta = 0.0. New best score: 0.608
Metric val_auc_epoch improved by 0.016 >= min_delta = 0.0. New best score: 0.624
Monitored metric val_auc_epoch did not improve in the last 6 records. Best score: 0.624. Signaling Trainer to stop.
Restoring states from the checkpoint path at /home/eng/shilo_avital/yolo_lab/walk_to_paint/checkpoints/trial_283-epoch=06-val_auc_epoch=0.6237.ckpt
LOCAL_RANK: 0 - CUDA_VISIBLE_DEVICES: [3]
Loaded model weights from the checkpoint at /home/eng/shilo_avital/yolo_lab/walk_to_paint/checkpoints/trial_283-epoch=06-val_auc_epoch=0.6237.ckpt
/home/eng/shilo_avital/yolo_lab/walk_to_paint/.venv/lib64/python3.9/site-packages/pytorch_lightning/trainer/connectors/data_connector.py:425: The 'val_dataloader' does not have many workers which may be a bottleneck. Consider increasing the value of the `num_workers` argument` to `num_workers=127` in the `DataLoader` to improve performance.
────────────────────────────────────────────────────────────────────────────────────────────────────────────────────────
     Validate metric           DataLoader 0
────────────────────────────────────────────────────────────────────────────────────────────────────────────────────────
      val_acc_epoch         0.5942288041114807
      val_auc_epoch         0.6236862540245056
      val_f1_epoch          0.5898277759552002
        val_loss            1.6501976251602173
────────────────────────────────────────────────────────────────────────────────────────────────────────────────────────
✅ Trial 283 completed - Val AUC: 0.6237
[I 2025-08-23 20:51:46,788] Trial 283 finished with value: -0.6236862540245056 and parameters: {'dataset.max_walk_length': 82, 'dataset.num_walks': 377409, 'training.lr': 0.0006669698733643737, 'training.weight_decay': 0.013283876617463887, 'training.batch_size': 64, 'training.gradient_clip_val': 0.3297624562116882, 'training.early_stopping_patience': 6, 'model.nhead_emb_combo': 22, 'model.hidden_dim': 16, 'model.nlayers': 5, 'model.dropout': 0.675172403662257, 'training.epochs': 23}. Best is trial 229 with value: -0.6563454866409302.
/home/eng/shilo_avital/yolo_lab/walk_to_paint/optuna_run.py:147: FutureWarning: suggest_loguniform has been deprecated in v3.0.0. This feature will be removed in v6.0.0. See https://github.com/optuna/optuna/releases/tag/v3.0.0. Use suggest_float(..., log=True) instead.
  cfg.training.lr = trial.suggest_loguniform("training.lr", 1e-5, 1e-1)
/home/eng/shilo_avital/yolo_lab/walk_to_paint/optuna_run.py:148: FutureWarning: suggest_loguniform has been deprecated in v3.0.0. This feature will be removed in v6.0.0. See https://github.com/optuna/optuna/releases/tag/v3.0.0. Use suggest_float(..., log=True) instead.
  cfg.training.weight_decay = trial.suggest_loguniform(

🔬 Trial 284 hyperparameters:
  Walk length: 85, Num walks: 357,052
  LR: 4.17e-04, Batch size: 64
  Model: emb_dim=128, hidden_dim=16
  Transformer: 5 layers, 8 heads
  Epochs: 25, Weighted loss: True
Loading bitcoin-alpha-binary dataset...
Success! ✅
Splitting edges for bitcoin-alpha-binary dataset...
Success! ✅
Sampling random walks from bitcoin-alpha-binary dataset...
Success! ✅
Building tokenizer for bitcoin-alpha-binary dataset...
Success! ✅
Padding and building stage tensors for bitcoin-alpha-binary dataset...
Success! ✅
Creating DataLoaders for bitcoin-alpha-binary dataset...
Success! ✅
GPU available: True (cuda), used: True
TPU available: False, using: 0 TPU cores
HPU available: False, using: 0 HPUs
/home/eng/shilo_avital/yolo_lab/walk_to_paint/.venv/lib64/python3.9/site-packages/pytorch_lightning/callbacks/model_checkpoint.py:658: Checkpoint directory /home/eng/shilo_avital/yolo_lab/walk_to_paint/checkpoints exists and is not empty.
LOCAL_RANK: 0 - CUDA_VISIBLE_DEVICES: [3]
/home/eng/shilo_avital/yolo_lab/walk_to_paint/.venv/lib64/python3.9/site-packages/pytorch_lightning/trainer/connectors/data_connector.py:425: The 'val_dataloader' does not have many workers which may be a bottleneck. Consider increasing the value of the `num_workers` argument` to `num_workers=127` in the `DataLoader` to improve performance.
/home/eng/shilo_avital/yolo_lab/walk_to_paint/.venv/lib64/python3.9/site-packages/pytorch_lightning/trainer/connectors/data_connector.py:425: The 'train_dataloader' does not have many workers which may be a bottleneck. Consider increasing the value of the `num_workers` argument` to `num_workers=127` in the `DataLoader` to improve performance.
Metric val_auc_epoch improved. New best score: 0.534
Metric val_auc_epoch improved by 0.006 >= min_delta = 0.0. New best score: 0.540
Metric val_auc_epoch improved by 0.003 >= min_delta = 0.0. New best score: 0.543
Metric val_auc_epoch improved by 0.059 >= min_delta = 0.0. New best score: 0.602
Metric val_auc_epoch improved by 0.015 >= min_delta = 0.0. New best score: 0.617
Metric val_auc_epoch improved by 0.004 >= min_delta = 0.0. New best score: 0.622
Monitored metric val_auc_epoch did not improve in the last 5 records. Best score: 0.622. Signaling Trainer to stop.
Restoring states from the checkpoint path at /home/eng/shilo_avital/yolo_lab/walk_to_paint/checkpoints/trial_284-epoch=07-val_auc_epoch=0.6217.ckpt
LOCAL_RANK: 0 - CUDA_VISIBLE_DEVICES: [3]
Loaded model weights from the checkpoint at /home/eng/shilo_avital/yolo_lab/walk_to_paint/checkpoints/trial_284-epoch=07-val_auc_epoch=0.6217.ckpt
/home/eng/shilo_avital/yolo_lab/walk_to_paint/.venv/lib64/python3.9/site-packages/pytorch_lightning/trainer/connectors/data_connector.py:425: The 'val_dataloader' does not have many workers which may be a bottleneck. Consider increasing the value of the `num_workers` argument` to `num_workers=127` in the `DataLoader` to improve performance.
────────────────────────────────────────────────────────────────────────────────────────────────────────────────────────
     Validate metric           DataLoader 0
────────────────────────────────────────────────────────────────────────────────────────────────────────────────────────
      val_acc_epoch         0.5882932543754578
      val_auc_epoch         0.6216827034950256
      val_f1_epoch          0.5770211219787598
        val_loss            1.4761019945144653
────────────────────────────────────────────────────────────────────────────────────────────────────────────────────────
✅ Trial 284 completed - Val AUC: 0.6217
[I 2025-08-23 21:14:50,337] Trial 284 finished with value: -0.6216827034950256 and parameters: {'dataset.max_walk_length': 85, 'dataset.num_walks': 357052, 'training.lr': 0.00041705452548648807, 'training.weight_decay': 0.00935901917946544, 'training.batch_size': 64, 'training.gradient_clip_val': 0.41200954787638494, 'training.early_stopping_patience': 5, 'model.nhead_emb_combo': 22, 'model.hidden_dim': 16, 'model.nlayers': 5, 'model.dropout': 0.6851961032463693, 'training.epochs': 25}. Best is trial 229 with value: -0.6563454866409302.
/home/eng/shilo_avital/yolo_lab/walk_to_paint/optuna_run.py:147: FutureWarning: suggest_loguniform has been deprecated in v3.0.0. This feature will be removed in v6.0.0. See https://github.com/optuna/optuna/releases/tag/v3.0.0. Use suggest_float(..., log=True) instead.
  cfg.training.lr = trial.suggest_loguniform("training.lr", 1e-5, 1e-1)
/home/eng/shilo_avital/yolo_lab/walk_to_paint/optuna_run.py:148: FutureWarning: suggest_loguniform has been deprecated in v3.0.0. This feature will be removed in v6.0.0. See https://github.com/optuna/optuna/releases/tag/v3.0.0. Use suggest_float(..., log=True) instead.
  cfg.training.weight_decay = trial.suggest_loguniform(

🔬 Trial 285 hyperparameters:
  Walk length: 81, Num walks: 410,153
  LR: 5.60e-04, Batch size: 64
  Model: emb_dim=32, hidden_dim=16
  Transformer: 5 layers, 16 heads
  Epochs: 24, Weighted loss: True
Loading bitcoin-alpha-binary dataset...
Success! ✅
Splitting edges for bitcoin-alpha-binary dataset...
Success! ✅
Sampling random walks from bitcoin-alpha-binary dataset...
Success! ✅
Building tokenizer for bitcoin-alpha-binary dataset...
Success! ✅
Padding and building stage tensors for bitcoin-alpha-binary dataset...
Success! ✅
Creating DataLoaders for bitcoin-alpha-binary dataset...
Success! ✅
GPU available: True (cuda), used: True
TPU available: False, using: 0 TPU cores
HPU available: False, using: 0 HPUs
/home/eng/shilo_avital/yolo_lab/walk_to_paint/.venv/lib64/python3.9/site-packages/pytorch_lightning/callbacks/model_checkpoint.py:658: Checkpoint directory /home/eng/shilo_avital/yolo_lab/walk_to_paint/checkpoints exists and is not empty.
LOCAL_RANK: 0 - CUDA_VISIBLE_DEVICES: [3]
/home/eng/shilo_avital/yolo_lab/walk_to_paint/.venv/lib64/python3.9/site-packages/pytorch_lightning/trainer/connectors/data_connector.py:425: The 'val_dataloader' does not have many workers which may be a bottleneck. Consider increasing the value of the `num_workers` argument` to `num_workers=127` in the `DataLoader` to improve performance.
/home/eng/shilo_avital/yolo_lab/walk_to_paint/.venv/lib64/python3.9/site-packages/pytorch_lightning/trainer/connectors/data_connector.py:425: The 'train_dataloader' does not have many workers which may be a bottleneck. Consider increasing the value of the `num_workers` argument` to `num_workers=127` in the `DataLoader` to improve performance.
Metric val_auc_epoch improved. New best score: 0.532
Metric val_auc_epoch improved by 0.001 >= min_delta = 0.0. New best score: 0.533
Metric val_auc_epoch improved by 0.002 >= min_delta = 0.0. New best score: 0.535
Metric val_auc_epoch improved by 0.005 >= min_delta = 0.0. New best score: 0.540
Metric val_auc_epoch improved by 0.022 >= min_delta = 0.0. New best score: 0.562
Metric val_auc_epoch improved by 0.018 >= min_delta = 0.0. New best score: 0.580
Metric val_auc_epoch improved by 0.012 >= min_delta = 0.0. New best score: 0.592
Metric val_auc_epoch improved by 0.009 >= min_delta = 0.0. New best score: 0.600
Metric val_auc_epoch improved by 0.007 >= min_delta = 0.0. New best score: 0.607
Metric val_auc_epoch improved by 0.004 >= min_delta = 0.0. New best score: 0.612
Metric val_auc_epoch improved by 0.003 >= min_delta = 0.0. New best score: 0.614
Metric val_auc_epoch improved by 0.004 >= min_delta = 0.0. New best score: 0.619
Metric val_auc_epoch improved by 0.004 >= min_delta = 0.0. New best score: 0.623
Metric val_auc_epoch improved by 0.001 >= min_delta = 0.0. New best score: 0.624
Metric val_auc_epoch improved by 0.001 >= min_delta = 0.0. New best score: 0.625
Metric val_auc_epoch improved by 0.000 >= min_delta = 0.0. New best score: 0.625
Metric val_auc_epoch improved by 0.001 >= min_delta = 0.0. New best score: 0.626
Metric val_auc_epoch improved by 0.001 >= min_delta = 0.0. New best score: 0.626
Metric val_auc_epoch improved by 0.000 >= min_delta = 0.0. New best score: 0.627
Metric val_auc_epoch improved by 0.000 >= min_delta = 0.0. New best score: 0.627
Metric val_auc_epoch improved by 0.000 >= min_delta = 0.0. New best score: 0.627
`Trainer.fit` stopped: `max_epochs=24` reached.
Restoring states from the checkpoint path at /home/eng/shilo_avital/yolo_lab/walk_to_paint/checkpoints/trial_285-epoch=22-val_auc_epoch=0.6269.ckpt
LOCAL_RANK: 0 - CUDA_VISIBLE_DEVICES: [3]
Loaded model weights from the checkpoint at /home/eng/shilo_avital/yolo_lab/walk_to_paint/checkpoints/trial_285-epoch=22-val_auc_epoch=0.6269.ckpt
/home/eng/shilo_avital/yolo_lab/walk_to_paint/.venv/lib64/python3.9/site-packages/pytorch_lightning/trainer/connectors/data_connector.py:425: The 'val_dataloader' does not have many workers which may be a bottleneck. Consider increasing the value of the `num_workers` argument` to `num_workers=127` in the `DataLoader` to improve performance.
────────────────────────────────────────────────────────────────────────────────────────────────────────────────────────
     Validate metric           DataLoader 0
────────────────────────────────────────────────────────────────────────────────────────────────────────────────────────
      val_acc_epoch         0.5918306112289429
      val_auc_epoch         0.6268636584281921
      val_f1_epoch          0.5845943093299866
        val_loss            0.9266969561576843
────────────────────────────────────────────────────────────────────────────────────────────────────────────────────────
✅ Trial 285 completed - Val AUC: 0.6269
[I 2025-08-23 22:47:45,569] Trial 285 finished with value: -0.6268636584281921 and parameters: {'dataset.max_walk_length': 81, 'dataset.num_walks': 410153, 'training.lr': 0.0005599854451842386, 'training.weight_decay': 0.008803023599011355, 'training.batch_size': 64, 'training.gradient_clip_val': 0.4219715136436004, 'training.early_stopping_patience': 5, 'model.nhead_emb_combo': 24, 'model.hidden_dim': 16, 'model.nlayers': 5, 'model.dropout': 0.6657532940603084, 'training.epochs': 24}. Best is trial 229 with value: -0.6563454866409302.
🧹 Cleaning up old checkpoints and logs (keeping top 10)...
  Removed old checkpoint: trial_275-epoch=09-val_auc_epoch=0.6293.ckpt
  Removed old checkpoint: trial_274-epoch=08-val_auc_epoch=0.6301.ckpt
  Removed old checkpoint: trial_273-epoch=10-val_auc_epoch=0.6193.ckpt
  Removed old checkpoint: trial_272-epoch=13-val_auc_epoch=0.6285.ckpt
  Removed old checkpoint: trial_271-epoch=21-val_auc_epoch=0.6103.ckpt
  Removed old log dir: trial_275
  Removed old log dir: trial_274
  Removed old log dir: trial_273
  Removed old log dir: trial_272
  Removed old log dir: trial_271
/home/eng/shilo_avital/yolo_lab/walk_to_paint/optuna_run.py:147: FutureWarning: suggest_loguniform has been deprecated in v3.0.0. This feature will be removed in v6.0.0. See https://github.com/optuna/optuna/releases/tag/v3.0.0. Use suggest_float(..., log=True) instead.
  cfg.training.lr = trial.suggest_loguniform("training.lr", 1e-5, 1e-1)
/home/eng/shilo_avital/yolo_lab/walk_to_paint/optuna_run.py:148: FutureWarning: suggest_loguniform has been deprecated in v3.0.0. This feature will be removed in v6.0.0. See https://github.com/optuna/optuna/releases/tag/v3.0.0. Use suggest_float(..., log=True) instead.
  cfg.training.weight_decay = trial.suggest_loguniform(

🔬 Trial 286 hyperparameters:
  Walk length: 81, Num walks: 394,740
  LR: 4.66e-04, Batch size: 64
  Model: emb_dim=16, hidden_dim=16
  Transformer: 5 layers, 16 heads
  Epochs: 24, Weighted loss: True
Loading bitcoin-alpha-binary dataset...
Success! ✅
Splitting edges for bitcoin-alpha-binary dataset...
Success! ✅
Sampling random walks from bitcoin-alpha-binary dataset...
Success! ✅
Building tokenizer for bitcoin-alpha-binary dataset...
Success! ✅
Padding and building stage tensors for bitcoin-alpha-binary dataset...
Success! ✅
Creating DataLoaders for bitcoin-alpha-binary dataset...
Success! ✅
GPU available: True (cuda), used: True
TPU available: False, using: 0 TPU cores
HPU available: False, using: 0 HPUs
/home/eng/shilo_avital/yolo_lab/walk_to_paint/.venv/lib64/python3.9/site-packages/pytorch_lightning/callbacks/model_checkpoint.py:658: Checkpoint directory /home/eng/shilo_avital/yolo_lab/walk_to_paint/checkpoints exists and is not empty.
LOCAL_RANK: 0 - CUDA_VISIBLE_DEVICES: [3]
/home/eng/shilo_avital/yolo_lab/walk_to_paint/.venv/lib64/python3.9/site-packages/pytorch_lightning/trainer/connectors/data_connector.py:425: The 'val_dataloader' does not have many workers which may be a bottleneck. Consider increasing the value of the `num_workers` argument` to `num_workers=127` in the `DataLoader` to improve performance.
/home/eng/shilo_avital/yolo_lab/walk_to_paint/.venv/lib64/python3.9/site-packages/pytorch_lightning/trainer/connectors/data_connector.py:425: The 'train_dataloader' does not have many workers which may be a bottleneck. Consider increasing the value of the `num_workers` argument` to `num_workers=127` in the `DataLoader` to improve performance.
Metric val_auc_epoch improved. New best score: 0.537
Monitored metric val_auc_epoch did not improve in the last 6 records. Best score: 0.537. Signaling Trainer to stop.
Restoring states from the checkpoint path at /home/eng/shilo_avital/yolo_lab/walk_to_paint/checkpoints/trial_286-epoch=00-val_auc_epoch=0.5369.ckpt
LOCAL_RANK: 0 - CUDA_VISIBLE_DEVICES: [3]
Loaded model weights from the checkpoint at /home/eng/shilo_avital/yolo_lab/walk_to_paint/checkpoints/trial_286-epoch=00-val_auc_epoch=0.5369.ckpt
/home/eng/shilo_avital/yolo_lab/walk_to_paint/.venv/lib64/python3.9/site-packages/pytorch_lightning/trainer/connectors/data_connector.py:425: The 'val_dataloader' does not have many workers which may be a bottleneck. Consider increasing the value of the `num_workers` argument` to `num_workers=127` in the `DataLoader` to improve performance.
────────────────────────────────────────────────────────────────────────────────────────────────────────────────────────
     Validate metric           DataLoader 0
────────────────────────────────────────────────────────────────────────────────────────────────────────────────────────
      val_acc_epoch         0.5262534618377686
      val_auc_epoch          0.536858081817627
      val_f1_epoch          0.5244629979133606
        val_loss            0.6969492435455322
────────────────────────────────────────────────────────────────────────────────────────────────────────────────────────
✅ Trial 286 completed - Val AUC: 0.5369
