[I 2025-08-21 22:07:01,939] Trial 38 finished with value: 0.0 and parameters: {'dataset.max_walk_length': 40, 'dataset.num_walks': 383927, 'training.lr': 0.00019107814699285166, 'training.weight_decay': 0.005160256560256423, 'training.batch_size': 64, 'training.gradient_clip_val': 1.518647939827024, 'training.early_stopping_patience': 19, 'model.nhead_emb_combo': 21, 'model.hidden_dim': 64, 'model.nlayers': 4, 'model.dropout': 0.5582945274354871, 'training.epochs': 20}. Best is trial 1 with value: -0.6377121806144714.
/home/eng/shilo_avital/yolo_lab/walk_to_paint/optuna_run.py:147: FutureWarning: suggest_loguniform has been deprecated in v3.0.0. This feature will be removed in v6.0.0. See https://github.com/optuna/optuna/releases/tag/v3.0.0. Use suggest_float(..., log=True) instead.
  cfg.training.lr = trial.suggest_loguniform("training.lr", 1e-5, 1e-1)
/home/eng/shilo_avital/yolo_lab/walk_to_paint/optuna_run.py:148: FutureWarning: suggest_loguniform has been deprecated in v3.0.0. This feature will be removed in v6.0.0. See https://github.com/optuna/optuna/releases/tag/v3.0.0. Use suggest_float(..., log=True) instead.
  cfg.training.weight_decay = trial.suggest_loguniform(

🔬 Trial 39 hyperparameters:
  Walk length: 82, Num walks: 132,945
  LR: 8.45e-05, Batch size: 32
  Model: emb_dim=16, hidden_dim=8
  Transformer: 1 layers, 2 heads
  Epochs: 13, Weighted loss: True
Loading bitcoin-alpha-binary dataset...
Success! ✅
Splitting edges for bitcoin-alpha-binary dataset...
Success! ✅
Sampling random walks from bitcoin-alpha-binary dataset...
Success! ✅
Building tokenizer for bitcoin-alpha-binary dataset...
Success! ✅
Padding and building stage tensors for bitcoin-alpha-binary dataset...
Success! ✅
Creating DataLoaders for bitcoin-alpha-binary dataset...
Success! ✅
GPU available: True (cuda), used: True
TPU available: False, using: 0 TPU cores
HPU available: False, using: 0 HPUs
/home/eng/shilo_avital/yolo_lab/walk_to_paint/.venv/lib64/python3.9/site-packages/pytorch_lightning/callbacks/model_checkpoint.py:658: Checkpoint directory /home/eng/shilo_avital/yolo_lab/walk_to_paint/checkpoints exists and is not empty.
LOCAL_RANK: 0 - CUDA_VISIBLE_DEVICES: [3]
/home/eng/shilo_avital/yolo_lab/walk_to_paint/.venv/lib64/python3.9/site-packages/pytorch_lightning/trainer/connectors/data_connector.py:425: The 'val_dataloader' does not have many workers which may be a bottleneck. Consider increasing the value of the `num_workers` argument` to `num_workers=127` in the `DataLoader` to improve performance.
/home/eng/shilo_avital/yolo_lab/walk_to_paint/.venv/lib64/python3.9/site-packages/pytorch_lightning/trainer/connectors/data_connector.py:425: The 'train_dataloader' does not have many workers which may be a bottleneck. Consider increasing the value of the `num_workers` argument` to `num_workers=127` in the `DataLoader` to improve performance.
Metric val_auc_epoch improved. New best score: 0.518
Metric val_auc_epoch improved by 0.025 >= min_delta = 0.0. New best score: 0.542
Metric val_auc_epoch improved by 0.004 >= min_delta = 0.0. New best score: 0.547
Metric val_auc_epoch improved by 0.002 >= min_delta = 0.0. New best score: 0.548
Metric val_auc_epoch improved by 0.002 >= min_delta = 0.0. New best score: 0.550
Metric val_auc_epoch improved by 0.001 >= min_delta = 0.0. New best score: 0.551
Metric val_auc_epoch improved by 0.001 >= min_delta = 0.0. New best score: 0.553
Metric val_auc_epoch improved by 0.001 >= min_delta = 0.0. New best score: 0.553
Metric val_auc_epoch improved by 0.000 >= min_delta = 0.0. New best score: 0.554
Metric val_auc_epoch improved by 0.000 >= min_delta = 0.0. New best score: 0.554
Metric val_auc_epoch improved by 0.000 >= min_delta = 0.0. New best score: 0.554
Metric val_auc_epoch improved by 0.000 >= min_delta = 0.0. New best score: 0.554
Metric val_auc_epoch improved by 0.000 >= min_delta = 0.0. New best score: 0.554
`Trainer.fit` stopped: `max_epochs=13` reached.
Restoring states from the checkpoint path at /home/eng/shilo_avital/yolo_lab/walk_to_paint/checkpoints/trial_39-epoch=12-val_auc_epoch=0.5539.ckpt
LOCAL_RANK: 0 - CUDA_VISIBLE_DEVICES: [3]
Loaded model weights from the checkpoint at /home/eng/shilo_avital/yolo_lab/walk_to_paint/checkpoints/trial_39-epoch=12-val_auc_epoch=0.5539.ckpt
/home/eng/shilo_avital/yolo_lab/walk_to_paint/.venv/lib64/python3.9/site-packages/pytorch_lightning/trainer/connectors/data_connector.py:425: The 'val_dataloader' does not have many workers which may be a bottleneck. Consider increasing the value of the `num_workers` argument` to `num_workers=127` in the `DataLoader` to improve performance.
────────────────────────────────────────────────────────────────────────────────────────────────────────────────────────
     Validate metric           DataLoader 0
────────────────────────────────────────────────────────────────────────────────────────────────────────────────────────
      val_acc_epoch         0.5313148498535156
      val_auc_epoch          0.553939700126648
      val_f1_epoch          0.5153722167015076
        val_loss            0.6897670030593872
────────────────────────────────────────────────────────────────────────────────────────────────────────────────────────
✅ Trial 39 completed - Val AUC: 0.5539
[I 2025-08-21 22:15:40,889] Trial 39 finished with value: -0.553939700126648 and parameters: {'dataset.max_walk_length': 82, 'dataset.num_walks': 132945, 'training.lr': 8.454899079709662e-05, 'training.weight_decay': 0.00021042488272664768, 'training.batch_size': 32, 'training.gradient_clip_val': 1.664748544859573, 'training.early_stopping_patience': 12, 'model.nhead_emb_combo': 8, 'model.hidden_dim': 8, 'model.nlayers': 1, 'model.dropout': 0.630429362793769, 'training.epochs': 13}. Best is trial 1 with value: -0.6377121806144714.
/home/eng/shilo_avital/yolo_lab/walk_to_paint/optuna_run.py:147: FutureWarning: suggest_loguniform has been deprecated in v3.0.0. This feature will be removed in v6.0.0. See https://github.com/optuna/optuna/releases/tag/v3.0.0. Use suggest_float(..., log=True) instead.
  cfg.training.lr = trial.suggest_loguniform("training.lr", 1e-5, 1e-1)
/home/eng/shilo_avital/yolo_lab/walk_to_paint/optuna_run.py:148: FutureWarning: suggest_loguniform has been deprecated in v3.0.0. This feature will be removed in v6.0.0. See https://github.com/optuna/optuna/releases/tag/v3.0.0. Use suggest_float(..., log=True) instead.
  cfg.training.weight_decay = trial.suggest_loguniform(

🔬 Trial 40 hyperparameters:
  Walk length: 90, Num walks: 125,880
  LR: 7.71e-05, Batch size: 32
  Model: emb_dim=4, hidden_dim=8
  Transformer: 1 layers, 2 heads
  Epochs: 12, Weighted loss: True
Loading bitcoin-alpha-binary dataset...
Success! ✅
Splitting edges for bitcoin-alpha-binary dataset...
Success! ✅
Sampling random walks from bitcoin-alpha-binary dataset...
Success! ✅
Building tokenizer for bitcoin-alpha-binary dataset...
Success! ✅
Padding and building stage tensors for bitcoin-alpha-binary dataset...
Success! ✅
Creating DataLoaders for bitcoin-alpha-binary dataset...
Success! ✅
GPU available: True (cuda), used: True
TPU available: False, using: 0 TPU cores
HPU available: False, using: 0 HPUs
/home/eng/shilo_avital/yolo_lab/walk_to_paint/.venv/lib64/python3.9/site-packages/pytorch_lightning/callbacks/model_checkpoint.py:658: Checkpoint directory /home/eng/shilo_avital/yolo_lab/walk_to_paint/checkpoints exists and is not empty.
LOCAL_RANK: 0 - CUDA_VISIBLE_DEVICES: [3]
/home/eng/shilo_avital/yolo_lab/walk_to_paint/.venv/lib64/python3.9/site-packages/pytorch_lightning/trainer/connectors/data_connector.py:425: The 'val_dataloader' does not have many workers which may be a bottleneck. Consider increasing the value of the `num_workers` argument` to `num_workers=127` in the `DataLoader` to improve performance.
/home/eng/shilo_avital/yolo_lab/walk_to_paint/.venv/lib64/python3.9/site-packages/pytorch_lightning/trainer/connectors/data_connector.py:425: The 'train_dataloader' does not have many workers which may be a bottleneck. Consider increasing the value of the `num_workers` argument` to `num_workers=127` in the `DataLoader` to improve performance.
Metric val_auc_epoch improved. New best score: 0.497
Metric val_auc_epoch improved by 0.000 >= min_delta = 0.0. New best score: 0.497
Metric val_auc_epoch improved by 0.000 >= min_delta = 0.0. New best score: 0.497
Metric val_auc_epoch improved by 0.001 >= min_delta = 0.0. New best score: 0.498
Metric val_auc_epoch improved by 0.001 >= min_delta = 0.0. New best score: 0.499
Metric val_auc_epoch improved by 0.000 >= min_delta = 0.0. New best score: 0.499
Metric val_auc_epoch improved by 0.000 >= min_delta = 0.0. New best score: 0.499
Metric val_auc_epoch improved by 0.000 >= min_delta = 0.0. New best score: 0.499
`Trainer.fit` stopped: `max_epochs=12` reached.
Restoring states from the checkpoint path at /home/eng/shilo_avital/yolo_lab/walk_to_paint/checkpoints/trial_40-epoch=09-val_auc_epoch=0.4994.ckpt
LOCAL_RANK: 0 - CUDA_VISIBLE_DEVICES: [3]
Loaded model weights from the checkpoint at /home/eng/shilo_avital/yolo_lab/walk_to_paint/checkpoints/trial_40-epoch=09-val_auc_epoch=0.4994.ckpt
/home/eng/shilo_avital/yolo_lab/walk_to_paint/.venv/lib64/python3.9/site-packages/pytorch_lightning/trainer/connectors/data_connector.py:425: The 'val_dataloader' does not have many workers which may be a bottleneck. Consider increasing the value of the `num_workers` argument` to `num_workers=127` in the `DataLoader` to improve performance.
────────────────────────────────────────────────────────────────────────────────────────────────────────────────────────
     Validate metric           DataLoader 0
────────────────────────────────────────────────────────────────────────────────────────────────────────────────────────
      val_acc_epoch         0.4995322823524475
      val_auc_epoch         0.49936842918395996
      val_f1_epoch          0.4071542024612427
        val_loss            0.6931549906730652
────────────────────────────────────────────────────────────────────────────────────────────────────────────────────────
✅ Trial 40 completed - Val AUC: 0.4994
[I 2025-08-21 22:23:28,851] Trial 40 finished with value: -0.49936842918395996 and parameters: {'dataset.max_walk_length': 90, 'dataset.num_walks': 125880, 'training.lr': 7.709427657572404e-05, 'training.weight_decay': 0.00017321971014741555, 'training.batch_size': 32, 'training.gradient_clip_val': 1.8901211226115806, 'training.early_stopping_patience': 10, 'model.nhead_emb_combo': 6, 'model.hidden_dim': 8, 'model.nlayers': 1, 'model.dropout': 0.6475886169726724, 'training.epochs': 12}. Best is trial 1 with value: -0.6377121806144714.
🧹 Cleaning up old checkpoints and logs (keeping top 10)...
  Removed old checkpoint: trial_30-epoch=02-val_auc_epoch=0.5240.ckpt
  Removed old checkpoint: trial_29-epoch=05-val_auc_epoch=0.5545.ckpt
  Removed old checkpoint: trial_28-epoch=00-val_auc_epoch=0.5160.ckpt
  Removed old checkpoint: trial_27-epoch=05-val_auc_epoch=0.6172.ckpt
  Removed old checkpoint: trial_26-epoch=07-val_auc_epoch=0.5423.ckpt
  Removed old log dir: trial_30
  Removed old log dir: trial_29
  Removed old log dir: trial_28
  Removed old log dir: trial_27
  Removed old log dir: trial_26
/home/eng/shilo_avital/yolo_lab/walk_to_paint/optuna_run.py:147: FutureWarning: suggest_loguniform has been deprecated in v3.0.0. This feature will be removed in v6.0.0. See https://github.com/optuna/optuna/releases/tag/v3.0.0. Use suggest_float(..., log=True) instead.
  cfg.training.lr = trial.suggest_loguniform("training.lr", 1e-5, 1e-1)
/home/eng/shilo_avital/yolo_lab/walk_to_paint/optuna_run.py:148: FutureWarning: suggest_loguniform has been deprecated in v3.0.0. This feature will be removed in v6.0.0. See https://github.com/optuna/optuna/releases/tag/v3.0.0. Use suggest_float(..., log=True) instead.
  cfg.training.weight_decay = trial.suggest_loguniform(

🔬 Trial 41 hyperparameters:
  Walk length: 83, Num walks: 286,008
  LR: 2.76e-05, Batch size: 32
  Model: emb_dim=16, hidden_dim=8
  Transformer: 1 layers, 2 heads
  Epochs: 7, Weighted loss: True
Loading bitcoin-alpha-binary dataset...
Success! ✅
Splitting edges for bitcoin-alpha-binary dataset...
Success! ✅
Sampling random walks from bitcoin-alpha-binary dataset...
Success! ✅
Building tokenizer for bitcoin-alpha-binary dataset...
Success! ✅
Padding and building stage tensors for bitcoin-alpha-binary dataset...
Success! ✅
Creating DataLoaders for bitcoin-alpha-binary dataset...
Success! ✅
GPU available: True (cuda), used: True
TPU available: False, using: 0 TPU cores
HPU available: False, using: 0 HPUs
/home/eng/shilo_avital/yolo_lab/walk_to_paint/.venv/lib64/python3.9/site-packages/pytorch_lightning/callbacks/model_checkpoint.py:658: Checkpoint directory /home/eng/shilo_avital/yolo_lab/walk_to_paint/checkpoints exists and is not empty.
LOCAL_RANK: 0 - CUDA_VISIBLE_DEVICES: [3]
/home/eng/shilo_avital/yolo_lab/walk_to_paint/.venv/lib64/python3.9/site-packages/pytorch_lightning/trainer/connectors/data_connector.py:425: The 'val_dataloader' does not have many workers which may be a bottleneck. Consider increasing the value of the `num_workers` argument` to `num_workers=127` in the `DataLoader` to improve performance.
/home/eng/shilo_avital/yolo_lab/walk_to_paint/.venv/lib64/python3.9/site-packages/pytorch_lightning/trainer/connectors/data_connector.py:425: The 'train_dataloader' does not have many workers which may be a bottleneck. Consider increasing the value of the `num_workers` argument` to `num_workers=127` in the `DataLoader` to improve performance.
Metric val_auc_epoch improved. New best score: 0.506
Metric val_auc_epoch improved by 0.007 >= min_delta = 0.0. New best score: 0.513
Metric val_auc_epoch improved by 0.009 >= min_delta = 0.0. New best score: 0.522
Metric val_auc_epoch improved by 0.005 >= min_delta = 0.0. New best score: 0.527
Metric val_auc_epoch improved by 0.002 >= min_delta = 0.0. New best score: 0.529
Metric val_auc_epoch improved by 0.001 >= min_delta = 0.0. New best score: 0.530
Metric val_auc_epoch improved by 0.000 >= min_delta = 0.0. New best score: 0.530
`Trainer.fit` stopped: `max_epochs=7` reached.
Restoring states from the checkpoint path at /home/eng/shilo_avital/yolo_lab/walk_to_paint/checkpoints/trial_41-epoch=06-val_auc_epoch=0.5304.ckpt
LOCAL_RANK: 0 - CUDA_VISIBLE_DEVICES: [3]
Loaded model weights from the checkpoint at /home/eng/shilo_avital/yolo_lab/walk_to_paint/checkpoints/trial_41-epoch=06-val_auc_epoch=0.5304.ckpt
/home/eng/shilo_avital/yolo_lab/walk_to_paint/.venv/lib64/python3.9/site-packages/pytorch_lightning/trainer/connectors/data_connector.py:425: The 'val_dataloader' does not have many workers which may be a bottleneck. Consider increasing the value of the `num_workers` argument` to `num_workers=127` in the `DataLoader` to improve performance.
────────────────────────────────────────────────────────────────────────────────────────────────────────────────────────
     Validate metric           DataLoader 0
────────────────────────────────────────────────────────────────────────────────────────────────────────────────────────
      val_acc_epoch         0.5206575393676758
      val_auc_epoch         0.5304454565048218
      val_f1_epoch          0.5198383331298828
        val_loss            0.6920396089553833
────────────────────────────────────────────────────────────────────────────────────────────────────────────────────────
✅ Trial 41 completed - Val AUC: 0.5304
[I 2025-08-21 22:34:08,244] Trial 41 finished with value: -0.5304454565048218 and parameters: {'dataset.max_walk_length': 83, 'dataset.num_walks': 286008, 'training.lr': 2.7615940755977594e-05, 'training.weight_decay': 3.170373773852896e-05, 'training.batch_size': 32, 'training.gradient_clip_val': 1.693141476301784, 'training.early_stopping_patience': 12, 'model.nhead_emb_combo': 8, 'model.hidden_dim': 8, 'model.nlayers': 1, 'model.dropout': 0.6041204295254244, 'training.epochs': 7}. Best is trial 1 with value: -0.6377121806144714.
/home/eng/shilo_avital/yolo_lab/walk_to_paint/optuna_run.py:147: FutureWarning: suggest_loguniform has been deprecated in v3.0.0. This feature will be removed in v6.0.0. See https://github.com/optuna/optuna/releases/tag/v3.0.0. Use suggest_float(..., log=True) instead.
  cfg.training.lr = trial.suggest_loguniform("training.lr", 1e-5, 1e-1)
/home/eng/shilo_avital/yolo_lab/walk_to_paint/optuna_run.py:148: FutureWarning: suggest_loguniform has been deprecated in v3.0.0. This feature will be removed in v6.0.0. See https://github.com/optuna/optuna/releases/tag/v3.0.0. Use suggest_float(..., log=True) instead.
  cfg.training.weight_decay = trial.suggest_loguniform(

🔬 Trial 42 hyperparameters:
  Walk length: 74, Num walks: 103,403
  LR: 1.32e-04, Batch size: 32
  Model: emb_dim=8, hidden_dim=8
  Transformer: 2 layers, 8 heads
  Epochs: 14, Weighted loss: True
Loading bitcoin-alpha-binary dataset...
Success! ✅
Splitting edges for bitcoin-alpha-binary dataset...
Success! ✅
Sampling random walks from bitcoin-alpha-binary dataset...
Success! ✅
Building tokenizer for bitcoin-alpha-binary dataset...
Success! ✅
Padding and building stage tensors for bitcoin-alpha-binary dataset...
Success! ✅
Creating DataLoaders for bitcoin-alpha-binary dataset...
Success! ✅
GPU available: True (cuda), used: True
TPU available: False, using: 0 TPU cores
HPU available: False, using: 0 HPUs
/home/eng/shilo_avital/yolo_lab/walk_to_paint/.venv/lib64/python3.9/site-packages/pytorch_lightning/callbacks/model_checkpoint.py:658: Checkpoint directory /home/eng/shilo_avital/yolo_lab/walk_to_paint/checkpoints exists and is not empty.
LOCAL_RANK: 0 - CUDA_VISIBLE_DEVICES: [3]
/home/eng/shilo_avital/yolo_lab/walk_to_paint/.venv/lib64/python3.9/site-packages/pytorch_lightning/trainer/connectors/data_connector.py:425: The 'val_dataloader' does not have many workers which may be a bottleneck. Consider increasing the value of the `num_workers` argument` to `num_workers=127` in the `DataLoader` to improve performance.
/home/eng/shilo_avital/yolo_lab/walk_to_paint/.venv/lib64/python3.9/site-packages/pytorch_lightning/trainer/connectors/data_connector.py:425: The 'train_dataloader' does not have many workers which may be a bottleneck. Consider increasing the value of the `num_workers` argument` to `num_workers=127` in the `DataLoader` to improve performance.
Metric val_auc_epoch improved. New best score: 0.503
Metric val_auc_epoch improved by 0.001 >= min_delta = 0.0. New best score: 0.503
Metric val_auc_epoch improved by 0.001 >= min_delta = 0.0. New best score: 0.504
Metric val_auc_epoch improved by 0.001 >= min_delta = 0.0. New best score: 0.505
Metric val_auc_epoch improved by 0.001 >= min_delta = 0.0. New best score: 0.506
Metric val_auc_epoch improved by 0.000 >= min_delta = 0.0. New best score: 0.506
Metric val_auc_epoch improved by 0.000 >= min_delta = 0.0. New best score: 0.506
Metric val_auc_epoch improved by 0.000 >= min_delta = 0.0. New best score: 0.506
Metric val_auc_epoch improved by 0.000 >= min_delta = 0.0. New best score: 0.507
Metric val_auc_epoch improved by 0.000 >= min_delta = 0.0. New best score: 0.507
Metric val_auc_epoch improved by 0.000 >= min_delta = 0.0. New best score: 0.507
`Trainer.fit` stopped: `max_epochs=14` reached.
Restoring states from the checkpoint path at /home/eng/shilo_avital/yolo_lab/walk_to_paint/checkpoints/trial_42-epoch=13-val_auc_epoch=0.5067.ckpt
LOCAL_RANK: 0 - CUDA_VISIBLE_DEVICES: [3]
Loaded model weights from the checkpoint at /home/eng/shilo_avital/yolo_lab/walk_to_paint/checkpoints/trial_42-epoch=13-val_auc_epoch=0.5067.ckpt
/home/eng/shilo_avital/yolo_lab/walk_to_paint/.venv/lib64/python3.9/site-packages/pytorch_lightning/trainer/connectors/data_connector.py:425: The 'val_dataloader' does not have many workers which may be a bottleneck. Consider increasing the value of the `num_workers` argument` to `num_workers=127` in the `DataLoader` to improve performance.
────────────────────────────────────────────────────────────────────────────────────────────────────────────────────────
     Validate metric           DataLoader 0
────────────────────────────────────────────────────────────────────────────────────────────────────────────────────────
      val_acc_epoch         0.5069743394851685
      val_auc_epoch         0.5066816806793213
      val_f1_epoch          0.5064349174499512
        val_loss            0.7020074725151062
────────────────────────────────────────────────────────────────────────────────────────────────────────────────────────
✅ Trial 42 completed - Val AUC: 0.5067
