[I 2025-08-22 04:17:01,908] Trial 92 finished with value: -0.5559570789337158 and parameters: {'dataset.max_walk_length': 57, 'dataset.num_walks': 163765, 'training.lr': 3.415779028263163e-05, 'training.weight_decay': 0.06716768173625115, 'training.batch_size': 32, 'training.gradient_clip_val': 1.7297649950888963, 'training.early_stopping_patience': 5, 'model.nhead_emb_combo': 14, 'model.hidden_dim': 8, 'model.nlayers': 2, 'model.dropout': 0.6273776336268104, 'training.epochs': 16}. Best is trial 1 with value: -0.6377121806144714.
/home/eng/shilo_avital/yolo_lab/walk_to_paint/optuna_run.py:147: FutureWarning: suggest_loguniform has been deprecated in v3.0.0. This feature will be removed in v6.0.0. See https://github.com/optuna/optuna/releases/tag/v3.0.0. Use suggest_float(..., log=True) instead.
  cfg.training.lr = trial.suggest_loguniform("training.lr", 1e-5, 1e-1)
/home/eng/shilo_avital/yolo_lab/walk_to_paint/optuna_run.py:148: FutureWarning: suggest_loguniform has been deprecated in v3.0.0. This feature will be removed in v6.0.0. See https://github.com/optuna/optuna/releases/tag/v3.0.0. Use suggest_float(..., log=True) instead.
  cfg.training.weight_decay = trial.suggest_loguniform(

🔬 Trial 93 hyperparameters:
  Walk length: 17, Num walks: 145,258
  LR: 6.37e-05, Batch size: 32
  Model: emb_dim=8, hidden_dim=8
  Transformer: 2 layers, 8 heads
  Epochs: 15, Weighted loss: True
Loading bitcoin-alpha-binary dataset...
Success! ✅
Splitting edges for bitcoin-alpha-binary dataset...
Success! ✅
Sampling random walks from bitcoin-alpha-binary dataset...
Success! ✅
Building tokenizer for bitcoin-alpha-binary dataset...
Success! ✅
Padding and building stage tensors for bitcoin-alpha-binary dataset...
Success! ✅
Creating DataLoaders for bitcoin-alpha-binary dataset...
Success! ✅
GPU available: True (cuda), used: True
TPU available: False, using: 0 TPU cores
HPU available: False, using: 0 HPUs
/home/eng/shilo_avital/yolo_lab/walk_to_paint/.venv/lib64/python3.9/site-packages/pytorch_lightning/callbacks/model_checkpoint.py:658: Checkpoint directory /home/eng/shilo_avital/yolo_lab/walk_to_paint/checkpoints exists and is not empty.
LOCAL_RANK: 0 - CUDA_VISIBLE_DEVICES: [3]
/home/eng/shilo_avital/yolo_lab/walk_to_paint/.venv/lib64/python3.9/site-packages/pytorch_lightning/trainer/connectors/data_connector.py:425: The 'val_dataloader' does not have many workers which may be a bottleneck. Consider increasing the value of the `num_workers` argument` to `num_workers=127` in the `DataLoader` to improve performance.
/home/eng/shilo_avital/yolo_lab/walk_to_paint/.venv/lib64/python3.9/site-packages/pytorch_lightning/trainer/connectors/data_connector.py:425: The 'train_dataloader' does not have many workers which may be a bottleneck. Consider increasing the value of the `num_workers` argument` to `num_workers=127` in the `DataLoader` to improve performance.
Metric val_auc_epoch improved. New best score: 0.521
Metric val_auc_epoch improved by 0.010 >= min_delta = 0.0. New best score: 0.531
Metric val_auc_epoch improved by 0.012 >= min_delta = 0.0. New best score: 0.544
Metric val_auc_epoch improved by 0.013 >= min_delta = 0.0. New best score: 0.557
Metric val_auc_epoch improved by 0.007 >= min_delta = 0.0. New best score: 0.563
Metric val_auc_epoch improved by 0.003 >= min_delta = 0.0. New best score: 0.566
Metric val_auc_epoch improved by 0.002 >= min_delta = 0.0. New best score: 0.568
Metric val_auc_epoch improved by 0.001 >= min_delta = 0.0. New best score: 0.570
Metric val_auc_epoch improved by 0.001 >= min_delta = 0.0. New best score: 0.570
Metric val_auc_epoch improved by 0.000 >= min_delta = 0.0. New best score: 0.571
Metric val_auc_epoch improved by 0.000 >= min_delta = 0.0. New best score: 0.571
Metric val_auc_epoch improved by 0.000 >= min_delta = 0.0. New best score: 0.571
Metric val_auc_epoch improved by 0.000 >= min_delta = 0.0. New best score: 0.571
Metric val_auc_epoch improved by 0.000 >= min_delta = 0.0. New best score: 0.571
Metric val_auc_epoch improved by 0.000 >= min_delta = 0.0. New best score: 0.571
`Trainer.fit` stopped: `max_epochs=15` reached.
Restoring states from the checkpoint path at /home/eng/shilo_avital/yolo_lab/walk_to_paint/checkpoints/trial_93-epoch=14-val_auc_epoch=0.5715.ckpt
LOCAL_RANK: 0 - CUDA_VISIBLE_DEVICES: [3]
Loaded model weights from the checkpoint at /home/eng/shilo_avital/yolo_lab/walk_to_paint/checkpoints/trial_93-epoch=14-val_auc_epoch=0.5715.ckpt
/home/eng/shilo_avital/yolo_lab/walk_to_paint/.venv/lib64/python3.9/site-packages/pytorch_lightning/trainer/connectors/data_connector.py:425: The 'val_dataloader' does not have many workers which may be a bottleneck. Consider increasing the value of the `num_workers` argument` to `num_workers=127` in the `DataLoader` to improve performance.
────────────────────────────────────────────────────────────────────────────────────────────────────────────────────────
     Validate metric           DataLoader 0
────────────────────────────────────────────────────────────────────────────────────────────────────────────────────────
      val_acc_epoch         0.5491589307785034
      val_auc_epoch         0.5714871883392334
      val_f1_epoch          0.5491025447845459
        val_loss            0.6860194206237793
────────────────────────────────────────────────────────────────────────────────────────────────────────────────────────
✅ Trial 93 completed - Val AUC: 0.5715
[I 2025-08-22 04:28:23,713] Trial 93 finished with value: -0.5714871883392334 and parameters: {'dataset.max_walk_length': 17, 'dataset.num_walks': 145258, 'training.lr': 6.374481379280184e-05, 'training.weight_decay': 0.045241888592358746, 'training.batch_size': 32, 'training.gradient_clip_val': 1.837543495357633, 'training.early_stopping_patience': 7, 'model.nhead_emb_combo': 18, 'model.hidden_dim': 8, 'model.nlayers': 2, 'model.dropout': 0.5814394024739276, 'training.epochs': 15}. Best is trial 1 with value: -0.6377121806144714.
/home/eng/shilo_avital/yolo_lab/walk_to_paint/optuna_run.py:147: FutureWarning: suggest_loguniform has been deprecated in v3.0.0. This feature will be removed in v6.0.0. See https://github.com/optuna/optuna/releases/tag/v3.0.0. Use suggest_float(..., log=True) instead.
  cfg.training.lr = trial.suggest_loguniform("training.lr", 1e-5, 1e-1)
/home/eng/shilo_avital/yolo_lab/walk_to_paint/optuna_run.py:148: FutureWarning: suggest_loguniform has been deprecated in v3.0.0. This feature will be removed in v6.0.0. See https://github.com/optuna/optuna/releases/tag/v3.0.0. Use suggest_float(..., log=True) instead.
  cfg.training.weight_decay = trial.suggest_loguniform(

🔬 Trial 94 hyperparameters:
  Walk length: 18, Num walks: 138,984
  LR: 5.65e-05, Batch size: 32
  Model: emb_dim=8, hidden_dim=8
  Transformer: 3 layers, 4 heads
  Epochs: 17, Weighted loss: True
Loading bitcoin-alpha-binary dataset...
Success! ✅
Splitting edges for bitcoin-alpha-binary dataset...
Success! ✅
Sampling random walks from bitcoin-alpha-binary dataset...
Success! ✅
Building tokenizer for bitcoin-alpha-binary dataset...
Success! ✅
Padding and building stage tensors for bitcoin-alpha-binary dataset...
Success! ✅
Creating DataLoaders for bitcoin-alpha-binary dataset...
Success! ✅
GPU available: True (cuda), used: True
TPU available: False, using: 0 TPU cores
HPU available: False, using: 0 HPUs
/home/eng/shilo_avital/yolo_lab/walk_to_paint/.venv/lib64/python3.9/site-packages/pytorch_lightning/callbacks/model_checkpoint.py:658: Checkpoint directory /home/eng/shilo_avital/yolo_lab/walk_to_paint/checkpoints exists and is not empty.
LOCAL_RANK: 0 - CUDA_VISIBLE_DEVICES: [3]
/home/eng/shilo_avital/yolo_lab/walk_to_paint/.venv/lib64/python3.9/site-packages/pytorch_lightning/trainer/connectors/data_connector.py:425: The 'val_dataloader' does not have many workers which may be a bottleneck. Consider increasing the value of the `num_workers` argument` to `num_workers=127` in the `DataLoader` to improve performance.
/home/eng/shilo_avital/yolo_lab/walk_to_paint/.venv/lib64/python3.9/site-packages/pytorch_lightning/trainer/connectors/data_connector.py:425: The 'train_dataloader' does not have many workers which may be a bottleneck. Consider increasing the value of the `num_workers` argument` to `num_workers=127` in the `DataLoader` to improve performance.
Metric val_auc_epoch improved. New best score: 0.494
Metric val_auc_epoch improved by 0.005 >= min_delta = 0.0. New best score: 0.499
Metric val_auc_epoch improved by 0.008 >= min_delta = 0.0. New best score: 0.508
Metric val_auc_epoch improved by 0.008 >= min_delta = 0.0. New best score: 0.516
Metric val_auc_epoch improved by 0.009 >= min_delta = 0.0. New best score: 0.525
Metric val_auc_epoch improved by 0.007 >= min_delta = 0.0. New best score: 0.532
Metric val_auc_epoch improved by 0.008 >= min_delta = 0.0. New best score: 0.540
Metric val_auc_epoch improved by 0.007 >= min_delta = 0.0. New best score: 0.547
Metric val_auc_epoch improved by 0.006 >= min_delta = 0.0. New best score: 0.553
Metric val_auc_epoch improved by 0.005 >= min_delta = 0.0. New best score: 0.558
Metric val_auc_epoch improved by 0.003 >= min_delta = 0.0. New best score: 0.561
Metric val_auc_epoch improved by 0.001 >= min_delta = 0.0. New best score: 0.562
Metric val_auc_epoch improved by 0.001 >= min_delta = 0.0. New best score: 0.563
Metric val_auc_epoch improved by 0.000 >= min_delta = 0.0. New best score: 0.564
Metric val_auc_epoch improved by 0.000 >= min_delta = 0.0. New best score: 0.564
Metric val_auc_epoch improved by 0.000 >= min_delta = 0.0. New best score: 0.564
Metric val_auc_epoch improved by 0.000 >= min_delta = 0.0. New best score: 0.564
`Trainer.fit` stopped: `max_epochs=17` reached.
Restoring states from the checkpoint path at /home/eng/shilo_avital/yolo_lab/walk_to_paint/checkpoints/trial_94-epoch=16-val_auc_epoch=0.5640.ckpt
LOCAL_RANK: 0 - CUDA_VISIBLE_DEVICES: [3]
Loaded model weights from the checkpoint at /home/eng/shilo_avital/yolo_lab/walk_to_paint/checkpoints/trial_94-epoch=16-val_auc_epoch=0.5640.ckpt
/home/eng/shilo_avital/yolo_lab/walk_to_paint/.venv/lib64/python3.9/site-packages/pytorch_lightning/trainer/connectors/data_connector.py:425: The 'val_dataloader' does not have many workers which may be a bottleneck. Consider increasing the value of the `num_workers` argument` to `num_workers=127` in the `DataLoader` to improve performance.
────────────────────────────────────────────────────────────────────────────────────────────────────────────────────────
     Validate metric           DataLoader 0
────────────────────────────────────────────────────────────────────────────────────────────────────────────────────────
      val_acc_epoch         0.5448090434074402
      val_auc_epoch         0.5639654994010925
      val_f1_epoch          0.5448974967002869
        val_loss            0.6876278519630432
────────────────────────────────────────────────────────────────────────────────────────────────────────────────────────
✅ Trial 94 completed - Val AUC: 0.5640
[I 2025-08-22 04:42:22,657] Trial 94 finished with value: -0.5639654994010925 and parameters: {'dataset.max_walk_length': 18, 'dataset.num_walks': 138984, 'training.lr': 5.646466117736213e-05, 'training.weight_decay': 0.03434671663821876, 'training.batch_size': 32, 'training.gradient_clip_val': 1.6562562358173556, 'training.early_stopping_patience': 7, 'model.nhead_emb_combo': 13, 'model.hidden_dim': 8, 'model.nlayers': 3, 'model.dropout': 0.5396186667959584, 'training.epochs': 17}. Best is trial 1 with value: -0.6377121806144714.
/home/eng/shilo_avital/yolo_lab/walk_to_paint/optuna_run.py:147: FutureWarning: suggest_loguniform has been deprecated in v3.0.0. This feature will be removed in v6.0.0. See https://github.com/optuna/optuna/releases/tag/v3.0.0. Use suggest_float(..., log=True) instead.
  cfg.training.lr = trial.suggest_loguniform("training.lr", 1e-5, 1e-1)
/home/eng/shilo_avital/yolo_lab/walk_to_paint/optuna_run.py:148: FutureWarning: suggest_loguniform has been deprecated in v3.0.0. This feature will be removed in v6.0.0. See https://github.com/optuna/optuna/releases/tag/v3.0.0. Use suggest_float(..., log=True) instead.
  cfg.training.weight_decay = trial.suggest_loguniform(

🔬 Trial 95 hyperparameters:
  Walk length: 24, Num walks: 138,667
  LR: 6.18e-05, Batch size: 32
  Model: emb_dim=8, hidden_dim=8
  Transformer: 3 layers, 4 heads
  Epochs: 17, Weighted loss: True
Loading bitcoin-alpha-binary dataset...
Success! ✅
Splitting edges for bitcoin-alpha-binary dataset...
Success! ✅
Sampling random walks from bitcoin-alpha-binary dataset...
Success! ✅
Building tokenizer for bitcoin-alpha-binary dataset...
Success! ✅
Padding and building stage tensors for bitcoin-alpha-binary dataset...
Success! ✅
Creating DataLoaders for bitcoin-alpha-binary dataset...
Success! ✅
GPU available: True (cuda), used: True
TPU available: False, using: 0 TPU cores
HPU available: False, using: 0 HPUs
/home/eng/shilo_avital/yolo_lab/walk_to_paint/.venv/lib64/python3.9/site-packages/pytorch_lightning/callbacks/model_checkpoint.py:658: Checkpoint directory /home/eng/shilo_avital/yolo_lab/walk_to_paint/checkpoints exists and is not empty.
LOCAL_RANK: 0 - CUDA_VISIBLE_DEVICES: [3]
/home/eng/shilo_avital/yolo_lab/walk_to_paint/.venv/lib64/python3.9/site-packages/pytorch_lightning/trainer/connectors/data_connector.py:425: The 'val_dataloader' does not have many workers which may be a bottleneck. Consider increasing the value of the `num_workers` argument` to `num_workers=127` in the `DataLoader` to improve performance.
/home/eng/shilo_avital/yolo_lab/walk_to_paint/.venv/lib64/python3.9/site-packages/pytorch_lightning/trainer/connectors/data_connector.py:425: The 'train_dataloader' does not have many workers which may be a bottleneck. Consider increasing the value of the `num_workers` argument` to `num_workers=127` in the `DataLoader` to improve performance.
Metric val_auc_epoch improved. New best score: 0.506
Metric val_auc_epoch improved by 0.013 >= min_delta = 0.0. New best score: 0.518
Metric val_auc_epoch improved by 0.012 >= min_delta = 0.0. New best score: 0.531
Metric val_auc_epoch improved by 0.009 >= min_delta = 0.0. New best score: 0.540
Metric val_auc_epoch improved by 0.004 >= min_delta = 0.0. New best score: 0.544
Metric val_auc_epoch improved by 0.002 >= min_delta = 0.0. New best score: 0.545
Metric val_auc_epoch improved by 0.001 >= min_delta = 0.0. New best score: 0.546
Metric val_auc_epoch improved by 0.001 >= min_delta = 0.0. New best score: 0.546
Metric val_auc_epoch improved by 0.000 >= min_delta = 0.0. New best score: 0.547
Metric val_auc_epoch improved by 0.000 >= min_delta = 0.0. New best score: 0.547
Monitored metric val_auc_epoch did not improve in the last 7 records. Best score: 0.547. Signaling Trainer to stop.
`Trainer.fit` stopped: `max_epochs=17` reached.
Restoring states from the checkpoint path at /home/eng/shilo_avital/yolo_lab/walk_to_paint/checkpoints/trial_95-epoch=09-val_auc_epoch=0.5467.ckpt
LOCAL_RANK: 0 - CUDA_VISIBLE_DEVICES: [3]
Loaded model weights from the checkpoint at /home/eng/shilo_avital/yolo_lab/walk_to_paint/checkpoints/trial_95-epoch=09-val_auc_epoch=0.5467.ckpt
/home/eng/shilo_avital/yolo_lab/walk_to_paint/.venv/lib64/python3.9/site-packages/pytorch_lightning/trainer/connectors/data_connector.py:425: The 'val_dataloader' does not have many workers which may be a bottleneck. Consider increasing the value of the `num_workers` argument` to `num_workers=127` in the `DataLoader` to improve performance.
────────────────────────────────────────────────────────────────────────────────────────────────────────────────────────
     Validate metric           DataLoader 0
────────────────────────────────────────────────────────────────────────────────────────────────────────────────────────
      val_acc_epoch         0.5325812101364136
      val_auc_epoch         0.5467348694801331
      val_f1_epoch          0.5294615626335144
        val_loss             0.691158652305603
────────────────────────────────────────────────────────────────────────────────────────────────────────────────────────
✅ Trial 95 completed - Val AUC: 0.5467
[I 2025-08-22 04:56:36,738] Trial 95 finished with value: -0.5467348694801331 and parameters: {'dataset.max_walk_length': 24, 'dataset.num_walks': 138667, 'training.lr': 6.179156616017268e-05, 'training.weight_decay': 0.0365402557173916, 'training.batch_size': 32, 'training.gradient_clip_val': 1.6419025611270905, 'training.early_stopping_patience': 7, 'model.nhead_emb_combo': 13, 'model.hidden_dim': 8, 'model.nlayers': 3, 'model.dropout': 0.546873275138139, 'training.epochs': 17}. Best is trial 1 with value: -0.6377121806144714.
🧹 Cleaning up old checkpoints and logs (keeping top 10)...
  Removed old checkpoint: trial_85-epoch=15-val_auc_epoch=0.5088.ckpt
  Removed old checkpoint: trial_84-epoch=14-val_auc_epoch=0.5039.ckpt
  Removed old checkpoint: trial_83-epoch=04-val_auc_epoch=0.5697.ckpt
  Removed old checkpoint: trial_82-epoch=12-val_auc_epoch=0.5770.ckpt
  Removed old checkpoint: trial_81-epoch=13-val_auc_epoch=0.5059.ckpt
  Removed old log dir: trial_85
  Removed old log dir: trial_84
  Removed old log dir: trial_83
  Removed old log dir: trial_82
  Removed old log dir: trial_81
/home/eng/shilo_avital/yolo_lab/walk_to_paint/optuna_run.py:147: FutureWarning: suggest_loguniform has been deprecated in v3.0.0. This feature will be removed in v6.0.0. See https://github.com/optuna/optuna/releases/tag/v3.0.0. Use suggest_float(..., log=True) instead.
  cfg.training.lr = trial.suggest_loguniform("training.lr", 1e-5, 1e-1)
/home/eng/shilo_avital/yolo_lab/walk_to_paint/optuna_run.py:148: FutureWarning: suggest_loguniform has been deprecated in v3.0.0. This feature will be removed in v6.0.0. See https://github.com/optuna/optuna/releases/tag/v3.0.0. Use suggest_float(..., log=True) instead.
  cfg.training.weight_decay = trial.suggest_loguniform(

🔬 Trial 96 hyperparameters:
  Walk length: 31, Num walks: 145,178
  LR: 9.35e-05, Batch size: 32
  Model: emb_dim=16, hidden_dim=8
  Transformer: 3 layers, 8 heads
  Epochs: 18, Weighted loss: True
Loading bitcoin-alpha-binary dataset...
Success! ✅
Splitting edges for bitcoin-alpha-binary dataset...
Success! ✅
Sampling random walks from bitcoin-alpha-binary dataset...
Success! ✅
Building tokenizer for bitcoin-alpha-binary dataset...
Success! ✅
Padding and building stage tensors for bitcoin-alpha-binary dataset...
Success! ✅
Creating DataLoaders for bitcoin-alpha-binary dataset...
Success! ✅
GPU available: True (cuda), used: True
TPU available: False, using: 0 TPU cores
HPU available: False, using: 0 HPUs
/home/eng/shilo_avital/yolo_lab/walk_to_paint/.venv/lib64/python3.9/site-packages/pytorch_lightning/callbacks/model_checkpoint.py:658: Checkpoint directory /home/eng/shilo_avital/yolo_lab/walk_to_paint/checkpoints exists and is not empty.
LOCAL_RANK: 0 - CUDA_VISIBLE_DEVICES: [3]
/home/eng/shilo_avital/yolo_lab/walk_to_paint/.venv/lib64/python3.9/site-packages/pytorch_lightning/trainer/connectors/data_connector.py:425: The 'val_dataloader' does not have many workers which may be a bottleneck. Consider increasing the value of the `num_workers` argument` to `num_workers=127` in the `DataLoader` to improve performance.
/home/eng/shilo_avital/yolo_lab/walk_to_paint/.venv/lib64/python3.9/site-packages/pytorch_lightning/trainer/connectors/data_connector.py:425: The 'train_dataloader' does not have many workers which may be a bottleneck. Consider increasing the value of the `num_workers` argument` to `num_workers=127` in the `DataLoader` to improve performance.
Metric val_auc_epoch improved. New best score: 0.540
Metric val_auc_epoch improved by 0.008 >= min_delta = 0.0. New best score: 0.548
Metric val_auc_epoch improved by 0.001 >= min_delta = 0.0. New best score: 0.549
❌ Trial 96 failed: Trial was pruned at epoch 6.
