[I 2025-08-22 15:11:02,206] Trial 176 finished with value: -0.5714227557182312 and parameters: {'dataset.max_walk_length': 30, 'dataset.num_walks': 100223, 'training.lr': 3.175346268609169e-05, 'training.weight_decay': 0.002135267760024138, 'training.batch_size': 64, 'training.gradient_clip_val': 1.788575284062954, 'training.early_stopping_patience': 15, 'model.nhead_emb_combo': 21, 'model.hidden_dim': 4, 'model.nlayers': 2, 'model.dropout': 0.3958750412586822, 'training.epochs': 27}. Best is trial 1 with value: -0.6377121806144714.
/home/eng/shilo_avital/yolo_lab/walk_to_paint/optuna_run.py:147: FutureWarning: suggest_loguniform has been deprecated in v3.0.0. This feature will be removed in v6.0.0. See https://github.com/optuna/optuna/releases/tag/v3.0.0. Use suggest_float(..., log=True) instead.
  cfg.training.lr = trial.suggest_loguniform("training.lr", 1e-5, 1e-1)
/home/eng/shilo_avital/yolo_lab/walk_to_paint/optuna_run.py:148: FutureWarning: suggest_loguniform has been deprecated in v3.0.0. This feature will be removed in v6.0.0. See https://github.com/optuna/optuna/releases/tag/v3.0.0. Use suggest_float(..., log=True) instead.
  cfg.training.weight_decay = trial.suggest_loguniform(

🔬 Trial 177 hyperparameters:
  Walk length: 30, Num walks: 109,885
  LR: 3.07e-05, Batch size: 64
  Model: emb_dim=16, hidden_dim=4
  Transformer: 2 layers, 16 heads
  Epochs: 27, Weighted loss: True
Loading bitcoin-alpha-binary dataset...
Success! ✅
Splitting edges for bitcoin-alpha-binary dataset...
Success! ✅
Sampling random walks from bitcoin-alpha-binary dataset...
Success! ✅
Building tokenizer for bitcoin-alpha-binary dataset...
Success! ✅
Padding and building stage tensors for bitcoin-alpha-binary dataset...
Success! ✅
Creating DataLoaders for bitcoin-alpha-binary dataset...
Success! ✅
GPU available: True (cuda), used: True
TPU available: False, using: 0 TPU cores
HPU available: False, using: 0 HPUs
/home/eng/shilo_avital/yolo_lab/walk_to_paint/.venv/lib64/python3.9/site-packages/pytorch_lightning/callbacks/model_checkpoint.py:658: Checkpoint directory /home/eng/shilo_avital/yolo_lab/walk_to_paint/checkpoints exists and is not empty.
LOCAL_RANK: 0 - CUDA_VISIBLE_DEVICES: [3]
/home/eng/shilo_avital/yolo_lab/walk_to_paint/.venv/lib64/python3.9/site-packages/pytorch_lightning/trainer/connectors/data_connector.py:425: The 'val_dataloader' does not have many workers which may be a bottleneck. Consider increasing the value of the `num_workers` argument` to `num_workers=127` in the `DataLoader` to improve performance.
/home/eng/shilo_avital/yolo_lab/walk_to_paint/.venv/lib64/python3.9/site-packages/pytorch_lightning/trainer/connectors/data_connector.py:425: The 'train_dataloader' does not have many workers which may be a bottleneck. Consider increasing the value of the `num_workers` argument` to `num_workers=127` in the `DataLoader` to improve performance.
Metric val_auc_epoch improved. New best score: 0.495
Metric val_auc_epoch improved by 0.012 >= min_delta = 0.0. New best score: 0.508
Metric val_auc_epoch improved by 0.012 >= min_delta = 0.0. New best score: 0.519
Metric val_auc_epoch improved by 0.013 >= min_delta = 0.0. New best score: 0.532
Metric val_auc_epoch improved by 0.010 >= min_delta = 0.0. New best score: 0.542
Metric val_auc_epoch improved by 0.006 >= min_delta = 0.0. New best score: 0.548
Metric val_auc_epoch improved by 0.003 >= min_delta = 0.0. New best score: 0.552
Metric val_auc_epoch improved by 0.002 >= min_delta = 0.0. New best score: 0.553
Metric val_auc_epoch improved by 0.001 >= min_delta = 0.0. New best score: 0.554
Metric val_auc_epoch improved by 0.001 >= min_delta = 0.0. New best score: 0.555
Metric val_auc_epoch improved by 0.000 >= min_delta = 0.0. New best score: 0.555
Metric val_auc_epoch improved by 0.000 >= min_delta = 0.0. New best score: 0.556
Metric val_auc_epoch improved by 0.000 >= min_delta = 0.0. New best score: 0.556
Metric val_auc_epoch improved by 0.000 >= min_delta = 0.0. New best score: 0.556
Metric val_auc_epoch improved by 0.000 >= min_delta = 0.0. New best score: 0.556
Metric val_auc_epoch improved by 0.000 >= min_delta = 0.0. New best score: 0.556
Metric val_auc_epoch improved by 0.000 >= min_delta = 0.0. New best score: 0.556
Metric val_auc_epoch improved by 0.000 >= min_delta = 0.0. New best score: 0.556
`Trainer.fit` stopped: `max_epochs=27` reached.
Restoring states from the checkpoint path at /home/eng/shilo_avital/yolo_lab/walk_to_paint/checkpoints/trial_177-epoch=19-val_auc_epoch=0.5562.ckpt
LOCAL_RANK: 0 - CUDA_VISIBLE_DEVICES: [3]
Loaded model weights from the checkpoint at /home/eng/shilo_avital/yolo_lab/walk_to_paint/checkpoints/trial_177-epoch=19-val_auc_epoch=0.5562.ckpt
/home/eng/shilo_avital/yolo_lab/walk_to_paint/.venv/lib64/python3.9/site-packages/pytorch_lightning/trainer/connectors/data_connector.py:425: The 'val_dataloader' does not have many workers which may be a bottleneck. Consider increasing the value of the `num_workers` argument` to `num_workers=127` in the `DataLoader` to improve performance.
────────────────────────────────────────────────────────────────────────────────────────────────────────────────────────
     Validate metric           DataLoader 0
────────────────────────────────────────────────────────────────────────────────────────────────────────────────────────
      val_acc_epoch         0.5380433201789856
      val_auc_epoch         0.5562314987182617
      val_f1_epoch          0.5379230976104736
        val_loss            0.6881573796272278
────────────────────────────────────────────────────────────────────────────────────────────────────────────────────────
✅ Trial 177 completed - Val AUC: 0.5562
[I 2025-08-22 15:19:52,318] Trial 177 finished with value: -0.5562314987182617 and parameters: {'dataset.max_walk_length': 30, 'dataset.num_walks': 109885, 'training.lr': 3.0656389762421095e-05, 'training.weight_decay': 0.0025721075273672325, 'training.batch_size': 64, 'training.gradient_clip_val': 0.4807020415145684, 'training.early_stopping_patience': 15, 'model.nhead_emb_combo': 23, 'model.hidden_dim': 4, 'model.nlayers': 2, 'model.dropout': 0.5079899956776486, 'training.epochs': 27}. Best is trial 1 with value: -0.6377121806144714.
/home/eng/shilo_avital/yolo_lab/walk_to_paint/optuna_run.py:147: FutureWarning: suggest_loguniform has been deprecated in v3.0.0. This feature will be removed in v6.0.0. See https://github.com/optuna/optuna/releases/tag/v3.0.0. Use suggest_float(..., log=True) instead.
  cfg.training.lr = trial.suggest_loguniform("training.lr", 1e-5, 1e-1)
/home/eng/shilo_avital/yolo_lab/walk_to_paint/optuna_run.py:148: FutureWarning: suggest_loguniform has been deprecated in v3.0.0. This feature will be removed in v6.0.0. See https://github.com/optuna/optuna/releases/tag/v3.0.0. Use suggest_float(..., log=True) instead.
  cfg.training.weight_decay = trial.suggest_loguniform(

🔬 Trial 178 hyperparameters:
  Walk length: 27, Num walks: 100,384
  LR: 1.56e-05, Batch size: 64
  Model: emb_dim=32, hidden_dim=4
  Transformer: 2 layers, 8 heads
  Epochs: 26, Weighted loss: True
Loading bitcoin-alpha-binary dataset...
Success! ✅
Splitting edges for bitcoin-alpha-binary dataset...
Success! ✅
Sampling random walks from bitcoin-alpha-binary dataset...
Success! ✅
Building tokenizer for bitcoin-alpha-binary dataset...
Success! ✅
Padding and building stage tensors for bitcoin-alpha-binary dataset...
Success! ✅
Creating DataLoaders for bitcoin-alpha-binary dataset...
Success! ✅
GPU available: True (cuda), used: True
TPU available: False, using: 0 TPU cores
HPU available: False, using: 0 HPUs
/home/eng/shilo_avital/yolo_lab/walk_to_paint/.venv/lib64/python3.9/site-packages/pytorch_lightning/callbacks/model_checkpoint.py:658: Checkpoint directory /home/eng/shilo_avital/yolo_lab/walk_to_paint/checkpoints exists and is not empty.
LOCAL_RANK: 0 - CUDA_VISIBLE_DEVICES: [3]
/home/eng/shilo_avital/yolo_lab/walk_to_paint/.venv/lib64/python3.9/site-packages/pytorch_lightning/trainer/connectors/data_connector.py:425: The 'val_dataloader' does not have many workers which may be a bottleneck. Consider increasing the value of the `num_workers` argument` to `num_workers=127` in the `DataLoader` to improve performance.
/home/eng/shilo_avital/yolo_lab/walk_to_paint/.venv/lib64/python3.9/site-packages/pytorch_lightning/trainer/connectors/data_connector.py:425: The 'train_dataloader' does not have many workers which may be a bottleneck. Consider increasing the value of the `num_workers` argument` to `num_workers=127` in the `DataLoader` to improve performance.
Metric val_auc_epoch improved. New best score: 0.518
Metric val_auc_epoch improved by 0.009 >= min_delta = 0.0. New best score: 0.527
Metric val_auc_epoch improved by 0.008 >= min_delta = 0.0. New best score: 0.534
Metric val_auc_epoch improved by 0.006 >= min_delta = 0.0. New best score: 0.540
Metric val_auc_epoch improved by 0.004 >= min_delta = 0.0. New best score: 0.544
Metric val_auc_epoch improved by 0.002 >= min_delta = 0.0. New best score: 0.547
Metric val_auc_epoch improved by 0.001 >= min_delta = 0.0. New best score: 0.548
Metric val_auc_epoch improved by 0.001 >= min_delta = 0.0. New best score: 0.549
Metric val_auc_epoch improved by 0.001 >= min_delta = 0.0. New best score: 0.550
Metric val_auc_epoch improved by 0.000 >= min_delta = 0.0. New best score: 0.550
Metric val_auc_epoch improved by 0.000 >= min_delta = 0.0. New best score: 0.550
Metric val_auc_epoch improved by 0.000 >= min_delta = 0.0. New best score: 0.550
Metric val_auc_epoch improved by 0.000 >= min_delta = 0.0. New best score: 0.550
`Trainer.fit` stopped: `max_epochs=26` reached.
Restoring states from the checkpoint path at /home/eng/shilo_avital/yolo_lab/walk_to_paint/checkpoints/trial_178-epoch=13-val_auc_epoch=0.5504.ckpt
LOCAL_RANK: 0 - CUDA_VISIBLE_DEVICES: [3]
Loaded model weights from the checkpoint at /home/eng/shilo_avital/yolo_lab/walk_to_paint/checkpoints/trial_178-epoch=13-val_auc_epoch=0.5504.ckpt
/home/eng/shilo_avital/yolo_lab/walk_to_paint/.venv/lib64/python3.9/site-packages/pytorch_lightning/trainer/connectors/data_connector.py:425: The 'val_dataloader' does not have many workers which may be a bottleneck. Consider increasing the value of the `num_workers` argument` to `num_workers=127` in the `DataLoader` to improve performance.
────────────────────────────────────────────────────────────────────────────────────────────────────────────────────────
     Validate metric           DataLoader 0
────────────────────────────────────────────────────────────────────────────────────────────────────────────────────────
      val_acc_epoch         0.5345361232757568
      val_auc_epoch         0.5503716468811035
      val_f1_epoch          0.5343924164772034
        val_loss            0.6895771622657776
────────────────────────────────────────────────────────────────────────────────────────────────────────────────────────
✅ Trial 178 completed - Val AUC: 0.5504
[I 2025-08-22 15:27:23,858] Trial 178 finished with value: -0.5503716468811035 and parameters: {'dataset.max_walk_length': 27, 'dataset.num_walks': 100384, 'training.lr': 1.5560108751747174e-05, 'training.weight_decay': 0.0016879640771802872, 'training.batch_size': 64, 'training.gradient_clip_val': 1.8318107565870314, 'training.early_stopping_patience': 14, 'model.nhead_emb_combo': 20, 'model.hidden_dim': 4, 'model.nlayers': 2, 'model.dropout': 0.4103145562888936, 'training.epochs': 26}. Best is trial 1 with value: -0.6377121806144714.
/home/eng/shilo_avital/yolo_lab/walk_to_paint/optuna_run.py:147: FutureWarning: suggest_loguniform has been deprecated in v3.0.0. This feature will be removed in v6.0.0. See https://github.com/optuna/optuna/releases/tag/v3.0.0. Use suggest_float(..., log=True) instead.
  cfg.training.lr = trial.suggest_loguniform("training.lr", 1e-5, 1e-1)
/home/eng/shilo_avital/yolo_lab/walk_to_paint/optuna_run.py:148: FutureWarning: suggest_loguniform has been deprecated in v3.0.0. This feature will be removed in v6.0.0. See https://github.com/optuna/optuna/releases/tag/v3.0.0. Use suggest_float(..., log=True) instead.
  cfg.training.weight_decay = trial.suggest_loguniform(

🔬 Trial 179 hyperparameters:
  Walk length: 32, Num walks: 108,846
  LR: 1.55e-02, Batch size: 64
  Model: emb_dim=128, hidden_dim=4
  Transformer: 2 layers, 8 heads
  Epochs: 28, Weighted loss: True
Loading bitcoin-alpha-binary dataset...
Success! ✅
Splitting edges for bitcoin-alpha-binary dataset...
Success! ✅
Sampling random walks from bitcoin-alpha-binary dataset...
Success! ✅
Building tokenizer for bitcoin-alpha-binary dataset...
Success! ✅
Padding and building stage tensors for bitcoin-alpha-binary dataset...
Success! ✅
Creating DataLoaders for bitcoin-alpha-binary dataset...
Success! ✅
GPU available: True (cuda), used: True
TPU available: False, using: 0 TPU cores
HPU available: False, using: 0 HPUs
/home/eng/shilo_avital/yolo_lab/walk_to_paint/.venv/lib64/python3.9/site-packages/pytorch_lightning/callbacks/model_checkpoint.py:658: Checkpoint directory /home/eng/shilo_avital/yolo_lab/walk_to_paint/checkpoints exists and is not empty.
LOCAL_RANK: 0 - CUDA_VISIBLE_DEVICES: [3]
/home/eng/shilo_avital/yolo_lab/walk_to_paint/.venv/lib64/python3.9/site-packages/pytorch_lightning/trainer/connectors/data_connector.py:425: The 'val_dataloader' does not have many workers which may be a bottleneck. Consider increasing the value of the `num_workers` argument` to `num_workers=127` in the `DataLoader` to improve performance.
/home/eng/shilo_avital/yolo_lab/walk_to_paint/.venv/lib64/python3.9/site-packages/pytorch_lightning/trainer/connectors/data_connector.py:425: The 'train_dataloader' does not have many workers which may be a bottleneck. Consider increasing the value of the `num_workers` argument` to `num_workers=127` in the `DataLoader` to improve performance.
Metric val_auc_epoch improved. New best score: 0.509
Monitored metric val_auc_epoch did not improve in the last 16 records. Best score: 0.509. Signaling Trainer to stop.
Restoring states from the checkpoint path at /home/eng/shilo_avital/yolo_lab/walk_to_paint/checkpoints/trial_179-epoch=00-val_auc_epoch=0.5092.ckpt
LOCAL_RANK: 0 - CUDA_VISIBLE_DEVICES: [3]
Loaded model weights from the checkpoint at /home/eng/shilo_avital/yolo_lab/walk_to_paint/checkpoints/trial_179-epoch=00-val_auc_epoch=0.5092.ckpt
/home/eng/shilo_avital/yolo_lab/walk_to_paint/.venv/lib64/python3.9/site-packages/pytorch_lightning/trainer/connectors/data_connector.py:425: The 'val_dataloader' does not have many workers which may be a bottleneck. Consider increasing the value of the `num_workers` argument` to `num_workers=127` in the `DataLoader` to improve performance.
────────────────────────────────────────────────────────────────────────────────────────────────────────────────────────
     Validate metric           DataLoader 0
────────────────────────────────────────────────────────────────────────────────────────────────────────────────────────
      val_acc_epoch                 0.5
      val_auc_epoch         0.5091800689697266
      val_f1_epoch          0.3636126220226288
        val_loss            0.6931620240211487
────────────────────────────────────────────────────────────────────────────────────────────────────────────────────────
✅ Trial 179 completed - Val AUC: 0.5092
[I 2025-08-22 15:32:55,422] Trial 179 finished with value: -0.5091800689697266 and parameters: {'dataset.max_walk_length': 32, 'dataset.num_walks': 108846, 'training.lr': 0.015548967782967906, 'training.weight_decay': 0.0009924403492054972, 'training.batch_size': 64, 'training.gradient_clip_val': 1.7831081687374413, 'training.early_stopping_patience': 16, 'model.nhead_emb_combo': 22, 'model.hidden_dim': 4, 'model.nlayers': 2, 'model.dropout': 0.435425351655186, 'training.epochs': 28}. Best is trial 1 with value: -0.6377121806144714.
/home/eng/shilo_avital/yolo_lab/walk_to_paint/optuna_run.py:147: FutureWarning: suggest_loguniform has been deprecated in v3.0.0. This feature will be removed in v6.0.0. See https://github.com/optuna/optuna/releases/tag/v3.0.0. Use suggest_float(..., log=True) instead.
  cfg.training.lr = trial.suggest_loguniform("training.lr", 1e-5, 1e-1)
/home/eng/shilo_avital/yolo_lab/walk_to_paint/optuna_run.py:148: FutureWarning: suggest_loguniform has been deprecated in v3.0.0. This feature will be removed in v6.0.0. See https://github.com/optuna/optuna/releases/tag/v3.0.0. Use suggest_float(..., log=True) instead.
  cfg.training.weight_decay = trial.suggest_loguniform(

🔬 Trial 180 hyperparameters:
  Walk length: 29, Num walks: 121,895
  LR: 2.70e-05, Batch size: 64
  Model: emb_dim=8, hidden_dim=4
  Transformer: 2 layers, 2 heads
  Epochs: 30, Weighted loss: True
Loading bitcoin-alpha-binary dataset...
Success! ✅
Splitting edges for bitcoin-alpha-binary dataset...
Success! ✅
Sampling random walks from bitcoin-alpha-binary dataset...
Success! ✅
Building tokenizer for bitcoin-alpha-binary dataset...
Success! ✅
Padding and building stage tensors for bitcoin-alpha-binary dataset...
Success! ✅
Creating DataLoaders for bitcoin-alpha-binary dataset...
Success! ✅
GPU available: True (cuda), used: True
TPU available: False, using: 0 TPU cores
HPU available: False, using: 0 HPUs
/home/eng/shilo_avital/yolo_lab/walk_to_paint/.venv/lib64/python3.9/site-packages/pytorch_lightning/callbacks/model_checkpoint.py:658: Checkpoint directory /home/eng/shilo_avital/yolo_lab/walk_to_paint/checkpoints exists and is not empty.
LOCAL_RANK: 0 - CUDA_VISIBLE_DEVICES: [3]
/home/eng/shilo_avital/yolo_lab/walk_to_paint/.venv/lib64/python3.9/site-packages/pytorch_lightning/trainer/connectors/data_connector.py:425: The 'val_dataloader' does not have many workers which may be a bottleneck. Consider increasing the value of the `num_workers` argument` to `num_workers=127` in the `DataLoader` to improve performance.
/home/eng/shilo_avital/yolo_lab/walk_to_paint/.venv/lib64/python3.9/site-packages/pytorch_lightning/trainer/connectors/data_connector.py:425: The 'train_dataloader' does not have many workers which may be a bottleneck. Consider increasing the value of the `num_workers` argument` to `num_workers=127` in the `DataLoader` to improve performance.
Metric val_auc_epoch improved. New best score: 0.513
Metric val_auc_epoch improved by 0.007 >= min_delta = 0.0. New best score: 0.520
Metric val_auc_epoch improved by 0.007 >= min_delta = 0.0. New best score: 0.527
Metric val_auc_epoch improved by 0.006 >= min_delta = 0.0. New best score: 0.533
Metric val_auc_epoch improved by 0.005 >= min_delta = 0.0. New best score: 0.539
Metric val_auc_epoch improved by 0.004 >= min_delta = 0.0. New best score: 0.543
Metric val_auc_epoch improved by 0.003 >= min_delta = 0.0. New best score: 0.546
Metric val_auc_epoch improved by 0.002 >= min_delta = 0.0. New best score: 0.548
Metric val_auc_epoch improved by 0.002 >= min_delta = 0.0. New best score: 0.550
Metric val_auc_epoch improved by 0.001 >= min_delta = 0.0. New best score: 0.551
Metric val_auc_epoch improved by 0.001 >= min_delta = 0.0. New best score: 0.552
Metric val_auc_epoch improved by 0.001 >= min_delta = 0.0. New best score: 0.553
Metric val_auc_epoch improved by 0.001 >= min_delta = 0.0. New best score: 0.553
Metric val_auc_epoch improved by 0.001 >= min_delta = 0.0. New best score: 0.554
Metric val_auc_epoch improved by 0.000 >= min_delta = 0.0. New best score: 0.554
Metric val_auc_epoch improved by 0.000 >= min_delta = 0.0. New best score: 0.555
Metric val_auc_epoch improved by 0.000 >= min_delta = 0.0. New best score: 0.555
Metric val_auc_epoch improved by 0.000 >= min_delta = 0.0. New best score: 0.556
Metric val_auc_epoch improved by 0.000 >= min_delta = 0.0. New best score: 0.556
Metric val_auc_epoch improved by 0.000 >= min_delta = 0.0. New best score: 0.556
Metric val_auc_epoch improved by 0.000 >= min_delta = 0.0. New best score: 0.556
Metric val_auc_epoch improved by 0.000 >= min_delta = 0.0. New best score: 0.556
Metric val_auc_epoch improved by 0.000 >= min_delta = 0.0. New best score: 0.556
Metric val_auc_epoch improved by 0.000 >= min_delta = 0.0. New best score: 0.556
Metric val_auc_epoch improved by 0.000 >= min_delta = 0.0. New best score: 0.556
Metric val_auc_epoch improved by 0.000 >= min_delta = 0.0. New best score: 0.557
Metric val_auc_epoch improved by 0.000 >= min_delta = 0.0. New best score: 0.557
Metric val_auc_epoch improved by 0.000 >= min_delta = 0.0. New best score: 0.557
Metric val_auc_epoch improved by 0.000 >= min_delta = 0.0. New best score: 0.557
Metric val_auc_epoch improved by 0.000 >= min_delta = 0.0. New best score: 0.557
`Trainer.fit` stopped: `max_epochs=30` reached.
Restoring states from the checkpoint path at /home/eng/shilo_avital/yolo_lab/walk_to_paint/checkpoints/trial_180-epoch=29-val_auc_epoch=0.5566.ckpt
LOCAL_RANK: 0 - CUDA_VISIBLE_DEVICES: [3]
Loaded model weights from the checkpoint at /home/eng/shilo_avital/yolo_lab/walk_to_paint/checkpoints/trial_180-epoch=29-val_auc_epoch=0.5566.ckpt
/home/eng/shilo_avital/yolo_lab/walk_to_paint/.venv/lib64/python3.9/site-packages/pytorch_lightning/trainer/connectors/data_connector.py:425: The 'val_dataloader' does not have many workers which may be a bottleneck. Consider increasing the value of the `num_workers` argument` to `num_workers=127` in the `DataLoader` to improve performance.
────────────────────────────────────────────────────────────────────────────────────────────────────────────────────────
     Validate metric           DataLoader 0
────────────────────────────────────────────────────────────────────────────────────────────────────────────────────────
      val_acc_epoch         0.5405969619750977
      val_auc_epoch         0.5565690398216248
      val_f1_epoch          0.5406627655029297
        val_loss            0.6887478828430176
────────────────────────────────────────────────────────────────────────────────────────────────────────────────────────
✅ Trial 180 completed - Val AUC: 0.5566
