[I 2025-08-22 11:10:56,554] Trial 140 finished with value: 0.0 and parameters: {'dataset.max_walk_length': 21, 'dataset.num_walks': 158402, 'training.lr': 0.0027993705558538337, 'training.weight_decay': 0.008869259266553879, 'training.batch_size': 512, 'training.gradient_clip_val': 1.6131878393334456, 'training.early_stopping_patience': 5, 'model.nhead_emb_combo': 2, 'model.hidden_dim': 256, 'model.nlayers': 2, 'model.dropout': 0.5058166552333005, 'training.epochs': 27}. Best is trial 1 with value: -0.6377121806144714.
🧹 Cleaning up old checkpoints and logs (keeping top 10)...
  Removed old checkpoint: trial_130-epoch=24-val_auc_epoch=0.5251.ckpt
  Removed old checkpoint: trial_129-epoch=08-val_auc_epoch=0.5557.ckpt
  Removed old checkpoint: trial_128-epoch=23-val_auc_epoch=0.5512.ckpt
  Removed old checkpoint: trial_127-epoch=02-val_auc_epoch=0.5570.ckpt
  Removed old checkpoint: trial_126-epoch=26-val_auc_epoch=0.5572.ckpt
  Removed old log dir: trial_130
  Removed old log dir: trial_129
  Removed old log dir: trial_128
  Removed old log dir: trial_127
  Removed old log dir: trial_126
/home/eng/shilo_avital/yolo_lab/walk_to_paint/optuna_run.py:147: FutureWarning: suggest_loguniform has been deprecated in v3.0.0. This feature will be removed in v6.0.0. See https://github.com/optuna/optuna/releases/tag/v3.0.0. Use suggest_float(..., log=True) instead.
  cfg.training.lr = trial.suggest_loguniform("training.lr", 1e-5, 1e-1)
/home/eng/shilo_avital/yolo_lab/walk_to_paint/optuna_run.py:148: FutureWarning: suggest_loguniform has been deprecated in v3.0.0. This feature will be removed in v6.0.0. See https://github.com/optuna/optuna/releases/tag/v3.0.0. Use suggest_float(..., log=True) instead.
  cfg.training.weight_decay = trial.suggest_loguniform(

🔬 Trial 141 hyperparameters:
  Walk length: 17, Num walks: 142,387
  LR: 3.66e-05, Batch size: 512
  Model: emb_dim=8, hidden_dim=256
  Transformer: 2 layers, 4 heads
  Epochs: 22, Weighted loss: True
Loading bitcoin-alpha-binary dataset...
Success! ✅
Splitting edges for bitcoin-alpha-binary dataset...
Success! ✅
Sampling random walks from bitcoin-alpha-binary dataset...
Success! ✅
Building tokenizer for bitcoin-alpha-binary dataset...
Success! ✅
Padding and building stage tensors for bitcoin-alpha-binary dataset...
Success! ✅
Creating DataLoaders for bitcoin-alpha-binary dataset...
Success! ✅
GPU available: True (cuda), used: True
TPU available: False, using: 0 TPU cores
HPU available: False, using: 0 HPUs
/home/eng/shilo_avital/yolo_lab/walk_to_paint/.venv/lib64/python3.9/site-packages/pytorch_lightning/callbacks/model_checkpoint.py:658: Checkpoint directory /home/eng/shilo_avital/yolo_lab/walk_to_paint/checkpoints exists and is not empty.
LOCAL_RANK: 0 - CUDA_VISIBLE_DEVICES: [3]
/home/eng/shilo_avital/yolo_lab/walk_to_paint/.venv/lib64/python3.9/site-packages/pytorch_lightning/trainer/connectors/data_connector.py:425: The 'val_dataloader' does not have many workers which may be a bottleneck. Consider increasing the value of the `num_workers` argument` to `num_workers=127` in the `DataLoader` to improve performance.
/home/eng/shilo_avital/yolo_lab/walk_to_paint/.venv/lib64/python3.9/site-packages/pytorch_lightning/trainer/connectors/data_connector.py:425: The 'train_dataloader' does not have many workers which may be a bottleneck. Consider increasing the value of the `num_workers` argument` to `num_workers=127` in the `DataLoader` to improve performance.
Metric val_auc_epoch improved. New best score: 0.523
Metric val_auc_epoch improved by 0.008 >= min_delta = 0.0. New best score: 0.530
Metric val_auc_epoch improved by 0.006 >= min_delta = 0.0. New best score: 0.536
Metric val_auc_epoch improved by 0.003 >= min_delta = 0.0. New best score: 0.539
Metric val_auc_epoch improved by 0.002 >= min_delta = 0.0. New best score: 0.541
Metric val_auc_epoch improved by 0.002 >= min_delta = 0.0. New best score: 0.543
Metric val_auc_epoch improved by 0.001 >= min_delta = 0.0. New best score: 0.544
Metric val_auc_epoch improved by 0.000 >= min_delta = 0.0. New best score: 0.544
Metric val_auc_epoch improved by 0.001 >= min_delta = 0.0. New best score: 0.545
Metric val_auc_epoch improved by 0.001 >= min_delta = 0.0. New best score: 0.545
Metric val_auc_epoch improved by 0.000 >= min_delta = 0.0. New best score: 0.546
Metric val_auc_epoch improved by 0.000 >= min_delta = 0.0. New best score: 0.546
Metric val_auc_epoch improved by 0.000 >= min_delta = 0.0. New best score: 0.546
Metric val_auc_epoch improved by 0.000 >= min_delta = 0.0. New best score: 0.546
Metric val_auc_epoch improved by 0.000 >= min_delta = 0.0. New best score: 0.547
Metric val_auc_epoch improved by 0.000 >= min_delta = 0.0. New best score: 0.547
Metric val_auc_epoch improved by 0.000 >= min_delta = 0.0. New best score: 0.547
Metric val_auc_epoch improved by 0.000 >= min_delta = 0.0. New best score: 0.547
Metric val_auc_epoch improved by 0.000 >= min_delta = 0.0. New best score: 0.547
Metric val_auc_epoch improved by 0.000 >= min_delta = 0.0. New best score: 0.548
Metric val_auc_epoch improved by 0.000 >= min_delta = 0.0. New best score: 0.548
`Trainer.fit` stopped: `max_epochs=22` reached.
Restoring states from the checkpoint path at /home/eng/shilo_avital/yolo_lab/walk_to_paint/checkpoints/trial_141-epoch=20-val_auc_epoch=0.5475.ckpt
LOCAL_RANK: 0 - CUDA_VISIBLE_DEVICES: [3]
Loaded model weights from the checkpoint at /home/eng/shilo_avital/yolo_lab/walk_to_paint/checkpoints/trial_141-epoch=20-val_auc_epoch=0.5475.ckpt
/home/eng/shilo_avital/yolo_lab/walk_to_paint/.venv/lib64/python3.9/site-packages/pytorch_lightning/trainer/connectors/data_connector.py:425: The 'val_dataloader' does not have many workers which may be a bottleneck. Consider increasing the value of the `num_workers` argument` to `num_workers=127` in the `DataLoader` to improve performance.
────────────────────────────────────────────────────────────────────────────────────────────────────────────────────────
     Validate metric           DataLoader 0
────────────────────────────────────────────────────────────────────────────────────────────────────────────────────────
      val_acc_epoch         0.5326284170150757
      val_auc_epoch          0.547508180141449
      val_f1_epoch          0.5246587991714478
        val_loss             0.691089928150177
────────────────────────────────────────────────────────────────────────────────────────────────────────────────────────
✅ Trial 141 completed - Val AUC: 0.5475
[I 2025-08-22 11:13:04,943] Trial 141 finished with value: -0.547508180141449 and parameters: {'dataset.max_walk_length': 17, 'dataset.num_walks': 142387, 'training.lr': 3.663563483200743e-05, 'training.weight_decay': 0.005645729732277558, 'training.batch_size': 512, 'training.gradient_clip_val': 1.6945804467052417, 'training.early_stopping_patience': 6, 'model.nhead_emb_combo': 13, 'model.hidden_dim': 256, 'model.nlayers': 2, 'model.dropout': 0.5275366032543707, 'training.epochs': 22}. Best is trial 1 with value: -0.6377121806144714.
/home/eng/shilo_avital/yolo_lab/walk_to_paint/optuna_run.py:147: FutureWarning: suggest_loguniform has been deprecated in v3.0.0. This feature will be removed in v6.0.0. See https://github.com/optuna/optuna/releases/tag/v3.0.0. Use suggest_float(..., log=True) instead.
  cfg.training.lr = trial.suggest_loguniform("training.lr", 1e-5, 1e-1)
/home/eng/shilo_avital/yolo_lab/walk_to_paint/optuna_run.py:148: FutureWarning: suggest_loguniform has been deprecated in v3.0.0. This feature will be removed in v6.0.0. See https://github.com/optuna/optuna/releases/tag/v3.0.0. Use suggest_float(..., log=True) instead.
  cfg.training.weight_decay = trial.suggest_loguniform(

🔬 Trial 142 hyperparameters:
  Walk length: 89, Num walks: 166,296
  LR: 5.51e-05, Batch size: 32
  Model: emb_dim=64, hidden_dim=8
  Transformer: 2 layers, 1 heads
  Epochs: 28, Weighted loss: True
Loading bitcoin-alpha-binary dataset...
Success! ✅
Splitting edges for bitcoin-alpha-binary dataset...
Success! ✅
Sampling random walks from bitcoin-alpha-binary dataset...
Success! ✅
Building tokenizer for bitcoin-alpha-binary dataset...
Success! ✅
Padding and building stage tensors for bitcoin-alpha-binary dataset...
Success! ✅
Creating DataLoaders for bitcoin-alpha-binary dataset...
Success! ✅
/home/eng/shilo_avital/yolo_lab/walk_to_paint/.venv/lib64/python3.9/site-packages/torch/nn/modules/transformer.py:382: UserWarning: enable_nested_tensor is True, but self.use_nested_tensor is False because encoder_layer.self_attn.num_heads is odd
  warnings.warn(
GPU available: True (cuda), used: True
TPU available: False, using: 0 TPU cores
HPU available: False, using: 0 HPUs
/home/eng/shilo_avital/yolo_lab/walk_to_paint/.venv/lib64/python3.9/site-packages/pytorch_lightning/callbacks/model_checkpoint.py:658: Checkpoint directory /home/eng/shilo_avital/yolo_lab/walk_to_paint/checkpoints exists and is not empty.
LOCAL_RANK: 0 - CUDA_VISIBLE_DEVICES: [3]
/home/eng/shilo_avital/yolo_lab/walk_to_paint/.venv/lib64/python3.9/site-packages/pytorch_lightning/trainer/connectors/data_connector.py:425: The 'val_dataloader' does not have many workers which may be a bottleneck. Consider increasing the value of the `num_workers` argument` to `num_workers=127` in the `DataLoader` to improve performance.
/home/eng/shilo_avital/yolo_lab/walk_to_paint/.venv/lib64/python3.9/site-packages/pytorch_lightning/trainer/connectors/data_connector.py:425: The 'train_dataloader' does not have many workers which may be a bottleneck. Consider increasing the value of the `num_workers` argument` to `num_workers=127` in the `DataLoader` to improve performance.
Metric val_auc_epoch improved. New best score: 0.559
Metric val_auc_epoch improved by 0.001 >= min_delta = 0.0. New best score: 0.560
Metric val_auc_epoch improved by 0.004 >= min_delta = 0.0. New best score: 0.564
Metric val_auc_epoch improved by 0.006 >= min_delta = 0.0. New best score: 0.570
❌ Trial 142 failed: Trial was pruned at epoch 5.
[I 2025-08-22 11:18:55,848] Trial 142 finished with value: 0.0 and parameters: {'dataset.max_walk_length': 89, 'dataset.num_walks': 166296, 'training.lr': 5.513337032660154e-05, 'training.weight_decay': 0.014814078369374775, 'training.batch_size': 32, 'training.gradient_clip_val': 1.8694872520312489, 'training.early_stopping_patience': 6, 'model.nhead_emb_combo': 4, 'model.hidden_dim': 8, 'model.nlayers': 2, 'model.dropout': 0.553947827594312, 'training.epochs': 28}. Best is trial 1 with value: -0.6377121806144714.
/home/eng/shilo_avital/yolo_lab/walk_to_paint/optuna_run.py:147: FutureWarning: suggest_loguniform has been deprecated in v3.0.0. This feature will be removed in v6.0.0. See https://github.com/optuna/optuna/releases/tag/v3.0.0. Use suggest_float(..., log=True) instead.
  cfg.training.lr = trial.suggest_loguniform("training.lr", 1e-5, 1e-1)
/home/eng/shilo_avital/yolo_lab/walk_to_paint/optuna_run.py:148: FutureWarning: suggest_loguniform has been deprecated in v3.0.0. This feature will be removed in v6.0.0. See https://github.com/optuna/optuna/releases/tag/v3.0.0. Use suggest_float(..., log=True) instead.
  cfg.training.weight_decay = trial.suggest_loguniform(

🔬 Trial 143 hyperparameters:
  Walk length: 14, Num walks: 133,098
  LR: 4.84e-05, Batch size: 256
  Model: emb_dim=16, hidden_dim=16
  Transformer: 2 layers, 4 heads
  Epochs: 23, Weighted loss: True
Loading bitcoin-alpha-binary dataset...
Success! ✅
Splitting edges for bitcoin-alpha-binary dataset...
Success! ✅
Sampling random walks from bitcoin-alpha-binary dataset...
Success! ✅
Building tokenizer for bitcoin-alpha-binary dataset...
Success! ✅
Padding and building stage tensors for bitcoin-alpha-binary dataset...
Success! ✅
Creating DataLoaders for bitcoin-alpha-binary dataset...
Success! ✅
GPU available: True (cuda), used: True
TPU available: False, using: 0 TPU cores
HPU available: False, using: 0 HPUs
/home/eng/shilo_avital/yolo_lab/walk_to_paint/.venv/lib64/python3.9/site-packages/pytorch_lightning/callbacks/model_checkpoint.py:658: Checkpoint directory /home/eng/shilo_avital/yolo_lab/walk_to_paint/checkpoints exists and is not empty.
LOCAL_RANK: 0 - CUDA_VISIBLE_DEVICES: [3]
/home/eng/shilo_avital/yolo_lab/walk_to_paint/.venv/lib64/python3.9/site-packages/pytorch_lightning/trainer/connectors/data_connector.py:425: The 'val_dataloader' does not have many workers which may be a bottleneck. Consider increasing the value of the `num_workers` argument` to `num_workers=127` in the `DataLoader` to improve performance.
/home/eng/shilo_avital/yolo_lab/walk_to_paint/.venv/lib64/python3.9/site-packages/pytorch_lightning/trainer/connectors/data_connector.py:425: The 'train_dataloader' does not have many workers which may be a bottleneck. Consider increasing the value of the `num_workers` argument` to `num_workers=127` in the `DataLoader` to improve performance.
Metric val_auc_epoch improved. New best score: 0.504
Metric val_auc_epoch improved by 0.007 >= min_delta = 0.0. New best score: 0.512
Metric val_auc_epoch improved by 0.007 >= min_delta = 0.0. New best score: 0.518
Metric val_auc_epoch improved by 0.008 >= min_delta = 0.0. New best score: 0.526
Metric val_auc_epoch improved by 0.008 >= min_delta = 0.0. New best score: 0.534
Metric val_auc_epoch improved by 0.006 >= min_delta = 0.0. New best score: 0.540
Metric val_auc_epoch improved by 0.005 >= min_delta = 0.0. New best score: 0.545
Metric val_auc_epoch improved by 0.003 >= min_delta = 0.0. New best score: 0.548
Metric val_auc_epoch improved by 0.002 >= min_delta = 0.0. New best score: 0.551
Metric val_auc_epoch improved by 0.002 >= min_delta = 0.0. New best score: 0.552
Metric val_auc_epoch improved by 0.001 >= min_delta = 0.0. New best score: 0.553
Metric val_auc_epoch improved by 0.001 >= min_delta = 0.0. New best score: 0.554
Metric val_auc_epoch improved by 0.001 >= min_delta = 0.0. New best score: 0.555
Metric val_auc_epoch improved by 0.000 >= min_delta = 0.0. New best score: 0.555
Metric val_auc_epoch improved by 0.000 >= min_delta = 0.0. New best score: 0.556
Metric val_auc_epoch improved by 0.000 >= min_delta = 0.0. New best score: 0.556
Metric val_auc_epoch improved by 0.000 >= min_delta = 0.0. New best score: 0.556
Metric val_auc_epoch improved by 0.000 >= min_delta = 0.0. New best score: 0.556
Metric val_auc_epoch improved by 0.000 >= min_delta = 0.0. New best score: 0.556
Metric val_auc_epoch improved by 0.000 >= min_delta = 0.0. New best score: 0.556
Metric val_auc_epoch improved by 0.000 >= min_delta = 0.0. New best score: 0.556
Metric val_auc_epoch improved by 0.000 >= min_delta = 0.0. New best score: 0.556
Metric val_auc_epoch improved by 0.000 >= min_delta = 0.0. New best score: 0.556
`Trainer.fit` stopped: `max_epochs=23` reached.
Restoring states from the checkpoint path at /home/eng/shilo_avital/yolo_lab/walk_to_paint/checkpoints/trial_143-epoch=22-val_auc_epoch=0.5564.ckpt
LOCAL_RANK: 0 - CUDA_VISIBLE_DEVICES: [3]
Loaded model weights from the checkpoint at /home/eng/shilo_avital/yolo_lab/walk_to_paint/checkpoints/trial_143-epoch=22-val_auc_epoch=0.5564.ckpt
/home/eng/shilo_avital/yolo_lab/walk_to_paint/.venv/lib64/python3.9/site-packages/pytorch_lightning/trainer/connectors/data_connector.py:425: The 'val_dataloader' does not have many workers which may be a bottleneck. Consider increasing the value of the `num_workers` argument` to `num_workers=127` in the `DataLoader` to improve performance.
────────────────────────────────────────────────────────────────────────────────────────────────────────────────────────
     Validate metric           DataLoader 0
────────────────────────────────────────────────────────────────────────────────────────────────────────────────────────
      val_acc_epoch         0.5403456687927246
      val_auc_epoch         0.5563760995864868
      val_f1_epoch          0.5384491682052612
        val_loss            0.6882011890411377
────────────────────────────────────────────────────────────────────────────────────────────────────────────────────────
✅ Trial 143 completed - Val AUC: 0.5564
[I 2025-08-22 11:21:52,821] Trial 143 finished with value: -0.5563760995864868 and parameters: {'dataset.max_walk_length': 14, 'dataset.num_walks': 133098, 'training.lr': 4.8374688978787794e-05, 'training.weight_decay': 0.003976820513388839, 'training.batch_size': 256, 'training.gradient_clip_val': 1.720600737216054, 'training.early_stopping_patience': 18, 'model.nhead_emb_combo': 14, 'model.hidden_dim': 16, 'model.nlayers': 2, 'model.dropout': 0.5737965745118947, 'training.epochs': 23}. Best is trial 1 with value: -0.6377121806144714.
/home/eng/shilo_avital/yolo_lab/walk_to_paint/optuna_run.py:147: FutureWarning: suggest_loguniform has been deprecated in v3.0.0. This feature will be removed in v6.0.0. See https://github.com/optuna/optuna/releases/tag/v3.0.0. Use suggest_float(..., log=True) instead.
  cfg.training.lr = trial.suggest_loguniform("training.lr", 1e-5, 1e-1)
/home/eng/shilo_avital/yolo_lab/walk_to_paint/optuna_run.py:148: FutureWarning: suggest_loguniform has been deprecated in v3.0.0. This feature will be removed in v6.0.0. See https://github.com/optuna/optuna/releases/tag/v3.0.0. Use suggest_float(..., log=True) instead.
  cfg.training.weight_decay = trial.suggest_loguniform(

🔬 Trial 144 hyperparameters:
  Walk length: 98, Num walks: 182,407
  LR: 8.50e-04, Batch size: 512
  Model: emb_dim=32, hidden_dim=8
  Transformer: 2 layers, 4 heads
  Epochs: 28, Weighted loss: True
Loading bitcoin-alpha-binary dataset...
Success! ✅
Splitting edges for bitcoin-alpha-binary dataset...
Success! ✅
Sampling random walks from bitcoin-alpha-binary dataset...
Success! ✅
Building tokenizer for bitcoin-alpha-binary dataset...
Success! ✅
Padding and building stage tensors for bitcoin-alpha-binary dataset...
Success! ✅
Creating DataLoaders for bitcoin-alpha-binary dataset...
Success! ✅
GPU available: True (cuda), used: True
TPU available: False, using: 0 TPU cores
HPU available: False, using: 0 HPUs
/home/eng/shilo_avital/yolo_lab/walk_to_paint/.venv/lib64/python3.9/site-packages/pytorch_lightning/callbacks/model_checkpoint.py:658: Checkpoint directory /home/eng/shilo_avital/yolo_lab/walk_to_paint/checkpoints exists and is not empty.
LOCAL_RANK: 0 - CUDA_VISIBLE_DEVICES: [3]
/home/eng/shilo_avital/yolo_lab/walk_to_paint/.venv/lib64/python3.9/site-packages/pytorch_lightning/trainer/connectors/data_connector.py:425: The 'val_dataloader' does not have many workers which may be a bottleneck. Consider increasing the value of the `num_workers` argument` to `num_workers=127` in the `DataLoader` to improve performance.
/home/eng/shilo_avital/yolo_lab/walk_to_paint/.venv/lib64/python3.9/site-packages/pytorch_lightning/trainer/connectors/data_connector.py:425: The 'train_dataloader' does not have many workers which may be a bottleneck. Consider increasing the value of the `num_workers` argument` to `num_workers=127` in the `DataLoader` to improve performance.
Metric val_auc_epoch improved. New best score: 0.535
Metric val_auc_epoch improved by 0.002 >= min_delta = 0.0. New best score: 0.537
Metric val_auc_epoch improved by 0.002 >= min_delta = 0.0. New best score: 0.539
Metric val_auc_epoch improved by 0.020 >= min_delta = 0.0. New best score: 0.559
Metric val_auc_epoch improved by 0.018 >= min_delta = 0.0. New best score: 0.577
Metric val_auc_epoch improved by 0.008 >= min_delta = 0.0. New best score: 0.585
Metric val_auc_epoch improved by 0.009 >= min_delta = 0.0. New best score: 0.594
Metric val_auc_epoch improved by 0.009 >= min_delta = 0.0. New best score: 0.602
Metric val_auc_epoch improved by 0.003 >= min_delta = 0.0. New best score: 0.606
Metric val_auc_epoch improved by 0.003 >= min_delta = 0.0. New best score: 0.609
Metric val_auc_epoch improved by 0.004 >= min_delta = 0.0. New best score: 0.613
Metric val_auc_epoch improved by 0.004 >= min_delta = 0.0. New best score: 0.617
Metric val_auc_epoch improved by 0.000 >= min_delta = 0.0. New best score: 0.618
Metric val_auc_epoch improved by 0.004 >= min_delta = 0.0. New best score: 0.621
Metric val_auc_epoch improved by 0.001 >= min_delta = 0.0. New best score: 0.622
Metric val_auc_epoch improved by 0.002 >= min_delta = 0.0. New best score: 0.625
Metric val_auc_epoch improved by 0.001 >= min_delta = 0.0. New best score: 0.625
Metric val_auc_epoch improved by 0.002 >= min_delta = 0.0. New best score: 0.627
Metric val_auc_epoch improved by 0.000 >= min_delta = 0.0. New best score: 0.627
Metric val_auc_epoch improved by 0.001 >= min_delta = 0.0. New best score: 0.628
Metric val_auc_epoch improved by 0.001 >= min_delta = 0.0. New best score: 0.629
Metric val_auc_epoch improved by 0.000 >= min_delta = 0.0. New best score: 0.629
Metric val_auc_epoch improved by 0.000 >= min_delta = 0.0. New best score: 0.630
❌ Trial 144 failed: Trial was pruned at epoch 25.
