[I 2025-08-22 08:37:50,456] Trial 121 finished with value: -0.5455937385559082 and parameters: {'dataset.max_walk_length': 24, 'dataset.num_walks': 270824, 'training.lr': 2.5767008222741975e-05, 'training.weight_decay': 0.0319062248670249, 'training.batch_size': 32, 'training.gradient_clip_val': 1.86162336389265, 'training.early_stopping_patience': 6, 'model.nhead_emb_combo': 2, 'model.hidden_dim': 16, 'model.nlayers': 2, 'model.dropout': 0.583211538724987, 'training.epochs': 17}. Best is trial 1 with value: -0.6377121806144714.
/home/eng/shilo_avital/yolo_lab/walk_to_paint/optuna_run.py:147: FutureWarning: suggest_loguniform has been deprecated in v3.0.0. This feature will be removed in v6.0.0. See https://github.com/optuna/optuna/releases/tag/v3.0.0. Use suggest_float(..., log=True) instead.
  cfg.training.lr = trial.suggest_loguniform("training.lr", 1e-5, 1e-1)
/home/eng/shilo_avital/yolo_lab/walk_to_paint/optuna_run.py:148: FutureWarning: suggest_loguniform has been deprecated in v3.0.0. This feature will be removed in v6.0.0. See https://github.com/optuna/optuna/releases/tag/v3.0.0. Use suggest_float(..., log=True) instead.
  cfg.training.weight_decay = trial.suggest_loguniform(

🔬 Trial 122 hyperparameters:
  Walk length: 18, Num walks: 171,890
  LR: 3.31e-05, Batch size: 64
  Model: emb_dim=16, hidden_dim=8
  Transformer: 2 layers, 1 heads
  Epochs: 29, Weighted loss: True
Loading bitcoin-alpha-binary dataset...
Success! ✅
Splitting edges for bitcoin-alpha-binary dataset...
Success! ✅
Sampling random walks from bitcoin-alpha-binary dataset...
Success! ✅
Building tokenizer for bitcoin-alpha-binary dataset...
Success! ✅
Padding and building stage tensors for bitcoin-alpha-binary dataset...
Success! ✅
Creating DataLoaders for bitcoin-alpha-binary dataset...
Success! ✅
/home/eng/shilo_avital/yolo_lab/walk_to_paint/.venv/lib64/python3.9/site-packages/torch/nn/modules/transformer.py:382: UserWarning: enable_nested_tensor is True, but self.use_nested_tensor is False because encoder_layer.self_attn.num_heads is odd
  warnings.warn(
GPU available: True (cuda), used: True
TPU available: False, using: 0 TPU cores
HPU available: False, using: 0 HPUs
/home/eng/shilo_avital/yolo_lab/walk_to_paint/.venv/lib64/python3.9/site-packages/pytorch_lightning/callbacks/model_checkpoint.py:658: Checkpoint directory /home/eng/shilo_avital/yolo_lab/walk_to_paint/checkpoints exists and is not empty.
LOCAL_RANK: 0 - CUDA_VISIBLE_DEVICES: [3]
/home/eng/shilo_avital/yolo_lab/walk_to_paint/.venv/lib64/python3.9/site-packages/pytorch_lightning/trainer/connectors/data_connector.py:425: The 'val_dataloader' does not have many workers which may be a bottleneck. Consider increasing the value of the `num_workers` argument` to `num_workers=127` in the `DataLoader` to improve performance.
/home/eng/shilo_avital/yolo_lab/walk_to_paint/.venv/lib64/python3.9/site-packages/pytorch_lightning/trainer/connectors/data_connector.py:425: The 'train_dataloader' does not have many workers which may be a bottleneck. Consider increasing the value of the `num_workers` argument` to `num_workers=127` in the `DataLoader` to improve performance.
Metric val_auc_epoch improved. New best score: 0.527
Metric val_auc_epoch improved by 0.016 >= min_delta = 0.0. New best score: 0.543
Metric val_auc_epoch improved by 0.014 >= min_delta = 0.0. New best score: 0.557
Metric val_auc_epoch improved by 0.008 >= min_delta = 0.0. New best score: 0.565
Metric val_auc_epoch improved by 0.003 >= min_delta = 0.0. New best score: 0.568
Metric val_auc_epoch improved by 0.002 >= min_delta = 0.0. New best score: 0.569
Metric val_auc_epoch improved by 0.001 >= min_delta = 0.0. New best score: 0.570
Metric val_auc_epoch improved by 0.001 >= min_delta = 0.0. New best score: 0.571
Metric val_auc_epoch improved by 0.001 >= min_delta = 0.0. New best score: 0.572
Metric val_auc_epoch improved by 0.001 >= min_delta = 0.0. New best score: 0.573
Metric val_auc_epoch improved by 0.001 >= min_delta = 0.0. New best score: 0.573
Metric val_auc_epoch improved by 0.001 >= min_delta = 0.0. New best score: 0.574
Metric val_auc_epoch improved by 0.000 >= min_delta = 0.0. New best score: 0.574
Metric val_auc_epoch improved by 0.000 >= min_delta = 0.0. New best score: 0.575
Metric val_auc_epoch improved by 0.000 >= min_delta = 0.0. New best score: 0.575
Metric val_auc_epoch improved by 0.000 >= min_delta = 0.0. New best score: 0.575
Metric val_auc_epoch improved by 0.000 >= min_delta = 0.0. New best score: 0.576
Metric val_auc_epoch improved by 0.000 >= min_delta = 0.0. New best score: 0.576
Metric val_auc_epoch improved by 0.000 >= min_delta = 0.0. New best score: 0.576
Metric val_auc_epoch improved by 0.000 >= min_delta = 0.0. New best score: 0.576
Metric val_auc_epoch improved by 0.000 >= min_delta = 0.0. New best score: 0.576
Metric val_auc_epoch improved by 0.000 >= min_delta = 0.0. New best score: 0.576
Metric val_auc_epoch improved by 0.000 >= min_delta = 0.0. New best score: 0.576
Metric val_auc_epoch improved by 0.000 >= min_delta = 0.0. New best score: 0.576
Metric val_auc_epoch improved by 0.000 >= min_delta = 0.0. New best score: 0.576
Metric val_auc_epoch improved by 0.000 >= min_delta = 0.0. New best score: 0.576
Metric val_auc_epoch improved by 0.000 >= min_delta = 0.0. New best score: 0.576
Metric val_auc_epoch improved by 0.000 >= min_delta = 0.0. New best score: 0.576
`Trainer.fit` stopped: `max_epochs=29` reached.
Restoring states from the checkpoint path at /home/eng/shilo_avital/yolo_lab/walk_to_paint/checkpoints/trial_122-epoch=27-val_auc_epoch=0.5764.ckpt
LOCAL_RANK: 0 - CUDA_VISIBLE_DEVICES: [3]
Loaded model weights from the checkpoint at /home/eng/shilo_avital/yolo_lab/walk_to_paint/checkpoints/trial_122-epoch=27-val_auc_epoch=0.5764.ckpt
/home/eng/shilo_avital/yolo_lab/walk_to_paint/.venv/lib64/python3.9/site-packages/pytorch_lightning/trainer/connectors/data_connector.py:425: The 'val_dataloader' does not have many workers which may be a bottleneck. Consider increasing the value of the `num_workers` argument` to `num_workers=127` in the `DataLoader` to improve performance.
────────────────────────────────────────────────────────────────────────────────────────────────────────────────────────
     Validate metric           DataLoader 0
────────────────────────────────────────────────────────────────────────────────────────────────────────────────────────
      val_acc_epoch         0.5525610446929932
      val_auc_epoch         0.5764172077178955
      val_f1_epoch          0.5509002208709717
        val_loss            0.6850611567497253
────────────────────────────────────────────────────────────────────────────────────────────────────────────────────────
✅ Trial 122 completed - Val AUC: 0.5764
[I 2025-08-22 08:51:38,851] Trial 122 finished with value: -0.5764172077178955 and parameters: {'dataset.max_walk_length': 18, 'dataset.num_walks': 171890, 'training.lr': 3.312957173977988e-05, 'training.weight_decay': 0.01484384819545746, 'training.batch_size': 64, 'training.gradient_clip_val': 1.8027954435983826, 'training.early_stopping_patience': 6, 'model.nhead_emb_combo': 2, 'model.hidden_dim': 8, 'model.nlayers': 2, 'model.dropout': 0.5420761800956986, 'training.epochs': 29}. Best is trial 1 with value: -0.6377121806144714.
/home/eng/shilo_avital/yolo_lab/walk_to_paint/optuna_run.py:147: FutureWarning: suggest_loguniform has been deprecated in v3.0.0. This feature will be removed in v6.0.0. See https://github.com/optuna/optuna/releases/tag/v3.0.0. Use suggest_float(..., log=True) instead.
  cfg.training.lr = trial.suggest_loguniform("training.lr", 1e-5, 1e-1)
/home/eng/shilo_avital/yolo_lab/walk_to_paint/optuna_run.py:148: FutureWarning: suggest_loguniform has been deprecated in v3.0.0. This feature will be removed in v6.0.0. See https://github.com/optuna/optuna/releases/tag/v3.0.0. Use suggest_float(..., log=True) instead.
  cfg.training.weight_decay = trial.suggest_loguniform(

🔬 Trial 123 hyperparameters:
  Walk length: 18, Num walks: 170,684
  LR: 3.74e-05, Batch size: 64
  Model: emb_dim=16, hidden_dim=64
  Transformer: 2 layers, 4 heads
  Epochs: 29, Weighted loss: True
Loading bitcoin-alpha-binary dataset...
Success! ✅
Splitting edges for bitcoin-alpha-binary dataset...
Success! ✅
Sampling random walks from bitcoin-alpha-binary dataset...
Success! ✅
Building tokenizer for bitcoin-alpha-binary dataset...
Success! ✅
Padding and building stage tensors for bitcoin-alpha-binary dataset...
Success! ✅
Creating DataLoaders for bitcoin-alpha-binary dataset...
Success! ✅
GPU available: True (cuda), used: True
TPU available: False, using: 0 TPU cores
HPU available: False, using: 0 HPUs
/home/eng/shilo_avital/yolo_lab/walk_to_paint/.venv/lib64/python3.9/site-packages/pytorch_lightning/callbacks/model_checkpoint.py:658: Checkpoint directory /home/eng/shilo_avital/yolo_lab/walk_to_paint/checkpoints exists and is not empty.
LOCAL_RANK: 0 - CUDA_VISIBLE_DEVICES: [3]
/home/eng/shilo_avital/yolo_lab/walk_to_paint/.venv/lib64/python3.9/site-packages/pytorch_lightning/trainer/connectors/data_connector.py:425: The 'val_dataloader' does not have many workers which may be a bottleneck. Consider increasing the value of the `num_workers` argument` to `num_workers=127` in the `DataLoader` to improve performance.
/home/eng/shilo_avital/yolo_lab/walk_to_paint/.venv/lib64/python3.9/site-packages/pytorch_lightning/trainer/connectors/data_connector.py:425: The 'train_dataloader' does not have many workers which may be a bottleneck. Consider increasing the value of the `num_workers` argument` to `num_workers=127` in the `DataLoader` to improve performance.
Metric val_auc_epoch improved. New best score: 0.532
Metric val_auc_epoch improved by 0.018 >= min_delta = 0.0. New best score: 0.550
Metric val_auc_epoch improved by 0.008 >= min_delta = 0.0. New best score: 0.558
Metric val_auc_epoch improved by 0.003 >= min_delta = 0.0. New best score: 0.561
Metric val_auc_epoch improved by 0.002 >= min_delta = 0.0. New best score: 0.563
Metric val_auc_epoch improved by 0.001 >= min_delta = 0.0. New best score: 0.564
Metric val_auc_epoch improved by 0.001 >= min_delta = 0.0. New best score: 0.565
Metric val_auc_epoch improved by 0.001 >= min_delta = 0.0. New best score: 0.566
Metric val_auc_epoch improved by 0.001 >= min_delta = 0.0. New best score: 0.566
Metric val_auc_epoch improved by 0.000 >= min_delta = 0.0. New best score: 0.567
Metric val_auc_epoch improved by 0.000 >= min_delta = 0.0. New best score: 0.567
Metric val_auc_epoch improved by 0.000 >= min_delta = 0.0. New best score: 0.567
Metric val_auc_epoch improved by 0.000 >= min_delta = 0.0. New best score: 0.567
Metric val_auc_epoch improved by 0.000 >= min_delta = 0.0. New best score: 0.567
Metric val_auc_epoch improved by 0.000 >= min_delta = 0.0. New best score: 0.567
Metric val_auc_epoch improved by 0.000 >= min_delta = 0.0. New best score: 0.567
Monitored metric val_auc_epoch did not improve in the last 6 records. Best score: 0.567. Signaling Trainer to stop.
Restoring states from the checkpoint path at /home/eng/shilo_avital/yolo_lab/walk_to_paint/checkpoints/trial_123-epoch=17-val_auc_epoch=0.5674.ckpt
LOCAL_RANK: 0 - CUDA_VISIBLE_DEVICES: [3]
Loaded model weights from the checkpoint at /home/eng/shilo_avital/yolo_lab/walk_to_paint/checkpoints/trial_123-epoch=17-val_auc_epoch=0.5674.ckpt
/home/eng/shilo_avital/yolo_lab/walk_to_paint/.venv/lib64/python3.9/site-packages/pytorch_lightning/trainer/connectors/data_connector.py:425: The 'val_dataloader' does not have many workers which may be a bottleneck. Consider increasing the value of the `num_workers` argument` to `num_workers=127` in the `DataLoader` to improve performance.
────────────────────────────────────────────────────────────────────────────────────────────────────────────────────────
     Validate metric           DataLoader 0
────────────────────────────────────────────────────────────────────────────────────────────────────────────────────────
      val_acc_epoch          0.545021653175354
      val_auc_epoch         0.5673614740371704
      val_f1_epoch          0.5451176762580872
        val_loss            0.6886504888534546
────────────────────────────────────────────────────────────────────────────────────────────────────────────────────────
✅ Trial 123 completed - Val AUC: 0.5674
[I 2025-08-22 09:03:10,310] Trial 123 finished with value: -0.5673614740371704 and parameters: {'dataset.max_walk_length': 18, 'dataset.num_walks': 170684, 'training.lr': 3.73843899878809e-05, 'training.weight_decay': 0.023632075570296233, 'training.batch_size': 64, 'training.gradient_clip_val': 1.7645342671092943, 'training.early_stopping_patience': 6, 'model.nhead_emb_combo': 14, 'model.hidden_dim': 64, 'model.nlayers': 2, 'model.dropout': 0.539194376248537, 'training.epochs': 29}. Best is trial 1 with value: -0.6377121806144714.
/home/eng/shilo_avital/yolo_lab/walk_to_paint/optuna_run.py:147: FutureWarning: suggest_loguniform has been deprecated in v3.0.0. This feature will be removed in v6.0.0. See https://github.com/optuna/optuna/releases/tag/v3.0.0. Use suggest_float(..., log=True) instead.
  cfg.training.lr = trial.suggest_loguniform("training.lr", 1e-5, 1e-1)
/home/eng/shilo_avital/yolo_lab/walk_to_paint/optuna_run.py:148: FutureWarning: suggest_loguniform has been deprecated in v3.0.0. This feature will be removed in v6.0.0. See https://github.com/optuna/optuna/releases/tag/v3.0.0. Use suggest_float(..., log=True) instead.
  cfg.training.weight_decay = trial.suggest_loguniform(

🔬 Trial 124 hyperparameters:
  Walk length: 18, Num walks: 169,711
  LR: 3.64e-05, Batch size: 64
  Model: emb_dim=16, hidden_dim=64
  Transformer: 2 layers, 4 heads
  Epochs: 30, Weighted loss: True
Loading bitcoin-alpha-binary dataset...
Success! ✅
Splitting edges for bitcoin-alpha-binary dataset...
Success! ✅
Sampling random walks from bitcoin-alpha-binary dataset...
Success! ✅
Building tokenizer for bitcoin-alpha-binary dataset...
Success! ✅
Padding and building stage tensors for bitcoin-alpha-binary dataset...
Success! ✅
Creating DataLoaders for bitcoin-alpha-binary dataset...
Success! ✅
GPU available: True (cuda), used: True
TPU available: False, using: 0 TPU cores
HPU available: False, using: 0 HPUs
/home/eng/shilo_avital/yolo_lab/walk_to_paint/.venv/lib64/python3.9/site-packages/pytorch_lightning/callbacks/model_checkpoint.py:658: Checkpoint directory /home/eng/shilo_avital/yolo_lab/walk_to_paint/checkpoints exists and is not empty.
LOCAL_RANK: 0 - CUDA_VISIBLE_DEVICES: [3]
/home/eng/shilo_avital/yolo_lab/walk_to_paint/.venv/lib64/python3.9/site-packages/pytorch_lightning/trainer/connectors/data_connector.py:425: The 'val_dataloader' does not have many workers which may be a bottleneck. Consider increasing the value of the `num_workers` argument` to `num_workers=127` in the `DataLoader` to improve performance.
/home/eng/shilo_avital/yolo_lab/walk_to_paint/.venv/lib64/python3.9/site-packages/pytorch_lightning/trainer/connectors/data_connector.py:425: The 'train_dataloader' does not have many workers which may be a bottleneck. Consider increasing the value of the `num_workers` argument` to `num_workers=127` in the `DataLoader` to improve performance.
Metric val_auc_epoch improved. New best score: 0.524
Metric val_auc_epoch improved by 0.015 >= min_delta = 0.0. New best score: 0.539
Metric val_auc_epoch improved by 0.013 >= min_delta = 0.0. New best score: 0.551
Metric val_auc_epoch improved by 0.006 >= min_delta = 0.0. New best score: 0.557
Metric val_auc_epoch improved by 0.002 >= min_delta = 0.0. New best score: 0.560
Metric val_auc_epoch improved by 0.001 >= min_delta = 0.0. New best score: 0.561
Metric val_auc_epoch improved by 0.000 >= min_delta = 0.0. New best score: 0.561
Metric val_auc_epoch improved by 0.000 >= min_delta = 0.0. New best score: 0.561
Monitored metric val_auc_epoch did not improve in the last 6 records. Best score: 0.561. Signaling Trainer to stop.
Restoring states from the checkpoint path at /home/eng/shilo_avital/yolo_lab/walk_to_paint/checkpoints/trial_124-epoch=07-val_auc_epoch=0.5615.ckpt
LOCAL_RANK: 0 - CUDA_VISIBLE_DEVICES: [3]
Loaded model weights from the checkpoint at /home/eng/shilo_avital/yolo_lab/walk_to_paint/checkpoints/trial_124-epoch=07-val_auc_epoch=0.5615.ckpt
/home/eng/shilo_avital/yolo_lab/walk_to_paint/.venv/lib64/python3.9/site-packages/pytorch_lightning/trainer/connectors/data_connector.py:425: The 'val_dataloader' does not have many workers which may be a bottleneck. Consider increasing the value of the `num_workers` argument` to `num_workers=127` in the `DataLoader` to improve performance.
────────────────────────────────────────────────────────────────────────────────────────────────────────────────────────
     Validate metric           DataLoader 0
────────────────────────────────────────────────────────────────────────────────────────────────────────────────────────
      val_acc_epoch          0.541844367980957
      val_auc_epoch          0.561493992805481
      val_f1_epoch          0.5334286689758301
        val_loss            0.6873805522918701
────────────────────────────────────────────────────────────────────────────────────────────────────────────────────────
✅ Trial 124 completed - Val AUC: 0.5615
[I 2025-08-22 09:10:02,281] Trial 124 finished with value: -0.561493992805481 and parameters: {'dataset.max_walk_length': 18, 'dataset.num_walks': 169711, 'training.lr': 3.635122865797956e-05, 'training.weight_decay': 0.04542939211317857, 'training.batch_size': 64, 'training.gradient_clip_val': 1.8112022120863782, 'training.early_stopping_patience': 6, 'model.nhead_emb_combo': 14, 'model.hidden_dim': 64, 'model.nlayers': 2, 'model.dropout': 0.5346695396008577, 'training.epochs': 30}. Best is trial 1 with value: -0.6377121806144714.
/home/eng/shilo_avital/yolo_lab/walk_to_paint/optuna_run.py:147: FutureWarning: suggest_loguniform has been deprecated in v3.0.0. This feature will be removed in v6.0.0. See https://github.com/optuna/optuna/releases/tag/v3.0.0. Use suggest_float(..., log=True) instead.
  cfg.training.lr = trial.suggest_loguniform("training.lr", 1e-5, 1e-1)
/home/eng/shilo_avital/yolo_lab/walk_to_paint/optuna_run.py:148: FutureWarning: suggest_loguniform has been deprecated in v3.0.0. This feature will be removed in v6.0.0. See https://github.com/optuna/optuna/releases/tag/v3.0.0. Use suggest_float(..., log=True) instead.
  cfg.training.weight_decay = trial.suggest_loguniform(

🔬 Trial 125 hyperparameters:
  Walk length: 14, Num walks: 146,481
  LR: 3.08e-05, Batch size: 64
  Model: emb_dim=64, hidden_dim=64
  Transformer: 2 layers, 4 heads
  Epochs: 29, Weighted loss: True
Loading bitcoin-alpha-binary dataset...
Success! ✅
Splitting edges for bitcoin-alpha-binary dataset...
Success! ✅
Sampling random walks from bitcoin-alpha-binary dataset...
Success! ✅
Building tokenizer for bitcoin-alpha-binary dataset...
Success! ✅
Padding and building stage tensors for bitcoin-alpha-binary dataset...
Success! ✅
Creating DataLoaders for bitcoin-alpha-binary dataset...
Success! ✅
GPU available: True (cuda), used: True
TPU available: False, using: 0 TPU cores
HPU available: False, using: 0 HPUs
/home/eng/shilo_avital/yolo_lab/walk_to_paint/.venv/lib64/python3.9/site-packages/pytorch_lightning/callbacks/model_checkpoint.py:658: Checkpoint directory /home/eng/shilo_avital/yolo_lab/walk_to_paint/checkpoints exists and is not empty.
LOCAL_RANK: 0 - CUDA_VISIBLE_DEVICES: [3]
/home/eng/shilo_avital/yolo_lab/walk_to_paint/.venv/lib64/python3.9/site-packages/pytorch_lightning/trainer/connectors/data_connector.py:425: The 'val_dataloader' does not have many workers which may be a bottleneck. Consider increasing the value of the `num_workers` argument` to `num_workers=127` in the `DataLoader` to improve performance.
/home/eng/shilo_avital/yolo_lab/walk_to_paint/.venv/lib64/python3.9/site-packages/pytorch_lightning/trainer/connectors/data_connector.py:425: The 'train_dataloader' does not have many workers which may be a bottleneck. Consider increasing the value of the `num_workers` argument` to `num_workers=127` in the `DataLoader` to improve performance.
Metric val_auc_epoch improved. New best score: 0.568
Metric val_auc_epoch improved by 0.004 >= min_delta = 0.0. New best score: 0.572
❌ Trial 125 failed: Trial was pruned at epoch 5.
