[I 2025-08-23 08:40:53,148] Trial 257 finished with value: -0.6168661117553711 and parameters: {'dataset.max_walk_length': 91, 'dataset.num_walks': 259921, 'training.lr': 0.0005724020146649871, 'training.weight_decay': 0.008172905945002876, 'training.batch_size': 64, 'training.gradient_clip_val': 0.692158666781675, 'training.early_stopping_patience': 5, 'model.nhead_emb_combo': 22, 'model.hidden_dim': 16, 'model.nlayers': 5, 'model.dropout': 0.6268198134828427, 'training.epochs': 26}. Best is trial 229 with value: -0.6563454866409302.
/home/eng/shilo_avital/yolo_lab/walk_to_paint/optuna_run.py:147: FutureWarning: suggest_loguniform has been deprecated in v3.0.0. This feature will be removed in v6.0.0. See https://github.com/optuna/optuna/releases/tag/v3.0.0. Use suggest_float(..., log=True) instead.
  cfg.training.lr = trial.suggest_loguniform("training.lr", 1e-5, 1e-1)
/home/eng/shilo_avital/yolo_lab/walk_to_paint/optuna_run.py:148: FutureWarning: suggest_loguniform has been deprecated in v3.0.0. This feature will be removed in v6.0.0. See https://github.com/optuna/optuna/releases/tag/v3.0.0. Use suggest_float(..., log=True) instead.
  cfg.training.weight_decay = trial.suggest_loguniform(

🔬 Trial 258 hyperparameters:
  Walk length: 75, Num walks: 295,853
  LR: 6.93e-04, Batch size: 64
  Model: emb_dim=32, hidden_dim=16
  Transformer: 5 layers, 8 heads
  Epochs: 23, Weighted loss: True
Loading bitcoin-alpha-binary dataset...
Success! ✅
Splitting edges for bitcoin-alpha-binary dataset...
Success! ✅
Sampling random walks from bitcoin-alpha-binary dataset...
Success! ✅
Building tokenizer for bitcoin-alpha-binary dataset...
Success! ✅
Padding and building stage tensors for bitcoin-alpha-binary dataset...
Success! ✅
Creating DataLoaders for bitcoin-alpha-binary dataset...
Success! ✅
GPU available: True (cuda), used: True
TPU available: False, using: 0 TPU cores
HPU available: False, using: 0 HPUs
/home/eng/shilo_avital/yolo_lab/walk_to_paint/.venv/lib64/python3.9/site-packages/pytorch_lightning/callbacks/model_checkpoint.py:658: Checkpoint directory /home/eng/shilo_avital/yolo_lab/walk_to_paint/checkpoints exists and is not empty.
LOCAL_RANK: 0 - CUDA_VISIBLE_DEVICES: [3]
/home/eng/shilo_avital/yolo_lab/walk_to_paint/.venv/lib64/python3.9/site-packages/pytorch_lightning/trainer/connectors/data_connector.py:425: The 'val_dataloader' does not have many workers which may be a bottleneck. Consider increasing the value of the `num_workers` argument` to `num_workers=127` in the `DataLoader` to improve performance.
/home/eng/shilo_avital/yolo_lab/walk_to_paint/.venv/lib64/python3.9/site-packages/pytorch_lightning/trainer/connectors/data_connector.py:425: The 'train_dataloader' does not have many workers which may be a bottleneck. Consider increasing the value of the `num_workers` argument` to `num_workers=127` in the `DataLoader` to improve performance.
Metric val_auc_epoch improved. New best score: 0.537
Metric val_auc_epoch improved by 0.003 >= min_delta = 0.0. New best score: 0.541
Metric val_auc_epoch improved by 0.042 >= min_delta = 0.0. New best score: 0.583
Metric val_auc_epoch improved by 0.019 >= min_delta = 0.0. New best score: 0.602
Metric val_auc_epoch improved by 0.012 >= min_delta = 0.0. New best score: 0.614
Metric val_auc_epoch improved by 0.011 >= min_delta = 0.0. New best score: 0.625
Metric val_auc_epoch improved by 0.006 >= min_delta = 0.0. New best score: 0.631
Metric val_auc_epoch improved by 0.005 >= min_delta = 0.0. New best score: 0.637
Metric val_auc_epoch improved by 0.002 >= min_delta = 0.0. New best score: 0.639
Metric val_auc_epoch improved by 0.001 >= min_delta = 0.0. New best score: 0.639
Metric val_auc_epoch improved by 0.001 >= min_delta = 0.0. New best score: 0.640
Metric val_auc_epoch improved by 0.001 >= min_delta = 0.0. New best score: 0.641
Metric val_auc_epoch improved by 0.000 >= min_delta = 0.0. New best score: 0.642
Monitored metric val_auc_epoch did not improve in the last 5 records. Best score: 0.642. Signaling Trainer to stop.
Restoring states from the checkpoint path at /home/eng/shilo_avital/yolo_lab/walk_to_paint/checkpoints/trial_258-epoch=16-val_auc_epoch=0.6415.ckpt
LOCAL_RANK: 0 - CUDA_VISIBLE_DEVICES: [3]
Loaded model weights from the checkpoint at /home/eng/shilo_avital/yolo_lab/walk_to_paint/checkpoints/trial_258-epoch=16-val_auc_epoch=0.6415.ckpt
/home/eng/shilo_avital/yolo_lab/walk_to_paint/.venv/lib64/python3.9/site-packages/pytorch_lightning/trainer/connectors/data_connector.py:425: The 'val_dataloader' does not have many workers which may be a bottleneck. Consider increasing the value of the `num_workers` argument` to `num_workers=127` in the `DataLoader` to improve performance.
────────────────────────────────────────────────────────────────────────────────────────────────────────────────────────
     Validate metric           DataLoader 0
────────────────────────────────────────────────────────────────────────────────────────────────────────────────────────
      val_acc_epoch         0.6046870946884155
      val_auc_epoch         0.6415197849273682
      val_f1_epoch          0.5999102592468262
        val_loss             1.243082880973816
────────────────────────────────────────────────────────────────────────────────────────────────────────────────────────
✅ Trial 258 completed - Val AUC: 0.6415
[I 2025-08-23 09:08:37,964] Trial 258 finished with value: -0.6415197849273682 and parameters: {'dataset.max_walk_length': 75, 'dataset.num_walks': 295853, 'training.lr': 0.0006926058020617299, 'training.weight_decay': 0.0017130619495145825, 'training.batch_size': 64, 'training.gradient_clip_val': 0.4356310595515688, 'training.early_stopping_patience': 5, 'model.nhead_emb_combo': 20, 'model.hidden_dim': 16, 'model.nlayers': 5, 'model.dropout': 0.5979779410900278, 'training.epochs': 23}. Best is trial 229 with value: -0.6563454866409302.
/home/eng/shilo_avital/yolo_lab/walk_to_paint/optuna_run.py:147: FutureWarning: suggest_loguniform has been deprecated in v3.0.0. This feature will be removed in v6.0.0. See https://github.com/optuna/optuna/releases/tag/v3.0.0. Use suggest_float(..., log=True) instead.
  cfg.training.lr = trial.suggest_loguniform("training.lr", 1e-5, 1e-1)
/home/eng/shilo_avital/yolo_lab/walk_to_paint/optuna_run.py:148: FutureWarning: suggest_loguniform has been deprecated in v3.0.0. This feature will be removed in v6.0.0. See https://github.com/optuna/optuna/releases/tag/v3.0.0. Use suggest_float(..., log=True) instead.
  cfg.training.weight_decay = trial.suggest_loguniform(

🔬 Trial 259 hyperparameters:
  Walk length: 74, Num walks: 307,853
  LR: 6.80e-04, Batch size: 64
  Model: emb_dim=32, hidden_dim=16
  Transformer: 5 layers, 8 heads
  Epochs: 23, Weighted loss: True
Loading bitcoin-alpha-binary dataset...
Success! ✅
Splitting edges for bitcoin-alpha-binary dataset...
Success! ✅
Sampling random walks from bitcoin-alpha-binary dataset...
Success! ✅
Building tokenizer for bitcoin-alpha-binary dataset...
Success! ✅
Padding and building stage tensors for bitcoin-alpha-binary dataset...
Success! ✅
Creating DataLoaders for bitcoin-alpha-binary dataset...
Success! ✅
GPU available: True (cuda), used: True
TPU available: False, using: 0 TPU cores
HPU available: False, using: 0 HPUs
/home/eng/shilo_avital/yolo_lab/walk_to_paint/.venv/lib64/python3.9/site-packages/pytorch_lightning/callbacks/model_checkpoint.py:658: Checkpoint directory /home/eng/shilo_avital/yolo_lab/walk_to_paint/checkpoints exists and is not empty.
LOCAL_RANK: 0 - CUDA_VISIBLE_DEVICES: [3]
/home/eng/shilo_avital/yolo_lab/walk_to_paint/.venv/lib64/python3.9/site-packages/pytorch_lightning/trainer/connectors/data_connector.py:425: The 'val_dataloader' does not have many workers which may be a bottleneck. Consider increasing the value of the `num_workers` argument` to `num_workers=127` in the `DataLoader` to improve performance.
/home/eng/shilo_avital/yolo_lab/walk_to_paint/.venv/lib64/python3.9/site-packages/pytorch_lightning/trainer/connectors/data_connector.py:425: The 'train_dataloader' does not have many workers which may be a bottleneck. Consider increasing the value of the `num_workers` argument` to `num_workers=127` in the `DataLoader` to improve performance.
Metric val_auc_epoch improved. New best score: 0.544
Metric val_auc_epoch improved by 0.008 >= min_delta = 0.0. New best score: 0.551
Metric val_auc_epoch improved by 0.025 >= min_delta = 0.0. New best score: 0.576
Metric val_auc_epoch improved by 0.005 >= min_delta = 0.0. New best score: 0.582
Metric val_auc_epoch improved by 0.009 >= min_delta = 0.0. New best score: 0.590
Metric val_auc_epoch improved by 0.005 >= min_delta = 0.0. New best score: 0.595
Metric val_auc_epoch improved by 0.005 >= min_delta = 0.0. New best score: 0.600
Metric val_auc_epoch improved by 0.004 >= min_delta = 0.0. New best score: 0.604
Monitored metric val_auc_epoch did not improve in the last 5 records. Best score: 0.604. Signaling Trainer to stop.
Restoring states from the checkpoint path at /home/eng/shilo_avital/yolo_lab/walk_to_paint/checkpoints/trial_259-epoch=10-val_auc_epoch=0.6040.ckpt
LOCAL_RANK: 0 - CUDA_VISIBLE_DEVICES: [3]
Loaded model weights from the checkpoint at /home/eng/shilo_avital/yolo_lab/walk_to_paint/checkpoints/trial_259-epoch=10-val_auc_epoch=0.6040.ckpt
/home/eng/shilo_avital/yolo_lab/walk_to_paint/.venv/lib64/python3.9/site-packages/pytorch_lightning/trainer/connectors/data_connector.py:425: The 'val_dataloader' does not have many workers which may be a bottleneck. Consider increasing the value of the `num_workers` argument` to `num_workers=127` in the `DataLoader` to improve performance.
────────────────────────────────────────────────────────────────────────────────────────────────────────────────────────
     Validate metric           DataLoader 0
────────────────────────────────────────────────────────────────────────────────────────────────────────────────────────
      val_acc_epoch         0.5744503736495972
      val_auc_epoch         0.6040071249008179
      val_f1_epoch          0.5730258226394653
        val_loss            0.9006350040435791
────────────────────────────────────────────────────────────────────────────────────────────────────────────────────────
✅ Trial 259 completed - Val AUC: 0.6040
[I 2025-08-23 09:29:49,760] Trial 259 finished with value: -0.6040071249008179 and parameters: {'dataset.max_walk_length': 74, 'dataset.num_walks': 307853, 'training.lr': 0.0006795024551828948, 'training.weight_decay': 0.0017932853174033774, 'training.batch_size': 64, 'training.gradient_clip_val': 0.4358317437515068, 'training.early_stopping_patience': 5, 'model.nhead_emb_combo': 20, 'model.hidden_dim': 16, 'model.nlayers': 5, 'model.dropout': 0.5970592870716319, 'training.epochs': 23}. Best is trial 229 with value: -0.6563454866409302.
/home/eng/shilo_avital/yolo_lab/walk_to_paint/optuna_run.py:147: FutureWarning: suggest_loguniform has been deprecated in v3.0.0. This feature will be removed in v6.0.0. See https://github.com/optuna/optuna/releases/tag/v3.0.0. Use suggest_float(..., log=True) instead.
  cfg.training.lr = trial.suggest_loguniform("training.lr", 1e-5, 1e-1)
/home/eng/shilo_avital/yolo_lab/walk_to_paint/optuna_run.py:148: FutureWarning: suggest_loguniform has been deprecated in v3.0.0. This feature will be removed in v6.0.0. See https://github.com/optuna/optuna/releases/tag/v3.0.0. Use suggest_float(..., log=True) instead.
  cfg.training.weight_decay = trial.suggest_loguniform(

🔬 Trial 260 hyperparameters:
  Walk length: 76, Num walks: 285,411
  LR: 8.81e-04, Batch size: 64
  Model: emb_dim=16, hidden_dim=16
  Transformer: 5 layers, 8 heads
  Epochs: 24, Weighted loss: True
Loading bitcoin-alpha-binary dataset...
Success! ✅
Splitting edges for bitcoin-alpha-binary dataset...
Success! ✅
Sampling random walks from bitcoin-alpha-binary dataset...
Success! ✅
Building tokenizer for bitcoin-alpha-binary dataset...
Success! ✅
Padding and building stage tensors for bitcoin-alpha-binary dataset...
Success! ✅
Creating DataLoaders for bitcoin-alpha-binary dataset...
Success! ✅
GPU available: True (cuda), used: True
TPU available: False, using: 0 TPU cores
HPU available: False, using: 0 HPUs
/home/eng/shilo_avital/yolo_lab/walk_to_paint/.venv/lib64/python3.9/site-packages/pytorch_lightning/callbacks/model_checkpoint.py:658: Checkpoint directory /home/eng/shilo_avital/yolo_lab/walk_to_paint/checkpoints exists and is not empty.
LOCAL_RANK: 0 - CUDA_VISIBLE_DEVICES: [3]
/home/eng/shilo_avital/yolo_lab/walk_to_paint/.venv/lib64/python3.9/site-packages/pytorch_lightning/trainer/connectors/data_connector.py:425: The 'val_dataloader' does not have many workers which may be a bottleneck. Consider increasing the value of the `num_workers` argument` to `num_workers=127` in the `DataLoader` to improve performance.
/home/eng/shilo_avital/yolo_lab/walk_to_paint/.venv/lib64/python3.9/site-packages/pytorch_lightning/trainer/connectors/data_connector.py:425: The 'train_dataloader' does not have many workers which may be a bottleneck. Consider increasing the value of the `num_workers` argument` to `num_workers=127` in the `DataLoader` to improve performance.
Metric val_auc_epoch improved. New best score: 0.549
Metric val_auc_epoch improved by 0.000 >= min_delta = 0.0. New best score: 0.550
Metric val_auc_epoch improved by 0.003 >= min_delta = 0.0. New best score: 0.553
Metric val_auc_epoch improved by 0.012 >= min_delta = 0.0. New best score: 0.565
Metric val_auc_epoch improved by 0.013 >= min_delta = 0.0. New best score: 0.578
Metric val_auc_epoch improved by 0.009 >= min_delta = 0.0. New best score: 0.587
Metric val_auc_epoch improved by 0.007 >= min_delta = 0.0. New best score: 0.594
Metric val_auc_epoch improved by 0.010 >= min_delta = 0.0. New best score: 0.604
Metric val_auc_epoch improved by 0.008 >= min_delta = 0.0. New best score: 0.612
Metric val_auc_epoch improved by 0.007 >= min_delta = 0.0. New best score: 0.619
Metric val_auc_epoch improved by 0.004 >= min_delta = 0.0. New best score: 0.624
Metric val_auc_epoch improved by 0.002 >= min_delta = 0.0. New best score: 0.626
Metric val_auc_epoch improved by 0.003 >= min_delta = 0.0. New best score: 0.629
Metric val_auc_epoch improved by 0.001 >= min_delta = 0.0. New best score: 0.631
Metric val_auc_epoch improved by 0.001 >= min_delta = 0.0. New best score: 0.632
Metric val_auc_epoch improved by 0.002 >= min_delta = 0.0. New best score: 0.634
Metric val_auc_epoch improved by 0.000 >= min_delta = 0.0. New best score: 0.634
Metric val_auc_epoch improved by 0.001 >= min_delta = 0.0. New best score: 0.635
Metric val_auc_epoch improved by 0.000 >= min_delta = 0.0. New best score: 0.635
Metric val_auc_epoch improved by 0.000 >= min_delta = 0.0. New best score: 0.635
Metric val_auc_epoch improved by 0.000 >= min_delta = 0.0. New best score: 0.636
`Trainer.fit` stopped: `max_epochs=24` reached.
Restoring states from the checkpoint path at /home/eng/shilo_avital/yolo_lab/walk_to_paint/checkpoints/trial_260-epoch=21-val_auc_epoch=0.6358.ckpt
LOCAL_RANK: 0 - CUDA_VISIBLE_DEVICES: [3]
Loaded model weights from the checkpoint at /home/eng/shilo_avital/yolo_lab/walk_to_paint/checkpoints/trial_260-epoch=21-val_auc_epoch=0.6358.ckpt
/home/eng/shilo_avital/yolo_lab/walk_to_paint/.venv/lib64/python3.9/site-packages/pytorch_lightning/trainer/connectors/data_connector.py:425: The 'val_dataloader' does not have many workers which may be a bottleneck. Consider increasing the value of the `num_workers` argument` to `num_workers=127` in the `DataLoader` to improve performance.
────────────────────────────────────────────────────────────────────────────────────────────────────────────────────────
     Validate metric           DataLoader 0
────────────────────────────────────────────────────────────────────────────────────────────────────────────────────────
      val_acc_epoch         0.5957321524620056
      val_auc_epoch         0.6357719898223877
      val_f1_epoch          0.5914126038551331
        val_loss            0.7757523655891418
────────────────────────────────────────────────────────────────────────────────────────────────────────────────────────
✅ Trial 260 completed - Val AUC: 0.6358
