[I 2025-08-22 21:35:39,003] Trial 216 finished with value: 0.0 and parameters: {'dataset.max_walk_length': 84, 'dataset.num_walks': 243914, 'training.lr': 0.0007146258566349287, 'training.weight_decay': 0.002197436792765809, 'training.batch_size': 64, 'training.gradient_clip_val': 0.5839672454731111, 'training.early_stopping_patience': 5, 'model.nhead_emb_combo': 20, 'model.hidden_dim': 16, 'model.nlayers': 5, 'model.dropout': 0.5948201097621362, 'training.epochs': 27}. Best is trial 215 with value: -0.6391385197639465.
/home/eng/shilo_avital/yolo_lab/walk_to_paint/optuna_run.py:147: FutureWarning: suggest_loguniform has been deprecated in v3.0.0. This feature will be removed in v6.0.0. See https://github.com/optuna/optuna/releases/tag/v3.0.0. Use suggest_float(..., log=True) instead.
  cfg.training.lr = trial.suggest_loguniform("training.lr", 1e-5, 1e-1)
/home/eng/shilo_avital/yolo_lab/walk_to_paint/optuna_run.py:148: FutureWarning: suggest_loguniform has been deprecated in v3.0.0. This feature will be removed in v6.0.0. See https://github.com/optuna/optuna/releases/tag/v3.0.0. Use suggest_float(..., log=True) instead.
  cfg.training.weight_decay = trial.suggest_loguniform(

🔬 Trial 217 hyperparameters:
  Walk length: 82, Num walks: 222,731
  LR: 1.09e-03, Batch size: 64
  Model: emb_dim=64, hidden_dim=16
  Transformer: 5 layers, 8 heads
  Epochs: 27, Weighted loss: True
Loading bitcoin-alpha-binary dataset...
Success! ✅
Splitting edges for bitcoin-alpha-binary dataset...
Success! ✅
Sampling random walks from bitcoin-alpha-binary dataset...
Success! ✅
Building tokenizer for bitcoin-alpha-binary dataset...
Success! ✅
Padding and building stage tensors for bitcoin-alpha-binary dataset...
Success! ✅
Creating DataLoaders for bitcoin-alpha-binary dataset...
Success! ✅
GPU available: True (cuda), used: True
TPU available: False, using: 0 TPU cores
HPU available: False, using: 0 HPUs
/home/eng/shilo_avital/yolo_lab/walk_to_paint/.venv/lib64/python3.9/site-packages/pytorch_lightning/callbacks/model_checkpoint.py:658: Checkpoint directory /home/eng/shilo_avital/yolo_lab/walk_to_paint/checkpoints exists and is not empty.
LOCAL_RANK: 0 - CUDA_VISIBLE_DEVICES: [3]
/home/eng/shilo_avital/yolo_lab/walk_to_paint/.venv/lib64/python3.9/site-packages/pytorch_lightning/trainer/connectors/data_connector.py:425: The 'val_dataloader' does not have many workers which may be a bottleneck. Consider increasing the value of the `num_workers` argument` to `num_workers=127` in the `DataLoader` to improve performance.
/home/eng/shilo_avital/yolo_lab/walk_to_paint/.venv/lib64/python3.9/site-packages/pytorch_lightning/trainer/connectors/data_connector.py:425: The 'train_dataloader' does not have many workers which may be a bottleneck. Consider increasing the value of the `num_workers` argument` to `num_workers=127` in the `DataLoader` to improve performance.
Metric val_auc_epoch improved. New best score: 0.531
Metric val_auc_epoch improved by 0.032 >= min_delta = 0.0. New best score: 0.563
Metric val_auc_epoch improved by 0.027 >= min_delta = 0.0. New best score: 0.590
Metric val_auc_epoch improved by 0.010 >= min_delta = 0.0. New best score: 0.600
Metric val_auc_epoch improved by 0.007 >= min_delta = 0.0. New best score: 0.607
Metric val_auc_epoch improved by 0.003 >= min_delta = 0.0. New best score: 0.610
Metric val_auc_epoch improved by 0.001 >= min_delta = 0.0. New best score: 0.611
Metric val_auc_epoch improved by 0.001 >= min_delta = 0.0. New best score: 0.612
Metric val_auc_epoch improved by 0.000 >= min_delta = 0.0. New best score: 0.612
Monitored metric val_auc_epoch did not improve in the last 5 records. Best score: 0.612. Signaling Trainer to stop.
Restoring states from the checkpoint path at /home/eng/shilo_avital/yolo_lab/walk_to_paint/checkpoints/trial_217-epoch=10-val_auc_epoch=0.6120.ckpt
LOCAL_RANK: 0 - CUDA_VISIBLE_DEVICES: [3]
Loaded model weights from the checkpoint at /home/eng/shilo_avital/yolo_lab/walk_to_paint/checkpoints/trial_217-epoch=10-val_auc_epoch=0.6120.ckpt
/home/eng/shilo_avital/yolo_lab/walk_to_paint/.venv/lib64/python3.9/site-packages/pytorch_lightning/trainer/connectors/data_connector.py:425: The 'val_dataloader' does not have many workers which may be a bottleneck. Consider increasing the value of the `num_workers` argument` to `num_workers=127` in the `DataLoader` to improve performance.
────────────────────────────────────────────────────────────────────────────────────────────────────────────────────────
     Validate metric           DataLoader 0
────────────────────────────────────────────────────────────────────────────────────────────────────────────────────────
      val_acc_epoch         0.5791089534759521
      val_auc_epoch         0.6119699478149414
      val_f1_epoch          0.5752929449081421
        val_loss             1.836412787437439
────────────────────────────────────────────────────────────────────────────────────────────────────────────────────────
✅ Trial 217 completed - Val AUC: 0.6120
[I 2025-08-22 21:51:43,217] Trial 217 finished with value: -0.6119699478149414 and parameters: {'dataset.max_walk_length': 82, 'dataset.num_walks': 222731, 'training.lr': 0.0010878574334999007, 'training.weight_decay': 0.0030862804335487215, 'training.batch_size': 64, 'training.gradient_clip_val': 0.5541944906931371, 'training.early_stopping_patience': 5, 'model.nhead_emb_combo': 21, 'model.hidden_dim': 16, 'model.nlayers': 5, 'model.dropout': 0.6164479622163417, 'training.epochs': 27}. Best is trial 215 with value: -0.6391385197639465.
/home/eng/shilo_avital/yolo_lab/walk_to_paint/optuna_run.py:147: FutureWarning: suggest_loguniform has been deprecated in v3.0.0. This feature will be removed in v6.0.0. See https://github.com/optuna/optuna/releases/tag/v3.0.0. Use suggest_float(..., log=True) instead.
  cfg.training.lr = trial.suggest_loguniform("training.lr", 1e-5, 1e-1)
/home/eng/shilo_avital/yolo_lab/walk_to_paint/optuna_run.py:148: FutureWarning: suggest_loguniform has been deprecated in v3.0.0. This feature will be removed in v6.0.0. See https://github.com/optuna/optuna/releases/tag/v3.0.0. Use suggest_float(..., log=True) instead.
  cfg.training.weight_decay = trial.suggest_loguniform(

🔬 Trial 218 hyperparameters:
  Walk length: 80, Num walks: 233,696
  LR: 1.14e-03, Batch size: 64
  Model: emb_dim=64, hidden_dim=16
  Transformer: 5 layers, 8 heads
  Epochs: 26, Weighted loss: True
Loading bitcoin-alpha-binary dataset...
Success! ✅
Splitting edges for bitcoin-alpha-binary dataset...
Success! ✅
Sampling random walks from bitcoin-alpha-binary dataset...
Success! ✅
Building tokenizer for bitcoin-alpha-binary dataset...
Success! ✅
Padding and building stage tensors for bitcoin-alpha-binary dataset...
Success! ✅
Creating DataLoaders for bitcoin-alpha-binary dataset...
Success! ✅
GPU available: True (cuda), used: True
TPU available: False, using: 0 TPU cores
HPU available: False, using: 0 HPUs
/home/eng/shilo_avital/yolo_lab/walk_to_paint/.venv/lib64/python3.9/site-packages/pytorch_lightning/callbacks/model_checkpoint.py:658: Checkpoint directory /home/eng/shilo_avital/yolo_lab/walk_to_paint/checkpoints exists and is not empty.
LOCAL_RANK: 0 - CUDA_VISIBLE_DEVICES: [3]
/home/eng/shilo_avital/yolo_lab/walk_to_paint/.venv/lib64/python3.9/site-packages/pytorch_lightning/trainer/connectors/data_connector.py:425: The 'val_dataloader' does not have many workers which may be a bottleneck. Consider increasing the value of the `num_workers` argument` to `num_workers=127` in the `DataLoader` to improve performance.
/home/eng/shilo_avital/yolo_lab/walk_to_paint/.venv/lib64/python3.9/site-packages/pytorch_lightning/trainer/connectors/data_connector.py:425: The 'train_dataloader' does not have many workers which may be a bottleneck. Consider increasing the value of the `num_workers` argument` to `num_workers=127` in the `DataLoader` to improve performance.
Metric val_auc_epoch improved. New best score: 0.533
Metric val_auc_epoch improved by 0.005 >= min_delta = 0.0. New best score: 0.538
Metric val_auc_epoch improved by 0.041 >= min_delta = 0.0. New best score: 0.579
Metric val_auc_epoch improved by 0.025 >= min_delta = 0.0. New best score: 0.604
Metric val_auc_epoch improved by 0.012 >= min_delta = 0.0. New best score: 0.617
Metric val_auc_epoch improved by 0.002 >= min_delta = 0.0. New best score: 0.618
Metric val_auc_epoch improved by 0.007 >= min_delta = 0.0. New best score: 0.625
Metric val_auc_epoch improved by 0.001 >= min_delta = 0.0. New best score: 0.626
Monitored metric val_auc_epoch did not improve in the last 5 records. Best score: 0.626. Signaling Trainer to stop.
Restoring states from the checkpoint path at /home/eng/shilo_avital/yolo_lab/walk_to_paint/checkpoints/trial_218-epoch=07-val_auc_epoch=0.6257.ckpt
LOCAL_RANK: 0 - CUDA_VISIBLE_DEVICES: [3]
Loaded model weights from the checkpoint at /home/eng/shilo_avital/yolo_lab/walk_to_paint/checkpoints/trial_218-epoch=07-val_auc_epoch=0.6257.ckpt
/home/eng/shilo_avital/yolo_lab/walk_to_paint/.venv/lib64/python3.9/site-packages/pytorch_lightning/trainer/connectors/data_connector.py:425: The 'val_dataloader' does not have many workers which may be a bottleneck. Consider increasing the value of the `num_workers` argument` to `num_workers=127` in the `DataLoader` to improve performance.
────────────────────────────────────────────────────────────────────────────────────────────────────────────────────────
     Validate metric           DataLoader 0
────────────────────────────────────────────────────────────────────────────────────────────────────────────────────────
      val_acc_epoch          0.588208794593811
      val_auc_epoch         0.6257302761077881
      val_f1_epoch           0.586435079574585
        val_loss            1.2373312711715698
────────────────────────────────────────────────────────────────────────────────────────────────────────────────────────
✅ Trial 218 completed - Val AUC: 0.6257
[I 2025-08-22 22:05:33,545] Trial 218 finished with value: -0.6257302761077881 and parameters: {'dataset.max_walk_length': 80, 'dataset.num_walks': 233696, 'training.lr': 0.0011358174218198457, 'training.weight_decay': 0.002857344972061855, 'training.batch_size': 64, 'training.gradient_clip_val': 0.5550754912771471, 'training.early_stopping_patience': 5, 'model.nhead_emb_combo': 21, 'model.hidden_dim': 16, 'model.nlayers': 5, 'model.dropout': 0.6133546537289731, 'training.epochs': 26}. Best is trial 215 with value: -0.6391385197639465.
/home/eng/shilo_avital/yolo_lab/walk_to_paint/optuna_run.py:147: FutureWarning: suggest_loguniform has been deprecated in v3.0.0. This feature will be removed in v6.0.0. See https://github.com/optuna/optuna/releases/tag/v3.0.0. Use suggest_float(..., log=True) instead.
  cfg.training.lr = trial.suggest_loguniform("training.lr", 1e-5, 1e-1)
/home/eng/shilo_avital/yolo_lab/walk_to_paint/optuna_run.py:148: FutureWarning: suggest_loguniform has been deprecated in v3.0.0. This feature will be removed in v6.0.0. See https://github.com/optuna/optuna/releases/tag/v3.0.0. Use suggest_float(..., log=True) instead.
  cfg.training.weight_decay = trial.suggest_loguniform(

🔬 Trial 219 hyperparameters:
  Walk length: 83, Num walks: 219,589
  LR: 1.20e-03, Batch size: 64
  Model: emb_dim=32, hidden_dim=16
  Transformer: 5 layers, 8 heads
  Epochs: 26, Weighted loss: True
Loading bitcoin-alpha-binary dataset...
Success! ✅
Splitting edges for bitcoin-alpha-binary dataset...
Success! ✅
Sampling random walks from bitcoin-alpha-binary dataset...
Success! ✅
Building tokenizer for bitcoin-alpha-binary dataset...
Success! ✅
Padding and building stage tensors for bitcoin-alpha-binary dataset...
Success! ✅
Creating DataLoaders for bitcoin-alpha-binary dataset...
Success! ✅
GPU available: True (cuda), used: True
TPU available: False, using: 0 TPU cores
HPU available: False, using: 0 HPUs
/home/eng/shilo_avital/yolo_lab/walk_to_paint/.venv/lib64/python3.9/site-packages/pytorch_lightning/callbacks/model_checkpoint.py:658: Checkpoint directory /home/eng/shilo_avital/yolo_lab/walk_to_paint/checkpoints exists and is not empty.
LOCAL_RANK: 0 - CUDA_VISIBLE_DEVICES: [3]
/home/eng/shilo_avital/yolo_lab/walk_to_paint/.venv/lib64/python3.9/site-packages/pytorch_lightning/trainer/connectors/data_connector.py:425: The 'val_dataloader' does not have many workers which may be a bottleneck. Consider increasing the value of the `num_workers` argument` to `num_workers=127` in the `DataLoader` to improve performance.
/home/eng/shilo_avital/yolo_lab/walk_to_paint/.venv/lib64/python3.9/site-packages/pytorch_lightning/trainer/connectors/data_connector.py:425: The 'train_dataloader' does not have many workers which may be a bottleneck. Consider increasing the value of the `num_workers` argument` to `num_workers=127` in the `DataLoader` to improve performance.
Metric val_auc_epoch improved. New best score: 0.534
Metric val_auc_epoch improved by 0.012 >= min_delta = 0.0. New best score: 0.546
Metric val_auc_epoch improved by 0.044 >= min_delta = 0.0. New best score: 0.590
Metric val_auc_epoch improved by 0.019 >= min_delta = 0.0. New best score: 0.609
Metric val_auc_epoch improved by 0.014 >= min_delta = 0.0. New best score: 0.622
Metric val_auc_epoch improved by 0.005 >= min_delta = 0.0. New best score: 0.628
Metric val_auc_epoch improved by 0.006 >= min_delta = 0.0. New best score: 0.633
Metric val_auc_epoch improved by 0.006 >= min_delta = 0.0. New best score: 0.639
Metric val_auc_epoch improved by 0.003 >= min_delta = 0.0. New best score: 0.642
Metric val_auc_epoch improved by 0.003 >= min_delta = 0.0. New best score: 0.645
Metric val_auc_epoch improved by 0.004 >= min_delta = 0.0. New best score: 0.649
Metric val_auc_epoch improved by 0.002 >= min_delta = 0.0. New best score: 0.651
Metric val_auc_epoch improved by 0.002 >= min_delta = 0.0. New best score: 0.652
Metric val_auc_epoch improved by 0.002 >= min_delta = 0.0. New best score: 0.654
Metric val_auc_epoch improved by 0.001 >= min_delta = 0.0. New best score: 0.655
Metric val_auc_epoch improved by 0.002 >= min_delta = 0.0. New best score: 0.656
Monitored metric val_auc_epoch did not improve in the last 5 records. Best score: 0.656. Signaling Trainer to stop.
Restoring states from the checkpoint path at /home/eng/shilo_avital/yolo_lab/walk_to_paint/checkpoints/trial_219-epoch=16-val_auc_epoch=0.6563.ckpt
LOCAL_RANK: 0 - CUDA_VISIBLE_DEVICES: [3]
Loaded model weights from the checkpoint at /home/eng/shilo_avital/yolo_lab/walk_to_paint/checkpoints/trial_219-epoch=16-val_auc_epoch=0.6563.ckpt
/home/eng/shilo_avital/yolo_lab/walk_to_paint/.venv/lib64/python3.9/site-packages/pytorch_lightning/trainer/connectors/data_connector.py:425: The 'val_dataloader' does not have many workers which may be a bottleneck. Consider increasing the value of the `num_workers` argument` to `num_workers=127` in the `DataLoader` to improve performance.
────────────────────────────────────────────────────────────────────────────────────────────────────────────────────────
     Validate metric           DataLoader 0
────────────────────────────────────────────────────────────────────────────────────────────────────────────────────────
      val_acc_epoch         0.6072036027908325
      val_auc_epoch         0.6563096642494202
      val_f1_epoch          0.5929727554321289
        val_loss            0.8712694644927979
────────────────────────────────────────────────────────────────────────────────────────────────────────────────────────
✅ Trial 219 completed - Val AUC: 0.6563
[I 2025-08-22 22:26:58,420] Trial 219 finished with value: -0.6563096642494202 and parameters: {'dataset.max_walk_length': 83, 'dataset.num_walks': 219589, 'training.lr': 0.0011990397793339518, 'training.weight_decay': 0.0026821863636421073, 'training.batch_size': 64, 'training.gradient_clip_val': 0.5956847053697083, 'training.early_stopping_patience': 5, 'model.nhead_emb_combo': 20, 'model.hidden_dim': 16, 'model.nlayers': 5, 'model.dropout': 0.6207573207736868, 'training.epochs': 26}. Best is trial 219 with value: -0.6563096642494202.
/home/eng/shilo_avital/yolo_lab/walk_to_paint/optuna_run.py:147: FutureWarning: suggest_loguniform has been deprecated in v3.0.0. This feature will be removed in v6.0.0. See https://github.com/optuna/optuna/releases/tag/v3.0.0. Use suggest_float(..., log=True) instead.
  cfg.training.lr = trial.suggest_loguniform("training.lr", 1e-5, 1e-1)
/home/eng/shilo_avital/yolo_lab/walk_to_paint/optuna_run.py:148: FutureWarning: suggest_loguniform has been deprecated in v3.0.0. This feature will be removed in v6.0.0. See https://github.com/optuna/optuna/releases/tag/v3.0.0. Use suggest_float(..., log=True) instead.
  cfg.training.weight_decay = trial.suggest_loguniform(

🔬 Trial 220 hyperparameters:
  Walk length: 82, Num walks: 218,292
  LR: 1.02e-03, Batch size: 64
  Model: emb_dim=64, hidden_dim=16
  Transformer: 5 layers, 8 heads
  Epochs: 26, Weighted loss: True
Loading bitcoin-alpha-binary dataset...
Success! ✅
Splitting edges for bitcoin-alpha-binary dataset...
Success! ✅
Sampling random walks from bitcoin-alpha-binary dataset...
Success! ✅
Building tokenizer for bitcoin-alpha-binary dataset...
Success! ✅
Padding and building stage tensors for bitcoin-alpha-binary dataset...
Success! ✅
Creating DataLoaders for bitcoin-alpha-binary dataset...
Success! ✅
GPU available: True (cuda), used: True
TPU available: False, using: 0 TPU cores
HPU available: False, using: 0 HPUs
/home/eng/shilo_avital/yolo_lab/walk_to_paint/.venv/lib64/python3.9/site-packages/pytorch_lightning/callbacks/model_checkpoint.py:658: Checkpoint directory /home/eng/shilo_avital/yolo_lab/walk_to_paint/checkpoints exists and is not empty.
LOCAL_RANK: 0 - CUDA_VISIBLE_DEVICES: [3]
/home/eng/shilo_avital/yolo_lab/walk_to_paint/.venv/lib64/python3.9/site-packages/pytorch_lightning/trainer/connectors/data_connector.py:425: The 'val_dataloader' does not have many workers which may be a bottleneck. Consider increasing the value of the `num_workers` argument` to `num_workers=127` in the `DataLoader` to improve performance.
/home/eng/shilo_avital/yolo_lab/walk_to_paint/.venv/lib64/python3.9/site-packages/pytorch_lightning/trainer/connectors/data_connector.py:425: The 'train_dataloader' does not have many workers which may be a bottleneck. Consider increasing the value of the `num_workers` argument` to `num_workers=127` in the `DataLoader` to improve performance.
Metric val_auc_epoch improved. New best score: 0.518
Metric val_auc_epoch improved by 0.000 >= min_delta = 0.0. New best score: 0.519
Metric val_auc_epoch improved by 0.032 >= min_delta = 0.0. New best score: 0.551
Metric val_auc_epoch improved by 0.028 >= min_delta = 0.0. New best score: 0.579
Metric val_auc_epoch improved by 0.010 >= min_delta = 0.0. New best score: 0.589
Metric val_auc_epoch improved by 0.006 >= min_delta = 0.0. New best score: 0.596
Metric val_auc_epoch improved by 0.001 >= min_delta = 0.0. New best score: 0.596
Metric val_auc_epoch improved by 0.005 >= min_delta = 0.0. New best score: 0.601
Metric val_auc_epoch improved by 0.002 >= min_delta = 0.0. New best score: 0.603
Metric val_auc_epoch improved by 0.003 >= min_delta = 0.0. New best score: 0.606
Metric val_auc_epoch improved by 0.003 >= min_delta = 0.0. New best score: 0.609
Monitored metric val_auc_epoch did not improve in the last 5 records. Best score: 0.609. Signaling Trainer to stop.
Restoring states from the checkpoint path at /home/eng/shilo_avital/yolo_lab/walk_to_paint/checkpoints/trial_220-epoch=10-val_auc_epoch=0.6095.ckpt
LOCAL_RANK: 0 - CUDA_VISIBLE_DEVICES: [3]
Loaded model weights from the checkpoint at /home/eng/shilo_avital/yolo_lab/walk_to_paint/checkpoints/trial_220-epoch=10-val_auc_epoch=0.6095.ckpt
/home/eng/shilo_avital/yolo_lab/walk_to_paint/.venv/lib64/python3.9/site-packages/pytorch_lightning/trainer/connectors/data_connector.py:425: The 'val_dataloader' does not have many workers which may be a bottleneck. Consider increasing the value of the `num_workers` argument` to `num_workers=127` in the `DataLoader` to improve performance.
────────────────────────────────────────────────────────────────────────────────────────────────────────────────────────
     Validate metric           DataLoader 0
────────────────────────────────────────────────────────────────────────────────────────────────────────────────────────
      val_acc_epoch         0.5849645137786865
      val_auc_epoch         0.6094998717308044
      val_f1_epoch          0.5807094573974609
        val_loss            1.4572089910507202
────────────────────────────────────────────────────────────────────────────────────────────────────────────────────────
✅ Trial 220 completed - Val AUC: 0.6095
