[I 2025-08-22 12:52:23,913] Trial 154 finished with value: -0.568897008895874 and parameters: {'dataset.max_walk_length': 25, 'dataset.num_walks': 107637, 'training.lr': 2.5417741489099844e-05, 'training.weight_decay': 0.0007205538855761632, 'training.batch_size': 64, 'training.gradient_clip_val': 1.8638735472482233, 'training.early_stopping_patience': 15, 'model.nhead_emb_combo': 4, 'model.hidden_dim': 16, 'model.nlayers': 2, 'model.dropout': 0.46393696499159454, 'training.epochs': 28}. Best is trial 1 with value: -0.6377121806144714.
/home/eng/shilo_avital/yolo_lab/walk_to_paint/optuna_run.py:147: FutureWarning: suggest_loguniform has been deprecated in v3.0.0. This feature will be removed in v6.0.0. See https://github.com/optuna/optuna/releases/tag/v3.0.0. Use suggest_float(..., log=True) instead.
  cfg.training.lr = trial.suggest_loguniform("training.lr", 1e-5, 1e-1)
/home/eng/shilo_avital/yolo_lab/walk_to_paint/optuna_run.py:148: FutureWarning: suggest_loguniform has been deprecated in v3.0.0. This feature will be removed in v6.0.0. See https://github.com/optuna/optuna/releases/tag/v3.0.0. Use suggest_float(..., log=True) instead.
  cfg.training.weight_decay = trial.suggest_loguniform(

🔬 Trial 155 hyperparameters:
  Walk length: 24, Num walks: 108,633
  LR: 2.43e-05, Batch size: 64
  Model: emb_dim=64, hidden_dim=16
  Transformer: 2 layers, 1 heads
  Epochs: 29, Weighted loss: True
Loading bitcoin-alpha-binary dataset...
Success! ✅
Splitting edges for bitcoin-alpha-binary dataset...
Success! ✅
Sampling random walks from bitcoin-alpha-binary dataset...
Success! ✅
Building tokenizer for bitcoin-alpha-binary dataset...
Success! ✅
Padding and building stage tensors for bitcoin-alpha-binary dataset...
Success! ✅
Creating DataLoaders for bitcoin-alpha-binary dataset...
Success! ✅
/home/eng/shilo_avital/yolo_lab/walk_to_paint/.venv/lib64/python3.9/site-packages/torch/nn/modules/transformer.py:382: UserWarning: enable_nested_tensor is True, but self.use_nested_tensor is False because encoder_layer.self_attn.num_heads is odd
  warnings.warn(
GPU available: True (cuda), used: True
TPU available: False, using: 0 TPU cores
HPU available: False, using: 0 HPUs
/home/eng/shilo_avital/yolo_lab/walk_to_paint/.venv/lib64/python3.9/site-packages/pytorch_lightning/callbacks/model_checkpoint.py:658: Checkpoint directory /home/eng/shilo_avital/yolo_lab/walk_to_paint/checkpoints exists and is not empty.
LOCAL_RANK: 0 - CUDA_VISIBLE_DEVICES: [3]
/home/eng/shilo_avital/yolo_lab/walk_to_paint/.venv/lib64/python3.9/site-packages/pytorch_lightning/trainer/connectors/data_connector.py:425: The 'val_dataloader' does not have many workers which may be a bottleneck. Consider increasing the value of the `num_workers` argument` to `num_workers=127` in the `DataLoader` to improve performance.
/home/eng/shilo_avital/yolo_lab/walk_to_paint/.venv/lib64/python3.9/site-packages/pytorch_lightning/trainer/connectors/data_connector.py:425: The 'train_dataloader' does not have many workers which may be a bottleneck. Consider increasing the value of the `num_workers` argument` to `num_workers=127` in the `DataLoader` to improve performance.
Metric val_auc_epoch improved. New best score: 0.547
Metric val_auc_epoch improved by 0.007 >= min_delta = 0.0. New best score: 0.554
Metric val_auc_epoch improved by 0.001 >= min_delta = 0.0. New best score: 0.555
❌ Trial 155 failed: Trial was pruned at epoch 6.
[I 2025-08-22 12:54:42,193] Trial 155 finished with value: 0.0 and parameters: {'dataset.max_walk_length': 24, 'dataset.num_walks': 108633, 'training.lr': 2.428854791115678e-05, 'training.weight_decay': 0.0007547647036399409, 'training.batch_size': 64, 'training.gradient_clip_val': 1.8839761959905141, 'training.early_stopping_patience': 15, 'model.nhead_emb_combo': 4, 'model.hidden_dim': 16, 'model.nlayers': 2, 'model.dropout': 0.44847707258293207, 'training.epochs': 29}. Best is trial 1 with value: -0.6377121806144714.
🧹 Cleaning up old checkpoints and logs (keeping top 10)...
  Removed old checkpoint: trial_145-epoch=08-val_auc_epoch=0.5653.ckpt
  Removed old checkpoint: trial_144-epoch=22-val_auc_epoch=0.6299.ckpt
  Removed old checkpoint: trial_143-epoch=22-val_auc_epoch=0.5564.ckpt
  Removed old checkpoint: trial_142-epoch=04-val_auc_epoch=0.5702.ckpt
  Removed old checkpoint: trial_141-epoch=20-val_auc_epoch=0.5475.ckpt
  Removed old log dir: trial_145
  Removed old log dir: trial_144
  Removed old log dir: trial_143
  Removed old log dir: trial_142
  Removed old log dir: trial_141
/home/eng/shilo_avital/yolo_lab/walk_to_paint/optuna_run.py:147: FutureWarning: suggest_loguniform has been deprecated in v3.0.0. This feature will be removed in v6.0.0. See https://github.com/optuna/optuna/releases/tag/v3.0.0. Use suggest_float(..., log=True) instead.
  cfg.training.lr = trial.suggest_loguniform("training.lr", 1e-5, 1e-1)
/home/eng/shilo_avital/yolo_lab/walk_to_paint/optuna_run.py:148: FutureWarning: suggest_loguniform has been deprecated in v3.0.0. This feature will be removed in v6.0.0. See https://github.com/optuna/optuna/releases/tag/v3.0.0. Use suggest_float(..., log=True) instead.
  cfg.training.weight_decay = trial.suggest_loguniform(

🔬 Trial 156 hyperparameters:
  Walk length: 30, Num walks: 114,310
  LR: 1.79e-05, Batch size: 64
  Model: emb_dim=128, hidden_dim=16
  Transformer: 2 layers, 1 heads
  Epochs: 29, Weighted loss: True
Loading bitcoin-alpha-binary dataset...
Success! ✅
Splitting edges for bitcoin-alpha-binary dataset...
Success! ✅
Sampling random walks from bitcoin-alpha-binary dataset...
Success! ✅
Building tokenizer for bitcoin-alpha-binary dataset...
Success! ✅
Padding and building stage tensors for bitcoin-alpha-binary dataset...
Success! ✅
Creating DataLoaders for bitcoin-alpha-binary dataset...
Success! ✅
/home/eng/shilo_avital/yolo_lab/walk_to_paint/.venv/lib64/python3.9/site-packages/torch/nn/modules/transformer.py:382: UserWarning: enable_nested_tensor is True, but self.use_nested_tensor is False because encoder_layer.self_attn.num_heads is odd
  warnings.warn(
GPU available: True (cuda), used: True
TPU available: False, using: 0 TPU cores
HPU available: False, using: 0 HPUs
/home/eng/shilo_avital/yolo_lab/walk_to_paint/.venv/lib64/python3.9/site-packages/pytorch_lightning/callbacks/model_checkpoint.py:658: Checkpoint directory /home/eng/shilo_avital/yolo_lab/walk_to_paint/checkpoints exists and is not empty.
LOCAL_RANK: 0 - CUDA_VISIBLE_DEVICES: [3]
/home/eng/shilo_avital/yolo_lab/walk_to_paint/.venv/lib64/python3.9/site-packages/pytorch_lightning/trainer/connectors/data_connector.py:425: The 'val_dataloader' does not have many workers which may be a bottleneck. Consider increasing the value of the `num_workers` argument` to `num_workers=127` in the `DataLoader` to improve performance.
/home/eng/shilo_avital/yolo_lab/walk_to_paint/.venv/lib64/python3.9/site-packages/pytorch_lightning/trainer/connectors/data_connector.py:425: The 'train_dataloader' does not have many workers which may be a bottleneck. Consider increasing the value of the `num_workers` argument` to `num_workers=127` in the `DataLoader` to improve performance.
Metric val_auc_epoch improved. New best score: 0.556
Metric val_auc_epoch improved by 0.003 >= min_delta = 0.0. New best score: 0.560
Metric val_auc_epoch improved by 0.000 >= min_delta = 0.0. New best score: 0.560
Metric val_auc_epoch improved by 0.001 >= min_delta = 0.0. New best score: 0.561
Metric val_auc_epoch improved by 0.003 >= min_delta = 0.0. New best score: 0.564
❌ Trial 156 failed: Trial was pruned at epoch 5.
[I 2025-08-22 12:56:49,842] Trial 156 finished with value: 0.0 and parameters: {'dataset.max_walk_length': 30, 'dataset.num_walks': 114310, 'training.lr': 1.793026207432259e-05, 'training.weight_decay': 0.0011760197376189626, 'training.batch_size': 64, 'training.gradient_clip_val': 1.8561460541574204, 'training.early_stopping_patience': 15, 'model.nhead_emb_combo': 5, 'model.hidden_dim': 16, 'model.nlayers': 2, 'model.dropout': 0.4608237641177816, 'training.epochs': 29}. Best is trial 1 with value: -0.6377121806144714.
/home/eng/shilo_avital/yolo_lab/walk_to_paint/optuna_run.py:147: FutureWarning: suggest_loguniform has been deprecated in v3.0.0. This feature will be removed in v6.0.0. See https://github.com/optuna/optuna/releases/tag/v3.0.0. Use suggest_float(..., log=True) instead.
  cfg.training.lr = trial.suggest_loguniform("training.lr", 1e-5, 1e-1)
/home/eng/shilo_avital/yolo_lab/walk_to_paint/optuna_run.py:148: FutureWarning: suggest_loguniform has been deprecated in v3.0.0. This feature will be removed in v6.0.0. See https://github.com/optuna/optuna/releases/tag/v3.0.0. Use suggest_float(..., log=True) instead.
  cfg.training.weight_decay = trial.suggest_loguniform(

🔬 Trial 157 hyperparameters:
  Walk length: 33, Num walks: 105,436
  LR: 2.64e-05, Batch size: 64
  Model: emb_dim=64, hidden_dim=16
  Transformer: 2 layers, 1 heads
  Epochs: 29, Weighted loss: True
Loading bitcoin-alpha-binary dataset...
Success! ✅
Splitting edges for bitcoin-alpha-binary dataset...
Success! ✅
Sampling random walks from bitcoin-alpha-binary dataset...
Success! ✅
Building tokenizer for bitcoin-alpha-binary dataset...
Success! ✅
Padding and building stage tensors for bitcoin-alpha-binary dataset...
Success! ✅
Creating DataLoaders for bitcoin-alpha-binary dataset...
Success! ✅
/home/eng/shilo_avital/yolo_lab/walk_to_paint/.venv/lib64/python3.9/site-packages/torch/nn/modules/transformer.py:382: UserWarning: enable_nested_tensor is True, but self.use_nested_tensor is False because encoder_layer.self_attn.num_heads is odd
  warnings.warn(
GPU available: True (cuda), used: True
TPU available: False, using: 0 TPU cores
HPU available: False, using: 0 HPUs
/home/eng/shilo_avital/yolo_lab/walk_to_paint/.venv/lib64/python3.9/site-packages/pytorch_lightning/callbacks/model_checkpoint.py:658: Checkpoint directory /home/eng/shilo_avital/yolo_lab/walk_to_paint/checkpoints exists and is not empty.
LOCAL_RANK: 0 - CUDA_VISIBLE_DEVICES: [3]
/home/eng/shilo_avital/yolo_lab/walk_to_paint/.venv/lib64/python3.9/site-packages/pytorch_lightning/trainer/connectors/data_connector.py:425: The 'val_dataloader' does not have many workers which may be a bottleneck. Consider increasing the value of the `num_workers` argument` to `num_workers=127` in the `DataLoader` to improve performance.
/home/eng/shilo_avital/yolo_lab/walk_to_paint/.venv/lib64/python3.9/site-packages/pytorch_lightning/trainer/connectors/data_connector.py:425: The 'train_dataloader' does not have many workers which may be a bottleneck. Consider increasing the value of the `num_workers` argument` to `num_workers=127` in the `DataLoader` to improve performance.
Metric val_auc_epoch improved. New best score: 0.530
Metric val_auc_epoch improved by 0.014 >= min_delta = 0.0. New best score: 0.544
Metric val_auc_epoch improved by 0.007 >= min_delta = 0.0. New best score: 0.552
Metric val_auc_epoch improved by 0.003 >= min_delta = 0.0. New best score: 0.554
Metric val_auc_epoch improved by 0.001 >= min_delta = 0.0. New best score: 0.555
Metric val_auc_epoch improved by 0.000 >= min_delta = 0.0. New best score: 0.555
Metric val_auc_epoch improved by 0.001 >= min_delta = 0.0. New best score: 0.556
Metric val_auc_epoch improved by 0.001 >= min_delta = 0.0. New best score: 0.558
Metric val_auc_epoch improved by 0.001 >= min_delta = 0.0. New best score: 0.558
Metric val_auc_epoch improved by 0.001 >= min_delta = 0.0. New best score: 0.560
Metric val_auc_epoch improved by 0.001 >= min_delta = 0.0. New best score: 0.561
Metric val_auc_epoch improved by 0.000 >= min_delta = 0.0. New best score: 0.561
Metric val_auc_epoch improved by 0.001 >= min_delta = 0.0. New best score: 0.563
Metric val_auc_epoch improved by 0.001 >= min_delta = 0.0. New best score: 0.563
Metric val_auc_epoch improved by 0.001 >= min_delta = 0.0. New best score: 0.565
Metric val_auc_epoch improved by 0.001 >= min_delta = 0.0. New best score: 0.565
Metric val_auc_epoch improved by 0.001 >= min_delta = 0.0. New best score: 0.566
Metric val_auc_epoch improved by 0.001 >= min_delta = 0.0. New best score: 0.567
Metric val_auc_epoch improved by 0.000 >= min_delta = 0.0. New best score: 0.567
Metric val_auc_epoch improved by 0.000 >= min_delta = 0.0. New best score: 0.567
Metric val_auc_epoch improved by 0.000 >= min_delta = 0.0. New best score: 0.568
Metric val_auc_epoch improved by 0.000 >= min_delta = 0.0. New best score: 0.568
Metric val_auc_epoch improved by 0.000 >= min_delta = 0.0. New best score: 0.568
Metric val_auc_epoch improved by 0.000 >= min_delta = 0.0. New best score: 0.568
Metric val_auc_epoch improved by 0.000 >= min_delta = 0.0. New best score: 0.568
Metric val_auc_epoch improved by 0.000 >= min_delta = 0.0. New best score: 0.568
Metric val_auc_epoch improved by 0.000 >= min_delta = 0.0. New best score: 0.568
`Trainer.fit` stopped: `max_epochs=29` reached.
Restoring states from the checkpoint path at /home/eng/shilo_avital/yolo_lab/walk_to_paint/checkpoints/trial_157-epoch=28-val_auc_epoch=0.5685.ckpt
LOCAL_RANK: 0 - CUDA_VISIBLE_DEVICES: [3]
Loaded model weights from the checkpoint at /home/eng/shilo_avital/yolo_lab/walk_to_paint/checkpoints/trial_157-epoch=28-val_auc_epoch=0.5685.ckpt
/home/eng/shilo_avital/yolo_lab/walk_to_paint/.venv/lib64/python3.9/site-packages/pytorch_lightning/trainer/connectors/data_connector.py:425: The 'val_dataloader' does not have many workers which may be a bottleneck. Consider increasing the value of the `num_workers` argument` to `num_workers=127` in the `DataLoader` to improve performance.
────────────────────────────────────────────────────────────────────────────────────────────────────────────────────────
     Validate metric           DataLoader 0
────────────────────────────────────────────────────────────────────────────────────────────────────────────────────────
      val_acc_epoch         0.5486291646957397
      val_auc_epoch         0.5684728622436523
      val_f1_epoch          0.5484935641288757
        val_loss            0.6898910403251648
────────────────────────────────────────────────────────────────────────────────────────────────────────────────────────
✅ Trial 157 completed - Val AUC: 0.5685
[I 2025-08-22 13:05:44,943] Trial 157 finished with value: -0.5684728622436523 and parameters: {'dataset.max_walk_length': 33, 'dataset.num_walks': 105436, 'training.lr': 2.6366129135060194e-05, 'training.weight_decay': 0.0005725870651530531, 'training.batch_size': 64, 'training.gradient_clip_val': 1.9326959631795322, 'training.early_stopping_patience': 14, 'model.nhead_emb_combo': 4, 'model.hidden_dim': 16, 'model.nlayers': 2, 'model.dropout': 0.5005090818331742, 'training.epochs': 29}. Best is trial 1 with value: -0.6377121806144714.
/home/eng/shilo_avital/yolo_lab/walk_to_paint/optuna_run.py:147: FutureWarning: suggest_loguniform has been deprecated in v3.0.0. This feature will be removed in v6.0.0. See https://github.com/optuna/optuna/releases/tag/v3.0.0. Use suggest_float(..., log=True) instead.
  cfg.training.lr = trial.suggest_loguniform("training.lr", 1e-5, 1e-1)
/home/eng/shilo_avital/yolo_lab/walk_to_paint/optuna_run.py:148: FutureWarning: suggest_loguniform has been deprecated in v3.0.0. This feature will be removed in v6.0.0. See https://github.com/optuna/optuna/releases/tag/v3.0.0. Use suggest_float(..., log=True) instead.
  cfg.training.weight_decay = trial.suggest_loguniform(

🔬 Trial 158 hyperparameters:
  Walk length: 35, Num walks: 105,014
  LR: 2.75e-05, Batch size: 64
  Model: emb_dim=64, hidden_dim=16
  Transformer: 2 layers, 1 heads
  Epochs: 29, Weighted loss: True
Loading bitcoin-alpha-binary dataset...
Success! ✅
Splitting edges for bitcoin-alpha-binary dataset...
Success! ✅
Sampling random walks from bitcoin-alpha-binary dataset...
Success! ✅
Building tokenizer for bitcoin-alpha-binary dataset...
Success! ✅
Padding and building stage tensors for bitcoin-alpha-binary dataset...
Success! ✅
Creating DataLoaders for bitcoin-alpha-binary dataset...
Success! ✅
/home/eng/shilo_avital/yolo_lab/walk_to_paint/.venv/lib64/python3.9/site-packages/torch/nn/modules/transformer.py:382: UserWarning: enable_nested_tensor is True, but self.use_nested_tensor is False because encoder_layer.self_attn.num_heads is odd
  warnings.warn(
GPU available: True (cuda), used: True
TPU available: False, using: 0 TPU cores
HPU available: False, using: 0 HPUs
/home/eng/shilo_avital/yolo_lab/walk_to_paint/.venv/lib64/python3.9/site-packages/pytorch_lightning/callbacks/model_checkpoint.py:658: Checkpoint directory /home/eng/shilo_avital/yolo_lab/walk_to_paint/checkpoints exists and is not empty.
LOCAL_RANK: 0 - CUDA_VISIBLE_DEVICES: [3]
/home/eng/shilo_avital/yolo_lab/walk_to_paint/.venv/lib64/python3.9/site-packages/pytorch_lightning/trainer/connectors/data_connector.py:425: The 'val_dataloader' does not have many workers which may be a bottleneck. Consider increasing the value of the `num_workers` argument` to `num_workers=127` in the `DataLoader` to improve performance.
/home/eng/shilo_avital/yolo_lab/walk_to_paint/.venv/lib64/python3.9/site-packages/pytorch_lightning/trainer/connectors/data_connector.py:425: The 'train_dataloader' does not have many workers which may be a bottleneck. Consider increasing the value of the `num_workers` argument` to `num_workers=127` in the `DataLoader` to improve performance.
Metric val_auc_epoch improved. New best score: 0.558
Metric val_auc_epoch improved by 0.007 >= min_delta = 0.0. New best score: 0.565
Metric val_auc_epoch improved by 0.003 >= min_delta = 0.0. New best score: 0.568
Metric val_auc_epoch improved by 0.001 >= min_delta = 0.0. New best score: 0.569
Metric val_auc_epoch improved by 0.001 >= min_delta = 0.0. New best score: 0.570
❌ Trial 158 failed: Trial was pruned at epoch 5.
[I 2025-08-22 13:07:44,049] Trial 158 finished with value: 0.0 and parameters: {'dataset.max_walk_length': 35, 'dataset.num_walks': 105014, 'training.lr': 2.7474017303664376e-05, 'training.weight_decay': 0.0008554386507308344, 'training.batch_size': 64, 'training.gradient_clip_val': 1.7883402215094213, 'training.early_stopping_patience': 14, 'model.nhead_emb_combo': 4, 'model.hidden_dim': 16, 'model.nlayers': 2, 'model.dropout': 0.5076633783648408, 'training.epochs': 29}. Best is trial 1 with value: -0.6377121806144714.
/home/eng/shilo_avital/yolo_lab/walk_to_paint/optuna_run.py:147: FutureWarning: suggest_loguniform has been deprecated in v3.0.0. This feature will be removed in v6.0.0. See https://github.com/optuna/optuna/releases/tag/v3.0.0. Use suggest_float(..., log=True) instead.
  cfg.training.lr = trial.suggest_loguniform("training.lr", 1e-5, 1e-1)
/home/eng/shilo_avital/yolo_lab/walk_to_paint/optuna_run.py:148: FutureWarning: suggest_loguniform has been deprecated in v3.0.0. This feature will be removed in v6.0.0. See https://github.com/optuna/optuna/releases/tag/v3.0.0. Use suggest_float(..., log=True) instead.
  cfg.training.weight_decay = trial.suggest_loguniform(

🔬 Trial 159 hyperparameters:
  Walk length: 33, Num walks: 124,631
  LR: 2.15e-05, Batch size: 64
  Model: emb_dim=128, hidden_dim=16
  Transformer: 2 layers, 1 heads
  Epochs: 30, Weighted loss: True
Loading bitcoin-alpha-binary dataset...
Success! ✅
Splitting edges for bitcoin-alpha-binary dataset...
Success! ✅
Sampling random walks from bitcoin-alpha-binary dataset...
Success! ✅
Building tokenizer for bitcoin-alpha-binary dataset...
Success! ✅
Padding and building stage tensors for bitcoin-alpha-binary dataset...
Success! ✅
Creating DataLoaders for bitcoin-alpha-binary dataset...
Success! ✅
/home/eng/shilo_avital/yolo_lab/walk_to_paint/.venv/lib64/python3.9/site-packages/torch/nn/modules/transformer.py:382: UserWarning: enable_nested_tensor is True, but self.use_nested_tensor is False because encoder_layer.self_attn.num_heads is odd
  warnings.warn(
GPU available: True (cuda), used: True
TPU available: False, using: 0 TPU cores
HPU available: False, using: 0 HPUs
/home/eng/shilo_avital/yolo_lab/walk_to_paint/.venv/lib64/python3.9/site-packages/pytorch_lightning/callbacks/model_checkpoint.py:658: Checkpoint directory /home/eng/shilo_avital/yolo_lab/walk_to_paint/checkpoints exists and is not empty.
LOCAL_RANK: 0 - CUDA_VISIBLE_DEVICES: [3]
/home/eng/shilo_avital/yolo_lab/walk_to_paint/.venv/lib64/python3.9/site-packages/pytorch_lightning/trainer/connectors/data_connector.py:425: The 'val_dataloader' does not have many workers which may be a bottleneck. Consider increasing the value of the `num_workers` argument` to `num_workers=127` in the `DataLoader` to improve performance.
/home/eng/shilo_avital/yolo_lab/walk_to_paint/.venv/lib64/python3.9/site-packages/pytorch_lightning/trainer/connectors/data_connector.py:425: The 'train_dataloader' does not have many workers which may be a bottleneck. Consider increasing the value of the `num_workers` argument` to `num_workers=127` in the `DataLoader` to improve performance.
Metric val_auc_epoch improved. New best score: 0.554
Metric val_auc_epoch improved by 0.006 >= min_delta = 0.0. New best score: 0.559
Metric val_auc_epoch improved by 0.002 >= min_delta = 0.0. New best score: 0.562
Metric val_auc_epoch improved by 0.000 >= min_delta = 0.0. New best score: 0.562
Metric val_auc_epoch improved by 0.003 >= min_delta = 0.0. New best score: 0.565
❌ Trial 159 failed: Trial was pruned at epoch 5.
