[I 2025-08-22 02:51:16,623] Trial 80 finished with value: -0.5420440435409546 and parameters: {'dataset.max_walk_length': 16, 'dataset.num_walks': 144708, 'training.lr': 3.045214498236188e-05, 'training.weight_decay': 0.009028224849215198, 'training.batch_size': 256, 'training.gradient_clip_val': 1.953340795260703, 'training.early_stopping_patience': 8, 'model.nhead_emb_combo': 2, 'model.hidden_dim': 16, 'model.nlayers': 2, 'model.dropout': 0.6741280632068368, 'training.epochs': 18}. Best is trial 1 with value: -0.6377121806144714.
🧹 Cleaning up old checkpoints and logs (keeping top 10)...
  Removed old checkpoint: trial_70-epoch=17-val_auc_epoch=0.5159.ckpt
  Removed old checkpoint: trial_69-epoch=14-val_auc_epoch=0.5161.ckpt
  Removed old checkpoint: trial_68-epoch=14-val_auc_epoch=0.5587.ckpt
  Removed old checkpoint: trial_67-epoch=23-val_auc_epoch=0.5569.ckpt
  Removed old checkpoint: trial_66-epoch=04-val_auc_epoch=0.5808.ckpt
  Removed old log dir: trial_70
  Removed old log dir: trial_69
  Removed old log dir: trial_68
  Removed old log dir: trial_67
  Removed old log dir: trial_66
/home/eng/shilo_avital/yolo_lab/walk_to_paint/optuna_run.py:147: FutureWarning: suggest_loguniform has been deprecated in v3.0.0. This feature will be removed in v6.0.0. See https://github.com/optuna/optuna/releases/tag/v3.0.0. Use suggest_float(..., log=True) instead.
  cfg.training.lr = trial.suggest_loguniform("training.lr", 1e-5, 1e-1)
/home/eng/shilo_avital/yolo_lab/walk_to_paint/optuna_run.py:148: FutureWarning: suggest_loguniform has been deprecated in v3.0.0. This feature will be removed in v6.0.0. See https://github.com/optuna/optuna/releases/tag/v3.0.0. Use suggest_float(..., log=True) instead.
  cfg.training.weight_decay = trial.suggest_loguniform(

🔬 Trial 81 hyperparameters:
  Walk length: 19, Num walks: 123,186
  LR: 1.28e-05, Batch size: 256
  Model: emb_dim=4, hidden_dim=16
  Transformer: 2 layers, 2 heads
  Epochs: 14, Weighted loss: True
Loading bitcoin-alpha-binary dataset...
Success! ✅
Splitting edges for bitcoin-alpha-binary dataset...
Success! ✅
Sampling random walks from bitcoin-alpha-binary dataset...
Success! ✅
Building tokenizer for bitcoin-alpha-binary dataset...
Success! ✅
Padding and building stage tensors for bitcoin-alpha-binary dataset...
Success! ✅
Creating DataLoaders for bitcoin-alpha-binary dataset...
Success! ✅
GPU available: True (cuda), used: True
TPU available: False, using: 0 TPU cores
HPU available: False, using: 0 HPUs
/home/eng/shilo_avital/yolo_lab/walk_to_paint/.venv/lib64/python3.9/site-packages/pytorch_lightning/callbacks/model_checkpoint.py:658: Checkpoint directory /home/eng/shilo_avital/yolo_lab/walk_to_paint/checkpoints exists and is not empty.
LOCAL_RANK: 0 - CUDA_VISIBLE_DEVICES: [3]
/home/eng/shilo_avital/yolo_lab/walk_to_paint/.venv/lib64/python3.9/site-packages/pytorch_lightning/trainer/connectors/data_connector.py:425: The 'val_dataloader' does not have many workers which may be a bottleneck. Consider increasing the value of the `num_workers` argument` to `num_workers=127` in the `DataLoader` to improve performance.
/home/eng/shilo_avital/yolo_lab/walk_to_paint/.venv/lib64/python3.9/site-packages/pytorch_lightning/trainer/connectors/data_connector.py:425: The 'train_dataloader' does not have many workers which may be a bottleneck. Consider increasing the value of the `num_workers` argument` to `num_workers=127` in the `DataLoader` to improve performance.
Metric val_auc_epoch improved. New best score: 0.506
Metric val_auc_epoch improved by 0.000 >= min_delta = 0.0. New best score: 0.506
Metric val_auc_epoch improved by 0.000 >= min_delta = 0.0. New best score: 0.506
Metric val_auc_epoch improved by 0.000 >= min_delta = 0.0. New best score: 0.506
Metric val_auc_epoch improved by 0.000 >= min_delta = 0.0. New best score: 0.506
Metric val_auc_epoch improved by 0.000 >= min_delta = 0.0. New best score: 0.506
Metric val_auc_epoch improved by 0.000 >= min_delta = 0.0. New best score: 0.506
Metric val_auc_epoch improved by 0.000 >= min_delta = 0.0. New best score: 0.506
`Trainer.fit` stopped: `max_epochs=14` reached.
Restoring states from the checkpoint path at /home/eng/shilo_avital/yolo_lab/walk_to_paint/checkpoints/trial_81-epoch=13-val_auc_epoch=0.5059.ckpt
LOCAL_RANK: 0 - CUDA_VISIBLE_DEVICES: [3]
Loaded model weights from the checkpoint at /home/eng/shilo_avital/yolo_lab/walk_to_paint/checkpoints/trial_81-epoch=13-val_auc_epoch=0.5059.ckpt
/home/eng/shilo_avital/yolo_lab/walk_to_paint/.venv/lib64/python3.9/site-packages/pytorch_lightning/trainer/connectors/data_connector.py:425: The 'val_dataloader' does not have many workers which may be a bottleneck. Consider increasing the value of the `num_workers` argument` to `num_workers=127` in the `DataLoader` to improve performance.
────────────────────────────────────────────────────────────────────────────────────────────────────────────────────────
     Validate metric           DataLoader 0
────────────────────────────────────────────────────────────────────────────────────────────────────────────────────────
      val_acc_epoch         0.5022542476654053
      val_auc_epoch         0.5059442520141602
      val_f1_epoch          0.4972063899040222
        val_loss            0.7021149396896362
────────────────────────────────────────────────────────────────────────────────────────────────────────────────────────
✅ Trial 81 completed - Val AUC: 0.5059
[I 2025-08-22 02:53:06,244] Trial 81 finished with value: -0.5059442520141602 and parameters: {'dataset.max_walk_length': 19, 'dataset.num_walks': 123186, 'training.lr': 1.2806917413397428e-05, 'training.weight_decay': 0.012743583305046761, 'training.batch_size': 256, 'training.gradient_clip_val': 1.9975488545370452, 'training.early_stopping_patience': 9, 'model.nhead_emb_combo': 6, 'model.hidden_dim': 16, 'model.nlayers': 2, 'model.dropout': 0.6230670005160346, 'training.epochs': 14}. Best is trial 1 with value: -0.6377121806144714.
/home/eng/shilo_avital/yolo_lab/walk_to_paint/optuna_run.py:147: FutureWarning: suggest_loguniform has been deprecated in v3.0.0. This feature will be removed in v6.0.0. See https://github.com/optuna/optuna/releases/tag/v3.0.0. Use suggest_float(..., log=True) instead.
  cfg.training.lr = trial.suggest_loguniform("training.lr", 1e-5, 1e-1)
/home/eng/shilo_avital/yolo_lab/walk_to_paint/optuna_run.py:148: FutureWarning: suggest_loguniform has been deprecated in v3.0.0. This feature will be removed in v6.0.0. See https://github.com/optuna/optuna/releases/tag/v3.0.0. Use suggest_float(..., log=True) instead.
  cfg.training.weight_decay = trial.suggest_loguniform(

🔬 Trial 82 hyperparameters:
  Walk length: 31, Num walks: 100,020
  LR: 1.63e-05, Batch size: 64
  Model: emb_dim=64, hidden_dim=16
  Transformer: 2 layers, 1 heads
  Epochs: 15, Weighted loss: True
Loading bitcoin-alpha-binary dataset...
Success! ✅
Splitting edges for bitcoin-alpha-binary dataset...
Success! ✅
Sampling random walks from bitcoin-alpha-binary dataset...
Success! ✅
Building tokenizer for bitcoin-alpha-binary dataset...
Success! ✅
Padding and building stage tensors for bitcoin-alpha-binary dataset...
Success! ✅
Creating DataLoaders for bitcoin-alpha-binary dataset...
Success! ✅
/home/eng/shilo_avital/yolo_lab/walk_to_paint/.venv/lib64/python3.9/site-packages/torch/nn/modules/transformer.py:382: UserWarning: enable_nested_tensor is True, but self.use_nested_tensor is False because encoder_layer.self_attn.num_heads is odd
  warnings.warn(
GPU available: True (cuda), used: True
TPU available: False, using: 0 TPU cores
HPU available: False, using: 0 HPUs
/home/eng/shilo_avital/yolo_lab/walk_to_paint/.venv/lib64/python3.9/site-packages/pytorch_lightning/callbacks/model_checkpoint.py:658: Checkpoint directory /home/eng/shilo_avital/yolo_lab/walk_to_paint/checkpoints exists and is not empty.
LOCAL_RANK: 0 - CUDA_VISIBLE_DEVICES: [3]
/home/eng/shilo_avital/yolo_lab/walk_to_paint/.venv/lib64/python3.9/site-packages/pytorch_lightning/trainer/connectors/data_connector.py:425: The 'val_dataloader' does not have many workers which may be a bottleneck. Consider increasing the value of the `num_workers` argument` to `num_workers=127` in the `DataLoader` to improve performance.
/home/eng/shilo_avital/yolo_lab/walk_to_paint/.venv/lib64/python3.9/site-packages/pytorch_lightning/trainer/connectors/data_connector.py:425: The 'train_dataloader' does not have many workers which may be a bottleneck. Consider increasing the value of the `num_workers` argument` to `num_workers=127` in the `DataLoader` to improve performance.
Metric val_auc_epoch improved. New best score: 0.528
Metric val_auc_epoch improved by 0.022 >= min_delta = 0.0. New best score: 0.550
Metric val_auc_epoch improved by 0.012 >= min_delta = 0.0. New best score: 0.562
Metric val_auc_epoch improved by 0.007 >= min_delta = 0.0. New best score: 0.569
Metric val_auc_epoch improved by 0.003 >= min_delta = 0.0. New best score: 0.572
Metric val_auc_epoch improved by 0.002 >= min_delta = 0.0. New best score: 0.574
Metric val_auc_epoch improved by 0.001 >= min_delta = 0.0. New best score: 0.575
Metric val_auc_epoch improved by 0.001 >= min_delta = 0.0. New best score: 0.576
Metric val_auc_epoch improved by 0.001 >= min_delta = 0.0. New best score: 0.577
Metric val_auc_epoch improved by 0.000 >= min_delta = 0.0. New best score: 0.577
Metric val_auc_epoch improved by 0.000 >= min_delta = 0.0. New best score: 0.577
Metric val_auc_epoch improved by 0.000 >= min_delta = 0.0. New best score: 0.577
`Trainer.fit` stopped: `max_epochs=15` reached.
Restoring states from the checkpoint path at /home/eng/shilo_avital/yolo_lab/walk_to_paint/checkpoints/trial_82-epoch=12-val_auc_epoch=0.5770.ckpt
LOCAL_RANK: 0 - CUDA_VISIBLE_DEVICES: [3]
Loaded model weights from the checkpoint at /home/eng/shilo_avital/yolo_lab/walk_to_paint/checkpoints/trial_82-epoch=12-val_auc_epoch=0.5770.ckpt
/home/eng/shilo_avital/yolo_lab/walk_to_paint/.venv/lib64/python3.9/site-packages/pytorch_lightning/trainer/connectors/data_connector.py:425: The 'val_dataloader' does not have many workers which may be a bottleneck. Consider increasing the value of the `num_workers` argument` to `num_workers=127` in the `DataLoader` to improve performance.
────────────────────────────────────────────────────────────────────────────────────────────────────────────────────────
     Validate metric           DataLoader 0
────────────────────────────────────────────────────────────────────────────────────────────────────────────────────────
      val_acc_epoch         0.5531957745552063
      val_auc_epoch         0.5770237445831299
      val_f1_epoch          0.5519214868545532
        val_loss            0.6849324107170105
────────────────────────────────────────────────────────────────────────────────────────────────────────────────────────
✅ Trial 82 completed - Val AUC: 0.5770
[I 2025-08-22 02:57:36,319] Trial 82 finished with value: -0.5770237445831299 and parameters: {'dataset.max_walk_length': 31, 'dataset.num_walks': 100020, 'training.lr': 1.6251998346663657e-05, 'training.weight_decay': 0.004106865474476986, 'training.batch_size': 64, 'training.gradient_clip_val': 1.8543933978957963, 'training.early_stopping_patience': 7, 'model.nhead_emb_combo': 4, 'model.hidden_dim': 16, 'model.nlayers': 2, 'model.dropout': 0.6013759502162855, 'training.epochs': 15}. Best is trial 1 with value: -0.6377121806144714.
/home/eng/shilo_avital/yolo_lab/walk_to_paint/optuna_run.py:147: FutureWarning: suggest_loguniform has been deprecated in v3.0.0. This feature will be removed in v6.0.0. See https://github.com/optuna/optuna/releases/tag/v3.0.0. Use suggest_float(..., log=True) instead.
  cfg.training.lr = trial.suggest_loguniform("training.lr", 1e-5, 1e-1)
/home/eng/shilo_avital/yolo_lab/walk_to_paint/optuna_run.py:148: FutureWarning: suggest_loguniform has been deprecated in v3.0.0. This feature will be removed in v6.0.0. See https://github.com/optuna/optuna/releases/tag/v3.0.0. Use suggest_float(..., log=True) instead.
  cfg.training.weight_decay = trial.suggest_loguniform(

🔬 Trial 83 hyperparameters:
  Walk length: 25, Num walks: 101,174
  LR: 2.11e-05, Batch size: 32
  Model: emb_dim=64, hidden_dim=16
  Transformer: 2 layers, 1 heads
  Epochs: 17, Weighted loss: True
Loading bitcoin-alpha-binary dataset...
Success! ✅
Splitting edges for bitcoin-alpha-binary dataset...
Success! ✅
Sampling random walks from bitcoin-alpha-binary dataset...
Success! ✅
Building tokenizer for bitcoin-alpha-binary dataset...
Success! ✅
Padding and building stage tensors for bitcoin-alpha-binary dataset...
Success! ✅
Creating DataLoaders for bitcoin-alpha-binary dataset...
Success! ✅
/home/eng/shilo_avital/yolo_lab/walk_to_paint/.venv/lib64/python3.9/site-packages/torch/nn/modules/transformer.py:382: UserWarning: enable_nested_tensor is True, but self.use_nested_tensor is False because encoder_layer.self_attn.num_heads is odd
  warnings.warn(
GPU available: True (cuda), used: True
TPU available: False, using: 0 TPU cores
HPU available: False, using: 0 HPUs
/home/eng/shilo_avital/yolo_lab/walk_to_paint/.venv/lib64/python3.9/site-packages/pytorch_lightning/callbacks/model_checkpoint.py:658: Checkpoint directory /home/eng/shilo_avital/yolo_lab/walk_to_paint/checkpoints exists and is not empty.
LOCAL_RANK: 0 - CUDA_VISIBLE_DEVICES: [3]
/home/eng/shilo_avital/yolo_lab/walk_to_paint/.venv/lib64/python3.9/site-packages/pytorch_lightning/trainer/connectors/data_connector.py:425: The 'val_dataloader' does not have many workers which may be a bottleneck. Consider increasing the value of the `num_workers` argument` to `num_workers=127` in the `DataLoader` to improve performance.
/home/eng/shilo_avital/yolo_lab/walk_to_paint/.venv/lib64/python3.9/site-packages/pytorch_lightning/trainer/connectors/data_connector.py:425: The 'train_dataloader' does not have many workers which may be a bottleneck. Consider increasing the value of the `num_workers` argument` to `num_workers=127` in the `DataLoader` to improve performance.
Metric val_auc_epoch improved. New best score: 0.550
Metric val_auc_epoch improved by 0.012 >= min_delta = 0.0. New best score: 0.562
Metric val_auc_epoch improved by 0.004 >= min_delta = 0.0. New best score: 0.567
Metric val_auc_epoch improved by 0.002 >= min_delta = 0.0. New best score: 0.569
Metric val_auc_epoch improved by 0.001 >= min_delta = 0.0. New best score: 0.570
❌ Trial 83 failed: Trial was pruned at epoch 5.
[I 2025-08-22 03:00:47,207] Trial 83 finished with value: 0.0 and parameters: {'dataset.max_walk_length': 25, 'dataset.num_walks': 101174, 'training.lr': 2.1062763393893583e-05, 'training.weight_decay': 0.00396747304668589, 'training.batch_size': 32, 'training.gradient_clip_val': 1.8344285500159503, 'training.early_stopping_patience': 5, 'model.nhead_emb_combo': 4, 'model.hidden_dim': 16, 'model.nlayers': 2, 'model.dropout': 0.5404852123267118, 'training.epochs': 17}. Best is trial 1 with value: -0.6377121806144714.
/home/eng/shilo_avital/yolo_lab/walk_to_paint/optuna_run.py:147: FutureWarning: suggest_loguniform has been deprecated in v3.0.0. This feature will be removed in v6.0.0. See https://github.com/optuna/optuna/releases/tag/v3.0.0. Use suggest_float(..., log=True) instead.
  cfg.training.lr = trial.suggest_loguniform("training.lr", 1e-5, 1e-1)
/home/eng/shilo_avital/yolo_lab/walk_to_paint/optuna_run.py:148: FutureWarning: suggest_loguniform has been deprecated in v3.0.0. This feature will be removed in v6.0.0. See https://github.com/optuna/optuna/releases/tag/v3.0.0. Use suggest_float(..., log=True) instead.
  cfg.training.weight_decay = trial.suggest_loguniform(

🔬 Trial 84 hyperparameters:
  Walk length: 32, Num walks: 113,662
  LR: 1.78e-05, Batch size: 256
  Model: emb_dim=8, hidden_dim=16
  Transformer: 2 layers, 2 heads
  Epochs: 15, Weighted loss: True
Loading bitcoin-alpha-binary dataset...
Success! ✅
Splitting edges for bitcoin-alpha-binary dataset...
Success! ✅
Sampling random walks from bitcoin-alpha-binary dataset...
Success! ✅
Building tokenizer for bitcoin-alpha-binary dataset...
Success! ✅
Padding and building stage tensors for bitcoin-alpha-binary dataset...
Success! ✅
Creating DataLoaders for bitcoin-alpha-binary dataset...
Success! ✅
GPU available: True (cuda), used: True
TPU available: False, using: 0 TPU cores
HPU available: False, using: 0 HPUs
/home/eng/shilo_avital/yolo_lab/walk_to_paint/.venv/lib64/python3.9/site-packages/pytorch_lightning/callbacks/model_checkpoint.py:658: Checkpoint directory /home/eng/shilo_avital/yolo_lab/walk_to_paint/checkpoints exists and is not empty.
LOCAL_RANK: 0 - CUDA_VISIBLE_DEVICES: [3]
/home/eng/shilo_avital/yolo_lab/walk_to_paint/.venv/lib64/python3.9/site-packages/pytorch_lightning/trainer/connectors/data_connector.py:425: The 'val_dataloader' does not have many workers which may be a bottleneck. Consider increasing the value of the `num_workers` argument` to `num_workers=127` in the `DataLoader` to improve performance.
/home/eng/shilo_avital/yolo_lab/walk_to_paint/.venv/lib64/python3.9/site-packages/pytorch_lightning/trainer/connectors/data_connector.py:425: The 'train_dataloader' does not have many workers which may be a bottleneck. Consider increasing the value of the `num_workers` argument` to `num_workers=127` in the `DataLoader` to improve performance.
Metric val_auc_epoch improved. New best score: 0.497
Metric val_auc_epoch improved by 0.001 >= min_delta = 0.0. New best score: 0.498
Metric val_auc_epoch improved by 0.001 >= min_delta = 0.0. New best score: 0.499
Metric val_auc_epoch improved by 0.001 >= min_delta = 0.0. New best score: 0.500
Metric val_auc_epoch improved by 0.001 >= min_delta = 0.0. New best score: 0.501
Metric val_auc_epoch improved by 0.001 >= min_delta = 0.0. New best score: 0.502
Metric val_auc_epoch improved by 0.001 >= min_delta = 0.0. New best score: 0.502
Metric val_auc_epoch improved by 0.000 >= min_delta = 0.0. New best score: 0.503
Metric val_auc_epoch improved by 0.000 >= min_delta = 0.0. New best score: 0.503
Metric val_auc_epoch improved by 0.000 >= min_delta = 0.0. New best score: 0.503
Metric val_auc_epoch improved by 0.000 >= min_delta = 0.0. New best score: 0.504
Metric val_auc_epoch improved by 0.000 >= min_delta = 0.0. New best score: 0.504
Metric val_auc_epoch improved by 0.000 >= min_delta = 0.0. New best score: 0.504
Metric val_auc_epoch improved by 0.000 >= min_delta = 0.0. New best score: 0.504
Metric val_auc_epoch improved by 0.000 >= min_delta = 0.0. New best score: 0.504
`Trainer.fit` stopped: `max_epochs=15` reached.
Restoring states from the checkpoint path at /home/eng/shilo_avital/yolo_lab/walk_to_paint/checkpoints/trial_84-epoch=14-val_auc_epoch=0.5039.ckpt
LOCAL_RANK: 0 - CUDA_VISIBLE_DEVICES: [3]
Loaded model weights from the checkpoint at /home/eng/shilo_avital/yolo_lab/walk_to_paint/checkpoints/trial_84-epoch=14-val_auc_epoch=0.5039.ckpt
/home/eng/shilo_avital/yolo_lab/walk_to_paint/.venv/lib64/python3.9/site-packages/pytorch_lightning/trainer/connectors/data_connector.py:425: The 'val_dataloader' does not have many workers which may be a bottleneck. Consider increasing the value of the `num_workers` argument` to `num_workers=127` in the `DataLoader` to improve performance.
────────────────────────────────────────────────────────────────────────────────────────────────────────────────────────
     Validate metric           DataLoader 0
────────────────────────────────────────────────────────────────────────────────────────────────────────────────────────
      val_acc_epoch         0.5029480457305908
      val_auc_epoch         0.5038909912109375
      val_f1_epoch          0.4987049102783203
        val_loss            0.6957083344459534
────────────────────────────────────────────────────────────────────────────────────────────────────────────────────────
✅ Trial 84 completed - Val AUC: 0.5039
