[I 2025-08-24 11:17:22,248] Trial 302 finished with value: -0.6001951694488525 and parameters: {'dataset.max_walk_length': 80, 'dataset.num_walks': 426506, 'training.lr': 0.000622025569494002, 'training.weight_decay': 0.006016913902626503, 'training.batch_size': 64, 'training.gradient_clip_val': 0.335012407504436, 'training.early_stopping_patience': 6, 'model.nhead_emb_combo': 23, 'model.hidden_dim': 16, 'model.nlayers': 5, 'model.dropout': 0.6585403514684145, 'training.epochs': 23}. Best is trial 229 with value: -0.6563454866409302.
/home/eng/shilo_avital/yolo_lab/walk_to_paint/optuna_run.py:147: FutureWarning: suggest_loguniform has been deprecated in v3.0.0. This feature will be removed in v6.0.0. See https://github.com/optuna/optuna/releases/tag/v3.0.0. Use suggest_float(..., log=True) instead.
  cfg.training.lr = trial.suggest_loguniform("training.lr", 1e-5, 1e-1)
/home/eng/shilo_avital/yolo_lab/walk_to_paint/optuna_run.py:148: FutureWarning: suggest_loguniform has been deprecated in v3.0.0. This feature will be removed in v6.0.0. See https://github.com/optuna/optuna/releases/tag/v3.0.0. Use suggest_float(..., log=True) instead.
  cfg.training.weight_decay = trial.suggest_loguniform(

🔬 Trial 303 hyperparameters:
  Walk length: 82, Num walks: 337,035
  LR: 4.26e-04, Batch size: 64
  Model: emb_dim=128, hidden_dim=16
  Transformer: 5 layers, 8 heads
  Epochs: 24, Weighted loss: True
Loading bitcoin-alpha-binary dataset...
Success! ✅
Splitting edges for bitcoin-alpha-binary dataset...
Success! ✅
Sampling random walks from bitcoin-alpha-binary dataset...
Success! ✅
Building tokenizer for bitcoin-alpha-binary dataset...
Success! ✅
Padding and building stage tensors for bitcoin-alpha-binary dataset...
Success! ✅
Creating DataLoaders for bitcoin-alpha-binary dataset...
Success! ✅
GPU available: True (cuda), used: True
TPU available: False, using: 0 TPU cores
HPU available: False, using: 0 HPUs
/home/eng/shilo_avital/yolo_lab/walk_to_paint/.venv/lib64/python3.9/site-packages/pytorch_lightning/callbacks/model_checkpoint.py:658: Checkpoint directory /home/eng/shilo_avital/yolo_lab/walk_to_paint/checkpoints exists and is not empty.
LOCAL_RANK: 0 - CUDA_VISIBLE_DEVICES: [3]
/home/eng/shilo_avital/yolo_lab/walk_to_paint/.venv/lib64/python3.9/site-packages/pytorch_lightning/trainer/connectors/data_connector.py:425: The 'val_dataloader' does not have many workers which may be a bottleneck. Consider increasing the value of the `num_workers` argument` to `num_workers=127` in the `DataLoader` to improve performance.
/home/eng/shilo_avital/yolo_lab/walk_to_paint/.venv/lib64/python3.9/site-packages/pytorch_lightning/trainer/connectors/data_connector.py:425: The 'train_dataloader' does not have many workers which may be a bottleneck. Consider increasing the value of the `num_workers` argument` to `num_workers=127` in the `DataLoader` to improve performance.
Metric val_auc_epoch improved. New best score: 0.551
Metric val_auc_epoch improved by 0.002 >= min_delta = 0.0. New best score: 0.553
Metric val_auc_epoch improved by 0.065 >= min_delta = 0.0. New best score: 0.618
Metric val_auc_epoch improved by 0.027 >= min_delta = 0.0. New best score: 0.645
Metric val_auc_epoch improved by 0.003 >= min_delta = 0.0. New best score: 0.648
Metric val_auc_epoch improved by 0.003 >= min_delta = 0.0. New best score: 0.651
Metric val_auc_epoch improved by 0.000 >= min_delta = 0.0. New best score: 0.651
Monitored metric val_auc_epoch did not improve in the last 6 records. Best score: 0.651. Signaling Trainer to stop.
Restoring states from the checkpoint path at /home/eng/shilo_avital/yolo_lab/walk_to_paint/checkpoints/trial_303-epoch=08-val_auc_epoch=0.6512.ckpt
LOCAL_RANK: 0 - CUDA_VISIBLE_DEVICES: [3]
Loaded model weights from the checkpoint at /home/eng/shilo_avital/yolo_lab/walk_to_paint/checkpoints/trial_303-epoch=08-val_auc_epoch=0.6512.ckpt
/home/eng/shilo_avital/yolo_lab/walk_to_paint/.venv/lib64/python3.9/site-packages/pytorch_lightning/trainer/connectors/data_connector.py:425: The 'val_dataloader' does not have many workers which may be a bottleneck. Consider increasing the value of the `num_workers` argument` to `num_workers=127` in the `DataLoader` to improve performance.
────────────────────────────────────────────────────────────────────────────────────────────────────────────────────────
     Validate metric           DataLoader 0
────────────────────────────────────────────────────────────────────────────────────────────────────────────────────────
      val_acc_epoch         0.6116869449615479
      val_auc_epoch         0.6511685848236084
      val_f1_epoch          0.6071940064430237
        val_loss            1.3520876169204712
────────────────────────────────────────────────────────────────────────────────────────────────────────────────────────
✅ Trial 303 completed - Val AUC: 0.6512
[I 2025-08-24 11:41:37,807] Trial 303 finished with value: -0.6511685848236084 and parameters: {'dataset.max_walk_length': 82, 'dataset.num_walks': 337035, 'training.lr': 0.00042602105524866963, 'training.weight_decay': 1.828270210046279e-05, 'training.batch_size': 64, 'training.gradient_clip_val': 0.21580245436260453, 'training.early_stopping_patience': 6, 'model.nhead_emb_combo': 22, 'model.hidden_dim': 16, 'model.nlayers': 5, 'model.dropout': 0.6755237898417852, 'training.epochs': 24}. Best is trial 229 with value: -0.6563454866409302.
/home/eng/shilo_avital/yolo_lab/walk_to_paint/optuna_run.py:147: FutureWarning: suggest_loguniform has been deprecated in v3.0.0. This feature will be removed in v6.0.0. See https://github.com/optuna/optuna/releases/tag/v3.0.0. Use suggest_float(..., log=True) instead.
  cfg.training.lr = trial.suggest_loguniform("training.lr", 1e-5, 1e-1)
/home/eng/shilo_avital/yolo_lab/walk_to_paint/optuna_run.py:148: FutureWarning: suggest_loguniform has been deprecated in v3.0.0. This feature will be removed in v6.0.0. See https://github.com/optuna/optuna/releases/tag/v3.0.0. Use suggest_float(..., log=True) instead.
  cfg.training.weight_decay = trial.suggest_loguniform(

🔬 Trial 304 hyperparameters:
  Walk length: 83, Num walks: 345,535
  LR: 3.92e-04, Batch size: 512
  Model: emb_dim=32, hidden_dim=16
  Transformer: 5 layers, 16 heads
  Epochs: 24, Weighted loss: True
Loading bitcoin-alpha-binary dataset...
Success! ✅
Splitting edges for bitcoin-alpha-binary dataset...
Success! ✅
Sampling random walks from bitcoin-alpha-binary dataset...
Success! ✅
Building tokenizer for bitcoin-alpha-binary dataset...
Success! ✅
Padding and building stage tensors for bitcoin-alpha-binary dataset...
Success! ✅
Creating DataLoaders for bitcoin-alpha-binary dataset...
Success! ✅
GPU available: True (cuda), used: True
TPU available: False, using: 0 TPU cores
HPU available: False, using: 0 HPUs
/home/eng/shilo_avital/yolo_lab/walk_to_paint/.venv/lib64/python3.9/site-packages/pytorch_lightning/callbacks/model_checkpoint.py:658: Checkpoint directory /home/eng/shilo_avital/yolo_lab/walk_to_paint/checkpoints exists and is not empty.
LOCAL_RANK: 0 - CUDA_VISIBLE_DEVICES: [3]
/home/eng/shilo_avital/yolo_lab/walk_to_paint/.venv/lib64/python3.9/site-packages/pytorch_lightning/trainer/connectors/data_connector.py:425: The 'val_dataloader' does not have many workers which may be a bottleneck. Consider increasing the value of the `num_workers` argument` to `num_workers=127` in the `DataLoader` to improve performance.
/home/eng/shilo_avital/yolo_lab/walk_to_paint/.venv/lib64/python3.9/site-packages/pytorch_lightning/trainer/connectors/data_connector.py:425: The 'train_dataloader' does not have many workers which may be a bottleneck. Consider increasing the value of the `num_workers` argument` to `num_workers=127` in the `DataLoader` to improve performance.
Metric val_auc_epoch improved. New best score: 0.564
Metric val_auc_epoch improved by 0.004 >= min_delta = 0.0. New best score: 0.568
❌ Trial 304 failed: Trial was pruned at epoch 5.
[I 2025-08-24 11:59:23,803] Trial 304 finished with value: 0.0 and parameters: {'dataset.max_walk_length': 83, 'dataset.num_walks': 345535, 'training.lr': 0.0003920039102990507, 'training.weight_decay': 3.4335992320491805e-05, 'training.batch_size': 512, 'training.gradient_clip_val': 0.1704086620484176, 'training.early_stopping_patience': 6, 'model.nhead_emb_combo': 24, 'model.hidden_dim': 16, 'model.nlayers': 5, 'model.dropout': 0.6724760214766343, 'training.epochs': 24}. Best is trial 229 with value: -0.6563454866409302.
/home/eng/shilo_avital/yolo_lab/walk_to_paint/optuna_run.py:147: FutureWarning: suggest_loguniform has been deprecated in v3.0.0. This feature will be removed in v6.0.0. See https://github.com/optuna/optuna/releases/tag/v3.0.0. Use suggest_float(..., log=True) instead.
  cfg.training.lr = trial.suggest_loguniform("training.lr", 1e-5, 1e-1)
/home/eng/shilo_avital/yolo_lab/walk_to_paint/optuna_run.py:148: FutureWarning: suggest_loguniform has been deprecated in v3.0.0. This feature will be removed in v6.0.0. See https://github.com/optuna/optuna/releases/tag/v3.0.0. Use suggest_float(..., log=True) instead.
  cfg.training.weight_decay = trial.suggest_loguniform(

🔬 Trial 305 hyperparameters:
  Walk length: 82, Num walks: 332,692
  LR: 4.48e-04, Batch size: 64
  Model: emb_dim=128, hidden_dim=16
  Transformer: 5 layers, 8 heads
  Epochs: 25, Weighted loss: True
Loading bitcoin-alpha-binary dataset...
Success! ✅
Splitting edges for bitcoin-alpha-binary dataset...
Success! ✅
Sampling random walks from bitcoin-alpha-binary dataset...
Success! ✅
Building tokenizer for bitcoin-alpha-binary dataset...
Success! ✅
Padding and building stage tensors for bitcoin-alpha-binary dataset...
Success! ✅
Creating DataLoaders for bitcoin-alpha-binary dataset...
Success! ✅
GPU available: True (cuda), used: True
TPU available: False, using: 0 TPU cores
HPU available: False, using: 0 HPUs
/home/eng/shilo_avital/yolo_lab/walk_to_paint/.venv/lib64/python3.9/site-packages/pytorch_lightning/callbacks/model_checkpoint.py:658: Checkpoint directory /home/eng/shilo_avital/yolo_lab/walk_to_paint/checkpoints exists and is not empty.
LOCAL_RANK: 0 - CUDA_VISIBLE_DEVICES: [3]
/home/eng/shilo_avital/yolo_lab/walk_to_paint/.venv/lib64/python3.9/site-packages/pytorch_lightning/trainer/connectors/data_connector.py:425: The 'val_dataloader' does not have many workers which may be a bottleneck. Consider increasing the value of the `num_workers` argument` to `num_workers=127` in the `DataLoader` to improve performance.
/home/eng/shilo_avital/yolo_lab/walk_to_paint/.venv/lib64/python3.9/site-packages/pytorch_lightning/trainer/connectors/data_connector.py:425: The 'train_dataloader' does not have many workers which may be a bottleneck. Consider increasing the value of the `num_workers` argument` to `num_workers=127` in the `DataLoader` to improve performance.
Metric val_auc_epoch improved. New best score: 0.533
Metric val_auc_epoch improved by 0.002 >= min_delta = 0.0. New best score: 0.534
Metric val_auc_epoch improved by 0.006 >= min_delta = 0.0. New best score: 0.541
Metric val_auc_epoch improved by 0.006 >= min_delta = 0.0. New best score: 0.547
Metric val_auc_epoch improved by 0.038 >= min_delta = 0.0. New best score: 0.585
Metric val_auc_epoch improved by 0.017 >= min_delta = 0.0. New best score: 0.602
Metric val_auc_epoch improved by 0.012 >= min_delta = 0.0. New best score: 0.614
Metric val_auc_epoch improved by 0.003 >= min_delta = 0.0. New best score: 0.617
Metric val_auc_epoch improved by 0.005 >= min_delta = 0.0. New best score: 0.622
Metric val_auc_epoch improved by 0.003 >= min_delta = 0.0. New best score: 0.624
Metric val_auc_epoch improved by 0.000 >= min_delta = 0.0. New best score: 0.625
Metric val_auc_epoch improved by 0.001 >= min_delta = 0.0. New best score: 0.626
Metric val_auc_epoch improved by 0.000 >= min_delta = 0.0. New best score: 0.626
`Trainer.fit` stopped: `max_epochs=25` reached.
Restoring states from the checkpoint path at /home/eng/shilo_avital/yolo_lab/walk_to_paint/checkpoints/trial_305-epoch=19-val_auc_epoch=0.6263.ckpt
LOCAL_RANK: 0 - CUDA_VISIBLE_DEVICES: [3]
Loaded model weights from the checkpoint at /home/eng/shilo_avital/yolo_lab/walk_to_paint/checkpoints/trial_305-epoch=19-val_auc_epoch=0.6263.ckpt
/home/eng/shilo_avital/yolo_lab/walk_to_paint/.venv/lib64/python3.9/site-packages/pytorch_lightning/trainer/connectors/data_connector.py:425: The 'val_dataloader' does not have many workers which may be a bottleneck. Consider increasing the value of the `num_workers` argument` to `num_workers=127` in the `DataLoader` to improve performance.
────────────────────────────────────────────────────────────────────────────────────────────────────────────────────────
     Validate metric           DataLoader 0
────────────────────────────────────────────────────────────────────────────────────────────────────────────────────────
      val_acc_epoch         0.5930758714675903
      val_auc_epoch         0.6262949705123901
      val_f1_epoch          0.5907427072525024
        val_loss            1.2270995378494263
────────────────────────────────────────────────────────────────────────────────────────────────────────────────────────
✅ Trial 305 completed - Val AUC: 0.6263
[I 2025-08-24 12:39:40,557] Trial 305 finished with value: -0.6262949705123901 and parameters: {'dataset.max_walk_length': 82, 'dataset.num_walks': 332692, 'training.lr': 0.00044807267961930776, 'training.weight_decay': 1.6409720320817972e-05, 'training.batch_size': 64, 'training.gradient_clip_val': 0.301265889806555, 'training.early_stopping_patience': 6, 'model.nhead_emb_combo': 22, 'model.hidden_dim': 16, 'model.nlayers': 5, 'model.dropout': 0.6997382827878322, 'training.epochs': 25}. Best is trial 229 with value: -0.6563454866409302.
🧹 Cleaning up old checkpoints and logs (keeping top 10)...
  Removed old checkpoint: trial_295-epoch=09-val_auc_epoch=0.6134.ckpt
  Removed old checkpoint: trial_294-epoch=03-val_auc_epoch=0.6166.ckpt
  Removed old checkpoint: trial_293-epoch=17-val_auc_epoch=0.5920.ckpt
  Removed old checkpoint: trial_292-epoch=09-val_auc_epoch=0.6266.ckpt
  Removed old checkpoint: trial_291-epoch=14-val_auc_epoch=0.6025.ckpt
  Removed old log dir: trial_295
  Removed old log dir: trial_294
  Removed old log dir: trial_293
  Removed old log dir: trial_292
  Removed old log dir: trial_291
/home/eng/shilo_avital/yolo_lab/walk_to_paint/optuna_run.py:147: FutureWarning: suggest_loguniform has been deprecated in v3.0.0. This feature will be removed in v6.0.0. See https://github.com/optuna/optuna/releases/tag/v3.0.0. Use suggest_float(..., log=True) instead.
  cfg.training.lr = trial.suggest_loguniform("training.lr", 1e-5, 1e-1)
/home/eng/shilo_avital/yolo_lab/walk_to_paint/optuna_run.py:148: FutureWarning: suggest_loguniform has been deprecated in v3.0.0. This feature will be removed in v6.0.0. See https://github.com/optuna/optuna/releases/tag/v3.0.0. Use suggest_float(..., log=True) instead.
  cfg.training.weight_decay = trial.suggest_loguniform(

🔬 Trial 306 hyperparameters:
  Walk length: 90, Num walks: 375,589
  LR: 8.62e-04, Batch size: 64
  Model: emb_dim=128, hidden_dim=16
  Transformer: 5 layers, 8 heads
  Epochs: 24, Weighted loss: True
Loading bitcoin-alpha-binary dataset...
Success! ✅
Splitting edges for bitcoin-alpha-binary dataset...
Success! ✅
Sampling random walks from bitcoin-alpha-binary dataset...
Success! ✅
Building tokenizer for bitcoin-alpha-binary dataset...
Success! ✅
Padding and building stage tensors for bitcoin-alpha-binary dataset...
Success! ✅
Creating DataLoaders for bitcoin-alpha-binary dataset...
Success! ✅
GPU available: True (cuda), used: True
TPU available: False, using: 0 TPU cores
HPU available: False, using: 0 HPUs
/home/eng/shilo_avital/yolo_lab/walk_to_paint/.venv/lib64/python3.9/site-packages/pytorch_lightning/callbacks/model_checkpoint.py:658: Checkpoint directory /home/eng/shilo_avital/yolo_lab/walk_to_paint/checkpoints exists and is not empty.
LOCAL_RANK: 0 - CUDA_VISIBLE_DEVICES: [3]
/home/eng/shilo_avital/yolo_lab/walk_to_paint/.venv/lib64/python3.9/site-packages/pytorch_lightning/trainer/connectors/data_connector.py:425: The 'val_dataloader' does not have many workers which may be a bottleneck. Consider increasing the value of the `num_workers` argument` to `num_workers=127` in the `DataLoader` to improve performance.
/home/eng/shilo_avital/yolo_lab/walk_to_paint/.venv/lib64/python3.9/site-packages/pytorch_lightning/trainer/connectors/data_connector.py:425: The 'train_dataloader' does not have many workers which may be a bottleneck. Consider increasing the value of the `num_workers` argument` to `num_workers=127` in the `DataLoader` to improve performance.
Metric val_auc_epoch improved. New best score: 0.542
Metric val_auc_epoch improved by 0.001 >= min_delta = 0.0. New best score: 0.543
Metric val_auc_epoch improved by 0.004 >= min_delta = 0.0. New best score: 0.547
Metric val_auc_epoch improved by 0.002 >= min_delta = 0.0. New best score: 0.549
Metric val_auc_epoch improved by 0.002 >= min_delta = 0.0. New best score: 0.551
Metric val_auc_epoch improved by 0.001 >= min_delta = 0.0. New best score: 0.552
Metric val_auc_epoch improved by 0.011 >= min_delta = 0.0. New best score: 0.563
Metric val_auc_epoch improved by 0.007 >= min_delta = 0.0. New best score: 0.570
Metric val_auc_epoch improved by 0.005 >= min_delta = 0.0. New best score: 0.575
Metric val_auc_epoch improved by 0.004 >= min_delta = 0.0. New best score: 0.578
Metric val_auc_epoch improved by 0.003 >= min_delta = 0.0. New best score: 0.581
Metric val_auc_epoch improved by 0.000 >= min_delta = 0.0. New best score: 0.582
Metric val_auc_epoch improved by 0.003 >= min_delta = 0.0. New best score: 0.584
Monitored metric val_auc_epoch did not improve in the last 6 records. Best score: 0.584. Signaling Trainer to stop.
Restoring states from the checkpoint path at /home/eng/shilo_avital/yolo_lab/walk_to_paint/checkpoints/trial_306-epoch=14-val_auc_epoch=0.5842.ckpt
LOCAL_RANK: 0 - CUDA_VISIBLE_DEVICES: [3]
Loaded model weights from the checkpoint at /home/eng/shilo_avital/yolo_lab/walk_to_paint/checkpoints/trial_306-epoch=14-val_auc_epoch=0.5842.ckpt
/home/eng/shilo_avital/yolo_lab/walk_to_paint/.venv/lib64/python3.9/site-packages/pytorch_lightning/trainer/connectors/data_connector.py:425: The 'val_dataloader' does not have many workers which may be a bottleneck. Consider increasing the value of the `num_workers` argument` to `num_workers=127` in the `DataLoader` to improve performance.
────────────────────────────────────────────────────────────────────────────────────────────────────────────────────────
     Validate metric           DataLoader 0
────────────────────────────────────────────────────────────────────────────────────────────────────────────────────────
      val_acc_epoch         0.5566312074661255
      val_auc_epoch         0.5842334628105164
      val_f1_epoch          0.5567487478256226
        val_loss            0.9064565896987915
────────────────────────────────────────────────────────────────────────────────────────────────────────────────────────
✅ Trial 306 completed - Val AUC: 0.5842
