/home/eng/shilo_avital/yolo_lab/walk_to_paint/.venv/lib64/python3.9/site-packages/networkx/utils/backends.py:135: RuntimeWarning: networkx backend defined more than once: nx-loopback
  backends.update(_get_backends("networkx.backends"))
Outputs -> exp_dir: outputs/slashdot090221/slashdot090221-optuna_20251203-235202
Set torch.float32 matmul precision to 'medium' (Tensor Cores enabled)
🎯 Starting Optuna hyperparameter optimization with 200 trials
📊 Objective: Maximize validation AUC
🖥️  Device: 3
💾 Keeping top 10 checkpoints/logs to save space
/home/eng/shilo_avital/yolo_lab/walk_to_paint/optuna_run.py:368: ExperimentalWarning: JournalStorage is experimental (supported from v3.1.0). The interface can change in the future.
  storage = JournalStorage(JournalFileStorage(optuna_log))
[I 2025-12-03 23:52:05,296] A new study created in Journal with name: walk_to_paint_study_slashdot090221-optuna_20251203-235202
🔁 Enqueued initial seed trial from config.optuna.initial_params
Seed set to 42

🔬 Trial 0 hyperparameters:
  Walk length: 83, Num walks: 691,427
  LR: 1.20e-03, Batch size: 64
  Model: emb_dim=32, hidden_dim=16
  Transformer: 5 layers, 8 heads
  Epochs: 25, Weighted loss: True
Loading slashdot090221 dataset...
Success! ✅
Splitting edges for slashdot090221 dataset...
Ratios: train=0.480, mask=0.320, val=0.100, test=0.100
Success! ✅
Sampling random walks from slashdot090221 dataset...
Success! ✅
Building tokenizer for slashdot090221 dataset...
Success! ✅
Padding and building stage tensors for slashdot090221 dataset...
Success! ✅
Data creation profiling (seconds):
  get_edge_list: 0.67s
  split_edges: 0.30s
  get_walks: 426.20s
  get_tokenizer: 1.53s
  encode_walks: 18.85s
  pad_and_build_stage_tensors: 3.76s
Creating DataLoaders for slashdot090221 dataset...
Success! ✅
GPU available: True (cuda), used: True
TPU available: False, using: 0 TPU cores
HPU available: False, using: 0 HPUs
LOCAL_RANK: 0 - CUDA_VISIBLE_DEVICES: [3]
Metric val_auc_epoch improved. New best score: 0.727
Monitored metric val_auc_epoch did not improve in the last 10 records. Best score: 0.727. Signaling Trainer to stop.
Restoring states from the checkpoint path at /home/eng/shilo_avital/yolo_lab/walk_to_paint/outputs/slashdot090221/slashdot090221-optuna_20251203-235202/checkpoints/trial_0-epoch=00-val_auc_epoch=0.7274.ckpt
LOCAL_RANK: 0 - CUDA_VISIBLE_DEVICES: [3]
Loaded model weights from the checkpoint at /home/eng/shilo_avital/yolo_lab/walk_to_paint/outputs/slashdot090221/slashdot090221-optuna_20251203-235202/checkpoints/trial_0-epoch=00-val_auc_epoch=0.7274.ckpt
────────────────────────────────────────────────────────────────────────────────────────────────────────────────────────
     Validate metric           DataLoader 0
────────────────────────────────────────────────────────────────────────────────────────────────────────────────────────
          step                     11.0
      val_acc_epoch         0.6950673460960388
      val_auc_epoch         0.7273546457290649
      val_f1_epoch          0.5855513215065002
        val_loss            0.6961182355880737
────────────────────────────────────────────────────────────────────────────────────────────────────────────────────────
✅ Trial 0 completed - Val AUC: 0.7274
[I 2025-12-04 04:55:54,382] Trial 0 finished with value: 0.7273546457290649 and parameters: {'dataset.max_walk_length': 83, 'dataset.num_walks': 691427, 'training.lr': 0.0011990397793339518, 'training.weight_decay': 0.0026821863636421073, 'training.batch_size': 64, 'training.gradient_clip_val': 0.5956847053697083, 'training.early_stopping_patience': 10, 'model.nhead': 8, 'model.embedding_dim': 32, 'model.hidden_dim': 16, 'model.nlayers': 5, 'model.dropout': 0.6207573207736868, 'training.epochs': 25}. Best is trial 0 with value: 0.7273546457290649.
Seed set to 43

🔬 Trial 1 hyperparameters:
  Walk length: 42, Num walks: 534,671
  LR: 3.32e-04, Batch size: 256
  Model: emb_dim=128, hidden_dim=256
  Transformer: 1 layers, 16 heads
  Epochs: 24, Weighted loss: True
Loading slashdot090221 dataset...
Success! ✅
Splitting edges for slashdot090221 dataset...
Ratios: train=0.480, mask=0.320, val=0.100, test=0.100
Success! ✅
Sampling random walks from slashdot090221 dataset...
Success! ✅
Building tokenizer for slashdot090221 dataset...
Success! ✅
Padding and building stage tensors for slashdot090221 dataset...
Success! ✅
Data creation profiling (seconds):
  get_edge_list: 0.70s
  split_edges: 0.31s
  get_walks: 325.31s
  get_tokenizer: 0.98s
  encode_walks: 12.32s
  pad_and_build_stage_tensors: 2.53s
Creating DataLoaders for slashdot090221 dataset...
Success! ✅
GPU available: True (cuda), used: True
TPU available: False, using: 0 TPU cores
HPU available: False, using: 0 HPUs
/home/eng/shilo_avital/yolo_lab/walk_to_paint/.venv/lib64/python3.9/site-packages/pytorch_lightning/callbacks/model_checkpoint.py:658: Checkpoint directory /home/eng/shilo_avital/yolo_lab/walk_to_paint/outputs/slashdot090221/slashdot090221-optuna_20251203-235202/checkpoints exists and is not empty.
LOCAL_RANK: 0 - CUDA_VISIBLE_DEVICES: [3]
Metric val_auc_epoch improved. New best score: 0.704
Metric val_auc_epoch improved by 0.034 >= min_delta = 0.0. New best score: 0.737
Metric val_auc_epoch improved by 0.018 >= min_delta = 0.0. New best score: 0.755
Metric val_auc_epoch improved by 0.009 >= min_delta = 0.0. New best score: 0.764
Metric val_auc_epoch improved by 0.020 >= min_delta = 0.0. New best score: 0.784
Metric val_auc_epoch improved by 0.005 >= min_delta = 0.0. New best score: 0.789
Metric val_auc_epoch improved by 0.006 >= min_delta = 0.0. New best score: 0.795
Metric val_auc_epoch improved by 0.003 >= min_delta = 0.0. New best score: 0.798
Metric val_auc_epoch improved by 0.004 >= min_delta = 0.0. New best score: 0.801
`Trainer.fit` stopped: `max_epochs=24` reached.
Restoring states from the checkpoint path at /home/eng/shilo_avital/yolo_lab/walk_to_paint/outputs/slashdot090221/slashdot090221-optuna_20251203-235202/checkpoints/trial_1-epoch=09-val_auc_epoch=0.8012.ckpt
LOCAL_RANK: 0 - CUDA_VISIBLE_DEVICES: [3]
Loaded model weights from the checkpoint at /home/eng/shilo_avital/yolo_lab/walk_to_paint/outputs/slashdot090221/slashdot090221-optuna_20251203-235202/checkpoints/trial_1-epoch=09-val_auc_epoch=0.8012.ckpt
────────────────────────────────────────────────────────────────────────────────────────────────────────────────────────
     Validate metric           DataLoader 0
────────────────────────────────────────────────────────────────────────────────────────────────────────────────────────
          step                     24.0
      val_acc_epoch          0.732912540435791
      val_auc_epoch         0.8012104034423828
      val_f1_epoch          0.6381332278251648
        val_loss            0.9959166646003723
────────────────────────────────────────────────────────────────────────────────────────────────────────────────────────
✅ Trial 1 completed - Val AUC: 0.8012
[I 2025-12-04 07:02:26,222] Trial 1 finished with value: 0.8012104034423828 and parameters: {'dataset.max_walk_length': 42, 'dataset.num_walks': 534671, 'training.lr': 0.0003323040611091727, 'training.weight_decay': 6.646431324777498e-07, 'training.batch_size': 256, 'training.gradient_clip_val': 1.9559091160458992, 'training.early_stopping_patience': 15, 'model.nhead': 16, 'model.embedding_dim': 128, 'model.hidden_dim': 256, 'model.nlayers': 1, 'model.dropout': 0.619670724065, 'training.epochs': 24}. Best is trial 1 with value: 0.8012104034423828.
Seed set to 44

🔬 Trial 2 hyperparameters:
  Walk length: 66, Num walks: 125,596
  LR: 2.78e-05, Batch size: 256
  Model: emb_dim=128, hidden_dim=128
  Transformer: 5 layers, 1 heads
  Epochs: 23, Weighted loss: True
Loading slashdot090221 dataset...
Success! ✅
Splitting edges for slashdot090221 dataset...
Ratios: train=0.480, mask=0.320, val=0.100, test=0.100
Success! ✅
Sampling random walks from slashdot090221 dataset...
Success! ✅
Building tokenizer for slashdot090221 dataset...
Success! ✅
Padding and building stage tensors for slashdot090221 dataset...
Success! ✅
Data creation profiling (seconds):
  get_edge_list: 0.70s
  split_edges: 0.31s
  get_walks: 65.28s
  get_tokenizer: 0.57s
  encode_walks: 3.81s
  pad_and_build_stage_tensors: 0.65s
Creating DataLoaders for slashdot090221 dataset...
Success! ✅
/home/eng/shilo_avital/yolo_lab/walk_to_paint/.venv/lib64/python3.9/site-packages/torch/nn/modules/transformer.py:382: UserWarning: enable_nested_tensor is True, but self.use_nested_tensor is False because encoder_layer.self_attn.num_heads is odd
  warnings.warn(
GPU available: True (cuda), used: True
TPU available: False, using: 0 TPU cores
HPU available: False, using: 0 HPUs
/home/eng/shilo_avital/yolo_lab/walk_to_paint/.venv/lib64/python3.9/site-packages/pytorch_lightning/callbacks/model_checkpoint.py:658: Checkpoint directory /home/eng/shilo_avital/yolo_lab/walk_to_paint/outputs/slashdot090221/slashdot090221-optuna_20251203-235202/checkpoints exists and is not empty.
LOCAL_RANK: 0 - CUDA_VISIBLE_DEVICES: [3]
Metric val_auc_epoch improved. New best score: 0.758
Metric val_auc_epoch improved by 0.008 >= min_delta = 0.0. New best score: 0.766
Metric val_auc_epoch improved by 0.001 >= min_delta = 0.0. New best score: 0.767
Metric val_auc_epoch improved by 0.004 >= min_delta = 0.0. New best score: 0.770
Metric val_auc_epoch improved by 0.002 >= min_delta = 0.0. New best score: 0.773
Metric val_auc_epoch improved by 0.002 >= min_delta = 0.0. New best score: 0.774
Metric val_auc_epoch improved by 0.003 >= min_delta = 0.0. New best score: 0.777
Metric val_auc_epoch improved by 0.002 >= min_delta = 0.0. New best score: 0.779
Metric val_auc_epoch improved by 0.001 >= min_delta = 0.0. New best score: 0.780
Metric val_auc_epoch improved by 0.000 >= min_delta = 0.0. New best score: 0.781
Metric val_auc_epoch improved by 0.001 >= min_delta = 0.0. New best score: 0.782
Metric val_auc_epoch improved by 0.000 >= min_delta = 0.0. New best score: 0.782
Metric val_auc_epoch improved by 0.000 >= min_delta = 0.0. New best score: 0.782
Metric val_auc_epoch improved by 0.000 >= min_delta = 0.0. New best score: 0.783
Metric val_auc_epoch improved by 0.001 >= min_delta = 0.0. New best score: 0.783
Metric val_auc_epoch improved by 0.000 >= min_delta = 0.0. New best score: 0.783
Metric val_auc_epoch improved by 0.000 >= min_delta = 0.0. New best score: 0.784
Metric val_auc_epoch improved by 0.000 >= min_delta = 0.0. New best score: 0.784
`Trainer.fit` stopped: `max_epochs=23` reached.
Restoring states from the checkpoint path at /home/eng/shilo_avital/yolo_lab/walk_to_paint/outputs/slashdot090221/slashdot090221-optuna_20251203-235202/checkpoints/trial_2-epoch=20-val_auc_epoch=0.7837.ckpt
LOCAL_RANK: 0 - CUDA_VISIBLE_DEVICES: [3]
Loaded model weights from the checkpoint at /home/eng/shilo_avital/yolo_lab/walk_to_paint/outputs/slashdot090221/slashdot090221-optuna_20251203-235202/checkpoints/trial_2-epoch=20-val_auc_epoch=0.7837.ckpt
────────────────────────────────────────────────────────────────────────────────────────────────────────────────────────
     Validate metric           DataLoader 0
────────────────────────────────────────────────────────────────────────────────────────────────────────────────────────
          step                     23.0
      val_acc_epoch         0.7029986381530762
      val_auc_epoch         0.7837125062942505
      val_f1_epoch          0.5125514268875122
        val_loss            0.5655487179756165
────────────────────────────────────────────────────────────────────────────────────────────────────────────────────────
✅ Trial 2 completed - Val AUC: 0.7837
[I 2025-12-04 07:35:25,244] Trial 2 finished with value: 0.7837125062942505 and parameters: {'dataset.max_walk_length': 66, 'dataset.num_walks': 125596, 'training.lr': 2.7805167625137314e-05, 'training.weight_decay': 0.005040358099180661, 'training.batch_size': 256, 'training.gradient_clip_val': 1.3704775229339317, 'training.early_stopping_patience': 16, 'model.nhead': 1, 'model.embedding_dim': 128, 'model.hidden_dim': 128, 'model.nlayers': 5, 'model.dropout': 0.3545192269613117, 'training.epochs': 23}. Best is trial 1 with value: 0.8012104034423828.
[I 2025-12-04 07:35:25,253] Trial 3 pruned. Could not find valid nhead/embedding_dim combination after 10 attempts
Seed set to 46

🔬 Trial 4 hyperparameters:
  Walk length: 34, Num walks: 976,902
  LR: 1.87e-04, Batch size: 128
  Model: emb_dim=128, hidden_dim=256
  Transformer: 4 layers, 4 heads
  Epochs: 23, Weighted loss: True
Loading slashdot090221 dataset...
Success! ✅
Splitting edges for slashdot090221 dataset...
Ratios: train=0.480, mask=0.320, val=0.100, test=0.100
Success! ✅
Sampling random walks from slashdot090221 dataset...
Success! ✅
Building tokenizer for slashdot090221 dataset...
Success! ✅
Padding and building stage tensors for slashdot090221 dataset...
Success! ✅
Data creation profiling (seconds):
  get_edge_list: 0.69s
  split_edges: 0.32s
  get_walks: 643.28s
  get_tokenizer: 1.58s
  encode_walks: 21.85s
  pad_and_build_stage_tensors: 4.55s
Creating DataLoaders for slashdot090221 dataset...
Success! ✅
GPU available: True (cuda), used: True
TPU available: False, using: 0 TPU cores
HPU available: False, using: 0 HPUs
/home/eng/shilo_avital/yolo_lab/walk_to_paint/.venv/lib64/python3.9/site-packages/pytorch_lightning/callbacks/model_checkpoint.py:658: Checkpoint directory /home/eng/shilo_avital/yolo_lab/walk_to_paint/outputs/slashdot090221/slashdot090221-optuna_20251203-235202/checkpoints exists and is not empty.
LOCAL_RANK: 0 - CUDA_VISIBLE_DEVICES: [3]
Metric val_auc_epoch improved. New best score: 0.796
Metric val_auc_epoch improved by 0.009 >= min_delta = 0.0. New best score: 0.806
Metric val_auc_epoch improved by 0.002 >= min_delta = 0.0. New best score: 0.807
Metric val_auc_epoch improved by 0.005 >= min_delta = 0.0. New best score: 0.812
Monitored metric val_auc_epoch did not improve in the last 17 records. Best score: 0.812. Signaling Trainer to stop.
Restoring states from the checkpoint path at /home/eng/shilo_avital/yolo_lab/walk_to_paint/outputs/slashdot090221/slashdot090221-optuna_20251203-235202/checkpoints/trial_4-epoch=03-val_auc_epoch=0.8124.ckpt
LOCAL_RANK: 0 - CUDA_VISIBLE_DEVICES: [3]
Loaded model weights from the checkpoint at /home/eng/shilo_avital/yolo_lab/walk_to_paint/outputs/slashdot090221/slashdot090221-optuna_20251203-235202/checkpoints/trial_4-epoch=03-val_auc_epoch=0.8124.ckpt
────────────────────────────────────────────────────────────────────────────────────────────────────────────────────────
     Validate metric           DataLoader 0
────────────────────────────────────────────────────────────────────────────────────────────────────────────────────────
          step                     21.0
      val_acc_epoch         0.7191528081893921
      val_auc_epoch         0.8123602867126465
      val_f1_epoch          0.6619724035263062
        val_loss             0.75015789270401
────────────────────────────────────────────────────────────────────────────────────────────────────────────────────────
✅ Trial 4 completed - Val AUC: 0.8124
[I 2025-12-04 14:11:20,050] Trial 4 finished with value: 0.8123602867126465 and parameters: {'dataset.max_walk_length': 34, 'dataset.num_walks': 976902, 'training.lr': 0.0001865099259286712, 'training.weight_decay': 0.011158627649269962, 'training.batch_size': 128, 'training.gradient_clip_val': 0.7826710604698778, 'training.early_stopping_patience': 17, 'model.nhead': 4, 'model.embedding_dim': 128, 'model.hidden_dim': 256, 'model.nlayers': 4, 'model.dropout': 0.10204516266531541, 'training.epochs': 23}. Best is trial 4 with value: 0.8123602867126465.
Seed set to 47

🔬 Trial 5 hyperparameters:
  Walk length: 86, Num walks: 2,831,134
  LR: 4.20e-05, Batch size: 256
  Model: emb_dim=16, hidden_dim=16
  Transformer: 3 layers, 8 heads
  Epochs: 12, Weighted loss: True
Loading slashdot090221 dataset...
Success! ✅
Splitting edges for slashdot090221 dataset...
Ratios: train=0.480, mask=0.320, val=0.100, test=0.100
Success! ✅
Sampling random walks from slashdot090221 dataset...
Success! ✅
Building tokenizer for slashdot090221 dataset...
Success! ✅
Padding and building stage tensors for slashdot090221 dataset...
Success! ✅
Data creation profiling (seconds):
  get_edge_list: 0.70s
  split_edges: 0.31s
  get_walks: 1954.88s
  get_tokenizer: 4.01s
  encode_walks: 66.96s
  pad_and_build_stage_tensors: 14.89s
Creating DataLoaders for slashdot090221 dataset...
Success! ✅
GPU available: True (cuda), used: True
TPU available: False, using: 0 TPU cores
HPU available: False, using: 0 HPUs
/home/eng/shilo_avital/yolo_lab/walk_to_paint/.venv/lib64/python3.9/site-packages/pytorch_lightning/callbacks/model_checkpoint.py:658: Checkpoint directory /home/eng/shilo_avital/yolo_lab/walk_to_paint/outputs/slashdot090221/slashdot090221-optuna_20251203-235202/checkpoints exists and is not empty.
LOCAL_RANK: 0 - CUDA_VISIBLE_DEVICES: [3]
Metric val_auc_epoch improved. New best score: 0.726
Metric val_auc_epoch improved by 0.057 >= min_delta = 0.0. New best score: 0.783
Metric val_auc_epoch improved by 0.042 >= min_delta = 0.0. New best score: 0.826
Metric val_auc_epoch improved by 0.008 >= min_delta = 0.0. New best score: 0.834
`Trainer.fit` stopped: `max_epochs=12` reached.
Restoring states from the checkpoint path at /home/eng/shilo_avital/yolo_lab/walk_to_paint/outputs/slashdot090221/slashdot090221-optuna_20251203-235202/checkpoints/trial_5-epoch=03-val_auc_epoch=0.8339.ckpt
LOCAL_RANK: 0 - CUDA_VISIBLE_DEVICES: [3]
Loaded model weights from the checkpoint at /home/eng/shilo_avital/yolo_lab/walk_to_paint/outputs/slashdot090221/slashdot090221-optuna_20251203-235202/checkpoints/trial_5-epoch=03-val_auc_epoch=0.8339.ckpt
────────────────────────────────────────────────────────────────────────────────────────────────────────────────────────
     Validate metric           DataLoader 0
────────────────────────────────────────────────────────────────────────────────────────────────────────────────────────
          step                     12.0
      val_acc_epoch          0.745632529258728
      val_auc_epoch         0.8338918089866638
      val_f1_epoch          0.5387696027755737
        val_loss            0.5428505539894104
────────────────────────────────────────────────────────────────────────────────────────────────────────────────────────
✅ Trial 5 completed - Val AUC: 0.8339
[I 2025-12-04 22:11:51,011] Trial 5 finished with value: 0.8338918089866638 and parameters: {'dataset.max_walk_length': 86, 'dataset.num_walks': 2831134, 'training.lr': 4.200311585786186e-05, 'training.weight_decay': 0.028474724055074386, 'training.batch_size': 256, 'training.gradient_clip_val': 1.1285987676213964, 'training.early_stopping_patience': 19, 'model.nhead': 8, 'model.embedding_dim': 16, 'model.hidden_dim': 16, 'model.nlayers': 3, 'model.dropout': 0.4658573999368218, 'training.epochs': 12}. Best is trial 5 with value: 0.8338918089866638.
🧹 Cleaning up old checkpoints and logs (keeping top 10)...
Seed set to 48

🔬 Trial 6 hyperparameters:
  Walk length: 60, Num walks: 3,546,894
  LR: 1.22e-05, Batch size: 512
  Model: emb_dim=16, hidden_dim=256
  Transformer: 3 layers, 16 heads
  Epochs: 12, Weighted loss: True
Loading slashdot090221 dataset...
Success! ✅
Splitting edges for slashdot090221 dataset...
Ratios: train=0.480, mask=0.320, val=0.100, test=0.100
Success! ✅
Sampling random walks from slashdot090221 dataset...
Success! ✅
Building tokenizer for slashdot090221 dataset...
Success! ✅
Padding and building stage tensors for slashdot090221 dataset...
Success! ✅
Data creation profiling (seconds):
  get_edge_list: 0.71s
  split_edges: 0.31s
  get_walks: 2385.87s
  get_tokenizer: 4.67s
  encode_walks: 77.95s
  pad_and_build_stage_tensors: 18.01s
Creating DataLoaders for slashdot090221 dataset...
Success! ✅
GPU available: True (cuda), used: True
TPU available: False, using: 0 TPU cores
HPU available: False, using: 0 HPUs
/home/eng/shilo_avital/yolo_lab/walk_to_paint/.venv/lib64/python3.9/site-packages/pytorch_lightning/callbacks/model_checkpoint.py:658: Checkpoint directory /home/eng/shilo_avital/yolo_lab/walk_to_paint/outputs/slashdot090221/slashdot090221-optuna_20251203-235202/checkpoints exists and is not empty.
LOCAL_RANK: 0 - CUDA_VISIBLE_DEVICES: [3]
Metric val_auc_epoch improved. New best score: 0.676
Metric val_auc_epoch improved by 0.062 >= min_delta = 0.0. New best score: 0.738
Metric val_auc_epoch improved by 0.012 >= min_delta = 0.0. New best score: 0.750
Metric val_auc_epoch improved by 0.005 >= min_delta = 0.0. New best score: 0.755
Metric val_auc_epoch improved by 0.002 >= min_delta = 0.0. New best score: 0.758
❌ Trial 6 failed: Trial was pruned at epoch 5.
