[I 2025-12-05 01:44:02,832] Trial 6 finished with value: 0.0 and parameters: {'dataset.max_walk_length': 60, 'dataset.num_walks': 3546894, 'training.lr': 1.216084810819117e-05, 'training.weight_decay': 0.04675822333957362, 'training.batch_size': 512, 'training.gradient_clip_val': 0.8146496483691557, 'training.early_stopping_patience': 11, 'model.nhead': 16, 'model.embedding_dim': 16, 'model.hidden_dim': 256, 'model.nlayers': 3, 'model.dropout': 0.19234094397104948, 'training.epochs': 12}. Best is trial 5 with value: 0.8338918089866638.
Seed set to 49

🔬 Trial 7 hyperparameters:
  Walk length: 55, Num walks: 2,623,366
  LR: 7.64e-05, Batch size: 32
  Model: emb_dim=16, hidden_dim=32
  Transformer: 2 layers, 16 heads
  Epochs: 18, Weighted loss: True
Loading slashdot090221 dataset...
Success! ✅
Splitting edges for slashdot090221 dataset...
Ratios: train=0.480, mask=0.320, val=0.100, test=0.100
Success! ✅
Sampling random walks from slashdot090221 dataset...
Success! ✅
Building tokenizer for slashdot090221 dataset...
Success! ✅
Padding and building stage tensors for slashdot090221 dataset...
Success! ✅
Data creation profiling (seconds):
  get_edge_list: 0.67s
  split_edges: 0.30s
  get_walks: 1905.04s
  get_tokenizer: 3.44s
  encode_walks: 57.26s
  pad_and_build_stage_tensors: 13.04s
Creating DataLoaders for slashdot090221 dataset...
Success! ✅
GPU available: True (cuda), used: True
TPU available: False, using: 0 TPU cores
HPU available: False, using: 0 HPUs
/home/eng/shilo_avital/yolo_lab/walk_to_paint/.venv/lib64/python3.9/site-packages/pytorch_lightning/callbacks/model_checkpoint.py:658: Checkpoint directory /home/eng/shilo_avital/yolo_lab/walk_to_paint/outputs/slashdot090221/slashdot090221-optuna_20251203-235202/checkpoints exists and is not empty.
LOCAL_RANK: 0 - CUDA_VISIBLE_DEVICES: [3]
/home/eng/shilo_avital/yolo_lab/walk_to_paint/.venv/lib64/python3.9/site-packages/torch/nn/modules/transformer.py:505: UserWarning: The PyTorch API of nested tensors is in prototype stage and will change in the near future. We recommend specifying layout=torch.jagged when constructing a nested tensor, as this layout receives active development, has better operator coverage, and works with torch.compile. (Triggered internally at /pytorch/aten/src/ATen/NestedTensorImpl.cpp:178.)
  output = torch._nested_tensor_from_mask(
Metric val_auc_epoch improved. New best score: 0.691
Metric val_auc_epoch improved by 0.015 >= min_delta = 0.0. New best score: 0.705
Metric val_auc_epoch improved by 0.011 >= min_delta = 0.0. New best score: 0.716
Metric val_auc_epoch improved by 0.023 >= min_delta = 0.0. New best score: 0.740
Metric val_auc_epoch improved by 0.022 >= min_delta = 0.0. New best score: 0.762
❌ Trial 7 failed: Trial was pruned at epoch 5.
[I 2025-12-05 21:01:09,608] Trial 7 finished with value: 0.0 and parameters: {'dataset.max_walk_length': 55, 'dataset.num_walks': 2623366, 'training.lr': 7.638068029197536e-05, 'training.weight_decay': 0.026436516102100606, 'training.batch_size': 32, 'training.gradient_clip_val': 1.2623755200165552, 'training.early_stopping_patience': 7, 'model.nhead': 16, 'model.embedding_dim': 16, 'model.hidden_dim': 32, 'model.nlayers': 2, 'model.dropout': 0.33246573519021666, 'training.epochs': 18}. Best is trial 5 with value: 0.8338918089866638.
Seed set to 50

🔬 Trial 8 hyperparameters:
  Walk length: 16, Num walks: 2,995,828
  LR: 2.21e-03, Batch size: 128
  Model: emb_dim=64, hidden_dim=64
  Transformer: 4 layers, 4 heads
  Epochs: 12, Weighted loss: True
Loading slashdot090221 dataset...
Success! ✅
Splitting edges for slashdot090221 dataset...
Ratios: train=0.480, mask=0.320, val=0.100, test=0.100
Success! ✅
Sampling random walks from slashdot090221 dataset...
Success! ✅
Building tokenizer for slashdot090221 dataset...
Success! ✅
Padding and building stage tensors for slashdot090221 dataset...
Success! ✅
Data creation profiling (seconds):
  get_edge_list: 0.67s
  split_edges: 0.31s
  get_walks: 2161.39s
  get_tokenizer: 3.43s
  encode_walks: 57.40s
  pad_and_build_stage_tensors: 14.31s
Creating DataLoaders for slashdot090221 dataset...
Success! ✅
GPU available: True (cuda), used: True
TPU available: False, using: 0 TPU cores
HPU available: False, using: 0 HPUs
/home/eng/shilo_avital/yolo_lab/walk_to_paint/.venv/lib64/python3.9/site-packages/pytorch_lightning/callbacks/model_checkpoint.py:658: Checkpoint directory /home/eng/shilo_avital/yolo_lab/walk_to_paint/outputs/slashdot090221/slashdot090221-optuna_20251203-235202/checkpoints exists and is not empty.
LOCAL_RANK: 0 - CUDA_VISIBLE_DEVICES: [3]
Metric val_auc_epoch improved. New best score: 0.500
Metric val_auc_epoch improved by 0.149 >= min_delta = 0.0. New best score: 0.649
Metric val_auc_epoch improved by 0.019 >= min_delta = 0.0. New best score: 0.668
❌ Trial 8 failed: Trial was pruned at epoch 5.
[I 2025-12-06 03:01:24,357] Trial 8 finished with value: 0.0 and parameters: {'dataset.max_walk_length': 16, 'dataset.num_walks': 2995828, 'training.lr': 0.0022076458895436764, 'training.weight_decay': 6.248371088137104e-07, 'training.batch_size': 128, 'training.gradient_clip_val': 1.1384442226853653, 'training.early_stopping_patience': 10, 'model.nhead': 4, 'model.embedding_dim': 64, 'model.hidden_dim': 64, 'model.nlayers': 4, 'model.dropout': 0.10264013398474987, 'training.epochs': 12}. Best is trial 5 with value: 0.8338918089866638.
Seed set to 51

🔬 Trial 9 hyperparameters:
  Walk length: 13, Num walks: 624,137
  LR: 8.16e-04, Batch size: 32
  Model: emb_dim=64, hidden_dim=16
  Transformer: 1 layers, 1 heads
  Epochs: 21, Weighted loss: True
Loading slashdot090221 dataset...
Success! ✅
Splitting edges for slashdot090221 dataset...
Ratios: train=0.480, mask=0.320, val=0.100, test=0.100
Success! ✅
Sampling random walks from slashdot090221 dataset...
Success! ✅
Building tokenizer for slashdot090221 dataset...
Success! ✅
Padding and building stage tensors for slashdot090221 dataset...
Success! ✅
Data creation profiling (seconds):
  get_edge_list: 0.70s
  split_edges: 0.31s
  get_walks: 480.62s
  get_tokenizer: 1.09s
  encode_walks: 12.86s
  pad_and_build_stage_tensors: 2.88s
Creating DataLoaders for slashdot090221 dataset...
Success! ✅
/home/eng/shilo_avital/yolo_lab/walk_to_paint/.venv/lib64/python3.9/site-packages/torch/nn/modules/transformer.py:382: UserWarning: enable_nested_tensor is True, but self.use_nested_tensor is False because encoder_layer.self_attn.num_heads is odd
  warnings.warn(
GPU available: True (cuda), used: True
TPU available: False, using: 0 TPU cores
HPU available: False, using: 0 HPUs
/home/eng/shilo_avital/yolo_lab/walk_to_paint/.venv/lib64/python3.9/site-packages/pytorch_lightning/callbacks/model_checkpoint.py:658: Checkpoint directory /home/eng/shilo_avital/yolo_lab/walk_to_paint/outputs/slashdot090221/slashdot090221-optuna_20251203-235202/checkpoints exists and is not empty.
LOCAL_RANK: 0 - CUDA_VISIBLE_DEVICES: [3]
Metric val_auc_epoch improved. New best score: 0.746
Metric val_auc_epoch improved by 0.021 >= min_delta = 0.0. New best score: 0.767
Metric val_auc_epoch improved by 0.000 >= min_delta = 0.0. New best score: 0.767
❌ Trial 9 failed: Trial was pruned at epoch 5.
[I 2025-12-06 07:28:01,219] Trial 9 finished with value: 0.0 and parameters: {'dataset.max_walk_length': 13, 'dataset.num_walks': 624137, 'training.lr': 0.000816471025791215, 'training.weight_decay': 0.0024317429815571695, 'training.batch_size': 32, 'training.gradient_clip_val': 0.5752579778593265, 'training.early_stopping_patience': 6, 'model.nhead': 1, 'model.embedding_dim': 64, 'model.hidden_dim': 16, 'model.nlayers': 1, 'model.dropout': 0.25048253694228145, 'training.epochs': 21}. Best is trial 5 with value: 0.8338918089866638.
Seed set to 52

🔬 Trial 10 hyperparameters:
  Walk length: 97, Num walks: 1,482,449
  LR: 1.13e-05, Batch size: 256
  Model: emb_dim=8, hidden_dim=4
  Transformer: 6 layers, 2 heads
  Epochs: 6, Weighted loss: True
Loading slashdot090221 dataset...
Success! ✅
Splitting edges for slashdot090221 dataset...
Ratios: train=0.480, mask=0.320, val=0.100, test=0.100
Success! ✅
Sampling random walks from slashdot090221 dataset...
Success! ✅
Building tokenizer for slashdot090221 dataset...
Success! ✅
Padding and building stage tensors for slashdot090221 dataset...
Success! ✅
Data creation profiling (seconds):
  get_edge_list: 0.73s
  split_edges: 0.38s
  get_walks: 1096.66s
  get_tokenizer: 2.50s
  encode_walks: 38.62s
  pad_and_build_stage_tensors: 7.58s
Creating DataLoaders for slashdot090221 dataset...
Success! ✅
GPU available: True (cuda), used: True
TPU available: False, using: 0 TPU cores
HPU available: False, using: 0 HPUs
/home/eng/shilo_avital/yolo_lab/walk_to_paint/.venv/lib64/python3.9/site-packages/pytorch_lightning/callbacks/model_checkpoint.py:658: Checkpoint directory /home/eng/shilo_avital/yolo_lab/walk_to_paint/outputs/slashdot090221/slashdot090221-optuna_20251203-235202/checkpoints exists and is not empty.
LOCAL_RANK: 0 - CUDA_VISIBLE_DEVICES: [3]
Metric val_auc_epoch improved. New best score: 0.657
Metric val_auc_epoch improved by 0.018 >= min_delta = 0.0. New best score: 0.675
Metric val_auc_epoch improved by 0.008 >= min_delta = 0.0. New best score: 0.683
Metric val_auc_epoch improved by 0.004 >= min_delta = 0.0. New best score: 0.688
Metric val_auc_epoch improved by 0.002 >= min_delta = 0.0. New best score: 0.690
❌ Trial 10 failed: Trial was pruned at epoch 5.
[I 2025-12-06 09:18:47,110] Trial 10 finished with value: 0.0 and parameters: {'dataset.max_walk_length': 97, 'dataset.num_walks': 1482449, 'training.lr': 1.1324442385787108e-05, 'training.weight_decay': 0.00010467084865877654, 'training.batch_size': 256, 'training.gradient_clip_val': 1.614474276906018, 'training.early_stopping_patience': 20, 'model.nhead': 2, 'model.embedding_dim': 8, 'model.hidden_dim': 4, 'model.nlayers': 6, 'model.dropout': 0.49462686151047763, 'training.epochs': 6}. Best is trial 5 with value: 0.8338918089866638.
🧹 Cleaning up old checkpoints and logs (keeping top 10)...
Seed set to 53

🔬 Trial 11 hyperparameters:
  Walk length: 36, Num walks: 1,277,425
  LR: 9.33e-05, Batch size: 128
  Model: emb_dim=16, hidden_dim=8
  Transformer: 3 layers, 4 heads
  Epochs: 14, Weighted loss: True
Loading slashdot090221 dataset...
Success! ✅
Splitting edges for slashdot090221 dataset...
Ratios: train=0.480, mask=0.320, val=0.100, test=0.100
Success! ✅
Sampling random walks from slashdot090221 dataset...
Success! ✅
Building tokenizer for slashdot090221 dataset...
Success! ✅
Padding and building stage tensors for slashdot090221 dataset...
Success! ✅
Data creation profiling (seconds):
  get_edge_list: 0.70s
  split_edges: 0.31s
  get_walks: 942.35s
  get_tokenizer: 1.73s
  encode_walks: 27.99s
  pad_and_build_stage_tensors: 6.06s
Creating DataLoaders for slashdot090221 dataset...
Success! ✅
GPU available: True (cuda), used: True
TPU available: False, using: 0 TPU cores
HPU available: False, using: 0 HPUs
/home/eng/shilo_avital/yolo_lab/walk_to_paint/.venv/lib64/python3.9/site-packages/pytorch_lightning/callbacks/model_checkpoint.py:658: Checkpoint directory /home/eng/shilo_avital/yolo_lab/walk_to_paint/outputs/slashdot090221/slashdot090221-optuna_20251203-235202/checkpoints exists and is not empty.
LOCAL_RANK: 0 - CUDA_VISIBLE_DEVICES: [3]
Metric val_auc_epoch improved. New best score: 0.685
Metric val_auc_epoch improved by 0.011 >= min_delta = 0.0. New best score: 0.696
Metric val_auc_epoch improved by 0.011 >= min_delta = 0.0. New best score: 0.706
Metric val_auc_epoch improved by 0.008 >= min_delta = 0.0. New best score: 0.715
Metric val_auc_epoch improved by 0.007 >= min_delta = 0.0. New best score: 0.721
❌ Trial 11 failed: Trial was pruned at epoch 5.
[I 2025-12-06 11:52:55,000] Trial 11 finished with value: 0.0 and parameters: {'dataset.max_walk_length': 36, 'dataset.num_walks': 1277425, 'training.lr': 9.332109359372329e-05, 'training.weight_decay': 0.055652745621174296, 'training.batch_size': 128, 'training.gradient_clip_val': 0.9259486097535596, 'training.early_stopping_patience': 20, 'model.nhead': 4, 'model.embedding_dim': 16, 'model.hidden_dim': 8, 'model.nlayers': 3, 'model.dropout': 0.030268144066138397, 'training.epochs': 14}. Best is trial 5 with value: 0.8338918089866638.
Seed set to 54

🔬 Trial 12 hyperparameters:
  Walk length: 76, Num walks: 4,899,286
  LR: 1.24e-04, Batch size: 64
  Model: emb_dim=128, hidden_dim=256
  Transformer: 4 layers, 4 heads
  Epochs: 7, Weighted loss: True
Loading slashdot090221 dataset...
Success! ✅
Splitting edges for slashdot090221 dataset...
Ratios: train=0.480, mask=0.320, val=0.100, test=0.100
Success! ✅
Sampling random walks from slashdot090221 dataset...
Success! ✅
Building tokenizer for slashdot090221 dataset...
Success! ✅
Padding and building stage tensors for slashdot090221 dataset...
Success! ✅
Data creation profiling (seconds):
  get_edge_list: 0.69s
  split_edges: 0.30s
  get_walks: 3392.76s
  get_tokenizer: 6.34s
  encode_walks: 111.52s
  pad_and_build_stage_tensors: 25.53s
Creating DataLoaders for slashdot090221 dataset...
Success! ✅
GPU available: True (cuda), used: True
TPU available: False, using: 0 TPU cores
HPU available: False, using: 0 HPUs
/home/eng/shilo_avital/yolo_lab/walk_to_paint/.venv/lib64/python3.9/site-packages/pytorch_lightning/callbacks/model_checkpoint.py:658: Checkpoint directory /home/eng/shilo_avital/yolo_lab/walk_to_paint/outputs/slashdot090221/slashdot090221-optuna_20251203-235202/checkpoints exists and is not empty.
LOCAL_RANK: 0 - CUDA_VISIBLE_DEVICES: [3]
Metric val_auc_epoch improved. New best score: 0.853
`Trainer.fit` stopped: `max_epochs=7` reached.
Restoring states from the checkpoint path at /home/eng/shilo_avital/yolo_lab/walk_to_paint/outputs/slashdot090221/slashdot090221-optuna_20251203-235202/checkpoints/trial_12-epoch=00-val_auc_epoch=0.8529.ckpt
LOCAL_RANK: 0 - CUDA_VISIBLE_DEVICES: [3]
Loaded model weights from the checkpoint at /home/eng/shilo_avital/yolo_lab/walk_to_paint/outputs/slashdot090221/slashdot090221-optuna_20251203-235202/checkpoints/trial_12-epoch=00-val_auc_epoch=0.8529.ckpt
────────────────────────────────────────────────────────────────────────────────────────────────────────────────────────
     Validate metric           DataLoader 0
────────────────────────────────────────────────────────────────────────────────────────────────────────────────────────
          step                      7.0
      val_acc_epoch         0.7585192322731018
      val_auc_epoch         0.8529260158538818
      val_f1_epoch          0.7061213254928589
        val_loss            0.6795885562896729
────────────────────────────────────────────────────────────────────────────────────────────────────────────────────────
✅ Trial 12 completed - Val AUC: 0.8529
[I 2025-12-07 11:31:20,507] Trial 12 finished with value: 0.8529260158538818 and parameters: {'dataset.max_walk_length': 76, 'dataset.num_walks': 4899286, 'training.lr': 0.0001237270037262604, 'training.weight_decay': 0.00044649483303964814, 'training.batch_size': 64, 'training.gradient_clip_val': 0.9500351813165078, 'training.early_stopping_patience': 17, 'model.nhead': 4, 'model.embedding_dim': 128, 'model.hidden_dim': 256, 'model.nlayers': 4, 'model.dropout': 0.005552095028163617, 'training.epochs': 7}. Best is trial 12 with value: 0.8529260158538818.
[I 2025-12-07 11:31:20,534] Trial 13 pruned. Could not find valid nhead/embedding_dim combination after 10 attempts
Seed set to 56

🔬 Trial 14 hyperparameters:
  Walk length: 100, Num walks: 4,834,934
  LR: 2.48e-04, Batch size: 64
  Model: emb_dim=8, hidden_dim=16
  Transformer: 2 layers, 2 heads
  Epochs: 6, Weighted loss: True
Loading slashdot090221 dataset...
Success! ✅
Splitting edges for slashdot090221 dataset...
Ratios: train=0.480, mask=0.320, val=0.100, test=0.100
Success! ✅
Sampling random walks from slashdot090221 dataset...
Success! ✅
Building tokenizer for slashdot090221 dataset...
Success! ✅
Padding and building stage tensors for slashdot090221 dataset...
Success! ✅
Data creation profiling (seconds):
  get_edge_list: 0.67s
  split_edges: 0.31s
  get_walks: 3596.39s
  get_tokenizer: 6.95s
  encode_walks: 120.26s
  pad_and_build_stage_tensors: 26.32s
Creating DataLoaders for slashdot090221 dataset...
Success! ✅
GPU available: True (cuda), used: True
TPU available: False, using: 0 TPU cores
HPU available: False, using: 0 HPUs
/home/eng/shilo_avital/yolo_lab/walk_to_paint/.venv/lib64/python3.9/site-packages/pytorch_lightning/callbacks/model_checkpoint.py:658: Checkpoint directory /home/eng/shilo_avital/yolo_lab/walk_to_paint/outputs/slashdot090221/slashdot090221-optuna_20251203-235202/checkpoints exists and is not empty.
LOCAL_RANK: 0 - CUDA_VISIBLE_DEVICES: [3]
Metric val_auc_epoch improved. New best score: 0.638
Metric val_auc_epoch improved by 0.022 >= min_delta = 0.0. New best score: 0.660
Metric val_auc_epoch improved by 0.019 >= min_delta = 0.0. New best score: 0.679
❌ Trial 14 failed: Trial was pruned at epoch 5.
[I 2025-12-08 05:46:18,954] Trial 14 finished with value: 0.0 and parameters: {'dataset.max_walk_length': 100, 'dataset.num_walks': 4834934, 'training.lr': 0.00024816703621530065, 'training.weight_decay': 9.204597474363846e-06, 'training.batch_size': 64, 'training.gradient_clip_val': 1.465484769354221, 'training.early_stopping_patience': 18, 'model.nhead': 2, 'model.embedding_dim': 8, 'model.hidden_dim': 16, 'model.nlayers': 2, 'model.dropout': 0.004973400131614286, 'training.epochs': 6}. Best is trial 12 with value: 0.8529260158538818.
Seed set to 57

🔬 Trial 15 hyperparameters:
  Walk length: 81, Num walks: 2,213,712
  LR: 3.79e-05, Batch size: 512
  Model: emb_dim=32, hidden_dim=64
  Transformer: 4 layers, 4 heads
  Epochs: 9, Weighted loss: True
Loading slashdot090221 dataset...
Success! ✅
Splitting edges for slashdot090221 dataset...
Ratios: train=0.480, mask=0.320, val=0.100, test=0.100
Success! ✅
Sampling random walks from slashdot090221 dataset...
Success! ✅
Building tokenizer for slashdot090221 dataset...
Success! ✅
Padding and building stage tensors for slashdot090221 dataset...
Success! ✅
Data creation profiling (seconds):
  get_edge_list: 0.70s
  split_edges: 0.31s
  get_walks: 1636.80s
  get_tokenizer: 3.33s
  encode_walks: 52.67s
  pad_and_build_stage_tensors: 11.33s
Creating DataLoaders for slashdot090221 dataset...
Success! ✅
GPU available: True (cuda), used: True
TPU available: False, using: 0 TPU cores
HPU available: False, using: 0 HPUs
/home/eng/shilo_avital/yolo_lab/walk_to_paint/.venv/lib64/python3.9/site-packages/pytorch_lightning/callbacks/model_checkpoint.py:658: Checkpoint directory /home/eng/shilo_avital/yolo_lab/walk_to_paint/outputs/slashdot090221/slashdot090221-optuna_20251203-235202/checkpoints exists and is not empty.
LOCAL_RANK: 0 - CUDA_VISIBLE_DEVICES: [3]
Metric val_auc_epoch improved. New best score: 0.745
Metric val_auc_epoch improved by 0.002 >= min_delta = 0.0. New best score: 0.747
Metric val_auc_epoch improved by 0.005 >= min_delta = 0.0. New best score: 0.752
Metric val_auc_epoch improved by 0.002 >= min_delta = 0.0. New best score: 0.754
Metric val_auc_epoch improved by 0.002 >= min_delta = 0.0. New best score: 0.756
❌ Trial 15 failed: Trial was pruned at epoch 5.
[I 2025-12-08 07:30:14,830] Trial 15 finished with value: 0.0 and parameters: {'dataset.max_walk_length': 81, 'dataset.num_walks': 2213712, 'training.lr': 3.786538622217118e-05, 'training.weight_decay': 1.10609084993035e-08, 'training.batch_size': 512, 'training.gradient_clip_val': 1.0121213563259217, 'training.early_stopping_patience': 18, 'model.nhead': 4, 'model.embedding_dim': 32, 'model.hidden_dim': 64, 'model.nlayers': 4, 'model.dropout': 0.43967275787046534, 'training.epochs': 9}. Best is trial 12 with value: 0.8529260158538818.
🧹 Cleaning up old checkpoints and logs (keeping top 10)...
  Removed old checkpoint: trial_4-epoch=03-val_auc_epoch=0.8124.ckpt
  Removed old checkpoint: trial_2-epoch=20-val_auc_epoch=0.7837.ckpt
  Removed old checkpoint: trial_1-epoch=09-val_auc_epoch=0.8012.ckpt
  Removed old checkpoint: trial_0-epoch=00-val_auc_epoch=0.7274.ckpt
  Removed old log dir: trial_4
  Removed old log dir: trial_2
  Removed old log dir: trial_1
  Removed old log dir: trial_0
Seed set to 58

🔬 Trial 16 hyperparameters:
  Walk length: 72, Num walks: 4,858,386
  LR: 5.05e-02, Batch size: 256
  Model: emb_dim=128, hidden_dim=4
  Transformer: 3 layers, 8 heads
  Epochs: 9, Weighted loss: True
Loading slashdot090221 dataset...
Success! ✅
Splitting edges for slashdot090221 dataset...
Ratios: train=0.480, mask=0.320, val=0.100, test=0.100
Success! ✅
Sampling random walks from slashdot090221 dataset...
Success! ✅
Building tokenizer for slashdot090221 dataset...
Success! ✅
Padding and building stage tensors for slashdot090221 dataset...
Success! ✅
Data creation profiling (seconds):
  get_edge_list: 0.69s
  split_edges: 0.30s
  get_walks: 3671.92s
  get_tokenizer: 6.24s
  encode_walks: 111.18s
  pad_and_build_stage_tensors: 25.00s
Creating DataLoaders for slashdot090221 dataset...
Success! ✅
GPU available: True (cuda), used: True
TPU available: False, using: 0 TPU cores
HPU available: False, using: 0 HPUs
/home/eng/shilo_avital/yolo_lab/walk_to_paint/.venv/lib64/python3.9/site-packages/pytorch_lightning/callbacks/model_checkpoint.py:658: Checkpoint directory /home/eng/shilo_avital/yolo_lab/walk_to_paint/outputs/slashdot090221/slashdot090221-optuna_20251203-235202/checkpoints exists and is not empty.
LOCAL_RANK: 0 - CUDA_VISIBLE_DEVICES: [3]
Metric val_auc_epoch improved. New best score: 0.541
Metric val_auc_epoch improved by 0.037 >= min_delta = 0.0. New best score: 0.578
Metric val_auc_epoch improved by 0.030 >= min_delta = 0.0. New best score: 0.608
❌ Trial 16 failed: Trial was pruned at epoch 5.
