[I 2025-12-08 13:49:22,836] Trial 16 finished with value: 0.0 and parameters: {'dataset.max_walk_length': 72, 'dataset.num_walks': 4858386, 'training.lr': 0.05049286998465639, 'training.weight_decay': 0.0931847181055552, 'training.batch_size': 256, 'training.gradient_clip_val': 1.5705774783815951, 'training.early_stopping_patience': 13, 'model.nhead': 8, 'model.embedding_dim': 128, 'model.hidden_dim': 4, 'model.nlayers': 3, 'model.dropout': 0.4779510788990944, 'training.epochs': 9}. Best is trial 12 with value: 0.8529260158538818.
Seed set to 59

🔬 Trial 17 hyperparameters:
  Walk length: 91, Num walks: 2,396,382
  LR: 1.30e-04, Batch size: 64
  Model: emb_dim=16, hidden_dim=8
  Transformer: 5 layers, 4 heads
  Epochs: 9, Weighted loss: True
Loading slashdot090221 dataset...
Success! ✅
Splitting edges for slashdot090221 dataset...
Ratios: train=0.480, mask=0.320, val=0.100, test=0.100
Success! ✅
Sampling random walks from slashdot090221 dataset...
Success! ✅
Building tokenizer for slashdot090221 dataset...
Success! ✅
Padding and building stage tensors for slashdot090221 dataset...
Success! ✅
Data creation profiling (seconds):
  get_edge_list: 0.69s
  split_edges: 0.37s
  get_walks: 1779.28s
  get_tokenizer: 4.07s
  encode_walks: 63.05s
  pad_and_build_stage_tensors: 13.98s
Creating DataLoaders for slashdot090221 dataset...
Success! ✅
GPU available: True (cuda), used: True
TPU available: False, using: 0 TPU cores
HPU available: False, using: 0 HPUs
/home/eng/shilo_avital/yolo_lab/walk_to_paint/.venv/lib64/python3.9/site-packages/pytorch_lightning/callbacks/model_checkpoint.py:658: Checkpoint directory /home/eng/shilo_avital/yolo_lab/walk_to_paint/outputs/slashdot090221/slashdot090221-optuna_20251203-235202/checkpoints exists and is not empty.
LOCAL_RANK: 0 - CUDA_VISIBLE_DEVICES: [3]
Metric val_auc_epoch improved. New best score: 0.713
Metric val_auc_epoch improved by 0.005 >= min_delta = 0.0. New best score: 0.717
Metric val_auc_epoch improved by 0.005 >= min_delta = 0.0. New best score: 0.722
Metric val_auc_epoch improved by 0.002 >= min_delta = 0.0. New best score: 0.724
Metric val_auc_epoch improved by 0.006 >= min_delta = 0.0. New best score: 0.730
❌ Trial 17 failed: Trial was pruned at epoch 5.
[I 2025-12-09 01:54:04,102] Trial 17 finished with value: 0.0 and parameters: {'dataset.max_walk_length': 91, 'dataset.num_walks': 2396382, 'training.lr': 0.00013031423634994932, 'training.weight_decay': 0.000576002146389893, 'training.batch_size': 64, 'training.gradient_clip_val': 1.2548029042540985, 'training.early_stopping_patience': 19, 'model.nhead': 4, 'model.embedding_dim': 16, 'model.hidden_dim': 8, 'model.nlayers': 5, 'model.dropout': 0.3156769084018571, 'training.epochs': 9}. Best is trial 12 with value: 0.8529260158538818.
Seed set to 60

🔬 Trial 18 hyperparameters:
  Walk length: 51, Num walks: 2,970,068
  LR: 2.85e-05, Batch size: 256
  Model: emb_dim=16, hidden_dim=32
  Transformer: 2 layers, 8 heads
  Epochs: 16, Weighted loss: True
Loading slashdot090221 dataset...
Success! ✅
Splitting edges for slashdot090221 dataset...
Ratios: train=0.480, mask=0.320, val=0.100, test=0.100
Success! ✅
Sampling random walks from slashdot090221 dataset...
Success! ✅
Building tokenizer for slashdot090221 dataset...
Success! ✅
Padding and building stage tensors for slashdot090221 dataset...
Success! ✅
Data creation profiling (seconds):
  get_edge_list: 0.71s
  split_edges: 0.31s
  get_walks: 2235.37s
  get_tokenizer: 4.04s
  encode_walks: 64.37s
  pad_and_build_stage_tensors: 14.65s
Creating DataLoaders for slashdot090221 dataset...
Success! ✅
GPU available: True (cuda), used: True
TPU available: False, using: 0 TPU cores
HPU available: False, using: 0 HPUs
/home/eng/shilo_avital/yolo_lab/walk_to_paint/.venv/lib64/python3.9/site-packages/pytorch_lightning/callbacks/model_checkpoint.py:658: Checkpoint directory /home/eng/shilo_avital/yolo_lab/walk_to_paint/outputs/slashdot090221/slashdot090221-optuna_20251203-235202/checkpoints exists and is not empty.
LOCAL_RANK: 0 - CUDA_VISIBLE_DEVICES: [3]
Metric val_auc_epoch improved. New best score: 0.710
Metric val_auc_epoch improved by 0.011 >= min_delta = 0.0. New best score: 0.721
Metric val_auc_epoch improved by 0.006 >= min_delta = 0.0. New best score: 0.726
Metric val_auc_epoch improved by 0.006 >= min_delta = 0.0. New best score: 0.732
Metric val_auc_epoch improved by 0.006 >= min_delta = 0.0. New best score: 0.738
❌ Trial 18 failed: Trial was pruned at epoch 5.
[I 2025-12-09 06:22:52,756] Trial 18 finished with value: 0.0 and parameters: {'dataset.max_walk_length': 51, 'dataset.num_walks': 2970068, 'training.lr': 2.851448084935662e-05, 'training.weight_decay': 0.00957064331664469, 'training.batch_size': 256, 'training.gradient_clip_val': 1.0336448499851971, 'training.early_stopping_patience': 16, 'model.nhead': 8, 'model.embedding_dim': 16, 'model.hidden_dim': 32, 'model.nlayers': 2, 'model.dropout': 0.18620091456827592, 'training.epochs': 16}. Best is trial 12 with value: 0.8529260158538818.
Seed set to 61

🔬 Trial 19 hyperparameters:
  Walk length: 71, Num walks: 4,992,520
  LR: 4.43e-04, Batch size: 64
  Model: emb_dim=128, hidden_dim=128
  Transformer: 6 layers, 1 heads
  Epochs: 11, Weighted loss: True
Loading slashdot090221 dataset...
Success! ✅
Splitting edges for slashdot090221 dataset...
Ratios: train=0.480, mask=0.320, val=0.100, test=0.100
Success! ✅
Sampling random walks from slashdot090221 dataset...
Success! ✅
Building tokenizer for slashdot090221 dataset...
Success! ✅
Padding and building stage tensors for slashdot090221 dataset...
Success! ✅
Data creation profiling (seconds):
  get_edge_list: 0.72s
  split_edges: 0.32s
  get_walks: 3705.26s
  get_tokenizer: 6.62s
  encode_walks: 116.05s
  pad_and_build_stage_tensors: 26.28s
Creating DataLoaders for slashdot090221 dataset...
Success! ✅
/home/eng/shilo_avital/yolo_lab/walk_to_paint/.venv/lib64/python3.9/site-packages/torch/nn/modules/transformer.py:382: UserWarning: enable_nested_tensor is True, but self.use_nested_tensor is False because encoder_layer.self_attn.num_heads is odd
  warnings.warn(
GPU available: True (cuda), used: True
TPU available: False, using: 0 TPU cores
HPU available: False, using: 0 HPUs
/home/eng/shilo_avital/yolo_lab/walk_to_paint/.venv/lib64/python3.9/site-packages/pytorch_lightning/callbacks/model_checkpoint.py:658: Checkpoint directory /home/eng/shilo_avital/yolo_lab/walk_to_paint/outputs/slashdot090221/slashdot090221-optuna_20251203-235202/checkpoints exists and is not empty.
LOCAL_RANK: 0 - CUDA_VISIBLE_DEVICES: [3]
Metric val_auc_epoch improved. New best score: 0.485
Metric val_auc_epoch improved by 0.036 >= min_delta = 0.0. New best score: 0.521
❌ Trial 19 failed: Trial was pruned at epoch 5.
[I 2025-12-09 20:40:11,494] Trial 19 finished with value: 0.0 and parameters: {'dataset.max_walk_length': 71, 'dataset.num_walks': 4992520, 'training.lr': 0.00044266691458305245, 'training.weight_decay': 0.0007890942111260472, 'training.batch_size': 64, 'training.gradient_clip_val': 0.6495090200267719, 'training.early_stopping_patience': 13, 'model.nhead': 1, 'model.embedding_dim': 128, 'model.hidden_dim': 128, 'model.nlayers': 6, 'model.dropout': 0.55545313902057, 'training.epochs': 11}. Best is trial 12 with value: 0.8529260158538818.
Seed set to 62

🔬 Trial 20 hyperparameters:
  Walk length: 89, Num walks: 1,995,392
  LR: 1.15e-04, Batch size: 32
  Model: emb_dim=8, hidden_dim=256
  Transformer: 4 layers, 2 heads
  Epochs: 15, Weighted loss: True
Loading slashdot090221 dataset...
Success! ✅
Splitting edges for slashdot090221 dataset...
Ratios: train=0.480, mask=0.320, val=0.100, test=0.100
Success! ✅
Sampling random walks from slashdot090221 dataset...
Success! ✅
Building tokenizer for slashdot090221 dataset...
Success! ✅
Padding and building stage tensors for slashdot090221 dataset...
Success! ✅
Data creation profiling (seconds):
  get_edge_list: 0.78s
  split_edges: 0.40s
  get_walks: 1551.71s
  get_tokenizer: 3.73s
  encode_walks: 55.27s
  pad_and_build_stage_tensors: 11.66s
Creating DataLoaders for slashdot090221 dataset...
Success! ✅
GPU available: True (cuda), used: True
TPU available: False, using: 0 TPU cores
HPU available: False, using: 0 HPUs
/home/eng/shilo_avital/yolo_lab/walk_to_paint/.venv/lib64/python3.9/site-packages/pytorch_lightning/callbacks/model_checkpoint.py:658: Checkpoint directory /home/eng/shilo_avital/yolo_lab/walk_to_paint/outputs/slashdot090221/slashdot090221-optuna_20251203-235202/checkpoints exists and is not empty.
LOCAL_RANK: 0 - CUDA_VISIBLE_DEVICES: [3]
Metric val_auc_epoch improved. New best score: 0.618
Metric val_auc_epoch improved by 0.043 >= min_delta = 0.0. New best score: 0.661
Metric val_auc_epoch improved by 0.012 >= min_delta = 0.0. New best score: 0.673
Metric val_auc_epoch improved by 0.000 >= min_delta = 0.0. New best score: 0.673
[rank: 0] Received SIGTERM: 15
