[I 2025-12-06 04:36:55,203] Trial 181 finished with value: 0.0 and parameters: {'dataset.max_walk_length': 85, 'dataset.num_walks': 1157345, 'training.lr': 0.0009217573544207471, 'training.weight_decay': 1.2838915289236967e-05, 'training.batch_size': 256, 'training.gradient_clip_val': 0.358480578222967, 'training.early_stopping_patience': 8, 'model.nhead': 2, 'model.embedding_dim': 64, 'model.hidden_dim': 8, 'model.nlayers': 5, 'model.dropout': 0.21850172323229114, 'training.epochs': 12}. Best is trial 87 with value: 0.777931809425354.
Seed set to 224

🔬 Trial 182 hyperparameters:
  Walk length: 83, Num walks: 787,904
  LR: 1.11e-03, Batch size: 256
  Model: emb_dim=64, hidden_dim=8
  Transformer: 5 layers, 2 heads
  Epochs: 11, Weighted loss: True
Loading wiki-rfa dataset...
Success! ✅
Splitting edges for wiki-rfa dataset...
Ratios: train=0.480, mask=0.320, val=0.100, test=0.100
Success! ✅
Sampling random walks from wiki-rfa dataset...
Success! ✅
Building tokenizer for wiki-rfa dataset...
Success! ✅
Padding and building stage tensors for wiki-rfa dataset...
Success! ✅
Data creation profiling (seconds):
  get_edge_list: 4.12s
  split_edges: 0.09s
  get_walks: 139.91s
  get_tokenizer: 1.69s
  encode_walks: 31.79s
  pad_and_build_stage_tensors: 4.09s
Creating DataLoaders for wiki-rfa dataset...
Success! ✅
GPU available: True (cuda), used: True
TPU available: False, using: 0 TPU cores
HPU available: False, using: 0 HPUs
/home/eng/shilo_avital/yolo_lab/walk_to_paint/.venv/lib64/python3.9/site-packages/pytorch_lightning/callbacks/model_checkpoint.py:658: Checkpoint directory /home/eng/shilo_avital/yolo_lab/walk_to_paint/outputs/wiki-rfa/wiki-rfa-optuna_20251203-235202/checkpoints exists and is not empty.
LOCAL_RANK: 0 - CUDA_VISIBLE_DEVICES: [1]
Metric val_auc_epoch improved. New best score: 0.664
Metric val_auc_epoch improved by 0.029 >= min_delta = 0.0. New best score: 0.692
Metric val_auc_epoch improved by 0.023 >= min_delta = 0.0. New best score: 0.715
Metric val_auc_epoch improved by 0.016 >= min_delta = 0.0. New best score: 0.731
Metric val_auc_epoch improved by 0.005 >= min_delta = 0.0. New best score: 0.736
Metric val_auc_epoch improved by 0.003 >= min_delta = 0.0. New best score: 0.739
`Trainer.fit` stopped: `max_epochs=11` reached.
Restoring states from the checkpoint path at /home/eng/shilo_avital/yolo_lab/walk_to_paint/outputs/wiki-rfa/wiki-rfa-optuna_20251203-235202/checkpoints/trial_182-epoch=06-val_auc_epoch=0.7391.ckpt
LOCAL_RANK: 0 - CUDA_VISIBLE_DEVICES: [1]
Loaded model weights from the checkpoint at /home/eng/shilo_avital/yolo_lab/walk_to_paint/outputs/wiki-rfa/wiki-rfa-optuna_20251203-235202/checkpoints/trial_182-epoch=06-val_auc_epoch=0.7391.ckpt
❌ Trial 182 failed: Trial was pruned at epoch 11.
[I 2025-12-06 04:52:33,028] Trial 182 finished with value: 0.0 and parameters: {'dataset.max_walk_length': 83, 'dataset.num_walks': 787904, 'training.lr': 0.0011074959166225554, 'training.weight_decay': 2.8436768140233495e-05, 'training.batch_size': 256, 'training.gradient_clip_val': 0.7055202546040036, 'training.early_stopping_patience': 8, 'model.nhead': 2, 'model.embedding_dim': 64, 'model.hidden_dim': 8, 'model.nlayers': 5, 'model.dropout': 0.233172904018938, 'training.epochs': 11}. Best is trial 87 with value: 0.777931809425354.
Seed set to 225

🔬 Trial 183 hyperparameters:
  Walk length: 87, Num walks: 746,043
  LR: 2.05e-03, Batch size: 256
  Model: emb_dim=64, hidden_dim=8
  Transformer: 4 layers, 2 heads
  Epochs: 13, Weighted loss: True
Loading wiki-rfa dataset...
Success! ✅
Splitting edges for wiki-rfa dataset...
Ratios: train=0.480, mask=0.320, val=0.100, test=0.100
Success! ✅
Sampling random walks from wiki-rfa dataset...
Success! ✅
Building tokenizer for wiki-rfa dataset...
Success! ✅
Padding and building stage tensors for wiki-rfa dataset...
Success! ✅
Data creation profiling (seconds):
  get_edge_list: 4.55s
  split_edges: 0.09s
  get_walks: 57.99s
  get_tokenizer: 1.63s
  encode_walks: 30.48s
  pad_and_build_stage_tensors: 3.86s
Creating DataLoaders for wiki-rfa dataset...
Success! ✅
GPU available: True (cuda), used: True
TPU available: False, using: 0 TPU cores
HPU available: False, using: 0 HPUs
/home/eng/shilo_avital/yolo_lab/walk_to_paint/.venv/lib64/python3.9/site-packages/pytorch_lightning/callbacks/model_checkpoint.py:658: Checkpoint directory /home/eng/shilo_avital/yolo_lab/walk_to_paint/outputs/wiki-rfa/wiki-rfa-optuna_20251203-235202/checkpoints exists and is not empty.
LOCAL_RANK: 0 - CUDA_VISIBLE_DEVICES: [1]
Metric val_auc_epoch improved. New best score: 0.668
Metric val_auc_epoch improved by 0.045 >= min_delta = 0.0. New best score: 0.713
Metric val_auc_epoch improved by 0.023 >= min_delta = 0.0. New best score: 0.736
Metric val_auc_epoch improved by 0.007 >= min_delta = 0.0. New best score: 0.743
Metric val_auc_epoch improved by 0.008 >= min_delta = 0.0. New best score: 0.751
`Trainer.fit` stopped: `max_epochs=13` reached.
Restoring states from the checkpoint path at /home/eng/shilo_avital/yolo_lab/walk_to_paint/outputs/wiki-rfa/wiki-rfa-optuna_20251203-235202/checkpoints/trial_183-epoch=05-val_auc_epoch=0.7511.ckpt
LOCAL_RANK: 0 - CUDA_VISIBLE_DEVICES: [1]
Loaded model weights from the checkpoint at /home/eng/shilo_avital/yolo_lab/walk_to_paint/outputs/wiki-rfa/wiki-rfa-optuna_20251203-235202/checkpoints/trial_183-epoch=05-val_auc_epoch=0.7511.ckpt
────────────────────────────────────────────────────────────────────────────────────────────────────────────────────────
     Validate metric           DataLoader 0
────────────────────────────────────────────────────────────────────────────────────────────────────────────────────────
          step                     13.0
      val_acc_epoch         0.5310385823249817
      val_auc_epoch         0.7511150240898132
      val_f1_epoch          0.5057708024978638
        val_loss             3.006760358810425
────────────────────────────────────────────────────────────────────────────────────────────────────────────────────────
✅ Trial 183 completed - Val AUC: 0.7511
[I 2025-12-06 05:07:03,828] Trial 183 finished with value: 0.7511150240898132 and parameters: {'dataset.max_walk_length': 87, 'dataset.num_walks': 746043, 'training.lr': 0.0020528526142362382, 'training.weight_decay': 2.093110363298273e-06, 'training.batch_size': 256, 'training.gradient_clip_val': 0.8064798149655035, 'training.early_stopping_patience': 12, 'model.nhead': 2, 'model.embedding_dim': 64, 'model.hidden_dim': 8, 'model.nlayers': 4, 'model.dropout': 0.2502800001183592, 'training.epochs': 13}. Best is trial 87 with value: 0.777931809425354.
Seed set to 226

🔬 Trial 184 hyperparameters:
  Walk length: 86, Num walks: 685,539
  LR: 2.16e-03, Batch size: 256
  Model: emb_dim=64, hidden_dim=8
  Transformer: 5 layers, 2 heads
  Epochs: 13, Weighted loss: True
Loading wiki-rfa dataset...
Success! ✅
Splitting edges for wiki-rfa dataset...
Ratios: train=0.480, mask=0.320, val=0.100, test=0.100
Success! ✅
Sampling random walks from wiki-rfa dataset...
Success! ✅
Building tokenizer for wiki-rfa dataset...
Success! ✅
Padding and building stage tensors for wiki-rfa dataset...
Success! ✅
Data creation profiling (seconds):
  get_edge_list: 4.78s
  split_edges: 0.10s
  get_walks: 53.95s
  get_tokenizer: 1.50s
  encode_walks: 27.88s
  pad_and_build_stage_tensors: 3.68s
Creating DataLoaders for wiki-rfa dataset...
Success! ✅
GPU available: True (cuda), used: True
TPU available: False, using: 0 TPU cores
HPU available: False, using: 0 HPUs
/home/eng/shilo_avital/yolo_lab/walk_to_paint/.venv/lib64/python3.9/site-packages/pytorch_lightning/callbacks/model_checkpoint.py:658: Checkpoint directory /home/eng/shilo_avital/yolo_lab/walk_to_paint/outputs/wiki-rfa/wiki-rfa-optuna_20251203-235202/checkpoints exists and is not empty.
LOCAL_RANK: 0 - CUDA_VISIBLE_DEVICES: [1]
Metric val_auc_epoch improved. New best score: 0.611
Metric val_auc_epoch improved by 0.057 >= min_delta = 0.0. New best score: 0.668
Metric val_auc_epoch improved by 0.011 >= min_delta = 0.0. New best score: 0.679
Metric val_auc_epoch improved by 0.018 >= min_delta = 0.0. New best score: 0.698
Metric val_auc_epoch improved by 0.021 >= min_delta = 0.0. New best score: 0.718
Metric val_auc_epoch improved by 0.006 >= min_delta = 0.0. New best score: 0.725
Metric val_auc_epoch improved by 0.005 >= min_delta = 0.0. New best score: 0.729
❌ Trial 184 failed: Trial was pruned at epoch 8.
[I 2025-12-06 05:17:33,278] Trial 184 finished with value: 0.0 and parameters: {'dataset.max_walk_length': 86, 'dataset.num_walks': 685539, 'training.lr': 0.002156709016001413, 'training.weight_decay': 2.2982087248724767e-06, 'training.batch_size': 256, 'training.gradient_clip_val': 0.8001264529881305, 'training.early_stopping_patience': 9, 'model.nhead': 2, 'model.embedding_dim': 64, 'model.hidden_dim': 8, 'model.nlayers': 5, 'model.dropout': 0.2520383777378257, 'training.epochs': 13}. Best is trial 87 with value: 0.777931809425354.
Seed set to 227

🔬 Trial 185 hyperparameters:
  Walk length: 90, Num walks: 726,581
  LR: 2.92e-03, Batch size: 256
  Model: emb_dim=64, hidden_dim=8
  Transformer: 1 layers, 2 heads
  Epochs: 13, Weighted loss: True
Loading wiki-rfa dataset...
Success! ✅
Splitting edges for wiki-rfa dataset...
Ratios: train=0.480, mask=0.320, val=0.100, test=0.100
Success! ✅
Sampling random walks from wiki-rfa dataset...
Success! ✅
Building tokenizer for wiki-rfa dataset...
Success! ✅
Padding and building stage tensors for wiki-rfa dataset...
Success! ✅
Data creation profiling (seconds):
  get_edge_list: 84.86s
  split_edges: 0.10s
  get_walks: 55.87s
  get_tokenizer: 1.59s
  encode_walks: 30.04s
  pad_and_build_stage_tensors: 3.74s
Creating DataLoaders for wiki-rfa dataset...
Success! ✅
GPU available: True (cuda), used: True
TPU available: False, using: 0 TPU cores
HPU available: False, using: 0 HPUs
/home/eng/shilo_avital/yolo_lab/walk_to_paint/.venv/lib64/python3.9/site-packages/pytorch_lightning/callbacks/model_checkpoint.py:658: Checkpoint directory /home/eng/shilo_avital/yolo_lab/walk_to_paint/outputs/wiki-rfa/wiki-rfa-optuna_20251203-235202/checkpoints exists and is not empty.
LOCAL_RANK: 0 - CUDA_VISIBLE_DEVICES: [1]
Metric val_auc_epoch improved. New best score: 0.670
Metric val_auc_epoch improved by 0.014 >= min_delta = 0.0. New best score: 0.684
Metric val_auc_epoch improved by 0.000 >= min_delta = 0.0. New best score: 0.685
Metric val_auc_epoch improved by 0.008 >= min_delta = 0.0. New best score: 0.692
❌ Trial 185 failed: Trial was pruned at epoch 5.
[I 2025-12-06 05:23:59,812] Trial 185 finished with value: 0.0 and parameters: {'dataset.max_walk_length': 90, 'dataset.num_walks': 726581, 'training.lr': 0.002919496170196833, 'training.weight_decay': 1.415473632021887e-06, 'training.batch_size': 256, 'training.gradient_clip_val': 0.8966267013282857, 'training.early_stopping_patience': 12, 'model.nhead': 2, 'model.embedding_dim': 64, 'model.hidden_dim': 8, 'model.nlayers': 1, 'model.dropout': 0.2869654697772211, 'training.epochs': 13}. Best is trial 87 with value: 0.777931809425354.
🧹 Cleaning up old checkpoints and logs (keeping top 10)...
  Removed old checkpoint: trial_175-epoch=02-val_auc_epoch=0.7223.ckpt
  Removed old checkpoint: trial_174-epoch=03-val_auc_epoch=0.7315.ckpt
  Removed old checkpoint: trial_173-epoch=05-val_auc_epoch=0.7112.ckpt
  Removed old checkpoint: trial_172-epoch=11-val_auc_epoch=0.7542.ckpt
  Removed old checkpoint: trial_171-epoch=03-val_auc_epoch=0.7551.ckpt
  Removed old log dir: trial_175
  Removed old log dir: trial_174
  Removed old log dir: trial_173
  Removed old log dir: trial_172
  Removed old log dir: trial_171
Seed set to 228

🔬 Trial 186 hyperparameters:
  Walk length: 87, Num walks: 629,482
  LR: 3.70e-03, Batch size: 256
  Model: emb_dim=64, hidden_dim=8
  Transformer: 5 layers, 2 heads
  Epochs: 14, Weighted loss: True
Loading wiki-rfa dataset...
Success! ✅
Splitting edges for wiki-rfa dataset...
Ratios: train=0.480, mask=0.320, val=0.100, test=0.100
Success! ✅
Sampling random walks from wiki-rfa dataset...
Success! ✅
Building tokenizer for wiki-rfa dataset...
Success! ✅
Padding and building stage tensors for wiki-rfa dataset...
Success! ✅
Data creation profiling (seconds):
  get_edge_list: 84.64s
  split_edges: 0.10s
  get_walks: 49.11s
  get_tokenizer: 1.51s
  encode_walks: 26.09s
  pad_and_build_stage_tensors: 3.35s
Creating DataLoaders for wiki-rfa dataset...
Success! ✅
GPU available: True (cuda), used: True
TPU available: False, using: 0 TPU cores
HPU available: False, using: 0 HPUs
/home/eng/shilo_avital/yolo_lab/walk_to_paint/.venv/lib64/python3.9/site-packages/pytorch_lightning/callbacks/model_checkpoint.py:658: Checkpoint directory /home/eng/shilo_avital/yolo_lab/walk_to_paint/outputs/wiki-rfa/wiki-rfa-optuna_20251203-235202/checkpoints exists and is not empty.
LOCAL_RANK: 0 - CUDA_VISIBLE_DEVICES: [1]
Metric val_auc_epoch improved. New best score: 0.504
❌ Trial 186 failed: Trial was pruned at epoch 5.
[I 2025-12-06 05:32:15,804] Trial 186 finished with value: 0.0 and parameters: {'dataset.max_walk_length': 87, 'dataset.num_walks': 629482, 'training.lr': 0.0037029265329632318, 'training.weight_decay': 3.4185187967774945e-06, 'training.batch_size': 256, 'training.gradient_clip_val': 0.8309686180612975, 'training.early_stopping_patience': 12, 'model.nhead': 2, 'model.embedding_dim': 64, 'model.hidden_dim': 8, 'model.nlayers': 5, 'model.dropout': 0.26960035095549345, 'training.epochs': 14}. Best is trial 87 with value: 0.777931809425354.
Seed set to 229

🔬 Trial 187 hyperparameters:
  Walk length: 92, Num walks: 859,987
  LR: 3.72e-04, Batch size: 256
  Model: emb_dim=64, hidden_dim=8
  Transformer: 5 layers, 2 heads
  Epochs: 10, Weighted loss: True
Loading wiki-rfa dataset...
Success! ✅
Splitting edges for wiki-rfa dataset...
Ratios: train=0.480, mask=0.320, val=0.100, test=0.100
Success! ✅
Sampling random walks from wiki-rfa dataset...
Success! ✅
Building tokenizer for wiki-rfa dataset...
Success! ✅
Padding and building stage tensors for wiki-rfa dataset...
Success! ✅
Data creation profiling (seconds):
  get_edge_list: 84.72s
  split_edges: 0.10s
  get_walks: 66.45s
  get_tokenizer: 1.83s
  encode_walks: 34.94s
  pad_and_build_stage_tensors: 4.56s
Creating DataLoaders for wiki-rfa dataset...
Success! ✅
GPU available: True (cuda), used: True
TPU available: False, using: 0 TPU cores
HPU available: False, using: 0 HPUs
/home/eng/shilo_avital/yolo_lab/walk_to_paint/.venv/lib64/python3.9/site-packages/pytorch_lightning/callbacks/model_checkpoint.py:658: Checkpoint directory /home/eng/shilo_avital/yolo_lab/walk_to_paint/outputs/wiki-rfa/wiki-rfa-optuna_20251203-235202/checkpoints exists and is not empty.
LOCAL_RANK: 0 - CUDA_VISIBLE_DEVICES: [1]
Metric val_auc_epoch improved. New best score: 0.597
Metric val_auc_epoch improved by 0.027 >= min_delta = 0.0. New best score: 0.624
Metric val_auc_epoch improved by 0.020 >= min_delta = 0.0. New best score: 0.644
Metric val_auc_epoch improved by 0.017 >= min_delta = 0.0. New best score: 0.661
Metric val_auc_epoch improved by 0.008 >= min_delta = 0.0. New best score: 0.669
❌ Trial 187 failed: Trial was pruned at epoch 5.
[I 2025-12-06 05:43:19,846] Trial 187 finished with value: 0.0 and parameters: {'dataset.max_walk_length': 92, 'dataset.num_walks': 859987, 'training.lr': 0.000371513069985595, 'training.weight_decay': 1.8596011831592156e-06, 'training.batch_size': 256, 'training.gradient_clip_val': 0.43009648623190055, 'training.early_stopping_patience': 11, 'model.nhead': 2, 'model.embedding_dim': 64, 'model.hidden_dim': 8, 'model.nlayers': 5, 'model.dropout': 0.168841048217009, 'training.epochs': 10}. Best is trial 87 with value: 0.777931809425354.
Seed set to 230

🔬 Trial 188 hyperparameters:
  Walk length: 89, Num walks: 762,193
  LR: 1.80e-03, Batch size: 256
  Model: emb_dim=64, hidden_dim=8
  Transformer: 4 layers, 2 heads
  Epochs: 12, Weighted loss: True
Loading wiki-rfa dataset...
Success! ✅
Splitting edges for wiki-rfa dataset...
Ratios: train=0.480, mask=0.320, val=0.100, test=0.100
Success! ✅
Sampling random walks from wiki-rfa dataset...
Success! ✅
Building tokenizer for wiki-rfa dataset...
Success! ✅
Padding and building stage tensors for wiki-rfa dataset...
Success! ✅
Data creation profiling (seconds):
  get_edge_list: 84.65s
  split_edges: 0.10s
  get_walks: 59.80s
  get_tokenizer: 1.66s
  encode_walks: 32.13s
  pad_and_build_stage_tensors: 3.93s
Creating DataLoaders for wiki-rfa dataset...
Success! ✅
GPU available: True (cuda), used: True
TPU available: False, using: 0 TPU cores
HPU available: False, using: 0 HPUs
/home/eng/shilo_avital/yolo_lab/walk_to_paint/.venv/lib64/python3.9/site-packages/pytorch_lightning/callbacks/model_checkpoint.py:658: Checkpoint directory /home/eng/shilo_avital/yolo_lab/walk_to_paint/outputs/wiki-rfa/wiki-rfa-optuna_20251203-235202/checkpoints exists and is not empty.
LOCAL_RANK: 0 - CUDA_VISIBLE_DEVICES: [1]
Metric val_auc_epoch improved. New best score: 0.694
Metric val_auc_epoch improved by 0.040 >= min_delta = 0.0. New best score: 0.734
Metric val_auc_epoch improved by 0.019 >= min_delta = 0.0. New best score: 0.753
Metric val_auc_epoch improved by 0.005 >= min_delta = 0.0. New best score: 0.758
`Trainer.fit` stopped: `max_epochs=12` reached.
Restoring states from the checkpoint path at /home/eng/shilo_avital/yolo_lab/walk_to_paint/outputs/wiki-rfa/wiki-rfa-optuna_20251203-235202/checkpoints/trial_188-epoch=03-val_auc_epoch=0.7580.ckpt
LOCAL_RANK: 0 - CUDA_VISIBLE_DEVICES: [1]
Loaded model weights from the checkpoint at /home/eng/shilo_avital/yolo_lab/walk_to_paint/outputs/wiki-rfa/wiki-rfa-optuna_20251203-235202/checkpoints/trial_188-epoch=03-val_auc_epoch=0.7580.ckpt
────────────────────────────────────────────────────────────────────────────────────────────────────────────────────────
     Validate metric           DataLoader 0
────────────────────────────────────────────────────────────────────────────────────────────────────────────────────────
          step                     12.0
      val_acc_epoch         0.5361385345458984
      val_auc_epoch         0.7580024600028992
      val_f1_epoch          0.5059636831283569
        val_loss             2.255662441253662
────────────────────────────────────────────────────────────────────────────────────────────────────────────────────────
✅ Trial 188 completed - Val AUC: 0.7580
[I 2025-12-06 05:58:42,430] Trial 188 finished with value: 0.7580024600028992 and parameters: {'dataset.max_walk_length': 89, 'dataset.num_walks': 762193, 'training.lr': 0.0017956906432947189, 'training.weight_decay': 4.3701167210205345e-06, 'training.batch_size': 256, 'training.gradient_clip_val': 0.9725784186914863, 'training.early_stopping_patience': 11, 'model.nhead': 2, 'model.embedding_dim': 64, 'model.hidden_dim': 8, 'model.nlayers': 4, 'model.dropout': 0.08025418933272349, 'training.epochs': 12}. Best is trial 87 with value: 0.777931809425354.
Seed set to 231

🔬 Trial 189 hyperparameters:
  Walk length: 20, Num walks: 767,597
  LR: 1.69e-03, Batch size: 256
  Model: emb_dim=64, hidden_dim=8
  Transformer: 4 layers, 2 heads
  Epochs: 12, Weighted loss: True
Loading wiki-rfa dataset...
Success! ✅
Splitting edges for wiki-rfa dataset...
Ratios: train=0.480, mask=0.320, val=0.100, test=0.100
Success! ✅
Sampling random walks from wiki-rfa dataset...
Success! ✅
Building tokenizer for wiki-rfa dataset...
Success! ✅
Padding and building stage tensors for wiki-rfa dataset...
Success! ✅
Data creation profiling (seconds):
  get_edge_list: 4.68s
  split_edges: 0.10s
  get_walks: 59.24s
  get_tokenizer: 1.54s
  encode_walks: 29.61s
  pad_and_build_stage_tensors: 3.68s
Creating DataLoaders for wiki-rfa dataset...
Success! ✅
GPU available: True (cuda), used: True
TPU available: False, using: 0 TPU cores
HPU available: False, using: 0 HPUs
/home/eng/shilo_avital/yolo_lab/walk_to_paint/.venv/lib64/python3.9/site-packages/pytorch_lightning/callbacks/model_checkpoint.py:658: Checkpoint directory /home/eng/shilo_avital/yolo_lab/walk_to_paint/outputs/wiki-rfa/wiki-rfa-optuna_20251203-235202/checkpoints exists and is not empty.
LOCAL_RANK: 0 - CUDA_VISIBLE_DEVICES: [1]
Metric val_auc_epoch improved. New best score: 0.678
Metric val_auc_epoch improved by 0.044 >= min_delta = 0.0. New best score: 0.722
Metric val_auc_epoch improved by 0.011 >= min_delta = 0.0. New best score: 0.733
Metric val_auc_epoch improved by 0.005 >= min_delta = 0.0. New best score: 0.738
Metric val_auc_epoch improved by 0.007 >= min_delta = 0.0. New best score: 0.745
Metric val_auc_epoch improved by 0.000 >= min_delta = 0.0. New best score: 0.745
`Trainer.fit` stopped: `max_epochs=12` reached.
Restoring states from the checkpoint path at /home/eng/shilo_avital/yolo_lab/walk_to_paint/outputs/wiki-rfa/wiki-rfa-optuna_20251203-235202/checkpoints/trial_189-epoch=07-val_auc_epoch=0.7453.ckpt
LOCAL_RANK: 0 - CUDA_VISIBLE_DEVICES: [1]
Loaded model weights from the checkpoint at /home/eng/shilo_avital/yolo_lab/walk_to_paint/outputs/wiki-rfa/wiki-rfa-optuna_20251203-235202/checkpoints/trial_189-epoch=07-val_auc_epoch=0.7453.ckpt
────────────────────────────────────────────────────────────────────────────────────────────────────────────────────────
     Validate metric           DataLoader 0
────────────────────────────────────────────────────────────────────────────────────────────────────────────────────────
          step                     12.0
      val_acc_epoch         0.49030110239982605
      val_auc_epoch         0.7453133463859558
      val_f1_epoch          0.4840950071811676
        val_loss            3.3364577293395996
────────────────────────────────────────────────────────────────────────────────────────────────────────────────────────
✅ Trial 189 completed - Val AUC: 0.7453
