[I 2025-12-06 00:33:52,809] Trial 165 finished with value: 0.0 and parameters: {'dataset.max_walk_length': 43, 'dataset.num_walks': 1066715, 'training.lr': 0.001570304300803639, 'training.weight_decay': 8.363678421743838e-06, 'training.batch_size': 256, 'training.gradient_clip_val': 0.5133367522583048, 'training.early_stopping_patience': 6, 'model.nhead': 2, 'model.embedding_dim': 32, 'model.hidden_dim': 4, 'model.nlayers': 5, 'model.dropout': 0.04768164929346474, 'training.epochs': 11}. Best is trial 87 with value: 0.777931809425354.
🧹 Cleaning up old checkpoints and logs (keeping top 10)...
  Removed old checkpoint: trial_155-epoch=03-val_auc_epoch=0.7288.ckpt
  Removed old checkpoint: trial_154-epoch=04-val_auc_epoch=0.7574.ckpt
  Removed old checkpoint: trial_153-epoch=03-val_auc_epoch=0.7024.ckpt
  Removed old checkpoint: trial_152-epoch=05-val_auc_epoch=0.7313.ckpt
  Removed old checkpoint: trial_151-epoch=01-val_auc_epoch=0.7532.ckpt
  Removed old log dir: trial_155
  Removed old log dir: trial_154
  Removed old log dir: trial_153
  Removed old log dir: trial_152
  Removed old log dir: trial_151
Seed set to 208

🔬 Trial 166 hyperparameters:
  Walk length: 23, Num walks: 717,114
  LR: 2.18e-03, Batch size: 256
  Model: emb_dim=128, hidden_dim=16
  Transformer: 5 layers, 2 heads
  Epochs: 13, Weighted loss: True
Loading wiki-rfa dataset...
Success! ✅
Splitting edges for wiki-rfa dataset...
Ratios: train=0.480, mask=0.320, val=0.100, test=0.100
Success! ✅
Sampling random walks from wiki-rfa dataset...
Success! ✅
Building tokenizer for wiki-rfa dataset...
Success! ✅
Padding and building stage tensors for wiki-rfa dataset...
Success! ✅
Data creation profiling (seconds):
  get_edge_list: 84.59s
  split_edges: 0.10s
  get_walks: 56.42s
  get_tokenizer: 1.47s
  encode_walks: 28.10s
  pad_and_build_stage_tensors: 3.66s
Creating DataLoaders for wiki-rfa dataset...
Success! ✅
GPU available: True (cuda), used: True
TPU available: False, using: 0 TPU cores
HPU available: False, using: 0 HPUs
/home/eng/shilo_avital/yolo_lab/walk_to_paint/.venv/lib64/python3.9/site-packages/pytorch_lightning/callbacks/model_checkpoint.py:658: Checkpoint directory /home/eng/shilo_avital/yolo_lab/walk_to_paint/outputs/wiki-rfa/wiki-rfa-optuna_20251203-235202/checkpoints exists and is not empty.
LOCAL_RANK: 0 - CUDA_VISIBLE_DEVICES: [1]
Metric val_auc_epoch improved. New best score: 0.502
❌ Trial 166 failed: Trial was pruned at epoch 5.
[I 2025-12-06 00:41:25,273] Trial 166 finished with value: 0.0 and parameters: {'dataset.max_walk_length': 23, 'dataset.num_walks': 717114, 'training.lr': 0.0021804025997117678, 'training.weight_decay': 3.3063762319575043e-06, 'training.batch_size': 256, 'training.gradient_clip_val': 0.28060092617248206, 'training.early_stopping_patience': 5, 'model.nhead': 2, 'model.embedding_dim': 128, 'model.hidden_dim': 16, 'model.nlayers': 5, 'model.dropout': 0.2101112309486296, 'training.epochs': 13}. Best is trial 87 with value: 0.777931809425354.
Seed set to 209

🔬 Trial 167 hyperparameters:
  Walk length: 52, Num walks: 542,381
  LR: 1.03e-03, Batch size: 128
  Model: emb_dim=32, hidden_dim=64
  Transformer: 4 layers, 1 heads
  Epochs: 9, Weighted loss: True
Loading wiki-rfa dataset...
Success! ✅
Splitting edges for wiki-rfa dataset...
Ratios: train=0.480, mask=0.320, val=0.100, test=0.100
Success! ✅
Sampling random walks from wiki-rfa dataset...
Success! ✅
Building tokenizer for wiki-rfa dataset...
Success! ✅
Padding and building stage tensors for wiki-rfa dataset...
Success! ✅
Data creation profiling (seconds):
  get_edge_list: 84.92s
  split_edges: 0.10s
  get_walks: 41.66s
  get_tokenizer: 1.34s
  encode_walks: 22.45s
  pad_and_build_stage_tensors: 2.86s
Creating DataLoaders for wiki-rfa dataset...
Success! ✅
/home/eng/shilo_avital/yolo_lab/walk_to_paint/.venv/lib64/python3.9/site-packages/torch/nn/modules/transformer.py:382: UserWarning: enable_nested_tensor is True, but self.use_nested_tensor is False because encoder_layer.self_attn.num_heads is odd
  warnings.warn(
GPU available: True (cuda), used: True
TPU available: False, using: 0 TPU cores
HPU available: False, using: 0 HPUs
/home/eng/shilo_avital/yolo_lab/walk_to_paint/.venv/lib64/python3.9/site-packages/pytorch_lightning/callbacks/model_checkpoint.py:658: Checkpoint directory /home/eng/shilo_avital/yolo_lab/walk_to_paint/outputs/wiki-rfa/wiki-rfa-optuna_20251203-235202/checkpoints exists and is not empty.
LOCAL_RANK: 0 - CUDA_VISIBLE_DEVICES: [1]
Metric val_auc_epoch improved. New best score: 0.573
Metric val_auc_epoch improved by 0.056 >= min_delta = 0.0. New best score: 0.629
Metric val_auc_epoch improved by 0.032 >= min_delta = 0.0. New best score: 0.660
Metric val_auc_epoch improved by 0.013 >= min_delta = 0.0. New best score: 0.674
Metric val_auc_epoch improved by 0.010 >= min_delta = 0.0. New best score: 0.684
❌ Trial 167 failed: Trial was pruned at epoch 5.
[I 2025-12-06 00:50:26,520] Trial 167 finished with value: 0.0 and parameters: {'dataset.max_walk_length': 52, 'dataset.num_walks': 542381, 'training.lr': 0.001034797768572281, 'training.weight_decay': 1.6481936673756624e-05, 'training.batch_size': 128, 'training.gradient_clip_val': 0.20157194232428693, 'training.early_stopping_patience': 6, 'model.nhead': 1, 'model.embedding_dim': 32, 'model.hidden_dim': 64, 'model.nlayers': 4, 'model.dropout': 0.1798984173607655, 'training.epochs': 9}. Best is trial 87 with value: 0.777931809425354.
Seed set to 210

🔬 Trial 168 hyperparameters:
  Walk length: 93, Num walks: 672,517
  LR: 4.75e-03, Batch size: 256
  Model: emb_dim=32, hidden_dim=4
  Transformer: 5 layers, 4 heads
  Epochs: 14, Weighted loss: True
Loading wiki-rfa dataset...
Success! ✅
Splitting edges for wiki-rfa dataset...
Ratios: train=0.480, mask=0.320, val=0.100, test=0.100
Success! ✅
Sampling random walks from wiki-rfa dataset...
Success! ✅
Building tokenizer for wiki-rfa dataset...
Success! ✅
Padding and building stage tensors for wiki-rfa dataset...
Success! ✅
Data creation profiling (seconds):
  get_edge_list: 84.61s
  split_edges: 0.10s
  get_walks: 52.11s
  get_tokenizer: 1.51s
  encode_walks: 28.31s
  pad_and_build_stage_tensors: 3.59s
Creating DataLoaders for wiki-rfa dataset...
Success! ✅
GPU available: True (cuda), used: True
TPU available: False, using: 0 TPU cores
HPU available: False, using: 0 HPUs
/home/eng/shilo_avital/yolo_lab/walk_to_paint/.venv/lib64/python3.9/site-packages/pytorch_lightning/callbacks/model_checkpoint.py:658: Checkpoint directory /home/eng/shilo_avital/yolo_lab/walk_to_paint/outputs/wiki-rfa/wiki-rfa-optuna_20251203-235202/checkpoints exists and is not empty.
LOCAL_RANK: 0 - CUDA_VISIBLE_DEVICES: [1]
Metric val_auc_epoch improved. New best score: 0.642
Metric val_auc_epoch improved by 0.070 >= min_delta = 0.0. New best score: 0.712
Metric val_auc_epoch improved by 0.010 >= min_delta = 0.0. New best score: 0.722
Metric val_auc_epoch improved by 0.002 >= min_delta = 0.0. New best score: 0.724
Metric val_auc_epoch improved by 0.003 >= min_delta = 0.0. New best score: 0.727
❌ Trial 168 failed: Trial was pruned at epoch 8.
[I 2025-12-06 01:03:40,858] Trial 168 finished with value: 0.0 and parameters: {'dataset.max_walk_length': 93, 'dataset.num_walks': 672517, 'training.lr': 0.0047465762447056565, 'training.weight_decay': 4.024154701055132e-05, 'training.batch_size': 256, 'training.gradient_clip_val': 0.3243229582481328, 'training.early_stopping_patience': 7, 'model.nhead': 4, 'model.embedding_dim': 32, 'model.hidden_dim': 4, 'model.nlayers': 5, 'model.dropout': 0.10829417911947024, 'training.epochs': 14}. Best is trial 87 with value: 0.777931809425354.
Seed set to 211

🔬 Trial 169 hyperparameters:
  Walk length: 90, Num walks: 890,198
  LR: 1.27e-03, Batch size: 256
  Model: emb_dim=64, hidden_dim=8
  Transformer: 5 layers, 2 heads
  Epochs: 12, Weighted loss: True
Loading wiki-rfa dataset...
Success! ✅
Splitting edges for wiki-rfa dataset...
Ratios: train=0.480, mask=0.320, val=0.100, test=0.100
Success! ✅
Sampling random walks from wiki-rfa dataset...
Success! ✅
Building tokenizer for wiki-rfa dataset...
Success! ✅
Padding and building stage tensors for wiki-rfa dataset...
Success! ✅
Data creation profiling (seconds):
  get_edge_list: 84.57s
  split_edges: 0.10s
  get_walks: 69.13s
  get_tokenizer: 1.90s
  encode_walks: 37.18s
  pad_and_build_stage_tensors: 4.66s
Creating DataLoaders for wiki-rfa dataset...
Success! ✅
GPU available: True (cuda), used: True
TPU available: False, using: 0 TPU cores
HPU available: False, using: 0 HPUs
/home/eng/shilo_avital/yolo_lab/walk_to_paint/.venv/lib64/python3.9/site-packages/pytorch_lightning/callbacks/model_checkpoint.py:658: Checkpoint directory /home/eng/shilo_avital/yolo_lab/walk_to_paint/outputs/wiki-rfa/wiki-rfa-optuna_20251203-235202/checkpoints exists and is not empty.
LOCAL_RANK: 0 - CUDA_VISIBLE_DEVICES: [1]
Metric val_auc_epoch improved. New best score: 0.668
Metric val_auc_epoch improved by 0.056 >= min_delta = 0.0. New best score: 0.724
Metric val_auc_epoch improved by 0.025 >= min_delta = 0.0. New best score: 0.749
Metric val_auc_epoch improved by 0.008 >= min_delta = 0.0. New best score: 0.757
Metric val_auc_epoch improved by 0.007 >= min_delta = 0.0. New best score: 0.764
`Trainer.fit` stopped: `max_epochs=12` reached.
Restoring states from the checkpoint path at /home/eng/shilo_avital/yolo_lab/walk_to_paint/outputs/wiki-rfa/wiki-rfa-optuna_20251203-235202/checkpoints/trial_169-epoch=04-val_auc_epoch=0.7642.ckpt
LOCAL_RANK: 0 - CUDA_VISIBLE_DEVICES: [1]
Loaded model weights from the checkpoint at /home/eng/shilo_avital/yolo_lab/walk_to_paint/outputs/wiki-rfa/wiki-rfa-optuna_20251203-235202/checkpoints/trial_169-epoch=04-val_auc_epoch=0.7642.ckpt
────────────────────────────────────────────────────────────────────────────────────────────────────────────────────────
     Validate metric           DataLoader 0
────────────────────────────────────────────────────────────────────────────────────────────────────────────────────────
          step                     12.0
      val_acc_epoch          0.529406726360321
      val_auc_epoch         0.7642383575439453
      val_f1_epoch          0.4904763698577881
        val_loss             2.127570390701294
────────────────────────────────────────────────────────────────────────────────────────────────────────────────────────
✅ Trial 169 completed - Val AUC: 0.7642
[I 2025-12-06 01:23:14,862] Trial 169 finished with value: 0.7642383575439453 and parameters: {'dataset.max_walk_length': 90, 'dataset.num_walks': 890198, 'training.lr': 0.0012739813913108873, 'training.weight_decay': 4.461997159097998e-06, 'training.batch_size': 256, 'training.gradient_clip_val': 0.46660916978147904, 'training.early_stopping_patience': 9, 'model.nhead': 2, 'model.embedding_dim': 64, 'model.hidden_dim': 8, 'model.nlayers': 5, 'model.dropout': 0.24138613278503013, 'training.epochs': 12}. Best is trial 87 with value: 0.777931809425354.
Seed set to 212

🔬 Trial 170 hyperparameters:
  Walk length: 95, Num walks: 923,110
  LR: 1.31e-03, Batch size: 512
  Model: emb_dim=64, hidden_dim=64
  Transformer: 5 layers, 2 heads
  Epochs: 22, Weighted loss: True
Loading wiki-rfa dataset...
Success! ✅
Splitting edges for wiki-rfa dataset...
Ratios: train=0.480, mask=0.320, val=0.100, test=0.100
Success! ✅
Sampling random walks from wiki-rfa dataset...
Success! ✅
Building tokenizer for wiki-rfa dataset...
Success! ✅
Padding and building stage tensors for wiki-rfa dataset...
Success! ✅
Data creation profiling (seconds):
  get_edge_list: 4.86s
  split_edges: 0.09s
  get_walks: 71.86s
  get_tokenizer: 2.03s
  encode_walks: 37.84s
  pad_and_build_stage_tensors: 4.80s
Creating DataLoaders for wiki-rfa dataset...
Success! ✅
GPU available: True (cuda), used: True
TPU available: False, using: 0 TPU cores
HPU available: False, using: 0 HPUs
/home/eng/shilo_avital/yolo_lab/walk_to_paint/.venv/lib64/python3.9/site-packages/pytorch_lightning/callbacks/model_checkpoint.py:658: Checkpoint directory /home/eng/shilo_avital/yolo_lab/walk_to_paint/outputs/wiki-rfa/wiki-rfa-optuna_20251203-235202/checkpoints exists and is not empty.
LOCAL_RANK: 0 - CUDA_VISIBLE_DEVICES: [1]
Metric val_auc_epoch improved. New best score: 0.639
Metric val_auc_epoch improved by 0.041 >= min_delta = 0.0. New best score: 0.680
Metric val_auc_epoch improved by 0.036 >= min_delta = 0.0. New best score: 0.716
Metric val_auc_epoch improved by 0.005 >= min_delta = 0.0. New best score: 0.722
Metric val_auc_epoch improved by 0.005 >= min_delta = 0.0. New best score: 0.726
❌ Trial 170 failed: Trial was pruned at epoch 7.
[I 2025-12-06 01:36:59,453] Trial 170 finished with value: 0.0 and parameters: {'dataset.max_walk_length': 95, 'dataset.num_walks': 923110, 'training.lr': 0.0013053226665436185, 'training.weight_decay': 4.4088869861368274e-06, 'training.batch_size': 512, 'training.gradient_clip_val': 0.47864639873639087, 'training.early_stopping_patience': 10, 'model.nhead': 2, 'model.embedding_dim': 64, 'model.hidden_dim': 64, 'model.nlayers': 5, 'model.dropout': 0.24454511570217644, 'training.epochs': 22}. Best is trial 87 with value: 0.777931809425354.
🧹 Cleaning up old checkpoints and logs (keeping top 10)...
  Removed old checkpoint: trial_160-epoch=04-val_auc_epoch=0.5030.ckpt
  Removed old checkpoint: trial_159-epoch=04-val_auc_epoch=0.6514.ckpt
  Removed old checkpoint: trial_158-epoch=04-val_auc_epoch=0.5635.ckpt
  Removed old checkpoint: trial_157-epoch=00-val_auc_epoch=0.5000.ckpt
  Removed old checkpoint: trial_156-epoch=04-val_auc_epoch=0.5046.ckpt
  Removed old log dir: trial_160
  Removed old log dir: trial_159
  Removed old log dir: trial_158
  Removed old log dir: trial_157
  Removed old log dir: trial_156
Seed set to 213

🔬 Trial 171 hyperparameters:
  Walk length: 90, Num walks: 833,563
  LR: 1.86e-03, Batch size: 256
  Model: emb_dim=64, hidden_dim=8
  Transformer: 5 layers, 2 heads
  Epochs: 12, Weighted loss: True
Loading wiki-rfa dataset...
Success! ✅
Splitting edges for wiki-rfa dataset...
Ratios: train=0.480, mask=0.320, val=0.100, test=0.100
Success! ✅
Sampling random walks from wiki-rfa dataset...
Success! ✅
Building tokenizer for wiki-rfa dataset...
Success! ✅
Padding and building stage tensors for wiki-rfa dataset...
Success! ✅
Data creation profiling (seconds):
  get_edge_list: 84.62s
  split_edges: 0.10s
  get_walks: 64.91s
  get_tokenizer: 1.88s
  encode_walks: 34.09s
  pad_and_build_stage_tensors: 4.40s
Creating DataLoaders for wiki-rfa dataset...
Success! ✅
GPU available: True (cuda), used: True
TPU available: False, using: 0 TPU cores
HPU available: False, using: 0 HPUs
/home/eng/shilo_avital/yolo_lab/walk_to_paint/.venv/lib64/python3.9/site-packages/pytorch_lightning/callbacks/model_checkpoint.py:658: Checkpoint directory /home/eng/shilo_avital/yolo_lab/walk_to_paint/outputs/wiki-rfa/wiki-rfa-optuna_20251203-235202/checkpoints exists and is not empty.
LOCAL_RANK: 0 - CUDA_VISIBLE_DEVICES: [1]
Metric val_auc_epoch improved. New best score: 0.689
Metric val_auc_epoch improved by 0.025 >= min_delta = 0.0. New best score: 0.713
Metric val_auc_epoch improved by 0.036 >= min_delta = 0.0. New best score: 0.749
Metric val_auc_epoch improved by 0.006 >= min_delta = 0.0. New best score: 0.755
Monitored metric val_auc_epoch did not improve in the last 8 records. Best score: 0.755. Signaling Trainer to stop.
`Trainer.fit` stopped: `max_epochs=12` reached.
Restoring states from the checkpoint path at /home/eng/shilo_avital/yolo_lab/walk_to_paint/outputs/wiki-rfa/wiki-rfa-optuna_20251203-235202/checkpoints/trial_171-epoch=03-val_auc_epoch=0.7551.ckpt
LOCAL_RANK: 0 - CUDA_VISIBLE_DEVICES: [1]
Loaded model weights from the checkpoint at /home/eng/shilo_avital/yolo_lab/walk_to_paint/outputs/wiki-rfa/wiki-rfa-optuna_20251203-235202/checkpoints/trial_171-epoch=03-val_auc_epoch=0.7551.ckpt
────────────────────────────────────────────────────────────────────────────────────────────────────────────────────────
     Validate metric           DataLoader 0
────────────────────────────────────────────────────────────────────────────────────────────────────────────────────────
          step                     12.0
      val_acc_epoch         0.5276670455932617
      val_auc_epoch         0.7551495432853699
      val_f1_epoch          0.49070441722869873
        val_loss            1.9322338104248047
────────────────────────────────────────────────────────────────────────────────────────────────────────────────────────
✅ Trial 171 completed - Val AUC: 0.7551
[I 2025-12-06 01:55:26,495] Trial 171 finished with value: 0.7551495432853699 and parameters: {'dataset.max_walk_length': 90, 'dataset.num_walks': 833563, 'training.lr': 0.0018584308743405855, 'training.weight_decay': 2.6872514734446242e-06, 'training.batch_size': 256, 'training.gradient_clip_val': 0.43500500434969, 'training.early_stopping_patience': 8, 'model.nhead': 2, 'model.embedding_dim': 64, 'model.hidden_dim': 8, 'model.nlayers': 5, 'model.dropout': 0.22617380684536312, 'training.epochs': 12}. Best is trial 87 with value: 0.777931809425354.
Seed set to 214

🔬 Trial 172 hyperparameters:
  Walk length: 90, Num walks: 840,327
  LR: 1.70e-03, Batch size: 256
  Model: emb_dim=64, hidden_dim=8
  Transformer: 5 layers, 2 heads
  Epochs: 12, Weighted loss: True
Loading wiki-rfa dataset...
Success! ✅
Splitting edges for wiki-rfa dataset...
Ratios: train=0.480, mask=0.320, val=0.100, test=0.100
Success! ✅
Sampling random walks from wiki-rfa dataset...
Success! ✅
Building tokenizer for wiki-rfa dataset...
Success! ✅
Padding and building stage tensors for wiki-rfa dataset...
Success! ✅
Data creation profiling (seconds):
  get_edge_list: 4.53s
  split_edges: 0.10s
  get_walks: 64.53s
  get_tokenizer: 1.79s
  encode_walks: 34.82s
  pad_and_build_stage_tensors: 4.31s
Creating DataLoaders for wiki-rfa dataset...
Success! ✅
GPU available: True (cuda), used: True
TPU available: False, using: 0 TPU cores
HPU available: False, using: 0 HPUs
/home/eng/shilo_avital/yolo_lab/walk_to_paint/.venv/lib64/python3.9/site-packages/pytorch_lightning/callbacks/model_checkpoint.py:658: Checkpoint directory /home/eng/shilo_avital/yolo_lab/walk_to_paint/outputs/wiki-rfa/wiki-rfa-optuna_20251203-235202/checkpoints exists and is not empty.
LOCAL_RANK: 0 - CUDA_VISIBLE_DEVICES: [1]
Metric val_auc_epoch improved. New best score: 0.679
Metric val_auc_epoch improved by 0.050 >= min_delta = 0.0. New best score: 0.729
Metric val_auc_epoch improved by 0.015 >= min_delta = 0.0. New best score: 0.744
Metric val_auc_epoch improved by 0.004 >= min_delta = 0.0. New best score: 0.748
Metric val_auc_epoch improved by 0.002 >= min_delta = 0.0. New best score: 0.750
Metric val_auc_epoch improved by 0.003 >= min_delta = 0.0. New best score: 0.753
Metric val_auc_epoch improved by 0.000 >= min_delta = 0.0. New best score: 0.753
Metric val_auc_epoch improved by 0.000 >= min_delta = 0.0. New best score: 0.754
Metric val_auc_epoch improved by 0.000 >= min_delta = 0.0. New best score: 0.754
Metric val_auc_epoch improved by 0.000 >= min_delta = 0.0. New best score: 0.754
`Trainer.fit` stopped: `max_epochs=12` reached.
Restoring states from the checkpoint path at /home/eng/shilo_avital/yolo_lab/walk_to_paint/outputs/wiki-rfa/wiki-rfa-optuna_20251203-235202/checkpoints/trial_172-epoch=11-val_auc_epoch=0.7542.ckpt
LOCAL_RANK: 0 - CUDA_VISIBLE_DEVICES: [1]
Loaded model weights from the checkpoint at /home/eng/shilo_avital/yolo_lab/walk_to_paint/outputs/wiki-rfa/wiki-rfa-optuna_20251203-235202/checkpoints/trial_172-epoch=11-val_auc_epoch=0.7542.ckpt
────────────────────────────────────────────────────────────────────────────────────────────────────────────────────────
     Validate metric           DataLoader 0
────────────────────────────────────────────────────────────────────────────────────────────────────────────────────────
          step                     12.0
      val_acc_epoch         0.5262864828109741
      val_auc_epoch         0.7542257308959961
      val_f1_epoch          0.5105298757553101
        val_loss            3.9630305767059326
────────────────────────────────────────────────────────────────────────────────────────────────────────────────────────
✅ Trial 172 completed - Val AUC: 0.7542
