[I 2025-12-05 08:11:28,305] Trial 84 finished with value: 0.0 and parameters: {'dataset.max_walk_length': 91, 'dataset.num_walks': 516837, 'training.lr': 0.002036429260065248, 'training.weight_decay': 0.000145179871316981, 'training.batch_size': 256, 'training.gradient_clip_val': 0.4186813679773771, 'training.early_stopping_patience': 7, 'model.nhead': 2, 'model.embedding_dim': 32, 'model.hidden_dim': 4, 'model.nlayers': 5, 'model.dropout': 0.2666548578106028, 'training.epochs': 10}. Best is trial 35 with value: 0.771872878074646.
Seed set to 127

🔬 Trial 85 hyperparameters:
  Walk length: 85, Num walks: 734,642
  LR: 2.31e-03, Batch size: 256
  Model: emb_dim=32, hidden_dim=32
  Transformer: 4 layers, 2 heads
  Epochs: 13, Weighted loss: True
Loading wiki-rfa dataset...
Success! ✅
Splitting edges for wiki-rfa dataset...
Ratios: train=0.480, mask=0.320, val=0.100, test=0.100
Success! ✅
Sampling random walks from wiki-rfa dataset...
Success! ✅
Building tokenizer for wiki-rfa dataset...
Success! ✅
Padding and building stage tensors for wiki-rfa dataset...
Success! ✅
Data creation profiling (seconds):
  get_edge_list: 84.65s
  split_edges: 0.09s
  get_walks: 57.14s
  get_tokenizer: 1.55s
  encode_walks: 30.41s
  pad_and_build_stage_tensors: 3.81s
Creating DataLoaders for wiki-rfa dataset...
Success! ✅
GPU available: True (cuda), used: True
TPU available: False, using: 0 TPU cores
HPU available: False, using: 0 HPUs
/home/eng/shilo_avital/yolo_lab/walk_to_paint/.venv/lib64/python3.9/site-packages/pytorch_lightning/callbacks/model_checkpoint.py:658: Checkpoint directory /home/eng/shilo_avital/yolo_lab/walk_to_paint/outputs/wiki-rfa/wiki-rfa-optuna_20251203-235202/checkpoints exists and is not empty.
LOCAL_RANK: 0 - CUDA_VISIBLE_DEVICES: [1]
Metric val_auc_epoch improved. New best score: 0.670
Metric val_auc_epoch improved by 0.055 >= min_delta = 0.0. New best score: 0.725
Metric val_auc_epoch improved by 0.012 >= min_delta = 0.0. New best score: 0.737
Metric val_auc_epoch improved by 0.004 >= min_delta = 0.0. New best score: 0.741
Metric val_auc_epoch improved by 0.004 >= min_delta = 0.0. New best score: 0.744
Monitored metric val_auc_epoch did not improve in the last 6 records. Best score: 0.744. Signaling Trainer to stop.
Restoring states from the checkpoint path at /home/eng/shilo_avital/yolo_lab/walk_to_paint/outputs/wiki-rfa/wiki-rfa-optuna_20251203-235202/checkpoints/trial_85-epoch=04-val_auc_epoch=0.7444.ckpt
LOCAL_RANK: 0 - CUDA_VISIBLE_DEVICES: [1]
Loaded model weights from the checkpoint at /home/eng/shilo_avital/yolo_lab/walk_to_paint/outputs/wiki-rfa/wiki-rfa-optuna_20251203-235202/checkpoints/trial_85-epoch=04-val_auc_epoch=0.7444.ckpt
────────────────────────────────────────────────────────────────────────────────────────────────────────────────────────
     Validate metric           DataLoader 0
────────────────────────────────────────────────────────────────────────────────────────────────────────────────────────
          step                     11.0
      val_acc_epoch         0.5618021488189697
      val_auc_epoch         0.7444449663162231
      val_f1_epoch          0.5291160941123962
        val_loss            2.4454166889190674
────────────────────────────────────────────────────────────────────────────────────────────────────────────────────────
✅ Trial 85 completed - Val AUC: 0.7444
[I 2025-12-05 08:24:06,261] Trial 85 finished with value: 0.7444449663162231 and parameters: {'dataset.max_walk_length': 85, 'dataset.num_walks': 734642, 'training.lr': 0.0023089131596955594, 'training.weight_decay': 1.3754580618921226e-05, 'training.batch_size': 256, 'training.gradient_clip_val': 0.3792526285086653, 'training.early_stopping_patience': 6, 'model.nhead': 2, 'model.embedding_dim': 32, 'model.hidden_dim': 32, 'model.nlayers': 4, 'model.dropout': 0.16763024206866584, 'training.epochs': 13}. Best is trial 35 with value: 0.771872878074646.
🧹 Cleaning up old checkpoints and logs (keeping top 10)...
  Removed old checkpoint: trial_75-epoch=05-val_auc_epoch=0.6880.ckpt
  Removed old checkpoint: trial_74-epoch=07-val_auc_epoch=0.7376.ckpt
  Removed old checkpoint: trial_73-epoch=07-val_auc_epoch=0.7367.ckpt
  Removed old checkpoint: trial_72-epoch=05-val_auc_epoch=0.7132.ckpt
  Removed old checkpoint: trial_71-epoch=03-val_auc_epoch=0.6849.ckpt
  Removed old log dir: trial_75
  Removed old log dir: trial_74
  Removed old log dir: trial_73
  Removed old log dir: trial_72
  Removed old log dir: trial_71
Seed set to 128

🔬 Trial 86 hyperparameters:
  Walk length: 77, Num walks: 482,462
  LR: 3.19e-03, Batch size: 512
  Model: emb_dim=128, hidden_dim=4
  Transformer: 6 layers, 4 heads
  Epochs: 11, Weighted loss: True
Loading wiki-rfa dataset...
Success! ✅
Splitting edges for wiki-rfa dataset...
Ratios: train=0.480, mask=0.320, val=0.100, test=0.100
Success! ✅
Sampling random walks from wiki-rfa dataset...
Success! ✅
Building tokenizer for wiki-rfa dataset...
Success! ✅
Padding and building stage tensors for wiki-rfa dataset...
Success! ✅
Data creation profiling (seconds):
  get_edge_list: 4.80s
  split_edges: 0.10s
  get_walks: 35.94s
  get_tokenizer: 1.12s
  encode_walks: 19.80s
  pad_and_build_stage_tensors: 2.52s
Creating DataLoaders for wiki-rfa dataset...
Success! ✅
GPU available: True (cuda), used: True
TPU available: False, using: 0 TPU cores
HPU available: False, using: 0 HPUs
/home/eng/shilo_avital/yolo_lab/walk_to_paint/.venv/lib64/python3.9/site-packages/pytorch_lightning/callbacks/model_checkpoint.py:658: Checkpoint directory /home/eng/shilo_avital/yolo_lab/walk_to_paint/outputs/wiki-rfa/wiki-rfa-optuna_20251203-235202/checkpoints exists and is not empty.
LOCAL_RANK: 0 - CUDA_VISIBLE_DEVICES: [1]
Metric val_auc_epoch improved. New best score: 0.511
❌ Trial 86 failed: Trial was pruned at epoch 5.
[I 2025-12-05 08:33:17,319] Trial 86 finished with value: 0.0 and parameters: {'dataset.max_walk_length': 77, 'dataset.num_walks': 482462, 'training.lr': 0.0031928695710202624, 'training.weight_decay': 3.385851305391788e-06, 'training.batch_size': 512, 'training.gradient_clip_val': 0.23254880210650827, 'training.early_stopping_patience': 11, 'model.nhead': 4, 'model.embedding_dim': 128, 'model.hidden_dim': 4, 'model.nlayers': 6, 'model.dropout': 0.20521081381378015, 'training.epochs': 11}. Best is trial 35 with value: 0.771872878074646.
Seed set to 129

🔬 Trial 87 hyperparameters:
  Walk length: 82, Num walks: 434,857
  LR: 1.61e-03, Batch size: 256
  Model: emb_dim=64, hidden_dim=64
  Transformer: 5 layers, 2 heads
  Epochs: 20, Weighted loss: True
Loading wiki-rfa dataset...
Success! ✅
Splitting edges for wiki-rfa dataset...
Ratios: train=0.480, mask=0.320, val=0.100, test=0.100
Success! ✅
Sampling random walks from wiki-rfa dataset...
Success! ✅
Building tokenizer for wiki-rfa dataset...
Success! ✅
Padding and building stage tensors for wiki-rfa dataset...
Success! ✅
Data creation profiling (seconds):
  get_edge_list: 84.84s
  split_edges: 0.10s
  get_walks: 33.08s
  get_tokenizer: 1.06s
  encode_walks: 17.82s
  pad_and_build_stage_tensors: 2.32s
Creating DataLoaders for wiki-rfa dataset...
Success! ✅
GPU available: True (cuda), used: True
TPU available: False, using: 0 TPU cores
HPU available: False, using: 0 HPUs
/home/eng/shilo_avital/yolo_lab/walk_to_paint/.venv/lib64/python3.9/site-packages/pytorch_lightning/callbacks/model_checkpoint.py:658: Checkpoint directory /home/eng/shilo_avital/yolo_lab/walk_to_paint/outputs/wiki-rfa/wiki-rfa-optuna_20251203-235202/checkpoints exists and is not empty.
LOCAL_RANK: 0 - CUDA_VISIBLE_DEVICES: [1]
Metric val_auc_epoch improved. New best score: 0.668
Metric val_auc_epoch improved by 0.044 >= min_delta = 0.0. New best score: 0.712
Metric val_auc_epoch improved by 0.023 >= min_delta = 0.0. New best score: 0.735
Metric val_auc_epoch improved by 0.015 >= min_delta = 0.0. New best score: 0.750
Metric val_auc_epoch improved by 0.012 >= min_delta = 0.0. New best score: 0.762
Metric val_auc_epoch improved by 0.002 >= min_delta = 0.0. New best score: 0.765
Metric val_auc_epoch improved by 0.004 >= min_delta = 0.0. New best score: 0.769
Metric val_auc_epoch improved by 0.004 >= min_delta = 0.0. New best score: 0.773
Metric val_auc_epoch improved by 0.005 >= min_delta = 0.0. New best score: 0.778
Monitored metric val_auc_epoch did not improve in the last 5 records. Best score: 0.778. Signaling Trainer to stop.
Restoring states from the checkpoint path at /home/eng/shilo_avital/yolo_lab/walk_to_paint/outputs/wiki-rfa/wiki-rfa-optuna_20251203-235202/checkpoints/trial_87-epoch=10-val_auc_epoch=0.7779.ckpt
LOCAL_RANK: 0 - CUDA_VISIBLE_DEVICES: [1]
Loaded model weights from the checkpoint at /home/eng/shilo_avital/yolo_lab/walk_to_paint/outputs/wiki-rfa/wiki-rfa-optuna_20251203-235202/checkpoints/trial_87-epoch=10-val_auc_epoch=0.7779.ckpt
────────────────────────────────────────────────────────────────────────────────────────────────────────────────────────
     Validate metric           DataLoader 0
────────────────────────────────────────────────────────────────────────────────────────────────────────────────────────
          step                     16.0
      val_acc_epoch         0.5768955945968628
      val_auc_epoch          0.777931809425354
      val_f1_epoch          0.5576508641242981
        val_loss             2.49639630317688
────────────────────────────────────────────────────────────────────────────────────────────────────────────────────────
✅ Trial 87 completed - Val AUC: 0.7779
[I 2025-12-05 08:45:43,422] Trial 87 finished with value: 0.777931809425354 and parameters: {'dataset.max_walk_length': 82, 'dataset.num_walks': 434857, 'training.lr': 0.0016135042002810406, 'training.weight_decay': 2.9866739870000337e-05, 'training.batch_size': 256, 'training.gradient_clip_val': 0.5394002549968298, 'training.early_stopping_patience': 5, 'model.nhead': 2, 'model.embedding_dim': 64, 'model.hidden_dim': 64, 'model.nlayers': 5, 'model.dropout': 0.14736239940786994, 'training.epochs': 20}. Best is trial 87 with value: 0.777931809425354.
Seed set to 130

🔬 Trial 88 hyperparameters:
  Walk length: 82, Num walks: 429,509
  LR: 1.25e-03, Batch size: 256
  Model: emb_dim=64, hidden_dim=64
  Transformer: 5 layers, 8 heads
  Epochs: 18, Weighted loss: True
Loading wiki-rfa dataset...
Success! ✅
Splitting edges for wiki-rfa dataset...
Ratios: train=0.480, mask=0.320, val=0.100, test=0.100
Success! ✅
Sampling random walks from wiki-rfa dataset...
Success! ✅
Building tokenizer for wiki-rfa dataset...
Success! ✅
Padding and building stage tensors for wiki-rfa dataset...
Success! ✅
Data creation profiling (seconds):
  get_edge_list: 4.67s
  split_edges: 0.10s
  get_walks: 32.19s
  get_tokenizer: 0.98s
  encode_walks: 17.64s
  pad_and_build_stage_tensors: 2.24s
Creating DataLoaders for wiki-rfa dataset...
Success! ✅
GPU available: True (cuda), used: True
TPU available: False, using: 0 TPU cores
HPU available: False, using: 0 HPUs
/home/eng/shilo_avital/yolo_lab/walk_to_paint/.venv/lib64/python3.9/site-packages/pytorch_lightning/callbacks/model_checkpoint.py:658: Checkpoint directory /home/eng/shilo_avital/yolo_lab/walk_to_paint/outputs/wiki-rfa/wiki-rfa-optuna_20251203-235202/checkpoints exists and is not empty.
LOCAL_RANK: 0 - CUDA_VISIBLE_DEVICES: [1]
Metric val_auc_epoch improved. New best score: 0.625
Metric val_auc_epoch improved by 0.042 >= min_delta = 0.0. New best score: 0.667
Metric val_auc_epoch improved by 0.019 >= min_delta = 0.0. New best score: 0.686
Metric val_auc_epoch improved by 0.017 >= min_delta = 0.0. New best score: 0.703
Metric val_auc_epoch improved by 0.013 >= min_delta = 0.0. New best score: 0.716
❌ Trial 88 failed: Trial was pruned at epoch 7.
[I 2025-12-05 08:55:12,041] Trial 88 finished with value: 0.0 and parameters: {'dataset.max_walk_length': 82, 'dataset.num_walks': 429509, 'training.lr': 0.0012487818463470177, 'training.weight_decay': 5.3771636651382936e-05, 'training.batch_size': 256, 'training.gradient_clip_val': 0.6244386445281067, 'training.early_stopping_patience': 5, 'model.nhead': 8, 'model.embedding_dim': 64, 'model.hidden_dim': 64, 'model.nlayers': 5, 'model.dropout': 0.14348973769229018, 'training.epochs': 18}. Best is trial 87 with value: 0.777931809425354.
Seed set to 131

🔬 Trial 89 hyperparameters:
  Walk length: 80, Num walks: 379,339
  LR: 1.86e-03, Batch size: 64
  Model: emb_dim=64, hidden_dim=64
  Transformer: 1 layers, 2 heads
  Epochs: 20, Weighted loss: True
Loading wiki-rfa dataset...
Success! ✅
Splitting edges for wiki-rfa dataset...
Ratios: train=0.480, mask=0.320, val=0.100, test=0.100
Success! ✅
Sampling random walks from wiki-rfa dataset...
Success! ✅
Building tokenizer for wiki-rfa dataset...
Success! ✅
Padding and building stage tensors for wiki-rfa dataset...
Success! ✅
Data creation profiling (seconds):
  get_edge_list: 84.82s
  split_edges: 0.10s
  get_walks: 28.97s
  get_tokenizer: 0.90s
  encode_walks: 15.85s
  pad_and_build_stage_tensors: 2.03s
Creating DataLoaders for wiki-rfa dataset...
Success! ✅
GPU available: True (cuda), used: True
TPU available: False, using: 0 TPU cores
HPU available: False, using: 0 HPUs
/home/eng/shilo_avital/yolo_lab/walk_to_paint/.venv/lib64/python3.9/site-packages/pytorch_lightning/callbacks/model_checkpoint.py:658: Checkpoint directory /home/eng/shilo_avital/yolo_lab/walk_to_paint/outputs/wiki-rfa/wiki-rfa-optuna_20251203-235202/checkpoints exists and is not empty.
LOCAL_RANK: 0 - CUDA_VISIBLE_DEVICES: [1]
Metric val_auc_epoch improved. New best score: 0.679
Metric val_auc_epoch improved by 0.037 >= min_delta = 0.0. New best score: 0.716
Metric val_auc_epoch improved by 0.018 >= min_delta = 0.0. New best score: 0.734
Monitored metric val_auc_epoch did not improve in the last 5 records. Best score: 0.734. Signaling Trainer to stop.
Restoring states from the checkpoint path at /home/eng/shilo_avital/yolo_lab/walk_to_paint/outputs/wiki-rfa/wiki-rfa-optuna_20251203-235202/checkpoints/trial_89-epoch=02-val_auc_epoch=0.7343.ckpt
LOCAL_RANK: 0 - CUDA_VISIBLE_DEVICES: [1]
Loaded model weights from the checkpoint at /home/eng/shilo_avital/yolo_lab/walk_to_paint/outputs/wiki-rfa/wiki-rfa-optuna_20251203-235202/checkpoints/trial_89-epoch=02-val_auc_epoch=0.7343.ckpt
────────────────────────────────────────────────────────────────────────────────────────────────────────────────────────
     Validate metric           DataLoader 0
────────────────────────────────────────────────────────────────────────────────────────────────────────────────────────
          step                      8.0
      val_acc_epoch          0.530228853225708
      val_auc_epoch         0.7342910766601562
      val_f1_epoch          0.4852975606918335
        val_loss             1.594973087310791
────────────────────────────────────────────────────────────────────────────────────────────────────────────────────────
✅ Trial 89 completed - Val AUC: 0.7343
[I 2025-12-05 09:06:06,728] Trial 89 finished with value: 0.7342910766601562 and parameters: {'dataset.max_walk_length': 80, 'dataset.num_walks': 379339, 'training.lr': 0.0018645011483386744, 'training.weight_decay': 3.0790102243896755e-05, 'training.batch_size': 64, 'training.gradient_clip_val': 0.5409037422282128, 'training.early_stopping_patience': 5, 'model.nhead': 2, 'model.embedding_dim': 64, 'model.hidden_dim': 64, 'model.nlayers': 1, 'model.dropout': 0.16338979526037783, 'training.epochs': 20}. Best is trial 87 with value: 0.777931809425354.
Seed set to 132

🔬 Trial 90 hyperparameters:
  Walk length: 25, Num walks: 359,848
  LR: 1.02e-03, Batch size: 128
  Model: emb_dim=64, hidden_dim=64
  Transformer: 4 layers, 1 heads
  Epochs: 16, Weighted loss: True
Loading wiki-rfa dataset...
Success! ✅
Splitting edges for wiki-rfa dataset...
Ratios: train=0.480, mask=0.320, val=0.100, test=0.100
Success! ✅
Sampling random walks from wiki-rfa dataset...
Success! ✅
Building tokenizer for wiki-rfa dataset...
Success! ✅
Padding and building stage tensors for wiki-rfa dataset...
Success! ✅
Data creation profiling (seconds):
  get_edge_list: 4.52s
  split_edges: 0.10s
  get_walks: 27.14s
  get_tokenizer: 0.81s
  encode_walks: 14.19s
  pad_and_build_stage_tensors: 1.75s
Creating DataLoaders for wiki-rfa dataset...
Success! ✅
/home/eng/shilo_avital/yolo_lab/walk_to_paint/.venv/lib64/python3.9/site-packages/torch/nn/modules/transformer.py:382: UserWarning: enable_nested_tensor is True, but self.use_nested_tensor is False because encoder_layer.self_attn.num_heads is odd
  warnings.warn(
GPU available: True (cuda), used: True
TPU available: False, using: 0 TPU cores
HPU available: False, using: 0 HPUs
/home/eng/shilo_avital/yolo_lab/walk_to_paint/.venv/lib64/python3.9/site-packages/pytorch_lightning/callbacks/model_checkpoint.py:658: Checkpoint directory /home/eng/shilo_avital/yolo_lab/walk_to_paint/outputs/wiki-rfa/wiki-rfa-optuna_20251203-235202/checkpoints exists and is not empty.
LOCAL_RANK: 0 - CUDA_VISIBLE_DEVICES: [1]
Metric val_auc_epoch improved. New best score: 0.653
Metric val_auc_epoch improved by 0.049 >= min_delta = 0.0. New best score: 0.702
Metric val_auc_epoch improved by 0.022 >= min_delta = 0.0. New best score: 0.723
Metric val_auc_epoch improved by 0.008 >= min_delta = 0.0. New best score: 0.732
Metric val_auc_epoch improved by 0.007 >= min_delta = 0.0. New best score: 0.738
Metric val_auc_epoch improved by 0.011 >= min_delta = 0.0. New best score: 0.749
Metric val_auc_epoch improved by 0.000 >= min_delta = 0.0. New best score: 0.749
Metric val_auc_epoch improved by 0.003 >= min_delta = 0.0. New best score: 0.752
Metric val_auc_epoch improved by 0.002 >= min_delta = 0.0. New best score: 0.754
`Trainer.fit` stopped: `max_epochs=16` reached.
Restoring states from the checkpoint path at /home/eng/shilo_avital/yolo_lab/walk_to_paint/outputs/wiki-rfa/wiki-rfa-optuna_20251203-235202/checkpoints/trial_90-epoch=09-val_auc_epoch=0.7542.ckpt
LOCAL_RANK: 0 - CUDA_VISIBLE_DEVICES: [1]
Loaded model weights from the checkpoint at /home/eng/shilo_avital/yolo_lab/walk_to_paint/outputs/wiki-rfa/wiki-rfa-optuna_20251203-235202/checkpoints/trial_90-epoch=09-val_auc_epoch=0.7542.ckpt
────────────────────────────────────────────────────────────────────────────────────────────────────────────────────────
     Validate metric           DataLoader 0
────────────────────────────────────────────────────────────────────────────────────────────────────────────────────────
          step                     16.0
      val_acc_epoch          0.545891523361206
      val_auc_epoch         0.7542445063591003
      val_f1_epoch          0.5136716365814209
        val_loss             2.335376024246216
────────────────────────────────────────────────────────────────────────────────────────────────────────────────────────
✅ Trial 90 completed - Val AUC: 0.7542
[I 2025-12-05 09:18:30,678] Trial 90 finished with value: 0.7542445063591003 and parameters: {'dataset.max_walk_length': 25, 'dataset.num_walks': 359848, 'training.lr': 0.001024610097800299, 'training.weight_decay': 7.797842092873026e-05, 'training.batch_size': 128, 'training.gradient_clip_val': 0.4749161420448781, 'training.early_stopping_patience': 7, 'model.nhead': 1, 'model.embedding_dim': 64, 'model.hidden_dim': 64, 'model.nlayers': 4, 'model.dropout': 0.12218020762832563, 'training.epochs': 16}. Best is trial 87 with value: 0.777931809425354.
🧹 Cleaning up old checkpoints and logs (keeping top 10)...
  Removed old checkpoint: trial_80-epoch=05-val_auc_epoch=0.6829.ckpt
  Removed old checkpoint: trial_79-epoch=05-val_auc_epoch=0.6859.ckpt
  Removed old checkpoint: trial_78-epoch=04-val_auc_epoch=0.5405.ckpt
  Removed old checkpoint: trial_77-epoch=05-val_auc_epoch=0.6774.ckpt
  Removed old checkpoint: trial_76-epoch=04-val_auc_epoch=0.6547.ckpt
  Removed old log dir: trial_80
  Removed old log dir: trial_79
  Removed old log dir: trial_78
  Removed old log dir: trial_77
  Removed old log dir: trial_76
Seed set to 133

🔬 Trial 91 hyperparameters:
  Walk length: 13, Num walks: 334,616
  LR: 1.60e-03, Batch size: 128
  Model: emb_dim=64, hidden_dim=64
  Transformer: 4 layers, 1 heads
  Epochs: 21, Weighted loss: True
Loading wiki-rfa dataset...
Success! ✅
Splitting edges for wiki-rfa dataset...
Ratios: train=0.480, mask=0.320, val=0.100, test=0.100
Success! ✅
Sampling random walks from wiki-rfa dataset...
Success! ✅
Building tokenizer for wiki-rfa dataset...
Success! ✅
Padding and building stage tensors for wiki-rfa dataset...
Success! ✅
Data creation profiling (seconds):
  get_edge_list: 4.68s
  split_edges: 0.10s
  get_walks: 24.67s
  get_tokenizer: 0.68s
  encode_walks: 12.11s
  pad_and_build_stage_tensors: 1.62s
Creating DataLoaders for wiki-rfa dataset...
Success! ✅
/home/eng/shilo_avital/yolo_lab/walk_to_paint/.venv/lib64/python3.9/site-packages/torch/nn/modules/transformer.py:382: UserWarning: enable_nested_tensor is True, but self.use_nested_tensor is False because encoder_layer.self_attn.num_heads is odd
  warnings.warn(
GPU available: True (cuda), used: True
TPU available: False, using: 0 TPU cores
HPU available: False, using: 0 HPUs
/home/eng/shilo_avital/yolo_lab/walk_to_paint/.venv/lib64/python3.9/site-packages/pytorch_lightning/callbacks/model_checkpoint.py:658: Checkpoint directory /home/eng/shilo_avital/yolo_lab/walk_to_paint/outputs/wiki-rfa/wiki-rfa-optuna_20251203-235202/checkpoints exists and is not empty.
LOCAL_RANK: 0 - CUDA_VISIBLE_DEVICES: [1]
Metric val_auc_epoch improved. New best score: 0.564
Metric val_auc_epoch improved by 0.063 >= min_delta = 0.0. New best score: 0.627
Metric val_auc_epoch improved by 0.017 >= min_delta = 0.0. New best score: 0.644
Metric val_auc_epoch improved by 0.008 >= min_delta = 0.0. New best score: 0.651
❌ Trial 91 failed: Trial was pruned at epoch 5.
