[I 2025-12-05 19:47:18,530] Trial 140 finished with value: 0.0 and parameters: {'dataset.max_walk_length': 76, 'dataset.num_walks': 355967, 'training.lr': 0.0014575383124985836, 'training.weight_decay': 1.1094334448051931e-05, 'training.batch_size': 512, 'training.gradient_clip_val': 0.21728967466295881, 'training.early_stopping_patience': 7, 'model.nhead': 4, 'model.embedding_dim': 128, 'model.hidden_dim': 64, 'model.nlayers': 4, 'model.dropout': 0.16807813706334068, 'training.epochs': 23}. Best is trial 87 with value: 0.777931809425354.
🧹 Cleaning up old checkpoints and logs (keeping top 10)...
  Removed old checkpoint: trial_130-epoch=04-val_auc_epoch=0.7451.ckpt
  Removed old checkpoint: trial_129-epoch=02-val_auc_epoch=0.5627.ckpt
  Removed old checkpoint: trial_128-epoch=04-val_auc_epoch=0.6305.ckpt
  Removed old checkpoint: trial_127-epoch=01-val_auc_epoch=0.5026.ckpt
  Removed old checkpoint: trial_126-epoch=04-val_auc_epoch=0.5276.ckpt
  Removed old log dir: trial_130
  Removed old log dir: trial_129
  Removed old log dir: trial_128
  Removed old log dir: trial_127
  Removed old log dir: trial_126
Seed set to 183

🔬 Trial 141 hyperparameters:
  Walk length: 83, Num walks: 706,325
  LR: 7.46e-04, Batch size: 512
  Model: emb_dim=128, hidden_dim=4
  Transformer: 4 layers, 4 heads
  Epochs: 11, Weighted loss: True
Loading wiki-rfa dataset...
Success! ✅
Splitting edges for wiki-rfa dataset...
Ratios: train=0.480, mask=0.320, val=0.100, test=0.100
Success! ✅
Sampling random walks from wiki-rfa dataset...
Success! ✅
Building tokenizer for wiki-rfa dataset...
Success! ✅
Padding and building stage tensors for wiki-rfa dataset...
Success! ✅
Data creation profiling (seconds):
  get_edge_list: 84.63s
  split_edges: 0.10s
  get_walks: 54.52s
  get_tokenizer: 1.70s
  encode_walks: 29.88s
  pad_and_build_stage_tensors: 3.70s
Creating DataLoaders for wiki-rfa dataset...
Success! ✅
GPU available: True (cuda), used: True
TPU available: False, using: 0 TPU cores
HPU available: False, using: 0 HPUs
/home/eng/shilo_avital/yolo_lab/walk_to_paint/.venv/lib64/python3.9/site-packages/pytorch_lightning/callbacks/model_checkpoint.py:658: Checkpoint directory /home/eng/shilo_avital/yolo_lab/walk_to_paint/outputs/wiki-rfa/wiki-rfa-optuna_20251203-235202/checkpoints exists and is not empty.
LOCAL_RANK: 0 - CUDA_VISIBLE_DEVICES: [1]
Metric val_auc_epoch improved. New best score: 0.616
Metric val_auc_epoch improved by 0.052 >= min_delta = 0.0. New best score: 0.668
Metric val_auc_epoch improved by 0.022 >= min_delta = 0.0. New best score: 0.689
Metric val_auc_epoch improved by 0.006 >= min_delta = 0.0. New best score: 0.695
Metric val_auc_epoch improved by 0.008 >= min_delta = 0.0. New best score: 0.703
❌ Trial 141 failed: Trial was pruned at epoch 6.
[I 2025-12-05 20:00:42,995] Trial 141 finished with value: 0.0 and parameters: {'dataset.max_walk_length': 83, 'dataset.num_walks': 706325, 'training.lr': 0.000746380140851711, 'training.weight_decay': 5.9894775659241514e-05, 'training.batch_size': 512, 'training.gradient_clip_val': 0.10303145523080989, 'training.early_stopping_patience': 6, 'model.nhead': 4, 'model.embedding_dim': 128, 'model.hidden_dim': 4, 'model.nlayers': 4, 'model.dropout': 0.22495232390460346, 'training.epochs': 11}. Best is trial 87 with value: 0.777931809425354.
Seed set to 184

🔬 Trial 142 hyperparameters:
  Walk length: 85, Num walks: 573,825
  LR: 1.83e-03, Batch size: 256
  Model: emb_dim=128, hidden_dim=4
  Transformer: 5 layers, 2 heads
  Epochs: 16, Weighted loss: True
Loading wiki-rfa dataset...
Success! ✅
Splitting edges for wiki-rfa dataset...
Ratios: train=0.480, mask=0.320, val=0.100, test=0.100
Success! ✅
Sampling random walks from wiki-rfa dataset...
Success! ✅
Building tokenizer for wiki-rfa dataset...
Success! ✅
Padding and building stage tensors for wiki-rfa dataset...
Success! ✅
Data creation profiling (seconds):
  get_edge_list: 84.62s
  split_edges: 0.10s
  get_walks: 44.15s
  get_tokenizer: 1.28s
  encode_walks: 23.75s
  pad_and_build_stage_tensors: 3.03s
Creating DataLoaders for wiki-rfa dataset...
Success! ✅
GPU available: True (cuda), used: True
TPU available: False, using: 0 TPU cores
HPU available: False, using: 0 HPUs
/home/eng/shilo_avital/yolo_lab/walk_to_paint/.venv/lib64/python3.9/site-packages/pytorch_lightning/callbacks/model_checkpoint.py:658: Checkpoint directory /home/eng/shilo_avital/yolo_lab/walk_to_paint/outputs/wiki-rfa/wiki-rfa-optuna_20251203-235202/checkpoints exists and is not empty.
LOCAL_RANK: 0 - CUDA_VISIBLE_DEVICES: [1]
Metric val_auc_epoch improved. New best score: 0.496
Metric val_auc_epoch improved by 0.005 >= min_delta = 0.0. New best score: 0.501
Metric val_auc_epoch improved by 0.003 >= min_delta = 0.0. New best score: 0.503
❌ Trial 142 failed: Trial was pruned at epoch 5.
[I 2025-12-05 20:10:42,257] Trial 142 finished with value: 0.0 and parameters: {'dataset.max_walk_length': 85, 'dataset.num_walks': 573825, 'training.lr': 0.0018320021537046537, 'training.weight_decay': 3.6093073174811664e-05, 'training.batch_size': 256, 'training.gradient_clip_val': 0.16012589547790498, 'training.early_stopping_patience': 8, 'model.nhead': 2, 'model.embedding_dim': 128, 'model.hidden_dim': 4, 'model.nlayers': 5, 'model.dropout': 0.21166210716223208, 'training.epochs': 16}. Best is trial 87 with value: 0.777931809425354.
Seed set to 185

🔬 Trial 143 hyperparameters:
  Walk length: 88, Num walks: 398,966
  LR: 3.72e-03, Batch size: 512
  Model: emb_dim=32, hidden_dim=4
  Transformer: 5 layers, 4 heads
  Epochs: 21, Weighted loss: True
Loading wiki-rfa dataset...
Success! ✅
Splitting edges for wiki-rfa dataset...
Ratios: train=0.480, mask=0.320, val=0.100, test=0.100
Success! ✅
Sampling random walks from wiki-rfa dataset...
Success! ✅
Building tokenizer for wiki-rfa dataset...
Success! ✅
Padding and building stage tensors for wiki-rfa dataset...
Success! ✅
Data creation profiling (seconds):
  get_edge_list: 84.76s
  split_edges: 0.10s
  get_walks: 31.18s
  get_tokenizer: 1.05s
  encode_walks: 16.49s
  pad_and_build_stage_tensors: 2.13s
Creating DataLoaders for wiki-rfa dataset...
Success! ✅
GPU available: True (cuda), used: True
TPU available: False, using: 0 TPU cores
HPU available: False, using: 0 HPUs
/home/eng/shilo_avital/yolo_lab/walk_to_paint/.venv/lib64/python3.9/site-packages/pytorch_lightning/callbacks/model_checkpoint.py:658: Checkpoint directory /home/eng/shilo_avital/yolo_lab/walk_to_paint/outputs/wiki-rfa/wiki-rfa-optuna_20251203-235202/checkpoints exists and is not empty.
LOCAL_RANK: 0 - CUDA_VISIBLE_DEVICES: [1]
Metric val_auc_epoch improved. New best score: 0.534
Metric val_auc_epoch improved by 0.063 >= min_delta = 0.0. New best score: 0.598
Metric val_auc_epoch improved by 0.034 >= min_delta = 0.0. New best score: 0.631
Metric val_auc_epoch improved by 0.019 >= min_delta = 0.0. New best score: 0.650
Metric val_auc_epoch improved by 0.006 >= min_delta = 0.0. New best score: 0.657
❌ Trial 143 failed: Trial was pruned at epoch 5.
[I 2025-12-05 20:16:29,377] Trial 143 finished with value: 0.0 and parameters: {'dataset.max_walk_length': 88, 'dataset.num_walks': 398966, 'training.lr': 0.003723330406002046, 'training.weight_decay': 9.01236506026744e-05, 'training.batch_size': 512, 'training.gradient_clip_val': 0.3049996224600396, 'training.early_stopping_patience': 7, 'model.nhead': 4, 'model.embedding_dim': 32, 'model.hidden_dim': 4, 'model.nlayers': 5, 'model.dropout': 0.23615636797790018, 'training.epochs': 21}. Best is trial 87 with value: 0.777931809425354.
Seed set to 186

🔬 Trial 144 hyperparameters:
  Walk length: 55, Num walks: 868,343
  LR: 4.95e-03, Batch size: 256
  Model: emb_dim=64, hidden_dim=4
  Transformer: 4 layers, 2 heads
  Epochs: 10, Weighted loss: True
Loading wiki-rfa dataset...
Success! ✅
Splitting edges for wiki-rfa dataset...
Ratios: train=0.480, mask=0.320, val=0.100, test=0.100
Success! ✅
Sampling random walks from wiki-rfa dataset...
Success! ✅
Building tokenizer for wiki-rfa dataset...
Success! ✅
Padding and building stage tensors for wiki-rfa dataset...
Success! ✅
Data creation profiling (seconds):
  get_edge_list: 84.89s
  split_edges: 0.10s
  get_walks: 66.89s
  get_tokenizer: 1.86s
  encode_walks: 34.98s
  pad_and_build_stage_tensors: 4.38s
Creating DataLoaders for wiki-rfa dataset...
Success! ✅
GPU available: True (cuda), used: True
TPU available: False, using: 0 TPU cores
HPU available: False, using: 0 HPUs
/home/eng/shilo_avital/yolo_lab/walk_to_paint/.venv/lib64/python3.9/site-packages/pytorch_lightning/callbacks/model_checkpoint.py:658: Checkpoint directory /home/eng/shilo_avital/yolo_lab/walk_to_paint/outputs/wiki-rfa/wiki-rfa-optuna_20251203-235202/checkpoints exists and is not empty.
LOCAL_RANK: 0 - CUDA_VISIBLE_DEVICES: [1]
Metric val_auc_epoch improved. New best score: 0.495
Metric val_auc_epoch improved by 0.013 >= min_delta = 0.0. New best score: 0.508
❌ Trial 144 failed: Trial was pruned at epoch 5.
[I 2025-12-05 20:25:08,723] Trial 144 finished with value: 0.0 and parameters: {'dataset.max_walk_length': 55, 'dataset.num_walks': 868343, 'training.lr': 0.00494570776349765, 'training.weight_decay': 0.00022730845933582045, 'training.batch_size': 256, 'training.gradient_clip_val': 0.2553482402180497, 'training.early_stopping_patience': 6, 'model.nhead': 2, 'model.embedding_dim': 64, 'model.hidden_dim': 4, 'model.nlayers': 4, 'model.dropout': 0.2743995513663751, 'training.epochs': 10}. Best is trial 87 with value: 0.777931809425354.
Seed set to 187

🔬 Trial 145 hyperparameters:
  Walk length: 78, Num walks: 648,379
  LR: 4.33e-04, Batch size: 256
  Model: emb_dim=32, hidden_dim=4
  Transformer: 3 layers, 2 heads
  Epochs: 25, Weighted loss: True
Loading wiki-rfa dataset...
Success! ✅
Splitting edges for wiki-rfa dataset...
Ratios: train=0.480, mask=0.320, val=0.100, test=0.100
Success! ✅
Sampling random walks from wiki-rfa dataset...
Success! ✅
Building tokenizer for wiki-rfa dataset...
Success! ✅
Padding and building stage tensors for wiki-rfa dataset...
Success! ✅
Data creation profiling (seconds):
  get_edge_list: 84.86s
  split_edges: 0.10s
  get_walks: 49.99s
  get_tokenizer: 1.52s
  encode_walks: 26.32s
  pad_and_build_stage_tensors: 3.34s
Creating DataLoaders for wiki-rfa dataset...
Success! ✅
GPU available: True (cuda), used: True
TPU available: False, using: 0 TPU cores
HPU available: False, using: 0 HPUs
/home/eng/shilo_avital/yolo_lab/walk_to_paint/.venv/lib64/python3.9/site-packages/pytorch_lightning/callbacks/model_checkpoint.py:658: Checkpoint directory /home/eng/shilo_avital/yolo_lab/walk_to_paint/outputs/wiki-rfa/wiki-rfa-optuna_20251203-235202/checkpoints exists and is not empty.
LOCAL_RANK: 0 - CUDA_VISIBLE_DEVICES: [1]
Metric val_auc_epoch improved. New best score: 0.526
Metric val_auc_epoch improved by 0.023 >= min_delta = 0.0. New best score: 0.549
Metric val_auc_epoch improved by 0.026 >= min_delta = 0.0. New best score: 0.574
Metric val_auc_epoch improved by 0.013 >= min_delta = 0.0. New best score: 0.587
Metric val_auc_epoch improved by 0.011 >= min_delta = 0.0. New best score: 0.598
❌ Trial 145 failed: Trial was pruned at epoch 5.
[I 2025-12-05 20:31:47,941] Trial 145 finished with value: 0.0 and parameters: {'dataset.max_walk_length': 78, 'dataset.num_walks': 648379, 'training.lr': 0.00043277369600156, 'training.weight_decay': 0.00013263071515726203, 'training.batch_size': 256, 'training.gradient_clip_val': 0.19488751972397092, 'training.early_stopping_patience': 5, 'model.nhead': 2, 'model.embedding_dim': 32, 'model.hidden_dim': 4, 'model.nlayers': 3, 'model.dropout': 0.19530889639477533, 'training.epochs': 25}. Best is trial 87 with value: 0.777931809425354.
🧹 Cleaning up old checkpoints and logs (keeping top 10)...
  Removed old checkpoint: trial_135-epoch=04-val_auc_epoch=0.5524.ckpt
  Removed old checkpoint: trial_134-epoch=05-val_auc_epoch=0.7231.ckpt
  Removed old checkpoint: trial_133-epoch=03-val_auc_epoch=0.7331.ckpt
  Removed old checkpoint: trial_132-epoch=05-val_auc_epoch=0.7294.ckpt
  Removed old checkpoint: trial_131-epoch=06-val_auc_epoch=0.7172.ckpt
  Removed old log dir: trial_135
  Removed old log dir: trial_134
  Removed old log dir: trial_133
  Removed old log dir: trial_132
  Removed old log dir: trial_131
Seed set to 188

🔬 Trial 146 hyperparameters:
  Walk length: 82, Num walks: 456,865
  LR: 1.08e-03, Batch size: 64
  Model: emb_dim=128, hidden_dim=4
  Transformer: 4 layers, 8 heads
  Epochs: 11, Weighted loss: True
Loading wiki-rfa dataset...
Success! ✅
Splitting edges for wiki-rfa dataset...
Ratios: train=0.480, mask=0.320, val=0.100, test=0.100
Success! ✅
Sampling random walks from wiki-rfa dataset...
Success! ✅
Building tokenizer for wiki-rfa dataset...
Success! ✅
Padding and building stage tensors for wiki-rfa dataset...
Success! ✅
Data creation profiling (seconds):
  get_edge_list: 84.79s
  split_edges: 0.10s
  get_walks: 35.52s
  get_tokenizer: 1.04s
  encode_walks: 18.91s
  pad_and_build_stage_tensors: 2.39s
Creating DataLoaders for wiki-rfa dataset...
Success! ✅
GPU available: True (cuda), used: True
TPU available: False, using: 0 TPU cores
HPU available: False, using: 0 HPUs
/home/eng/shilo_avital/yolo_lab/walk_to_paint/.venv/lib64/python3.9/site-packages/pytorch_lightning/callbacks/model_checkpoint.py:658: Checkpoint directory /home/eng/shilo_avital/yolo_lab/walk_to_paint/outputs/wiki-rfa/wiki-rfa-optuna_20251203-235202/checkpoints exists and is not empty.
LOCAL_RANK: 0 - CUDA_VISIBLE_DEVICES: [1]
Metric val_auc_epoch improved. New best score: 0.550
❌ Trial 146 failed: Trial was pruned at epoch 5.
[I 2025-12-05 20:44:54,966] Trial 146 finished with value: 0.0 and parameters: {'dataset.max_walk_length': 82, 'dataset.num_walks': 456865, 'training.lr': 0.0010782949352377506, 'training.weight_decay': 6.654793004467215e-06, 'training.batch_size': 64, 'training.gradient_clip_val': 0.5295967437043417, 'training.early_stopping_patience': 6, 'model.nhead': 8, 'model.embedding_dim': 128, 'model.hidden_dim': 4, 'model.nlayers': 4, 'model.dropout': 0.25567593762810853, 'training.epochs': 11}. Best is trial 87 with value: 0.777931809425354.
Seed set to 189

🔬 Trial 147 hyperparameters:
  Walk length: 87, Num walks: 726,254
  LR: 2.45e-03, Batch size: 256
  Model: emb_dim=32, hidden_dim=256
  Transformer: 5 layers, 2 heads
  Epochs: 13, Weighted loss: True
Loading wiki-rfa dataset...
Success! ✅
Splitting edges for wiki-rfa dataset...
Ratios: train=0.480, mask=0.320, val=0.100, test=0.100
Success! ✅
Sampling random walks from wiki-rfa dataset...
Success! ✅
Building tokenizer for wiki-rfa dataset...
Success! ✅
Padding and building stage tensors for wiki-rfa dataset...
Success! ✅
Data creation profiling (seconds):
  get_edge_list: 84.70s
  split_edges: 0.09s
  get_walks: 55.84s
  get_tokenizer: 1.59s
  encode_walks: 29.57s
  pad_and_build_stage_tensors: 3.98s
Creating DataLoaders for wiki-rfa dataset...
Success! ✅
GPU available: True (cuda), used: True
TPU available: False, using: 0 TPU cores
HPU available: False, using: 0 HPUs
/home/eng/shilo_avital/yolo_lab/walk_to_paint/.venv/lib64/python3.9/site-packages/pytorch_lightning/callbacks/model_checkpoint.py:658: Checkpoint directory /home/eng/shilo_avital/yolo_lab/walk_to_paint/outputs/wiki-rfa/wiki-rfa-optuna_20251203-235202/checkpoints exists and is not empty.
LOCAL_RANK: 0 - CUDA_VISIBLE_DEVICES: [1]
Metric val_auc_epoch improved. New best score: 0.532
Metric val_auc_epoch improved by 0.063 >= min_delta = 0.0. New best score: 0.595
Metric val_auc_epoch improved by 0.063 >= min_delta = 0.0. New best score: 0.658
Metric val_auc_epoch improved by 0.006 >= min_delta = 0.0. New best score: 0.665
Metric val_auc_epoch improved by 0.012 >= min_delta = 0.0. New best score: 0.677
Metric val_auc_epoch improved by 0.017 >= min_delta = 0.0. New best score: 0.694
❌ Trial 147 failed: Trial was pruned at epoch 6.
[I 2025-12-05 20:55:28,291] Trial 147 finished with value: 0.0 and parameters: {'dataset.max_walk_length': 87, 'dataset.num_walks': 726254, 'training.lr': 0.0024513953833985875, 'training.weight_decay': 1.8383822032662904e-05, 'training.batch_size': 256, 'training.gradient_clip_val': 0.3405500116981058, 'training.early_stopping_patience': 14, 'model.nhead': 2, 'model.embedding_dim': 32, 'model.hidden_dim': 256, 'model.nlayers': 5, 'model.dropout': 0.22280120436054118, 'training.epochs': 13}. Best is trial 87 with value: 0.777931809425354.
Seed set to 190

🔬 Trial 148 hyperparameters:
  Walk length: 91, Num walks: 492,962
  LR: 6.28e-04, Batch size: 128
  Model: emb_dim=32, hidden_dim=16
  Transformer: 4 layers, 1 heads
  Epochs: 11, Weighted loss: True
Loading wiki-rfa dataset...
Success! ✅
Splitting edges for wiki-rfa dataset...
Ratios: train=0.480, mask=0.320, val=0.100, test=0.100
Success! ✅
Sampling random walks from wiki-rfa dataset...
Success! ✅
Building tokenizer for wiki-rfa dataset...
Success! ✅
Padding and building stage tensors for wiki-rfa dataset...
Success! ✅
Data creation profiling (seconds):
  get_edge_list: 84.90s
  split_edges: 0.09s
  get_walks: 38.25s
  get_tokenizer: 1.16s
  encode_walks: 20.07s
  pad_and_build_stage_tensors: 2.64s
Creating DataLoaders for wiki-rfa dataset...
Success! ✅
/home/eng/shilo_avital/yolo_lab/walk_to_paint/.venv/lib64/python3.9/site-packages/torch/nn/modules/transformer.py:382: UserWarning: enable_nested_tensor is True, but self.use_nested_tensor is False because encoder_layer.self_attn.num_heads is odd
  warnings.warn(
GPU available: True (cuda), used: True
TPU available: False, using: 0 TPU cores
HPU available: False, using: 0 HPUs
/home/eng/shilo_avital/yolo_lab/walk_to_paint/.venv/lib64/python3.9/site-packages/pytorch_lightning/callbacks/model_checkpoint.py:658: Checkpoint directory /home/eng/shilo_avital/yolo_lab/walk_to_paint/outputs/wiki-rfa/wiki-rfa-optuna_20251203-235202/checkpoints exists and is not empty.
LOCAL_RANK: 0 - CUDA_VISIBLE_DEVICES: [1]
Metric val_auc_epoch improved. New best score: 0.570
Metric val_auc_epoch improved by 0.045 >= min_delta = 0.0. New best score: 0.615
Metric val_auc_epoch improved by 0.016 >= min_delta = 0.0. New best score: 0.631
Metric val_auc_epoch improved by 0.013 >= min_delta = 0.0. New best score: 0.644
Metric val_auc_epoch improved by 0.007 >= min_delta = 0.0. New best score: 0.651
❌ Trial 148 failed: Trial was pruned at epoch 5.
[I 2025-12-05 21:03:48,007] Trial 148 finished with value: 0.0 and parameters: {'dataset.max_walk_length': 91, 'dataset.num_walks': 492962, 'training.lr': 0.00062837625681263, 'training.weight_decay': 3.2191247118999735e-06, 'training.batch_size': 128, 'training.gradient_clip_val': 0.4467997545461441, 'training.early_stopping_patience': 7, 'model.nhead': 1, 'model.embedding_dim': 32, 'model.hidden_dim': 16, 'model.nlayers': 4, 'model.dropout': 0.18383060887369862, 'training.epochs': 11}. Best is trial 87 with value: 0.777931809425354.
Seed set to 191

🔬 Trial 149 hyperparameters:
  Walk length: 85, Num walks: 571,944
  LR: 2.13e-03, Batch size: 256
  Model: emb_dim=8, hidden_dim=4
  Transformer: 5 layers, 2 heads
  Epochs: 19, Weighted loss: True
Loading wiki-rfa dataset...
Success! ✅
Splitting edges for wiki-rfa dataset...
Ratios: train=0.480, mask=0.320, val=0.100, test=0.100
Success! ✅
Sampling random walks from wiki-rfa dataset...
Success! ✅
Building tokenizer for wiki-rfa dataset...
Success! ✅
Padding and building stage tensors for wiki-rfa dataset...
Success! ✅
Data creation profiling (seconds):
  get_edge_list: 84.79s
  split_edges: 0.09s
  get_walks: 44.38s
  get_tokenizer: 1.27s
  encode_walks: 23.41s
  pad_and_build_stage_tensors: 3.09s
Creating DataLoaders for wiki-rfa dataset...
Success! ✅
GPU available: True (cuda), used: True
TPU available: False, using: 0 TPU cores
HPU available: False, using: 0 HPUs
/home/eng/shilo_avital/yolo_lab/walk_to_paint/.venv/lib64/python3.9/site-packages/pytorch_lightning/callbacks/model_checkpoint.py:658: Checkpoint directory /home/eng/shilo_avital/yolo_lab/walk_to_paint/outputs/wiki-rfa/wiki-rfa-optuna_20251203-235202/checkpoints exists and is not empty.
LOCAL_RANK: 0 - CUDA_VISIBLE_DEVICES: [1]
Metric val_auc_epoch improved. New best score: 0.558
Metric val_auc_epoch improved by 0.016 >= min_delta = 0.0. New best score: 0.574
Metric val_auc_epoch improved by 0.006 >= min_delta = 0.0. New best score: 0.580
Metric val_auc_epoch improved by 0.014 >= min_delta = 0.0. New best score: 0.593
Metric val_auc_epoch improved by 0.010 >= min_delta = 0.0. New best score: 0.603
❌ Trial 149 failed: Trial was pruned at epoch 5.
