[I 2025-12-05 09:23:12,397] Trial 91 finished with value: 0.0 and parameters: {'dataset.max_walk_length': 13, 'dataset.num_walks': 334616, 'training.lr': 0.0015978168042847872, 'training.weight_decay': 7.592740152191514e-05, 'training.batch_size': 128, 'training.gradient_clip_val': 0.5610082244349115, 'training.early_stopping_patience': 7, 'model.nhead': 1, 'model.embedding_dim': 64, 'model.hidden_dim': 64, 'model.nlayers': 4, 'model.dropout': 0.19714746758796145, 'training.epochs': 21}. Best is trial 87 with value: 0.777931809425354.
Seed set to 134

🔬 Trial 92 hyperparameters:
  Walk length: 24, Num walks: 411,477
  LR: 7.32e-04, Batch size: 128
  Model: emb_dim=64, hidden_dim=64
  Transformer: 4 layers, 1 heads
  Epochs: 18, Weighted loss: True
Loading wiki-rfa dataset...
Success! ✅
Splitting edges for wiki-rfa dataset...
Ratios: train=0.480, mask=0.320, val=0.100, test=0.100
Success! ✅
Sampling random walks from wiki-rfa dataset...
Success! ✅
Building tokenizer for wiki-rfa dataset...
Success! ✅
Padding and building stage tensors for wiki-rfa dataset...
Success! ✅
Data creation profiling (seconds):
  get_edge_list: 84.70s
  split_edges: 0.10s
  get_walks: 31.71s
  get_tokenizer: 0.99s
  encode_walks: 16.57s
  pad_and_build_stage_tensors: 2.04s
Creating DataLoaders for wiki-rfa dataset...
Success! ✅
/home/eng/shilo_avital/yolo_lab/walk_to_paint/.venv/lib64/python3.9/site-packages/torch/nn/modules/transformer.py:382: UserWarning: enable_nested_tensor is True, but self.use_nested_tensor is False because encoder_layer.self_attn.num_heads is odd
  warnings.warn(
GPU available: True (cuda), used: True
TPU available: False, using: 0 TPU cores
HPU available: False, using: 0 HPUs
/home/eng/shilo_avital/yolo_lab/walk_to_paint/.venv/lib64/python3.9/site-packages/pytorch_lightning/callbacks/model_checkpoint.py:658: Checkpoint directory /home/eng/shilo_avital/yolo_lab/walk_to_paint/outputs/wiki-rfa/wiki-rfa-optuna_20251203-235202/checkpoints exists and is not empty.
LOCAL_RANK: 0 - CUDA_VISIBLE_DEVICES: [1]
Metric val_auc_epoch improved. New best score: 0.635
Metric val_auc_epoch improved by 0.011 >= min_delta = 0.0. New best score: 0.646
Metric val_auc_epoch improved by 0.021 >= min_delta = 0.0. New best score: 0.667
Metric val_auc_epoch improved by 0.014 >= min_delta = 0.0. New best score: 0.681
Metric val_auc_epoch improved by 0.008 >= min_delta = 0.0. New best score: 0.689
Metric val_auc_epoch improved by 0.021 >= min_delta = 0.0. New best score: 0.710
Metric val_auc_epoch improved by 0.012 >= min_delta = 0.0. New best score: 0.722
Metric val_auc_epoch improved by 0.007 >= min_delta = 0.0. New best score: 0.729
Metric val_auc_epoch improved by 0.005 >= min_delta = 0.0. New best score: 0.734
Metric val_auc_epoch improved by 0.001 >= min_delta = 0.0. New best score: 0.735
Metric val_auc_epoch improved by 0.003 >= min_delta = 0.0. New best score: 0.738
Metric val_auc_epoch improved by 0.003 >= min_delta = 0.0. New best score: 0.741
Metric val_auc_epoch improved by 0.002 >= min_delta = 0.0. New best score: 0.743
`Trainer.fit` stopped: `max_epochs=18` reached.
Restoring states from the checkpoint path at /home/eng/shilo_avital/yolo_lab/walk_to_paint/outputs/wiki-rfa/wiki-rfa-optuna_20251203-235202/checkpoints/trial_92-epoch=12-val_auc_epoch=0.7426.ckpt
LOCAL_RANK: 0 - CUDA_VISIBLE_DEVICES: [1]
Loaded model weights from the checkpoint at /home/eng/shilo_avital/yolo_lab/walk_to_paint/outputs/wiki-rfa/wiki-rfa-optuna_20251203-235202/checkpoints/trial_92-epoch=12-val_auc_epoch=0.7426.ckpt
────────────────────────────────────────────────────────────────────────────────────────────────────────────────────────
     Validate metric           DataLoader 0
────────────────────────────────────────────────────────────────────────────────────────────────────────────────────────
          step                     18.0
      val_acc_epoch         0.5121201276779175
      val_auc_epoch         0.7426072955131531
      val_f1_epoch          0.4863055348396301
        val_loss             2.306544542312622
────────────────────────────────────────────────────────────────────────────────────────────────────────────────────────
✅ Trial 92 completed - Val AUC: 0.7426
[I 2025-12-05 09:40:11,278] Trial 92 finished with value: 0.7426072955131531 and parameters: {'dataset.max_walk_length': 24, 'dataset.num_walks': 411477, 'training.lr': 0.000731619631208805, 'training.weight_decay': 1.9701017069102567e-05, 'training.batch_size': 128, 'training.gradient_clip_val': 0.4697993276907091, 'training.early_stopping_patience': 8, 'model.nhead': 1, 'model.embedding_dim': 64, 'model.hidden_dim': 64, 'model.nlayers': 4, 'model.dropout': 0.09358608115991449, 'training.epochs': 18}. Best is trial 87 with value: 0.777931809425354.
Seed set to 135

🔬 Trial 93 hyperparameters:
  Walk length: 88, Num walks: 340,083
  LR: 6.02e-04, Batch size: 128
  Model: emb_dim=64, hidden_dim=64
  Transformer: 4 layers, 1 heads
  Epochs: 16, Weighted loss: True
Loading wiki-rfa dataset...
Success! ✅
Splitting edges for wiki-rfa dataset...
Ratios: train=0.480, mask=0.320, val=0.100, test=0.100
Success! ✅
Sampling random walks from wiki-rfa dataset...
Success! ✅
Building tokenizer for wiki-rfa dataset...
Success! ✅
Padding and building stage tensors for wiki-rfa dataset...
Success! ✅
Data creation profiling (seconds):
  get_edge_list: 4.71s
  split_edges: 0.10s
  get_walks: 25.87s
  get_tokenizer: 0.82s
  encode_walks: 13.58s
  pad_and_build_stage_tensors: 1.82s
Creating DataLoaders for wiki-rfa dataset...
Success! ✅
/home/eng/shilo_avital/yolo_lab/walk_to_paint/.venv/lib64/python3.9/site-packages/torch/nn/modules/transformer.py:382: UserWarning: enable_nested_tensor is True, but self.use_nested_tensor is False because encoder_layer.self_attn.num_heads is odd
  warnings.warn(
GPU available: True (cuda), used: True
TPU available: False, using: 0 TPU cores
HPU available: False, using: 0 HPUs
/home/eng/shilo_avital/yolo_lab/walk_to_paint/.venv/lib64/python3.9/site-packages/pytorch_lightning/callbacks/model_checkpoint.py:658: Checkpoint directory /home/eng/shilo_avital/yolo_lab/walk_to_paint/outputs/wiki-rfa/wiki-rfa-optuna_20251203-235202/checkpoints exists and is not empty.
LOCAL_RANK: 0 - CUDA_VISIBLE_DEVICES: [1]
Metric val_auc_epoch improved. New best score: 0.605
Metric val_auc_epoch improved by 0.044 >= min_delta = 0.0. New best score: 0.648
Metric val_auc_epoch improved by 0.030 >= min_delta = 0.0. New best score: 0.678
Metric val_auc_epoch improved by 0.025 >= min_delta = 0.0. New best score: 0.703
Metric val_auc_epoch improved by 0.005 >= min_delta = 0.0. New best score: 0.708
Metric val_auc_epoch improved by 0.008 >= min_delta = 0.0. New best score: 0.715
Metric val_auc_epoch improved by 0.003 >= min_delta = 0.0. New best score: 0.718
❌ Trial 93 failed: Trial was pruned at epoch 7.
[I 2025-12-05 09:46:20,617] Trial 93 finished with value: 0.0 and parameters: {'dataset.max_walk_length': 88, 'dataset.num_walks': 340083, 'training.lr': 0.0006015196944220188, 'training.weight_decay': 0.00028837867155648126, 'training.batch_size': 128, 'training.gradient_clip_val': 0.33051781403878766, 'training.early_stopping_patience': 6, 'model.nhead': 1, 'model.embedding_dim': 64, 'model.hidden_dim': 64, 'model.nlayers': 4, 'model.dropout': 0.13766186606810019, 'training.epochs': 16}. Best is trial 87 with value: 0.777931809425354.
Seed set to 136

🔬 Trial 94 hyperparameters:
  Walk length: 21, Num walks: 558,462
  LR: 1.08e-03, Batch size: 128
  Model: emb_dim=64, hidden_dim=64
  Transformer: 3 layers, 1 heads
  Epochs: 17, Weighted loss: True
Loading wiki-rfa dataset...
Success! ✅
Splitting edges for wiki-rfa dataset...
Ratios: train=0.480, mask=0.320, val=0.100, test=0.100
Success! ✅
Sampling random walks from wiki-rfa dataset...
Success! ✅
Building tokenizer for wiki-rfa dataset...
Success! ✅
Padding and building stage tensors for wiki-rfa dataset...
Success! ✅
Data creation profiling (seconds):
  get_edge_list: 84.76s
  split_edges: 0.10s
  get_walks: 42.99s
  get_tokenizer: 1.16s
  encode_walks: 20.91s
  pad_and_build_stage_tensors: 2.64s
Creating DataLoaders for wiki-rfa dataset...
Success! ✅
/home/eng/shilo_avital/yolo_lab/walk_to_paint/.venv/lib64/python3.9/site-packages/torch/nn/modules/transformer.py:382: UserWarning: enable_nested_tensor is True, but self.use_nested_tensor is False because encoder_layer.self_attn.num_heads is odd
  warnings.warn(
GPU available: True (cuda), used: True
TPU available: False, using: 0 TPU cores
HPU available: False, using: 0 HPUs
/home/eng/shilo_avital/yolo_lab/walk_to_paint/.venv/lib64/python3.9/site-packages/pytorch_lightning/callbacks/model_checkpoint.py:658: Checkpoint directory /home/eng/shilo_avital/yolo_lab/walk_to_paint/outputs/wiki-rfa/wiki-rfa-optuna_20251203-235202/checkpoints exists and is not empty.
LOCAL_RANK: 0 - CUDA_VISIBLE_DEVICES: [1]
Metric val_auc_epoch improved. New best score: 0.634
Metric val_auc_epoch improved by 0.054 >= min_delta = 0.0. New best score: 0.688
Metric val_auc_epoch improved by 0.032 >= min_delta = 0.0. New best score: 0.721
Metric val_auc_epoch improved by 0.003 >= min_delta = 0.0. New best score: 0.724
Metric val_auc_epoch improved by 0.006 >= min_delta = 0.0. New best score: 0.730
❌ Trial 94 failed: Trial was pruned at epoch 9.
[I 2025-12-05 09:58:46,129] Trial 94 finished with value: 0.0 and parameters: {'dataset.max_walk_length': 21, 'dataset.num_walks': 558462, 'training.lr': 0.001078715421398598, 'training.weight_decay': 3.479468250235268e-05, 'training.batch_size': 128, 'training.gradient_clip_val': 0.5015506552275633, 'training.early_stopping_patience': 7, 'model.nhead': 1, 'model.embedding_dim': 64, 'model.hidden_dim': 64, 'model.nlayers': 3, 'model.dropout': 0.12562233732676323, 'training.epochs': 17}. Best is trial 87 with value: 0.777931809425354.
Seed set to 137

🔬 Trial 95 hyperparameters:
  Walk length: 19, Num walks: 366,839
  LR: 1.41e-03, Batch size: 256
  Model: emb_dim=64, hidden_dim=16
  Transformer: 5 layers, 2 heads
  Epochs: 22, Weighted loss: True
Loading wiki-rfa dataset...
Success! ✅
Splitting edges for wiki-rfa dataset...
Ratios: train=0.480, mask=0.320, val=0.100, test=0.100
Success! ✅
Sampling random walks from wiki-rfa dataset...
Success! ✅
Building tokenizer for wiki-rfa dataset...
Success! ✅
Padding and building stage tensors for wiki-rfa dataset...
Success! ✅
Data creation profiling (seconds):
  get_edge_list: 84.83s
  split_edges: 0.10s
  get_walks: 27.35s
  get_tokenizer: 0.80s
  encode_walks: 14.16s
  pad_and_build_stage_tensors: 1.78s
Creating DataLoaders for wiki-rfa dataset...
Success! ✅
GPU available: True (cuda), used: True
TPU available: False, using: 0 TPU cores
HPU available: False, using: 0 HPUs
/home/eng/shilo_avital/yolo_lab/walk_to_paint/.venv/lib64/python3.9/site-packages/pytorch_lightning/callbacks/model_checkpoint.py:658: Checkpoint directory /home/eng/shilo_avital/yolo_lab/walk_to_paint/outputs/wiki-rfa/wiki-rfa-optuna_20251203-235202/checkpoints exists and is not empty.
LOCAL_RANK: 0 - CUDA_VISIBLE_DEVICES: [1]
Metric val_auc_epoch improved. New best score: 0.619
Metric val_auc_epoch improved by 0.048 >= min_delta = 0.0. New best score: 0.666
Metric val_auc_epoch improved by 0.018 >= min_delta = 0.0. New best score: 0.685
Metric val_auc_epoch improved by 0.016 >= min_delta = 0.0. New best score: 0.701
Metric val_auc_epoch improved by 0.019 >= min_delta = 0.0. New best score: 0.719
Metric val_auc_epoch improved by 0.003 >= min_delta = 0.0. New best score: 0.722
Metric val_auc_epoch improved by 0.007 >= min_delta = 0.0. New best score: 0.730
Metric val_auc_epoch improved by 0.001 >= min_delta = 0.0. New best score: 0.731
❌ Trial 95 failed: Trial was pruned at epoch 10.
[I 2025-12-05 10:05:17,678] Trial 95 finished with value: 0.0 and parameters: {'dataset.max_walk_length': 19, 'dataset.num_walks': 366839, 'training.lr': 0.0014110361490057785, 'training.weight_decay': 0.00012205472588983567, 'training.batch_size': 256, 'training.gradient_clip_val': 0.41436166029935795, 'training.early_stopping_patience': 5, 'model.nhead': 2, 'model.embedding_dim': 64, 'model.hidden_dim': 16, 'model.nlayers': 5, 'model.dropout': 0.11045182594310585, 'training.epochs': 22}. Best is trial 87 with value: 0.777931809425354.
🧹 Cleaning up old checkpoints and logs (keeping top 10)...
  Removed old checkpoint: trial_85-epoch=04-val_auc_epoch=0.7444.ckpt
  Removed old checkpoint: trial_84-epoch=05-val_auc_epoch=0.6862.ckpt
  Removed old checkpoint: trial_83-epoch=04-val_auc_epoch=0.6402.ckpt
  Removed old checkpoint: trial_82-epoch=02-val_auc_epoch=0.7482.ckpt
  Removed old checkpoint: trial_81-epoch=07-val_auc_epoch=0.7505.ckpt
  Removed old log dir: trial_85
  Removed old log dir: trial_84
  Removed old log dir: trial_83
  Removed old log dir: trial_82
  Removed old log dir: trial_81
Seed set to 138

🔬 Trial 96 hyperparameters:
  Walk length: 13, Num walks: 462,938
  LR: 9.12e-04, Batch size: 512
  Model: emb_dim=128, hidden_dim=64
  Transformer: 4 layers, 8 heads
  Epochs: 17, Weighted loss: True
Loading wiki-rfa dataset...
Success! ✅
Splitting edges for wiki-rfa dataset...
Ratios: train=0.480, mask=0.320, val=0.100, test=0.100
Success! ✅
Sampling random walks from wiki-rfa dataset...
Success! ✅
Building tokenizer for wiki-rfa dataset...
Success! ✅
Padding and building stage tensors for wiki-rfa dataset...
Success! ✅
Data creation profiling (seconds):
  get_edge_list: 84.56s
  split_edges: 0.09s
  get_walks: 34.76s
  get_tokenizer: 0.87s
  encode_walks: 16.03s
  pad_and_build_stage_tensors: 2.23s
Creating DataLoaders for wiki-rfa dataset...
Success! ✅
GPU available: True (cuda), used: True
TPU available: False, using: 0 TPU cores
HPU available: False, using: 0 HPUs
/home/eng/shilo_avital/yolo_lab/walk_to_paint/.venv/lib64/python3.9/site-packages/pytorch_lightning/callbacks/model_checkpoint.py:658: Checkpoint directory /home/eng/shilo_avital/yolo_lab/walk_to_paint/outputs/wiki-rfa/wiki-rfa-optuna_20251203-235202/checkpoints exists and is not empty.
LOCAL_RANK: 0 - CUDA_VISIBLE_DEVICES: [1]
Metric val_auc_epoch improved. New best score: 0.644
Metric val_auc_epoch improved by 0.014 >= min_delta = 0.0. New best score: 0.658
Metric val_auc_epoch improved by 0.026 >= min_delta = 0.0. New best score: 0.684
Metric val_auc_epoch improved by 0.008 >= min_delta = 0.0. New best score: 0.692
Metric val_auc_epoch improved by 0.012 >= min_delta = 0.0. New best score: 0.704
Metric val_auc_epoch improved by 0.010 >= min_delta = 0.0. New best score: 0.714
❌ Trial 96 failed: Trial was pruned at epoch 7.
[I 2025-12-05 10:09:35,001] Trial 96 finished with value: 0.0 and parameters: {'dataset.max_walk_length': 13, 'dataset.num_walks': 462938, 'training.lr': 0.0009124964784832121, 'training.weight_decay': 8.698686423290658e-05, 'training.batch_size': 512, 'training.gradient_clip_val': 0.28979087301931766, 'training.early_stopping_patience': 13, 'model.nhead': 8, 'model.embedding_dim': 128, 'model.hidden_dim': 64, 'model.nlayers': 4, 'model.dropout': 0.17631285174344533, 'training.epochs': 17}. Best is trial 87 with value: 0.777931809425354.
Seed set to 139

🔬 Trial 97 hyperparameters:
  Walk length: 46, Num walks: 610,583
  LR: 3.49e-04, Batch size: 256
  Model: emb_dim=64, hidden_dim=128
  Transformer: 5 layers, 1 heads
  Epochs: 20, Weighted loss: True
Loading wiki-rfa dataset...
Success! ✅
Splitting edges for wiki-rfa dataset...
Ratios: train=0.480, mask=0.320, val=0.100, test=0.100
Success! ✅
Sampling random walks from wiki-rfa dataset...
Success! ✅
Building tokenizer for wiki-rfa dataset...
Success! ✅
Padding and building stage tensors for wiki-rfa dataset...
Success! ✅
Data creation profiling (seconds):
  get_edge_list: 84.63s
  split_edges: 0.09s
  get_walks: 46.94s
  get_tokenizer: 1.47s
  encode_walks: 25.61s
  pad_and_build_stage_tensors: 3.06s
Creating DataLoaders for wiki-rfa dataset...
Success! ✅
/home/eng/shilo_avital/yolo_lab/walk_to_paint/.venv/lib64/python3.9/site-packages/torch/nn/modules/transformer.py:382: UserWarning: enable_nested_tensor is True, but self.use_nested_tensor is False because encoder_layer.self_attn.num_heads is odd
  warnings.warn(
GPU available: True (cuda), used: True
TPU available: False, using: 0 TPU cores
HPU available: False, using: 0 HPUs
/home/eng/shilo_avital/yolo_lab/walk_to_paint/.venv/lib64/python3.9/site-packages/pytorch_lightning/callbacks/model_checkpoint.py:658: Checkpoint directory /home/eng/shilo_avital/yolo_lab/walk_to_paint/outputs/wiki-rfa/wiki-rfa-optuna_20251203-235202/checkpoints exists and is not empty.
LOCAL_RANK: 0 - CUDA_VISIBLE_DEVICES: [1]
Metric val_auc_epoch improved. New best score: 0.591
Metric val_auc_epoch improved by 0.035 >= min_delta = 0.0. New best score: 0.626
Metric val_auc_epoch improved by 0.027 >= min_delta = 0.0. New best score: 0.653
Metric val_auc_epoch improved by 0.022 >= min_delta = 0.0. New best score: 0.676
Metric val_auc_epoch improved by 0.009 >= min_delta = 0.0. New best score: 0.685
Metric val_auc_epoch improved by 0.007 >= min_delta = 0.0. New best score: 0.691
❌ Trial 97 failed: Trial was pruned at epoch 6.
[I 2025-12-05 10:16:56,769] Trial 97 finished with value: 0.0 and parameters: {'dataset.max_walk_length': 46, 'dataset.num_walks': 610583, 'training.lr': 0.00034896136268809886, 'training.weight_decay': 1.4759701238472958e-05, 'training.batch_size': 256, 'training.gradient_clip_val': 0.6491950326994121, 'training.early_stopping_patience': 11, 'model.nhead': 1, 'model.embedding_dim': 64, 'model.hidden_dim': 128, 'model.nlayers': 5, 'model.dropout': 0.15565180788978142, 'training.epochs': 20}. Best is trial 87 with value: 0.777931809425354.
Seed set to 140

🔬 Trial 98 hyperparameters:
  Walk length: 41, Num walks: 510,898
  LR: 2.41e-03, Batch size: 128
  Model: emb_dim=8, hidden_dim=64
  Transformer: 4 layers, 2 heads
  Epochs: 14, Weighted loss: True
Loading wiki-rfa dataset...
Success! ✅
Splitting edges for wiki-rfa dataset...
Ratios: train=0.480, mask=0.320, val=0.100, test=0.100
Success! ✅
Sampling random walks from wiki-rfa dataset...
Success! ✅
Building tokenizer for wiki-rfa dataset...
Success! ✅
Padding and building stage tensors for wiki-rfa dataset...
Success! ✅
Data creation profiling (seconds):
  get_edge_list: 84.74s
  split_edges: 0.10s
  get_walks: 38.84s
  get_tokenizer: 1.17s
  encode_walks: 20.68s
  pad_and_build_stage_tensors: 2.55s
Creating DataLoaders for wiki-rfa dataset...
Success! ✅
GPU available: True (cuda), used: True
TPU available: False, using: 0 TPU cores
HPU available: False, using: 0 HPUs
/home/eng/shilo_avital/yolo_lab/walk_to_paint/.venv/lib64/python3.9/site-packages/pytorch_lightning/callbacks/model_checkpoint.py:658: Checkpoint directory /home/eng/shilo_avital/yolo_lab/walk_to_paint/outputs/wiki-rfa/wiki-rfa-optuna_20251203-235202/checkpoints exists and is not empty.
LOCAL_RANK: 0 - CUDA_VISIBLE_DEVICES: [1]
Metric val_auc_epoch improved. New best score: 0.548
Metric val_auc_epoch improved by 0.011 >= min_delta = 0.0. New best score: 0.559
Metric val_auc_epoch improved by 0.006 >= min_delta = 0.0. New best score: 0.565
Metric val_auc_epoch improved by 0.025 >= min_delta = 0.0. New best score: 0.590
Metric val_auc_epoch improved by 0.025 >= min_delta = 0.0. New best score: 0.614
❌ Trial 98 failed: Trial was pruned at epoch 5.
[I 2025-12-05 10:25:19,796] Trial 98 finished with value: 0.0 and parameters: {'dataset.max_walk_length': 41, 'dataset.num_walks': 510898, 'training.lr': 0.00241118996008965, 'training.weight_decay': 2.737054728161977e-05, 'training.batch_size': 128, 'training.gradient_clip_val': 0.7152017167626191, 'training.early_stopping_patience': 6, 'model.nhead': 2, 'model.embedding_dim': 8, 'model.hidden_dim': 64, 'model.nlayers': 4, 'model.dropout': 0.21072659293482746, 'training.epochs': 14}. Best is trial 87 with value: 0.777931809425354.
[I 2025-12-05 10:25:19,830] Trial 99 pruned. Could not find valid nhead/embedding_dim combination after 10 attempts
Seed set to 142

🔬 Trial 100 hyperparameters:
  Walk length: 95, Num walks: 698,880
  LR: 1.16e-03, Batch size: 32
  Model: emb_dim=16, hidden_dim=256
  Transformer: 5 layers, 8 heads
  Epochs: 24, Weighted loss: True
Loading wiki-rfa dataset...
Success! ✅
Splitting edges for wiki-rfa dataset...
Ratios: train=0.480, mask=0.320, val=0.100, test=0.100
Success! ✅
Sampling random walks from wiki-rfa dataset...
Success! ✅
Building tokenizer for wiki-rfa dataset...
Success! ✅
Padding and building stage tensors for wiki-rfa dataset...
Success! ✅
Data creation profiling (seconds):
  get_edge_list: 84.56s
  split_edges: 0.10s
  get_walks: 52.68s
  get_tokenizer: 1.60s
  encode_walks: 28.96s
  pad_and_build_stage_tensors: 3.66s
Creating DataLoaders for wiki-rfa dataset...
Success! ✅
GPU available: True (cuda), used: True
TPU available: False, using: 0 TPU cores
HPU available: False, using: 0 HPUs
/home/eng/shilo_avital/yolo_lab/walk_to_paint/.venv/lib64/python3.9/site-packages/pytorch_lightning/callbacks/model_checkpoint.py:658: Checkpoint directory /home/eng/shilo_avital/yolo_lab/walk_to_paint/outputs/wiki-rfa/wiki-rfa-optuna_20251203-235202/checkpoints exists and is not empty.
LOCAL_RANK: 0 - CUDA_VISIBLE_DEVICES: [1]
Metric val_auc_epoch improved. New best score: 0.578
Metric val_auc_epoch improved by 0.013 >= min_delta = 0.0. New best score: 0.591
Metric val_auc_epoch improved by 0.000 >= min_delta = 0.0. New best score: 0.591
Metric val_auc_epoch improved by 0.015 >= min_delta = 0.0. New best score: 0.607
❌ Trial 100 failed: Trial was pruned at epoch 5.
