[I 2025-12-05 14:14:17,924] Trial 116 finished with value: 0.7359711527824402 and parameters: {'dataset.max_walk_length': 87, 'dataset.num_walks': 829646, 'training.lr': 0.0013122220657047026, 'training.weight_decay': 2.0251081995131e-05, 'training.batch_size': 64, 'training.gradient_clip_val': 0.20620946606531343, 'training.early_stopping_patience': 8, 'model.nhead': 2, 'model.embedding_dim': 32, 'model.hidden_dim': 16, 'model.nlayers': 5, 'model.dropout': 0.23365548318429555, 'training.epochs': 10}. Best is trial 87 with value: 0.777931809425354.
Seed set to 159

🔬 Trial 117 hyperparameters:
  Walk length: 74, Num walks: 468,836
  LR: 7.28e-03, Batch size: 256
  Model: emb_dim=128, hidden_dim=4
  Transformer: 5 layers, 2 heads
  Epochs: 12, Weighted loss: True
Loading wiki-rfa dataset...
Success! ✅
Splitting edges for wiki-rfa dataset...
Ratios: train=0.480, mask=0.320, val=0.100, test=0.100
Success! ✅
Sampling random walks from wiki-rfa dataset...
Success! ✅
Building tokenizer for wiki-rfa dataset...
Success! ✅
Padding and building stage tensors for wiki-rfa dataset...
Success! ✅
Data creation profiling (seconds):
  get_edge_list: 4.52s
  split_edges: 0.10s
  get_walks: 35.42s
  get_tokenizer: 1.07s
  encode_walks: 19.39s
  pad_and_build_stage_tensors: 2.54s
Creating DataLoaders for wiki-rfa dataset...
Success! ✅
GPU available: True (cuda), used: True
TPU available: False, using: 0 TPU cores
HPU available: False, using: 0 HPUs
/home/eng/shilo_avital/yolo_lab/walk_to_paint/.venv/lib64/python3.9/site-packages/pytorch_lightning/callbacks/model_checkpoint.py:658: Checkpoint directory /home/eng/shilo_avital/yolo_lab/walk_to_paint/outputs/wiki-rfa/wiki-rfa-optuna_20251203-235202/checkpoints exists and is not empty.
LOCAL_RANK: 0 - CUDA_VISIBLE_DEVICES: [1]
Metric val_auc_epoch improved. New best score: 0.500
Metric val_auc_epoch improved by 0.001 >= min_delta = 0.0. New best score: 0.501
❌ Trial 117 failed: Trial was pruned at epoch 5.
[I 2025-12-05 14:20:40,229] Trial 117 finished with value: 0.0 and parameters: {'dataset.max_walk_length': 74, 'dataset.num_walks': 468836, 'training.lr': 0.007284027247729302, 'training.weight_decay': 0.000112141132782385, 'training.batch_size': 256, 'training.gradient_clip_val': 0.47219294188058375, 'training.early_stopping_patience': 5, 'model.nhead': 2, 'model.embedding_dim': 128, 'model.hidden_dim': 4, 'model.nlayers': 5, 'model.dropout': 0.20656305173438974, 'training.epochs': 12}. Best is trial 87 with value: 0.777931809425354.
Seed set to 160

🔬 Trial 118 hyperparameters:
  Walk length: 77, Num walks: 558,009
  LR: 4.45e-03, Batch size: 128
  Model: emb_dim=32, hidden_dim=4
  Transformer: 4 layers, 1 heads
  Epochs: 11, Weighted loss: True
Loading wiki-rfa dataset...
Success! ✅
Splitting edges for wiki-rfa dataset...
Ratios: train=0.480, mask=0.320, val=0.100, test=0.100
Success! ✅
Sampling random walks from wiki-rfa dataset...
Success! ✅
Building tokenizer for wiki-rfa dataset...
Success! ✅
Padding and building stage tensors for wiki-rfa dataset...
Success! ✅
Data creation profiling (seconds):
  get_edge_list: 84.55s
  split_edges: 0.09s
  get_walks: 43.32s
  get_tokenizer: 1.24s
  encode_walks: 22.64s
  pad_and_build_stage_tensors: 2.97s
Creating DataLoaders for wiki-rfa dataset...
Success! ✅
/home/eng/shilo_avital/yolo_lab/walk_to_paint/.venv/lib64/python3.9/site-packages/torch/nn/modules/transformer.py:382: UserWarning: enable_nested_tensor is True, but self.use_nested_tensor is False because encoder_layer.self_attn.num_heads is odd
  warnings.warn(
GPU available: True (cuda), used: True
TPU available: False, using: 0 TPU cores
HPU available: False, using: 0 HPUs
/home/eng/shilo_avital/yolo_lab/walk_to_paint/.venv/lib64/python3.9/site-packages/pytorch_lightning/callbacks/model_checkpoint.py:658: Checkpoint directory /home/eng/shilo_avital/yolo_lab/walk_to_paint/outputs/wiki-rfa/wiki-rfa-optuna_20251203-235202/checkpoints exists and is not empty.
LOCAL_RANK: 0 - CUDA_VISIBLE_DEVICES: [1]
Metric val_auc_epoch improved. New best score: 0.616
Metric val_auc_epoch improved by 0.047 >= min_delta = 0.0. New best score: 0.663
Metric val_auc_epoch improved by 0.002 >= min_delta = 0.0. New best score: 0.666
Metric val_auc_epoch improved by 0.003 >= min_delta = 0.0. New best score: 0.668
❌ Trial 118 failed: Trial was pruned at epoch 5.
[I 2025-12-05 14:29:53,396] Trial 118 finished with value: 0.0 and parameters: {'dataset.max_walk_length': 77, 'dataset.num_walks': 558009, 'training.lr': 0.004447364239311656, 'training.weight_decay': 2.5713674307793118e-05, 'training.batch_size': 128, 'training.gradient_clip_val': 0.406242976089238, 'training.early_stopping_patience': 7, 'model.nhead': 1, 'model.embedding_dim': 32, 'model.hidden_dim': 4, 'model.nlayers': 4, 'model.dropout': 0.2529951461261463, 'training.epochs': 11}. Best is trial 87 with value: 0.777931809425354.
Seed set to 161

🔬 Trial 119 hyperparameters:
  Walk length: 98, Num walks: 438,496
  LR: 2.82e-03, Batch size: 256
  Model: emb_dim=8, hidden_dim=64
  Transformer: 5 layers, 8 heads
  Epochs: 10, Weighted loss: True
Loading wiki-rfa dataset...
Success! ✅
Splitting edges for wiki-rfa dataset...
Ratios: train=0.480, mask=0.320, val=0.100, test=0.100
Success! ✅
Sampling random walks from wiki-rfa dataset...
Success! ✅
Building tokenizer for wiki-rfa dataset...
Success! ✅
Padding and building stage tensors for wiki-rfa dataset...
Success! ✅
Data creation profiling (seconds):
  get_edge_list: 84.90s
  split_edges: 0.10s
  get_walks: 33.72s
  get_tokenizer: 1.01s
  encode_walks: 17.91s
  pad_and_build_stage_tensors: 2.30s
Creating DataLoaders for wiki-rfa dataset...
Success! ✅
GPU available: True (cuda), used: True
TPU available: False, using: 0 TPU cores
HPU available: False, using: 0 HPUs
/home/eng/shilo_avital/yolo_lab/walk_to_paint/.venv/lib64/python3.9/site-packages/pytorch_lightning/callbacks/model_checkpoint.py:658: Checkpoint directory /home/eng/shilo_avital/yolo_lab/walk_to_paint/outputs/wiki-rfa/wiki-rfa-optuna_20251203-235202/checkpoints exists and is not empty.
LOCAL_RANK: 0 - CUDA_VISIBLE_DEVICES: [1]
Metric val_auc_epoch improved. New best score: 0.532
Metric val_auc_epoch improved by 0.016 >= min_delta = 0.0. New best score: 0.548
Metric val_auc_epoch improved by 0.006 >= min_delta = 0.0. New best score: 0.554
Metric val_auc_epoch improved by 0.005 >= min_delta = 0.0. New best score: 0.559
❌ Trial 119 failed: Trial was pruned at epoch 5.
[I 2025-12-05 14:46:35,350] Trial 119 finished with value: 0.0 and parameters: {'dataset.max_walk_length': 98, 'dataset.num_walks': 438496, 'training.lr': 0.0028152457102107826, 'training.weight_decay': 4.705321203550325e-05, 'training.batch_size': 256, 'training.gradient_clip_val': 0.5011994799946147, 'training.early_stopping_patience': 5, 'model.nhead': 8, 'model.embedding_dim': 8, 'model.hidden_dim': 64, 'model.nlayers': 5, 'model.dropout': 0.27372884923179297, 'training.epochs': 10}. Best is trial 87 with value: 0.777931809425354.
Seed set to 162

🔬 Trial 120 hyperparameters:
  Walk length: 81, Num walks: 999,552
  LR: 1.67e-03, Batch size: 512
  Model: emb_dim=16, hidden_dim=128
  Transformer: 4 layers, 2 heads
  Epochs: 9, Weighted loss: True
Loading wiki-rfa dataset...
Success! ✅
Splitting edges for wiki-rfa dataset...
Ratios: train=0.480, mask=0.320, val=0.100, test=0.100
Success! ✅
Sampling random walks from wiki-rfa dataset...
Success! ✅
Building tokenizer for wiki-rfa dataset...
Success! ✅
Padding and building stage tensors for wiki-rfa dataset...
Success! ✅
Data creation profiling (seconds):
  get_edge_list: 84.90s
  split_edges: 0.10s
  get_walks: 76.88s
  get_tokenizer: 2.38s
  encode_walks: 41.30s
  pad_and_build_stage_tensors: 5.16s
Creating DataLoaders for wiki-rfa dataset...
Success! ✅
GPU available: True (cuda), used: True
TPU available: False, using: 0 TPU cores
HPU available: False, using: 0 HPUs
/home/eng/shilo_avital/yolo_lab/walk_to_paint/.venv/lib64/python3.9/site-packages/pytorch_lightning/callbacks/model_checkpoint.py:658: Checkpoint directory /home/eng/shilo_avital/yolo_lab/walk_to_paint/outputs/wiki-rfa/wiki-rfa-optuna_20251203-235202/checkpoints exists and is not empty.
LOCAL_RANK: 0 - CUDA_VISIBLE_DEVICES: [1]
Metric val_auc_epoch improved. New best score: 0.604
Metric val_auc_epoch improved by 0.034 >= min_delta = 0.0. New best score: 0.638
Metric val_auc_epoch improved by 0.025 >= min_delta = 0.0. New best score: 0.663
Metric val_auc_epoch improved by 0.014 >= min_delta = 0.0. New best score: 0.678
Metric val_auc_epoch improved by 0.008 >= min_delta = 0.0. New best score: 0.686
Metric val_auc_epoch improved by 0.007 >= min_delta = 0.0. New best score: 0.694
❌ Trial 120 failed: Trial was pruned at epoch 6.
[I 2025-12-05 14:56:12,520] Trial 120 finished with value: 0.0 and parameters: {'dataset.max_walk_length': 81, 'dataset.num_walks': 999552, 'training.lr': 0.0016728844947929294, 'training.weight_decay': 1.1481083436175358e-05, 'training.batch_size': 512, 'training.gradient_clip_val': 0.24581201337981215, 'training.early_stopping_patience': 6, 'model.nhead': 2, 'model.embedding_dim': 16, 'model.hidden_dim': 128, 'model.nlayers': 4, 'model.dropout': 0.1622765261173164, 'training.epochs': 9}. Best is trial 87 with value: 0.777931809425354.
🧹 Cleaning up old checkpoints and logs (keeping top 10)...
  Removed old checkpoint: trial_110-epoch=04-val_auc_epoch=0.6503.ckpt
  Removed old checkpoint: trial_109-epoch=04-val_auc_epoch=0.6225.ckpt
  Removed old checkpoint: trial_108-epoch=04-val_auc_epoch=0.6606.ckpt
  Removed old checkpoint: trial_107-epoch=06-val_auc_epoch=0.7242.ckpt
  Removed old checkpoint: trial_106-epoch=01-val_auc_epoch=0.7077.ckpt
  Removed old log dir: trial_110
  Removed old log dir: trial_109
  Removed old log dir: trial_108
  Removed old log dir: trial_107
  Removed old log dir: trial_106
Seed set to 163

🔬 Trial 121 hyperparameters:
  Walk length: 89, Num walks: 816,776
  LR: 3.06e-03, Batch size: 256
  Model: emb_dim=32, hidden_dim=4
  Transformer: 5 layers, 2 heads
  Epochs: 12, Weighted loss: True
Loading wiki-rfa dataset...
Success! ✅
Splitting edges for wiki-rfa dataset...
Ratios: train=0.480, mask=0.320, val=0.100, test=0.100
Success! ✅
Sampling random walks from wiki-rfa dataset...
Success! ✅
Building tokenizer for wiki-rfa dataset...
Success! ✅
Padding and building stage tensors for wiki-rfa dataset...
Success! ✅
Data creation profiling (seconds):
  get_edge_list: 84.57s
  split_edges: 0.10s
  get_walks: 62.34s
  get_tokenizer: 1.74s
  encode_walks: 34.30s
  pad_and_build_stage_tensors: 4.42s
Creating DataLoaders for wiki-rfa dataset...
Success! ✅
GPU available: True (cuda), used: True
TPU available: False, using: 0 TPU cores
HPU available: False, using: 0 HPUs
/home/eng/shilo_avital/yolo_lab/walk_to_paint/.venv/lib64/python3.9/site-packages/pytorch_lightning/callbacks/model_checkpoint.py:658: Checkpoint directory /home/eng/shilo_avital/yolo_lab/walk_to_paint/outputs/wiki-rfa/wiki-rfa-optuna_20251203-235202/checkpoints exists and is not empty.
LOCAL_RANK: 0 - CUDA_VISIBLE_DEVICES: [1]
Metric val_auc_epoch improved. New best score: 0.642
Metric val_auc_epoch improved by 0.053 >= min_delta = 0.0. New best score: 0.695
Metric val_auc_epoch improved by 0.013 >= min_delta = 0.0. New best score: 0.708
❌ Trial 121 failed: Trial was pruned at epoch 6.
[I 2025-12-05 15:06:50,233] Trial 121 finished with value: 0.0 and parameters: {'dataset.max_walk_length': 89, 'dataset.num_walks': 816776, 'training.lr': 0.003060274405353837, 'training.weight_decay': 6.4110245422774e-05, 'training.batch_size': 256, 'training.gradient_clip_val': 0.10082254066917115, 'training.early_stopping_patience': 5, 'model.nhead': 2, 'model.embedding_dim': 32, 'model.hidden_dim': 4, 'model.nlayers': 5, 'model.dropout': 0.22188468138129136, 'training.epochs': 12}. Best is trial 87 with value: 0.777931809425354.
Seed set to 164

🔬 Trial 122 hyperparameters:
  Walk length: 86, Num walks: 772,900
  LR: 3.77e-03, Batch size: 256
  Model: emb_dim=32, hidden_dim=4
  Transformer: 5 layers, 2 heads
  Epochs: 12, Weighted loss: True
Loading wiki-rfa dataset...
Success! ✅
Splitting edges for wiki-rfa dataset...
Ratios: train=0.480, mask=0.320, val=0.100, test=0.100
Success! ✅
Sampling random walks from wiki-rfa dataset...
Success! ✅
Building tokenizer for wiki-rfa dataset...
Success! ✅
Padding and building stage tensors for wiki-rfa dataset...
Success! ✅
Data creation profiling (seconds):
  get_edge_list: 84.92s
  split_edges: 0.10s
  get_walks: 61.04s
  get_tokenizer: 1.64s
  encode_walks: 31.50s
  pad_and_build_stage_tensors: 4.14s
Creating DataLoaders for wiki-rfa dataset...
Success! ✅
GPU available: True (cuda), used: True
TPU available: False, using: 0 TPU cores
HPU available: False, using: 0 HPUs
/home/eng/shilo_avital/yolo_lab/walk_to_paint/.venv/lib64/python3.9/site-packages/pytorch_lightning/callbacks/model_checkpoint.py:658: Checkpoint directory /home/eng/shilo_avital/yolo_lab/walk_to_paint/outputs/wiki-rfa/wiki-rfa-optuna_20251203-235202/checkpoints exists and is not empty.
LOCAL_RANK: 0 - CUDA_VISIBLE_DEVICES: [1]
Metric val_auc_epoch improved. New best score: 0.674
Metric val_auc_epoch improved by 0.071 >= min_delta = 0.0. New best score: 0.745
Metric val_auc_epoch improved by 0.006 >= min_delta = 0.0. New best score: 0.751
Metric val_auc_epoch improved by 0.008 >= min_delta = 0.0. New best score: 0.759
Monitored metric val_auc_epoch did not improve in the last 5 records. Best score: 0.759. Signaling Trainer to stop.
Restoring states from the checkpoint path at /home/eng/shilo_avital/yolo_lab/walk_to_paint/outputs/wiki-rfa/wiki-rfa-optuna_20251203-235202/checkpoints/trial_122-epoch=03-val_auc_epoch=0.7589.ckpt
LOCAL_RANK: 0 - CUDA_VISIBLE_DEVICES: [1]
Loaded model weights from the checkpoint at /home/eng/shilo_avital/yolo_lab/walk_to_paint/outputs/wiki-rfa/wiki-rfa-optuna_20251203-235202/checkpoints/trial_122-epoch=03-val_auc_epoch=0.7589.ckpt
────────────────────────────────────────────────────────────────────────────────────────────────────────────────────────
     Validate metric           DataLoader 0
────────────────────────────────────────────────────────────────────────────────────────────────────────────────────────
          step                      9.0
      val_acc_epoch         0.5500327348709106
      val_auc_epoch         0.7589289546012878
      val_f1_epoch          0.5054669380187988
        val_loss            2.1391916275024414
────────────────────────────────────────────────────────────────────────────────────────────────────────────────────────
✅ Trial 122 completed - Val AUC: 0.7589
[I 2025-12-05 15:19:17,842] Trial 122 finished with value: 0.7589289546012878 and parameters: {'dataset.max_walk_length': 86, 'dataset.num_walks': 772900, 'training.lr': 0.0037724797234114774, 'training.weight_decay': 8.241876848228982e-05, 'training.batch_size': 256, 'training.gradient_clip_val': 0.135989878684094, 'training.early_stopping_patience': 5, 'model.nhead': 2, 'model.embedding_dim': 32, 'model.hidden_dim': 4, 'model.nlayers': 5, 'model.dropout': 0.2299238309008517, 'training.epochs': 12}. Best is trial 87 with value: 0.777931809425354.
Seed set to 165

🔬 Trial 123 hyperparameters:
  Walk length: 86, Num walks: 642,047
  LR: 3.67e-03, Batch size: 256
  Model: emb_dim=32, hidden_dim=4
  Transformer: 5 layers, 2 heads
  Epochs: 11, Weighted loss: True
Loading wiki-rfa dataset...
Success! ✅
Splitting edges for wiki-rfa dataset...
Ratios: train=0.480, mask=0.320, val=0.100, test=0.100
Success! ✅
Sampling random walks from wiki-rfa dataset...
Success! ✅
Building tokenizer for wiki-rfa dataset...
Success! ✅
Padding and building stage tensors for wiki-rfa dataset...
Success! ✅
Data creation profiling (seconds):
  get_edge_list: 4.85s
  split_edges: 0.10s
  get_walks: 48.70s
  get_tokenizer: 1.41s
  encode_walks: 26.87s
  pad_and_build_stage_tensors: 3.47s
Creating DataLoaders for wiki-rfa dataset...
Success! ✅
GPU available: True (cuda), used: True
TPU available: False, using: 0 TPU cores
HPU available: False, using: 0 HPUs
/home/eng/shilo_avital/yolo_lab/walk_to_paint/.venv/lib64/python3.9/site-packages/pytorch_lightning/callbacks/model_checkpoint.py:658: Checkpoint directory /home/eng/shilo_avital/yolo_lab/walk_to_paint/outputs/wiki-rfa/wiki-rfa-optuna_20251203-235202/checkpoints exists and is not empty.
LOCAL_RANK: 0 - CUDA_VISIBLE_DEVICES: [1]
Metric val_auc_epoch improved. New best score: 0.644
Metric val_auc_epoch improved by 0.043 >= min_delta = 0.0. New best score: 0.687
Metric val_auc_epoch improved by 0.024 >= min_delta = 0.0. New best score: 0.711
Metric val_auc_epoch improved by 0.019 >= min_delta = 0.0. New best score: 0.730
Metric val_auc_epoch improved by 0.007 >= min_delta = 0.0. New best score: 0.737
Metric val_auc_epoch improved by 0.006 >= min_delta = 0.0. New best score: 0.743
Metric val_auc_epoch improved by 0.002 >= min_delta = 0.0. New best score: 0.745
`Trainer.fit` stopped: `max_epochs=11` reached.
Restoring states from the checkpoint path at /home/eng/shilo_avital/yolo_lab/walk_to_paint/outputs/wiki-rfa/wiki-rfa-optuna_20251203-235202/checkpoints/trial_123-epoch=07-val_auc_epoch=0.7449.ckpt
LOCAL_RANK: 0 - CUDA_VISIBLE_DEVICES: [1]
Loaded model weights from the checkpoint at /home/eng/shilo_avital/yolo_lab/walk_to_paint/outputs/wiki-rfa/wiki-rfa-optuna_20251203-235202/checkpoints/trial_123-epoch=07-val_auc_epoch=0.7449.ckpt
────────────────────────────────────────────────────────────────────────────────────────────────────────────────────────
     Validate metric           DataLoader 0
────────────────────────────────────────────────────────────────────────────────────────────────────────────────────────
          step                     11.0
      val_acc_epoch         0.5416041612625122
      val_auc_epoch         0.7449356913566589
      val_f1_epoch          0.5015873908996582
        val_loss            2.4390714168548584
────────────────────────────────────────────────────────────────────────────────────────────────────────────────────────
✅ Trial 123 completed - Val AUC: 0.7449
[I 2025-12-05 15:30:09,392] Trial 123 finished with value: 0.7449356913566589 and parameters: {'dataset.max_walk_length': 86, 'dataset.num_walks': 642047, 'training.lr': 0.003672184953209062, 'training.weight_decay': 3.937627139665578e-05, 'training.batch_size': 256, 'training.gradient_clip_val': 0.15890576088859817, 'training.early_stopping_patience': 6, 'model.nhead': 2, 'model.embedding_dim': 32, 'model.hidden_dim': 4, 'model.nlayers': 5, 'model.dropout': 0.24620309301460538, 'training.epochs': 11}. Best is trial 87 with value: 0.777931809425354.
Seed set to 166

🔬 Trial 124 hyperparameters:
  Walk length: 84, Num walks: 748,407
  LR: 2.39e-03, Batch size: 256
  Model: emb_dim=32, hidden_dim=4
  Transformer: 5 layers, 2 heads
  Epochs: 25, Weighted loss: True
Loading wiki-rfa dataset...
Success! ✅
Splitting edges for wiki-rfa dataset...
Ratios: train=0.480, mask=0.320, val=0.100, test=0.100
Success! ✅
Sampling random walks from wiki-rfa dataset...
Success! ✅
Building tokenizer for wiki-rfa dataset...
Success! ✅
Padding and building stage tensors for wiki-rfa dataset...
Success! ✅
Data creation profiling (seconds):
  get_edge_list: 4.78s
  split_edges: 0.10s
  get_walks: 57.36s
  get_tokenizer: 1.61s
  encode_walks: 30.56s
  pad_and_build_stage_tensors: 3.91s
Creating DataLoaders for wiki-rfa dataset...
Success! ✅
GPU available: True (cuda), used: True
TPU available: False, using: 0 TPU cores
HPU available: False, using: 0 HPUs
/home/eng/shilo_avital/yolo_lab/walk_to_paint/.venv/lib64/python3.9/site-packages/pytorch_lightning/callbacks/model_checkpoint.py:658: Checkpoint directory /home/eng/shilo_avital/yolo_lab/walk_to_paint/outputs/wiki-rfa/wiki-rfa-optuna_20251203-235202/checkpoints exists and is not empty.
LOCAL_RANK: 0 - CUDA_VISIBLE_DEVICES: [1]
Metric val_auc_epoch improved. New best score: 0.637
Metric val_auc_epoch improved by 0.059 >= min_delta = 0.0. New best score: 0.696
Metric val_auc_epoch improved by 0.026 >= min_delta = 0.0. New best score: 0.722
Metric val_auc_epoch improved by 0.003 >= min_delta = 0.0. New best score: 0.726
Metric val_auc_epoch improved by 0.012 >= min_delta = 0.0. New best score: 0.738
Metric val_auc_epoch improved by 0.001 >= min_delta = 0.0. New best score: 0.739
Metric val_auc_epoch improved by 0.002 >= min_delta = 0.0. New best score: 0.740
Monitored metric val_auc_epoch did not improve in the last 5 records. Best score: 0.740. Signaling Trainer to stop.
Restoring states from the checkpoint path at /home/eng/shilo_avital/yolo_lab/walk_to_paint/outputs/wiki-rfa/wiki-rfa-optuna_20251203-235202/checkpoints/trial_124-epoch=09-val_auc_epoch=0.7402.ckpt
LOCAL_RANK: 0 - CUDA_VISIBLE_DEVICES: [1]
Loaded model weights from the checkpoint at /home/eng/shilo_avital/yolo_lab/walk_to_paint/outputs/wiki-rfa/wiki-rfa-optuna_20251203-235202/checkpoints/trial_124-epoch=09-val_auc_epoch=0.7402.ckpt
────────────────────────────────────────────────────────────────────────────────────────────────────────────────────────
     Validate metric           DataLoader 0
────────────────────────────────────────────────────────────────────────────────────────────────────────────────────────
          step                     15.0
      val_acc_epoch         0.5369007587432861
      val_auc_epoch         0.7401565313339233
      val_f1_epoch          0.5113667845726013
        val_loss            3.4673616886138916
────────────────────────────────────────────────────────────────────────────────────────────────────────────────────────
✅ Trial 124 completed - Val AUC: 0.7402
