[I 2025-12-05 22:59:50,623] Trial 157 finished with value: 0.0 and parameters: {'dataset.max_walk_length': 22, 'dataset.num_walks': 595902, 'training.lr': 0.0026474408085934236, 'training.weight_decay': 9.13000987928536e-06, 'training.batch_size': 32, 'training.gradient_clip_val': 0.2795713649814524, 'training.early_stopping_patience': 7, 'model.nhead': 2, 'model.embedding_dim': 64, 'model.hidden_dim': 4, 'model.nlayers': 6, 'model.dropout': 0.20310670408782988, 'training.epochs': 17}. Best is trial 87 with value: 0.777931809425354.
Seed set to 200

🔬 Trial 158 hyperparameters:
  Walk length: 21, Num walks: 644,532
  LR: 4.31e-03, Batch size: 256
  Model: emb_dim=4, hidden_dim=4
  Transformer: 5 layers, 2 heads
  Epochs: 11, Weighted loss: True
Loading wiki-rfa dataset...
Success! ✅
Splitting edges for wiki-rfa dataset...
Ratios: train=0.480, mask=0.320, val=0.100, test=0.100
Success! ✅
Sampling random walks from wiki-rfa dataset...
Success! ✅
Building tokenizer for wiki-rfa dataset...
Success! ✅
Padding and building stage tensors for wiki-rfa dataset...
Success! ✅
Data creation profiling (seconds):
  get_edge_list: 84.76s
  split_edges: 0.10s
  get_walks: 49.48s
  get_tokenizer: 1.32s
  encode_walks: 25.80s
  pad_and_build_stage_tensors: 3.18s
Creating DataLoaders for wiki-rfa dataset...
Success! ✅
GPU available: True (cuda), used: True
TPU available: False, using: 0 TPU cores
HPU available: False, using: 0 HPUs
/home/eng/shilo_avital/yolo_lab/walk_to_paint/.venv/lib64/python3.9/site-packages/pytorch_lightning/callbacks/model_checkpoint.py:658: Checkpoint directory /home/eng/shilo_avital/yolo_lab/walk_to_paint/outputs/wiki-rfa/wiki-rfa-optuna_20251203-235202/checkpoints exists and is not empty.
LOCAL_RANK: 0 - CUDA_VISIBLE_DEVICES: [1]
Metric val_auc_epoch improved. New best score: 0.545
Metric val_auc_epoch improved by 0.010 >= min_delta = 0.0. New best score: 0.555
Metric val_auc_epoch improved by 0.003 >= min_delta = 0.0. New best score: 0.558
Metric val_auc_epoch improved by 0.005 >= min_delta = 0.0. New best score: 0.563
Metric val_auc_epoch improved by 0.000 >= min_delta = 0.0. New best score: 0.563
❌ Trial 158 failed: Trial was pruned at epoch 5.
[I 2025-12-05 23:06:55,913] Trial 158 finished with value: 0.0 and parameters: {'dataset.max_walk_length': 21, 'dataset.num_walks': 644532, 'training.lr': 0.004305839651800153, 'training.weight_decay': 1.4491997092069057e-05, 'training.batch_size': 256, 'training.gradient_clip_val': 0.4239637840227588, 'training.early_stopping_patience': 11, 'model.nhead': 2, 'model.embedding_dim': 4, 'model.hidden_dim': 4, 'model.nlayers': 5, 'model.dropout': 0.2833823554120964, 'training.epochs': 11}. Best is trial 87 with value: 0.777931809425354.
Seed set to 201

🔬 Trial 159 hyperparameters:
  Walk length: 29, Num walks: 378,790
  LR: 1.96e-03, Batch size: 256
  Model: emb_dim=32, hidden_dim=256
  Transformer: 5 layers, 2 heads
  Epochs: 23, Weighted loss: True
Loading wiki-rfa dataset...
Success! ✅
Splitting edges for wiki-rfa dataset...
Ratios: train=0.480, mask=0.320, val=0.100, test=0.100
Success! ✅
Sampling random walks from wiki-rfa dataset...
Success! ✅
Building tokenizer for wiki-rfa dataset...
Success! ✅
Padding and building stage tensors for wiki-rfa dataset...
Success! ✅
Data creation profiling (seconds):
  get_edge_list: 84.68s
  split_edges: 0.10s
  get_walks: 29.28s
  get_tokenizer: 0.88s
  encode_walks: 15.54s
  pad_and_build_stage_tensors: 1.88s
Creating DataLoaders for wiki-rfa dataset...
Success! ✅
GPU available: True (cuda), used: True
TPU available: False, using: 0 TPU cores
HPU available: False, using: 0 HPUs
/home/eng/shilo_avital/yolo_lab/walk_to_paint/.venv/lib64/python3.9/site-packages/pytorch_lightning/callbacks/model_checkpoint.py:658: Checkpoint directory /home/eng/shilo_avital/yolo_lab/walk_to_paint/outputs/wiki-rfa/wiki-rfa-optuna_20251203-235202/checkpoints exists and is not empty.
LOCAL_RANK: 0 - CUDA_VISIBLE_DEVICES: [1]
Metric val_auc_epoch improved. New best score: 0.548
Metric val_auc_epoch improved by 0.051 >= min_delta = 0.0. New best score: 0.599
Metric val_auc_epoch improved by 0.021 >= min_delta = 0.0. New best score: 0.620
Metric val_auc_epoch improved by 0.023 >= min_delta = 0.0. New best score: 0.643
Metric val_auc_epoch improved by 0.008 >= min_delta = 0.0. New best score: 0.651
❌ Trial 159 failed: Trial was pruned at epoch 5.
[I 2025-12-05 23:11:37,124] Trial 159 finished with value: 0.0 and parameters: {'dataset.max_walk_length': 29, 'dataset.num_walks': 378790, 'training.lr': 0.001959204209738972, 'training.weight_decay': 5.701617540407604e-06, 'training.batch_size': 256, 'training.gradient_clip_val': 0.6052416181840672, 'training.early_stopping_patience': 6, 'model.nhead': 2, 'model.embedding_dim': 32, 'model.hidden_dim': 256, 'model.nlayers': 5, 'model.dropout': 0.23538758931213424, 'training.epochs': 23}. Best is trial 87 with value: 0.777931809425354.
Seed set to 202

🔬 Trial 160 hyperparameters:
  Walk length: 14, Num walks: 955,689
  LR: 6.96e-03, Batch size: 64
  Model: emb_dim=32, hidden_dim=4
  Transformer: 5 layers, 8 heads
  Epochs: 10, Weighted loss: True
Loading wiki-rfa dataset...
Success! ✅
Splitting edges for wiki-rfa dataset...
Ratios: train=0.480, mask=0.320, val=0.100, test=0.100
Success! ✅
Sampling random walks from wiki-rfa dataset...
Success! ✅
Building tokenizer for wiki-rfa dataset...
Success! ✅
Padding and building stage tensors for wiki-rfa dataset...
Success! ✅
Data creation profiling (seconds):
  get_edge_list: 84.59s
  split_edges: 0.14s
  get_walks: 71.11s
  get_tokenizer: 1.70s
  encode_walks: 35.22s
  pad_and_build_stage_tensors: 4.55s
Creating DataLoaders for wiki-rfa dataset...
Success! ✅
GPU available: True (cuda), used: True
TPU available: False, using: 0 TPU cores
HPU available: False, using: 0 HPUs
/home/eng/shilo_avital/yolo_lab/walk_to_paint/.venv/lib64/python3.9/site-packages/pytorch_lightning/callbacks/model_checkpoint.py:658: Checkpoint directory /home/eng/shilo_avital/yolo_lab/walk_to_paint/outputs/wiki-rfa/wiki-rfa-optuna_20251203-235202/checkpoints exists and is not empty.
LOCAL_RANK: 0 - CUDA_VISIBLE_DEVICES: [1]
Metric val_auc_epoch improved. New best score: 0.493
Metric val_auc_epoch improved by 0.002 >= min_delta = 0.0. New best score: 0.494
Metric val_auc_epoch improved by 0.006 >= min_delta = 0.0. New best score: 0.500
Metric val_auc_epoch improved by 0.003 >= min_delta = 0.0. New best score: 0.503
❌ Trial 160 failed: Trial was pruned at epoch 5.
[I 2025-12-05 23:36:46,305] Trial 160 finished with value: 0.0 and parameters: {'dataset.max_walk_length': 14, 'dataset.num_walks': 955689, 'training.lr': 0.006960920198805567, 'training.weight_decay': 1.6997410685600627e-06, 'training.batch_size': 64, 'training.gradient_clip_val': 1.060909405906256, 'training.early_stopping_patience': 8, 'model.nhead': 8, 'model.embedding_dim': 32, 'model.hidden_dim': 4, 'model.nlayers': 5, 'model.dropout': 0.3163931674882091, 'training.epochs': 10}. Best is trial 87 with value: 0.777931809425354.
🧹 Cleaning up old checkpoints and logs (keeping top 10)...
  Removed old checkpoint: trial_150-epoch=04-val_auc_epoch=0.5744.ckpt
  Removed old checkpoint: trial_149-epoch=04-val_auc_epoch=0.6031.ckpt
  Removed old checkpoint: trial_148-epoch=04-val_auc_epoch=0.6511.ckpt
  Removed old checkpoint: trial_147-epoch=05-val_auc_epoch=0.6937.ckpt
  Removed old checkpoint: trial_146-epoch=00-val_auc_epoch=0.5499.ckpt
  Removed old log dir: trial_150
  Removed old log dir: trial_149
  Removed old log dir: trial_148
  Removed old log dir: trial_147
  Removed old log dir: trial_146
Seed set to 203

🔬 Trial 161 hyperparameters:
  Walk length: 89, Num walks: 816,701
  LR: 3.17e-03, Batch size: 256
  Model: emb_dim=32, hidden_dim=4
  Transformer: 5 layers, 2 heads
  Epochs: 12, Weighted loss: True
Loading wiki-rfa dataset...
Success! ✅
Splitting edges for wiki-rfa dataset...
Ratios: train=0.480, mask=0.320, val=0.100, test=0.100
Success! ✅
Sampling random walks from wiki-rfa dataset...
Success! ✅
Building tokenizer for wiki-rfa dataset...
Success! ✅
Padding and building stage tensors for wiki-rfa dataset...
Success! ✅
Data creation profiling (seconds):
  get_edge_list: 84.92s
  split_edges: 0.10s
  get_walks: 64.05s
  get_tokenizer: 1.77s
  encode_walks: 33.45s
  pad_and_build_stage_tensors: 4.38s
Creating DataLoaders for wiki-rfa dataset...
Success! ✅
GPU available: True (cuda), used: True
TPU available: False, using: 0 TPU cores
HPU available: False, using: 0 HPUs
/home/eng/shilo_avital/yolo_lab/walk_to_paint/.venv/lib64/python3.9/site-packages/pytorch_lightning/callbacks/model_checkpoint.py:658: Checkpoint directory /home/eng/shilo_avital/yolo_lab/walk_to_paint/outputs/wiki-rfa/wiki-rfa-optuna_20251203-235202/checkpoints exists and is not empty.
LOCAL_RANK: 0 - CUDA_VISIBLE_DEVICES: [1]
Metric val_auc_epoch improved. New best score: 0.688
Metric val_auc_epoch improved by 0.046 >= min_delta = 0.0. New best score: 0.734
Metric val_auc_epoch improved by 0.027 >= min_delta = 0.0. New best score: 0.761
Metric val_auc_epoch improved by 0.004 >= min_delta = 0.0. New best score: 0.765
Metric val_auc_epoch improved by 0.004 >= min_delta = 0.0. New best score: 0.769
Monitored metric val_auc_epoch did not improve in the last 5 records. Best score: 0.769. Signaling Trainer to stop.
Restoring states from the checkpoint path at /home/eng/shilo_avital/yolo_lab/walk_to_paint/outputs/wiki-rfa/wiki-rfa-optuna_20251203-235202/checkpoints/trial_161-epoch=04-val_auc_epoch=0.7689.ckpt
LOCAL_RANK: 0 - CUDA_VISIBLE_DEVICES: [1]
Loaded model weights from the checkpoint at /home/eng/shilo_avital/yolo_lab/walk_to_paint/outputs/wiki-rfa/wiki-rfa-optuna_20251203-235202/checkpoints/trial_161-epoch=04-val_auc_epoch=0.7689.ckpt
────────────────────────────────────────────────────────────────────────────────────────────────────────────────────────
     Validate metric           DataLoader 0
────────────────────────────────────────────────────────────────────────────────────────────────────────────────────────
          step                     10.0
      val_acc_epoch          0.543347179889679
      val_auc_epoch         0.7689045667648315
      val_f1_epoch          0.5076580047607422
        val_loss             2.704707622528076
────────────────────────────────────────────────────────────────────────────────────────────────────────────────────────
✅ Trial 161 completed - Val AUC: 0.7689
[I 2025-12-05 23:51:06,728] Trial 161 finished with value: 0.7689045667648315 and parameters: {'dataset.max_walk_length': 89, 'dataset.num_walks': 816701, 'training.lr': 0.003172389690851934, 'training.weight_decay': 1.9867836615240397e-05, 'training.batch_size': 256, 'training.gradient_clip_val': 0.2299615915361008, 'training.early_stopping_patience': 5, 'model.nhead': 2, 'model.embedding_dim': 32, 'model.hidden_dim': 4, 'model.nlayers': 5, 'model.dropout': 0.22487856352394778, 'training.epochs': 12}. Best is trial 87 with value: 0.777931809425354.
Seed set to 204

🔬 Trial 162 hyperparameters:
  Walk length: 19, Num walks: 850,403
  LR: 3.51e-03, Batch size: 256
  Model: emb_dim=32, hidden_dim=4
  Transformer: 5 layers, 2 heads
  Epochs: 12, Weighted loss: True
Loading wiki-rfa dataset...
Success! ✅
Splitting edges for wiki-rfa dataset...
Ratios: train=0.480, mask=0.320, val=0.100, test=0.100
Success! ✅
Sampling random walks from wiki-rfa dataset...
Success! ✅
Building tokenizer for wiki-rfa dataset...
Success! ✅
Padding and building stage tensors for wiki-rfa dataset...
Success! ✅
Data creation profiling (seconds):
  get_edge_list: 4.82s
  split_edges: 0.10s
  get_walks: 65.27s
  get_tokenizer: 1.67s
  encode_walks: 33.83s
  pad_and_build_stage_tensors: 4.21s
Creating DataLoaders for wiki-rfa dataset...
Success! ✅
GPU available: True (cuda), used: True
TPU available: False, using: 0 TPU cores
HPU available: False, using: 0 HPUs
/home/eng/shilo_avital/yolo_lab/walk_to_paint/.venv/lib64/python3.9/site-packages/pytorch_lightning/callbacks/model_checkpoint.py:658: Checkpoint directory /home/eng/shilo_avital/yolo_lab/walk_to_paint/outputs/wiki-rfa/wiki-rfa-optuna_20251203-235202/checkpoints exists and is not empty.
LOCAL_RANK: 0 - CUDA_VISIBLE_DEVICES: [1]
Metric val_auc_epoch improved. New best score: 0.675
Metric val_auc_epoch improved by 0.060 >= min_delta = 0.0. New best score: 0.735
Metric val_auc_epoch improved by 0.009 >= min_delta = 0.0. New best score: 0.744
Metric val_auc_epoch improved by 0.003 >= min_delta = 0.0. New best score: 0.747
Monitored metric val_auc_epoch did not improve in the last 5 records. Best score: 0.747. Signaling Trainer to stop.
Restoring states from the checkpoint path at /home/eng/shilo_avital/yolo_lab/walk_to_paint/outputs/wiki-rfa/wiki-rfa-optuna_20251203-235202/checkpoints/trial_162-epoch=03-val_auc_epoch=0.7472.ckpt
LOCAL_RANK: 0 - CUDA_VISIBLE_DEVICES: [1]
Loaded model weights from the checkpoint at /home/eng/shilo_avital/yolo_lab/walk_to_paint/outputs/wiki-rfa/wiki-rfa-optuna_20251203-235202/checkpoints/trial_162-epoch=03-val_auc_epoch=0.7472.ckpt
────────────────────────────────────────────────────────────────────────────────────────────────────────────────────────
     Validate metric           DataLoader 0
────────────────────────────────────────────────────────────────────────────────────────────────────────────────────────
          step                      9.0
      val_acc_epoch         0.5415525436401367
      val_auc_epoch         0.7472245097160339
      val_f1_epoch           0.505066990852356
        val_loss            2.3860034942626953
────────────────────────────────────────────────────────────────────────────────────────────────────────────────────────
✅ Trial 162 completed - Val AUC: 0.7472
[I 2025-12-06 00:01:30,381] Trial 162 finished with value: 0.7472245097160339 and parameters: {'dataset.max_walk_length': 19, 'dataset.num_walks': 850403, 'training.lr': 0.003506352275157606, 'training.weight_decay': 2.099335592032693e-05, 'training.batch_size': 256, 'training.gradient_clip_val': 0.3271735003488097, 'training.early_stopping_patience': 5, 'model.nhead': 2, 'model.embedding_dim': 32, 'model.hidden_dim': 4, 'model.nlayers': 5, 'model.dropout': 0.23039281000252956, 'training.epochs': 12}. Best is trial 87 with value: 0.777931809425354.
Seed set to 205

🔬 Trial 163 hyperparameters:
  Walk length: 16, Num walks: 757,134
  LR: 2.48e-03, Batch size: 256
  Model: emb_dim=32, hidden_dim=4
  Transformer: 5 layers, 2 heads
  Epochs: 12, Weighted loss: True
Loading wiki-rfa dataset...
Success! ✅
Splitting edges for wiki-rfa dataset...
Ratios: train=0.480, mask=0.320, val=0.100, test=0.100
Success! ✅
Sampling random walks from wiki-rfa dataset...
Success! ✅
Building tokenizer for wiki-rfa dataset...
Success! ✅
Padding and building stage tensors for wiki-rfa dataset...
Success! ✅
Data creation profiling (seconds):
  get_edge_list: 4.85s
  split_edges: 0.10s
  get_walks: 57.10s
  get_tokenizer: 1.61s
  encode_walks: 28.81s
  pad_and_build_stage_tensors: 3.63s
Creating DataLoaders for wiki-rfa dataset...
Success! ✅
GPU available: True (cuda), used: True
TPU available: False, using: 0 TPU cores
HPU available: False, using: 0 HPUs
/home/eng/shilo_avital/yolo_lab/walk_to_paint/.venv/lib64/python3.9/site-packages/pytorch_lightning/callbacks/model_checkpoint.py:658: Checkpoint directory /home/eng/shilo_avital/yolo_lab/walk_to_paint/outputs/wiki-rfa/wiki-rfa-optuna_20251203-235202/checkpoints exists and is not empty.
LOCAL_RANK: 0 - CUDA_VISIBLE_DEVICES: [1]
Metric val_auc_epoch improved. New best score: 0.627
Metric val_auc_epoch improved by 0.041 >= min_delta = 0.0. New best score: 0.668
Metric val_auc_epoch improved by 0.023 >= min_delta = 0.0. New best score: 0.690
Metric val_auc_epoch improved by 0.008 >= min_delta = 0.0. New best score: 0.698
❌ Trial 163 failed: Trial was pruned at epoch 6.
[I 2025-12-06 00:08:41,393] Trial 163 finished with value: 0.0 and parameters: {'dataset.max_walk_length': 16, 'dataset.num_walks': 757134, 'training.lr': 0.002478089934764841, 'training.weight_decay': 1.102647235299611e-05, 'training.batch_size': 256, 'training.gradient_clip_val': 0.23900754825812087, 'training.early_stopping_patience': 6, 'model.nhead': 2, 'model.embedding_dim': 32, 'model.hidden_dim': 4, 'model.nlayers': 5, 'model.dropout': 0.25995269926303116, 'training.epochs': 12}. Best is trial 87 with value: 0.777931809425354.
Seed set to 206

🔬 Trial 164 hyperparameters:
  Walk length: 26, Num walks: 1,153,911
  LR: 3.03e-03, Batch size: 256
  Model: emb_dim=32, hidden_dim=4
  Transformer: 5 layers, 2 heads
  Epochs: 13, Weighted loss: True
Loading wiki-rfa dataset...
Success! ✅
Splitting edges for wiki-rfa dataset...
Ratios: train=0.480, mask=0.320, val=0.100, test=0.100
Success! ✅
Sampling random walks from wiki-rfa dataset...
Success! ✅
Building tokenizer for wiki-rfa dataset...
Success! ✅
Padding and building stage tensors for wiki-rfa dataset...
Success! ✅
Data creation profiling (seconds):
  get_edge_list: 84.58s
  split_edges: 0.10s
  get_walks: 89.54s
  get_tokenizer: 2.40s
  encode_walks: 45.89s
  pad_and_build_stage_tensors: 5.65s
Creating DataLoaders for wiki-rfa dataset...
Success! ✅
GPU available: True (cuda), used: True
TPU available: False, using: 0 TPU cores
HPU available: False, using: 0 HPUs
/home/eng/shilo_avital/yolo_lab/walk_to_paint/.venv/lib64/python3.9/site-packages/pytorch_lightning/callbacks/model_checkpoint.py:658: Checkpoint directory /home/eng/shilo_avital/yolo_lab/walk_to_paint/outputs/wiki-rfa/wiki-rfa-optuna_20251203-235202/checkpoints exists and is not empty.
LOCAL_RANK: 0 - CUDA_VISIBLE_DEVICES: [1]
Metric val_auc_epoch improved. New best score: 0.695
Metric val_auc_epoch improved by 0.014 >= min_delta = 0.0. New best score: 0.710
Metric val_auc_epoch improved by 0.003 >= min_delta = 0.0. New best score: 0.712
Metric val_auc_epoch improved by 0.000 >= min_delta = 0.0. New best score: 0.713
❌ Trial 164 failed: Trial was pruned at epoch 6.
[I 2025-12-06 00:21:08,040] Trial 164 finished with value: 0.0 and parameters: {'dataset.max_walk_length': 26, 'dataset.num_walks': 1153911, 'training.lr': 0.0030332425801954, 'training.weight_decay': 2.202015690508564e-05, 'training.batch_size': 256, 'training.gradient_clip_val': 0.38218278478042195, 'training.early_stopping_patience': 5, 'model.nhead': 2, 'model.embedding_dim': 32, 'model.hidden_dim': 4, 'model.nlayers': 5, 'model.dropout': 0.1939978298728403, 'training.epochs': 13}. Best is trial 87 with value: 0.777931809425354.
Seed set to 207

🔬 Trial 165 hyperparameters:
  Walk length: 43, Num walks: 1,066,715
  LR: 1.57e-03, Batch size: 256
  Model: emb_dim=32, hidden_dim=4
  Transformer: 5 layers, 2 heads
  Epochs: 11, Weighted loss: True
Loading wiki-rfa dataset...
Success! ✅
Splitting edges for wiki-rfa dataset...
Ratios: train=0.480, mask=0.320, val=0.100, test=0.100
Success! ✅
Sampling random walks from wiki-rfa dataset...
Success! ✅
Building tokenizer for wiki-rfa dataset...
Success! ✅
Padding and building stage tensors for wiki-rfa dataset...
Success! ✅
Data creation profiling (seconds):
  get_edge_list: 84.78s
  split_edges: 0.10s
  get_walks: 81.36s
  get_tokenizer: 2.30s
  encode_walks: 44.54s
  pad_and_build_stage_tensors: 5.36s
Creating DataLoaders for wiki-rfa dataset...
Success! ✅
GPU available: True (cuda), used: True
TPU available: False, using: 0 TPU cores
HPU available: False, using: 0 HPUs
/home/eng/shilo_avital/yolo_lab/walk_to_paint/.venv/lib64/python3.9/site-packages/pytorch_lightning/callbacks/model_checkpoint.py:658: Checkpoint directory /home/eng/shilo_avital/yolo_lab/walk_to_paint/outputs/wiki-rfa/wiki-rfa-optuna_20251203-235202/checkpoints exists and is not empty.
LOCAL_RANK: 0 - CUDA_VISIBLE_DEVICES: [1]
Metric val_auc_epoch improved. New best score: 0.664
Metric val_auc_epoch improved by 0.047 >= min_delta = 0.0. New best score: 0.710
Metric val_auc_epoch improved by 0.012 >= min_delta = 0.0. New best score: 0.722
Metric val_auc_epoch improved by 0.003 >= min_delta = 0.0. New best score: 0.725
❌ Trial 165 failed: Trial was pruned at epoch 7.
