[I 2025-12-05 18:26:29,296] Trial 132 finished with value: 0.0 and parameters: {'dataset.max_walk_length': 88, 'dataset.num_walks': 794482, 'training.lr': 0.0017276186686993455, 'training.weight_decay': 4.7221817523513296e-05, 'training.batch_size': 256, 'training.gradient_clip_val': 0.1849691302147112, 'training.early_stopping_patience': 5, 'model.nhead': 2, 'model.embedding_dim': 32, 'model.hidden_dim': 4, 'model.nlayers': 5, 'model.dropout': 0.22556897360821818, 'training.epochs': 13}. Best is trial 87 with value: 0.777931809425354.
Seed set to 175

🔬 Trial 133 hyperparameters:
  Walk length: 90, Num walks: 780,661
  LR: 1.42e-03, Batch size: 256
  Model: emb_dim=32, hidden_dim=4
  Transformer: 5 layers, 2 heads
  Epochs: 11, Weighted loss: True
Loading wiki-rfa dataset...
Success! ✅
Splitting edges for wiki-rfa dataset...
Ratios: train=0.480, mask=0.320, val=0.100, test=0.100
Success! ✅
Sampling random walks from wiki-rfa dataset...
Success! ✅
Building tokenizer for wiki-rfa dataset...
Success! ✅
Padding and building stage tensors for wiki-rfa dataset...
Success! ✅
Data creation profiling (seconds):
  get_edge_list: 84.79s
  split_edges: 0.10s
  get_walks: 60.96s
  get_tokenizer: 1.76s
  encode_walks: 32.92s
  pad_and_build_stage_tensors: 4.13s
Creating DataLoaders for wiki-rfa dataset...
Success! ✅
GPU available: True (cuda), used: True
TPU available: False, using: 0 TPU cores
HPU available: False, using: 0 HPUs
/home/eng/shilo_avital/yolo_lab/walk_to_paint/.venv/lib64/python3.9/site-packages/pytorch_lightning/callbacks/model_checkpoint.py:658: Checkpoint directory /home/eng/shilo_avital/yolo_lab/walk_to_paint/outputs/wiki-rfa/wiki-rfa-optuna_20251203-235202/checkpoints exists and is not empty.
LOCAL_RANK: 0 - CUDA_VISIBLE_DEVICES: [1]
Metric val_auc_epoch improved. New best score: 0.634
Metric val_auc_epoch improved by 0.061 >= min_delta = 0.0. New best score: 0.695
Metric val_auc_epoch improved by 0.032 >= min_delta = 0.0. New best score: 0.727
Metric val_auc_epoch improved by 0.006 >= min_delta = 0.0. New best score: 0.733
Monitored metric val_auc_epoch did not improve in the last 6 records. Best score: 0.733. Signaling Trainer to stop.
Restoring states from the checkpoint path at /home/eng/shilo_avital/yolo_lab/walk_to_paint/outputs/wiki-rfa/wiki-rfa-optuna_20251203-235202/checkpoints/trial_133-epoch=03-val_auc_epoch=0.7331.ckpt
LOCAL_RANK: 0 - CUDA_VISIBLE_DEVICES: [1]
Loaded model weights from the checkpoint at /home/eng/shilo_avital/yolo_lab/walk_to_paint/outputs/wiki-rfa/wiki-rfa-optuna_20251203-235202/checkpoints/trial_133-epoch=03-val_auc_epoch=0.7331.ckpt
❌ Trial 133 failed: Trial was pruned at epoch 10.
[I 2025-12-05 18:40:15,769] Trial 133 finished with value: 0.0 and parameters: {'dataset.max_walk_length': 90, 'dataset.num_walks': 780661, 'training.lr': 0.0014176982863689494, 'training.weight_decay': 1.7603115338243033e-05, 'training.batch_size': 256, 'training.gradient_clip_val': 0.2797269158601938, 'training.early_stopping_patience': 6, 'model.nhead': 2, 'model.embedding_dim': 32, 'model.hidden_dim': 4, 'model.nlayers': 5, 'model.dropout': 0.1444433139025227, 'training.epochs': 11}. Best is trial 87 with value: 0.777931809425354.
Seed set to 176

🔬 Trial 134 hyperparameters:
  Walk length: 85, Num walks: 627,117
  LR: 2.68e-03, Batch size: 256
  Model: emb_dim=32, hidden_dim=4
  Transformer: 5 layers, 2 heads
  Epochs: 12, Weighted loss: True
Loading wiki-rfa dataset...
Success! ✅
Splitting edges for wiki-rfa dataset...
Ratios: train=0.480, mask=0.320, val=0.100, test=0.100
Success! ✅
Sampling random walks from wiki-rfa dataset...
Success! ✅
Building tokenizer for wiki-rfa dataset...
Success! ✅
Padding and building stage tensors for wiki-rfa dataset...
Success! ✅
Data creation profiling (seconds):
  get_edge_list: 4.59s
  split_edges: 0.10s
  get_walks: 48.31s
  get_tokenizer: 1.54s
  encode_walks: 25.88s
  pad_and_build_stage_tensors: 3.31s
Creating DataLoaders for wiki-rfa dataset...
Success! ✅
GPU available: True (cuda), used: True
TPU available: False, using: 0 TPU cores
HPU available: False, using: 0 HPUs
/home/eng/shilo_avital/yolo_lab/walk_to_paint/.venv/lib64/python3.9/site-packages/pytorch_lightning/callbacks/model_checkpoint.py:658: Checkpoint directory /home/eng/shilo_avital/yolo_lab/walk_to_paint/outputs/wiki-rfa/wiki-rfa-optuna_20251203-235202/checkpoints exists and is not empty.
LOCAL_RANK: 0 - CUDA_VISIBLE_DEVICES: [1]
Metric val_auc_epoch improved. New best score: 0.616
Metric val_auc_epoch improved by 0.061 >= min_delta = 0.0. New best score: 0.677
Metric val_auc_epoch improved by 0.024 >= min_delta = 0.0. New best score: 0.701
Metric val_auc_epoch improved by 0.019 >= min_delta = 0.0. New best score: 0.721
Metric val_auc_epoch improved by 0.002 >= min_delta = 0.0. New best score: 0.723
❌ Trial 134 failed: Trial was pruned at epoch 7.
[I 2025-12-05 18:48:07,672] Trial 134 finished with value: 0.0 and parameters: {'dataset.max_walk_length': 85, 'dataset.num_walks': 627117, 'training.lr': 0.002678576354210994, 'training.weight_decay': 7.608100684651707e-05, 'training.batch_size': 256, 'training.gradient_clip_val': 0.4442258902826869, 'training.early_stopping_patience': 5, 'model.nhead': 2, 'model.embedding_dim': 32, 'model.hidden_dim': 4, 'model.nlayers': 5, 'model.dropout': 0.17908851422610417, 'training.epochs': 12}. Best is trial 87 with value: 0.777931809425354.
Seed set to 177

🔬 Trial 135 hyperparameters:
  Walk length: 80, Num walks: 1,047,450
  LR: 2.15e-03, Batch size: 128
  Model: emb_dim=64, hidden_dim=8
  Transformer: 5 layers, 2 heads
  Epochs: 10, Weighted loss: True
Loading wiki-rfa dataset...
Success! ✅
Splitting edges for wiki-rfa dataset...
Ratios: train=0.480, mask=0.320, val=0.100, test=0.100
Success! ✅
Sampling random walks from wiki-rfa dataset...
Success! ✅
Building tokenizer for wiki-rfa dataset...
Success! ✅
Padding and building stage tensors for wiki-rfa dataset...
Success! ✅
Data creation profiling (seconds):
  get_edge_list: 84.97s
  split_edges: 0.10s
  get_walks: 82.47s
  get_tokenizer: 2.52s
  encode_walks: 44.12s
  pad_and_build_stage_tensors: 5.41s
Creating DataLoaders for wiki-rfa dataset...
Success! ✅
GPU available: True (cuda), used: True
TPU available: False, using: 0 TPU cores
HPU available: False, using: 0 HPUs
/home/eng/shilo_avital/yolo_lab/walk_to_paint/.venv/lib64/python3.9/site-packages/pytorch_lightning/callbacks/model_checkpoint.py:658: Checkpoint directory /home/eng/shilo_avital/yolo_lab/walk_to_paint/outputs/wiki-rfa/wiki-rfa-optuna_20251203-235202/checkpoints exists and is not empty.
LOCAL_RANK: 0 - CUDA_VISIBLE_DEVICES: [1]
Metric val_auc_epoch improved. New best score: 0.543
Metric val_auc_epoch improved by 0.004 >= min_delta = 0.0. New best score: 0.548
Metric val_auc_epoch improved by 0.002 >= min_delta = 0.0. New best score: 0.549
Metric val_auc_epoch improved by 0.000 >= min_delta = 0.0. New best score: 0.550
Metric val_auc_epoch improved by 0.003 >= min_delta = 0.0. New best score: 0.552
❌ Trial 135 failed: Trial was pruned at epoch 5.
[I 2025-12-05 19:05:07,963] Trial 135 finished with value: 0.0 and parameters: {'dataset.max_walk_length': 80, 'dataset.num_walks': 1047450, 'training.lr': 0.0021547662820454844, 'training.weight_decay': 2.7390678942791433e-05, 'training.batch_size': 128, 'training.gradient_clip_val': 0.25422159490337476, 'training.early_stopping_patience': 6, 'model.nhead': 2, 'model.embedding_dim': 64, 'model.hidden_dim': 8, 'model.nlayers': 5, 'model.dropout': 0.19745538839308938, 'training.epochs': 10}. Best is trial 87 with value: 0.777931809425354.
🧹 Cleaning up old checkpoints and logs (keeping top 10)...
  Removed old checkpoint: trial_125-epoch=04-val_auc_epoch=0.6545.ckpt
  Removed old checkpoint: trial_124-epoch=09-val_auc_epoch=0.7402.ckpt
  Removed old checkpoint: trial_123-epoch=07-val_auc_epoch=0.7449.ckpt
  Removed old checkpoint: trial_122-epoch=03-val_auc_epoch=0.7589.ckpt
  Removed old checkpoint: trial_121-epoch=02-val_auc_epoch=0.7080.ckpt
  Removed old log dir: trial_125
  Removed old log dir: trial_124
  Removed old log dir: trial_123
  Removed old log dir: trial_122
  Removed old log dir: trial_121
Seed set to 178

🔬 Trial 136 hyperparameters:
  Walk length: 81, Num walks: 509,566
  LR: 3.11e-03, Batch size: 256
  Model: emb_dim=32, hidden_dim=4
  Transformer: 5 layers, 8 heads
  Epochs: 12, Weighted loss: True
Loading wiki-rfa dataset...
Success! ✅
Splitting edges for wiki-rfa dataset...
Ratios: train=0.480, mask=0.320, val=0.100, test=0.100
Success! ✅
Sampling random walks from wiki-rfa dataset...
Success! ✅
Building tokenizer for wiki-rfa dataset...
Success! ✅
Padding and building stage tensors for wiki-rfa dataset...
Success! ✅
Data creation profiling (seconds):
  get_edge_list: 84.78s
  split_edges: 0.09s
  get_walks: 39.24s
  get_tokenizer: 1.21s
  encode_walks: 21.73s
  pad_and_build_stage_tensors: 2.70s
Creating DataLoaders for wiki-rfa dataset...
Success! ✅
GPU available: True (cuda), used: True
TPU available: False, using: 0 TPU cores
HPU available: False, using: 0 HPUs
/home/eng/shilo_avital/yolo_lab/walk_to_paint/.venv/lib64/python3.9/site-packages/pytorch_lightning/callbacks/model_checkpoint.py:658: Checkpoint directory /home/eng/shilo_avital/yolo_lab/walk_to_paint/outputs/wiki-rfa/wiki-rfa-optuna_20251203-235202/checkpoints exists and is not empty.
LOCAL_RANK: 0 - CUDA_VISIBLE_DEVICES: [1]
Metric val_auc_epoch improved. New best score: 0.578
Metric val_auc_epoch improved by 0.056 >= min_delta = 0.0. New best score: 0.635
Metric val_auc_epoch improved by 0.019 >= min_delta = 0.0. New best score: 0.653
Metric val_auc_epoch improved by 0.012 >= min_delta = 0.0. New best score: 0.665
Metric val_auc_epoch improved by 0.005 >= min_delta = 0.0. New best score: 0.671
❌ Trial 136 failed: Trial was pruned at epoch 5.
[I 2025-12-05 19:14:32,323] Trial 136 finished with value: 0.0 and parameters: {'dataset.max_walk_length': 81, 'dataset.num_walks': 509566, 'training.lr': 0.0031068212828076237, 'training.weight_decay': 0.00011576313621251102, 'training.batch_size': 256, 'training.gradient_clip_val': 0.3608974474361578, 'training.early_stopping_patience': 5, 'model.nhead': 8, 'model.embedding_dim': 32, 'model.hidden_dim': 4, 'model.nlayers': 5, 'model.dropout': 0.2433433991221682, 'training.epochs': 12}. Best is trial 87 with value: 0.777931809425354.
Seed set to 179

🔬 Trial 137 hyperparameters:
  Walk length: 78, Num walks: 308,307
  LR: 1.12e-03, Batch size: 512
  Model: emb_dim=128, hidden_dim=4
  Transformer: 4 layers, 4 heads
  Epochs: 22, Weighted loss: True
Loading wiki-rfa dataset...
Success! ✅
Splitting edges for wiki-rfa dataset...
Ratios: train=0.480, mask=0.320, val=0.100, test=0.100
Success! ✅
Sampling random walks from wiki-rfa dataset...
Success! ✅
Building tokenizer for wiki-rfa dataset...
Success! ✅
Padding and building stage tensors for wiki-rfa dataset...
Success! ✅
Data creation profiling (seconds):
  get_edge_list: 84.57s
  split_edges: 0.09s
  get_walks: 23.68s
  get_tokenizer: 0.75s
  encode_walks: 12.39s
  pad_and_build_stage_tensors: 1.64s
Creating DataLoaders for wiki-rfa dataset...
Success! ✅
GPU available: True (cuda), used: True
TPU available: False, using: 0 TPU cores
HPU available: False, using: 0 HPUs
/home/eng/shilo_avital/yolo_lab/walk_to_paint/.venv/lib64/python3.9/site-packages/pytorch_lightning/callbacks/model_checkpoint.py:658: Checkpoint directory /home/eng/shilo_avital/yolo_lab/walk_to_paint/outputs/wiki-rfa/wiki-rfa-optuna_20251203-235202/checkpoints exists and is not empty.
LOCAL_RANK: 0 - CUDA_VISIBLE_DEVICES: [1]
Metric val_auc_epoch improved. New best score: 0.575
Metric val_auc_epoch improved by 0.074 >= min_delta = 0.0. New best score: 0.649
Metric val_auc_epoch improved by 0.038 >= min_delta = 0.0. New best score: 0.687
Metric val_auc_epoch improved by 0.022 >= min_delta = 0.0. New best score: 0.708
Metric val_auc_epoch improved by 0.010 >= min_delta = 0.0. New best score: 0.718
Metric val_auc_epoch improved by 0.008 >= min_delta = 0.0. New best score: 0.726
Metric val_auc_epoch improved by 0.007 >= min_delta = 0.0. New best score: 0.733
Metric val_auc_epoch improved by 0.012 >= min_delta = 0.0. New best score: 0.745
Metric val_auc_epoch improved by 0.001 >= min_delta = 0.0. New best score: 0.745
Metric val_auc_epoch improved by 0.002 >= min_delta = 0.0. New best score: 0.748
Metric val_auc_epoch improved by 0.002 >= min_delta = 0.0. New best score: 0.750
`Trainer.fit` stopped: `max_epochs=22` reached.
Restoring states from the checkpoint path at /home/eng/shilo_avital/yolo_lab/walk_to_paint/outputs/wiki-rfa/wiki-rfa-optuna_20251203-235202/checkpoints/trial_137-epoch=19-val_auc_epoch=0.7498.ckpt
LOCAL_RANK: 0 - CUDA_VISIBLE_DEVICES: [1]
Loaded model weights from the checkpoint at /home/eng/shilo_avital/yolo_lab/walk_to_paint/outputs/wiki-rfa/wiki-rfa-optuna_20251203-235202/checkpoints/trial_137-epoch=19-val_auc_epoch=0.7498.ckpt
────────────────────────────────────────────────────────────────────────────────────────────────────────────────────────
     Validate metric           DataLoader 0
────────────────────────────────────────────────────────────────────────────────────────────────────────────────────────
          step                     22.0
      val_acc_epoch         0.5089630484580994
      val_auc_epoch         0.7497808337211609
      val_f1_epoch          0.4993841052055359
        val_loss             2.997443914413452
────────────────────────────────────────────────────────────────────────────────────────────────────────────────────────
✅ Trial 137 completed - Val AUC: 0.7498
[I 2025-12-05 19:30:23,196] Trial 137 finished with value: 0.7497808337211609 and parameters: {'dataset.max_walk_length': 78, 'dataset.num_walks': 308307, 'training.lr': 0.0011207506767249278, 'training.weight_decay': 0.00024733587790797234, 'training.batch_size': 512, 'training.gradient_clip_val': 0.21005682222420796, 'training.early_stopping_patience': 7, 'model.nhead': 4, 'model.embedding_dim': 128, 'model.hidden_dim': 4, 'model.nlayers': 4, 'model.dropout': 0.22770465253368818, 'training.epochs': 22}. Best is trial 87 with value: 0.777931809425354.
Seed set to 180

🔬 Trial 138 hyperparameters:
  Walk length: 78, Num walks: 314,432
  LR: 1.15e-03, Batch size: 512
  Model: emb_dim=128, hidden_dim=4
  Transformer: 4 layers, 4 heads
  Epochs: 22, Weighted loss: True
Loading wiki-rfa dataset...
Success! ✅
Splitting edges for wiki-rfa dataset...
Ratios: train=0.480, mask=0.320, val=0.100, test=0.100
Success! ✅
Sampling random walks from wiki-rfa dataset...
Success! ✅
Building tokenizer for wiki-rfa dataset...
Success! ✅
Padding and building stage tensors for wiki-rfa dataset...
Success! ✅
Data creation profiling (seconds):
  get_edge_list: 4.52s
  split_edges: 0.10s
  get_walks: 24.09s
  get_tokenizer: 0.82s
  encode_walks: 13.11s
  pad_and_build_stage_tensors: 1.68s
Creating DataLoaders for wiki-rfa dataset...
Success! ✅
GPU available: True (cuda), used: True
TPU available: False, using: 0 TPU cores
HPU available: False, using: 0 HPUs
/home/eng/shilo_avital/yolo_lab/walk_to_paint/.venv/lib64/python3.9/site-packages/pytorch_lightning/callbacks/model_checkpoint.py:658: Checkpoint directory /home/eng/shilo_avital/yolo_lab/walk_to_paint/outputs/wiki-rfa/wiki-rfa-optuna_20251203-235202/checkpoints exists and is not empty.
LOCAL_RANK: 0 - CUDA_VISIBLE_DEVICES: [1]
Metric val_auc_epoch improved. New best score: 0.560
Metric val_auc_epoch improved by 0.073 >= min_delta = 0.0. New best score: 0.633
Metric val_auc_epoch improved by 0.026 >= min_delta = 0.0. New best score: 0.659
Metric val_auc_epoch improved by 0.018 >= min_delta = 0.0. New best score: 0.678
Metric val_auc_epoch improved by 0.008 >= min_delta = 0.0. New best score: 0.685
Metric val_auc_epoch improved by 0.013 >= min_delta = 0.0. New best score: 0.699
❌ Trial 138 failed: Trial was pruned at epoch 6.
[I 2025-12-05 19:35:35,109] Trial 138 finished with value: 0.0 and parameters: {'dataset.max_walk_length': 78, 'dataset.num_walks': 314432, 'training.lr': 0.001148762094066259, 'training.weight_decay': 0.00031595840568168727, 'training.batch_size': 512, 'training.gradient_clip_val': 0.4019980958297915, 'training.early_stopping_patience': 7, 'model.nhead': 4, 'model.embedding_dim': 128, 'model.hidden_dim': 4, 'model.nlayers': 4, 'model.dropout': 0.2566602457793255, 'training.epochs': 22}. Best is trial 87 with value: 0.777931809425354.
Seed set to 181

🔬 Trial 139 hyperparameters:
  Walk length: 49, Num walks: 272,040
  LR: 8.87e-04, Batch size: 512
  Model: emb_dim=128, hidden_dim=32
  Transformer: 4 layers, 4 heads
  Epochs: 24, Weighted loss: True
Loading wiki-rfa dataset...
Success! ✅
Splitting edges for wiki-rfa dataset...
Ratios: train=0.480, mask=0.320, val=0.100, test=0.100
Success! ✅
Sampling random walks from wiki-rfa dataset...
Success! ✅
Building tokenizer for wiki-rfa dataset...
Success! ✅
Padding and building stage tensors for wiki-rfa dataset...
Success! ✅
Data creation profiling (seconds):
  get_edge_list: 84.83s
  split_edges: 0.10s
  get_walks: 20.48s
  get_tokenizer: 0.68s
  encode_walks: 11.03s
  pad_and_build_stage_tensors: 1.38s
Creating DataLoaders for wiki-rfa dataset...
Success! ✅
GPU available: True (cuda), used: True
TPU available: False, using: 0 TPU cores
HPU available: False, using: 0 HPUs
/home/eng/shilo_avital/yolo_lab/walk_to_paint/.venv/lib64/python3.9/site-packages/pytorch_lightning/callbacks/model_checkpoint.py:658: Checkpoint directory /home/eng/shilo_avital/yolo_lab/walk_to_paint/outputs/wiki-rfa/wiki-rfa-optuna_20251203-235202/checkpoints exists and is not empty.
LOCAL_RANK: 0 - CUDA_VISIBLE_DEVICES: [1]
Metric val_auc_epoch improved. New best score: 0.600
Metric val_auc_epoch improved by 0.044 >= min_delta = 0.0. New best score: 0.644
Metric val_auc_epoch improved by 0.016 >= min_delta = 0.0. New best score: 0.660
Metric val_auc_epoch improved by 0.009 >= min_delta = 0.0. New best score: 0.669
Metric val_auc_epoch improved by 0.001 >= min_delta = 0.0. New best score: 0.670
❌ Trial 139 failed: Trial was pruned at epoch 5.
[I 2025-12-05 19:39:27,719] Trial 139 finished with value: 0.0 and parameters: {'dataset.max_walk_length': 49, 'dataset.num_walks': 272040, 'training.lr': 0.0008866559799657509, 'training.weight_decay': 2.426346861525811e-06, 'training.batch_size': 512, 'training.gradient_clip_val': 0.9100717134486889, 'training.early_stopping_patience': 8, 'model.nhead': 4, 'model.embedding_dim': 128, 'model.hidden_dim': 32, 'model.nlayers': 4, 'model.dropout': 0.13057115943869912, 'training.epochs': 24}. Best is trial 87 with value: 0.777931809425354.
Seed set to 182

🔬 Trial 140 hyperparameters:
  Walk length: 76, Num walks: 355,967
  LR: 1.46e-03, Batch size: 512
  Model: emb_dim=128, hidden_dim=64
  Transformer: 4 layers, 4 heads
  Epochs: 23, Weighted loss: True
Loading wiki-rfa dataset...
Success! ✅
Splitting edges for wiki-rfa dataset...
Ratios: train=0.480, mask=0.320, val=0.100, test=0.100
Success! ✅
Sampling random walks from wiki-rfa dataset...
Success! ✅
Building tokenizer for wiki-rfa dataset...
Success! ✅
Padding and building stage tensors for wiki-rfa dataset...
Success! ✅
Data creation profiling (seconds):
  get_edge_list: 84.88s
  split_edges: 0.10s
  get_walks: 27.38s
  get_tokenizer: 0.85s
  encode_walks: 14.30s
  pad_and_build_stage_tensors: 1.85s
Creating DataLoaders for wiki-rfa dataset...
Success! ✅
GPU available: True (cuda), used: True
TPU available: False, using: 0 TPU cores
HPU available: False, using: 0 HPUs
/home/eng/shilo_avital/yolo_lab/walk_to_paint/.venv/lib64/python3.9/site-packages/pytorch_lightning/callbacks/model_checkpoint.py:658: Checkpoint directory /home/eng/shilo_avital/yolo_lab/walk_to_paint/outputs/wiki-rfa/wiki-rfa-optuna_20251203-235202/checkpoints exists and is not empty.
LOCAL_RANK: 0 - CUDA_VISIBLE_DEVICES: [1]
Metric val_auc_epoch improved. New best score: 0.608
Metric val_auc_epoch improved by 0.050 >= min_delta = 0.0. New best score: 0.658
Metric val_auc_epoch improved by 0.020 >= min_delta = 0.0. New best score: 0.678
Metric val_auc_epoch improved by 0.024 >= min_delta = 0.0. New best score: 0.702
Metric val_auc_epoch improved by 0.010 >= min_delta = 0.0. New best score: 0.713
Metric val_auc_epoch improved by 0.007 >= min_delta = 0.0. New best score: 0.720
Metric val_auc_epoch improved by 0.003 >= min_delta = 0.0. New best score: 0.723
❌ Trial 140 failed: Trial was pruned at epoch 7.
