[I 2025-12-05 11:02:59,682] Trial 100 finished with value: 0.0 and parameters: {'dataset.max_walk_length': 95, 'dataset.num_walks': 698880, 'training.lr': 0.0011617808568352068, 'training.weight_decay': 0.000177303860590449, 'training.batch_size': 32, 'training.gradient_clip_val': 0.536173212977369, 'training.early_stopping_patience': 7, 'model.nhead': 8, 'model.embedding_dim': 16, 'model.hidden_dim': 256, 'model.nlayers': 5, 'model.dropout': 0.23524824917137005, 'training.epochs': 24}. Best is trial 87 with value: 0.777931809425354.
🧹 Cleaning up old checkpoints and logs (keeping top 10)...
  Removed old checkpoint: trial_89-epoch=02-val_auc_epoch=0.7343.ckpt
  Removed old checkpoint: trial_88-epoch=05-val_auc_epoch=0.7157.ckpt
  Removed old checkpoint: trial_87-epoch=10-val_auc_epoch=0.7779.ckpt
  Removed old checkpoint: trial_86-epoch=00-val_auc_epoch=0.5107.ckpt
  Removed old log dir: trial_89
  Removed old log dir: trial_88
  Removed old log dir: trial_87
  Removed old log dir: trial_86
Seed set to 143

🔬 Trial 101 hyperparameters:
  Walk length: 27, Num walks: 797,510
  LR: 3.33e-03, Batch size: 256
  Model: emb_dim=32, hidden_dim=4
  Transformer: 5 layers, 2 heads
  Epochs: 12, Weighted loss: True
Loading wiki-rfa dataset...
Success! ✅
Splitting edges for wiki-rfa dataset...
Ratios: train=0.480, mask=0.320, val=0.100, test=0.100
Success! ✅
Sampling random walks from wiki-rfa dataset...
Success! ✅
Building tokenizer for wiki-rfa dataset...
Success! ✅
Padding and building stage tensors for wiki-rfa dataset...
Success! ✅
Data creation profiling (seconds):
  get_edge_list: 84.97s
  split_edges: 0.10s
  get_walks: 61.38s
  get_tokenizer: 1.65s
  encode_walks: 31.70s
  pad_and_build_stage_tensors: 3.99s
Creating DataLoaders for wiki-rfa dataset...
Success! ✅
GPU available: True (cuda), used: True
TPU available: False, using: 0 TPU cores
HPU available: False, using: 0 HPUs
/home/eng/shilo_avital/yolo_lab/walk_to_paint/.venv/lib64/python3.9/site-packages/pytorch_lightning/callbacks/model_checkpoint.py:658: Checkpoint directory /home/eng/shilo_avital/yolo_lab/walk_to_paint/outputs/wiki-rfa/wiki-rfa-optuna_20251203-235202/checkpoints exists and is not empty.
LOCAL_RANK: 0 - CUDA_VISIBLE_DEVICES: [1]
Metric val_auc_epoch improved. New best score: 0.685
Metric val_auc_epoch improved by 0.062 >= min_delta = 0.0. New best score: 0.747
Monitored metric val_auc_epoch did not improve in the last 6 records. Best score: 0.747. Signaling Trainer to stop.
Restoring states from the checkpoint path at /home/eng/shilo_avital/yolo_lab/walk_to_paint/outputs/wiki-rfa/wiki-rfa-optuna_20251203-235202/checkpoints/trial_101-epoch=01-val_auc_epoch=0.7471.ckpt
LOCAL_RANK: 0 - CUDA_VISIBLE_DEVICES: [1]
Loaded model weights from the checkpoint at /home/eng/shilo_avital/yolo_lab/walk_to_paint/outputs/wiki-rfa/wiki-rfa-optuna_20251203-235202/checkpoints/trial_101-epoch=01-val_auc_epoch=0.7471.ckpt
────────────────────────────────────────────────────────────────────────────────────────────────────────────────────────
     Validate metric           DataLoader 0
────────────────────────────────────────────────────────────────────────────────────────────────────────────────────────
          step                      8.0
      val_acc_epoch         0.5470023155212402
      val_auc_epoch         0.7470709681510925
      val_f1_epoch          0.4843541383743286
        val_loss            1.4789701700210571
────────────────────────────────────────────────────────────────────────────────────────────────────────────────────────
✅ Trial 101 completed - Val AUC: 0.7471
[I 2025-12-05 11:13:13,008] Trial 101 finished with value: 0.7470709681510925 and parameters: {'dataset.max_walk_length': 27, 'dataset.num_walks': 797510, 'training.lr': 0.0033348179854319985, 'training.weight_decay': 9.701006880835341e-06, 'training.batch_size': 256, 'training.gradient_clip_val': 0.3528292297493314, 'training.early_stopping_patience': 6, 'model.nhead': 2, 'model.embedding_dim': 32, 'model.hidden_dim': 4, 'model.nlayers': 5, 'model.dropout': 0.22622807089716393, 'training.epochs': 12}. Best is trial 87 with value: 0.777931809425354.
Seed set to 144

🔬 Trial 102 hyperparameters:
  Walk length: 81, Num walks: 639,012
  LR: 2.65e-03, Batch size: 256
  Model: emb_dim=32, hidden_dim=4
  Transformer: 5 layers, 2 heads
  Epochs: 10, Weighted loss: True
Loading wiki-rfa dataset...
Success! ✅
Splitting edges for wiki-rfa dataset...
Ratios: train=0.480, mask=0.320, val=0.100, test=0.100
Success! ✅
Sampling random walks from wiki-rfa dataset...
Success! ✅
Building tokenizer for wiki-rfa dataset...
Success! ✅
Padding and building stage tensors for wiki-rfa dataset...
Success! ✅
Data creation profiling (seconds):
  get_edge_list: 4.80s
  split_edges: 0.10s
  get_walks: 49.95s
  get_tokenizer: 1.40s
  encode_walks: 26.01s
  pad_and_build_stage_tensors: 3.30s
Creating DataLoaders for wiki-rfa dataset...
Success! ✅
GPU available: True (cuda), used: True
TPU available: False, using: 0 TPU cores
HPU available: False, using: 0 HPUs
/home/eng/shilo_avital/yolo_lab/walk_to_paint/.venv/lib64/python3.9/site-packages/pytorch_lightning/callbacks/model_checkpoint.py:658: Checkpoint directory /home/eng/shilo_avital/yolo_lab/walk_to_paint/outputs/wiki-rfa/wiki-rfa-optuna_20251203-235202/checkpoints exists and is not empty.
LOCAL_RANK: 0 - CUDA_VISIBLE_DEVICES: [1]
Metric val_auc_epoch improved. New best score: 0.680
Metric val_auc_epoch improved by 0.046 >= min_delta = 0.0. New best score: 0.727
Metric val_auc_epoch improved by 0.027 >= min_delta = 0.0. New best score: 0.754
Metric val_auc_epoch improved by 0.013 >= min_delta = 0.0. New best score: 0.766
Metric val_auc_epoch improved by 0.005 >= min_delta = 0.0. New best score: 0.771
Metric val_auc_epoch improved by 0.001 >= min_delta = 0.0. New best score: 0.772
`Trainer.fit` stopped: `max_epochs=10` reached.
Restoring states from the checkpoint path at /home/eng/shilo_avital/yolo_lab/walk_to_paint/outputs/wiki-rfa/wiki-rfa-optuna_20251203-235202/checkpoints/trial_102-epoch=07-val_auc_epoch=0.7720.ckpt
LOCAL_RANK: 0 - CUDA_VISIBLE_DEVICES: [1]
Loaded model weights from the checkpoint at /home/eng/shilo_avital/yolo_lab/walk_to_paint/outputs/wiki-rfa/wiki-rfa-optuna_20251203-235202/checkpoints/trial_102-epoch=07-val_auc_epoch=0.7720.ckpt
────────────────────────────────────────────────────────────────────────────────────────────────────────────────────────
     Validate metric           DataLoader 0
────────────────────────────────────────────────────────────────────────────────────────────────────────────────────────
          step                     10.0
      val_acc_epoch         0.5675727128982544
      val_auc_epoch         0.7720414996147156
      val_f1_epoch          0.5313032269477844
        val_loss             2.564054250717163
────────────────────────────────────────────────────────────────────────────────────────────────────────────────────────
✅ Trial 102 completed - Val AUC: 0.7720
[I 2025-12-05 11:22:59,934] Trial 102 finished with value: 0.7720414996147156 and parameters: {'dataset.max_walk_length': 81, 'dataset.num_walks': 639012, 'training.lr': 0.0026471497495085716, 'training.weight_decay': 7.776113175864522e-06, 'training.batch_size': 256, 'training.gradient_clip_val': 0.3665166660383708, 'training.early_stopping_patience': 5, 'model.nhead': 2, 'model.embedding_dim': 32, 'model.hidden_dim': 4, 'model.nlayers': 5, 'model.dropout': 0.1912837926432132, 'training.epochs': 10}. Best is trial 87 with value: 0.777931809425354.
Seed set to 145

🔬 Trial 103 hyperparameters:
  Walk length: 80, Num walks: 433,597
  LR: 2.73e-03, Batch size: 256
  Model: emb_dim=32, hidden_dim=4
  Transformer: 5 layers, 2 heads
  Epochs: 10, Weighted loss: True
Loading wiki-rfa dataset...
Success! ✅
Splitting edges for wiki-rfa dataset...
Ratios: train=0.480, mask=0.320, val=0.100, test=0.100
Success! ✅
Sampling random walks from wiki-rfa dataset...
Success! ✅
Building tokenizer for wiki-rfa dataset...
Success! ✅
Padding and building stage tensors for wiki-rfa dataset...
Success! ✅
Data creation profiling (seconds):
  get_edge_list: 4.67s
  split_edges: 0.10s
  get_walks: 33.63s
  get_tokenizer: 1.13s
  encode_walks: 17.90s
  pad_and_build_stage_tensors: 2.35s
Creating DataLoaders for wiki-rfa dataset...
Success! ✅
GPU available: True (cuda), used: True
TPU available: False, using: 0 TPU cores
HPU available: False, using: 0 HPUs
/home/eng/shilo_avital/yolo_lab/walk_to_paint/.venv/lib64/python3.9/site-packages/pytorch_lightning/callbacks/model_checkpoint.py:658: Checkpoint directory /home/eng/shilo_avital/yolo_lab/walk_to_paint/outputs/wiki-rfa/wiki-rfa-optuna_20251203-235202/checkpoints exists and is not empty.
LOCAL_RANK: 0 - CUDA_VISIBLE_DEVICES: [1]
Metric val_auc_epoch improved. New best score: 0.591
Metric val_auc_epoch improved by 0.051 >= min_delta = 0.0. New best score: 0.642
Metric val_auc_epoch improved by 0.029 >= min_delta = 0.0. New best score: 0.671
Metric val_auc_epoch improved by 0.028 >= min_delta = 0.0. New best score: 0.699
Metric val_auc_epoch improved by 0.012 >= min_delta = 0.0. New best score: 0.711
Metric val_auc_epoch improved by 0.003 >= min_delta = 0.0. New best score: 0.714
Metric val_auc_epoch improved by 0.002 >= min_delta = 0.0. New best score: 0.716
❌ Trial 103 failed: Trial was pruned at epoch 7.
[I 2025-12-05 11:28:23,115] Trial 103 finished with value: 0.0 and parameters: {'dataset.max_walk_length': 80, 'dataset.num_walks': 433597, 'training.lr': 0.0027339956170799357, 'training.weight_decay': 1.4884292133261422e-05, 'training.batch_size': 256, 'training.gradient_clip_val': 0.42469600636856275, 'training.early_stopping_patience': 5, 'model.nhead': 2, 'model.embedding_dim': 32, 'model.hidden_dim': 4, 'model.nlayers': 5, 'model.dropout': 0.19229655552736122, 'training.epochs': 10}. Best is trial 87 with value: 0.777931809425354.
Seed set to 146

🔬 Trial 104 hyperparameters:
  Walk length: 76, Num walks: 611,206
  LR: 2.05e-03, Batch size: 256
  Model: emb_dim=128, hidden_dim=4
  Transformer: 5 layers, 2 heads
  Epochs: 9, Weighted loss: True
Loading wiki-rfa dataset...
Success! ✅
Splitting edges for wiki-rfa dataset...
Ratios: train=0.480, mask=0.320, val=0.100, test=0.100
Success! ✅
Sampling random walks from wiki-rfa dataset...
Success! ✅
Building tokenizer for wiki-rfa dataset...
Success! ✅
Padding and building stage tensors for wiki-rfa dataset...
Success! ✅
Data creation profiling (seconds):
  get_edge_list: 84.86s
  split_edges: 0.10s
  get_walks: 46.95s
  get_tokenizer: 1.34s
  encode_walks: 25.08s
  pad_and_build_stage_tensors: 3.17s
Creating DataLoaders for wiki-rfa dataset...
Success! ✅
GPU available: True (cuda), used: True
TPU available: False, using: 0 TPU cores
HPU available: False, using: 0 HPUs
/home/eng/shilo_avital/yolo_lab/walk_to_paint/.venv/lib64/python3.9/site-packages/pytorch_lightning/callbacks/model_checkpoint.py:658: Checkpoint directory /home/eng/shilo_avital/yolo_lab/walk_to_paint/outputs/wiki-rfa/wiki-rfa-optuna_20251203-235202/checkpoints exists and is not empty.
LOCAL_RANK: 0 - CUDA_VISIBLE_DEVICES: [1]
Metric val_auc_epoch improved. New best score: 0.498
Metric val_auc_epoch improved by 0.015 >= min_delta = 0.0. New best score: 0.513
❌ Trial 104 failed: Trial was pruned at epoch 5.
[I 2025-12-05 11:38:06,955] Trial 104 finished with value: 0.0 and parameters: {'dataset.max_walk_length': 76, 'dataset.num_walks': 611206, 'training.lr': 0.0020480573559753983, 'training.weight_decay': 9.005867434038643e-06, 'training.batch_size': 256, 'training.gradient_clip_val': 0.2770048251549808, 'training.early_stopping_patience': 5, 'model.nhead': 2, 'model.embedding_dim': 128, 'model.hidden_dim': 4, 'model.nlayers': 5, 'model.dropout': 0.17969856388446429, 'training.epochs': 9}. Best is trial 87 with value: 0.777931809425354.
Seed set to 147

🔬 Trial 105 hyperparameters:
  Walk length: 73, Num walks: 540,406
  LR: 4.76e-04, Batch size: 256
  Model: emb_dim=32, hidden_dim=16
  Transformer: 5 layers, 2 heads
  Epochs: 10, Weighted loss: True
Loading wiki-rfa dataset...
Success! ✅
Splitting edges for wiki-rfa dataset...
Ratios: train=0.480, mask=0.320, val=0.100, test=0.100
Success! ✅
Sampling random walks from wiki-rfa dataset...
Success! ✅
Building tokenizer for wiki-rfa dataset...
Success! ✅
Padding and building stage tensors for wiki-rfa dataset...
Success! ✅
Data creation profiling (seconds):
  get_edge_list: 84.72s
  split_edges: 0.10s
  get_walks: 41.02s
  get_tokenizer: 1.35s
  encode_walks: 22.25s
  pad_and_build_stage_tensors: 2.79s
Creating DataLoaders for wiki-rfa dataset...
Success! ✅
GPU available: True (cuda), used: True
TPU available: False, using: 0 TPU cores
HPU available: False, using: 0 HPUs
/home/eng/shilo_avital/yolo_lab/walk_to_paint/.venv/lib64/python3.9/site-packages/pytorch_lightning/callbacks/model_checkpoint.py:658: Checkpoint directory /home/eng/shilo_avital/yolo_lab/walk_to_paint/outputs/wiki-rfa/wiki-rfa-optuna_20251203-235202/checkpoints exists and is not empty.
LOCAL_RANK: 0 - CUDA_VISIBLE_DEVICES: [1]
Metric val_auc_epoch improved. New best score: 0.542
Metric val_auc_epoch improved by 0.017 >= min_delta = 0.0. New best score: 0.560
Metric val_auc_epoch improved by 0.018 >= min_delta = 0.0. New best score: 0.578
Metric val_auc_epoch improved by 0.026 >= min_delta = 0.0. New best score: 0.604
Metric val_auc_epoch improved by 0.013 >= min_delta = 0.0. New best score: 0.617
❌ Trial 105 failed: Trial was pruned at epoch 5.
[I 2025-12-05 11:44:37,780] Trial 105 finished with value: 0.0 and parameters: {'dataset.max_walk_length': 73, 'dataset.num_walks': 540406, 'training.lr': 0.0004762540539860777, 'training.weight_decay': 2.068826565460892e-05, 'training.batch_size': 256, 'training.gradient_clip_val': 0.2135114864582799, 'training.early_stopping_patience': 8, 'model.nhead': 2, 'model.embedding_dim': 32, 'model.hidden_dim': 16, 'model.nlayers': 5, 'model.dropout': 0.2552837847558348, 'training.epochs': 10}. Best is trial 87 with value: 0.777931809425354.
🧹 Cleaning up old checkpoints and logs (keeping top 10)...
  Removed old checkpoint: trial_94-epoch=04-val_auc_epoch=0.7300.ckpt
  Removed old checkpoint: trial_93-epoch=06-val_auc_epoch=0.7183.ckpt
  Removed old checkpoint: trial_92-epoch=12-val_auc_epoch=0.7426.ckpt
  Removed old checkpoint: trial_91-epoch=03-val_auc_epoch=0.6515.ckpt
  Removed old checkpoint: trial_90-epoch=09-val_auc_epoch=0.7542.ckpt
  Removed old log dir: trial_94
  Removed old log dir: trial_93
  Removed old log dir: trial_92
  Removed old log dir: trial_91
  Removed old log dir: trial_90
Seed set to 148

🔬 Trial 106 hyperparameters:
  Walk length: 83, Num walks: 897,627
  LR: 1.45e-03, Batch size: 64
  Model: emb_dim=32, hidden_dim=4
  Transformer: 4 layers, 2 heads
  Epochs: 12, Weighted loss: True
Loading wiki-rfa dataset...
Success! ✅
Splitting edges for wiki-rfa dataset...
Ratios: train=0.480, mask=0.320, val=0.100, test=0.100
Success! ✅
Sampling random walks from wiki-rfa dataset...
Success! ✅
Building tokenizer for wiki-rfa dataset...
Success! ✅
Padding and building stage tensors for wiki-rfa dataset...
Success! ✅
Data creation profiling (seconds):
  get_edge_list: 84.84s
  split_edges: 0.10s
  get_walks: 70.35s
  get_tokenizer: 2.02s
  encode_walks: 37.66s
  pad_and_build_stage_tensors: 4.64s
Creating DataLoaders for wiki-rfa dataset...
Success! ✅
GPU available: True (cuda), used: True
TPU available: False, using: 0 TPU cores
HPU available: False, using: 0 HPUs
/home/eng/shilo_avital/yolo_lab/walk_to_paint/.venv/lib64/python3.9/site-packages/pytorch_lightning/callbacks/model_checkpoint.py:658: Checkpoint directory /home/eng/shilo_avital/yolo_lab/walk_to_paint/outputs/wiki-rfa/wiki-rfa-optuna_20251203-235202/checkpoints exists and is not empty.
LOCAL_RANK: 0 - CUDA_VISIBLE_DEVICES: [1]
Metric val_auc_epoch improved. New best score: 0.685
Metric val_auc_epoch improved by 0.023 >= min_delta = 0.0. New best score: 0.708
❌ Trial 106 failed: Trial was pruned at epoch 6.
[I 2025-12-05 12:11:15,803] Trial 106 finished with value: 0.0 and parameters: {'dataset.max_walk_length': 83, 'dataset.num_walks': 897627, 'training.lr': 0.0014497766735202036, 'training.weight_decay': 3.8931623600181935e-06, 'training.batch_size': 64, 'training.gradient_clip_val': 0.38259086469705783, 'training.early_stopping_patience': 5, 'model.nhead': 2, 'model.embedding_dim': 32, 'model.hidden_dim': 4, 'model.nlayers': 4, 'model.dropout': 0.15157975744425778, 'training.epochs': 12}. Best is trial 87 with value: 0.777931809425354.
Seed set to 149

🔬 Trial 107 hyperparameters:
  Walk length: 31, Num walks: 711,664
  LR: 8.16e-04, Batch size: 256
  Model: emb_dim=128, hidden_dim=8
  Transformer: 5 layers, 2 heads
  Epochs: 13, Weighted loss: True
Loading wiki-rfa dataset...
Success! ✅
Splitting edges for wiki-rfa dataset...
Ratios: train=0.480, mask=0.320, val=0.100, test=0.100
Success! ✅
Sampling random walks from wiki-rfa dataset...
Success! ✅
Building tokenizer for wiki-rfa dataset...
Success! ✅
Padding and building stage tensors for wiki-rfa dataset...
Success! ✅
Data creation profiling (seconds):
  get_edge_list: 84.73s
  split_edges: 0.10s
  get_walks: 54.80s
  get_tokenizer: 1.51s
  encode_walks: 29.49s
  pad_and_build_stage_tensors: 3.62s
Creating DataLoaders for wiki-rfa dataset...
Success! ✅
GPU available: True (cuda), used: True
TPU available: False, using: 0 TPU cores
HPU available: False, using: 0 HPUs
/home/eng/shilo_avital/yolo_lab/walk_to_paint/.venv/lib64/python3.9/site-packages/pytorch_lightning/callbacks/model_checkpoint.py:658: Checkpoint directory /home/eng/shilo_avital/yolo_lab/walk_to_paint/outputs/wiki-rfa/wiki-rfa-optuna_20251203-235202/checkpoints exists and is not empty.
LOCAL_RANK: 0 - CUDA_VISIBLE_DEVICES: [1]
Metric val_auc_epoch improved. New best score: 0.644
Metric val_auc_epoch improved by 0.045 >= min_delta = 0.0. New best score: 0.688
Metric val_auc_epoch improved by 0.012 >= min_delta = 0.0. New best score: 0.701
Metric val_auc_epoch improved by 0.006 >= min_delta = 0.0. New best score: 0.707
Metric val_auc_epoch improved by 0.006 >= min_delta = 0.0. New best score: 0.713
Metric val_auc_epoch improved by 0.008 >= min_delta = 0.0. New best score: 0.721
Metric val_auc_epoch improved by 0.003 >= min_delta = 0.0. New best score: 0.724
❌ Trial 107 failed: Trial was pruned at epoch 7.
[I 2025-12-05 12:20:21,932] Trial 107 finished with value: 0.0 and parameters: {'dataset.max_walk_length': 31, 'dataset.num_walks': 711664, 'training.lr': 0.0008160352287926759, 'training.weight_decay': 6.354894875102352e-06, 'training.batch_size': 256, 'training.gradient_clip_val': 0.4884290877257442, 'training.early_stopping_patience': 6, 'model.nhead': 2, 'model.embedding_dim': 128, 'model.hidden_dim': 8, 'model.nlayers': 5, 'model.dropout': 0.2830215299162463, 'training.epochs': 13}. Best is trial 87 with value: 0.777931809425354.
Seed set to 150

🔬 Trial 108 hyperparameters:
  Walk length: 81, Num walks: 489,907
  LR: 2.51e-03, Batch size: 512
  Model: emb_dim=64, hidden_dim=4
  Transformer: 6 layers, 8 heads
  Epochs: 8, Weighted loss: True
Loading wiki-rfa dataset...
Success! ✅
Splitting edges for wiki-rfa dataset...
Ratios: train=0.480, mask=0.320, val=0.100, test=0.100
Success! ✅
Sampling random walks from wiki-rfa dataset...
Success! ✅
Building tokenizer for wiki-rfa dataset...
Success! ✅
Padding and building stage tensors for wiki-rfa dataset...
Success! ✅
Data creation profiling (seconds):
  get_edge_list: 84.52s
  split_edges: 0.10s
  get_walks: 37.33s
  get_tokenizer: 1.20s
  encode_walks: 20.12s
  pad_and_build_stage_tensors: 2.59s
Creating DataLoaders for wiki-rfa dataset...
Success! ✅
GPU available: True (cuda), used: True
TPU available: False, using: 0 TPU cores
HPU available: False, using: 0 HPUs
/home/eng/shilo_avital/yolo_lab/walk_to_paint/.venv/lib64/python3.9/site-packages/pytorch_lightning/callbacks/model_checkpoint.py:658: Checkpoint directory /home/eng/shilo_avital/yolo_lab/walk_to_paint/outputs/wiki-rfa/wiki-rfa-optuna_20251203-235202/checkpoints exists and is not empty.
LOCAL_RANK: 0 - CUDA_VISIBLE_DEVICES: [1]
Metric val_auc_epoch improved. New best score: 0.574
Metric val_auc_epoch improved by 0.061 >= min_delta = 0.0. New best score: 0.635
Metric val_auc_epoch improved by 0.010 >= min_delta = 0.0. New best score: 0.645
Metric val_auc_epoch improved by 0.010 >= min_delta = 0.0. New best score: 0.655
Metric val_auc_epoch improved by 0.006 >= min_delta = 0.0. New best score: 0.661
❌ Trial 108 failed: Trial was pruned at epoch 5.
