[I 2025-12-05 12:30:50,556] Trial 108 finished with value: 0.0 and parameters: {'dataset.max_walk_length': 81, 'dataset.num_walks': 489907, 'training.lr': 0.002509825311428287, 'training.weight_decay': 6.914765219386645e-05, 'training.batch_size': 512, 'training.gradient_clip_val': 0.3242950791719829, 'training.early_stopping_patience': 15, 'model.nhead': 8, 'model.embedding_dim': 64, 'model.hidden_dim': 4, 'model.nlayers': 6, 'model.dropout': 0.21889709245804714, 'training.epochs': 8}. Best is trial 87 with value: 0.777931809425354.
Seed set to 151

🔬 Trial 109 hyperparameters:
  Walk length: 85, Num walks: 583,946
  LR: 6.58e-04, Batch size: 256
  Model: emb_dim=32, hidden_dim=32
  Transformer: 3 layers, 4 heads
  Epochs: 23, Weighted loss: True
Loading wiki-rfa dataset...
Success! ✅
Splitting edges for wiki-rfa dataset...
Ratios: train=0.480, mask=0.320, val=0.100, test=0.100
Success! ✅
Sampling random walks from wiki-rfa dataset...
Success! ✅
Building tokenizer for wiki-rfa dataset...
Success! ✅
Padding and building stage tensors for wiki-rfa dataset...
Success! ✅
Data creation profiling (seconds):
  get_edge_list: 84.83s
  split_edges: 0.10s
  get_walks: 45.63s
  get_tokenizer: 1.29s
  encode_walks: 23.84s
  pad_and_build_stage_tensors: 3.03s
Creating DataLoaders for wiki-rfa dataset...
Success! ✅
GPU available: True (cuda), used: True
TPU available: False, using: 0 TPU cores
HPU available: False, using: 0 HPUs
/home/eng/shilo_avital/yolo_lab/walk_to_paint/.venv/lib64/python3.9/site-packages/pytorch_lightning/callbacks/model_checkpoint.py:658: Checkpoint directory /home/eng/shilo_avital/yolo_lab/walk_to_paint/outputs/wiki-rfa/wiki-rfa-optuna_20251203-235202/checkpoints exists and is not empty.
LOCAL_RANK: 0 - CUDA_VISIBLE_DEVICES: [1]
Metric val_auc_epoch improved. New best score: 0.542
Metric val_auc_epoch improved by 0.028 >= min_delta = 0.0. New best score: 0.571
Metric val_auc_epoch improved by 0.024 >= min_delta = 0.0. New best score: 0.594
Metric val_auc_epoch improved by 0.018 >= min_delta = 0.0. New best score: 0.612
Metric val_auc_epoch improved by 0.011 >= min_delta = 0.0. New best score: 0.623
❌ Trial 109 failed: Trial was pruned at epoch 5.
[I 2025-12-05 12:37:46,871] Trial 109 finished with value: 0.0 and parameters: {'dataset.max_walk_length': 85, 'dataset.num_walks': 583946, 'training.lr': 0.0006582195368039873, 'training.weight_decay': 3.5212857975588065e-05, 'training.batch_size': 256, 'training.gradient_clip_val': 0.15169032250835582, 'training.early_stopping_patience': 7, 'model.nhead': 4, 'model.embedding_dim': 32, 'model.hidden_dim': 32, 'model.nlayers': 3, 'model.dropout': 0.30179842389398126, 'training.epochs': 23}. Best is trial 87 with value: 0.777931809425354.
Seed set to 152

🔬 Trial 110 hyperparameters:
  Walk length: 66, Num walks: 392,926
  LR: 1.03e-03, Batch size: 256
  Model: emb_dim=128, hidden_dim=256
  Transformer: 5 layers, 2 heads
  Epochs: 11, Weighted loss: True
Loading wiki-rfa dataset...
Success! ✅
Splitting edges for wiki-rfa dataset...
Ratios: train=0.480, mask=0.320, val=0.100, test=0.100
Success! ✅
Sampling random walks from wiki-rfa dataset...
Success! ✅
Building tokenizer for wiki-rfa dataset...
Success! ✅
Padding and building stage tensors for wiki-rfa dataset...
Success! ✅
Data creation profiling (seconds):
  get_edge_list: 84.91s
  split_edges: 0.09s
  get_walks: 30.37s
  get_tokenizer: 0.91s
  encode_walks: 15.53s
  pad_and_build_stage_tensors: 2.04s
Creating DataLoaders for wiki-rfa dataset...
Success! ✅
GPU available: True (cuda), used: True
TPU available: False, using: 0 TPU cores
HPU available: False, using: 0 HPUs
/home/eng/shilo_avital/yolo_lab/walk_to_paint/.venv/lib64/python3.9/site-packages/pytorch_lightning/callbacks/model_checkpoint.py:658: Checkpoint directory /home/eng/shilo_avital/yolo_lab/walk_to_paint/outputs/wiki-rfa/wiki-rfa-optuna_20251203-235202/checkpoints exists and is not empty.
LOCAL_RANK: 0 - CUDA_VISIBLE_DEVICES: [1]
Metric val_auc_epoch improved. New best score: 0.563
Metric val_auc_epoch improved by 0.054 >= min_delta = 0.0. New best score: 0.617
Metric val_auc_epoch improved by 0.014 >= min_delta = 0.0. New best score: 0.630
Metric val_auc_epoch improved by 0.011 >= min_delta = 0.0. New best score: 0.641
Metric val_auc_epoch improved by 0.009 >= min_delta = 0.0. New best score: 0.650
❌ Trial 110 failed: Trial was pruned at epoch 5.
[I 2025-12-05 12:44:23,556] Trial 110 finished with value: 0.0 and parameters: {'dataset.max_walk_length': 66, 'dataset.num_walks': 392926, 'training.lr': 0.0010344893259852936, 'training.weight_decay': 1.3152240203216034e-05, 'training.batch_size': 256, 'training.gradient_clip_val': 0.5861542470719556, 'training.early_stopping_patience': 6, 'model.nhead': 2, 'model.embedding_dim': 128, 'model.hidden_dim': 256, 'model.nlayers': 5, 'model.dropout': 0.2695429660742188, 'training.epochs': 11}. Best is trial 87 with value: 0.777931809425354.
🧹 Cleaning up old checkpoints and logs (keeping top 10)...
  Removed old checkpoint: trial_100-epoch=04-val_auc_epoch=0.6065.ckpt
  Removed old checkpoint: trial_98-epoch=04-val_auc_epoch=0.6144.ckpt
  Removed old checkpoint: trial_97-epoch=05-val_auc_epoch=0.6914.ckpt
  Removed old checkpoint: trial_96-epoch=05-val_auc_epoch=0.7139.ckpt
  Removed old checkpoint: trial_95-epoch=07-val_auc_epoch=0.7309.ckpt
  Removed old log dir: trial_100
  Removed old log dir: trial_98
  Removed old log dir: trial_97
  Removed old log dir: trial_96
  Removed old log dir: trial_95
Seed set to 153

🔬 Trial 111 hyperparameters:
  Walk length: 87, Num walks: 612,662
  LR: 3.82e-03, Batch size: 256
  Model: emb_dim=32, hidden_dim=4
  Transformer: 5 layers, 2 heads
  Epochs: 10, Weighted loss: True
Loading wiki-rfa dataset...
Success! ✅
Splitting edges for wiki-rfa dataset...
Ratios: train=0.480, mask=0.320, val=0.100, test=0.100
Success! ✅
Sampling random walks from wiki-rfa dataset...
Success! ✅
Building tokenizer for wiki-rfa dataset...
Success! ✅
Padding and building stage tensors for wiki-rfa dataset...
Success! ✅
Data creation profiling (seconds):
  get_edge_list: 84.78s
  split_edges: 0.10s
  get_walks: 47.38s
  get_tokenizer: 1.50s
  encode_walks: 24.93s
  pad_and_build_stage_tensors: 3.19s
Creating DataLoaders for wiki-rfa dataset...
Success! ✅
GPU available: True (cuda), used: True
TPU available: False, using: 0 TPU cores
HPU available: False, using: 0 HPUs
/home/eng/shilo_avital/yolo_lab/walk_to_paint/.venv/lib64/python3.9/site-packages/pytorch_lightning/callbacks/model_checkpoint.py:658: Checkpoint directory /home/eng/shilo_avital/yolo_lab/walk_to_paint/outputs/wiki-rfa/wiki-rfa-optuna_20251203-235202/checkpoints exists and is not empty.
LOCAL_RANK: 0 - CUDA_VISIBLE_DEVICES: [1]
Metric val_auc_epoch improved. New best score: 0.649
Metric val_auc_epoch improved by 0.035 >= min_delta = 0.0. New best score: 0.684
Metric val_auc_epoch improved by 0.016 >= min_delta = 0.0. New best score: 0.699
Metric val_auc_epoch improved by 0.014 >= min_delta = 0.0. New best score: 0.713
Metric val_auc_epoch improved by 0.007 >= min_delta = 0.0. New best score: 0.720
❌ Trial 111 failed: Trial was pruned at epoch 7.
[I 2025-12-05 12:53:30,915] Trial 111 finished with value: 0.0 and parameters: {'dataset.max_walk_length': 87, 'dataset.num_walks': 612662, 'training.lr': 0.003818395923108327, 'training.weight_decay': 6.9738434945520805e-06, 'training.batch_size': 256, 'training.gradient_clip_val': 0.3579813790461021, 'training.early_stopping_patience': 6, 'model.nhead': 2, 'model.embedding_dim': 32, 'model.hidden_dim': 4, 'model.nlayers': 5, 'model.dropout': 0.24253901904915287, 'training.epochs': 10}. Best is trial 87 with value: 0.777931809425354.
Seed set to 154

🔬 Trial 112 hyperparameters:
  Walk length: 84, Num walks: 635,290
  LR: 3.12e-03, Batch size: 256
  Model: emb_dim=32, hidden_dim=4
  Transformer: 5 layers, 2 heads
  Epochs: 11, Weighted loss: True
Loading wiki-rfa dataset...
Success! ✅
Splitting edges for wiki-rfa dataset...
Ratios: train=0.480, mask=0.320, val=0.100, test=0.100
Success! ✅
Sampling random walks from wiki-rfa dataset...
Success! ✅
Building tokenizer for wiki-rfa dataset...
Success! ✅
Padding and building stage tensors for wiki-rfa dataset...
Success! ✅
Data creation profiling (seconds):
  get_edge_list: 84.81s
  split_edges: 0.09s
  get_walks: 48.37s
  get_tokenizer: 1.39s
  encode_walks: 25.38s
  pad_and_build_stage_tensors: 3.23s
Creating DataLoaders for wiki-rfa dataset...
Success! ✅
GPU available: True (cuda), used: True
TPU available: False, using: 0 TPU cores
HPU available: False, using: 0 HPUs
/home/eng/shilo_avital/yolo_lab/walk_to_paint/.venv/lib64/python3.9/site-packages/pytorch_lightning/callbacks/model_checkpoint.py:658: Checkpoint directory /home/eng/shilo_avital/yolo_lab/walk_to_paint/outputs/wiki-rfa/wiki-rfa-optuna_20251203-235202/checkpoints exists and is not empty.
LOCAL_RANK: 0 - CUDA_VISIBLE_DEVICES: [1]
Metric val_auc_epoch improved. New best score: 0.642
Metric val_auc_epoch improved by 0.033 >= min_delta = 0.0. New best score: 0.675
Metric val_auc_epoch improved by 0.032 >= min_delta = 0.0. New best score: 0.707
Metric val_auc_epoch improved by 0.022 >= min_delta = 0.0. New best score: 0.729
❌ Trial 112 failed: Trial was pruned at epoch 8.
[I 2025-12-05 13:03:37,384] Trial 112 finished with value: 0.0 and parameters: {'dataset.max_walk_length': 84, 'dataset.num_walks': 635290, 'training.lr': 0.0031219217379848674, 'training.weight_decay': 2.3740070348974182e-06, 'training.batch_size': 256, 'training.gradient_clip_val': 0.26516047956047484, 'training.early_stopping_patience': 5, 'model.nhead': 2, 'model.embedding_dim': 32, 'model.hidden_dim': 4, 'model.nlayers': 5, 'model.dropout': 0.19950993757567928, 'training.epochs': 11}. Best is trial 87 with value: 0.777931809425354.
Seed set to 155

🔬 Trial 113 hyperparameters:
  Walk length: 89, Num walks: 746,093
  LR: 1.88e-03, Batch size: 256
  Model: emb_dim=32, hidden_dim=4
  Transformer: 5 layers, 2 heads
  Epochs: 11, Weighted loss: True
Loading wiki-rfa dataset...
Success! ✅
Splitting edges for wiki-rfa dataset...
Ratios: train=0.480, mask=0.320, val=0.100, test=0.100
Success! ✅
Sampling random walks from wiki-rfa dataset...
Success! ✅
Building tokenizer for wiki-rfa dataset...
Success! ✅
Padding and building stage tensors for wiki-rfa dataset...
Success! ✅
Data creation profiling (seconds):
  get_edge_list: 84.85s
  split_edges: 0.10s
  get_walks: 56.96s
  get_tokenizer: 1.61s
  encode_walks: 31.09s
  pad_and_build_stage_tensors: 3.86s
Creating DataLoaders for wiki-rfa dataset...
Success! ✅
GPU available: True (cuda), used: True
TPU available: False, using: 0 TPU cores
HPU available: False, using: 0 HPUs
/home/eng/shilo_avital/yolo_lab/walk_to_paint/.venv/lib64/python3.9/site-packages/pytorch_lightning/callbacks/model_checkpoint.py:658: Checkpoint directory /home/eng/shilo_avital/yolo_lab/walk_to_paint/outputs/wiki-rfa/wiki-rfa-optuna_20251203-235202/checkpoints exists and is not empty.
LOCAL_RANK: 0 - CUDA_VISIBLE_DEVICES: [1]
Metric val_auc_epoch improved. New best score: 0.641
Metric val_auc_epoch improved by 0.043 >= min_delta = 0.0. New best score: 0.684
Metric val_auc_epoch improved by 0.035 >= min_delta = 0.0. New best score: 0.719
Metric val_auc_epoch improved by 0.011 >= min_delta = 0.0. New best score: 0.730
Monitored metric val_auc_epoch did not improve in the last 6 records. Best score: 0.730. Signaling Trainer to stop.
Restoring states from the checkpoint path at /home/eng/shilo_avital/yolo_lab/walk_to_paint/outputs/wiki-rfa/wiki-rfa-optuna_20251203-235202/checkpoints/trial_113-epoch=03-val_auc_epoch=0.7298.ckpt
LOCAL_RANK: 0 - CUDA_VISIBLE_DEVICES: [1]
Loaded model weights from the checkpoint at /home/eng/shilo_avital/yolo_lab/walk_to_paint/outputs/wiki-rfa/wiki-rfa-optuna_20251203-235202/checkpoints/trial_113-epoch=03-val_auc_epoch=0.7298.ckpt
❌ Trial 113 failed: Trial was pruned at epoch 10.
[I 2025-12-05 13:16:45,220] Trial 113 finished with value: 0.0 and parameters: {'dataset.max_walk_length': 89, 'dataset.num_walks': 746093, 'training.lr': 0.0018814851506888932, 'training.weight_decay': 9.988184835940766e-06, 'training.batch_size': 256, 'training.gradient_clip_val': 0.4411663443575244, 'training.early_stopping_patience': 6, 'model.nhead': 2, 'model.embedding_dim': 32, 'model.hidden_dim': 4, 'model.nlayers': 5, 'model.dropout': 0.21939301601649192, 'training.epochs': 11}. Best is trial 87 with value: 0.777931809425354.
Seed set to 156

🔬 Trial 114 hyperparameters:
  Walk length: 91, Num walks: 545,247
  LR: 5.12e-03, Batch size: 256
  Model: emb_dim=32, hidden_dim=4
  Transformer: 5 layers, 2 heads
  Epochs: 15, Weighted loss: True
Loading wiki-rfa dataset...
Success! ✅
Splitting edges for wiki-rfa dataset...
Ratios: train=0.480, mask=0.320, val=0.100, test=0.100
Success! ✅
Sampling random walks from wiki-rfa dataset...
Success! ✅
Building tokenizer for wiki-rfa dataset...
Success! ✅
Padding and building stage tensors for wiki-rfa dataset...
Success! ✅
Data creation profiling (seconds):
  get_edge_list: 4.45s
  split_edges: 0.10s
  get_walks: 42.01s
  get_tokenizer: 1.22s
  encode_walks: 22.57s
  pad_and_build_stage_tensors: 2.92s
Creating DataLoaders for wiki-rfa dataset...
Success! ✅
GPU available: True (cuda), used: True
TPU available: False, using: 0 TPU cores
HPU available: False, using: 0 HPUs
/home/eng/shilo_avital/yolo_lab/walk_to_paint/.venv/lib64/python3.9/site-packages/pytorch_lightning/callbacks/model_checkpoint.py:658: Checkpoint directory /home/eng/shilo_avital/yolo_lab/walk_to_paint/outputs/wiki-rfa/wiki-rfa-optuna_20251203-235202/checkpoints exists and is not empty.
LOCAL_RANK: 0 - CUDA_VISIBLE_DEVICES: [1]
Metric val_auc_epoch improved. New best score: 0.638
Metric val_auc_epoch improved by 0.040 >= min_delta = 0.0. New best score: 0.677
Metric val_auc_epoch improved by 0.026 >= min_delta = 0.0. New best score: 0.704
Metric val_auc_epoch improved by 0.005 >= min_delta = 0.0. New best score: 0.709
Metric val_auc_epoch improved by 0.005 >= min_delta = 0.0. New best score: 0.714
Metric val_auc_epoch improved by 0.003 >= min_delta = 0.0. New best score: 0.716
❌ Trial 114 failed: Trial was pruned at epoch 7.
[I 2025-12-05 13:23:46,806] Trial 114 finished with value: 0.0 and parameters: {'dataset.max_walk_length': 91, 'dataset.num_walks': 545247, 'training.lr': 0.005115946126628567, 'training.weight_decay': 4.1862897281718546e-06, 'training.batch_size': 256, 'training.gradient_clip_val': 0.3079151468267457, 'training.early_stopping_patience': 7, 'model.nhead': 2, 'model.embedding_dim': 32, 'model.hidden_dim': 4, 'model.nlayers': 5, 'model.dropout': 0.1707198875716771, 'training.epochs': 15}. Best is trial 87 with value: 0.777931809425354.
Seed set to 157

🔬 Trial 115 hyperparameters:
  Walk length: 94, Num walks: 670,939
  LR: 2.23e-03, Batch size: 256
  Model: emb_dim=32, hidden_dim=4
  Transformer: 4 layers, 8 heads
  Epochs: 9, Weighted loss: True
Loading wiki-rfa dataset...
Success! ✅
Splitting edges for wiki-rfa dataset...
Ratios: train=0.480, mask=0.320, val=0.100, test=0.100
Success! ✅
Sampling random walks from wiki-rfa dataset...
Success! ✅
Building tokenizer for wiki-rfa dataset...
Success! ✅
Padding and building stage tensors for wiki-rfa dataset...
Success! ✅
Data creation profiling (seconds):
  get_edge_list: 84.82s
  split_edges: 0.10s
  get_walks: 52.00s
  get_tokenizer: 1.46s
  encode_walks: 28.65s
  pad_and_build_stage_tensors: 3.72s
Creating DataLoaders for wiki-rfa dataset...
Success! ✅
GPU available: True (cuda), used: True
TPU available: False, using: 0 TPU cores
HPU available: False, using: 0 HPUs
/home/eng/shilo_avital/yolo_lab/walk_to_paint/.venv/lib64/python3.9/site-packages/pytorch_lightning/callbacks/model_checkpoint.py:658: Checkpoint directory /home/eng/shilo_avital/yolo_lab/walk_to_paint/outputs/wiki-rfa/wiki-rfa-optuna_20251203-235202/checkpoints exists and is not empty.
LOCAL_RANK: 0 - CUDA_VISIBLE_DEVICES: [1]
Metric val_auc_epoch improved. New best score: 0.594
Metric val_auc_epoch improved by 0.053 >= min_delta = 0.0. New best score: 0.647
Metric val_auc_epoch improved by 0.019 >= min_delta = 0.0. New best score: 0.667
Metric val_auc_epoch improved by 0.014 >= min_delta = 0.0. New best score: 0.681
Metric val_auc_epoch improved by 0.009 >= min_delta = 0.0. New best score: 0.690
Metric val_auc_epoch improved by 0.009 >= min_delta = 0.0. New best score: 0.699
❌ Trial 115 failed: Trial was pruned at epoch 6.
[I 2025-12-05 13:36:31,112] Trial 115 finished with value: 0.0 and parameters: {'dataset.max_walk_length': 94, 'dataset.num_walks': 670939, 'training.lr': 0.00223463825576503, 'training.weight_decay': 5.8349997137413505e-06, 'training.batch_size': 256, 'training.gradient_clip_val': 0.39151697090778115, 'training.early_stopping_patience': 6, 'model.nhead': 8, 'model.embedding_dim': 32, 'model.hidden_dim': 4, 'model.nlayers': 4, 'model.dropout': 0.1879884052574012, 'training.epochs': 9}. Best is trial 87 with value: 0.777931809425354.
🧹 Cleaning up old checkpoints and logs (keeping top 10)...
  Removed old checkpoint: trial_105-epoch=04-val_auc_epoch=0.6168.ckpt
  Removed old checkpoint: trial_104-epoch=01-val_auc_epoch=0.5126.ckpt
  Removed old checkpoint: trial_103-epoch=06-val_auc_epoch=0.7158.ckpt
  Removed old checkpoint: trial_102-epoch=07-val_auc_epoch=0.7720.ckpt
  Removed old checkpoint: trial_101-epoch=01-val_auc_epoch=0.7471.ckpt
  Removed old log dir: trial_105
  Removed old log dir: trial_104
  Removed old log dir: trial_103
  Removed old log dir: trial_102
  Removed old log dir: trial_101
Seed set to 158

🔬 Trial 116 hyperparameters:
  Walk length: 87, Num walks: 829,646
  LR: 1.31e-03, Batch size: 64
  Model: emb_dim=32, hidden_dim=16
  Transformer: 5 layers, 2 heads
  Epochs: 10, Weighted loss: True
Loading wiki-rfa dataset...
Success! ✅
Splitting edges for wiki-rfa dataset...
Ratios: train=0.480, mask=0.320, val=0.100, test=0.100
Success! ✅
Sampling random walks from wiki-rfa dataset...
Success! ✅
Building tokenizer for wiki-rfa dataset...
Success! ✅
Padding and building stage tensors for wiki-rfa dataset...
Success! ✅
Data creation profiling (seconds):
  get_edge_list: 84.56s
  split_edges: 0.10s
  get_walks: 64.00s
  get_tokenizer: 1.81s
  encode_walks: 36.20s
  pad_and_build_stage_tensors: 4.39s
Creating DataLoaders for wiki-rfa dataset...
Success! ✅
GPU available: True (cuda), used: True
TPU available: False, using: 0 TPU cores
HPU available: False, using: 0 HPUs
/home/eng/shilo_avital/yolo_lab/walk_to_paint/.venv/lib64/python3.9/site-packages/pytorch_lightning/callbacks/model_checkpoint.py:658: Checkpoint directory /home/eng/shilo_avital/yolo_lab/walk_to_paint/outputs/wiki-rfa/wiki-rfa-optuna_20251203-235202/checkpoints exists and is not empty.
LOCAL_RANK: 0 - CUDA_VISIBLE_DEVICES: [1]
Metric val_auc_epoch improved. New best score: 0.610
Metric val_auc_epoch improved by 0.074 >= min_delta = 0.0. New best score: 0.684
Metric val_auc_epoch improved by 0.039 >= min_delta = 0.0. New best score: 0.723
Metric val_auc_epoch improved by 0.013 >= min_delta = 0.0. New best score: 0.736
`Trainer.fit` stopped: `max_epochs=10` reached.
Restoring states from the checkpoint path at /home/eng/shilo_avital/yolo_lab/walk_to_paint/outputs/wiki-rfa/wiki-rfa-optuna_20251203-235202/checkpoints/trial_116-epoch=03-val_auc_epoch=0.7360.ckpt
LOCAL_RANK: 0 - CUDA_VISIBLE_DEVICES: [1]
Loaded model weights from the checkpoint at /home/eng/shilo_avital/yolo_lab/walk_to_paint/outputs/wiki-rfa/wiki-rfa-optuna_20251203-235202/checkpoints/trial_116-epoch=03-val_auc_epoch=0.7360.ckpt
────────────────────────────────────────────────────────────────────────────────────────────────────────────────────────
     Validate metric           DataLoader 0
────────────────────────────────────────────────────────────────────────────────────────────────────────────────────────
          step                     10.0
      val_acc_epoch         0.5200037360191345
      val_auc_epoch         0.7359711527824402
      val_f1_epoch          0.4791422188282013
        val_loss            1.9928057193756104
────────────────────────────────────────────────────────────────────────────────────────────────────────────────────────
✅ Trial 116 completed - Val AUC: 0.7360
