/home/eng/shilo_avital/yolo_lab/walk_to_paint/.venv/lib64/python3.9/site-packages/networkx/utils/backends.py:135: RuntimeWarning: networkx backend defined more than once: nx-loopback
  backends.update(_get_backends("networkx.backends"))
Outputs -> exp_dir: outputs/wiki-rfa/wiki-rfa-optuna_20251203-235202
Set torch.float32 matmul precision to 'medium' (Tensor Cores enabled)
🎯 Starting Optuna hyperparameter optimization with 200 trials
📊 Objective: Maximize validation AUC
🖥️  Device: 1
💾 Keeping top 10 checkpoints/logs to save space
/home/eng/shilo_avital/yolo_lab/walk_to_paint/optuna_run.py:368: ExperimentalWarning: JournalStorage is experimental (supported from v3.1.0). The interface can change in the future.
  storage = JournalStorage(JournalFileStorage(optuna_log))
[I 2025-12-03 23:52:05,344] A new study created in Journal with name: walk_to_paint_study_wiki-rfa-optuna_20251203-235202
🔁 Enqueued initial seed trial from config.optuna.initial_params
Seed set to 42

🔬 Trial 0 hyperparameters:
  Walk length: 83, Num walks: 219,589
  LR: 1.20e-03, Batch size: 64
  Model: emb_dim=32, hidden_dim=16
  Transformer: 5 layers, 8 heads
  Epochs: 25, Weighted loss: True
Loading wiki-rfa dataset...
Success! ✅
Splitting edges for wiki-rfa dataset...
Ratios: train=0.480, mask=0.320, val=0.100, test=0.100
Success! ✅
Sampling random walks from wiki-rfa dataset...
Success! ✅
Building tokenizer for wiki-rfa dataset...
Success! ✅
Padding and building stage tensors for wiki-rfa dataset...
Success! ✅
Data creation profiling (seconds):
  get_edge_list: 4.72s
  split_edges: 0.09s
  get_walks: 15.80s
  get_tokenizer: 0.56s
  encode_walks: 8.76s
  pad_and_build_stage_tensors: 1.17s
Creating DataLoaders for wiki-rfa dataset...
Success! ✅
GPU available: True (cuda), used: True
TPU available: False, using: 0 TPU cores
HPU available: False, using: 0 HPUs
LOCAL_RANK: 0 - CUDA_VISIBLE_DEVICES: [1]
Metric val_auc_epoch improved. New best score: 0.531
Metric val_auc_epoch improved by 0.009 >= min_delta = 0.0. New best score: 0.541
Metric val_auc_epoch improved by 0.009 >= min_delta = 0.0. New best score: 0.549
Metric val_auc_epoch improved by 0.002 >= min_delta = 0.0. New best score: 0.551
Metric val_auc_epoch improved by 0.000 >= min_delta = 0.0. New best score: 0.552
Metric val_auc_epoch improved by 0.000 >= min_delta = 0.0. New best score: 0.552
Monitored metric val_auc_epoch did not improve in the last 10 records. Best score: 0.552. Signaling Trainer to stop.
Restoring states from the checkpoint path at /home/eng/shilo_avital/yolo_lab/walk_to_paint/outputs/wiki-rfa/wiki-rfa-optuna_20251203-235202/checkpoints/trial_0-epoch=06-val_auc_epoch=0.5518.ckpt
LOCAL_RANK: 0 - CUDA_VISIBLE_DEVICES: [1]
Loaded model weights from the checkpoint at /home/eng/shilo_avital/yolo_lab/walk_to_paint/outputs/wiki-rfa/wiki-rfa-optuna_20251203-235202/checkpoints/trial_0-epoch=06-val_auc_epoch=0.5518.ckpt
────────────────────────────────────────────────────────────────────────────────────────────────────────────────────────
     Validate metric           DataLoader 0
────────────────────────────────────────────────────────────────────────────────────────────────────────────────────────
          step                     17.0
      val_acc_epoch         0.37846338748931885
      val_auc_epoch         0.5518443584442139
      val_f1_epoch          0.32783636450767517
        val_loss            1.3104420900344849
────────────────────────────────────────────────────────────────────────────────────────────────────────────────────────
✅ Trial 0 completed - Val AUC: 0.5518
[I 2025-12-04 00:39:41,871] Trial 0 finished with value: 0.5518443584442139 and parameters: {'dataset.max_walk_length': 83, 'dataset.num_walks': 219589, 'training.lr': 0.0011990397793339518, 'training.weight_decay': 0.0026821863636421073, 'training.batch_size': 64, 'training.gradient_clip_val': 0.5956847053697083, 'training.early_stopping_patience': 10, 'model.nhead': 8, 'model.embedding_dim': 32, 'model.hidden_dim': 16, 'model.nlayers': 5, 'model.dropout': 0.6207573207736868, 'training.epochs': 25}. Best is trial 0 with value: 0.5518443584442139.
Seed set to 43

🔬 Trial 1 hyperparameters:
  Walk length: 89, Num walks: 665,523
  LR: 1.81e-05, Batch size: 128
  Model: emb_dim=128, hidden_dim=16
  Transformer: 5 layers, 4 heads
  Epochs: 8, Weighted loss: True
Loading wiki-rfa dataset...
Success! ✅
Splitting edges for wiki-rfa dataset...
Ratios: train=0.480, mask=0.320, val=0.100, test=0.100
Success! ✅
Sampling random walks from wiki-rfa dataset...
Success! ✅
Building tokenizer for wiki-rfa dataset...
Success! ✅
Padding and building stage tensors for wiki-rfa dataset...
Success! ✅
Data creation profiling (seconds):
  get_edge_list: 4.98s
  split_edges: 0.09s
  get_walks: 52.15s
  get_tokenizer: 1.47s
  encode_walks: 27.82s
  pad_and_build_stage_tensors: 3.64s
Creating DataLoaders for wiki-rfa dataset...
Success! ✅
GPU available: True (cuda), used: True
TPU available: False, using: 0 TPU cores
HPU available: False, using: 0 HPUs
/home/eng/shilo_avital/yolo_lab/walk_to_paint/.venv/lib64/python3.9/site-packages/pytorch_lightning/callbacks/model_checkpoint.py:658: Checkpoint directory /home/eng/shilo_avital/yolo_lab/walk_to_paint/outputs/wiki-rfa/wiki-rfa-optuna_20251203-235202/checkpoints exists and is not empty.
LOCAL_RANK: 0 - CUDA_VISIBLE_DEVICES: [1]
Metric val_auc_epoch improved. New best score: 0.532
Metric val_auc_epoch improved by 0.003 >= min_delta = 0.0. New best score: 0.534
Metric val_auc_epoch improved by 0.002 >= min_delta = 0.0. New best score: 0.537
Metric val_auc_epoch improved by 0.001 >= min_delta = 0.0. New best score: 0.538
Metric val_auc_epoch improved by 0.002 >= min_delta = 0.0. New best score: 0.540
Metric val_auc_epoch improved by 0.001 >= min_delta = 0.0. New best score: 0.541
Metric val_auc_epoch improved by 0.000 >= min_delta = 0.0. New best score: 0.541
`Trainer.fit` stopped: `max_epochs=8` reached.
Restoring states from the checkpoint path at /home/eng/shilo_avital/yolo_lab/walk_to_paint/outputs/wiki-rfa/wiki-rfa-optuna_20251203-235202/checkpoints/trial_1-epoch=07-val_auc_epoch=0.5413.ckpt
LOCAL_RANK: 0 - CUDA_VISIBLE_DEVICES: [1]
Loaded model weights from the checkpoint at /home/eng/shilo_avital/yolo_lab/walk_to_paint/outputs/wiki-rfa/wiki-rfa-optuna_20251203-235202/checkpoints/trial_1-epoch=07-val_auc_epoch=0.5413.ckpt
────────────────────────────────────────────────────────────────────────────────────────────────────────────────────────
     Validate metric           DataLoader 0
────────────────────────────────────────────────────────────────────────────────────────────────────────────────────────
          step                      8.0
      val_acc_epoch         0.36936748027801514
      val_auc_epoch          0.541294276714325
      val_f1_epoch          0.3349500596523285
        val_loss            1.1498183012008667
────────────────────────────────────────────────────────────────────────────────────────────────────────────────────────
✅ Trial 1 completed - Val AUC: 0.5413
[I 2025-12-04 01:22:55,771] Trial 1 finished with value: 0.541294276714325 and parameters: {'dataset.max_walk_length': 89, 'dataset.num_walks': 665523, 'training.lr': 1.8113197936374797e-05, 'training.weight_decay': 0.00031403468241767747, 'training.batch_size': 128, 'training.gradient_clip_val': 1.1025731635861344, 'training.early_stopping_patience': 7, 'model.nhead': 4, 'model.embedding_dim': 128, 'model.hidden_dim': 16, 'model.nlayers': 5, 'model.dropout': 0.3056815336146731, 'training.epochs': 8}. Best is trial 0 with value: 0.5518443584442139.
Seed set to 44

🔬 Trial 2 hyperparameters:
  Walk length: 33, Num walks: 350,799
  LR: 3.64e-04, Batch size: 64
  Model: emb_dim=64, hidden_dim=4
  Transformer: 5 layers, 2 heads
  Epochs: 11, Weighted loss: True
Loading wiki-rfa dataset...
Success! ✅
Splitting edges for wiki-rfa dataset...
Ratios: train=0.480, mask=0.320, val=0.100, test=0.100
Success! ✅
Sampling random walks from wiki-rfa dataset...
Success! ✅
Building tokenizer for wiki-rfa dataset...
Success! ✅
Padding and building stage tensors for wiki-rfa dataset...
Success! ✅
Data creation profiling (seconds):
  get_edge_list: 4.98s
  split_edges: 0.09s
  get_walks: 26.48s
  get_tokenizer: 0.84s
  encode_walks: 14.87s
  pad_and_build_stage_tensors: 1.84s
Creating DataLoaders for wiki-rfa dataset...
Success! ✅
GPU available: True (cuda), used: True
TPU available: False, using: 0 TPU cores
HPU available: False, using: 0 HPUs
/home/eng/shilo_avital/yolo_lab/walk_to_paint/.venv/lib64/python3.9/site-packages/pytorch_lightning/callbacks/model_checkpoint.py:658: Checkpoint directory /home/eng/shilo_avital/yolo_lab/walk_to_paint/outputs/wiki-rfa/wiki-rfa-optuna_20251203-235202/checkpoints exists and is not empty.
LOCAL_RANK: 0 - CUDA_VISIBLE_DEVICES: [1]
Metric val_auc_epoch improved. New best score: 0.541
Metric val_auc_epoch improved by 0.018 >= min_delta = 0.0. New best score: 0.560
Metric val_auc_epoch improved by 0.050 >= min_delta = 0.0. New best score: 0.610
Metric val_auc_epoch improved by 0.038 >= min_delta = 0.0. New best score: 0.647
Metric val_auc_epoch improved by 0.019 >= min_delta = 0.0. New best score: 0.666
Metric val_auc_epoch improved by 0.003 >= min_delta = 0.0. New best score: 0.669
Metric val_auc_epoch improved by 0.012 >= min_delta = 0.0. New best score: 0.682
Metric val_auc_epoch improved by 0.003 >= min_delta = 0.0. New best score: 0.684
Metric val_auc_epoch improved by 0.006 >= min_delta = 0.0. New best score: 0.690
Metric val_auc_epoch improved by 0.000 >= min_delta = 0.0. New best score: 0.690
`Trainer.fit` stopped: `max_epochs=11` reached.
Restoring states from the checkpoint path at /home/eng/shilo_avital/yolo_lab/walk_to_paint/outputs/wiki-rfa/wiki-rfa-optuna_20251203-235202/checkpoints/trial_2-epoch=10-val_auc_epoch=0.6900.ckpt
LOCAL_RANK: 0 - CUDA_VISIBLE_DEVICES: [1]
Loaded model weights from the checkpoint at /home/eng/shilo_avital/yolo_lab/walk_to_paint/outputs/wiki-rfa/wiki-rfa-optuna_20251203-235202/checkpoints/trial_2-epoch=10-val_auc_epoch=0.6900.ckpt
────────────────────────────────────────────────────────────────────────────────────────────────────────────────────────
     Validate metric           DataLoader 0
────────────────────────────────────────────────────────────────────────────────────────────────────────────────────────
          step                     11.0
      val_acc_epoch         0.4744197130203247
      val_auc_epoch         0.6900161504745483
      val_f1_epoch          0.43482816219329834
        val_loss            1.4203182458877563
────────────────────────────────────────────────────────────────────────────────────────────────────────────────────────
✅ Trial 2 completed - Val AUC: 0.6900
[I 2025-12-04 01:59:59,465] Trial 2 finished with value: 0.6900161504745483 and parameters: {'dataset.max_walk_length': 33, 'dataset.num_walks': 350799, 'training.lr': 0.0003639316773843746, 'training.weight_decay': 0.004254753923301051, 'training.batch_size': 64, 'training.gradient_clip_val': 0.4328209792095925, 'training.early_stopping_patience': 12, 'model.nhead': 2, 'model.embedding_dim': 64, 'model.hidden_dim': 4, 'model.nlayers': 5, 'model.dropout': 0.4015869617984874, 'training.epochs': 11}. Best is trial 2 with value: 0.6900161504745483.
[I 2025-12-04 01:59:59,474] Trial 3 pruned. Could not find valid nhead/embedding_dim combination after 10 attempts
Seed set to 46

🔬 Trial 4 hyperparameters:
  Walk length: 95, Num walks: 138,176
  LR: 6.04e-03, Batch size: 32
  Model: emb_dim=64, hidden_dim=32
  Transformer: 4 layers, 4 heads
  Epochs: 19, Weighted loss: True
Loading wiki-rfa dataset...
Success! ✅
Splitting edges for wiki-rfa dataset...
Ratios: train=0.480, mask=0.320, val=0.100, test=0.100
Success! ✅
Sampling random walks from wiki-rfa dataset...
Success! ✅
Building tokenizer for wiki-rfa dataset...
Success! ✅
Padding and building stage tensors for wiki-rfa dataset...
Success! ✅
Data creation profiling (seconds):
  get_edge_list: 4.40s
  split_edges: 0.09s
  get_walks: 10.05s
  get_tokenizer: 0.38s
  encode_walks: 5.51s
  pad_and_build_stage_tensors: 0.71s
Creating DataLoaders for wiki-rfa dataset...
Success! ✅
GPU available: True (cuda), used: True
TPU available: False, using: 0 TPU cores
HPU available: False, using: 0 HPUs
/home/eng/shilo_avital/yolo_lab/walk_to_paint/.venv/lib64/python3.9/site-packages/pytorch_lightning/callbacks/model_checkpoint.py:658: Checkpoint directory /home/eng/shilo_avital/yolo_lab/walk_to_paint/outputs/wiki-rfa/wiki-rfa-optuna_20251203-235202/checkpoints exists and is not empty.
LOCAL_RANK: 0 - CUDA_VISIBLE_DEVICES: [1]
Metric val_auc_epoch improved. New best score: 0.508
Monitored metric val_auc_epoch did not improve in the last 8 records. Best score: 0.508. Signaling Trainer to stop.
Restoring states from the checkpoint path at /home/eng/shilo_avital/yolo_lab/walk_to_paint/outputs/wiki-rfa/wiki-rfa-optuna_20251203-235202/checkpoints/trial_4-epoch=00-val_auc_epoch=0.5083.ckpt
LOCAL_RANK: 0 - CUDA_VISIBLE_DEVICES: [1]
Loaded model weights from the checkpoint at /home/eng/shilo_avital/yolo_lab/walk_to_paint/outputs/wiki-rfa/wiki-rfa-optuna_20251203-235202/checkpoints/trial_4-epoch=00-val_auc_epoch=0.5083.ckpt
────────────────────────────────────────────────────────────────────────────────────────────────────────────────────────
     Validate metric           DataLoader 0
────────────────────────────────────────────────────────────────────────────────────────────────────────────────────────
          step                      9.0
      val_acc_epoch         0.3333333432674408
      val_auc_epoch         0.5083115100860596
      val_f1_epoch          0.03316223993897438
        val_loss             1.099208950996399
────────────────────────────────────────────────────────────────────────────────────────────────────────────────────────
✅ Trial 4 completed - Val AUC: 0.5083
[I 2025-12-04 02:13:36,448] Trial 4 finished with value: 0.5083115100860596 and parameters: {'dataset.max_walk_length': 95, 'dataset.num_walks': 138176, 'training.lr': 0.006042844832695083, 'training.weight_decay': 9.726957383470783e-08, 'training.batch_size': 32, 'training.gradient_clip_val': 0.5853770749080751, 'training.early_stopping_patience': 8, 'model.nhead': 4, 'model.embedding_dim': 64, 'model.hidden_dim': 32, 'model.nlayers': 4, 'model.dropout': 0.5643207792154578, 'training.epochs': 19}. Best is trial 2 with value: 0.6900161504745483.
Seed set to 47

🔬 Trial 5 hyperparameters:
  Walk length: 93, Num walks: 2,066,011
  LR: 1.51e-02, Batch size: 128
  Model: emb_dim=64, hidden_dim=256
  Transformer: 5 layers, 2 heads
  Epochs: 24, Weighted loss: True
Loading wiki-rfa dataset...
Success! ✅
Splitting edges for wiki-rfa dataset...
Ratios: train=0.480, mask=0.320, val=0.100, test=0.100
Success! ✅
Sampling random walks from wiki-rfa dataset...
Success! ✅
Building tokenizer for wiki-rfa dataset...
Success! ✅
Padding and building stage tensors for wiki-rfa dataset...
Success! ✅
Data creation profiling (seconds):
  get_edge_list: 4.65s
  split_edges: 0.09s
  get_walks: 154.22s
  get_tokenizer: 4.08s
  encode_walks: 82.80s
  pad_and_build_stage_tensors: 11.13s
Creating DataLoaders for wiki-rfa dataset...
Success! ✅
GPU available: True (cuda), used: True
TPU available: False, using: 0 TPU cores
HPU available: False, using: 0 HPUs
/home/eng/shilo_avital/yolo_lab/walk_to_paint/.venv/lib64/python3.9/site-packages/pytorch_lightning/callbacks/model_checkpoint.py:658: Checkpoint directory /home/eng/shilo_avital/yolo_lab/walk_to_paint/outputs/wiki-rfa/wiki-rfa-optuna_20251203-235202/checkpoints exists and is not empty.
LOCAL_RANK: 0 - CUDA_VISIBLE_DEVICES: [1]
Metric val_auc_epoch improved. New best score: 0.502
Monitored metric val_auc_epoch did not improve in the last 15 records. Best score: 0.502. Signaling Trainer to stop.
Restoring states from the checkpoint path at /home/eng/shilo_avital/yolo_lab/walk_to_paint/outputs/wiki-rfa/wiki-rfa-optuna_20251203-235202/checkpoints/trial_5-epoch=00-val_auc_epoch=0.5025.ckpt
LOCAL_RANK: 0 - CUDA_VISIBLE_DEVICES: [1]
Loaded model weights from the checkpoint at /home/eng/shilo_avital/yolo_lab/walk_to_paint/outputs/wiki-rfa/wiki-rfa-optuna_20251203-235202/checkpoints/trial_5-epoch=00-val_auc_epoch=0.5025.ckpt
────────────────────────────────────────────────────────────────────────────────────────────────────────────────────────
     Validate metric           DataLoader 0
────────────────────────────────────────────────────────────────────────────────────────────────────────────────────────
          step                     16.0
      val_acc_epoch         0.3333333432674408
      val_auc_epoch         0.5024827122688293
      val_f1_epoch          0.03432737663388252
        val_loss             1.098813772201538
────────────────────────────────────────────────────────────────────────────────────────────────────────────────────────
✅ Trial 5 completed - Val AUC: 0.5025
[I 2025-12-04 04:09:27,290] Trial 5 finished with value: 0.5024827122688293 and parameters: {'dataset.max_walk_length': 93, 'dataset.num_walks': 2066011, 'training.lr': 0.015054019357632321, 'training.weight_decay': 8.531012476419937e-05, 'training.batch_size': 128, 'training.gradient_clip_val': 1.7014630481153608, 'training.early_stopping_patience': 15, 'model.nhead': 2, 'model.embedding_dim': 64, 'model.hidden_dim': 256, 'model.nlayers': 5, 'model.dropout': 0.526441223119494, 'training.epochs': 24}. Best is trial 2 with value: 0.6900161504745483.
🧹 Cleaning up old checkpoints and logs (keeping top 10)...
Seed set to 48

🔬 Trial 6 hyperparameters:
  Walk length: 100, Num walks: 1,867,169
  LR: 1.18e-03, Batch size: 32
  Model: emb_dim=8, hidden_dim=8
  Transformer: 5 layers, 8 heads
  Epochs: 7, Weighted loss: True
Loading wiki-rfa dataset...
Success! ✅
Splitting edges for wiki-rfa dataset...
Ratios: train=0.480, mask=0.320, val=0.100, test=0.100
Success! ✅
Sampling random walks from wiki-rfa dataset...
Success! ✅
Building tokenizer for wiki-rfa dataset...
Success! ✅
Padding and building stage tensors for wiki-rfa dataset...
Success! ✅
Data creation profiling (seconds):
  get_edge_list: 4.78s
  split_edges: 0.09s
  get_walks: 140.06s
  get_tokenizer: 3.75s
  encode_walks: 74.92s
  pad_and_build_stage_tensors: 10.32s
Creating DataLoaders for wiki-rfa dataset...
Success! ✅
GPU available: True (cuda), used: True
TPU available: False, using: 0 TPU cores
HPU available: False, using: 0 HPUs
/home/eng/shilo_avital/yolo_lab/walk_to_paint/.venv/lib64/python3.9/site-packages/pytorch_lightning/callbacks/model_checkpoint.py:658: Checkpoint directory /home/eng/shilo_avital/yolo_lab/walk_to_paint/outputs/wiki-rfa/wiki-rfa-optuna_20251203-235202/checkpoints exists and is not empty.
LOCAL_RANK: 0 - CUDA_VISIBLE_DEVICES: [1]
Metric val_auc_epoch improved. New best score: 0.589
/home/eng/shilo_avital/yolo_lab/walk_to_paint/.venv/lib64/python3.9/site-packages/pytorch_lightning/loops/optimization/automatic.py:134: `training_step` returned `None`. If this was on purpose, ignore this warning...
Metric val_auc_epoch improved by 0.013 >= min_delta = 0.0. New best score: 0.602
Metric val_auc_epoch improved by 0.006 >= min_delta = 0.0. New best score: 0.608
Metric val_auc_epoch improved by 0.004 >= min_delta = 0.0. New best score: 0.612
Metric val_auc_epoch improved by 0.015 >= min_delta = 0.0. New best score: 0.627
Metric val_auc_epoch improved by 0.001 >= min_delta = 0.0. New best score: 0.628
`Trainer.fit` stopped: `max_epochs=7` reached.
Restoring states from the checkpoint path at /home/eng/shilo_avital/yolo_lab/walk_to_paint/outputs/wiki-rfa/wiki-rfa-optuna_20251203-235202/checkpoints/trial_6-epoch=05-val_auc_epoch=0.6279.ckpt
LOCAL_RANK: 0 - CUDA_VISIBLE_DEVICES: [1]
Loaded model weights from the checkpoint at /home/eng/shilo_avital/yolo_lab/walk_to_paint/outputs/wiki-rfa/wiki-rfa-optuna_20251203-235202/checkpoints/trial_6-epoch=05-val_auc_epoch=0.6279.ckpt
────────────────────────────────────────────────────────────────────────────────────────────────────────────────────────
     Validate metric           DataLoader 0
────────────────────────────────────────────────────────────────────────────────────────────────────────────────────────
          step                      7.0
      val_acc_epoch         0.4264618158340454
      val_auc_epoch         0.6278747916221619
      val_f1_epoch          0.3991331160068512
        val_loss             1.238223910331726
────────────────────────────────────────────────────────────────────────────────────────────────────────────────────────
✅ Trial 6 completed - Val AUC: 0.6279
