[I 2025-12-06 08:15:48,514] Trial 197 finished with value: 0.0 and parameters: {'dataset.max_walk_length': 88, 'dataset.num_walks': 635378, 'training.lr': 0.0018072602507891425, 'training.weight_decay': 1.8550194738294727e-06, 'training.batch_size': 256, 'training.gradient_clip_val': 0.42283021977280727, 'training.early_stopping_patience': 10, 'model.nhead': 2, 'model.embedding_dim': 16, 'model.hidden_dim': 64, 'model.nlayers': 5, 'model.dropout': 0.13881391347239516, 'training.epochs': 11}. Best is trial 87 with value: 0.777931809425354.
Seed set to 240

🔬 Trial 198 hyperparameters:
  Walk length: 85, Num walks: 893,408
  LR: 1.30e-03, Batch size: 256
  Model: emb_dim=32, hidden_dim=8
  Transformer: 5 layers, 16 heads
  Epochs: 10, Weighted loss: True
Loading wiki-rfa dataset...
Success! ✅
Splitting edges for wiki-rfa dataset...
Ratios: train=0.480, mask=0.320, val=0.100, test=0.100
Success! ✅
Sampling random walks from wiki-rfa dataset...
Success! ✅
Building tokenizer for wiki-rfa dataset...
Success! ✅
Padding and building stage tensors for wiki-rfa dataset...
Success! ✅
Data creation profiling (seconds):
  get_edge_list: 84.95s
  split_edges: 0.09s
  get_walks: 67.46s
  get_tokenizer: 1.89s
  encode_walks: 36.79s
  pad_and_build_stage_tensors: 4.59s
Creating DataLoaders for wiki-rfa dataset...
Success! ✅
GPU available: True (cuda), used: True
TPU available: False, using: 0 TPU cores
HPU available: False, using: 0 HPUs
/home/eng/shilo_avital/yolo_lab/walk_to_paint/.venv/lib64/python3.9/site-packages/pytorch_lightning/callbacks/model_checkpoint.py:658: Checkpoint directory /home/eng/shilo_avital/yolo_lab/walk_to_paint/outputs/wiki-rfa/wiki-rfa-optuna_20251203-235202/checkpoints exists and is not empty.
LOCAL_RANK: 0 - CUDA_VISIBLE_DEVICES: [1]
Metric val_auc_epoch improved. New best score: 0.583
Metric val_auc_epoch improved by 0.043 >= min_delta = 0.0. New best score: 0.626
Metric val_auc_epoch improved by 0.021 >= min_delta = 0.0. New best score: 0.648
Metric val_auc_epoch improved by 0.011 >= min_delta = 0.0. New best score: 0.659
Metric val_auc_epoch improved by 0.001 >= min_delta = 0.0. New best score: 0.660
❌ Trial 198 failed: Trial was pruned at epoch 5.
[I 2025-12-06 09:00:49,763] Trial 198 finished with value: 0.0 and parameters: {'dataset.max_walk_length': 85, 'dataset.num_walks': 893408, 'training.lr': 0.0012974760459582176, 'training.weight_decay': 3.0997228863382333e-06, 'training.batch_size': 256, 'training.gradient_clip_val': 0.5090075393045046, 'training.early_stopping_patience': 5, 'model.nhead': 16, 'model.embedding_dim': 32, 'model.hidden_dim': 8, 'model.nlayers': 5, 'model.dropout': 0.22548559337761853, 'training.epochs': 10}. Best is trial 87 with value: 0.777931809425354.
Seed set to 241

🔬 Trial 199 hyperparameters:
  Walk length: 91, Num walks: 703,828
  LR: 3.99e-03, Batch size: 32
  Model: emb_dim=64, hidden_dim=4
  Transformer: 4 layers, 2 heads
  Epochs: 12, Weighted loss: True
Loading wiki-rfa dataset...
Success! ✅
Splitting edges for wiki-rfa dataset...
Ratios: train=0.480, mask=0.320, val=0.100, test=0.100
Success! ✅
Sampling random walks from wiki-rfa dataset...
Success! ✅
Building tokenizer for wiki-rfa dataset...
Success! ✅
Padding and building stage tensors for wiki-rfa dataset...
Success! ✅
Data creation profiling (seconds):
  get_edge_list: 84.98s
  split_edges: 0.10s
  get_walks: 54.66s
  get_tokenizer: 1.56s
  encode_walks: 28.69s
  pad_and_build_stage_tensors: 3.77s
Creating DataLoaders for wiki-rfa dataset...
Success! ✅
GPU available: True (cuda), used: True
TPU available: False, using: 0 TPU cores
HPU available: False, using: 0 HPUs
/home/eng/shilo_avital/yolo_lab/walk_to_paint/.venv/lib64/python3.9/site-packages/pytorch_lightning/callbacks/model_checkpoint.py:658: Checkpoint directory /home/eng/shilo_avital/yolo_lab/walk_to_paint/outputs/wiki-rfa/wiki-rfa-optuna_20251203-235202/checkpoints exists and is not empty.
LOCAL_RANK: 0 - CUDA_VISIBLE_DEVICES: [1]
Metric val_auc_epoch improved. New best score: 0.499
Metric val_auc_epoch improved by 0.002 >= min_delta = 0.0. New best score: 0.501
Metric val_auc_epoch improved by 0.002 >= min_delta = 0.0. New best score: 0.503
❌ Trial 199 failed: Trial was pruned at epoch 5.
[I 2025-12-06 09:34:35,618] Trial 199 finished with value: 0.0 and parameters: {'dataset.max_walk_length': 91, 'dataset.num_walks': 703828, 'training.lr': 0.0039927322789864005, 'training.weight_decay': 1.0943924751242951e-05, 'training.batch_size': 32, 'training.gradient_clip_val': 0.6469750661997636, 'training.early_stopping_patience': 5, 'model.nhead': 2, 'model.embedding_dim': 64, 'model.hidden_dim': 4, 'model.nlayers': 4, 'model.dropout': 0.21559189380752455, 'training.epochs': 12}. Best is trial 87 with value: 0.777931809425354.
🧹 Cleaning up old checkpoints and logs (keeping top 10)...
  Removed old checkpoint: trial_189-epoch=07-val_auc_epoch=0.7453.ckpt
  Removed old checkpoint: trial_188-epoch=03-val_auc_epoch=0.7580.ckpt
  Removed old checkpoint: trial_187-epoch=04-val_auc_epoch=0.6694.ckpt
  Removed old checkpoint: trial_186-epoch=00-val_auc_epoch=0.5042.ckpt
  Removed old log dir: trial_189
  Removed old log dir: trial_188
  Removed old log dir: trial_187
  Removed old log dir: trial_186

============================================================
🏆 OPTUNA OPTIMIZATION COMPLETED!
============================================================
Best trial: #87
Best validation AUC: 0.777932

📋 Best hyperparameters:

🗃️  Data Generation:
  dataset.max_walk_length: 82
  dataset.num_walks: 434857

🏋️  Training:
  training.batch_size: 256
  training.early_stopping_patience: 5
  training.epochs: 20
  training.gradient_clip_val: 0.5394002549968298
  training.lr: 0.0016135042002810406
  training.weight_decay: 2.9866739870000337e-05

🧠 Model Architecture:
  model.dropout: 0.14736239940786994
  model.embedding_dim: 64
  model.hidden_dim: 64
  model.nhead: 2
  model.nlayers: 5

💾 Saved best configuration to: outputs/wiki-rfa/wiki-rfa-optuna_20251203-235202/optuna/best_params_optuna_wiki-rfa-optuna_20251203-235202.yaml
🎯 Best validation AUC achieved: -0.777932
📊 Saved complete study to: outputs/wiki-rfa/wiki-rfa-optuna_20251203-235202/optuna/optuna_study_wiki-rfa-optuna_20251203-235202.pkl
Could not generate top-trial plots/checkpoints: '<' not supported between instances of 'float' and 'NoneType'

🚀 Use the best configuration to train your final model!
============================================================
