[I 2025-12-06 02:12:36,809] Trial 172 finished with value: 0.7542257308959961 and parameters: {'dataset.max_walk_length': 90, 'dataset.num_walks': 840327, 'training.lr': 0.0016997509159654028, 'training.weight_decay': 2.6701432142008594e-06, 'training.batch_size': 256, 'training.gradient_clip_val': 0.4461482743478469, 'training.early_stopping_patience': 8, 'model.nhead': 2, 'model.embedding_dim': 64, 'model.hidden_dim': 8, 'model.nlayers': 5, 'model.dropout': 0.21856414611144975, 'training.epochs': 12}. Best is trial 87 with value: 0.777931809425354.
Seed set to 215

🔬 Trial 173 hyperparameters:
  Walk length: 90, Num walks: 855,957
  LR: 1.81e-03, Batch size: 256
  Model: emb_dim=64, hidden_dim=8
  Transformer: 5 layers, 2 heads
  Epochs: 12, Weighted loss: True
Loading wiki-rfa dataset...
Success! ✅
Splitting edges for wiki-rfa dataset...
Ratios: train=0.480, mask=0.320, val=0.100, test=0.100
Success! ✅
Sampling random walks from wiki-rfa dataset...
Success! ✅
Building tokenizer for wiki-rfa dataset...
Success! ✅
Padding and building stage tensors for wiki-rfa dataset...
Success! ✅
Data creation profiling (seconds):
  get_edge_list: 4.67s
  split_edges: 0.10s
  get_walks: 66.24s
  get_tokenizer: 1.83s
  encode_walks: 36.26s
  pad_and_build_stage_tensors: 4.48s
Creating DataLoaders for wiki-rfa dataset...
Success! ✅
GPU available: True (cuda), used: True
TPU available: False, using: 0 TPU cores
HPU available: False, using: 0 HPUs
/home/eng/shilo_avital/yolo_lab/walk_to_paint/.venv/lib64/python3.9/site-packages/pytorch_lightning/callbacks/model_checkpoint.py:658: Checkpoint directory /home/eng/shilo_avital/yolo_lab/walk_to_paint/outputs/wiki-rfa/wiki-rfa-optuna_20251203-235202/checkpoints exists and is not empty.
LOCAL_RANK: 0 - CUDA_VISIBLE_DEVICES: [1]
Metric val_auc_epoch improved. New best score: 0.644
Metric val_auc_epoch improved by 0.034 >= min_delta = 0.0. New best score: 0.678
Metric val_auc_epoch improved by 0.017 >= min_delta = 0.0. New best score: 0.695
Metric val_auc_epoch improved by 0.011 >= min_delta = 0.0. New best score: 0.706
Metric val_auc_epoch improved by 0.005 >= min_delta = 0.0. New best score: 0.711
❌ Trial 173 failed: Trial was pruned at epoch 6.
[I 2025-12-06 02:23:25,090] Trial 173 finished with value: 0.0 and parameters: {'dataset.max_walk_length': 90, 'dataset.num_walks': 855957, 'training.lr': 0.0018056551730021924, 'training.weight_decay': 2.32609235032414e-06, 'training.batch_size': 256, 'training.gradient_clip_val': 0.5309443360529781, 'training.early_stopping_patience': 9, 'model.nhead': 2, 'model.embedding_dim': 64, 'model.hidden_dim': 8, 'model.nlayers': 5, 'model.dropout': 0.21822961741010372, 'training.epochs': 12}. Best is trial 87 with value: 0.777931809425354.
Seed set to 216

🔬 Trial 174 hyperparameters:
  Walk length: 91, Num walks: 810,875
  LR: 1.52e-03, Batch size: 256
  Model: emb_dim=64, hidden_dim=8
  Transformer: 5 layers, 2 heads
  Epochs: 12, Weighted loss: True
Loading wiki-rfa dataset...
Success! ✅
Splitting edges for wiki-rfa dataset...
Ratios: train=0.480, mask=0.320, val=0.100, test=0.100
Success! ✅
Sampling random walks from wiki-rfa dataset...
Success! ✅
Building tokenizer for wiki-rfa dataset...
Success! ✅
Padding and building stage tensors for wiki-rfa dataset...
Success! ✅
Data creation profiling (seconds):
  get_edge_list: 85.00s
  split_edges: 0.10s
  get_walks: 62.92s
  get_tokenizer: 1.80s
  encode_walks: 34.38s
  pad_and_build_stage_tensors: 4.35s
Creating DataLoaders for wiki-rfa dataset...
Success! ✅
GPU available: True (cuda), used: True
TPU available: False, using: 0 TPU cores
HPU available: False, using: 0 HPUs
/home/eng/shilo_avital/yolo_lab/walk_to_paint/.venv/lib64/python3.9/site-packages/pytorch_lightning/callbacks/model_checkpoint.py:658: Checkpoint directory /home/eng/shilo_avital/yolo_lab/walk_to_paint/outputs/wiki-rfa/wiki-rfa-optuna_20251203-235202/checkpoints exists and is not empty.
LOCAL_RANK: 0 - CUDA_VISIBLE_DEVICES: [1]
Metric val_auc_epoch improved. New best score: 0.650
Metric val_auc_epoch improved by 0.045 >= min_delta = 0.0. New best score: 0.695
Metric val_auc_epoch improved by 0.018 >= min_delta = 0.0. New best score: 0.713
Metric val_auc_epoch improved by 0.018 >= min_delta = 0.0. New best score: 0.731
❌ Trial 174 failed: Trial was pruned at epoch 8.
[I 2025-12-06 02:37:33,348] Trial 174 finished with value: 0.0 and parameters: {'dataset.max_walk_length': 91, 'dataset.num_walks': 810875, 'training.lr': 0.0015175916260710986, 'training.weight_decay': 1.2852454204323828e-06, 'training.batch_size': 256, 'training.gradient_clip_val': 0.4374932137632101, 'training.early_stopping_patience': 9, 'model.nhead': 2, 'model.embedding_dim': 64, 'model.hidden_dim': 8, 'model.nlayers': 5, 'model.dropout': 0.2592685942931741, 'training.epochs': 12}. Best is trial 87 with value: 0.777931809425354.
Seed set to 217

🔬 Trial 175 hyperparameters:
  Walk length: 89, Num walks: 993,891
  LR: 2.30e-03, Batch size: 256
  Model: emb_dim=64, hidden_dim=8
  Transformer: 5 layers, 2 heads
  Epochs: 13, Weighted loss: True
Loading wiki-rfa dataset...
Success! ✅
Splitting edges for wiki-rfa dataset...
Ratios: train=0.480, mask=0.320, val=0.100, test=0.100
Success! ✅
Sampling random walks from wiki-rfa dataset...
Success! ✅
Building tokenizer for wiki-rfa dataset...
Success! ✅
Padding and building stage tensors for wiki-rfa dataset...
Success! ✅
Data creation profiling (seconds):
  get_edge_list: 84.84s
  split_edges: 0.10s
  get_walks: 78.21s
  get_tokenizer: 2.10s
  encode_walks: 40.57s
  pad_and_build_stage_tensors: 5.23s
Creating DataLoaders for wiki-rfa dataset...
Success! ✅
GPU available: True (cuda), used: True
TPU available: False, using: 0 TPU cores
HPU available: False, using: 0 HPUs
/home/eng/shilo_avital/yolo_lab/walk_to_paint/.venv/lib64/python3.9/site-packages/pytorch_lightning/callbacks/model_checkpoint.py:658: Checkpoint directory /home/eng/shilo_avital/yolo_lab/walk_to_paint/outputs/wiki-rfa/wiki-rfa-optuna_20251203-235202/checkpoints exists and is not empty.
LOCAL_RANK: 0 - CUDA_VISIBLE_DEVICES: [1]
Metric val_auc_epoch improved. New best score: 0.659
Metric val_auc_epoch improved by 0.029 >= min_delta = 0.0. New best score: 0.689
Metric val_auc_epoch improved by 0.033 >= min_delta = 0.0. New best score: 0.722
❌ Trial 175 failed: Trial was pruned at epoch 7.
[I 2025-12-06 02:52:50,332] Trial 175 finished with value: 0.0 and parameters: {'dataset.max_walk_length': 89, 'dataset.num_walks': 993891, 'training.lr': 0.0023035364320779165, 'training.weight_decay': 2.646053094459089e-06, 'training.batch_size': 256, 'training.gradient_clip_val': 0.4732193202791871, 'training.early_stopping_patience': 8, 'model.nhead': 2, 'model.embedding_dim': 64, 'model.hidden_dim': 8, 'model.nlayers': 5, 'model.dropout': 0.20487127584097192, 'training.epochs': 13}. Best is trial 87 with value: 0.777931809425354.
🧹 Cleaning up old checkpoints and logs (keeping top 10)...
  Removed old checkpoint: trial_165-epoch=03-val_auc_epoch=0.7252.ckpt
  Removed old checkpoint: trial_164-epoch=03-val_auc_epoch=0.7128.ckpt
  Removed old checkpoint: trial_163-epoch=03-val_auc_epoch=0.6982.ckpt
  Removed old checkpoint: trial_162-epoch=03-val_auc_epoch=0.7472.ckpt
  Removed old checkpoint: trial_161-epoch=04-val_auc_epoch=0.7689.ckpt
  Removed old log dir: trial_165
  Removed old log dir: trial_164
  Removed old log dir: trial_163
  Removed old log dir: trial_162
  Removed old log dir: trial_161
Seed set to 218

🔬 Trial 176 hyperparameters:
  Walk length: 92, Num walks: 822,990
  LR: 2.67e-03, Batch size: 256
  Model: emb_dim=64, hidden_dim=8
  Transformer: 5 layers, 2 heads
  Epochs: 12, Weighted loss: True
Loading wiki-rfa dataset...
Success! ✅
Splitting edges for wiki-rfa dataset...
Ratios: train=0.480, mask=0.320, val=0.100, test=0.100
Success! ✅
Sampling random walks from wiki-rfa dataset...
Success! ✅
Building tokenizer for wiki-rfa dataset...
Success! ✅
Padding and building stage tensors for wiki-rfa dataset...
Success! ✅
Data creation profiling (seconds):
  get_edge_list: 84.87s
  split_edges: 0.10s
  get_walks: 63.35s
  get_tokenizer: 1.78s
  encode_walks: 33.54s
  pad_and_build_stage_tensors: 4.46s
Creating DataLoaders for wiki-rfa dataset...
Success! ✅
GPU available: True (cuda), used: True
TPU available: False, using: 0 TPU cores
HPU available: False, using: 0 HPUs
/home/eng/shilo_avital/yolo_lab/walk_to_paint/.venv/lib64/python3.9/site-packages/pytorch_lightning/callbacks/model_checkpoint.py:658: Checkpoint directory /home/eng/shilo_avital/yolo_lab/walk_to_paint/outputs/wiki-rfa/wiki-rfa-optuna_20251203-235202/checkpoints exists and is not empty.
LOCAL_RANK: 0 - CUDA_VISIBLE_DEVICES: [1]
Metric val_auc_epoch improved. New best score: 0.629
Metric val_auc_epoch improved by 0.048 >= min_delta = 0.0. New best score: 0.677
Metric val_auc_epoch improved by 0.027 >= min_delta = 0.0. New best score: 0.704
Metric val_auc_epoch improved by 0.016 >= min_delta = 0.0. New best score: 0.720
❌ Trial 176 failed: Trial was pruned at epoch 7.
[I 2025-12-06 03:06:01,926] Trial 176 finished with value: 0.0 and parameters: {'dataset.max_walk_length': 92, 'dataset.num_walks': 822990, 'training.lr': 0.0026688800149075285, 'training.weight_decay': 3.323792995933673e-06, 'training.batch_size': 256, 'training.gradient_clip_val': 0.5639379564334943, 'training.early_stopping_patience': 8, 'model.nhead': 2, 'model.embedding_dim': 64, 'model.hidden_dim': 8, 'model.nlayers': 5, 'model.dropout': 0.24339903119310094, 'training.epochs': 12}. Best is trial 87 with value: 0.777931809425354.
Seed set to 219

🔬 Trial 177 hyperparameters:
  Walk length: 87, Num walks: 761,202
  LR: 1.93e-03, Batch size: 256
  Model: emb_dim=64, hidden_dim=8
  Transformer: 5 layers, 2 heads
  Epochs: 13, Weighted loss: True
Loading wiki-rfa dataset...
Success! ✅
Splitting edges for wiki-rfa dataset...
Ratios: train=0.480, mask=0.320, val=0.100, test=0.100
Success! ✅
Sampling random walks from wiki-rfa dataset...
Success! ✅
Building tokenizer for wiki-rfa dataset...
Success! ✅
Padding and building stage tensors for wiki-rfa dataset...
Success! ✅
Data creation profiling (seconds):
  get_edge_list: 84.86s
  split_edges: 0.10s
  get_walks: 58.09s
  get_tokenizer: 1.78s
  encode_walks: 31.95s
  pad_and_build_stage_tensors: 3.99s
Creating DataLoaders for wiki-rfa dataset...
Success! ✅
GPU available: True (cuda), used: True
TPU available: False, using: 0 TPU cores
HPU available: False, using: 0 HPUs
/home/eng/shilo_avital/yolo_lab/walk_to_paint/.venv/lib64/python3.9/site-packages/pytorch_lightning/callbacks/model_checkpoint.py:658: Checkpoint directory /home/eng/shilo_avital/yolo_lab/walk_to_paint/outputs/wiki-rfa/wiki-rfa-optuna_20251203-235202/checkpoints exists and is not empty.
LOCAL_RANK: 0 - CUDA_VISIBLE_DEVICES: [1]
Metric val_auc_epoch improved. New best score: 0.651
Metric val_auc_epoch improved by 0.044 >= min_delta = 0.0. New best score: 0.695
Metric val_auc_epoch improved by 0.023 >= min_delta = 0.0. New best score: 0.718
Metric val_auc_epoch improved by 0.007 >= min_delta = 0.0. New best score: 0.725
Metric val_auc_epoch improved by 0.003 >= min_delta = 0.0. New best score: 0.728
Metric val_auc_epoch improved by 0.007 >= min_delta = 0.0. New best score: 0.734
❌ Trial 177 failed: Trial was pruned at epoch 9.
[I 2025-12-06 03:20:07,732] Trial 177 finished with value: 0.0 and parameters: {'dataset.max_walk_length': 87, 'dataset.num_walks': 761202, 'training.lr': 0.0019252283057378744, 'training.weight_decay': 1.998264757937974e-06, 'training.batch_size': 256, 'training.gradient_clip_val': 0.4123571001478873, 'training.early_stopping_patience': 9, 'model.nhead': 2, 'model.embedding_dim': 64, 'model.hidden_dim': 8, 'model.nlayers': 5, 'model.dropout': 0.2742030431502395, 'training.epochs': 13}. Best is trial 87 with value: 0.777931809425354.
Seed set to 220

🔬 Trial 178 hyperparameters:
  Walk length: 97, Num walks: 887,490
  LR: 7.73e-04, Batch size: 256
  Model: emb_dim=64, hidden_dim=8
  Transformer: 5 layers, 2 heads
  Epochs: 15, Weighted loss: True
Loading wiki-rfa dataset...
Success! ✅
Splitting edges for wiki-rfa dataset...
Ratios: train=0.480, mask=0.320, val=0.100, test=0.100
Success! ✅
Sampling random walks from wiki-rfa dataset...
Success! ✅
Building tokenizer for wiki-rfa dataset...
Success! ✅
Padding and building stage tensors for wiki-rfa dataset...
Success! ✅
Data creation profiling (seconds):
  get_edge_list: 84.80s
  split_edges: 0.10s
  get_walks: 68.54s
  get_tokenizer: 2.04s
  encode_walks: 35.92s
  pad_and_build_stage_tensors: 4.81s
Creating DataLoaders for wiki-rfa dataset...
Success! ✅
GPU available: True (cuda), used: True
TPU available: False, using: 0 TPU cores
HPU available: False, using: 0 HPUs
/home/eng/shilo_avital/yolo_lab/walk_to_paint/.venv/lib64/python3.9/site-packages/pytorch_lightning/callbacks/model_checkpoint.py:658: Checkpoint directory /home/eng/shilo_avital/yolo_lab/walk_to_paint/outputs/wiki-rfa/wiki-rfa-optuna_20251203-235202/checkpoints exists and is not empty.
LOCAL_RANK: 0 - CUDA_VISIBLE_DEVICES: [1]
Metric val_auc_epoch improved. New best score: 0.627
Metric val_auc_epoch improved by 0.032 >= min_delta = 0.0. New best score: 0.659
Metric val_auc_epoch improved by 0.022 >= min_delta = 0.0. New best score: 0.682
Metric val_auc_epoch improved by 0.023 >= min_delta = 0.0. New best score: 0.704
Metric val_auc_epoch improved by 0.011 >= min_delta = 0.0. New best score: 0.715
Metric val_auc_epoch improved by 0.007 >= min_delta = 0.0. New best score: 0.722
Metric val_auc_epoch improved by 0.002 >= min_delta = 0.0. New best score: 0.724
Metric val_auc_epoch improved by 0.002 >= min_delta = 0.0. New best score: 0.726
Metric val_auc_epoch improved by 0.006 >= min_delta = 0.0. New best score: 0.732
❌ Trial 178 failed: Trial was pruned at epoch 9.
[I 2025-12-06 03:38:39,243] Trial 178 finished with value: 0.0 and parameters: {'dataset.max_walk_length': 97, 'dataset.num_walks': 887490, 'training.lr': 0.0007727335431266248, 'training.weight_decay': 6.537641932335865e-06, 'training.batch_size': 256, 'training.gradient_clip_val': 0.39189468207245637, 'training.early_stopping_patience': 9, 'model.nhead': 2, 'model.embedding_dim': 64, 'model.hidden_dim': 8, 'model.nlayers': 5, 'model.dropout': 0.18916830772703355, 'training.epochs': 15}. Best is trial 87 with value: 0.777931809425354.
Seed set to 221

🔬 Trial 179 hyperparameters:
  Walk length: 89, Num walks: 948,009
  LR: 1.25e-03, Batch size: 256
  Model: emb_dim=64, hidden_dim=8
  Transformer: 5 layers, 2 heads
  Epochs: 12, Weighted loss: True
Loading wiki-rfa dataset...
Success! ✅
Splitting edges for wiki-rfa dataset...
Ratios: train=0.480, mask=0.320, val=0.100, test=0.100
Success! ✅
Sampling random walks from wiki-rfa dataset...
Success! ✅
Building tokenizer for wiki-rfa dataset...
Success! ✅
Padding and building stage tensors for wiki-rfa dataset...
Success! ✅
Data creation profiling (seconds):
  get_edge_list: 84.93s
  split_edges: 0.10s
  get_walks: 73.92s
  get_tokenizer: 2.02s
  encode_walks: 40.58s
  pad_and_build_stage_tensors: 5.00s
Creating DataLoaders for wiki-rfa dataset...
Success! ✅
GPU available: True (cuda), used: True
TPU available: False, using: 0 TPU cores
HPU available: False, using: 0 HPUs
/home/eng/shilo_avital/yolo_lab/walk_to_paint/.venv/lib64/python3.9/site-packages/pytorch_lightning/callbacks/model_checkpoint.py:658: Checkpoint directory /home/eng/shilo_avital/yolo_lab/walk_to_paint/outputs/wiki-rfa/wiki-rfa-optuna_20251203-235202/checkpoints exists and is not empty.
LOCAL_RANK: 0 - CUDA_VISIBLE_DEVICES: [1]
Metric val_auc_epoch improved. New best score: 0.648
Metric val_auc_epoch improved by 0.046 >= min_delta = 0.0. New best score: 0.694
Metric val_auc_epoch improved by 0.007 >= min_delta = 0.0. New best score: 0.700
Metric val_auc_epoch improved by 0.005 >= min_delta = 0.0. New best score: 0.705
Metric val_auc_epoch improved by 0.005 >= min_delta = 0.0. New best score: 0.711
❌ Trial 179 failed: Trial was pruned at epoch 6.
[I 2025-12-06 03:51:52,972] Trial 179 finished with value: 0.0 and parameters: {'dataset.max_walk_length': 89, 'dataset.num_walks': 948009, 'training.lr': 0.0012548400046741633, 'training.weight_decay': 7.422936210172894e-07, 'training.batch_size': 256, 'training.gradient_clip_val': 0.4598667310522868, 'training.early_stopping_patience': 8, 'model.nhead': 2, 'model.embedding_dim': 64, 'model.hidden_dim': 8, 'model.nlayers': 5, 'model.dropout': 0.23066438557430025, 'training.epochs': 12}. Best is trial 87 with value: 0.777931809425354.
Seed set to 222

🔬 Trial 180 hyperparameters:
  Walk length: 94, Num walks: 1,039,745
  LR: 1.57e-03, Batch size: 256
  Model: emb_dim=64, hidden_dim=8
  Transformer: 5 layers, 8 heads
  Epochs: 11, Weighted loss: True
Loading wiki-rfa dataset...
Success! ✅
Splitting edges for wiki-rfa dataset...
Ratios: train=0.480, mask=0.320, val=0.100, test=0.100
Success! ✅
Sampling random walks from wiki-rfa dataset...
Success! ✅
Building tokenizer for wiki-rfa dataset...
Success! ✅
Padding and building stage tensors for wiki-rfa dataset...
Success! ✅
Data creation profiling (seconds):
  get_edge_list: 4.17s
  split_edges: 0.09s
  get_walks: 160.56s
  get_tokenizer: 2.19s
  encode_walks: 42.31s
  pad_and_build_stage_tensors: 5.48s
Creating DataLoaders for wiki-rfa dataset...
Success! ✅
GPU available: True (cuda), used: True
TPU available: False, using: 0 TPU cores
HPU available: False, using: 0 HPUs
/home/eng/shilo_avital/yolo_lab/walk_to_paint/.venv/lib64/python3.9/site-packages/pytorch_lightning/callbacks/model_checkpoint.py:658: Checkpoint directory /home/eng/shilo_avital/yolo_lab/walk_to_paint/outputs/wiki-rfa/wiki-rfa-optuna_20251203-235202/checkpoints exists and is not empty.
LOCAL_RANK: 0 - CUDA_VISIBLE_DEVICES: [1]
Metric val_auc_epoch improved. New best score: 0.663
Metric val_auc_epoch improved by 0.049 >= min_delta = 0.0. New best score: 0.712
Metric val_auc_epoch improved by 0.006 >= min_delta = 0.0. New best score: 0.718
Metric val_auc_epoch improved by 0.005 >= min_delta = 0.0. New best score: 0.723
❌ Trial 180 failed: Trial was pruned at epoch 7.
[I 2025-12-06 04:18:09,182] Trial 180 finished with value: 0.0 and parameters: {'dataset.max_walk_length': 94, 'dataset.num_walks': 1039745, 'training.lr': 0.0015696182126214776, 'training.weight_decay': 4.684405982916045e-06, 'training.batch_size': 256, 'training.gradient_clip_val': 0.5131693403290882, 'training.early_stopping_patience': 13, 'model.nhead': 8, 'model.embedding_dim': 64, 'model.hidden_dim': 8, 'model.nlayers': 5, 'model.dropout': 0.1506848664268917, 'training.epochs': 11}. Best is trial 87 with value: 0.777931809425354.
🧹 Cleaning up old checkpoints and logs (keeping top 10)...
  Removed old checkpoint: trial_170-epoch=05-val_auc_epoch=0.7261.ckpt
  Removed old checkpoint: trial_169-epoch=04-val_auc_epoch=0.7642.ckpt
  Removed old checkpoint: trial_168-epoch=07-val_auc_epoch=0.7269.ckpt
  Removed old checkpoint: trial_167-epoch=04-val_auc_epoch=0.6839.ckpt
  Removed old checkpoint: trial_166-epoch=00-val_auc_epoch=0.5019.ckpt
  Removed old log dir: trial_170
  Removed old log dir: trial_169
  Removed old log dir: trial_168
  Removed old log dir: trial_167
  Removed old log dir: trial_166
Seed set to 223

🔬 Trial 181 hyperparameters:
  Walk length: 85, Num walks: 1,157,345
  LR: 9.22e-04, Batch size: 256
  Model: emb_dim=64, hidden_dim=8
  Transformer: 5 layers, 2 heads
  Epochs: 12, Weighted loss: True
Loading wiki-rfa dataset...
Success! ✅
Splitting edges for wiki-rfa dataset...
Ratios: train=0.480, mask=0.320, val=0.100, test=0.100
Success! ✅
Sampling random walks from wiki-rfa dataset...
Success! ✅
Building tokenizer for wiki-rfa dataset...
Success! ✅
Padding and building stage tensors for wiki-rfa dataset...
Success! ✅
Data creation profiling (seconds):
  get_edge_list: 84.84s
  split_edges: 0.10s
  get_walks: 89.75s
  get_tokenizer: 2.41s
  encode_walks: 48.25s
  pad_and_build_stage_tensors: 6.11s
Creating DataLoaders for wiki-rfa dataset...
Success! ✅
GPU available: True (cuda), used: True
TPU available: False, using: 0 TPU cores
HPU available: False, using: 0 HPUs
/home/eng/shilo_avital/yolo_lab/walk_to_paint/.venv/lib64/python3.9/site-packages/pytorch_lightning/callbacks/model_checkpoint.py:658: Checkpoint directory /home/eng/shilo_avital/yolo_lab/walk_to_paint/outputs/wiki-rfa/wiki-rfa-optuna_20251203-235202/checkpoints exists and is not empty.
LOCAL_RANK: 0 - CUDA_VISIBLE_DEVICES: [1]
Metric val_auc_epoch improved. New best score: 0.679
Metric val_auc_epoch improved by 0.036 >= min_delta = 0.0. New best score: 0.714
Metric val_auc_epoch improved by 0.010 >= min_delta = 0.0. New best score: 0.724
Metric val_auc_epoch improved by 0.004 >= min_delta = 0.0. New best score: 0.729
❌ Trial 181 failed: Trial was pruned at epoch 8.
