[I 2025-12-04 11:32:10,240] Trial 20 finished with value: 0.0 and parameters: {'dataset.max_walk_length': 37, 'dataset.num_walks': 322941, 'training.lr': 1.0690721375645624e-05, 'training.weight_decay': 0.09756139476978207, 'training.batch_size': 32, 'training.gradient_clip_val': 0.8306314874324955, 'training.early_stopping_patience': 14, 'model.nhead': 16, 'model.embedding_dim': 16, 'model.hidden_dim': 64, 'model.nlayers': 1, 'model.dropout': 0.46190161290152265, 'training.epochs': 14}. Best is trial 11 with value: 0.6917497515678406.
🧹 Cleaning up old checkpoints and logs (keeping top 10)...
  Removed old checkpoint: trial_10-epoch=03-val_auc_epoch=0.5181.ckpt
  Removed old checkpoint: trial_9-epoch=18-val_auc_epoch=0.6874.ckpt
  Removed old checkpoint: trial_8-epoch=02-val_auc_epoch=0.5441.ckpt
  Removed old checkpoint: trial_7-epoch=05-val_auc_epoch=0.6062.ckpt
  Removed old checkpoint: trial_6-epoch=05-val_auc_epoch=0.6279.ckpt
  Removed old log dir: trial_10
  Removed old log dir: trial_9
  Removed old log dir: trial_8
  Removed old log dir: trial_7
  Removed old log dir: trial_6
Seed set to 63

🔬 Trial 21 hyperparameters:
  Walk length: 10, Num walks: 138,894
  LR: 4.47e-04, Batch size: 64
  Model: emb_dim=128, hidden_dim=16
  Transformer: 3 layers, 8 heads
  Epochs: 21, Weighted loss: True
Loading wiki-rfa dataset...
Success! ✅
Splitting edges for wiki-rfa dataset...
Ratios: train=0.480, mask=0.320, val=0.100, test=0.100
Success! ✅
Sampling random walks from wiki-rfa dataset...
Success! ✅
Building tokenizer for wiki-rfa dataset...
Success! ✅
Padding and building stage tensors for wiki-rfa dataset...
Success! ✅
Data creation profiling (seconds):
  get_edge_list: 84.79s
  split_edges: 0.09s
  get_walks: 9.91s
  get_tokenizer: 0.32s
  encode_walks: 4.50s
  pad_and_build_stage_tensors: 0.64s
Creating DataLoaders for wiki-rfa dataset...
Success! ✅
GPU available: True (cuda), used: True
TPU available: False, using: 0 TPU cores
HPU available: False, using: 0 HPUs
/home/eng/shilo_avital/yolo_lab/walk_to_paint/.venv/lib64/python3.9/site-packages/pytorch_lightning/callbacks/model_checkpoint.py:658: Checkpoint directory /home/eng/shilo_avital/yolo_lab/walk_to_paint/outputs/wiki-rfa/wiki-rfa-optuna_20251203-235202/checkpoints exists and is not empty.
LOCAL_RANK: 0 - CUDA_VISIBLE_DEVICES: [1]
Metric val_auc_epoch improved. New best score: 0.553
Metric val_auc_epoch improved by 0.018 >= min_delta = 0.0. New best score: 0.571
Metric val_auc_epoch improved by 0.034 >= min_delta = 0.0. New best score: 0.605
Metric val_auc_epoch improved by 0.015 >= min_delta = 0.0. New best score: 0.620
Metric val_auc_epoch improved by 0.010 >= min_delta = 0.0. New best score: 0.630
Metric val_auc_epoch improved by 0.014 >= min_delta = 0.0. New best score: 0.644
Metric val_auc_epoch improved by 0.011 >= min_delta = 0.0. New best score: 0.656
Metric val_auc_epoch improved by 0.002 >= min_delta = 0.0. New best score: 0.658
Metric val_auc_epoch improved by 0.010 >= min_delta = 0.0. New best score: 0.668
Metric val_auc_epoch improved by 0.002 >= min_delta = 0.0. New best score: 0.670
Metric val_auc_epoch improved by 0.000 >= min_delta = 0.0. New best score: 0.670
Metric val_auc_epoch improved by 0.005 >= min_delta = 0.0. New best score: 0.674
Metric val_auc_epoch improved by 0.003 >= min_delta = 0.0. New best score: 0.678
Metric val_auc_epoch improved by 0.002 >= min_delta = 0.0. New best score: 0.679
Metric val_auc_epoch improved by 0.001 >= min_delta = 0.0. New best score: 0.681
Metric val_auc_epoch improved by 0.001 >= min_delta = 0.0. New best score: 0.682
❌ Trial 21 failed: Trial was pruned at epoch 18.
[I 2025-12-04 11:46:21,967] Trial 21 finished with value: 0.0 and parameters: {'dataset.max_walk_length': 10, 'dataset.num_walks': 138894, 'training.lr': 0.0004467796808383774, 'training.weight_decay': 1.0149308307437083e-06, 'training.batch_size': 64, 'training.gradient_clip_val': 0.2699326286222727, 'training.early_stopping_patience': 5, 'model.nhead': 8, 'model.embedding_dim': 128, 'model.hidden_dim': 16, 'model.nlayers': 3, 'model.dropout': 0.32253124316114223, 'training.epochs': 21}. Best is trial 11 with value: 0.6917497515678406.
Seed set to 64

🔬 Trial 22 hyperparameters:
  Walk length: 21, Num walks: 187,673
  LR: 2.35e-04, Batch size: 64
  Model: emb_dim=128, hidden_dim=4
  Transformer: 3 layers, 8 heads
  Epochs: 15, Weighted loss: True
Loading wiki-rfa dataset...
Success! ✅
Splitting edges for wiki-rfa dataset...
Ratios: train=0.480, mask=0.320, val=0.100, test=0.100
Success! ✅
Sampling random walks from wiki-rfa dataset...
Success! ✅
Building tokenizer for wiki-rfa dataset...
Success! ✅
Padding and building stage tensors for wiki-rfa dataset...
Success! ✅
Data creation profiling (seconds):
  get_edge_list: 84.60s
  split_edges: 0.09s
  get_walks: 13.85s
  get_tokenizer: 0.47s
  encode_walks: 7.30s
  pad_and_build_stage_tensors: 0.91s
Creating DataLoaders for wiki-rfa dataset...
Success! ✅
GPU available: True (cuda), used: True
TPU available: False, using: 0 TPU cores
HPU available: False, using: 0 HPUs
/home/eng/shilo_avital/yolo_lab/walk_to_paint/.venv/lib64/python3.9/site-packages/pytorch_lightning/callbacks/model_checkpoint.py:658: Checkpoint directory /home/eng/shilo_avital/yolo_lab/walk_to_paint/outputs/wiki-rfa/wiki-rfa-optuna_20251203-235202/checkpoints exists and is not empty.
LOCAL_RANK: 0 - CUDA_VISIBLE_DEVICES: [1]
Metric val_auc_epoch improved. New best score: 0.537
Metric val_auc_epoch improved by 0.008 >= min_delta = 0.0. New best score: 0.545
Metric val_auc_epoch improved by 0.016 >= min_delta = 0.0. New best score: 0.561
Metric val_auc_epoch improved by 0.017 >= min_delta = 0.0. New best score: 0.578
Metric val_auc_epoch improved by 0.007 >= min_delta = 0.0. New best score: 0.585
Metric val_auc_epoch improved by 0.014 >= min_delta = 0.0. New best score: 0.599
❌ Trial 22 failed: Trial was pruned at epoch 6.
[I 2025-12-04 11:54:28,408] Trial 22 finished with value: 0.0 and parameters: {'dataset.max_walk_length': 21, 'dataset.num_walks': 187673, 'training.lr': 0.00023466842595506297, 'training.weight_decay': 1.6065194090217842e-06, 'training.batch_size': 64, 'training.gradient_clip_val': 0.25336393912120975, 'training.early_stopping_patience': 8, 'model.nhead': 8, 'model.embedding_dim': 128, 'model.hidden_dim': 4, 'model.nlayers': 3, 'model.dropout': 0.3819285373124113, 'training.epochs': 15}. Best is trial 11 with value: 0.6917497515678406.
Seed set to 65

🔬 Trial 23 hyperparameters:
  Walk length: 19, Num walks: 470,158
  LR: 5.20e-04, Batch size: 64
  Model: emb_dim=128, hidden_dim=16
  Transformer: 4 layers, 8 heads
  Epochs: 10, Weighted loss: True
Loading wiki-rfa dataset...
Success! ✅
Splitting edges for wiki-rfa dataset...
Ratios: train=0.480, mask=0.320, val=0.100, test=0.100
Success! ✅
Sampling random walks from wiki-rfa dataset...
Success! ✅
Building tokenizer for wiki-rfa dataset...
Success! ✅
Padding and building stage tensors for wiki-rfa dataset...
Success! ✅
Data creation profiling (seconds):
  get_edge_list: 84.60s
  split_edges: 0.09s
  get_walks: 34.69s
  get_tokenizer: 0.95s
  encode_walks: 17.67s
  pad_and_build_stage_tensors: 2.36s
Creating DataLoaders for wiki-rfa dataset...
Success! ✅
GPU available: True (cuda), used: True
TPU available: False, using: 0 TPU cores
HPU available: False, using: 0 HPUs
/home/eng/shilo_avital/yolo_lab/walk_to_paint/.venv/lib64/python3.9/site-packages/pytorch_lightning/callbacks/model_checkpoint.py:658: Checkpoint directory /home/eng/shilo_avital/yolo_lab/walk_to_paint/outputs/wiki-rfa/wiki-rfa-optuna_20251203-235202/checkpoints exists and is not empty.
LOCAL_RANK: 0 - CUDA_VISIBLE_DEVICES: [1]
Metric val_auc_epoch improved. New best score: 0.628
Metric val_auc_epoch improved by 0.041 >= min_delta = 0.0. New best score: 0.669
Metric val_auc_epoch improved by 0.027 >= min_delta = 0.0. New best score: 0.696
Metric val_auc_epoch improved by 0.024 >= min_delta = 0.0. New best score: 0.720
Metric val_auc_epoch improved by 0.013 >= min_delta = 0.0. New best score: 0.733
Metric val_auc_epoch improved by 0.011 >= min_delta = 0.0. New best score: 0.745
Metric val_auc_epoch improved by 0.004 >= min_delta = 0.0. New best score: 0.748
Metric val_auc_epoch improved by 0.006 >= min_delta = 0.0. New best score: 0.754
`Trainer.fit` stopped: `max_epochs=10` reached.
Restoring states from the checkpoint path at /home/eng/shilo_avital/yolo_lab/walk_to_paint/outputs/wiki-rfa/wiki-rfa-optuna_20251203-235202/checkpoints/trial_23-epoch=07-val_auc_epoch=0.7543.ckpt
LOCAL_RANK: 0 - CUDA_VISIBLE_DEVICES: [1]
Loaded model weights from the checkpoint at /home/eng/shilo_avital/yolo_lab/walk_to_paint/outputs/wiki-rfa/wiki-rfa-optuna_20251203-235202/checkpoints/trial_23-epoch=07-val_auc_epoch=0.7543.ckpt
────────────────────────────────────────────────────────────────────────────────────────────────────────────────────────
     Validate metric           DataLoader 0
────────────────────────────────────────────────────────────────────────────────────────────────────────────────────────
          step                     10.0
      val_acc_epoch         0.5140135884284973
      val_auc_epoch         0.7543424963951111
      val_f1_epoch          0.5034871101379395
        val_loss            2.4048938751220703
────────────────────────────────────────────────────────────────────────────────────────────────────────────────────────
✅ Trial 23 completed - Val AUC: 0.7543
[I 2025-12-04 12:21:41,697] Trial 23 finished with value: 0.7543424963951111 and parameters: {'dataset.max_walk_length': 19, 'dataset.num_walks': 470158, 'training.lr': 0.0005199110667283205, 'training.weight_decay': 1.0492031847113577e-05, 'training.batch_size': 64, 'training.gradient_clip_val': 0.45421121057071845, 'training.early_stopping_patience': 11, 'model.nhead': 8, 'model.embedding_dim': 128, 'model.hidden_dim': 16, 'model.nlayers': 4, 'model.dropout': 0.23926472487051753, 'training.epochs': 10}. Best is trial 23 with value: 0.7543424963951111.
Seed set to 66

🔬 Trial 24 hyperparameters:
  Walk length: 49, Num walks: 501,844
  LR: 6.64e-04, Batch size: 64
  Model: emb_dim=128, hidden_dim=4
  Transformer: 4 layers, 2 heads
  Epochs: 10, Weighted loss: True
Loading wiki-rfa dataset...
Success! ✅
Splitting edges for wiki-rfa dataset...
Ratios: train=0.480, mask=0.320, val=0.100, test=0.100
Success! ✅
Sampling random walks from wiki-rfa dataset...
Success! ✅
Building tokenizer for wiki-rfa dataset...
Success! ✅
Padding and building stage tensors for wiki-rfa dataset...
Success! ✅
Data creation profiling (seconds):
  get_edge_list: 4.74s
  split_edges: 0.09s
  get_walks: 37.24s
  get_tokenizer: 1.27s
  encode_walks: 20.50s
  pad_and_build_stage_tensors: 2.70s
Creating DataLoaders for wiki-rfa dataset...
Success! ✅
GPU available: True (cuda), used: True
TPU available: False, using: 0 TPU cores
HPU available: False, using: 0 HPUs
/home/eng/shilo_avital/yolo_lab/walk_to_paint/.venv/lib64/python3.9/site-packages/pytorch_lightning/callbacks/model_checkpoint.py:658: Checkpoint directory /home/eng/shilo_avital/yolo_lab/walk_to_paint/outputs/wiki-rfa/wiki-rfa-optuna_20251203-235202/checkpoints exists and is not empty.
LOCAL_RANK: 0 - CUDA_VISIBLE_DEVICES: [1]
Metric val_auc_epoch improved. New best score: 0.644
Metric val_auc_epoch improved by 0.031 >= min_delta = 0.0. New best score: 0.675
Metric val_auc_epoch improved by 0.032 >= min_delta = 0.0. New best score: 0.706
Metric val_auc_epoch improved by 0.010 >= min_delta = 0.0. New best score: 0.716
Metric val_auc_epoch improved by 0.005 >= min_delta = 0.0. New best score: 0.722
Metric val_auc_epoch improved by 0.008 >= min_delta = 0.0. New best score: 0.730
`Trainer.fit` stopped: `max_epochs=10` reached.
Restoring states from the checkpoint path at /home/eng/shilo_avital/yolo_lab/walk_to_paint/outputs/wiki-rfa/wiki-rfa-optuna_20251203-235202/checkpoints/trial_24-epoch=06-val_auc_epoch=0.7296.ckpt
LOCAL_RANK: 0 - CUDA_VISIBLE_DEVICES: [1]
Loaded model weights from the checkpoint at /home/eng/shilo_avital/yolo_lab/walk_to_paint/outputs/wiki-rfa/wiki-rfa-optuna_20251203-235202/checkpoints/trial_24-epoch=06-val_auc_epoch=0.7296.ckpt
────────────────────────────────────────────────────────────────────────────────────────────────────────────────────────
     Validate metric           DataLoader 0
────────────────────────────────────────────────────────────────────────────────────────────────────────────────────────
          step                     10.0
      val_acc_epoch         0.4963066577911377
      val_auc_epoch         0.7296416759490967
      val_f1_epoch          0.4829760193824768
        val_loss            2.9879629611968994
────────────────────────────────────────────────────────────────────────────────────────────────────────────────────────
✅ Trial 24 completed - Val AUC: 0.7296
[I 2025-12-04 12:49:47,416] Trial 24 finished with value: 0.7296416759490967 and parameters: {'dataset.max_walk_length': 49, 'dataset.num_walks': 501844, 'training.lr': 0.0006642099361557116, 'training.weight_decay': 2.8061368296471406e-05, 'training.batch_size': 64, 'training.gradient_clip_val': 0.5178306975210801, 'training.early_stopping_patience': 11, 'model.nhead': 2, 'model.embedding_dim': 128, 'model.hidden_dim': 4, 'model.nlayers': 4, 'model.dropout': 0.13497699691631976, 'training.epochs': 10}. Best is trial 23 with value: 0.7543424963951111.
Seed set to 67

🔬 Trial 25 hyperparameters:
  Walk length: 69, Num walks: 525,512
  LR: 6.81e-04, Batch size: 512
  Model: emb_dim=128, hidden_dim=64
  Transformer: 4 layers, 8 heads
  Epochs: 9, Weighted loss: True
Loading wiki-rfa dataset...
Success! ✅
Splitting edges for wiki-rfa dataset...
Ratios: train=0.480, mask=0.320, val=0.100, test=0.100
Success! ✅
Sampling random walks from wiki-rfa dataset...
Success! ✅
Building tokenizer for wiki-rfa dataset...
Success! ✅
Padding and building stage tensors for wiki-rfa dataset...
Success! ✅
Data creation profiling (seconds):
  get_edge_list: 4.62s
  split_edges: 0.09s
  get_walks: 39.69s
  get_tokenizer: 1.24s
  encode_walks: 21.01s
  pad_and_build_stage_tensors: 2.74s
Creating DataLoaders for wiki-rfa dataset...
Success! ✅
GPU available: True (cuda), used: True
TPU available: False, using: 0 TPU cores
HPU available: False, using: 0 HPUs
/home/eng/shilo_avital/yolo_lab/walk_to_paint/.venv/lib64/python3.9/site-packages/pytorch_lightning/callbacks/model_checkpoint.py:658: Checkpoint directory /home/eng/shilo_avital/yolo_lab/walk_to_paint/outputs/wiki-rfa/wiki-rfa-optuna_20251203-235202/checkpoints exists and is not empty.
LOCAL_RANK: 0 - CUDA_VISIBLE_DEVICES: [1]
Metric val_auc_epoch improved. New best score: 0.623
Metric val_auc_epoch improved by 0.044 >= min_delta = 0.0. New best score: 0.667
Metric val_auc_epoch improved by 0.025 >= min_delta = 0.0. New best score: 0.692
Metric val_auc_epoch improved by 0.004 >= min_delta = 0.0. New best score: 0.695
Metric val_auc_epoch improved by 0.019 >= min_delta = 0.0. New best score: 0.714
Metric val_auc_epoch improved by 0.001 >= min_delta = 0.0. New best score: 0.715
Metric val_auc_epoch improved by 0.004 >= min_delta = 0.0. New best score: 0.719
Metric val_auc_epoch improved by 0.000 >= min_delta = 0.0. New best score: 0.719
`Trainer.fit` stopped: `max_epochs=9` reached.
Restoring states from the checkpoint path at /home/eng/shilo_avital/yolo_lab/walk_to_paint/outputs/wiki-rfa/wiki-rfa-optuna_20251203-235202/checkpoints/trial_25-epoch=08-val_auc_epoch=0.7187.ckpt
LOCAL_RANK: 0 - CUDA_VISIBLE_DEVICES: [1]
Loaded model weights from the checkpoint at /home/eng/shilo_avital/yolo_lab/walk_to_paint/outputs/wiki-rfa/wiki-rfa-optuna_20251203-235202/checkpoints/trial_25-epoch=08-val_auc_epoch=0.7187.ckpt
────────────────────────────────────────────────────────────────────────────────────────────────────────────────────────
     Validate metric           DataLoader 0
────────────────────────────────────────────────────────────────────────────────────────────────────────────────────────
          step                      9.0
      val_acc_epoch          0.489011287689209
      val_auc_epoch         0.7186962366104126
      val_f1_epoch          0.4657753109931946
        val_loss            2.2856664657592773
────────────────────────────────────────────────────────────────────────────────────────────────────────────────────────
✅ Trial 25 completed - Val AUC: 0.7187
[I 2025-12-04 13:06:04,897] Trial 25 finished with value: 0.7186962366104126 and parameters: {'dataset.max_walk_length': 69, 'dataset.num_walks': 525512, 'training.lr': 0.0006813120810908044, 'training.weight_decay': 2.0285674338018062e-05, 'training.batch_size': 512, 'training.gradient_clip_val': 0.4828182273680999, 'training.early_stopping_patience': 11, 'model.nhead': 8, 'model.embedding_dim': 128, 'model.hidden_dim': 64, 'model.nlayers': 4, 'model.dropout': 0.16746780834865532, 'training.epochs': 9}. Best is trial 23 with value: 0.7543424963951111.
🧹 Cleaning up old checkpoints and logs (keeping top 10)...
  Removed old checkpoint: trial_15-epoch=04-val_auc_epoch=0.5428.ckpt
  Removed old checkpoint: trial_14-epoch=04-val_auc_epoch=0.5366.ckpt
  Removed old checkpoint: trial_13-epoch=04-val_auc_epoch=0.5102.ckpt
  Removed old checkpoint: trial_12-epoch=10-val_auc_epoch=0.6687.ckpt
  Removed old checkpoint: trial_11-epoch=14-val_auc_epoch=0.6917.ckpt
  Removed old log dir: trial_15
  Removed old log dir: trial_14
  Removed old log dir: trial_13
  Removed old log dir: trial_12
  Removed old log dir: trial_11
Seed set to 68

🔬 Trial 26 hyperparameters:
  Walk length: 69, Num walks: 897,623
  LR: 2.00e-03, Batch size: 512
  Model: emb_dim=128, hidden_dim=16
  Transformer: 4 layers, 8 heads
  Epochs: 9, Weighted loss: True
Loading wiki-rfa dataset...
Success! ✅
Splitting edges for wiki-rfa dataset...
Ratios: train=0.480, mask=0.320, val=0.100, test=0.100
Success! ✅
Sampling random walks from wiki-rfa dataset...
Success! ✅
Building tokenizer for wiki-rfa dataset...
Success! ✅
Padding and building stage tensors for wiki-rfa dataset...
Success! ✅
Data creation profiling (seconds):
  get_edge_list: 4.73s
  split_edges: 0.09s
  get_walks: 65.85s
  get_tokenizer: 1.88s
  encode_walks: 36.57s
  pad_and_build_stage_tensors: 4.66s
Creating DataLoaders for wiki-rfa dataset...
Success! ✅
GPU available: True (cuda), used: True
TPU available: False, using: 0 TPU cores
HPU available: False, using: 0 HPUs
/home/eng/shilo_avital/yolo_lab/walk_to_paint/.venv/lib64/python3.9/site-packages/pytorch_lightning/callbacks/model_checkpoint.py:658: Checkpoint directory /home/eng/shilo_avital/yolo_lab/walk_to_paint/outputs/wiki-rfa/wiki-rfa-optuna_20251203-235202/checkpoints exists and is not empty.
LOCAL_RANK: 0 - CUDA_VISIBLE_DEVICES: [1]
Metric val_auc_epoch improved. New best score: 0.665
Metric val_auc_epoch improved by 0.034 >= min_delta = 0.0. New best score: 0.700
Metric val_auc_epoch improved by 0.002 >= min_delta = 0.0. New best score: 0.701
Metric val_auc_epoch improved by 0.008 >= min_delta = 0.0. New best score: 0.709
`Trainer.fit` stopped: `max_epochs=9` reached.
Restoring states from the checkpoint path at /home/eng/shilo_avital/yolo_lab/walk_to_paint/outputs/wiki-rfa/wiki-rfa-optuna_20251203-235202/checkpoints/trial_26-epoch=05-val_auc_epoch=0.7091.ckpt
LOCAL_RANK: 0 - CUDA_VISIBLE_DEVICES: [1]
Loaded model weights from the checkpoint at /home/eng/shilo_avital/yolo_lab/walk_to_paint/outputs/wiki-rfa/wiki-rfa-optuna_20251203-235202/checkpoints/trial_26-epoch=05-val_auc_epoch=0.7091.ckpt
────────────────────────────────────────────────────────────────────────────────────────────────────────────────────────
     Validate metric           DataLoader 0
────────────────────────────────────────────────────────────────────────────────────────────────────────────────────────
          step                      9.0
      val_acc_epoch         0.4968581795692444
      val_auc_epoch         0.7090739607810974
      val_f1_epoch          0.4945469796657562
        val_loss            3.7406578063964844
────────────────────────────────────────────────────────────────────────────────────────────────────────────────────────
✅ Trial 26 completed - Val AUC: 0.7091
