[I 2025-12-04 14:51:13,776] Trial 32 finished with value: 0.7150120139122009 and parameters: {'dataset.max_walk_length': 63, 'dataset.num_walks': 529950, 'training.lr': 0.0006983341119289212, 'training.weight_decay': 0.0002169744167483927, 'training.batch_size': 512, 'training.gradient_clip_val': 0.6815147986166397, 'training.early_stopping_patience': 9, 'model.nhead': 8, 'model.embedding_dim': 128, 'model.hidden_dim': 256, 'model.nlayers': 5, 'model.dropout': 0.0007079515249922702, 'training.epochs': 8}. Best is trial 23 with value: 0.7543424963951111.
Seed set to 75

🔬 Trial 33 hyperparameters:
  Walk length: 52, Num walks: 660,623
  LR: 5.72e-04, Batch size: 512
  Model: emb_dim=128, hidden_dim=256
  Transformer: 4 layers, 8 heads
  Epochs: 10, Weighted loss: True
Loading wiki-rfa dataset...
Success! ✅
Splitting edges for wiki-rfa dataset...
Ratios: train=0.480, mask=0.320, val=0.100, test=0.100
Success! ✅
Sampling random walks from wiki-rfa dataset...
Success! ✅
Building tokenizer for wiki-rfa dataset...
Success! ✅
Padding and building stage tensors for wiki-rfa dataset...
Success! ✅
Data creation profiling (seconds):
  get_edge_list: 4.35s
  split_edges: 0.09s
  get_walks: 47.95s
  get_tokenizer: 1.58s
  encode_walks: 27.33s
  pad_and_build_stage_tensors: 3.37s
Creating DataLoaders for wiki-rfa dataset...
Success! ✅
GPU available: True (cuda), used: True
TPU available: False, using: 0 TPU cores
HPU available: False, using: 0 HPUs
/home/eng/shilo_avital/yolo_lab/walk_to_paint/.venv/lib64/python3.9/site-packages/pytorch_lightning/callbacks/model_checkpoint.py:658: Checkpoint directory /home/eng/shilo_avital/yolo_lab/walk_to_paint/outputs/wiki-rfa/wiki-rfa-optuna_20251203-235202/checkpoints exists and is not empty.
LOCAL_RANK: 0 - CUDA_VISIBLE_DEVICES: [1]
Metric val_auc_epoch improved. New best score: 0.687
Metric val_auc_epoch improved by 0.040 >= min_delta = 0.0. New best score: 0.727
Metric val_auc_epoch improved by 0.008 >= min_delta = 0.0. New best score: 0.735
Metric val_auc_epoch improved by 0.010 >= min_delta = 0.0. New best score: 0.745
Metric val_auc_epoch improved by 0.001 >= min_delta = 0.0. New best score: 0.746
Metric val_auc_epoch improved by 0.006 >= min_delta = 0.0. New best score: 0.752
Metric val_auc_epoch improved by 0.001 >= min_delta = 0.0. New best score: 0.753
Metric val_auc_epoch improved by 0.001 >= min_delta = 0.0. New best score: 0.754
`Trainer.fit` stopped: `max_epochs=10` reached.
Restoring states from the checkpoint path at /home/eng/shilo_avital/yolo_lab/walk_to_paint/outputs/wiki-rfa/wiki-rfa-optuna_20251203-235202/checkpoints/trial_33-epoch=08-val_auc_epoch=0.7540.ckpt
LOCAL_RANK: 0 - CUDA_VISIBLE_DEVICES: [1]
Loaded model weights from the checkpoint at /home/eng/shilo_avital/yolo_lab/walk_to_paint/outputs/wiki-rfa/wiki-rfa-optuna_20251203-235202/checkpoints/trial_33-epoch=08-val_auc_epoch=0.7540.ckpt
────────────────────────────────────────────────────────────────────────────────────────────────────────────────────────
     Validate metric           DataLoader 0
────────────────────────────────────────────────────────────────────────────────────────────────────────────────────────
          step                     10.0
      val_acc_epoch         0.5062108635902405
      val_auc_epoch         0.7539827227592468
      val_f1_epoch          0.5001664757728577
        val_loss            3.1639504432678223
────────────────────────────────────────────────────────────────────────────────────────────────────────────────────────
✅ Trial 33 completed - Val AUC: 0.7540
[I 2025-12-04 15:07:32,371] Trial 33 finished with value: 0.7539827227592468 and parameters: {'dataset.max_walk_length': 52, 'dataset.num_walks': 660623, 'training.lr': 0.0005718323660481427, 'training.weight_decay': 2.812086477087319e-05, 'training.batch_size': 512, 'training.gradient_clip_val': 0.8815621595215901, 'training.early_stopping_patience': 11, 'model.nhead': 8, 'model.embedding_dim': 128, 'model.hidden_dim': 256, 'model.nlayers': 4, 'model.dropout': 0.06191179313502476, 'training.epochs': 10}. Best is trial 23 with value: 0.7543424963951111.
Seed set to 76

🔬 Trial 34 hyperparameters:
  Walk length: 51, Num walks: 734,264
  LR: 1.35e-03, Batch size: 128
  Model: emb_dim=4, hidden_dim=16
  Transformer: 5 layers, 4 heads
  Epochs: 11, Weighted loss: True
Loading wiki-rfa dataset...
Success! ✅
Splitting edges for wiki-rfa dataset...
Ratios: train=0.480, mask=0.320, val=0.100, test=0.100
Success! ✅
Sampling random walks from wiki-rfa dataset...
Success! ✅
Building tokenizer for wiki-rfa dataset...
Success! ✅
Padding and building stage tensors for wiki-rfa dataset...
Success! ✅
Data creation profiling (seconds):
  get_edge_list: 4.52s
  split_edges: 0.09s
  get_walks: 54.71s
  get_tokenizer: 1.76s
  encode_walks: 30.17s
  pad_and_build_stage_tensors: 3.85s
Creating DataLoaders for wiki-rfa dataset...
Success! ✅
GPU available: True (cuda), used: True
TPU available: False, using: 0 TPU cores
HPU available: False, using: 0 HPUs
/home/eng/shilo_avital/yolo_lab/walk_to_paint/.venv/lib64/python3.9/site-packages/pytorch_lightning/callbacks/model_checkpoint.py:658: Checkpoint directory /home/eng/shilo_avital/yolo_lab/walk_to_paint/outputs/wiki-rfa/wiki-rfa-optuna_20251203-235202/checkpoints exists and is not empty.
LOCAL_RANK: 0 - CUDA_VISIBLE_DEVICES: [1]
Metric val_auc_epoch improved. New best score: 0.516
Metric val_auc_epoch improved by 0.010 >= min_delta = 0.0. New best score: 0.527
Metric val_auc_epoch improved by 0.011 >= min_delta = 0.0. New best score: 0.537
Metric val_auc_epoch improved by 0.007 >= min_delta = 0.0. New best score: 0.544
❌ Trial 34 failed: Trial was pruned at epoch 5.
[I 2025-12-04 15:21:53,329] Trial 34 finished with value: 0.0 and parameters: {'dataset.max_walk_length': 51, 'dataset.num_walks': 734264, 'training.lr': 0.0013452509456129032, 'training.weight_decay': 8.31669753429818e-06, 'training.batch_size': 128, 'training.gradient_clip_val': 0.9334981472878017, 'training.early_stopping_patience': 11, 'model.nhead': 4, 'model.embedding_dim': 4, 'model.hidden_dim': 16, 'model.nlayers': 5, 'model.dropout': 0.08503176647992808, 'training.epochs': 11}. Best is trial 23 with value: 0.7543424963951111.
Seed set to 77

🔬 Trial 35 hyperparameters:
  Walk length: 75, Num walks: 662,661
  LR: 1.01e-03, Batch size: 256
  Model: emb_dim=128, hidden_dim=4
  Transformer: 4 layers, 8 heads
  Epochs: 12, Weighted loss: True
Loading wiki-rfa dataset...
Success! ✅
Splitting edges for wiki-rfa dataset...
Ratios: train=0.480, mask=0.320, val=0.100, test=0.100
Success! ✅
Sampling random walks from wiki-rfa dataset...
Success! ✅
Building tokenizer for wiki-rfa dataset...
Success! ✅
Padding and building stage tensors for wiki-rfa dataset...
Success! ✅
Data creation profiling (seconds):
  get_edge_list: 84.55s
  split_edges: 0.09s
  get_walks: 50.02s
  get_tokenizer: 1.55s
  encode_walks: 27.02s
  pad_and_build_stage_tensors: 3.48s
Creating DataLoaders for wiki-rfa dataset...
Success! ✅
GPU available: True (cuda), used: True
TPU available: False, using: 0 TPU cores
HPU available: False, using: 0 HPUs
/home/eng/shilo_avital/yolo_lab/walk_to_paint/.venv/lib64/python3.9/site-packages/pytorch_lightning/callbacks/model_checkpoint.py:658: Checkpoint directory /home/eng/shilo_avital/yolo_lab/walk_to_paint/outputs/wiki-rfa/wiki-rfa-optuna_20251203-235202/checkpoints exists and is not empty.
LOCAL_RANK: 0 - CUDA_VISIBLE_DEVICES: [1]
Metric val_auc_epoch improved. New best score: 0.678
Metric val_auc_epoch improved by 0.051 >= min_delta = 0.0. New best score: 0.729
Metric val_auc_epoch improved by 0.024 >= min_delta = 0.0. New best score: 0.752
Metric val_auc_epoch improved by 0.014 >= min_delta = 0.0. New best score: 0.766
Metric val_auc_epoch improved by 0.000 >= min_delta = 0.0. New best score: 0.767
Metric val_auc_epoch improved by 0.002 >= min_delta = 0.0. New best score: 0.768
Metric val_auc_epoch improved by 0.001 >= min_delta = 0.0. New best score: 0.769
Metric val_auc_epoch improved by 0.000 >= min_delta = 0.0. New best score: 0.769
Metric val_auc_epoch improved by 0.001 >= min_delta = 0.0. New best score: 0.770
Metric val_auc_epoch improved by 0.002 >= min_delta = 0.0. New best score: 0.772
`Trainer.fit` stopped: `max_epochs=12` reached.
Restoring states from the checkpoint path at /home/eng/shilo_avital/yolo_lab/walk_to_paint/outputs/wiki-rfa/wiki-rfa-optuna_20251203-235202/checkpoints/trial_35-epoch=09-val_auc_epoch=0.7719.ckpt
LOCAL_RANK: 0 - CUDA_VISIBLE_DEVICES: [1]
Loaded model weights from the checkpoint at /home/eng/shilo_avital/yolo_lab/walk_to_paint/outputs/wiki-rfa/wiki-rfa-optuna_20251203-235202/checkpoints/trial_35-epoch=09-val_auc_epoch=0.7719.ckpt
────────────────────────────────────────────────────────────────────────────────────────────────────────────────────────
     Validate metric           DataLoader 0
────────────────────────────────────────────────────────────────────────────────────────────────────────────────────────
          step                     12.0
      val_acc_epoch         0.5172995328903198
      val_auc_epoch          0.771872878074646
      val_f1_epoch           0.513376772403717
        val_loss             3.441822052001953
────────────────────────────────────────────────────────────────────────────────────────────────────────────────────────
✅ Trial 35 completed - Val AUC: 0.7719
[I 2025-12-04 15:51:52,025] Trial 35 finished with value: 0.771872878074646 and parameters: {'dataset.max_walk_length': 75, 'dataset.num_walks': 662661, 'training.lr': 0.0010112006301372838, 'training.weight_decay': 2.5100871128134878e-05, 'training.batch_size': 256, 'training.gradient_clip_val': 0.4965926673123551, 'training.early_stopping_patience': 7, 'model.nhead': 8, 'model.embedding_dim': 128, 'model.hidden_dim': 4, 'model.nlayers': 4, 'model.dropout': 0.17223472065104967, 'training.epochs': 12}. Best is trial 35 with value: 0.771872878074646.
🧹 Cleaning up old checkpoints and logs (keeping top 10)...
  Removed old checkpoint: trial_25-epoch=08-val_auc_epoch=0.7187.ckpt
  Removed old checkpoint: trial_24-epoch=06-val_auc_epoch=0.7296.ckpt
  Removed old checkpoint: trial_23-epoch=07-val_auc_epoch=0.7543.ckpt
  Removed old checkpoint: trial_22-epoch=05-val_auc_epoch=0.5987.ckpt
  Removed old checkpoint: trial_21-epoch=17-val_auc_epoch=0.6815.ckpt
  Removed old log dir: trial_25
  Removed old log dir: trial_24
  Removed old log dir: trial_23
  Removed old log dir: trial_22
  Removed old log dir: trial_21
Seed set to 78

🔬 Trial 36 hyperparameters:
  Walk length: 79, Num walks: 655,350
  LR: 3.85e-03, Batch size: 256
  Model: emb_dim=32, hidden_dim=4
  Transformer: 5 layers, 2 heads
  Epochs: 12, Weighted loss: True
Loading wiki-rfa dataset...
Success! ✅
Splitting edges for wiki-rfa dataset...
Ratios: train=0.480, mask=0.320, val=0.100, test=0.100
Success! ✅
Sampling random walks from wiki-rfa dataset...
Success! ✅
Building tokenizer for wiki-rfa dataset...
Success! ✅
Padding and building stage tensors for wiki-rfa dataset...
Success! ✅
Data creation profiling (seconds):
  get_edge_list: 4.71s
  split_edges: 0.09s
  get_walks: 48.86s
  get_tokenizer: 1.40s
  encode_walks: 26.18s
  pad_and_build_stage_tensors: 3.49s
Creating DataLoaders for wiki-rfa dataset...
Success! ✅
GPU available: True (cuda), used: True
TPU available: False, using: 0 TPU cores
HPU available: False, using: 0 HPUs
/home/eng/shilo_avital/yolo_lab/walk_to_paint/.venv/lib64/python3.9/site-packages/pytorch_lightning/callbacks/model_checkpoint.py:658: Checkpoint directory /home/eng/shilo_avital/yolo_lab/walk_to_paint/outputs/wiki-rfa/wiki-rfa-optuna_20251203-235202/checkpoints exists and is not empty.
LOCAL_RANK: 0 - CUDA_VISIBLE_DEVICES: [1]
Metric val_auc_epoch improved. New best score: 0.666
Metric val_auc_epoch improved by 0.044 >= min_delta = 0.0. New best score: 0.710
Metric val_auc_epoch improved by 0.007 >= min_delta = 0.0. New best score: 0.717
Metric val_auc_epoch improved by 0.011 >= min_delta = 0.0. New best score: 0.727
Monitored metric val_auc_epoch did not improve in the last 6 records. Best score: 0.727. Signaling Trainer to stop.
Restoring states from the checkpoint path at /home/eng/shilo_avital/yolo_lab/walk_to_paint/outputs/wiki-rfa/wiki-rfa-optuna_20251203-235202/checkpoints/trial_36-epoch=03-val_auc_epoch=0.7274.ckpt
LOCAL_RANK: 0 - CUDA_VISIBLE_DEVICES: [1]
Loaded model weights from the checkpoint at /home/eng/shilo_avital/yolo_lab/walk_to_paint/outputs/wiki-rfa/wiki-rfa-optuna_20251203-235202/checkpoints/trial_36-epoch=03-val_auc_epoch=0.7274.ckpt
────────────────────────────────────────────────────────────────────────────────────────────────────────────────────────
     Validate metric           DataLoader 0
────────────────────────────────────────────────────────────────────────────────────────────────────────────────────────
          step                     10.0
      val_acc_epoch         0.5243341326713562
      val_auc_epoch         0.7274205088615417
      val_f1_epoch          0.4887380301952362
        val_loss             2.323957920074463
────────────────────────────────────────────────────────────────────────────────────────────────────────────────────────
✅ Trial 36 completed - Val AUC: 0.7274
[I 2025-12-04 16:05:57,659] Trial 36 finished with value: 0.7274205088615417 and parameters: {'dataset.max_walk_length': 79, 'dataset.num_walks': 655350, 'training.lr': 0.0038512003104012194, 'training.weight_decay': 5.6119747873239985e-06, 'training.batch_size': 256, 'training.gradient_clip_val': 0.3908096485078505, 'training.early_stopping_patience': 6, 'model.nhead': 2, 'model.embedding_dim': 32, 'model.hidden_dim': 4, 'model.nlayers': 5, 'model.dropout': 0.22990013198879689, 'training.epochs': 12}. Best is trial 35 with value: 0.771872878074646.
Seed set to 79

🔬 Trial 37 hyperparameters:
  Walk length: 52, Num walks: 1,013,095
  LR: 1.28e-03, Batch size: 256
  Model: emb_dim=128, hidden_dim=4
  Transformer: 4 layers, 16 heads
  Epochs: 12, Weighted loss: True
Loading wiki-rfa dataset...
Success! ✅
Splitting edges for wiki-rfa dataset...
Ratios: train=0.480, mask=0.320, val=0.100, test=0.100
Success! ✅
Sampling random walks from wiki-rfa dataset...
Success! ✅
Building tokenizer for wiki-rfa dataset...
Success! ✅
Padding and building stage tensors for wiki-rfa dataset...
Success! ✅
Data creation profiling (seconds):
  get_edge_list: 4.49s
  split_edges: 0.10s
  get_walks: 77.83s
  get_tokenizer: 2.21s
  encode_walks: 41.21s
  pad_and_build_stage_tensors: 5.14s
Creating DataLoaders for wiki-rfa dataset...
Success! ✅
GPU available: True (cuda), used: True
TPU available: False, using: 0 TPU cores
HPU available: False, using: 0 HPUs
/home/eng/shilo_avital/yolo_lab/walk_to_paint/.venv/lib64/python3.9/site-packages/pytorch_lightning/callbacks/model_checkpoint.py:658: Checkpoint directory /home/eng/shilo_avital/yolo_lab/walk_to_paint/outputs/wiki-rfa/wiki-rfa-optuna_20251203-235202/checkpoints exists and is not empty.
LOCAL_RANK: 0 - CUDA_VISIBLE_DEVICES: [1]
Metric val_auc_epoch improved. New best score: 0.606
Metric val_auc_epoch improved by 0.050 >= min_delta = 0.0. New best score: 0.656
Metric val_auc_epoch improved by 0.018 >= min_delta = 0.0. New best score: 0.673
Metric val_auc_epoch improved by 0.014 >= min_delta = 0.0. New best score: 0.687
Metric val_auc_epoch improved by 0.018 >= min_delta = 0.0. New best score: 0.705
Metric val_auc_epoch improved by 0.011 >= min_delta = 0.0. New best score: 0.716
Metric val_auc_epoch improved by 0.009 >= min_delta = 0.0. New best score: 0.725
`Trainer.fit` stopped: `max_epochs=12` reached.
Restoring states from the checkpoint path at /home/eng/shilo_avital/yolo_lab/walk_to_paint/outputs/wiki-rfa/wiki-rfa-optuna_20251203-235202/checkpoints/trial_37-epoch=06-val_auc_epoch=0.7247.ckpt
LOCAL_RANK: 0 - CUDA_VISIBLE_DEVICES: [1]
Loaded model weights from the checkpoint at /home/eng/shilo_avital/yolo_lab/walk_to_paint/outputs/wiki-rfa/wiki-rfa-optuna_20251203-235202/checkpoints/trial_37-epoch=06-val_auc_epoch=0.7247.ckpt
────────────────────────────────────────────────────────────────────────────────────────────────────────────────────────
     Validate metric           DataLoader 0
────────────────────────────────────────────────────────────────────────────────────────────────────────────────────────
          step                     12.0
      val_acc_epoch         0.5212443470954895
      val_auc_epoch         0.7246715426445007
      val_f1_epoch          0.47703075408935547
        val_loss            2.3812530040740967
────────────────────────────────────────────────────────────────────────────────────────────────────────────────────────
✅ Trial 37 completed - Val AUC: 0.7247
[I 2025-12-04 16:43:17,549] Trial 37 finished with value: 0.7246715426445007 and parameters: {'dataset.max_walk_length': 52, 'dataset.num_walks': 1013095, 'training.lr': 0.0012824879052940406, 'training.weight_decay': 3.249402852592582e-05, 'training.batch_size': 256, 'training.gradient_clip_val': 0.5901471002050592, 'training.early_stopping_patience': 7, 'model.nhead': 16, 'model.embedding_dim': 128, 'model.hidden_dim': 4, 'model.nlayers': 4, 'model.dropout': 0.2807611114385047, 'training.epochs': 12}. Best is trial 35 with value: 0.771872878074646.
Seed set to 80

🔬 Trial 38 hyperparameters:
  Walk length: 45, Num walks: 1,179,287
  LR: 6.31e-03, Batch size: 256
  Model: emb_dim=128, hidden_dim=4
  Transformer: 5 layers, 8 heads
  Epochs: 10, Weighted loss: True
Loading wiki-rfa dataset...
Success! ✅
Splitting edges for wiki-rfa dataset...
Ratios: train=0.480, mask=0.320, val=0.100, test=0.100
Success! ✅
Sampling random walks from wiki-rfa dataset...
Success! ✅
Building tokenizer for wiki-rfa dataset...
Success! ✅
Padding and building stage tensors for wiki-rfa dataset...
Success! ✅
Data creation profiling (seconds):
  get_edge_list: 4.47s
  split_edges: 0.09s
  get_walks: 88.98s
  get_tokenizer: 2.50s
  encode_walks: 49.07s
  pad_and_build_stage_tensors: 5.88s
Creating DataLoaders for wiki-rfa dataset...
Success! ✅
GPU available: True (cuda), used: True
TPU available: False, using: 0 TPU cores
HPU available: False, using: 0 HPUs
/home/eng/shilo_avital/yolo_lab/walk_to_paint/.venv/lib64/python3.9/site-packages/pytorch_lightning/callbacks/model_checkpoint.py:658: Checkpoint directory /home/eng/shilo_avital/yolo_lab/walk_to_paint/outputs/wiki-rfa/wiki-rfa-optuna_20251203-235202/checkpoints exists and is not empty.
LOCAL_RANK: 0 - CUDA_VISIBLE_DEVICES: [1]
Metric val_auc_epoch improved. New best score: 0.500
Metric val_auc_epoch improved by 0.001 >= min_delta = 0.0. New best score: 0.501
Metric val_auc_epoch improved by 0.001 >= min_delta = 0.0. New best score: 0.502
❌ Trial 38 failed: Trial was pruned at epoch 5.
[I 2025-12-04 17:01:29,633] Trial 38 finished with value: 0.0 and parameters: {'dataset.max_walk_length': 45, 'dataset.num_walks': 1179287, 'training.lr': 0.006307555749018567, 'training.weight_decay': 0.0001581575474047668, 'training.batch_size': 256, 'training.gradient_clip_val': 1.182293848913985, 'training.early_stopping_patience': 8, 'model.nhead': 8, 'model.embedding_dim': 128, 'model.hidden_dim': 4, 'model.nlayers': 5, 'model.dropout': 0.1957331007922752, 'training.epochs': 10}. Best is trial 35 with value: 0.771872878074646.
Seed set to 81

🔬 Trial 39 hyperparameters:
  Walk length: 90, Num walks: 749,163
  LR: 1.00e-03, Batch size: 32
  Model: emb_dim=4, hidden_dim=128
  Transformer: 3 layers, 4 heads
  Epochs: 14, Weighted loss: True
Loading wiki-rfa dataset...
Success! ✅
Splitting edges for wiki-rfa dataset...
Ratios: train=0.480, mask=0.320, val=0.100, test=0.100
Success! ✅
Sampling random walks from wiki-rfa dataset...
Success! ✅
Building tokenizer for wiki-rfa dataset...
Success! ✅
Padding and building stage tensors for wiki-rfa dataset...
Success! ✅
Data creation profiling (seconds):
  get_edge_list: 4.10s
  split_edges: 0.09s
  get_walks: 138.44s
  get_tokenizer: 1.66s
  encode_walks: 30.66s
  pad_and_build_stage_tensors: 3.83s
Creating DataLoaders for wiki-rfa dataset...
Success! ✅
GPU available: True (cuda), used: True
TPU available: False, using: 0 TPU cores
HPU available: False, using: 0 HPUs
/home/eng/shilo_avital/yolo_lab/walk_to_paint/.venv/lib64/python3.9/site-packages/pytorch_lightning/callbacks/model_checkpoint.py:658: Checkpoint directory /home/eng/shilo_avital/yolo_lab/walk_to_paint/outputs/wiki-rfa/wiki-rfa-optuna_20251203-235202/checkpoints exists and is not empty.
LOCAL_RANK: 0 - CUDA_VISIBLE_DEVICES: [1]
Metric val_auc_epoch improved. New best score: 0.522
Metric val_auc_epoch improved by 0.009 >= min_delta = 0.0. New best score: 0.531
Metric val_auc_epoch improved by 0.002 >= min_delta = 0.0. New best score: 0.533
Metric val_auc_epoch improved by 0.005 >= min_delta = 0.0. New best score: 0.538
Metric val_auc_epoch improved by 0.005 >= min_delta = 0.0. New best score: 0.543
❌ Trial 39 failed: Trial was pruned at epoch 5.
