[I 2025-12-04 23:29:00,515] Trial 52 finished with value: 0.7386114001274109 and parameters: {'dataset.max_walk_length': 86, 'dataset.num_walks': 800342, 'training.lr': 0.0016104964448502052, 'training.weight_decay': 2.410545480105357e-06, 'training.batch_size': 256, 'training.gradient_clip_val': 0.34982850255898057, 'training.early_stopping_patience': 6, 'model.nhead': 2, 'model.embedding_dim': 32, 'model.hidden_dim': 4, 'model.nlayers': 6, 'model.dropout': 0.21251156126005386, 'training.epochs': 9}. Best is trial 35 with value: 0.771872878074646.
Seed set to 95

🔬 Trial 53 hyperparameters:
  Walk length: 85, Num walks: 699,168
  LR: 3.10e-03, Batch size: 256
  Model: emb_dim=32, hidden_dim=4
  Transformer: 5 layers, 2 heads
  Epochs: 10, Weighted loss: True
Loading wiki-rfa dataset...
Success! ✅
Splitting edges for wiki-rfa dataset...
Ratios: train=0.480, mask=0.320, val=0.100, test=0.100
Success! ✅
Sampling random walks from wiki-rfa dataset...
Success! ✅
Building tokenizer for wiki-rfa dataset...
Success! ✅
Padding and building stage tensors for wiki-rfa dataset...
Success! ✅
Data creation profiling (seconds):
  get_edge_list: 4.70s
  split_edges: 0.10s
  get_walks: 54.23s
  get_tokenizer: 1.50s
  encode_walks: 28.65s
  pad_and_build_stage_tensors: 3.60s
Creating DataLoaders for wiki-rfa dataset...
Success! ✅
GPU available: True (cuda), used: True
TPU available: False, using: 0 TPU cores
HPU available: False, using: 0 HPUs
/home/eng/shilo_avital/yolo_lab/walk_to_paint/.venv/lib64/python3.9/site-packages/pytorch_lightning/callbacks/model_checkpoint.py:658: Checkpoint directory /home/eng/shilo_avital/yolo_lab/walk_to_paint/outputs/wiki-rfa/wiki-rfa-optuna_20251203-235202/checkpoints exists and is not empty.
LOCAL_RANK: 0 - CUDA_VISIBLE_DEVICES: [1]
Metric val_auc_epoch improved. New best score: 0.649
Metric val_auc_epoch improved by 0.055 >= min_delta = 0.0. New best score: 0.704
Metric val_auc_epoch improved by 0.034 >= min_delta = 0.0. New best score: 0.738
Metric val_auc_epoch improved by 0.017 >= min_delta = 0.0. New best score: 0.755
Metric val_auc_epoch improved by 0.007 >= min_delta = 0.0. New best score: 0.762
`Trainer.fit` stopped: `max_epochs=10` reached.
Restoring states from the checkpoint path at /home/eng/shilo_avital/yolo_lab/walk_to_paint/outputs/wiki-rfa/wiki-rfa-optuna_20251203-235202/checkpoints/trial_53-epoch=04-val_auc_epoch=0.7618.ckpt
LOCAL_RANK: 0 - CUDA_VISIBLE_DEVICES: [1]
Loaded model weights from the checkpoint at /home/eng/shilo_avital/yolo_lab/walk_to_paint/outputs/wiki-rfa/wiki-rfa-optuna_20251203-235202/checkpoints/trial_53-epoch=04-val_auc_epoch=0.7618.ckpt
────────────────────────────────────────────────────────────────────────────────────────────────────────────────────────
     Validate metric           DataLoader 0
────────────────────────────────────────────────────────────────────────────────────────────────────────────────────────
          step                     10.0
      val_acc_epoch         0.5285093188285828
      val_auc_epoch         0.7617909908294678
      val_f1_epoch          0.4871528744697571
        val_loss            2.1487410068511963
────────────────────────────────────────────────────────────────────────────────────────────────────────────────────────
✅ Trial 53 completed - Val AUC: 0.7618
[I 2025-12-04 23:39:46,784] Trial 53 finished with value: 0.7617909908294678 and parameters: {'dataset.max_walk_length': 85, 'dataset.num_walks': 699168, 'training.lr': 0.0030982743199449063, 'training.weight_decay': 1.4930568867143483e-05, 'training.batch_size': 256, 'training.gradient_clip_val': 0.16635545394492074, 'training.early_stopping_patience': 7, 'model.nhead': 2, 'model.embedding_dim': 32, 'model.hidden_dim': 4, 'model.nlayers': 5, 'model.dropout': 0.2820034995967659, 'training.epochs': 10}. Best is trial 35 with value: 0.771872878074646.
Seed set to 96

🔬 Trial 54 hyperparameters:
  Walk length: 97, Num walks: 752,865
  LR: 9.17e-03, Batch size: 256
  Model: emb_dim=32, hidden_dim=4
  Transformer: 4 layers, 2 heads
  Epochs: 7, Weighted loss: True
Loading wiki-rfa dataset...
Success! ✅
Splitting edges for wiki-rfa dataset...
Ratios: train=0.480, mask=0.320, val=0.100, test=0.100
Success! ✅
Sampling random walks from wiki-rfa dataset...
Success! ✅
Building tokenizer for wiki-rfa dataset...
Success! ✅
Padding and building stage tensors for wiki-rfa dataset...
Success! ✅
Data creation profiling (seconds):
  get_edge_list: 4.65s
  split_edges: 0.10s
  get_walks: 57.65s
  get_tokenizer: 1.59s
  encode_walks: 30.98s
  pad_and_build_stage_tensors: 4.03s
Creating DataLoaders for wiki-rfa dataset...
Success! ✅
GPU available: True (cuda), used: True
TPU available: False, using: 0 TPU cores
HPU available: False, using: 0 HPUs
/home/eng/shilo_avital/yolo_lab/walk_to_paint/.venv/lib64/python3.9/site-packages/pytorch_lightning/callbacks/model_checkpoint.py:658: Checkpoint directory /home/eng/shilo_avital/yolo_lab/walk_to_paint/outputs/wiki-rfa/wiki-rfa-optuna_20251203-235202/checkpoints exists and is not empty.
LOCAL_RANK: 0 - CUDA_VISIBLE_DEVICES: [1]
Metric val_auc_epoch improved. New best score: 0.520
❌ Trial 54 failed: Trial was pruned at epoch 5.
[I 2025-12-04 23:47:25,493] Trial 54 finished with value: 0.0 and parameters: {'dataset.max_walk_length': 97, 'dataset.num_walks': 752865, 'training.lr': 0.009169920620843975, 'training.weight_decay': 1.550894176470241e-05, 'training.batch_size': 256, 'training.gradient_clip_val': 0.18438615917330997, 'training.early_stopping_patience': 8, 'model.nhead': 2, 'model.embedding_dim': 32, 'model.hidden_dim': 4, 'model.nlayers': 4, 'model.dropout': 0.338933348946854, 'training.epochs': 7}. Best is trial 35 with value: 0.771872878074646.
Seed set to 97

🔬 Trial 55 hyperparameters:
  Walk length: 75, Num walks: 952,518
  LR: 2.66e-03, Batch size: 256
  Model: emb_dim=8, hidden_dim=128
  Transformer: 5 layers, 2 heads
  Epochs: 10, Weighted loss: True
Loading wiki-rfa dataset...
Success! ✅
Splitting edges for wiki-rfa dataset...
Ratios: train=0.480, mask=0.320, val=0.100, test=0.100
Success! ✅
Sampling random walks from wiki-rfa dataset...
Success! ✅
Building tokenizer for wiki-rfa dataset...
Success! ✅
Padding and building stage tensors for wiki-rfa dataset...
Success! ✅
Data creation profiling (seconds):
  get_edge_list: 84.69s
  split_edges: 0.09s
  get_walks: 72.94s
  get_tokenizer: 2.08s
  encode_walks: 38.38s
  pad_and_build_stage_tensors: 4.86s
Creating DataLoaders for wiki-rfa dataset...
Success! ✅
GPU available: True (cuda), used: True
TPU available: False, using: 0 TPU cores
HPU available: False, using: 0 HPUs
/home/eng/shilo_avital/yolo_lab/walk_to_paint/.venv/lib64/python3.9/site-packages/pytorch_lightning/callbacks/model_checkpoint.py:658: Checkpoint directory /home/eng/shilo_avital/yolo_lab/walk_to_paint/outputs/wiki-rfa/wiki-rfa-optuna_20251203-235202/checkpoints exists and is not empty.
LOCAL_RANK: 0 - CUDA_VISIBLE_DEVICES: [1]
Metric val_auc_epoch improved. New best score: 0.540
Metric val_auc_epoch improved by 0.019 >= min_delta = 0.0. New best score: 0.558
Metric val_auc_epoch improved by 0.014 >= min_delta = 0.0. New best score: 0.572
Metric val_auc_epoch improved by 0.013 >= min_delta = 0.0. New best score: 0.585
Metric val_auc_epoch improved by 0.007 >= min_delta = 0.0. New best score: 0.592
❌ Trial 55 failed: Trial was pruned at epoch 5.
[I 2025-12-04 23:57:37,109] Trial 55 finished with value: 0.0 and parameters: {'dataset.max_walk_length': 75, 'dataset.num_walks': 952518, 'training.lr': 0.0026639500399079368, 'training.weight_decay': 4.9173072368841705e-05, 'training.batch_size': 256, 'training.gradient_clip_val': 0.1311673569677887, 'training.early_stopping_patience': 9, 'model.nhead': 2, 'model.embedding_dim': 8, 'model.hidden_dim': 128, 'model.nlayers': 5, 'model.dropout': 0.27460012182918375, 'training.epochs': 10}. Best is trial 35 with value: 0.771872878074646.
🧹 Cleaning up old checkpoints and logs (keeping top 10)...
  Removed old checkpoint: trial_45-epoch=06-val_auc_epoch=0.7359.ckpt
  Removed old checkpoint: trial_44-epoch=03-val_auc_epoch=0.7633.ckpt
  Removed old checkpoint: trial_43-epoch=02-val_auc_epoch=0.7463.ckpt
  Removed old checkpoint: trial_42-epoch=05-val_auc_epoch=0.7519.ckpt
  Removed old checkpoint: trial_41-epoch=05-val_auc_epoch=0.7483.ckpt
  Removed old log dir: trial_45
  Removed old log dir: trial_44
  Removed old log dir: trial_43
  Removed old log dir: trial_42
  Removed old log dir: trial_41
Seed set to 98

🔬 Trial 56 hyperparameters:
  Walk length: 79, Num walks: 599,488
  LR: 4.26e-04, Batch size: 128
  Model: emb_dim=64, hidden_dim=4
  Transformer: 6 layers, 8 heads
  Epochs: 12, Weighted loss: True
Loading wiki-rfa dataset...
Success! ✅
Splitting edges for wiki-rfa dataset...
Ratios: train=0.480, mask=0.320, val=0.100, test=0.100
Success! ✅
Sampling random walks from wiki-rfa dataset...
Success! ✅
Building tokenizer for wiki-rfa dataset...
Success! ✅
Padding and building stage tensors for wiki-rfa dataset...
Success! ✅
Data creation profiling (seconds):
  get_edge_list: 84.58s
  split_edges: 0.09s
  get_walks: 45.88s
  get_tokenizer: 1.41s
  encode_walks: 24.15s
  pad_and_build_stage_tensors: 3.18s
Creating DataLoaders for wiki-rfa dataset...
Success! ✅
GPU available: True (cuda), used: True
TPU available: False, using: 0 TPU cores
HPU available: False, using: 0 HPUs
/home/eng/shilo_avital/yolo_lab/walk_to_paint/.venv/lib64/python3.9/site-packages/pytorch_lightning/callbacks/model_checkpoint.py:658: Checkpoint directory /home/eng/shilo_avital/yolo_lab/walk_to_paint/outputs/wiki-rfa/wiki-rfa-optuna_20251203-235202/checkpoints exists and is not empty.
LOCAL_RANK: 0 - CUDA_VISIBLE_DEVICES: [1]
Metric val_auc_epoch improved. New best score: 0.563
Metric val_auc_epoch improved by 0.005 >= min_delta = 0.0. New best score: 0.568
Metric val_auc_epoch improved by 0.026 >= min_delta = 0.0. New best score: 0.594
Metric val_auc_epoch improved by 0.033 >= min_delta = 0.0. New best score: 0.626
Metric val_auc_epoch improved by 0.014 >= min_delta = 0.0. New best score: 0.640
❌ Trial 56 failed: Trial was pruned at epoch 5.
[I 2025-12-05 00:11:39,389] Trial 56 finished with value: 0.0 and parameters: {'dataset.max_walk_length': 79, 'dataset.num_walks': 599488, 'training.lr': 0.00042610804706786867, 'training.weight_decay': 1.0999308367552507e-05, 'training.batch_size': 128, 'training.gradient_clip_val': 0.27762237252153144, 'training.early_stopping_patience': 7, 'model.nhead': 8, 'model.embedding_dim': 64, 'model.hidden_dim': 4, 'model.nlayers': 6, 'model.dropout': 0.29053421152974557, 'training.epochs': 12}. Best is trial 35 with value: 0.771872878074646.
Seed set to 99

🔬 Trial 57 hyperparameters:
  Walk length: 32, Num walks: 452,660
  LR: 8.57e-04, Batch size: 256
  Model: emb_dim=4, hidden_dim=16
  Transformer: 3 layers, 2 heads
  Epochs: 7, Weighted loss: True
Loading wiki-rfa dataset...
Success! ✅
Splitting edges for wiki-rfa dataset...
Ratios: train=0.480, mask=0.320, val=0.100, test=0.100
Success! ✅
Sampling random walks from wiki-rfa dataset...
Success! ✅
Building tokenizer for wiki-rfa dataset...
Success! ✅
Padding and building stage tensors for wiki-rfa dataset...
Success! ✅
Data creation profiling (seconds):
  get_edge_list: 84.71s
  split_edges: 0.09s
  get_walks: 35.47s
  get_tokenizer: 1.05s
  encode_walks: 18.54s
  pad_and_build_stage_tensors: 2.32s
Creating DataLoaders for wiki-rfa dataset...
Success! ✅
GPU available: True (cuda), used: True
TPU available: False, using: 0 TPU cores
HPU available: False, using: 0 HPUs
/home/eng/shilo_avital/yolo_lab/walk_to_paint/.venv/lib64/python3.9/site-packages/pytorch_lightning/callbacks/model_checkpoint.py:658: Checkpoint directory /home/eng/shilo_avital/yolo_lab/walk_to_paint/outputs/wiki-rfa/wiki-rfa-optuna_20251203-235202/checkpoints exists and is not empty.
LOCAL_RANK: 0 - CUDA_VISIBLE_DEVICES: [1]
Metric val_auc_epoch improved. New best score: 0.544
Metric val_auc_epoch improved by 0.010 >= min_delta = 0.0. New best score: 0.554
❌ Trial 57 failed: Trial was pruned at epoch 5.
[I 2025-12-05 00:16:33,550] Trial 57 finished with value: 0.0 and parameters: {'dataset.max_walk_length': 32, 'dataset.num_walks': 452660, 'training.lr': 0.0008565035565490108, 'training.weight_decay': 2.2523346389546672e-05, 'training.batch_size': 256, 'training.gradient_clip_val': 0.10479743017948645, 'training.early_stopping_patience': 10, 'model.nhead': 2, 'model.embedding_dim': 4, 'model.hidden_dim': 16, 'model.nlayers': 3, 'model.dropout': 0.24390387377156975, 'training.epochs': 7}. Best is trial 35 with value: 0.771872878074646.
Seed set to 100

🔬 Trial 58 hyperparameters:
  Walk length: 92, Num walks: 366,701
  LR: 1.61e-03, Batch size: 256
  Model: emb_dim=16, hidden_dim=8
  Transformer: 5 layers, 16 heads
  Epochs: 9, Weighted loss: True
Loading wiki-rfa dataset...
Success! ✅
Splitting edges for wiki-rfa dataset...
Ratios: train=0.480, mask=0.320, val=0.100, test=0.100
Success! ✅
Sampling random walks from wiki-rfa dataset...
Success! ✅
Building tokenizer for wiki-rfa dataset...
Success! ✅
Padding and building stage tensors for wiki-rfa dataset...
Success! ✅
Data creation profiling (seconds):
  get_edge_list: 84.62s
  split_edges: 0.09s
  get_walks: 28.19s
  get_tokenizer: 0.93s
  encode_walks: 14.98s
  pad_and_build_stage_tensors: 1.98s
Creating DataLoaders for wiki-rfa dataset...
Success! ✅
GPU available: True (cuda), used: True
TPU available: False, using: 0 TPU cores
HPU available: False, using: 0 HPUs
/home/eng/shilo_avital/yolo_lab/walk_to_paint/.venv/lib64/python3.9/site-packages/pytorch_lightning/callbacks/model_checkpoint.py:658: Checkpoint directory /home/eng/shilo_avital/yolo_lab/walk_to_paint/outputs/wiki-rfa/wiki-rfa-optuna_20251203-235202/checkpoints exists and is not empty.
LOCAL_RANK: 0 - CUDA_VISIBLE_DEVICES: [1]
Metric val_auc_epoch improved. New best score: 0.556
Metric val_auc_epoch improved by 0.008 >= min_delta = 0.0. New best score: 0.563
Metric val_auc_epoch improved by 0.003 >= min_delta = 0.0. New best score: 0.567
Metric val_auc_epoch improved by 0.005 >= min_delta = 0.0. New best score: 0.572
Metric val_auc_epoch improved by 0.000 >= min_delta = 0.0. New best score: 0.572
❌ Trial 58 failed: Trial was pruned at epoch 5.
[I 2025-12-05 00:38:15,623] Trial 58 finished with value: 0.0 and parameters: {'dataset.max_walk_length': 92, 'dataset.num_walks': 366701, 'training.lr': 0.001608182759123149, 'training.weight_decay': 0.0001058623650910878, 'training.batch_size': 256, 'training.gradient_clip_val': 0.4659263027161433, 'training.early_stopping_patience': 13, 'model.nhead': 16, 'model.embedding_dim': 16, 'model.hidden_dim': 8, 'model.nlayers': 5, 'model.dropout': 0.35579156966853936, 'training.epochs': 9}. Best is trial 35 with value: 0.771872878074646.
Seed set to 101

🔬 Trial 59 hyperparameters:
  Walk length: 23, Num walks: 834,400
  LR: 1.80e-04, Batch size: 64
  Model: emb_dim=32, hidden_dim=4
  Transformer: 4 layers, 8 heads
  Epochs: 10, Weighted loss: True
Loading wiki-rfa dataset...
Success! ✅
Splitting edges for wiki-rfa dataset...
Ratios: train=0.480, mask=0.320, val=0.100, test=0.100
Success! ✅
Sampling random walks from wiki-rfa dataset...
Success! ✅
Building tokenizer for wiki-rfa dataset...
Success! ✅
Padding and building stage tensors for wiki-rfa dataset...
Success! ✅
Data creation profiling (seconds):
  get_edge_list: 84.92s
  split_edges: 0.09s
  get_walks: 63.14s
  get_tokenizer: 1.83s
  encode_walks: 32.83s
  pad_and_build_stage_tensors: 4.08s
Creating DataLoaders for wiki-rfa dataset...
Success! ✅
GPU available: True (cuda), used: True
TPU available: False, using: 0 TPU cores
HPU available: False, using: 0 HPUs
/home/eng/shilo_avital/yolo_lab/walk_to_paint/.venv/lib64/python3.9/site-packages/pytorch_lightning/callbacks/model_checkpoint.py:658: Checkpoint directory /home/eng/shilo_avital/yolo_lab/walk_to_paint/outputs/wiki-rfa/wiki-rfa-optuna_20251203-235202/checkpoints exists and is not empty.
LOCAL_RANK: 0 - CUDA_VISIBLE_DEVICES: [1]
Metric val_auc_epoch improved. New best score: 0.537
Metric val_auc_epoch improved by 0.011 >= min_delta = 0.0. New best score: 0.549
Metric val_auc_epoch improved by 0.013 >= min_delta = 0.0. New best score: 0.561
Metric val_auc_epoch improved by 0.010 >= min_delta = 0.0. New best score: 0.571
Metric val_auc_epoch improved by 0.012 >= min_delta = 0.0. New best score: 0.582
❌ Trial 59 failed: Trial was pruned at epoch 5.
[I 2025-12-05 00:59:41,583] Trial 59 finished with value: 0.0 and parameters: {'dataset.max_walk_length': 23, 'dataset.num_walks': 834400, 'training.lr': 0.00017991502684491673, 'training.weight_decay': 1.8147395810236384e-06, 'training.batch_size': 64, 'training.gradient_clip_val': 0.5681119636932591, 'training.early_stopping_patience': 5, 'model.nhead': 8, 'model.embedding_dim': 32, 'model.hidden_dim': 4, 'model.nlayers': 4, 'model.dropout': 0.15610365982380425, 'training.epochs': 10}. Best is trial 35 with value: 0.771872878074646.
Seed set to 102

🔬 Trial 60 hyperparameters:
  Walk length: 63, Num walks: 712,842
  LR: 2.51e-04, Batch size: 256
  Model: emb_dim=128, hidden_dim=4
  Transformer: 4 layers, 1 heads
  Epochs: 13, Weighted loss: True
Loading wiki-rfa dataset...
Success! ✅
Splitting edges for wiki-rfa dataset...
Ratios: train=0.480, mask=0.320, val=0.100, test=0.100
Success! ✅
Sampling random walks from wiki-rfa dataset...
Success! ✅
Building tokenizer for wiki-rfa dataset...
Success! ✅
Padding and building stage tensors for wiki-rfa dataset...
Success! ✅
Data creation profiling (seconds):
  get_edge_list: 84.67s
  split_edges: 0.09s
  get_walks: 55.20s
  get_tokenizer: 1.51s
  encode_walks: 28.59s
  pad_and_build_stage_tensors: 3.78s
Creating DataLoaders for wiki-rfa dataset...
Success! ✅
/home/eng/shilo_avital/yolo_lab/walk_to_paint/.venv/lib64/python3.9/site-packages/torch/nn/modules/transformer.py:382: UserWarning: enable_nested_tensor is True, but self.use_nested_tensor is False because encoder_layer.self_attn.num_heads is odd
  warnings.warn(
GPU available: True (cuda), used: True
TPU available: False, using: 0 TPU cores
HPU available: False, using: 0 HPUs
/home/eng/shilo_avital/yolo_lab/walk_to_paint/.venv/lib64/python3.9/site-packages/pytorch_lightning/callbacks/model_checkpoint.py:658: Checkpoint directory /home/eng/shilo_avital/yolo_lab/walk_to_paint/outputs/wiki-rfa/wiki-rfa-optuna_20251203-235202/checkpoints exists and is not empty.
LOCAL_RANK: 0 - CUDA_VISIBLE_DEVICES: [1]
Metric val_auc_epoch improved. New best score: 0.593
Metric val_auc_epoch improved by 0.027 >= min_delta = 0.0. New best score: 0.620
Metric val_auc_epoch improved by 0.021 >= min_delta = 0.0. New best score: 0.642
Metric val_auc_epoch improved by 0.014 >= min_delta = 0.0. New best score: 0.656
Metric val_auc_epoch improved by 0.006 >= min_delta = 0.0. New best score: 0.661
Metric val_auc_epoch improved by 0.008 >= min_delta = 0.0. New best score: 0.669
❌ Trial 60 failed: Trial was pruned at epoch 6.
[I 2025-12-05 01:08:46,400] Trial 60 finished with value: 0.0 and parameters: {'dataset.max_walk_length': 63, 'dataset.num_walks': 712842, 'training.lr': 0.00025116262526651514, 'training.weight_decay': 1.8027997291857683e-05, 'training.batch_size': 256, 'training.gradient_clip_val': 0.19181001096922543, 'training.early_stopping_patience': 7, 'model.nhead': 1, 'model.embedding_dim': 128, 'model.hidden_dim': 4, 'model.nlayers': 4, 'model.dropout': 0.17940786910799145, 'training.epochs': 13}. Best is trial 35 with value: 0.771872878074646.
🧹 Cleaning up old checkpoints and logs (keeping top 10)...
  Removed old checkpoint: trial_50-epoch=01-val_auc_epoch=0.5056.ckpt
  Removed old checkpoint: trial_49-epoch=04-val_auc_epoch=0.5674.ckpt
  Removed old checkpoint: trial_48-epoch=04-val_auc_epoch=0.5575.ckpt
  Removed old checkpoint: trial_47-epoch=05-val_auc_epoch=0.7457.ckpt
  Removed old checkpoint: trial_46-epoch=05-val_auc_epoch=0.6856.ckpt
  Removed old log dir: trial_50
  Removed old log dir: trial_49
  Removed old log dir: trial_48
  Removed old log dir: trial_47
  Removed old log dir: trial_46
Seed set to 103

🔬 Trial 61 hyperparameters:
  Walk length: 86, Num walks: 598,063
  LR: 3.59e-03, Batch size: 256
  Model: emb_dim=32, hidden_dim=4
  Transformer: 5 layers, 2 heads
  Epochs: 11, Weighted loss: True
Loading wiki-rfa dataset...
Success! ✅
Splitting edges for wiki-rfa dataset...
Ratios: train=0.480, mask=0.320, val=0.100, test=0.100
Success! ✅
Sampling random walks from wiki-rfa dataset...
Success! ✅
Building tokenizer for wiki-rfa dataset...
Success! ✅
Padding and building stage tensors for wiki-rfa dataset...
Success! ✅
Data creation profiling (seconds):
  get_edge_list: 84.71s
  split_edges: 0.09s
  get_walks: 44.54s
  get_tokenizer: 1.29s
  encode_walks: 23.64s
  pad_and_build_stage_tensors: 3.11s
Creating DataLoaders for wiki-rfa dataset...
Success! ✅
GPU available: True (cuda), used: True
TPU available: False, using: 0 TPU cores
HPU available: False, using: 0 HPUs
/home/eng/shilo_avital/yolo_lab/walk_to_paint/.venv/lib64/python3.9/site-packages/pytorch_lightning/callbacks/model_checkpoint.py:658: Checkpoint directory /home/eng/shilo_avital/yolo_lab/walk_to_paint/outputs/wiki-rfa/wiki-rfa-optuna_20251203-235202/checkpoints exists and is not empty.
LOCAL_RANK: 0 - CUDA_VISIBLE_DEVICES: [1]
Metric val_auc_epoch improved. New best score: 0.644
Metric val_auc_epoch improved by 0.030 >= min_delta = 0.0. New best score: 0.674
Metric val_auc_epoch improved by 0.012 >= min_delta = 0.0. New best score: 0.686
Metric val_auc_epoch improved by 0.006 >= min_delta = 0.0. New best score: 0.692
Metric val_auc_epoch improved by 0.016 >= min_delta = 0.0. New best score: 0.708
Metric val_auc_epoch improved by 0.004 >= min_delta = 0.0. New best score: 0.711
❌ Trial 61 failed: Trial was pruned at epoch 8.
