[I 2025-12-05 01:18:22,355] Trial 61 finished with value: 0.0 and parameters: {'dataset.max_walk_length': 86, 'dataset.num_walks': 598063, 'training.lr': 0.0035949342453578488, 'training.weight_decay': 7.24604015973224e-06, 'training.batch_size': 256, 'training.gradient_clip_val': 0.3029671279756688, 'training.early_stopping_patience': 6, 'model.nhead': 2, 'model.embedding_dim': 32, 'model.hidden_dim': 4, 'model.nlayers': 5, 'model.dropout': 0.23128221112967456, 'training.epochs': 11}. Best is trial 35 with value: 0.771872878074646.
Seed set to 104

🔬 Trial 62 hyperparameters:
  Walk length: 82, Num walks: 576,320
  LR: 2.32e-03, Batch size: 256
  Model: emb_dim=32, hidden_dim=4
  Transformer: 5 layers, 2 heads
  Epochs: 25, Weighted loss: True
Loading wiki-rfa dataset...
Success! ✅
Splitting edges for wiki-rfa dataset...
Ratios: train=0.480, mask=0.320, val=0.100, test=0.100
Success! ✅
Sampling random walks from wiki-rfa dataset...
Success! ✅
Building tokenizer for wiki-rfa dataset...
Success! ✅
Padding and building stage tensors for wiki-rfa dataset...
Success! ✅
Data creation profiling (seconds):
  get_edge_list: 84.86s
  split_edges: 0.09s
  get_walks: 42.90s
  get_tokenizer: 1.25s
  encode_walks: 23.93s
  pad_and_build_stage_tensors: 3.02s
Creating DataLoaders for wiki-rfa dataset...
Success! ✅
GPU available: True (cuda), used: True
TPU available: False, using: 0 TPU cores
HPU available: False, using: 0 HPUs
/home/eng/shilo_avital/yolo_lab/walk_to_paint/.venv/lib64/python3.9/site-packages/pytorch_lightning/callbacks/model_checkpoint.py:658: Checkpoint directory /home/eng/shilo_avital/yolo_lab/walk_to_paint/outputs/wiki-rfa/wiki-rfa-optuna_20251203-235202/checkpoints exists and is not empty.
LOCAL_RANK: 0 - CUDA_VISIBLE_DEVICES: [1]
Metric val_auc_epoch improved. New best score: 0.629
Metric val_auc_epoch improved by 0.050 >= min_delta = 0.0. New best score: 0.679
Metric val_auc_epoch improved by 0.045 >= min_delta = 0.0. New best score: 0.724
Metric val_auc_epoch improved by 0.023 >= min_delta = 0.0. New best score: 0.748
Metric val_auc_epoch improved by 0.004 >= min_delta = 0.0. New best score: 0.752
Monitored metric val_auc_epoch did not improve in the last 8 records. Best score: 0.752. Signaling Trainer to stop.
Restoring states from the checkpoint path at /home/eng/shilo_avital/yolo_lab/walk_to_paint/outputs/wiki-rfa/wiki-rfa-optuna_20251203-235202/checkpoints/trial_62-epoch=04-val_auc_epoch=0.7518.ckpt
LOCAL_RANK: 0 - CUDA_VISIBLE_DEVICES: [1]
Loaded model weights from the checkpoint at /home/eng/shilo_avital/yolo_lab/walk_to_paint/outputs/wiki-rfa/wiki-rfa-optuna_20251203-235202/checkpoints/trial_62-epoch=04-val_auc_epoch=0.7518.ckpt
────────────────────────────────────────────────────────────────────────────────────────────────────────────────────────
     Validate metric           DataLoader 0
────────────────────────────────────────────────────────────────────────────────────────────────────────────────────────
          step                     13.0
      val_acc_epoch         0.5460197329521179
      val_auc_epoch         0.7517848014831543
      val_f1_epoch          0.4871727228164673
        val_loss            1.8860561847686768
────────────────────────────────────────────────────────────────────────────────────────────────────────────────────────
✅ Trial 62 completed - Val AUC: 0.7518
[I 2025-12-05 01:30:38,417] Trial 62 finished with value: 0.7517848014831543 and parameters: {'dataset.max_walk_length': 82, 'dataset.num_walks': 576320, 'training.lr': 0.002321980359093967, 'training.weight_decay': 4.5075451260901565e-06, 'training.batch_size': 256, 'training.gradient_clip_val': 0.3740993391827898, 'training.early_stopping_patience': 8, 'model.nhead': 2, 'model.embedding_dim': 32, 'model.hidden_dim': 4, 'model.nlayers': 5, 'model.dropout': 0.24643203719870677, 'training.epochs': 25}. Best is trial 35 with value: 0.771872878074646.
Seed set to 105

🔬 Trial 63 hyperparameters:
  Walk length: 82, Num walks: 456,021
  LR: 2.22e-03, Batch size: 256
  Model: emb_dim=32, hidden_dim=4
  Transformer: 5 layers, 2 heads
  Epochs: 22, Weighted loss: True
Loading wiki-rfa dataset...
Success! ✅
Splitting edges for wiki-rfa dataset...
Ratios: train=0.480, mask=0.320, val=0.100, test=0.100
Success! ✅
Sampling random walks from wiki-rfa dataset...
Success! ✅
Building tokenizer for wiki-rfa dataset...
Success! ✅
Padding and building stage tensors for wiki-rfa dataset...
Success! ✅
Data creation profiling (seconds):
  get_edge_list: 4.47s
  split_edges: 0.10s
  get_walks: 34.70s
  get_tokenizer: 1.03s
  encode_walks: 19.23s
  pad_and_build_stage_tensors: 2.38s
Creating DataLoaders for wiki-rfa dataset...
Success! ✅
GPU available: True (cuda), used: True
TPU available: False, using: 0 TPU cores
HPU available: False, using: 0 HPUs
/home/eng/shilo_avital/yolo_lab/walk_to_paint/.venv/lib64/python3.9/site-packages/pytorch_lightning/callbacks/model_checkpoint.py:658: Checkpoint directory /home/eng/shilo_avital/yolo_lab/walk_to_paint/outputs/wiki-rfa/wiki-rfa-optuna_20251203-235202/checkpoints exists and is not empty.
LOCAL_RANK: 0 - CUDA_VISIBLE_DEVICES: [1]
Metric val_auc_epoch improved. New best score: 0.612
Metric val_auc_epoch improved by 0.056 >= min_delta = 0.0. New best score: 0.668
Metric val_auc_epoch improved by 0.035 >= min_delta = 0.0. New best score: 0.703
Metric val_auc_epoch improved by 0.012 >= min_delta = 0.0. New best score: 0.716
Metric val_auc_epoch improved by 0.007 >= min_delta = 0.0. New best score: 0.723
Metric val_auc_epoch improved by 0.002 >= min_delta = 0.0. New best score: 0.725
Metric val_auc_epoch improved by 0.002 >= min_delta = 0.0. New best score: 0.727
Metric val_auc_epoch improved by 0.002 >= min_delta = 0.0. New best score: 0.729
Metric val_auc_epoch improved by 0.002 >= min_delta = 0.0. New best score: 0.731
Monitored metric val_auc_epoch did not improve in the last 8 records. Best score: 0.731. Signaling Trainer to stop.
Restoring states from the checkpoint path at /home/eng/shilo_avital/yolo_lab/walk_to_paint/outputs/wiki-rfa/wiki-rfa-optuna_20251203-235202/checkpoints/trial_63-epoch=08-val_auc_epoch=0.7307.ckpt
LOCAL_RANK: 0 - CUDA_VISIBLE_DEVICES: [1]
Loaded model weights from the checkpoint at /home/eng/shilo_avital/yolo_lab/walk_to_paint/outputs/wiki-rfa/wiki-rfa-optuna_20251203-235202/checkpoints/trial_63-epoch=08-val_auc_epoch=0.7307.ckpt
────────────────────────────────────────────────────────────────────────────────────────────────────────────────────────
     Validate metric           DataLoader 0
────────────────────────────────────────────────────────────────────────────────────────────────────────────────────────
          step                     17.0
      val_acc_epoch         0.5013589859008789
      val_auc_epoch         0.7306971549987793
      val_f1_epoch          0.4771309196949005
        val_loss             3.005523681640625
────────────────────────────────────────────────────────────────────────────────────────────────────────────────────────
✅ Trial 63 completed - Val AUC: 0.7307
[I 2025-12-05 01:41:40,082] Trial 63 finished with value: 0.7306971549987793 and parameters: {'dataset.max_walk_length': 82, 'dataset.num_walks': 456021, 'training.lr': 0.0022150402495670655, 'training.weight_decay': 3.182254777730244e-06, 'training.batch_size': 256, 'training.gradient_clip_val': 0.40349159994904915, 'training.early_stopping_patience': 8, 'model.nhead': 2, 'model.embedding_dim': 32, 'model.hidden_dim': 4, 'model.nlayers': 5, 'model.dropout': 0.19833689987729222, 'training.epochs': 22}. Best is trial 35 with value: 0.771872878074646.
Seed set to 106

🔬 Trial 64 hyperparameters:
  Walk length: 38, Num walks: 565,032
  LR: 9.09e-04, Batch size: 32
  Model: emb_dim=32, hidden_dim=32
  Transformer: 6 layers, 2 heads
  Epochs: 25, Weighted loss: True
Loading wiki-rfa dataset...
Success! ✅
Splitting edges for wiki-rfa dataset...
Ratios: train=0.480, mask=0.320, val=0.100, test=0.100
Success! ✅
Sampling random walks from wiki-rfa dataset...
Success! ✅
Building tokenizer for wiki-rfa dataset...
Success! ✅
Padding and building stage tensors for wiki-rfa dataset...
Success! ✅
Data creation profiling (seconds):
  get_edge_list: 4.45s
  split_edges: 0.09s
  get_walks: 42.54s
  get_tokenizer: 1.21s
  encode_walks: 22.70s
  pad_and_build_stage_tensors: 2.91s
Creating DataLoaders for wiki-rfa dataset...
Success! ✅
GPU available: True (cuda), used: True
TPU available: False, using: 0 TPU cores
HPU available: False, using: 0 HPUs
/home/eng/shilo_avital/yolo_lab/walk_to_paint/.venv/lib64/python3.9/site-packages/pytorch_lightning/callbacks/model_checkpoint.py:658: Checkpoint directory /home/eng/shilo_avital/yolo_lab/walk_to_paint/outputs/wiki-rfa/wiki-rfa-optuna_20251203-235202/checkpoints exists and is not empty.
LOCAL_RANK: 0 - CUDA_VISIBLE_DEVICES: [1]
/home/eng/shilo_avital/yolo_lab/walk_to_paint/.venv/lib64/python3.9/site-packages/torchmetrics/utilities/prints.py:43: UserWarning: No positive samples in targets, true positive value should be meaningless. Returning zero tensor in true positive score
  warnings.warn(*args, **kwargs)
/home/eng/shilo_avital/yolo_lab/walk_to_paint/src/model/metrics_helper.py:118: RuntimeWarning: invalid value encountered in divide
  cm_norm = cm.astype("float") / cm.sum(axis=1)[:, None]
Metric val_auc_epoch improved. New best score: 0.596
Metric val_auc_epoch improved by 0.064 >= min_delta = 0.0. New best score: 0.660
Metric val_auc_epoch improved by 0.024 >= min_delta = 0.0. New best score: 0.684
Metric val_auc_epoch improved by 0.033 >= min_delta = 0.0. New best score: 0.717
Metric val_auc_epoch improved by 0.003 >= min_delta = 0.0. New best score: 0.720
Metric val_auc_epoch improved by 0.009 >= min_delta = 0.0. New best score: 0.728
Metric val_auc_epoch improved by 0.000 >= min_delta = 0.0. New best score: 0.728
Monitored metric val_auc_epoch did not improve in the last 12 records. Best score: 0.728. Signaling Trainer to stop.
Restoring states from the checkpoint path at /home/eng/shilo_avital/yolo_lab/walk_to_paint/outputs/wiki-rfa/wiki-rfa-optuna_20251203-235202/checkpoints/trial_64-epoch=08-val_auc_epoch=0.7285.ckpt
LOCAL_RANK: 0 - CUDA_VISIBLE_DEVICES: [1]
Loaded model weights from the checkpoint at /home/eng/shilo_avital/yolo_lab/walk_to_paint/outputs/wiki-rfa/wiki-rfa-optuna_20251203-235202/checkpoints/trial_64-epoch=08-val_auc_epoch=0.7285.ckpt
────────────────────────────────────────────────────────────────────────────────────────────────────────────────────────
     Validate metric           DataLoader 0
────────────────────────────────────────────────────────────────────────────────────────────────────────────────────────
          step                     21.0
      val_acc_epoch         0.5147219300270081
      val_auc_epoch         0.7284727096557617
      val_f1_epoch          0.4962274432182312
        val_loss            2.3126604557037354
────────────────────────────────────────────────────────────────────────────────────────────────────────────────────────
✅ Trial 64 completed - Val AUC: 0.7285
[I 2025-12-05 03:24:57,070] Trial 64 finished with value: 0.7284727096557617 and parameters: {'dataset.max_walk_length': 38, 'dataset.num_walks': 565032, 'training.lr': 0.0009091164660523512, 'training.weight_decay': 1.1881659748307025e-05, 'training.batch_size': 32, 'training.gradient_clip_val': 0.25566777880720426, 'training.early_stopping_patience': 12, 'model.nhead': 2, 'model.embedding_dim': 32, 'model.hidden_dim': 32, 'model.nlayers': 6, 'model.dropout': 0.2617514054206944, 'training.epochs': 25}. Best is trial 35 with value: 0.771872878074646.
Seed set to 107

🔬 Trial 65 hyperparameters:
  Walk length: 72, Num walks: 678,441
  LR: 1.37e-03, Batch size: 64
  Model: emb_dim=64, hidden_dim=256
  Transformer: 4 layers, 2 heads
  Epochs: 19, Weighted loss: True
Loading wiki-rfa dataset...
Success! ✅
Splitting edges for wiki-rfa dataset...
Ratios: train=0.480, mask=0.320, val=0.100, test=0.100
Success! ✅
Sampling random walks from wiki-rfa dataset...
Success! ✅
Building tokenizer for wiki-rfa dataset...
Success! ✅
Padding and building stage tensors for wiki-rfa dataset...
Success! ✅
Data creation profiling (seconds):
  get_edge_list: 4.69s
  split_edges: 0.10s
  get_walks: 52.13s
  get_tokenizer: 1.47s
  encode_walks: 28.37s
  pad_and_build_stage_tensors: 3.51s
Creating DataLoaders for wiki-rfa dataset...
Success! ✅
GPU available: True (cuda), used: True
TPU available: False, using: 0 TPU cores
HPU available: False, using: 0 HPUs
/home/eng/shilo_avital/yolo_lab/walk_to_paint/.venv/lib64/python3.9/site-packages/pytorch_lightning/callbacks/model_checkpoint.py:658: Checkpoint directory /home/eng/shilo_avital/yolo_lab/walk_to_paint/outputs/wiki-rfa/wiki-rfa-optuna_20251203-235202/checkpoints exists and is not empty.
LOCAL_RANK: 0 - CUDA_VISIBLE_DEVICES: [1]
Metric val_auc_epoch improved. New best score: 0.531
Metric val_auc_epoch improved by 0.003 >= min_delta = 0.0. New best score: 0.534
❌ Trial 65 failed: Trial was pruned at epoch 5.
[I 2025-12-05 03:41:43,045] Trial 65 finished with value: 0.0 and parameters: {'dataset.max_walk_length': 72, 'dataset.num_walks': 678441, 'training.lr': 0.0013653305762540379, 'training.weight_decay': 1.0467064755054514e-06, 'training.batch_size': 64, 'training.gradient_clip_val': 0.44088468496617267, 'training.early_stopping_patience': 7, 'model.nhead': 2, 'model.embedding_dim': 64, 'model.hidden_dim': 256, 'model.nlayers': 4, 'model.dropout': 0.29189057906867283, 'training.epochs': 19}. Best is trial 35 with value: 0.771872878074646.
🧹 Cleaning up old checkpoints and logs (keeping top 10)...
  Removed old checkpoint: trial_55-epoch=04-val_auc_epoch=0.5924.ckpt
  Removed old checkpoint: trial_54-epoch=00-val_auc_epoch=0.5196.ckpt
  Removed old checkpoint: trial_53-epoch=04-val_auc_epoch=0.7618.ckpt
  Removed old checkpoint: trial_52-epoch=03-val_auc_epoch=0.7386.ckpt
  Removed old checkpoint: trial_51-epoch=10-val_auc_epoch=0.7454.ckpt
  Removed old log dir: trial_55
  Removed old log dir: trial_54
  Removed old log dir: trial_53
  Removed old log dir: trial_52
  Removed old log dir: trial_51
Seed set to 108

🔬 Trial 66 hyperparameters:
  Walk length: 82, Num walks: 470,386
  LR: 2.25e-03, Batch size: 256
  Model: emb_dim=128, hidden_dim=16
  Transformer: 5 layers, 8 heads
  Epochs: 23, Weighted loss: True
Loading wiki-rfa dataset...
Success! ✅
Splitting edges for wiki-rfa dataset...
Ratios: train=0.480, mask=0.320, val=0.100, test=0.100
Success! ✅
Sampling random walks from wiki-rfa dataset...
Success! ✅
Building tokenizer for wiki-rfa dataset...
Success! ✅
Padding and building stage tensors for wiki-rfa dataset...
Success! ✅
Data creation profiling (seconds):
  get_edge_list: 84.84s
  split_edges: 0.10s
  get_walks: 36.92s
  get_tokenizer: 1.07s
  encode_walks: 19.22s
  pad_and_build_stage_tensors: 2.46s
Creating DataLoaders for wiki-rfa dataset...
Success! ✅
GPU available: True (cuda), used: True
TPU available: False, using: 0 TPU cores
HPU available: False, using: 0 HPUs
/home/eng/shilo_avital/yolo_lab/walk_to_paint/.venv/lib64/python3.9/site-packages/pytorch_lightning/callbacks/model_checkpoint.py:658: Checkpoint directory /home/eng/shilo_avital/yolo_lab/walk_to_paint/outputs/wiki-rfa/wiki-rfa-optuna_20251203-235202/checkpoints exists and is not empty.
LOCAL_RANK: 0 - CUDA_VISIBLE_DEVICES: [1]
Metric val_auc_epoch improved. New best score: 0.504
Metric val_auc_epoch improved by 0.008 >= min_delta = 0.0. New best score: 0.512
❌ Trial 66 failed: Trial was pruned at epoch 5.
[I 2025-12-05 03:52:46,450] Trial 66 finished with value: 0.0 and parameters: {'dataset.max_walk_length': 82, 'dataset.num_walks': 470386, 'training.lr': 0.0022486471313008845, 'training.weight_decay': 3.4793674062725e-05, 'training.batch_size': 256, 'training.gradient_clip_val': 0.49647630975864593, 'training.early_stopping_patience': 9, 'model.nhead': 8, 'model.embedding_dim': 128, 'model.hidden_dim': 16, 'model.nlayers': 5, 'model.dropout': 0.14425237470162006, 'training.epochs': 23}. Best is trial 35 with value: 0.771872878074646.
Seed set to 109

🔬 Trial 67 hyperparameters:
  Walk length: 60, Num walks: 555,976
  LR: 5.15e-04, Batch size: 256
  Model: emb_dim=128, hidden_dim=4
  Transformer: 2 layers, 2 heads
  Epochs: 10, Weighted loss: True
Loading wiki-rfa dataset...
Success! ✅
Splitting edges for wiki-rfa dataset...
Ratios: train=0.480, mask=0.320, val=0.100, test=0.100
Success! ✅
Sampling random walks from wiki-rfa dataset...
Success! ✅
Building tokenizer for wiki-rfa dataset...
Success! ✅
Padding and building stage tensors for wiki-rfa dataset...
Success! ✅
Data creation profiling (seconds):
  get_edge_list: 84.82s
  split_edges: 0.10s
  get_walks: 41.64s
  get_tokenizer: 1.21s
  encode_walks: 22.96s
  pad_and_build_stage_tensors: 2.77s
Creating DataLoaders for wiki-rfa dataset...
Success! ✅
GPU available: True (cuda), used: True
TPU available: False, using: 0 TPU cores
HPU available: False, using: 0 HPUs
/home/eng/shilo_avital/yolo_lab/walk_to_paint/.venv/lib64/python3.9/site-packages/pytorch_lightning/callbacks/model_checkpoint.py:658: Checkpoint directory /home/eng/shilo_avital/yolo_lab/walk_to_paint/outputs/wiki-rfa/wiki-rfa-optuna_20251203-235202/checkpoints exists and is not empty.
LOCAL_RANK: 0 - CUDA_VISIBLE_DEVICES: [1]
Metric val_auc_epoch improved. New best score: 0.626
Metric val_auc_epoch improved by 0.019 >= min_delta = 0.0. New best score: 0.645
Metric val_auc_epoch improved by 0.024 >= min_delta = 0.0. New best score: 0.669
Metric val_auc_epoch improved by 0.012 >= min_delta = 0.0. New best score: 0.681
Metric val_auc_epoch improved by 0.006 >= min_delta = 0.0. New best score: 0.688
Metric val_auc_epoch improved by 0.005 >= min_delta = 0.0. New best score: 0.693
❌ Trial 67 failed: Trial was pruned at epoch 6.
[I 2025-12-05 03:59:00,126] Trial 67 finished with value: 0.0 and parameters: {'dataset.max_walk_length': 60, 'dataset.num_walks': 555976, 'training.lr': 0.0005145904086376256, 'training.weight_decay': 5.132564521591333e-06, 'training.batch_size': 256, 'training.gradient_clip_val': 0.6814447047950798, 'training.early_stopping_patience': 10, 'model.nhead': 2, 'model.embedding_dim': 128, 'model.hidden_dim': 4, 'model.nlayers': 2, 'model.dropout': 0.18419190762695214, 'training.epochs': 10}. Best is trial 35 with value: 0.771872878074646.
Seed set to 110

🔬 Trial 68 hyperparameters:
  Walk length: 16, Num walks: 835,430
  LR: 7.93e-04, Batch size: 128
  Model: emb_dim=32, hidden_dim=64
  Transformer: 5 layers, 4 heads
  Epochs: 15, Weighted loss: True
Loading wiki-rfa dataset...
Success! ✅
Splitting edges for wiki-rfa dataset...
Ratios: train=0.480, mask=0.320, val=0.100, test=0.100
Success! ✅
Sampling random walks from wiki-rfa dataset...
Success! ✅
Building tokenizer for wiki-rfa dataset...
Success! ✅
Padding and building stage tensors for wiki-rfa dataset...
Success! ✅
Data creation profiling (seconds):
  get_edge_list: 84.49s
  split_edges: 0.09s
  get_walks: 62.52s
  get_tokenizer: 1.56s
  encode_walks: 30.15s
  pad_and_build_stage_tensors: 3.96s
Creating DataLoaders for wiki-rfa dataset...
Success! ✅
GPU available: True (cuda), used: True
TPU available: False, using: 0 TPU cores
HPU available: False, using: 0 HPUs
/home/eng/shilo_avital/yolo_lab/walk_to_paint/.venv/lib64/python3.9/site-packages/pytorch_lightning/callbacks/model_checkpoint.py:658: Checkpoint directory /home/eng/shilo_avital/yolo_lab/walk_to_paint/outputs/wiki-rfa/wiki-rfa-optuna_20251203-235202/checkpoints exists and is not empty.
LOCAL_RANK: 0 - CUDA_VISIBLE_DEVICES: [1]
Metric val_auc_epoch improved. New best score: 0.624
Metric val_auc_epoch improved by 0.048 >= min_delta = 0.0. New best score: 0.672
Metric val_auc_epoch improved by 0.015 >= min_delta = 0.0. New best score: 0.687
Metric val_auc_epoch improved by 0.017 >= min_delta = 0.0. New best score: 0.704
Metric val_auc_epoch improved by 0.013 >= min_delta = 0.0. New best score: 0.717
Metric val_auc_epoch improved by 0.013 >= min_delta = 0.0. New best score: 0.730
Metric val_auc_epoch improved by 0.004 >= min_delta = 0.0. New best score: 0.734
Metric val_auc_epoch improved by 0.008 >= min_delta = 0.0. New best score: 0.742
Metric val_auc_epoch improved by 0.002 >= min_delta = 0.0. New best score: 0.744
Monitored metric val_auc_epoch did not improve in the last 5 records. Best score: 0.744. Signaling Trainer to stop.
`Trainer.fit` stopped: `max_epochs=15` reached.
Restoring states from the checkpoint path at /home/eng/shilo_avital/yolo_lab/walk_to_paint/outputs/wiki-rfa/wiki-rfa-optuna_20251203-235202/checkpoints/trial_68-epoch=09-val_auc_epoch=0.7440.ckpt
LOCAL_RANK: 0 - CUDA_VISIBLE_DEVICES: [1]
Loaded model weights from the checkpoint at /home/eng/shilo_avital/yolo_lab/walk_to_paint/outputs/wiki-rfa/wiki-rfa-optuna_20251203-235202/checkpoints/trial_68-epoch=09-val_auc_epoch=0.7440.ckpt
────────────────────────────────────────────────────────────────────────────────────────────────────────────────────────
     Validate metric           DataLoader 0
────────────────────────────────────────────────────────────────────────────────────────────────────────────────────────
          step                     15.0
      val_acc_epoch         0.5204635262489319
      val_auc_epoch         0.7440007925033569
      val_f1_epoch          0.4980998635292053
        val_loss             2.270909547805786
────────────────────────────────────────────────────────────────────────────────────────────────────────────────────────
✅ Trial 68 completed - Val AUC: 0.7440
