[I 2025-12-04 06:51:14,647] Trial 6 finished with value: 0.6278747916221619 and parameters: {'dataset.max_walk_length': 100, 'dataset.num_walks': 1867169, 'training.lr': 0.001184168271837097, 'training.weight_decay': 0.03320727992488932, 'training.batch_size': 32, 'training.gradient_clip_val': 0.3403654106435893, 'training.early_stopping_patience': 16, 'model.nhead': 8, 'model.embedding_dim': 8, 'model.hidden_dim': 8, 'model.nlayers': 5, 'model.dropout': 0.3417683901700069, 'training.epochs': 7}. Best is trial 2 with value: 0.6900161504745483.
Seed set to 49

🔬 Trial 7 hyperparameters:
  Walk length: 28, Num walks: 242,424
  LR: 2.87e-03, Batch size: 64
  Model: emb_dim=16, hidden_dim=8
  Transformer: 1 layers, 16 heads
  Epochs: 8, Weighted loss: True
Loading wiki-rfa dataset...
Success! ✅
Splitting edges for wiki-rfa dataset...
Ratios: train=0.480, mask=0.320, val=0.100, test=0.100
Success! ✅
Sampling random walks from wiki-rfa dataset...
Success! ✅
Building tokenizer for wiki-rfa dataset...
Success! ✅
Padding and building stage tensors for wiki-rfa dataset...
Success! ✅
Data creation profiling (seconds):
  get_edge_list: 4.74s
  split_edges: 0.09s
  get_walks: 17.96s
  get_tokenizer: 0.63s
  encode_walks: 9.52s
  pad_and_build_stage_tensors: 1.23s
Creating DataLoaders for wiki-rfa dataset...
Success! ✅
GPU available: True (cuda), used: True
TPU available: False, using: 0 TPU cores
HPU available: False, using: 0 HPUs
/home/eng/shilo_avital/yolo_lab/walk_to_paint/.venv/lib64/python3.9/site-packages/pytorch_lightning/callbacks/model_checkpoint.py:658: Checkpoint directory /home/eng/shilo_avital/yolo_lab/walk_to_paint/outputs/wiki-rfa/wiki-rfa-optuna_20251203-235202/checkpoints exists and is not empty.
LOCAL_RANK: 0 - CUDA_VISIBLE_DEVICES: [1]
Metric val_auc_epoch improved. New best score: 0.587
Metric val_auc_epoch improved by 0.009 >= min_delta = 0.0. New best score: 0.596
Metric val_auc_epoch improved by 0.001 >= min_delta = 0.0. New best score: 0.597
Metric val_auc_epoch improved by 0.006 >= min_delta = 0.0. New best score: 0.603
Metric val_auc_epoch improved by 0.003 >= min_delta = 0.0. New best score: 0.606
`Trainer.fit` stopped: `max_epochs=8` reached.
Restoring states from the checkpoint path at /home/eng/shilo_avital/yolo_lab/walk_to_paint/outputs/wiki-rfa/wiki-rfa-optuna_20251203-235202/checkpoints/trial_7-epoch=05-val_auc_epoch=0.6062.ckpt
LOCAL_RANK: 0 - CUDA_VISIBLE_DEVICES: [1]
Loaded model weights from the checkpoint at /home/eng/shilo_avital/yolo_lab/walk_to_paint/outputs/wiki-rfa/wiki-rfa-optuna_20251203-235202/checkpoints/trial_7-epoch=05-val_auc_epoch=0.6062.ckpt
────────────────────────────────────────────────────────────────────────────────────────────────────────────────────────
     Validate metric           DataLoader 0
────────────────────────────────────────────────────────────────────────────────────────────────────────────────────────
          step                      8.0
      val_acc_epoch         0.42119741439819336
      val_auc_epoch          0.606221079826355
      val_f1_epoch          0.37577974796295166
        val_loss            1.2191460132598877
────────────────────────────────────────────────────────────────────────────────────────────────────────────────────────
✅ Trial 7 completed - Val AUC: 0.6062
[I 2025-12-04 07:00:03,994] Trial 7 finished with value: 0.606221079826355 and parameters: {'dataset.max_walk_length': 28, 'dataset.num_walks': 242424, 'training.lr': 0.002873802517966224, 'training.weight_decay': 9.862354550004369e-05, 'training.batch_size': 64, 'training.gradient_clip_val': 1.331213701208838, 'training.early_stopping_patience': 5, 'model.nhead': 16, 'model.embedding_dim': 16, 'model.hidden_dim': 8, 'model.nlayers': 1, 'model.dropout': 0.24583859913993125, 'training.epochs': 8}. Best is trial 2 with value: 0.6900161504745483.
Seed set to 50

🔬 Trial 8 hyperparameters:
  Walk length: 16, Num walks: 2,543,744
  LR: 3.42e-05, Batch size: 128
  Model: emb_dim=8, hidden_dim=128
  Transformer: 4 layers, 4 heads
  Epochs: 7, Weighted loss: True
Loading wiki-rfa dataset...
Success! ✅
Splitting edges for wiki-rfa dataset...
Ratios: train=0.480, mask=0.320, val=0.100, test=0.100
Success! ✅
Sampling random walks from wiki-rfa dataset...
Success! ✅
Building tokenizer for wiki-rfa dataset...
Success! ✅
Padding and building stage tensors for wiki-rfa dataset...
Success! ✅
Data creation profiling (seconds):
  get_edge_list: 4.42s
  split_edges: 0.09s
  get_walks: 182.63s
  get_tokenizer: 4.32s
  encode_walks: 94.58s
  pad_and_build_stage_tensors: 11.89s
Creating DataLoaders for wiki-rfa dataset...
Success! ✅
GPU available: True (cuda), used: True
TPU available: False, using: 0 TPU cores
HPU available: False, using: 0 HPUs
/home/eng/shilo_avital/yolo_lab/walk_to_paint/.venv/lib64/python3.9/site-packages/pytorch_lightning/callbacks/model_checkpoint.py:658: Checkpoint directory /home/eng/shilo_avital/yolo_lab/walk_to_paint/outputs/wiki-rfa/wiki-rfa-optuna_20251203-235202/checkpoints exists and is not empty.
LOCAL_RANK: 0 - CUDA_VISIBLE_DEVICES: [1]
Metric val_auc_epoch improved. New best score: 0.531
Metric val_auc_epoch improved by 0.012 >= min_delta = 0.0. New best score: 0.543
Metric val_auc_epoch improved by 0.001 >= min_delta = 0.0. New best score: 0.544
❌ Trial 8 failed: Trial was pruned at epoch 5.
[I 2025-12-04 07:45:01,649] Trial 8 finished with value: 0.0 and parameters: {'dataset.max_walk_length': 16, 'dataset.num_walks': 2543744, 'training.lr': 3.424917663186197e-05, 'training.weight_decay': 1.9412698299370375e-06, 'training.batch_size': 128, 'training.gradient_clip_val': 1.0123322107618138, 'training.early_stopping_patience': 18, 'model.nhead': 4, 'model.embedding_dim': 8, 'model.hidden_dim': 128, 'model.nlayers': 4, 'model.dropout': 0.49248665508646333, 'training.epochs': 7}. Best is trial 2 with value: 0.6900161504745483.
Seed set to 51

🔬 Trial 9 hyperparameters:
  Walk length: 16, Num walks: 174,201
  LR: 3.38e-04, Batch size: 64
  Model: emb_dim=128, hidden_dim=16
  Transformer: 3 layers, 8 heads
  Epochs: 23, Weighted loss: True
Loading wiki-rfa dataset...
Success! ✅
Splitting edges for wiki-rfa dataset...
Ratios: train=0.480, mask=0.320, val=0.100, test=0.100
Success! ✅
Sampling random walks from wiki-rfa dataset...
Success! ✅
Building tokenizer for wiki-rfa dataset...
Success! ✅
Padding and building stage tensors for wiki-rfa dataset...
Success! ✅
Data creation profiling (seconds):
  get_edge_list: 4.01s
  split_edges: 0.09s
  get_walks: 93.45s
  get_tokenizer: 0.42s
  encode_walks: 6.31s
  pad_and_build_stage_tensors: 0.85s
Creating DataLoaders for wiki-rfa dataset...
Success! ✅
GPU available: True (cuda), used: True
TPU available: False, using: 0 TPU cores
HPU available: False, using: 0 HPUs
/home/eng/shilo_avital/yolo_lab/walk_to_paint/.venv/lib64/python3.9/site-packages/pytorch_lightning/callbacks/model_checkpoint.py:658: Checkpoint directory /home/eng/shilo_avital/yolo_lab/walk_to_paint/outputs/wiki-rfa/wiki-rfa-optuna_20251203-235202/checkpoints exists and is not empty.
LOCAL_RANK: 0 - CUDA_VISIBLE_DEVICES: [1]
Metric val_auc_epoch improved. New best score: 0.579
Metric val_auc_epoch improved by 0.026 >= min_delta = 0.0. New best score: 0.605
Metric val_auc_epoch improved by 0.014 >= min_delta = 0.0. New best score: 0.620
Metric val_auc_epoch improved by 0.021 >= min_delta = 0.0. New best score: 0.640
Metric val_auc_epoch improved by 0.005 >= min_delta = 0.0. New best score: 0.646
Metric val_auc_epoch improved by 0.003 >= min_delta = 0.0. New best score: 0.649
Metric val_auc_epoch improved by 0.006 >= min_delta = 0.0. New best score: 0.655
Metric val_auc_epoch improved by 0.009 >= min_delta = 0.0. New best score: 0.663
Metric val_auc_epoch improved by 0.001 >= min_delta = 0.0. New best score: 0.664
Metric val_auc_epoch improved by 0.005 >= min_delta = 0.0. New best score: 0.669
Metric val_auc_epoch improved by 0.004 >= min_delta = 0.0. New best score: 0.673
Metric val_auc_epoch improved by 0.005 >= min_delta = 0.0. New best score: 0.678
Metric val_auc_epoch improved by 0.001 >= min_delta = 0.0. New best score: 0.680
Metric val_auc_epoch improved by 0.002 >= min_delta = 0.0. New best score: 0.682
Metric val_auc_epoch improved by 0.001 >= min_delta = 0.0. New best score: 0.683
Metric val_auc_epoch improved by 0.001 >= min_delta = 0.0. New best score: 0.684
Metric val_auc_epoch improved by 0.001 >= min_delta = 0.0. New best score: 0.685
Metric val_auc_epoch improved by 0.003 >= min_delta = 0.0. New best score: 0.687
`Trainer.fit` stopped: `max_epochs=23` reached.
Restoring states from the checkpoint path at /home/eng/shilo_avital/yolo_lab/walk_to_paint/outputs/wiki-rfa/wiki-rfa-optuna_20251203-235202/checkpoints/trial_9-epoch=18-val_auc_epoch=0.6874.ckpt
LOCAL_RANK: 0 - CUDA_VISIBLE_DEVICES: [1]
Loaded model weights from the checkpoint at /home/eng/shilo_avital/yolo_lab/walk_to_paint/outputs/wiki-rfa/wiki-rfa-optuna_20251203-235202/checkpoints/trial_9-epoch=18-val_auc_epoch=0.6874.ckpt
────────────────────────────────────────────────────────────────────────────────────────────────────────────────────────
     Validate metric           DataLoader 0
────────────────────────────────────────────────────────────────────────────────────────────────────────────────────────
          step                     23.0
      val_acc_epoch         0.47390490770339966
      val_auc_epoch         0.6874287128448486
      val_f1_epoch          0.4502067267894745
        val_loss             2.439319610595703
────────────────────────────────────────────────────────────────────────────────────────────────────────────────────────
✅ Trial 9 completed - Val AUC: 0.6874
[I 2025-12-04 08:05:02,856] Trial 9 finished with value: 0.6874287128448486 and parameters: {'dataset.max_walk_length': 16, 'dataset.num_walks': 174201, 'training.lr': 0.00033827869953278333, 'training.weight_decay': 2.375821073842849e-06, 'training.batch_size': 64, 'training.gradient_clip_val': 0.2313024203915558, 'training.early_stopping_patience': 7, 'model.nhead': 8, 'model.embedding_dim': 128, 'model.hidden_dim': 16, 'model.nlayers': 3, 'model.dropout': 0.29182533670568633, 'training.epochs': 23}. Best is trial 2 with value: 0.6900161504745483.
Seed set to 52

🔬 Trial 10 hyperparameters:
  Walk length: 59, Num walks: 4,253,659
  LR: 4.11e-02, Batch size: 512
  Model: emb_dim=64, hidden_dim=4
  Transformer: 2 layers, 2 heads
  Epochs: 13, Weighted loss: True
Loading wiki-rfa dataset...
Success! ✅
Splitting edges for wiki-rfa dataset...
Ratios: train=0.480, mask=0.320, val=0.100, test=0.100
Success! ✅
Sampling random walks from wiki-rfa dataset...
Success! ✅
Building tokenizer for wiki-rfa dataset...
Success! ✅
Padding and building stage tensors for wiki-rfa dataset...
Success! ✅
Data creation profiling (seconds):
  get_edge_list: 4.63s
  split_edges: 0.09s
  get_walks: 314.77s
  get_tokenizer: 8.88s
  encode_walks: 172.26s
  pad_and_build_stage_tensors: 23.05s
Creating DataLoaders for wiki-rfa dataset...
Success! ✅
GPU available: True (cuda), used: True
TPU available: False, using: 0 TPU cores
HPU available: False, using: 0 HPUs
/home/eng/shilo_avital/yolo_lab/walk_to_paint/.venv/lib64/python3.9/site-packages/pytorch_lightning/callbacks/model_checkpoint.py:658: Checkpoint directory /home/eng/shilo_avital/yolo_lab/walk_to_paint/outputs/wiki-rfa/wiki-rfa-optuna_20251203-235202/checkpoints exists and is not empty.
LOCAL_RANK: 0 - CUDA_VISIBLE_DEVICES: [1]
Metric val_auc_epoch improved. New best score: 0.502
Metric val_auc_epoch improved by 0.016 >= min_delta = 0.0. New best score: 0.518
❌ Trial 10 failed: Trial was pruned at epoch 5.
[I 2025-12-04 08:34:24,364] Trial 10 finished with value: 0.0 and parameters: {'dataset.max_walk_length': 59, 'dataset.num_walks': 4253659, 'training.lr': 0.04112881955388692, 'training.weight_decay': 0.051488797140106304, 'training.batch_size': 512, 'training.gradient_clip_val': 0.16076163653521713, 'training.early_stopping_patience': 12, 'model.nhead': 2, 'model.embedding_dim': 64, 'model.hidden_dim': 4, 'model.nlayers': 2, 'model.dropout': 0.06705643312968429, 'training.epochs': 13}. Best is trial 2 with value: 0.6900161504745483.
🧹 Cleaning up old checkpoints and logs (keeping top 10)...
Seed set to 53

🔬 Trial 11 hyperparameters:
  Walk length: 10, Num walks: 401,040
  LR: 2.19e-04, Batch size: 64
  Model: emb_dim=128, hidden_dim=64
  Transformer: 3 layers, 1 heads
  Epochs: 15, Weighted loss: True
Loading wiki-rfa dataset...
Success! ✅
Splitting edges for wiki-rfa dataset...
Ratios: train=0.480, mask=0.320, val=0.100, test=0.100
Success! ✅
Sampling random walks from wiki-rfa dataset...
Success! ✅
Building tokenizer for wiki-rfa dataset...
Success! ✅
Padding and building stage tensors for wiki-rfa dataset...
Success! ✅
Data creation profiling (seconds):
  get_edge_list: 84.80s
  split_edges: 0.09s
  get_walks: 29.35s
  get_tokenizer: 0.69s
  encode_walks: 13.10s
  pad_and_build_stage_tensors: 1.90s
Creating DataLoaders for wiki-rfa dataset...
Success! ✅
/home/eng/shilo_avital/yolo_lab/walk_to_paint/.venv/lib64/python3.9/site-packages/torch/nn/modules/transformer.py:382: UserWarning: enable_nested_tensor is True, but self.use_nested_tensor is False because encoder_layer.self_attn.num_heads is odd
  warnings.warn(
GPU available: True (cuda), used: True
TPU available: False, using: 0 TPU cores
HPU available: False, using: 0 HPUs
/home/eng/shilo_avital/yolo_lab/walk_to_paint/.venv/lib64/python3.9/site-packages/pytorch_lightning/callbacks/model_checkpoint.py:658: Checkpoint directory /home/eng/shilo_avital/yolo_lab/walk_to_paint/outputs/wiki-rfa/wiki-rfa-optuna_20251203-235202/checkpoints exists and is not empty.
LOCAL_RANK: 0 - CUDA_VISIBLE_DEVICES: [1]
Metric val_auc_epoch improved. New best score: 0.598
Metric val_auc_epoch improved by 0.040 >= min_delta = 0.0. New best score: 0.638
Metric val_auc_epoch improved by 0.028 >= min_delta = 0.0. New best score: 0.666
Metric val_auc_epoch improved by 0.005 >= min_delta = 0.0. New best score: 0.671
Metric val_auc_epoch improved by 0.010 >= min_delta = 0.0. New best score: 0.681
Metric val_auc_epoch improved by 0.002 >= min_delta = 0.0. New best score: 0.683
Metric val_auc_epoch improved by 0.002 >= min_delta = 0.0. New best score: 0.685
Metric val_auc_epoch improved by 0.004 >= min_delta = 0.0. New best score: 0.689
Metric val_auc_epoch improved by 0.001 >= min_delta = 0.0. New best score: 0.690
Metric val_auc_epoch improved by 0.001 >= min_delta = 0.0. New best score: 0.691
Metric val_auc_epoch improved by 0.001 >= min_delta = 0.0. New best score: 0.692
Metric val_auc_epoch improved by 0.000 >= min_delta = 0.0. New best score: 0.692
`Trainer.fit` stopped: `max_epochs=15` reached.
Restoring states from the checkpoint path at /home/eng/shilo_avital/yolo_lab/walk_to_paint/outputs/wiki-rfa/wiki-rfa-optuna_20251203-235202/checkpoints/trial_11-epoch=14-val_auc_epoch=0.6917.ckpt
LOCAL_RANK: 0 - CUDA_VISIBLE_DEVICES: [1]
Loaded model weights from the checkpoint at /home/eng/shilo_avital/yolo_lab/walk_to_paint/outputs/wiki-rfa/wiki-rfa-optuna_20251203-235202/checkpoints/trial_11-epoch=14-val_auc_epoch=0.6917.ckpt
────────────────────────────────────────────────────────────────────────────────────────────────────────────────────────
     Validate metric           DataLoader 0
────────────────────────────────────────────────────────────────────────────────────────────────────────────────────────
          step                     15.0
      val_acc_epoch         0.4890758991241455
      val_auc_epoch         0.6917497515678406
      val_f1_epoch          0.4500945210456848
        val_loss            1.7034704685211182
────────────────────────────────────────────────────────────────────────────────────────────────────────────────────────
✅ Trial 11 completed - Val AUC: 0.6917
[I 2025-12-04 09:04:52,574] Trial 11 finished with value: 0.6917497515678406 and parameters: {'dataset.max_walk_length': 10, 'dataset.num_walks': 401040, 'training.lr': 0.00021910008337462975, 'training.weight_decay': 3.6007784958483924e-06, 'training.batch_size': 64, 'training.gradient_clip_val': 0.1175710369144415, 'training.early_stopping_patience': 12, 'model.nhead': 1, 'model.embedding_dim': 128, 'model.hidden_dim': 64, 'model.nlayers': 3, 'model.dropout': 0.44311906117510835, 'training.epochs': 15}. Best is trial 11 with value: 0.6917497515678406.
Seed set to 54

🔬 Trial 12 hyperparameters:
  Walk length: 38, Num walks: 427,805
  LR: 1.15e-04, Batch size: 64
  Model: emb_dim=128, hidden_dim=64
  Transformer: 6 layers, 1 heads
  Epochs: 13, Weighted loss: True
Loading wiki-rfa dataset...
Success! ✅
Splitting edges for wiki-rfa dataset...
Ratios: train=0.480, mask=0.320, val=0.100, test=0.100
Success! ✅
Sampling random walks from wiki-rfa dataset...
Success! ✅
Building tokenizer for wiki-rfa dataset...
Success! ✅
Padding and building stage tensors for wiki-rfa dataset...
Success! ✅
Data creation profiling (seconds):
  get_edge_list: 4.57s
  split_edges: 0.08s
  get_walks: 31.44s
  get_tokenizer: 0.95s
  encode_walks: 16.94s
  pad_and_build_stage_tensors: 2.10s
Creating DataLoaders for wiki-rfa dataset...
Success! ✅
/home/eng/shilo_avital/yolo_lab/walk_to_paint/.venv/lib64/python3.9/site-packages/torch/nn/modules/transformer.py:382: UserWarning: enable_nested_tensor is True, but self.use_nested_tensor is False because encoder_layer.self_attn.num_heads is odd
  warnings.warn(
GPU available: True (cuda), used: True
TPU available: False, using: 0 TPU cores
HPU available: False, using: 0 HPUs
/home/eng/shilo_avital/yolo_lab/walk_to_paint/.venv/lib64/python3.9/site-packages/pytorch_lightning/callbacks/model_checkpoint.py:658: Checkpoint directory /home/eng/shilo_avital/yolo_lab/walk_to_paint/outputs/wiki-rfa/wiki-rfa-optuna_20251203-235202/checkpoints exists and is not empty.
LOCAL_RANK: 0 - CUDA_VISIBLE_DEVICES: [1]
Metric val_auc_epoch improved. New best score: 0.549
Metric val_auc_epoch improved by 0.020 >= min_delta = 0.0. New best score: 0.568
Metric val_auc_epoch improved by 0.036 >= min_delta = 0.0. New best score: 0.604
Metric val_auc_epoch improved by 0.026 >= min_delta = 0.0. New best score: 0.630
Metric val_auc_epoch improved by 0.011 >= min_delta = 0.0. New best score: 0.641
Metric val_auc_epoch improved by 0.012 >= min_delta = 0.0. New best score: 0.652
Metric val_auc_epoch improved by 0.006 >= min_delta = 0.0. New best score: 0.659
Metric val_auc_epoch improved by 0.006 >= min_delta = 0.0. New best score: 0.665
Metric val_auc_epoch improved by 0.000 >= min_delta = 0.0. New best score: 0.665
Metric val_auc_epoch improved by 0.001 >= min_delta = 0.0. New best score: 0.666
Metric val_auc_epoch improved by 0.002 >= min_delta = 0.0. New best score: 0.669
❌ Trial 12 failed: Trial was pruned at epoch 11.
[I 2025-12-04 09:36:30,309] Trial 12 finished with value: 0.0 and parameters: {'dataset.max_walk_length': 38, 'dataset.num_walks': 427805, 'training.lr': 0.00011462880668121395, 'training.weight_decay': 0.0025233620405289508, 'training.batch_size': 64, 'training.gradient_clip_val': 0.106513354519408, 'training.early_stopping_patience': 13, 'model.nhead': 1, 'model.embedding_dim': 128, 'model.hidden_dim': 64, 'model.nlayers': 6, 'model.dropout': 0.43589272221867426, 'training.epochs': 13}. Best is trial 11 with value: 0.6917497515678406.
Seed set to 55

🔬 Trial 13 hyperparameters:
  Walk length: 10, Num walks: 410,786
  LR: 1.59e-04, Batch size: 64
  Model: emb_dim=4, hidden_dim=4
  Transformer: 3 layers, 1 heads
  Epochs: 16, Weighted loss: True
Loading wiki-rfa dataset...
Success! ✅
Splitting edges for wiki-rfa dataset...
Ratios: train=0.480, mask=0.320, val=0.100, test=0.100
Success! ✅
Sampling random walks from wiki-rfa dataset...
Success! ✅
Building tokenizer for wiki-rfa dataset...
Success! ✅
Padding and building stage tensors for wiki-rfa dataset...
Success! ✅
Data creation profiling (seconds):
  get_edge_list: 84.73s
  split_edges: 0.09s
  get_walks: 30.01s
  get_tokenizer: 0.78s
  encode_walks: 13.06s
  pad_and_build_stage_tensors: 2.02s
Creating DataLoaders for wiki-rfa dataset...
Success! ✅
/home/eng/shilo_avital/yolo_lab/walk_to_paint/.venv/lib64/python3.9/site-packages/torch/nn/modules/transformer.py:382: UserWarning: enable_nested_tensor is True, but self.use_nested_tensor is False because encoder_layer.self_attn.num_heads is odd
  warnings.warn(
GPU available: True (cuda), used: True
TPU available: False, using: 0 TPU cores
HPU available: False, using: 0 HPUs
/home/eng/shilo_avital/yolo_lab/walk_to_paint/.venv/lib64/python3.9/site-packages/pytorch_lightning/callbacks/model_checkpoint.py:658: Checkpoint directory /home/eng/shilo_avital/yolo_lab/walk_to_paint/outputs/wiki-rfa/wiki-rfa-optuna_20251203-235202/checkpoints exists and is not empty.
LOCAL_RANK: 0 - CUDA_VISIBLE_DEVICES: [1]
Metric val_auc_epoch improved. New best score: 0.502
Metric val_auc_epoch improved by 0.000 >= min_delta = 0.0. New best score: 0.503
Metric val_auc_epoch improved by 0.005 >= min_delta = 0.0. New best score: 0.508
Metric val_auc_epoch improved by 0.002 >= min_delta = 0.0. New best score: 0.510
Metric val_auc_epoch improved by 0.000 >= min_delta = 0.0. New best score: 0.510
❌ Trial 13 failed: Trial was pruned at epoch 5.
