[I 2025-12-04 09:50:06,320] Trial 13 finished with value: 0.0 and parameters: {'dataset.max_walk_length': 10, 'dataset.num_walks': 410786, 'training.lr': 0.00015949386669750906, 'training.weight_decay': 5.202246177183904e-06, 'training.batch_size': 64, 'training.gradient_clip_val': 0.7134676798332641, 'training.early_stopping_patience': 12, 'model.nhead': 1, 'model.embedding_dim': 4, 'model.hidden_dim': 4, 'model.nlayers': 3, 'model.dropout': 0.693165327514174, 'training.epochs': 16}. Best is trial 11 with value: 0.6917497515678406.
Seed set to 56

🔬 Trial 14 hyperparameters:
  Walk length: 29, Num walks: 104,134
  LR: 7.23e-05, Batch size: 256
  Model: emb_dim=32, hidden_dim=64
  Transformer: 2 layers, 1 heads
  Epochs: 12, Weighted loss: True
Loading wiki-rfa dataset...
Success! ✅
Splitting edges for wiki-rfa dataset...
Ratios: train=0.480, mask=0.320, val=0.100, test=0.100
Success! ✅
Sampling random walks from wiki-rfa dataset...
Success! ✅
Building tokenizer for wiki-rfa dataset...
Success! ✅
Padding and building stage tensors for wiki-rfa dataset...
Success! ✅
Data creation profiling (seconds):
  get_edge_list: 84.61s
  split_edges: 0.09s
  get_walks: 7.88s
  get_tokenizer: 0.33s
  encode_walks: 4.00s
  pad_and_build_stage_tensors: 0.51s
Creating DataLoaders for wiki-rfa dataset...
Success! ✅
/home/eng/shilo_avital/yolo_lab/walk_to_paint/.venv/lib64/python3.9/site-packages/torch/nn/modules/transformer.py:382: UserWarning: enable_nested_tensor is True, but self.use_nested_tensor is False because encoder_layer.self_attn.num_heads is odd
  warnings.warn(
GPU available: True (cuda), used: True
TPU available: False, using: 0 TPU cores
HPU available: False, using: 0 HPUs
/home/eng/shilo_avital/yolo_lab/walk_to_paint/.venv/lib64/python3.9/site-packages/pytorch_lightning/callbacks/model_checkpoint.py:658: Checkpoint directory /home/eng/shilo_avital/yolo_lab/walk_to_paint/outputs/wiki-rfa/wiki-rfa-optuna_20251203-235202/checkpoints exists and is not empty.
LOCAL_RANK: 0 - CUDA_VISIBLE_DEVICES: [1]
Metric val_auc_epoch improved. New best score: 0.516
Metric val_auc_epoch improved by 0.010 >= min_delta = 0.0. New best score: 0.526
Metric val_auc_epoch improved by 0.005 >= min_delta = 0.0. New best score: 0.532
Metric val_auc_epoch improved by 0.003 >= min_delta = 0.0. New best score: 0.535
Metric val_auc_epoch improved by 0.002 >= min_delta = 0.0. New best score: 0.537
❌ Trial 14 failed: Trial was pruned at epoch 5.
[I 2025-12-04 09:52:35,268] Trial 14 finished with value: 0.0 and parameters: {'dataset.max_walk_length': 29, 'dataset.num_walks': 104134, 'training.lr': 7.22905476555794e-05, 'training.weight_decay': 1.6688503698773777e-07, 'training.batch_size': 256, 'training.gradient_clip_val': 0.41294909327132245, 'training.early_stopping_patience': 10, 'model.nhead': 1, 'model.embedding_dim': 32, 'model.hidden_dim': 64, 'model.nlayers': 2, 'model.dropout': 0.44201009796355417, 'training.epochs': 12}. Best is trial 11 with value: 0.6917497515678406.
Seed set to 57

🔬 Trial 15 hyperparameters:
  Walk length: 57, Num walks: 358,406
  LR: 3.00e-04, Batch size: 512
  Model: emb_dim=16, hidden_dim=64
  Transformer: 6 layers, 2 heads
  Epochs: 18, Weighted loss: True
Loading wiki-rfa dataset...
Success! ✅
Splitting edges for wiki-rfa dataset...
Ratios: train=0.480, mask=0.320, val=0.100, test=0.100
Success! ✅
Sampling random walks from wiki-rfa dataset...
Success! ✅
Building tokenizer for wiki-rfa dataset...
Success! ✅
Padding and building stage tensors for wiki-rfa dataset...
Success! ✅
Data creation profiling (seconds):
  get_edge_list: 84.74s
  split_edges: 0.09s
  get_walks: 26.66s
  get_tokenizer: 0.83s
  encode_walks: 14.35s
  pad_and_build_stage_tensors: 1.83s
Creating DataLoaders for wiki-rfa dataset...
Success! ✅
GPU available: True (cuda), used: True
TPU available: False, using: 0 TPU cores
HPU available: False, using: 0 HPUs
/home/eng/shilo_avital/yolo_lab/walk_to_paint/.venv/lib64/python3.9/site-packages/pytorch_lightning/callbacks/model_checkpoint.py:658: Checkpoint directory /home/eng/shilo_avital/yolo_lab/walk_to_paint/outputs/wiki-rfa/wiki-rfa-optuna_20251203-235202/checkpoints exists and is not empty.
LOCAL_RANK: 0 - CUDA_VISIBLE_DEVICES: [1]
Metric val_auc_epoch improved. New best score: 0.525
Metric val_auc_epoch improved by 0.011 >= min_delta = 0.0. New best score: 0.536
Metric val_auc_epoch improved by 0.003 >= min_delta = 0.0. New best score: 0.539
Metric val_auc_epoch improved by 0.004 >= min_delta = 0.0. New best score: 0.543
Metric val_auc_epoch improved by 0.000 >= min_delta = 0.0. New best score: 0.543
❌ Trial 15 failed: Trial was pruned at epoch 5.
[I 2025-12-04 09:57:10,917] Trial 15 finished with value: 0.0 and parameters: {'dataset.max_walk_length': 57, 'dataset.num_walks': 358406, 'training.lr': 0.00030018468527539166, 'training.weight_decay': 2.101999443469586e-08, 'training.batch_size': 512, 'training.gradient_clip_val': 0.7741901399066458, 'training.early_stopping_patience': 15, 'model.nhead': 2, 'model.embedding_dim': 16, 'model.hidden_dim': 64, 'model.nlayers': 6, 'model.dropout': 0.4059810948986556, 'training.epochs': 18}. Best is trial 11 with value: 0.6917497515678406.
🧹 Cleaning up old checkpoints and logs (keeping top 10)...
  Removed old checkpoint: trial_5-epoch=00-val_auc_epoch=0.5025.ckpt
  Removed old checkpoint: trial_4-epoch=00-val_auc_epoch=0.5083.ckpt
  Removed old checkpoint: trial_2-epoch=10-val_auc_epoch=0.6900.ckpt
  Removed old checkpoint: trial_1-epoch=07-val_auc_epoch=0.5413.ckpt
  Removed old checkpoint: trial_0-epoch=06-val_auc_epoch=0.5518.ckpt
  Removed old log dir: trial_5
  Removed old log dir: trial_4
  Removed old log dir: trial_2
  Removed old log dir: trial_1
  Removed old log dir: trial_0
Seed set to 58

🔬 Trial 16 hyperparameters:
  Walk length: 28, Num walks: 740,512
  LR: 1.46e-05, Batch size: 64
  Model: emb_dim=128, hidden_dim=4
  Transformer: 4 layers, 1 heads
  Epochs: 11, Weighted loss: True
Loading wiki-rfa dataset...
Success! ✅
Splitting edges for wiki-rfa dataset...
Ratios: train=0.480, mask=0.320, val=0.100, test=0.100
Success! ✅
Sampling random walks from wiki-rfa dataset...
Success! ✅
Building tokenizer for wiki-rfa dataset...
Success! ✅
Padding and building stage tensors for wiki-rfa dataset...
Success! ✅
Data creation profiling (seconds):
  get_edge_list: 84.67s
  split_edges: 0.09s
  get_walks: 55.92s
  get_tokenizer: 1.57s
  encode_walks: 28.99s
  pad_and_build_stage_tensors: 3.68s
Creating DataLoaders for wiki-rfa dataset...
Success! ✅
/home/eng/shilo_avital/yolo_lab/walk_to_paint/.venv/lib64/python3.9/site-packages/torch/nn/modules/transformer.py:382: UserWarning: enable_nested_tensor is True, but self.use_nested_tensor is False because encoder_layer.self_attn.num_heads is odd
  warnings.warn(
GPU available: True (cuda), used: True
TPU available: False, using: 0 TPU cores
HPU available: False, using: 0 HPUs
/home/eng/shilo_avital/yolo_lab/walk_to_paint/.venv/lib64/python3.9/site-packages/pytorch_lightning/callbacks/model_checkpoint.py:658: Checkpoint directory /home/eng/shilo_avital/yolo_lab/walk_to_paint/outputs/wiki-rfa/wiki-rfa-optuna_20251203-235202/checkpoints exists and is not empty.
LOCAL_RANK: 0 - CUDA_VISIBLE_DEVICES: [1]
/home/eng/shilo_avital/yolo_lab/walk_to_paint/.venv/lib64/python3.9/site-packages/torchmetrics/utilities/prints.py:43: UserWarning: No positive samples in targets, true positive value should be meaningless. Returning zero tensor in true positive score
  warnings.warn(*args, **kwargs)
/home/eng/shilo_avital/yolo_lab/walk_to_paint/src/model/metrics_helper.py:118: RuntimeWarning: invalid value encountered in divide
  cm_norm = cm.astype("float") / cm.sum(axis=1)[:, None]
Metric val_auc_epoch improved. New best score: 0.543
Metric val_auc_epoch improved by 0.006 >= min_delta = 0.0. New best score: 0.549
Metric val_auc_epoch improved by 0.005 >= min_delta = 0.0. New best score: 0.553
Metric val_auc_epoch improved by 0.007 >= min_delta = 0.0. New best score: 0.561
Metric val_auc_epoch improved by 0.006 >= min_delta = 0.0. New best score: 0.567
Metric val_auc_epoch improved by 0.005 >= min_delta = 0.0. New best score: 0.572
❌ Trial 16 failed: Trial was pruned at epoch 6.
[I 2025-12-04 10:26:51,300] Trial 16 finished with value: 0.0 and parameters: {'dataset.max_walk_length': 28, 'dataset.num_walks': 740512, 'training.lr': 1.461436531693996e-05, 'training.weight_decay': 1.3815880354245504e-05, 'training.batch_size': 64, 'training.gradient_clip_val': 0.11347361381367693, 'training.early_stopping_patience': 10, 'model.nhead': 1, 'model.embedding_dim': 128, 'model.hidden_dim': 4, 'model.nlayers': 4, 'model.dropout': 0.21647160625151152, 'training.epochs': 11}. Best is trial 11 with value: 0.6917497515678406.
Seed set to 59

🔬 Trial 17 hyperparameters:
  Walk length: 70, Num walks: 292,709
  LR: 4.98e-05, Batch size: 64
  Model: emb_dim=64, hidden_dim=32
  Transformer: 2 layers, 2 heads
  Epochs: 16, Weighted loss: True
Loading wiki-rfa dataset...
Success! ✅
Splitting edges for wiki-rfa dataset...
Ratios: train=0.480, mask=0.320, val=0.100, test=0.100
Success! ✅
Sampling random walks from wiki-rfa dataset...
Success! ✅
Building tokenizer for wiki-rfa dataset...
Success! ✅
Padding and building stage tensors for wiki-rfa dataset...
Success! ✅
Data creation profiling (seconds):
  get_edge_list: 84.70s
  split_edges: 0.09s
  get_walks: 21.83s
  get_tokenizer: 0.74s
  encode_walks: 12.03s
  pad_and_build_stage_tensors: 1.59s
Creating DataLoaders for wiki-rfa dataset...
Success! ✅
GPU available: True (cuda), used: True
TPU available: False, using: 0 TPU cores
HPU available: False, using: 0 HPUs
/home/eng/shilo_avital/yolo_lab/walk_to_paint/.venv/lib64/python3.9/site-packages/pytorch_lightning/callbacks/model_checkpoint.py:658: Checkpoint directory /home/eng/shilo_avital/yolo_lab/walk_to_paint/outputs/wiki-rfa/wiki-rfa-optuna_20251203-235202/checkpoints exists and is not empty.
LOCAL_RANK: 0 - CUDA_VISIBLE_DEVICES: [1]
Metric val_auc_epoch improved. New best score: 0.541
Metric val_auc_epoch improved by 0.000 >= min_delta = 0.0. New best score: 0.541
Metric val_auc_epoch improved by 0.002 >= min_delta = 0.0. New best score: 0.543
Metric val_auc_epoch improved by 0.002 >= min_delta = 0.0. New best score: 0.545
Metric val_auc_epoch improved by 0.002 >= min_delta = 0.0. New best score: 0.547
Metric val_auc_epoch improved by 0.004 >= min_delta = 0.0. New best score: 0.551
❌ Trial 17 failed: Trial was pruned at epoch 6.
[I 2025-12-04 10:38:01,281] Trial 17 finished with value: 0.0 and parameters: {'dataset.max_walk_length': 70, 'dataset.num_walks': 292709, 'training.lr': 4.9816191592574195e-05, 'training.weight_decay': 0.0014767088790445314, 'training.batch_size': 64, 'training.gradient_clip_val': 0.35921570522579865, 'training.early_stopping_patience': 13, 'model.nhead': 2, 'model.embedding_dim': 64, 'model.hidden_dim': 32, 'model.nlayers': 2, 'model.dropout': 0.3844412625489918, 'training.epochs': 16}. Best is trial 11 with value: 0.6917497515678406.
Seed set to 60

🔬 Trial 18 hyperparameters:
  Walk length: 42, Num walks: 601,059
  LR: 3.56e-04, Batch size: 64
  Model: emb_dim=64, hidden_dim=256
  Transformer: 3 layers, 2 heads
  Epochs: 10, Weighted loss: True
Loading wiki-rfa dataset...
Success! ✅
Splitting edges for wiki-rfa dataset...
Ratios: train=0.480, mask=0.320, val=0.100, test=0.100
Success! ✅
Sampling random walks from wiki-rfa dataset...
Success! ✅
Building tokenizer for wiki-rfa dataset...
Success! ✅
Padding and building stage tensors for wiki-rfa dataset...
Success! ✅
Data creation profiling (seconds):
  get_edge_list: 84.76s
  split_edges: 0.09s
  get_walks: 45.86s
  get_tokenizer: 1.31s
  encode_walks: 24.19s
  pad_and_build_stage_tensors: 3.23s
Creating DataLoaders for wiki-rfa dataset...
Success! ✅
GPU available: True (cuda), used: True
TPU available: False, using: 0 TPU cores
HPU available: False, using: 0 HPUs
/home/eng/shilo_avital/yolo_lab/walk_to_paint/.venv/lib64/python3.9/site-packages/pytorch_lightning/callbacks/model_checkpoint.py:658: Checkpoint directory /home/eng/shilo_avital/yolo_lab/walk_to_paint/outputs/wiki-rfa/wiki-rfa-optuna_20251203-235202/checkpoints exists and is not empty.
LOCAL_RANK: 0 - CUDA_VISIBLE_DEVICES: [1]
Metric val_auc_epoch improved. New best score: 0.578
Metric val_auc_epoch improved by 0.052 >= min_delta = 0.0. New best score: 0.630
Metric val_auc_epoch improved by 0.026 >= min_delta = 0.0. New best score: 0.657
Metric val_auc_epoch improved by 0.004 >= min_delta = 0.0. New best score: 0.661
Metric val_auc_epoch improved by 0.007 >= min_delta = 0.0. New best score: 0.668
Metric val_auc_epoch improved by 0.008 >= min_delta = 0.0. New best score: 0.676
Metric val_auc_epoch improved by 0.005 >= min_delta = 0.0. New best score: 0.681
`Trainer.fit` stopped: `max_epochs=10` reached.
Restoring states from the checkpoint path at /home/eng/shilo_avital/yolo_lab/walk_to_paint/outputs/wiki-rfa/wiki-rfa-optuna_20251203-235202/checkpoints/trial_18-epoch=08-val_auc_epoch=0.6808.ckpt
LOCAL_RANK: 0 - CUDA_VISIBLE_DEVICES: [1]
Loaded model weights from the checkpoint at /home/eng/shilo_avital/yolo_lab/walk_to_paint/outputs/wiki-rfa/wiki-rfa-optuna_20251203-235202/checkpoints/trial_18-epoch=08-val_auc_epoch=0.6808.ckpt
────────────────────────────────────────────────────────────────────────────────────────────────────────────────────────
     Validate metric           DataLoader 0
────────────────────────────────────────────────────────────────────────────────────────────────────────────────────────
          step                     10.0
      val_acc_epoch          0.471383661031723
      val_auc_epoch         0.6808233261108398
      val_f1_epoch          0.43025898933410645
        val_loss            1.7381891012191772
────────────────────────────────────────────────────────────────────────────────────────────────────────────────────────
✅ Trial 18 completed - Val AUC: 0.6808
[I 2025-12-04 11:11:05,522] Trial 18 finished with value: 0.6808233261108398 and parameters: {'dataset.max_walk_length': 42, 'dataset.num_walks': 601059, 'training.lr': 0.00035567508874740484, 'training.weight_decay': 1.3221055732289937e-05, 'training.batch_size': 64, 'training.gradient_clip_val': 0.5177314932496995, 'training.early_stopping_patience': 17, 'model.nhead': 2, 'model.embedding_dim': 64, 'model.hidden_dim': 256, 'model.nlayers': 3, 'model.dropout': 0.4929482365940953, 'training.epochs': 10}. Best is trial 11 with value: 0.6917497515678406.
Seed set to 61

🔬 Trial 19 hyperparameters:
  Walk length: 21, Num walks: 210,084
  LR: 1.35e-04, Batch size: 256
  Model: emb_dim=128, hidden_dim=128
  Transformer: 6 layers, 1 heads
  Epochs: 21, Weighted loss: True
Loading wiki-rfa dataset...
Success! ✅
Splitting edges for wiki-rfa dataset...
Ratios: train=0.480, mask=0.320, val=0.100, test=0.100
Success! ✅
Sampling random walks from wiki-rfa dataset...
Success! ✅
Building tokenizer for wiki-rfa dataset...
Success! ✅
Padding and building stage tensors for wiki-rfa dataset...
Success! ✅
Data creation profiling (seconds):
  get_edge_list: 4.39s
  split_edges: 0.09s
  get_walks: 15.75s
  get_tokenizer: 0.51s
  encode_walks: 7.99s
  pad_and_build_stage_tensors: 1.02s
Creating DataLoaders for wiki-rfa dataset...
Success! ✅
/home/eng/shilo_avital/yolo_lab/walk_to_paint/.venv/lib64/python3.9/site-packages/torch/nn/modules/transformer.py:382: UserWarning: enable_nested_tensor is True, but self.use_nested_tensor is False because encoder_layer.self_attn.num_heads is odd
  warnings.warn(
GPU available: True (cuda), used: True
TPU available: False, using: 0 TPU cores
HPU available: False, using: 0 HPUs
/home/eng/shilo_avital/yolo_lab/walk_to_paint/.venv/lib64/python3.9/site-packages/pytorch_lightning/callbacks/model_checkpoint.py:658: Checkpoint directory /home/eng/shilo_avital/yolo_lab/walk_to_paint/outputs/wiki-rfa/wiki-rfa-optuna_20251203-235202/checkpoints exists and is not empty.
LOCAL_RANK: 0 - CUDA_VISIBLE_DEVICES: [1]
Metric val_auc_epoch improved. New best score: 0.529
Metric val_auc_epoch improved by 0.002 >= min_delta = 0.0. New best score: 0.531
Metric val_auc_epoch improved by 0.004 >= min_delta = 0.0. New best score: 0.535
Metric val_auc_epoch improved by 0.007 >= min_delta = 0.0. New best score: 0.543
Metric val_auc_epoch improved by 0.001 >= min_delta = 0.0. New best score: 0.543
❌ Trial 19 failed: Trial was pruned at epoch 5.
[I 2025-12-04 11:13:37,354] Trial 19 finished with value: 0.0 and parameters: {'dataset.max_walk_length': 21, 'dataset.num_walks': 210084, 'training.lr': 0.000134645997460387, 'training.weight_decay': 0.014370102665184254, 'training.batch_size': 256, 'training.gradient_clip_val': 0.2672138161564189, 'training.early_stopping_patience': 20, 'model.nhead': 1, 'model.embedding_dim': 128, 'model.hidden_dim': 128, 'model.nlayers': 6, 'model.dropout': 0.5840315038238342, 'training.epochs': 21}. Best is trial 11 with value: 0.6917497515678406.
Seed set to 62

🔬 Trial 20 hyperparameters:
  Walk length: 37, Num walks: 322,941
  LR: 1.07e-05, Batch size: 32
  Model: emb_dim=16, hidden_dim=64
  Transformer: 1 layers, 16 heads
  Epochs: 14, Weighted loss: True
Loading wiki-rfa dataset...
Success! ✅
Splitting edges for wiki-rfa dataset...
Ratios: train=0.480, mask=0.320, val=0.100, test=0.100
Success! ✅
Sampling random walks from wiki-rfa dataset...
Success! ✅
Building tokenizer for wiki-rfa dataset...
Success! ✅
Padding and building stage tensors for wiki-rfa dataset...
Success! ✅
Data creation profiling (seconds):
  get_edge_list: 84.85s
  split_edges: 0.09s
  get_walks: 24.01s
  get_tokenizer: 0.75s
  encode_walks: 12.86s
  pad_and_build_stage_tensors: 1.64s
Creating DataLoaders for wiki-rfa dataset...
Success! ✅
GPU available: True (cuda), used: True
TPU available: False, using: 0 TPU cores
HPU available: False, using: 0 HPUs
/home/eng/shilo_avital/yolo_lab/walk_to_paint/.venv/lib64/python3.9/site-packages/pytorch_lightning/callbacks/model_checkpoint.py:658: Checkpoint directory /home/eng/shilo_avital/yolo_lab/walk_to_paint/outputs/wiki-rfa/wiki-rfa-optuna_20251203-235202/checkpoints exists and is not empty.
LOCAL_RANK: 0 - CUDA_VISIBLE_DEVICES: [1]
Metric val_auc_epoch improved. New best score: 0.517
Metric val_auc_epoch improved by 0.003 >= min_delta = 0.0. New best score: 0.520
Metric val_auc_epoch improved by 0.003 >= min_delta = 0.0. New best score: 0.523
Metric val_auc_epoch improved by 0.002 >= min_delta = 0.0. New best score: 0.525
Metric val_auc_epoch improved by 0.002 >= min_delta = 0.0. New best score: 0.527
❌ Trial 20 failed: Trial was pruned at epoch 5.
