[I 2025-12-04 13:33:29,385] Trial 26 finished with value: 0.7090739607810974 and parameters: {'dataset.max_walk_length': 69, 'dataset.num_walks': 897623, 'training.lr': 0.002003739796039854, 'training.weight_decay': 2.5291263674146243e-05, 'training.batch_size': 512, 'training.gradient_clip_val': 0.6458798366365575, 'training.early_stopping_patience': 10, 'model.nhead': 8, 'model.embedding_dim': 128, 'model.hidden_dim': 16, 'model.nlayers': 4, 'model.dropout': 0.11682505838233309, 'training.epochs': 9}. Best is trial 23 with value: 0.7543424963951111.
Seed set to 69

🔬 Trial 27 hyperparameters:
  Walk length: 70, Num walks: 519,038
  LR: 6.70e-04, Batch size: 512
  Model: emb_dim=128, hidden_dim=32
  Transformer: 4 layers, 8 heads
  Epochs: 10, Weighted loss: True
Loading wiki-rfa dataset...
Success! ✅
Splitting edges for wiki-rfa dataset...
Ratios: train=0.480, mask=0.320, val=0.100, test=0.100
Success! ✅
Sampling random walks from wiki-rfa dataset...
Success! ✅
Building tokenizer for wiki-rfa dataset...
Success! ✅
Padding and building stage tensors for wiki-rfa dataset...
Success! ✅
Data creation profiling (seconds):
  get_edge_list: 4.66s
  split_edges: 0.09s
  get_walks: 39.29s
  get_tokenizer: 1.29s
  encode_walks: 20.75s
  pad_and_build_stage_tensors: 2.76s
Creating DataLoaders for wiki-rfa dataset...
Success! ✅
GPU available: True (cuda), used: True
TPU available: False, using: 0 TPU cores
HPU available: False, using: 0 HPUs
/home/eng/shilo_avital/yolo_lab/walk_to_paint/.venv/lib64/python3.9/site-packages/pytorch_lightning/callbacks/model_checkpoint.py:658: Checkpoint directory /home/eng/shilo_avital/yolo_lab/walk_to_paint/outputs/wiki-rfa/wiki-rfa-optuna_20251203-235202/checkpoints exists and is not empty.
LOCAL_RANK: 0 - CUDA_VISIBLE_DEVICES: [1]
Metric val_auc_epoch improved. New best score: 0.619
Metric val_auc_epoch improved by 0.030 >= min_delta = 0.0. New best score: 0.649
Metric val_auc_epoch improved by 0.022 >= min_delta = 0.0. New best score: 0.671
Metric val_auc_epoch improved by 0.006 >= min_delta = 0.0. New best score: 0.677
Metric val_auc_epoch improved by 0.008 >= min_delta = 0.0. New best score: 0.685
Metric val_auc_epoch improved by 0.006 >= min_delta = 0.0. New best score: 0.691
Metric val_auc_epoch improved by 0.002 >= min_delta = 0.0. New best score: 0.693
Metric val_auc_epoch improved by 0.007 >= min_delta = 0.0. New best score: 0.699
Metric val_auc_epoch improved by 0.001 >= min_delta = 0.0. New best score: 0.701
Metric val_auc_epoch improved by 0.001 >= min_delta = 0.0. New best score: 0.702
`Trainer.fit` stopped: `max_epochs=10` reached.
Restoring states from the checkpoint path at /home/eng/shilo_avital/yolo_lab/walk_to_paint/outputs/wiki-rfa/wiki-rfa-optuna_20251203-235202/checkpoints/trial_27-epoch=09-val_auc_epoch=0.7016.ckpt
LOCAL_RANK: 0 - CUDA_VISIBLE_DEVICES: [1]
Loaded model weights from the checkpoint at /home/eng/shilo_avital/yolo_lab/walk_to_paint/outputs/wiki-rfa/wiki-rfa-optuna_20251203-235202/checkpoints/trial_27-epoch=09-val_auc_epoch=0.7016.ckpt
────────────────────────────────────────────────────────────────────────────────────────────────────────────────────────
     Validate metric           DataLoader 0
────────────────────────────────────────────────────────────────────────────────────────────────────────────────────────
          step                     10.0
      val_acc_epoch         0.47441041469573975
      val_auc_epoch         0.7016436457633972
      val_f1_epoch          0.4595711827278137
        val_loss            2.4364593029022217
────────────────────────────────────────────────────────────────────────────────────────────────────────────────────────
✅ Trial 27 completed - Val AUC: 0.7016
[I 2025-12-04 13:51:18,142] Trial 27 finished with value: 0.7016436457633972 and parameters: {'dataset.max_walk_length': 70, 'dataset.num_walks': 519038, 'training.lr': 0.0006702968863938383, 'training.weight_decay': 1.10118489119089e-05, 'training.batch_size': 512, 'training.gradient_clip_val': 0.5220413583147308, 'training.early_stopping_patience': 11, 'model.nhead': 8, 'model.embedding_dim': 128, 'model.hidden_dim': 32, 'model.nlayers': 4, 'model.dropout': 0.16148485618608416, 'training.epochs': 10}. Best is trial 23 with value: 0.7543424963951111.
Seed set to 70

🔬 Trial 28 hyperparameters:
  Walk length: 64, Num walks: 519,623
  LR: 6.34e-04, Batch size: 512
  Model: emb_dim=128, hidden_dim=256
  Transformer: 4 layers, 8 heads
  Epochs: 6, Weighted loss: True
Loading wiki-rfa dataset...
Success! ✅
Splitting edges for wiki-rfa dataset...
Ratios: train=0.480, mask=0.320, val=0.100, test=0.100
Success! ✅
Sampling random walks from wiki-rfa dataset...
Success! ✅
Building tokenizer for wiki-rfa dataset...
Success! ✅
Padding and building stage tensors for wiki-rfa dataset...
Success! ✅
Data creation profiling (seconds):
  get_edge_list: 4.69s
  split_edges: 0.09s
  get_walks: 38.45s
  get_tokenizer: 1.14s
  encode_walks: 21.59s
  pad_and_build_stage_tensors: 2.73s
Creating DataLoaders for wiki-rfa dataset...
Success! ✅
GPU available: True (cuda), used: True
TPU available: False, using: 0 TPU cores
HPU available: False, using: 0 HPUs
/home/eng/shilo_avital/yolo_lab/walk_to_paint/.venv/lib64/python3.9/site-packages/pytorch_lightning/callbacks/model_checkpoint.py:658: Checkpoint directory /home/eng/shilo_avital/yolo_lab/walk_to_paint/outputs/wiki-rfa/wiki-rfa-optuna_20251203-235202/checkpoints exists and is not empty.
LOCAL_RANK: 0 - CUDA_VISIBLE_DEVICES: [1]
Metric val_auc_epoch improved. New best score: 0.674
Metric val_auc_epoch improved by 0.016 >= min_delta = 0.0. New best score: 0.690
Metric val_auc_epoch improved by 0.016 >= min_delta = 0.0. New best score: 0.706
Metric val_auc_epoch improved by 0.008 >= min_delta = 0.0. New best score: 0.714
Metric val_auc_epoch improved by 0.002 >= min_delta = 0.0. New best score: 0.716
`Trainer.fit` stopped: `max_epochs=6` reached.
Restoring states from the checkpoint path at /home/eng/shilo_avital/yolo_lab/walk_to_paint/outputs/wiki-rfa/wiki-rfa-optuna_20251203-235202/checkpoints/trial_28-epoch=05-val_auc_epoch=0.7156.ckpt
LOCAL_RANK: 0 - CUDA_VISIBLE_DEVICES: [1]
Loaded model weights from the checkpoint at /home/eng/shilo_avital/yolo_lab/walk_to_paint/outputs/wiki-rfa/wiki-rfa-optuna_20251203-235202/checkpoints/trial_28-epoch=05-val_auc_epoch=0.7156.ckpt
────────────────────────────────────────────────────────────────────────────────────────────────────────────────────────
     Validate metric           DataLoader 0
────────────────────────────────────────────────────────────────────────────────────────────────────────────────────────
          step                      6.0
      val_acc_epoch         0.47389504313468933
      val_auc_epoch         0.7156187891960144
      val_f1_epoch          0.4644309878349304
        val_loss             2.726548194885254
────────────────────────────────────────────────────────────────────────────────────────────────────────────────────────
✅ Trial 28 completed - Val AUC: 0.7156
[I 2025-12-04 14:02:40,180] Trial 28 finished with value: 0.7156187891960144 and parameters: {'dataset.max_walk_length': 64, 'dataset.num_walks': 519623, 'training.lr': 0.000633895350843023, 'training.weight_decay': 4.380581107727904e-05, 'training.batch_size': 512, 'training.gradient_clip_val': 0.7717123176497234, 'training.early_stopping_patience': 9, 'model.nhead': 8, 'model.embedding_dim': 128, 'model.hidden_dim': 256, 'model.nlayers': 4, 'model.dropout': 0.028897107495740176, 'training.epochs': 6}. Best is trial 23 with value: 0.7543424963951111.
Seed set to 71

🔬 Trial 29 hyperparameters:
  Walk length: 79, Num walks: 910,271
  LR: 2.33e-03, Batch size: 512
  Model: emb_dim=32, hidden_dim=8
  Transformer: 5 layers, 8 heads
  Epochs: 6, Weighted loss: True
Loading wiki-rfa dataset...
Success! ✅
Splitting edges for wiki-rfa dataset...
Ratios: train=0.480, mask=0.320, val=0.100, test=0.100
Success! ✅
Sampling random walks from wiki-rfa dataset...
Success! ✅
Building tokenizer for wiki-rfa dataset...
Success! ✅
Padding and building stage tensors for wiki-rfa dataset...
Success! ✅
Data creation profiling (seconds):
  get_edge_list: 4.34s
  split_edges: 0.09s
  get_walks: 67.98s
  get_tokenizer: 1.93s
  encode_walks: 37.45s
  pad_and_build_stage_tensors: 4.71s
Creating DataLoaders for wiki-rfa dataset...
Success! ✅
GPU available: True (cuda), used: True
TPU available: False, using: 0 TPU cores
HPU available: False, using: 0 HPUs
/home/eng/shilo_avital/yolo_lab/walk_to_paint/.venv/lib64/python3.9/site-packages/pytorch_lightning/callbacks/model_checkpoint.py:658: Checkpoint directory /home/eng/shilo_avital/yolo_lab/walk_to_paint/outputs/wiki-rfa/wiki-rfa-optuna_20251203-235202/checkpoints exists and is not empty.
LOCAL_RANK: 0 - CUDA_VISIBLE_DEVICES: [1]
Metric val_auc_epoch improved. New best score: 0.629
Metric val_auc_epoch improved by 0.045 >= min_delta = 0.0. New best score: 0.675
Metric val_auc_epoch improved by 0.020 >= min_delta = 0.0. New best score: 0.695
Metric val_auc_epoch improved by 0.006 >= min_delta = 0.0. New best score: 0.701
Metric val_auc_epoch improved by 0.005 >= min_delta = 0.0. New best score: 0.706
Metric val_auc_epoch improved by 0.001 >= min_delta = 0.0. New best score: 0.707
`Trainer.fit` stopped: `max_epochs=6` reached.
Restoring states from the checkpoint path at /home/eng/shilo_avital/yolo_lab/walk_to_paint/outputs/wiki-rfa/wiki-rfa-optuna_20251203-235202/checkpoints/trial_29-epoch=05-val_auc_epoch=0.7074.ckpt
LOCAL_RANK: 0 - CUDA_VISIBLE_DEVICES: [1]
Loaded model weights from the checkpoint at /home/eng/shilo_avital/yolo_lab/walk_to_paint/outputs/wiki-rfa/wiki-rfa-optuna_20251203-235202/checkpoints/trial_29-epoch=05-val_auc_epoch=0.7074.ckpt
────────────────────────────────────────────────────────────────────────────────────────────────────────────────────────
     Validate metric           DataLoader 0
────────────────────────────────────────────────────────────────────────────────────────────────────────────────────────
          step                      6.0
      val_acc_epoch         0.5019443035125732
      val_auc_epoch         0.7074169516563416
      val_f1_epoch          0.4687894284725189
        val_loss             2.020073652267456
────────────────────────────────────────────────────────────────────────────────────────────────────────────────────────
✅ Trial 29 completed - Val AUC: 0.7074
[I 2025-12-04 14:20:18,486] Trial 29 finished with value: 0.7074169516563416 and parameters: {'dataset.max_walk_length': 79, 'dataset.num_walks': 910271, 'training.lr': 0.002329050091251611, 'training.weight_decay': 0.0005101049379547069, 'training.batch_size': 512, 'training.gradient_clip_val': 0.6289924970671124, 'training.early_stopping_patience': 11, 'model.nhead': 8, 'model.embedding_dim': 32, 'model.hidden_dim': 8, 'model.nlayers': 5, 'model.dropout': 0.170050363945291, 'training.epochs': 6}. Best is trial 23 with value: 0.7543424963951111.
Seed set to 72

🔬 Trial 30 hyperparameters:
  Walk length: 82, Num walks: 245,609
  LR: 1.30e-03, Batch size: 512
  Model: emb_dim=8, hidden_dim=16
  Transformer: 4 layers, 8 heads
  Epochs: 9, Weighted loss: True
Loading wiki-rfa dataset...
Success! ✅
Splitting edges for wiki-rfa dataset...
Ratios: train=0.480, mask=0.320, val=0.100, test=0.100
Success! ✅
Sampling random walks from wiki-rfa dataset...
Success! ✅
Building tokenizer for wiki-rfa dataset...
Success! ✅
Padding and building stage tensors for wiki-rfa dataset...
Success! ✅
Data creation profiling (seconds):
  get_edge_list: 4.03s
  split_edges: 0.09s
  get_walks: 18.13s
  get_tokenizer: 0.61s
  encode_walks: 10.10s
  pad_and_build_stage_tensors: 1.47s
Creating DataLoaders for wiki-rfa dataset...
Success! ✅
GPU available: True (cuda), used: True
TPU available: False, using: 0 TPU cores
HPU available: False, using: 0 HPUs
/home/eng/shilo_avital/yolo_lab/walk_to_paint/.venv/lib64/python3.9/site-packages/pytorch_lightning/callbacks/model_checkpoint.py:658: Checkpoint directory /home/eng/shilo_avital/yolo_lab/walk_to_paint/outputs/wiki-rfa/wiki-rfa-optuna_20251203-235202/checkpoints exists and is not empty.
LOCAL_RANK: 0 - CUDA_VISIBLE_DEVICES: [1]
Metric val_auc_epoch improved. New best score: 0.523
Metric val_auc_epoch improved by 0.013 >= min_delta = 0.0. New best score: 0.536
Metric val_auc_epoch improved by 0.003 >= min_delta = 0.0. New best score: 0.540
Metric val_auc_epoch improved by 0.003 >= min_delta = 0.0. New best score: 0.543
Metric val_auc_epoch improved by 0.002 >= min_delta = 0.0. New best score: 0.544
❌ Trial 30 failed: Trial was pruned at epoch 5.
[I 2025-12-04 14:27:08,460] Trial 30 finished with value: 0.0 and parameters: {'dataset.max_walk_length': 82, 'dataset.num_walks': 245609, 'training.lr': 0.0012992793638464577, 'training.weight_decay': 5.508769213851596e-07, 'training.batch_size': 512, 'training.gradient_clip_val': 0.5194805057344126, 'training.early_stopping_patience': 14, 'model.nhead': 8, 'model.embedding_dim': 8, 'model.hidden_dim': 16, 'model.nlayers': 4, 'model.dropout': 0.11205295101034171, 'training.epochs': 9}. Best is trial 23 with value: 0.7543424963951111.
🧹 Cleaning up old checkpoints and logs (keeping top 10)...
  Removed old checkpoint: trial_20-epoch=04-val_auc_epoch=0.5266.ckpt
  Removed old checkpoint: trial_19-epoch=04-val_auc_epoch=0.5435.ckpt
  Removed old checkpoint: trial_18-epoch=08-val_auc_epoch=0.6808.ckpt
  Removed old checkpoint: trial_17-epoch=05-val_auc_epoch=0.5505.ckpt
  Removed old checkpoint: trial_16-epoch=05-val_auc_epoch=0.5719.ckpt
  Removed old log dir: trial_20
  Removed old log dir: trial_19
  Removed old log dir: trial_18
  Removed old log dir: trial_17
  Removed old log dir: trial_16
Seed set to 73

🔬 Trial 31 hyperparameters:
  Walk length: 49, Num walks: 488,161
  LR: 5.86e-04, Batch size: 512
  Model: emb_dim=128, hidden_dim=256
  Transformer: 4 layers, 8 heads
  Epochs: 6, Weighted loss: True
Loading wiki-rfa dataset...
Success! ✅
Splitting edges for wiki-rfa dataset...
Ratios: train=0.480, mask=0.320, val=0.100, test=0.100
Success! ✅
Sampling random walks from wiki-rfa dataset...
Success! ✅
Building tokenizer for wiki-rfa dataset...
Success! ✅
Padding and building stage tensors for wiki-rfa dataset...
Success! ✅
Data creation profiling (seconds):
  get_edge_list: 84.67s
  split_edges: 0.09s
  get_walks: 35.67s
  get_tokenizer: 1.13s
  encode_walks: 20.38s
  pad_and_build_stage_tensors: 2.54s
Creating DataLoaders for wiki-rfa dataset...
Success! ✅
GPU available: True (cuda), used: True
TPU available: False, using: 0 TPU cores
HPU available: False, using: 0 HPUs
/home/eng/shilo_avital/yolo_lab/walk_to_paint/.venv/lib64/python3.9/site-packages/pytorch_lightning/callbacks/model_checkpoint.py:658: Checkpoint directory /home/eng/shilo_avital/yolo_lab/walk_to_paint/outputs/wiki-rfa/wiki-rfa-optuna_20251203-235202/checkpoints exists and is not empty.
LOCAL_RANK: 0 - CUDA_VISIBLE_DEVICES: [1]
Metric val_auc_epoch improved. New best score: 0.656
Metric val_auc_epoch improved by 0.026 >= min_delta = 0.0. New best score: 0.681
Metric val_auc_epoch improved by 0.015 >= min_delta = 0.0. New best score: 0.696
Metric val_auc_epoch improved by 0.007 >= min_delta = 0.0. New best score: 0.703
Metric val_auc_epoch improved by 0.007 >= min_delta = 0.0. New best score: 0.710
Metric val_auc_epoch improved by 0.000 >= min_delta = 0.0. New best score: 0.710
`Trainer.fit` stopped: `max_epochs=6` reached.
Restoring states from the checkpoint path at /home/eng/shilo_avital/yolo_lab/walk_to_paint/outputs/wiki-rfa/wiki-rfa-optuna_20251203-235202/checkpoints/trial_31-epoch=05-val_auc_epoch=0.7101.ckpt
LOCAL_RANK: 0 - CUDA_VISIBLE_DEVICES: [1]
Loaded model weights from the checkpoint at /home/eng/shilo_avital/yolo_lab/walk_to_paint/outputs/wiki-rfa/wiki-rfa-optuna_20251203-235202/checkpoints/trial_31-epoch=05-val_auc_epoch=0.7101.ckpt
────────────────────────────────────────────────────────────────────────────────────────────────────────────────────────
     Validate metric           DataLoader 0
────────────────────────────────────────────────────────────────────────────────────────────────────────────────────────
          step                      6.0
      val_acc_epoch         0.47510597109794617
      val_auc_epoch         0.7100879549980164
      val_f1_epoch          0.4586833715438843
        val_loss            2.7093136310577393
────────────────────────────────────────────────────────────────────────────────────────────────────────────────────────
✅ Trial 31 completed - Val AUC: 0.7101
[I 2025-12-04 14:35:58,456] Trial 31 finished with value: 0.7100879549980164 and parameters: {'dataset.max_walk_length': 49, 'dataset.num_walks': 488161, 'training.lr': 0.0005862312521306549, 'training.weight_decay': 5.113693960995487e-05, 'training.batch_size': 512, 'training.gradient_clip_val': 0.8226671735110989, 'training.early_stopping_patience': 9, 'model.nhead': 8, 'model.embedding_dim': 128, 'model.hidden_dim': 256, 'model.nlayers': 4, 'model.dropout': 0.021961190859283213, 'training.epochs': 6}. Best is trial 23 with value: 0.7543424963951111.
Seed set to 74

🔬 Trial 32 hyperparameters:
  Walk length: 63, Num walks: 529,950
  LR: 6.98e-04, Batch size: 512
  Model: emb_dim=128, hidden_dim=256
  Transformer: 5 layers, 8 heads
  Epochs: 8, Weighted loss: True
Loading wiki-rfa dataset...
Success! ✅
Splitting edges for wiki-rfa dataset...
Ratios: train=0.480, mask=0.320, val=0.100, test=0.100
Success! ✅
Sampling random walks from wiki-rfa dataset...
Success! ✅
Building tokenizer for wiki-rfa dataset...
Success! ✅
Padding and building stage tensors for wiki-rfa dataset...
Success! ✅
Data creation profiling (seconds):
  get_edge_list: 4.35s
  split_edges: 0.09s
  get_walks: 40.28s
  get_tokenizer: 1.27s
  encode_walks: 21.96s
  pad_and_build_stage_tensors: 2.74s
Creating DataLoaders for wiki-rfa dataset...
Success! ✅
GPU available: True (cuda), used: True
TPU available: False, using: 0 TPU cores
HPU available: False, using: 0 HPUs
/home/eng/shilo_avital/yolo_lab/walk_to_paint/.venv/lib64/python3.9/site-packages/pytorch_lightning/callbacks/model_checkpoint.py:658: Checkpoint directory /home/eng/shilo_avital/yolo_lab/walk_to_paint/outputs/wiki-rfa/wiki-rfa-optuna_20251203-235202/checkpoints exists and is not empty.
LOCAL_RANK: 0 - CUDA_VISIBLE_DEVICES: [1]
Metric val_auc_epoch improved. New best score: 0.662
Metric val_auc_epoch improved by 0.028 >= min_delta = 0.0. New best score: 0.689
Metric val_auc_epoch improved by 0.016 >= min_delta = 0.0. New best score: 0.705
Metric val_auc_epoch improved by 0.010 >= min_delta = 0.0. New best score: 0.715
`Trainer.fit` stopped: `max_epochs=8` reached.
Restoring states from the checkpoint path at /home/eng/shilo_avital/yolo_lab/walk_to_paint/outputs/wiki-rfa/wiki-rfa-optuna_20251203-235202/checkpoints/trial_32-epoch=03-val_auc_epoch=0.7150.ckpt
LOCAL_RANK: 0 - CUDA_VISIBLE_DEVICES: [1]
Loaded model weights from the checkpoint at /home/eng/shilo_avital/yolo_lab/walk_to_paint/outputs/wiki-rfa/wiki-rfa-optuna_20251203-235202/checkpoints/trial_32-epoch=03-val_auc_epoch=0.7150.ckpt
────────────────────────────────────────────────────────────────────────────────────────────────────────────────────────
     Validate metric           DataLoader 0
────────────────────────────────────────────────────────────────────────────────────────────────────────────────────────
          step                      8.0
      val_acc_epoch         0.4872872829437256
      val_auc_epoch         0.7150120139122009
      val_f1_epoch          0.4751795530319214
        val_loss            2.3562495708465576
────────────────────────────────────────────────────────────────────────────────────────────────────────────────────────
✅ Trial 32 completed - Val AUC: 0.7150
