[I 2025-12-05 05:57:23,087] Trial 76 finished with value: 0.0 and parameters: {'dataset.max_walk_length': 92, 'dataset.num_walks': 783227, 'training.lr': 0.004671817603146769, 'training.weight_decay': 1.5279626941445377e-06, 'training.batch_size': 512, 'training.gradient_clip_val': 0.23382153359432473, 'training.early_stopping_patience': 7, 'model.nhead': 2, 'model.embedding_dim': 8, 'model.hidden_dim': 16, 'model.nlayers': 4, 'model.dropout': 0.25486938531976544, 'training.epochs': 19}. Best is trial 35 with value: 0.771872878074646.
Seed set to 119

🔬 Trial 77 hyperparameters:
  Walk length: 100, Num walks: 552,233
  LR: 5.68e-04, Batch size: 256
  Model: emb_dim=128, hidden_dim=4
  Transformer: 6 layers, 8 heads
  Epochs: 9, Weighted loss: True
Loading wiki-rfa dataset...
Success! ✅
Splitting edges for wiki-rfa dataset...
Ratios: train=0.480, mask=0.320, val=0.100, test=0.100
Success! ✅
Sampling random walks from wiki-rfa dataset...
Success! ✅
Building tokenizer for wiki-rfa dataset...
Success! ✅
Padding and building stage tensors for wiki-rfa dataset...
Success! ✅
Data creation profiling (seconds):
  get_edge_list: 84.85s
  split_edges: 0.10s
  get_walks: 41.47s
  get_tokenizer: 1.41s
  encode_walks: 23.20s
  pad_and_build_stage_tensors: 2.96s
Creating DataLoaders for wiki-rfa dataset...
Success! ✅
GPU available: True (cuda), used: True
TPU available: False, using: 0 TPU cores
HPU available: False, using: 0 HPUs
/home/eng/shilo_avital/yolo_lab/walk_to_paint/.venv/lib64/python3.9/site-packages/pytorch_lightning/callbacks/model_checkpoint.py:658: Checkpoint directory /home/eng/shilo_avital/yolo_lab/walk_to_paint/outputs/wiki-rfa/wiki-rfa-optuna_20251203-235202/checkpoints exists and is not empty.
LOCAL_RANK: 0 - CUDA_VISIBLE_DEVICES: [1]
Metric val_auc_epoch improved. New best score: 0.614
Metric val_auc_epoch improved by 0.035 >= min_delta = 0.0. New best score: 0.648
Metric val_auc_epoch improved by 0.015 >= min_delta = 0.0. New best score: 0.664
Metric val_auc_epoch improved by 0.005 >= min_delta = 0.0. New best score: 0.669
Metric val_auc_epoch improved by 0.004 >= min_delta = 0.0. New best score: 0.673
Metric val_auc_epoch improved by 0.004 >= min_delta = 0.0. New best score: 0.677
❌ Trial 77 failed: Trial was pruned at epoch 6.
[I 2025-12-05 06:19:40,261] Trial 77 finished with value: 0.0 and parameters: {'dataset.max_walk_length': 100, 'dataset.num_walks': 552233, 'training.lr': 0.0005682978243326117, 'training.weight_decay': 2.4380961705332608e-05, 'training.batch_size': 256, 'training.gradient_clip_val': 0.5984986859973177, 'training.early_stopping_patience': 8, 'model.nhead': 8, 'model.embedding_dim': 128, 'model.hidden_dim': 4, 'model.nlayers': 6, 'model.dropout': 0.05750288015915507, 'training.epochs': 9}. Best is trial 35 with value: 0.771872878074646.
Seed set to 120

🔬 Trial 78 hyperparameters:
  Walk length: 72, Num walks: 480,895
  LR: 1.53e-03, Batch size: 64
  Model: emb_dim=4, hidden_dim=8
  Transformer: 5 layers, 2 heads
  Epochs: 13, Weighted loss: True
Loading wiki-rfa dataset...
Success! ✅
Splitting edges for wiki-rfa dataset...
Ratios: train=0.480, mask=0.320, val=0.100, test=0.100
Success! ✅
Sampling random walks from wiki-rfa dataset...
Success! ✅
Building tokenizer for wiki-rfa dataset...
Success! ✅
Padding and building stage tensors for wiki-rfa dataset...
Success! ✅
Data creation profiling (seconds):
  get_edge_list: 84.52s
  split_edges: 0.10s
  get_walks: 36.38s
  get_tokenizer: 1.15s
  encode_walks: 19.45s
  pad_and_build_stage_tensors: 2.58s
Creating DataLoaders for wiki-rfa dataset...
Success! ✅
GPU available: True (cuda), used: True
TPU available: False, using: 0 TPU cores
HPU available: False, using: 0 HPUs
/home/eng/shilo_avital/yolo_lab/walk_to_paint/.venv/lib64/python3.9/site-packages/pytorch_lightning/callbacks/model_checkpoint.py:658: Checkpoint directory /home/eng/shilo_avital/yolo_lab/walk_to_paint/outputs/wiki-rfa/wiki-rfa-optuna_20251203-235202/checkpoints exists and is not empty.
LOCAL_RANK: 0 - CUDA_VISIBLE_DEVICES: [1]
Metric val_auc_epoch improved. New best score: 0.530
Metric val_auc_epoch improved by 0.006 >= min_delta = 0.0. New best score: 0.536
Metric val_auc_epoch improved by 0.000 >= min_delta = 0.0. New best score: 0.536
Metric val_auc_epoch improved by 0.001 >= min_delta = 0.0. New best score: 0.538
Metric val_auc_epoch improved by 0.003 >= min_delta = 0.0. New best score: 0.540
❌ Trial 78 failed: Trial was pruned at epoch 5.
[I 2025-12-05 06:34:12,062] Trial 78 finished with value: 0.0 and parameters: {'dataset.max_walk_length': 72, 'dataset.num_walks': 480895, 'training.lr': 0.0015328591242115789, 'training.weight_decay': 5.7218405601348054e-05, 'training.batch_size': 64, 'training.gradient_clip_val': 0.33268764127729605, 'training.early_stopping_patience': 9, 'model.nhead': 2, 'model.embedding_dim': 4, 'model.hidden_dim': 8, 'model.nlayers': 5, 'model.dropout': 0.32227085140515177, 'training.epochs': 13}. Best is trial 35 with value: 0.771872878074646.
Seed set to 121

🔬 Trial 79 hyperparameters:
  Walk length: 66, Num walks: 869,075
  LR: 7.90e-04, Batch size: 32
  Model: emb_dim=128, hidden_dim=4
  Transformer: 4 layers, 16 heads
  Epochs: 8, Weighted loss: True
Loading wiki-rfa dataset...
Success! ✅
Splitting edges for wiki-rfa dataset...
Ratios: train=0.480, mask=0.320, val=0.100, test=0.100
Success! ✅
Sampling random walks from wiki-rfa dataset...
Success! ✅
Building tokenizer for wiki-rfa dataset...
Success! ✅
Padding and building stage tensors for wiki-rfa dataset...
Success! ✅
Data creation profiling (seconds):
  get_edge_list: 84.70s
  split_edges: 0.09s
  get_walks: 66.42s
  get_tokenizer: 2.03s
  encode_walks: 36.11s
  pad_and_build_stage_tensors: 4.38s
Creating DataLoaders for wiki-rfa dataset...
Success! ✅
GPU available: True (cuda), used: True
TPU available: False, using: 0 TPU cores
HPU available: False, using: 0 HPUs
/home/eng/shilo_avital/yolo_lab/walk_to_paint/.venv/lib64/python3.9/site-packages/pytorch_lightning/callbacks/model_checkpoint.py:658: Checkpoint directory /home/eng/shilo_avital/yolo_lab/walk_to_paint/outputs/wiki-rfa/wiki-rfa-optuna_20251203-235202/checkpoints exists and is not empty.
LOCAL_RANK: 0 - CUDA_VISIBLE_DEVICES: [1]
Metric val_auc_epoch improved. New best score: 0.636
Metric val_auc_epoch improved by 0.022 >= min_delta = 0.0. New best score: 0.657
Metric val_auc_epoch improved by 0.012 >= min_delta = 0.0. New best score: 0.669
Metric val_auc_epoch improved by 0.008 >= min_delta = 0.0. New best score: 0.677
Metric val_auc_epoch improved by 0.005 >= min_delta = 0.0. New best score: 0.682
Metric val_auc_epoch improved by 0.004 >= min_delta = 0.0. New best score: 0.686
❌ Trial 79 failed: Trial was pruned at epoch 6.
[I 2025-12-05 07:21:44,531] Trial 79 finished with value: 0.0 and parameters: {'dataset.max_walk_length': 66, 'dataset.num_walks': 869075, 'training.lr': 0.0007901685087172862, 'training.weight_decay': 9.626881394840441e-06, 'training.batch_size': 32, 'training.gradient_clip_val': 0.44637706392529536, 'training.early_stopping_patience': 12, 'model.nhead': 16, 'model.embedding_dim': 128, 'model.hidden_dim': 4, 'model.nlayers': 4, 'model.dropout': 0.1260393661318943, 'training.epochs': 8}. Best is trial 35 with value: 0.771872878074646.
Seed set to 122

🔬 Trial 80 hyperparameters:
  Walk length: 79, Num walks: 654,037
  LR: 1.09e-03, Batch size: 256
  Model: emb_dim=32, hidden_dim=256
  Transformer: 5 layers, 8 heads
  Epochs: 11, Weighted loss: True
Loading wiki-rfa dataset...
Success! ✅
Splitting edges for wiki-rfa dataset...
Ratios: train=0.480, mask=0.320, val=0.100, test=0.100
Success! ✅
Sampling random walks from wiki-rfa dataset...
Success! ✅
Building tokenizer for wiki-rfa dataset...
Success! ✅
Padding and building stage tensors for wiki-rfa dataset...
Success! ✅
Data creation profiling (seconds):
  get_edge_list: 84.93s
  split_edges: 0.10s
  get_walks: 50.81s
  get_tokenizer: 1.50s
  encode_walks: 27.48s
  pad_and_build_stage_tensors: 3.41s
Creating DataLoaders for wiki-rfa dataset...
Success! ✅
GPU available: True (cuda), used: True
TPU available: False, using: 0 TPU cores
HPU available: False, using: 0 HPUs
/home/eng/shilo_avital/yolo_lab/walk_to_paint/.venv/lib64/python3.9/site-packages/pytorch_lightning/callbacks/model_checkpoint.py:658: Checkpoint directory /home/eng/shilo_avital/yolo_lab/walk_to_paint/outputs/wiki-rfa/wiki-rfa-optuna_20251203-235202/checkpoints exists and is not empty.
LOCAL_RANK: 0 - CUDA_VISIBLE_DEVICES: [1]
Metric val_auc_epoch improved. New best score: 0.586
Metric val_auc_epoch improved by 0.051 >= min_delta = 0.0. New best score: 0.637
Metric val_auc_epoch improved by 0.020 >= min_delta = 0.0. New best score: 0.657
Metric val_auc_epoch improved by 0.012 >= min_delta = 0.0. New best score: 0.669
Metric val_auc_epoch improved by 0.011 >= min_delta = 0.0. New best score: 0.680
Metric val_auc_epoch improved by 0.003 >= min_delta = 0.0. New best score: 0.683
❌ Trial 80 failed: Trial was pruned at epoch 6.
[I 2025-12-05 07:35:21,935] Trial 80 finished with value: 0.0 and parameters: {'dataset.max_walk_length': 79, 'dataset.num_walks': 654037, 'training.lr': 0.0010949128008440538, 'training.weight_decay': 5.90874747001664e-06, 'training.batch_size': 256, 'training.gradient_clip_val': 0.2857591021888568, 'training.early_stopping_patience': 19, 'model.nhead': 8, 'model.embedding_dim': 32, 'model.hidden_dim': 256, 'model.nlayers': 5, 'model.dropout': 0.18971813445555688, 'training.epochs': 11}. Best is trial 35 with value: 0.771872878074646.
🧹 Cleaning up old checkpoints and logs (keeping top 10)...
  Removed old checkpoint: trial_70-epoch=05-val_auc_epoch=0.6692.ckpt
  Removed old checkpoint: trial_69-epoch=05-val_auc_epoch=0.6710.ckpt
  Removed old checkpoint: trial_68-epoch=09-val_auc_epoch=0.7440.ckpt
  Removed old checkpoint: trial_67-epoch=05-val_auc_epoch=0.6928.ckpt
  Removed old checkpoint: trial_66-epoch=02-val_auc_epoch=0.5123.ckpt
  Removed old log dir: trial_70
  Removed old log dir: trial_69
  Removed old log dir: trial_68
  Removed old log dir: trial_67
  Removed old log dir: trial_66
Seed set to 123

🔬 Trial 81 hyperparameters:
  Walk length: 87, Num walks: 609,333
  LR: 3.12e-03, Batch size: 256
  Model: emb_dim=32, hidden_dim=4
  Transformer: 5 layers, 2 heads
  Epochs: 13, Weighted loss: True
Loading wiki-rfa dataset...
Success! ✅
Splitting edges for wiki-rfa dataset...
Ratios: train=0.480, mask=0.320, val=0.100, test=0.100
Success! ✅
Sampling random walks from wiki-rfa dataset...
Success! ✅
Building tokenizer for wiki-rfa dataset...
Success! ✅
Padding and building stage tensors for wiki-rfa dataset...
Success! ✅
Data creation profiling (seconds):
  get_edge_list: 84.55s
  split_edges: 0.10s
  get_walks: 46.84s
  get_tokenizer: 1.32s
  encode_walks: 24.74s
  pad_and_build_stage_tensors: 3.16s
Creating DataLoaders for wiki-rfa dataset...
Success! ✅
GPU available: True (cuda), used: True
TPU available: False, using: 0 TPU cores
HPU available: False, using: 0 HPUs
/home/eng/shilo_avital/yolo_lab/walk_to_paint/.venv/lib64/python3.9/site-packages/pytorch_lightning/callbacks/model_checkpoint.py:658: Checkpoint directory /home/eng/shilo_avital/yolo_lab/walk_to_paint/outputs/wiki-rfa/wiki-rfa-optuna_20251203-235202/checkpoints exists and is not empty.
LOCAL_RANK: 0 - CUDA_VISIBLE_DEVICES: [1]
Metric val_auc_epoch improved. New best score: 0.609
Metric val_auc_epoch improved by 0.079 >= min_delta = 0.0. New best score: 0.688
Metric val_auc_epoch improved by 0.037 >= min_delta = 0.0. New best score: 0.725
Metric val_auc_epoch improved by 0.013 >= min_delta = 0.0. New best score: 0.738
Metric val_auc_epoch improved by 0.003 >= min_delta = 0.0. New best score: 0.741
Metric val_auc_epoch improved by 0.010 >= min_delta = 0.0. New best score: 0.750
`Trainer.fit` stopped: `max_epochs=13` reached.
Restoring states from the checkpoint path at /home/eng/shilo_avital/yolo_lab/walk_to_paint/outputs/wiki-rfa/wiki-rfa-optuna_20251203-235202/checkpoints/trial_81-epoch=07-val_auc_epoch=0.7505.ckpt
LOCAL_RANK: 0 - CUDA_VISIBLE_DEVICES: [1]
Loaded model weights from the checkpoint at /home/eng/shilo_avital/yolo_lab/walk_to_paint/outputs/wiki-rfa/wiki-rfa-optuna_20251203-235202/checkpoints/trial_81-epoch=07-val_auc_epoch=0.7505.ckpt
────────────────────────────────────────────────────────────────────────────────────────────────────────────────────────
     Validate metric           DataLoader 0
────────────────────────────────────────────────────────────────────────────────────────────────────────────────────────
          step                     13.0
      val_acc_epoch          0.512519121170044
      val_auc_epoch         0.7504518032073975
      val_f1_epoch           0.493256151676178
        val_loss             3.184697389602661
────────────────────────────────────────────────────────────────────────────────────────────────────────────────────────
✅ Trial 81 completed - Val AUC: 0.7505
[I 2025-12-05 07:48:40,453] Trial 81 finished with value: 0.7504518032073975 and parameters: {'dataset.max_walk_length': 87, 'dataset.num_walks': 609333, 'training.lr': 0.003116904284955137, 'training.weight_decay': 0.00012332004832698326, 'training.batch_size': 256, 'training.gradient_clip_val': 0.3665548419580286, 'training.early_stopping_patience': 6, 'model.nhead': 2, 'model.embedding_dim': 32, 'model.hidden_dim': 4, 'model.nlayers': 5, 'model.dropout': 0.20793690369114612, 'training.epochs': 13}. Best is trial 35 with value: 0.771872878074646.
Seed set to 124

🔬 Trial 82 hyperparameters:
  Walk length: 88, Num walks: 780,845
  LR: 2.99e-03, Batch size: 256
  Model: emb_dim=32, hidden_dim=4
  Transformer: 5 layers, 2 heads
  Epochs: 12, Weighted loss: True
Loading wiki-rfa dataset...
Success! ✅
Splitting edges for wiki-rfa dataset...
Ratios: train=0.480, mask=0.320, val=0.100, test=0.100
Success! ✅
Sampling random walks from wiki-rfa dataset...
Success! ✅
Building tokenizer for wiki-rfa dataset...
Success! ✅
Padding and building stage tensors for wiki-rfa dataset...
Success! ✅
Data creation profiling (seconds):
  get_edge_list: 4.77s
  split_edges: 0.10s
  get_walks: 58.94s
  get_tokenizer: 1.85s
  encode_walks: 32.43s
  pad_and_build_stage_tensors: 4.09s
Creating DataLoaders for wiki-rfa dataset...
Success! ✅
GPU available: True (cuda), used: True
TPU available: False, using: 0 TPU cores
HPU available: False, using: 0 HPUs
/home/eng/shilo_avital/yolo_lab/walk_to_paint/.venv/lib64/python3.9/site-packages/pytorch_lightning/callbacks/model_checkpoint.py:658: Checkpoint directory /home/eng/shilo_avital/yolo_lab/walk_to_paint/outputs/wiki-rfa/wiki-rfa-optuna_20251203-235202/checkpoints exists and is not empty.
LOCAL_RANK: 0 - CUDA_VISIBLE_DEVICES: [1]
Metric val_auc_epoch improved. New best score: 0.679
Metric val_auc_epoch improved by 0.051 >= min_delta = 0.0. New best score: 0.730
Metric val_auc_epoch improved by 0.019 >= min_delta = 0.0. New best score: 0.748
Monitored metric val_auc_epoch did not improve in the last 5 records. Best score: 0.748. Signaling Trainer to stop.
Restoring states from the checkpoint path at /home/eng/shilo_avital/yolo_lab/walk_to_paint/outputs/wiki-rfa/wiki-rfa-optuna_20251203-235202/checkpoints/trial_82-epoch=02-val_auc_epoch=0.7482.ckpt
LOCAL_RANK: 0 - CUDA_VISIBLE_DEVICES: [1]
Loaded model weights from the checkpoint at /home/eng/shilo_avital/yolo_lab/walk_to_paint/outputs/wiki-rfa/wiki-rfa-optuna_20251203-235202/checkpoints/trial_82-epoch=02-val_auc_epoch=0.7482.ckpt
────────────────────────────────────────────────────────────────────────────────────────────────────────────────────────
     Validate metric           DataLoader 0
────────────────────────────────────────────────────────────────────────────────────────────────────────────────────────
          step                      8.0
      val_acc_epoch         0.5370106101036072
      val_auc_epoch         0.7481602430343628
      val_f1_epoch          0.4950590133666992
        val_loss            2.0955631732940674
────────────────────────────────────────────────────────────────────────────────────────────────────────────────────────
✅ Trial 82 completed - Val AUC: 0.7482
[I 2025-12-05 07:58:55,609] Trial 82 finished with value: 0.7481602430343628 and parameters: {'dataset.max_walk_length': 88, 'dataset.num_walks': 780845, 'training.lr': 0.0029877005555266705, 'training.weight_decay': 7.205589635538297e-05, 'training.batch_size': 256, 'training.gradient_clip_val': 0.14820863598582537, 'training.early_stopping_patience': 5, 'model.nhead': 2, 'model.embedding_dim': 32, 'model.hidden_dim': 4, 'model.nlayers': 5, 'model.dropout': 0.22342894271217054, 'training.epochs': 12}. Best is trial 35 with value: 0.771872878074646.
Seed set to 125

🔬 Trial 83 hyperparameters:
  Walk length: 55, Num walks: 588,482
  LR: 5.15e-03, Batch size: 256
  Model: emb_dim=32, hidden_dim=4
  Transformer: 5 layers, 2 heads
  Epochs: 14, Weighted loss: True
Loading wiki-rfa dataset...
Success! ✅
Splitting edges for wiki-rfa dataset...
Ratios: train=0.480, mask=0.320, val=0.100, test=0.100
Success! ✅
Sampling random walks from wiki-rfa dataset...
Success! ✅
Building tokenizer for wiki-rfa dataset...
Success! ✅
Padding and building stage tensors for wiki-rfa dataset...
Success! ✅
Data creation profiling (seconds):
  get_edge_list: 4.52s
  split_edges: 0.10s
  get_walks: 45.04s
  get_tokenizer: 1.29s
  encode_walks: 23.76s
  pad_and_build_stage_tensors: 2.99s
Creating DataLoaders for wiki-rfa dataset...
Success! ✅
GPU available: True (cuda), used: True
TPU available: False, using: 0 TPU cores
HPU available: False, using: 0 HPUs
/home/eng/shilo_avital/yolo_lab/walk_to_paint/.venv/lib64/python3.9/site-packages/pytorch_lightning/callbacks/model_checkpoint.py:658: Checkpoint directory /home/eng/shilo_avital/yolo_lab/walk_to_paint/outputs/wiki-rfa/wiki-rfa-optuna_20251203-235202/checkpoints exists and is not empty.
LOCAL_RANK: 0 - CUDA_VISIBLE_DEVICES: [1]
Metric val_auc_epoch improved. New best score: 0.537
Metric val_auc_epoch improved by 0.078 >= min_delta = 0.0. New best score: 0.614
Metric val_auc_epoch improved by 0.024 >= min_delta = 0.0. New best score: 0.638
Metric val_auc_epoch improved by 0.002 >= min_delta = 0.0. New best score: 0.640
❌ Trial 83 failed: Trial was pruned at epoch 5.
[I 2025-12-05 08:04:05,639] Trial 83 finished with value: 0.0 and parameters: {'dataset.max_walk_length': 55, 'dataset.num_walks': 588482, 'training.lr': 0.00514620208618575, 'training.weight_decay': 3.818737029467551e-05, 'training.batch_size': 256, 'training.gradient_clip_val': 0.5047977658327515, 'training.early_stopping_patience': 6, 'model.nhead': 2, 'model.embedding_dim': 32, 'model.hidden_dim': 4, 'model.nlayers': 5, 'model.dropout': 0.24426839377887788, 'training.epochs': 14}. Best is trial 35 with value: 0.771872878074646.
Seed set to 126

🔬 Trial 84 hyperparameters:
  Walk length: 91, Num walks: 516,837
  LR: 2.04e-03, Batch size: 256
  Model: emb_dim=32, hidden_dim=4
  Transformer: 5 layers, 2 heads
  Epochs: 10, Weighted loss: True
Loading wiki-rfa dataset...
Success! ✅
Splitting edges for wiki-rfa dataset...
Ratios: train=0.480, mask=0.320, val=0.100, test=0.100
Success! ✅
Sampling random walks from wiki-rfa dataset...
Success! ✅
Building tokenizer for wiki-rfa dataset...
Success! ✅
Padding and building stage tensors for wiki-rfa dataset...
Success! ✅
Data creation profiling (seconds):
  get_edge_list: 84.67s
  split_edges: 0.10s
  get_walks: 39.46s
  get_tokenizer: 1.13s
  encode_walks: 20.85s
  pad_and_build_stage_tensors: 2.69s
Creating DataLoaders for wiki-rfa dataset...
Success! ✅
GPU available: True (cuda), used: True
TPU available: False, using: 0 TPU cores
HPU available: False, using: 0 HPUs
/home/eng/shilo_avital/yolo_lab/walk_to_paint/.venv/lib64/python3.9/site-packages/pytorch_lightning/callbacks/model_checkpoint.py:658: Checkpoint directory /home/eng/shilo_avital/yolo_lab/walk_to_paint/outputs/wiki-rfa/wiki-rfa-optuna_20251203-235202/checkpoints exists and is not empty.
LOCAL_RANK: 0 - CUDA_VISIBLE_DEVICES: [1]
Metric val_auc_epoch improved. New best score: 0.584
Metric val_auc_epoch improved by 0.056 >= min_delta = 0.0. New best score: 0.639
Metric val_auc_epoch improved by 0.014 >= min_delta = 0.0. New best score: 0.654
Metric val_auc_epoch improved by 0.012 >= min_delta = 0.0. New best score: 0.666
Metric val_auc_epoch improved by 0.011 >= min_delta = 0.0. New best score: 0.677
Metric val_auc_epoch improved by 0.009 >= min_delta = 0.0. New best score: 0.686
❌ Trial 84 failed: Trial was pruned at epoch 6.
