[I 2025-12-04 17:52:43,870] Trial 39 finished with value: 0.0 and parameters: {'dataset.max_walk_length': 90, 'dataset.num_walks': 749163, 'training.lr': 0.0010041311415097762, 'training.weight_decay': 5.7800094814375374e-05, 'training.batch_size': 32, 'training.gradient_clip_val': 0.43280557101779554, 'training.early_stopping_patience': 6, 'model.nhead': 4, 'model.embedding_dim': 4, 'model.hidden_dim': 128, 'model.nlayers': 3, 'model.dropout': 0.12998560378961882, 'training.epochs': 14}. Best is trial 35 with value: 0.771872878074646.
Seed set to 82

🔬 Trial 40 hyperparameters:
  Walk length: 75, Num walks: 293,793
  LR: 4.78e-04, Batch size: 256
  Model: emb_dim=8, hidden_dim=256
  Transformer: 4 layers, 2 heads
  Epochs: 8, Weighted loss: True
Loading wiki-rfa dataset...
Success! ✅
Splitting edges for wiki-rfa dataset...
Ratios: train=0.480, mask=0.320, val=0.100, test=0.100
Success! ✅
Sampling random walks from wiki-rfa dataset...
Success! ✅
Building tokenizer for wiki-rfa dataset...
Success! ✅
Padding and building stage tensors for wiki-rfa dataset...
Success! ✅
Data creation profiling (seconds):
  get_edge_list: 85.07s
  split_edges: 0.10s
  get_walks: 22.73s
  get_tokenizer: 0.71s
  encode_walks: 11.82s
  pad_and_build_stage_tensors: 1.62s
Creating DataLoaders for wiki-rfa dataset...
Success! ✅
GPU available: True (cuda), used: True
TPU available: False, using: 0 TPU cores
HPU available: False, using: 0 HPUs
/home/eng/shilo_avital/yolo_lab/walk_to_paint/.venv/lib64/python3.9/site-packages/pytorch_lightning/callbacks/model_checkpoint.py:658: Checkpoint directory /home/eng/shilo_avital/yolo_lab/walk_to_paint/outputs/wiki-rfa/wiki-rfa-optuna_20251203-235202/checkpoints exists and is not empty.
LOCAL_RANK: 0 - CUDA_VISIBLE_DEVICES: [1]
Metric val_auc_epoch improved. New best score: 0.537
Metric val_auc_epoch improved by 0.008 >= min_delta = 0.0. New best score: 0.545
Metric val_auc_epoch improved by 0.005 >= min_delta = 0.0. New best score: 0.550
❌ Trial 40 failed: Trial was pruned at epoch 5.
[I 2025-12-04 17:59:22,778] Trial 40 finished with value: 0.0 and parameters: {'dataset.max_walk_length': 75, 'dataset.num_walks': 293793, 'training.lr': 0.0004784701564033656, 'training.weight_decay': 0.0005577921825562407, 'training.batch_size': 256, 'training.gradient_clip_val': 0.5724424318699618, 'training.early_stopping_patience': 14, 'model.nhead': 2, 'model.embedding_dim': 8, 'model.hidden_dim': 256, 'model.nlayers': 4, 'model.dropout': 0.26140661561499795, 'training.epochs': 8}. Best is trial 35 with value: 0.771872878074646.
🧹 Cleaning up old checkpoints and logs (keeping top 10)...
  Removed old checkpoint: trial_30-epoch=04-val_auc_epoch=0.5445.ckpt
  Removed old checkpoint: trial_29-epoch=05-val_auc_epoch=0.7074.ckpt
  Removed old checkpoint: trial_28-epoch=05-val_auc_epoch=0.7156.ckpt
  Removed old checkpoint: trial_27-epoch=09-val_auc_epoch=0.7016.ckpt
  Removed old checkpoint: trial_26-epoch=05-val_auc_epoch=0.7091.ckpt
  Removed old log dir: trial_30
  Removed old log dir: trial_29
  Removed old log dir: trial_28
  Removed old log dir: trial_27
  Removed old log dir: trial_26
Seed set to 83

🔬 Trial 41 hyperparameters:
  Walk length: 86, Num walks: 648,150
  LR: 3.50e-03, Batch size: 256
  Model: emb_dim=32, hidden_dim=4
  Transformer: 5 layers, 2 heads
  Epochs: 11, Weighted loss: True
Loading wiki-rfa dataset...
Success! ✅
Splitting edges for wiki-rfa dataset...
Ratios: train=0.480, mask=0.320, val=0.100, test=0.100
Success! ✅
Sampling random walks from wiki-rfa dataset...
Success! ✅
Building tokenizer for wiki-rfa dataset...
Success! ✅
Padding and building stage tensors for wiki-rfa dataset...
Success! ✅
Data creation profiling (seconds):
  get_edge_list: 84.82s
  split_edges: 0.09s
  get_walks: 50.40s
  get_tokenizer: 1.44s
  encode_walks: 26.50s
  pad_and_build_stage_tensors: 3.57s
Creating DataLoaders for wiki-rfa dataset...
Success! ✅
GPU available: True (cuda), used: True
TPU available: False, using: 0 TPU cores
HPU available: False, using: 0 HPUs
/home/eng/shilo_avital/yolo_lab/walk_to_paint/.venv/lib64/python3.9/site-packages/pytorch_lightning/callbacks/model_checkpoint.py:658: Checkpoint directory /home/eng/shilo_avital/yolo_lab/walk_to_paint/outputs/wiki-rfa/wiki-rfa-optuna_20251203-235202/checkpoints exists and is not empty.
LOCAL_RANK: 0 - CUDA_VISIBLE_DEVICES: [1]
Metric val_auc_epoch improved. New best score: 0.633
Metric val_auc_epoch improved by 0.066 >= min_delta = 0.0. New best score: 0.699
Metric val_auc_epoch improved by 0.022 >= min_delta = 0.0. New best score: 0.721
Metric val_auc_epoch improved by 0.017 >= min_delta = 0.0. New best score: 0.738
Metric val_auc_epoch improved by 0.000 >= min_delta = 0.0. New best score: 0.738
Metric val_auc_epoch improved by 0.010 >= min_delta = 0.0. New best score: 0.748
`Trainer.fit` stopped: `max_epochs=11` reached.
Restoring states from the checkpoint path at /home/eng/shilo_avital/yolo_lab/walk_to_paint/outputs/wiki-rfa/wiki-rfa-optuna_20251203-235202/checkpoints/trial_41-epoch=05-val_auc_epoch=0.7483.ckpt
LOCAL_RANK: 0 - CUDA_VISIBLE_DEVICES: [1]
Loaded model weights from the checkpoint at /home/eng/shilo_avital/yolo_lab/walk_to_paint/outputs/wiki-rfa/wiki-rfa-optuna_20251203-235202/checkpoints/trial_41-epoch=05-val_auc_epoch=0.7483.ckpt
────────────────────────────────────────────────────────────────────────────────────────────────────────────────────────
     Validate metric           DataLoader 0
────────────────────────────────────────────────────────────────────────────────────────────────────────────────────────
          step                     11.0
      val_acc_epoch         0.5341162085533142
      val_auc_epoch         0.7483083605766296
      val_f1_epoch          0.5073950290679932
        val_loss            2.9761626720428467
────────────────────────────────────────────────────────────────────────────────────────────────────────────────────────
✅ Trial 41 completed - Val AUC: 0.7483
[I 2025-12-04 18:18:07,376] Trial 41 finished with value: 0.7483083605766296 and parameters: {'dataset.max_walk_length': 86, 'dataset.num_walks': 648150, 'training.lr': 0.003500381230603188, 'training.weight_decay': 5.572336538328206e-06, 'training.batch_size': 256, 'training.gradient_clip_val': 0.3642220954314565, 'training.early_stopping_patience': 6, 'model.nhead': 2, 'model.embedding_dim': 32, 'model.hidden_dim': 4, 'model.nlayers': 5, 'model.dropout': 0.22642767482378082, 'training.epochs': 11}. Best is trial 35 with value: 0.771872878074646.
Seed set to 84

🔬 Trial 42 hyperparameters:
  Walk length: 87, Num walks: 587,121
  LR: 2.07e-03, Batch size: 256
  Model: emb_dim=32, hidden_dim=4
  Transformer: 5 layers, 2 heads
  Epochs: 11, Weighted loss: True
Loading wiki-rfa dataset...
Success! ✅
Splitting edges for wiki-rfa dataset...
Ratios: train=0.480, mask=0.320, val=0.100, test=0.100
Success! ✅
Sampling random walks from wiki-rfa dataset...
Success! ✅
Building tokenizer for wiki-rfa dataset...
Success! ✅
Padding and building stage tensors for wiki-rfa dataset...
Success! ✅
Data creation profiling (seconds):
  get_edge_list: 4.72s
  split_edges: 0.10s
  get_walks: 45.09s
  get_tokenizer: 1.41s
  encode_walks: 23.89s
  pad_and_build_stage_tensors: 3.08s
Creating DataLoaders for wiki-rfa dataset...
Success! ✅
GPU available: True (cuda), used: True
TPU available: False, using: 0 TPU cores
HPU available: False, using: 0 HPUs
/home/eng/shilo_avital/yolo_lab/walk_to_paint/.venv/lib64/python3.9/site-packages/pytorch_lightning/callbacks/model_checkpoint.py:658: Checkpoint directory /home/eng/shilo_avital/yolo_lab/walk_to_paint/outputs/wiki-rfa/wiki-rfa-optuna_20251203-235202/checkpoints exists and is not empty.
LOCAL_RANK: 0 - CUDA_VISIBLE_DEVICES: [1]
Metric val_auc_epoch improved. New best score: 0.622
Metric val_auc_epoch improved by 0.066 >= min_delta = 0.0. New best score: 0.688
Metric val_auc_epoch improved by 0.040 >= min_delta = 0.0. New best score: 0.729
Metric val_auc_epoch improved by 0.015 >= min_delta = 0.0. New best score: 0.744
Metric val_auc_epoch improved by 0.008 >= min_delta = 0.0. New best score: 0.752
`Trainer.fit` stopped: `max_epochs=11` reached.
Restoring states from the checkpoint path at /home/eng/shilo_avital/yolo_lab/walk_to_paint/outputs/wiki-rfa/wiki-rfa-optuna_20251203-235202/checkpoints/trial_42-epoch=05-val_auc_epoch=0.7519.ckpt
LOCAL_RANK: 0 - CUDA_VISIBLE_DEVICES: [1]
Loaded model weights from the checkpoint at /home/eng/shilo_avital/yolo_lab/walk_to_paint/outputs/wiki-rfa/wiki-rfa-optuna_20251203-235202/checkpoints/trial_42-epoch=05-val_auc_epoch=0.7519.ckpt
────────────────────────────────────────────────────────────────────────────────────────────────────────────────────────
     Validate metric           DataLoader 0
────────────────────────────────────────────────────────────────────────────────────────────────────────────────────────
          step                     11.0
      val_acc_epoch         0.5236273407936096
      val_auc_epoch         0.7518651485443115
      val_f1_epoch          0.4844692051410675
        val_loss             1.954696536064148
────────────────────────────────────────────────────────────────────────────────────────────────────────────────────────
✅ Trial 42 completed - Val AUC: 0.7519
[I 2025-12-04 18:32:29,010] Trial 42 finished with value: 0.7518651485443115 and parameters: {'dataset.max_walk_length': 87, 'dataset.num_walks': 587121, 'training.lr': 0.002071736467926095, 'training.weight_decay': 2.1425176979513614e-05, 'training.batch_size': 256, 'training.gradient_clip_val': 0.34701331252312234, 'training.early_stopping_patience': 6, 'model.nhead': 2, 'model.embedding_dim': 32, 'model.hidden_dim': 4, 'model.nlayers': 5, 'model.dropout': 0.20940478815738403, 'training.epochs': 11}. Best is trial 35 with value: 0.771872878074646.
Seed set to 85

🔬 Trial 43 hyperparameters:
  Walk length: 86, Num walks: 634,826
  LR: 3.94e-03, Batch size: 256
  Model: emb_dim=32, hidden_dim=4
  Transformer: 5 layers, 2 heads
  Epochs: 13, Weighted loss: True
Loading wiki-rfa dataset...
Success! ✅
Splitting edges for wiki-rfa dataset...
Ratios: train=0.480, mask=0.320, val=0.100, test=0.100
Success! ✅
Sampling random walks from wiki-rfa dataset...
Success! ✅
Building tokenizer for wiki-rfa dataset...
Success! ✅
Padding and building stage tensors for wiki-rfa dataset...
Success! ✅
Data creation profiling (seconds):
  get_edge_list: 4.77s
  split_edges: 0.10s
  get_walks: 48.17s
  get_tokenizer: 1.47s
  encode_walks: 25.84s
  pad_and_build_stage_tensors: 3.32s
Creating DataLoaders for wiki-rfa dataset...
Success! ✅
GPU available: True (cuda), used: True
TPU available: False, using: 0 TPU cores
HPU available: False, using: 0 HPUs
/home/eng/shilo_avital/yolo_lab/walk_to_paint/.venv/lib64/python3.9/site-packages/pytorch_lightning/callbacks/model_checkpoint.py:658: Checkpoint directory /home/eng/shilo_avital/yolo_lab/walk_to_paint/outputs/wiki-rfa/wiki-rfa-optuna_20251203-235202/checkpoints exists and is not empty.
LOCAL_RANK: 0 - CUDA_VISIBLE_DEVICES: [1]
Metric val_auc_epoch improved. New best score: 0.689
Metric val_auc_epoch improved by 0.056 >= min_delta = 0.0. New best score: 0.745
Metric val_auc_epoch improved by 0.001 >= min_delta = 0.0. New best score: 0.746
Monitored metric val_auc_epoch did not improve in the last 6 records. Best score: 0.746. Signaling Trainer to stop.
Restoring states from the checkpoint path at /home/eng/shilo_avital/yolo_lab/walk_to_paint/outputs/wiki-rfa/wiki-rfa-optuna_20251203-235202/checkpoints/trial_43-epoch=02-val_auc_epoch=0.7463.ckpt
LOCAL_RANK: 0 - CUDA_VISIBLE_DEVICES: [1]
Loaded model weights from the checkpoint at /home/eng/shilo_avital/yolo_lab/walk_to_paint/outputs/wiki-rfa/wiki-rfa-optuna_20251203-235202/checkpoints/trial_43-epoch=02-val_auc_epoch=0.7463.ckpt
────────────────────────────────────────────────────────────────────────────────────────────────────────────────────────
     Validate metric           DataLoader 0
────────────────────────────────────────────────────────────────────────────────────────────────────────────────────────
          step                      9.0
      val_acc_epoch         0.5428715944290161
      val_auc_epoch         0.7462791800498962
      val_f1_epoch          0.4974159002304077
        val_loss            1.7179954051971436
────────────────────────────────────────────────────────────────────────────────────────────────────────────────────────
✅ Trial 43 completed - Val AUC: 0.7463
[I 2025-12-04 18:45:28,205] Trial 43 finished with value: 0.7462791800498962 and parameters: {'dataset.max_walk_length': 86, 'dataset.num_walks': 634826, 'training.lr': 0.0039429788245813144, 'training.weight_decay': 0.00010119576730485368, 'training.batch_size': 256, 'training.gradient_clip_val': 0.35946688864554144, 'training.early_stopping_patience': 6, 'model.nhead': 2, 'model.embedding_dim': 32, 'model.hidden_dim': 4, 'model.nlayers': 5, 'model.dropout': 0.2034013444610686, 'training.epochs': 13}. Best is trial 35 with value: 0.771872878074646.
Seed set to 86

🔬 Trial 44 hyperparameters:
  Walk length: 90, Num walks: 836,442
  LR: 1.79e-03, Batch size: 256
  Model: emb_dim=32, hidden_dim=4
  Transformer: 5 layers, 2 heads
  Epochs: 11, Weighted loss: True
Loading wiki-rfa dataset...
Success! ✅
Splitting edges for wiki-rfa dataset...
Ratios: train=0.480, mask=0.320, val=0.100, test=0.100
Success! ✅
Sampling random walks from wiki-rfa dataset...
Success! ✅
Building tokenizer for wiki-rfa dataset...
Success! ✅
Padding and building stage tensors for wiki-rfa dataset...
Success! ✅
Data creation profiling (seconds):
  get_edge_list: 4.46s
  split_edges: 0.09s
  get_walks: 63.15s
  get_tokenizer: 1.78s
  encode_walks: 33.21s
  pad_and_build_stage_tensors: 4.47s
Creating DataLoaders for wiki-rfa dataset...
Success! ✅
GPU available: True (cuda), used: True
TPU available: False, using: 0 TPU cores
HPU available: False, using: 0 HPUs
/home/eng/shilo_avital/yolo_lab/walk_to_paint/.venv/lib64/python3.9/site-packages/pytorch_lightning/callbacks/model_checkpoint.py:658: Checkpoint directory /home/eng/shilo_avital/yolo_lab/walk_to_paint/outputs/wiki-rfa/wiki-rfa-optuna_20251203-235202/checkpoints exists and is not empty.
LOCAL_RANK: 0 - CUDA_VISIBLE_DEVICES: [1]
Metric val_auc_epoch improved. New best score: 0.636
Metric val_auc_epoch improved by 0.068 >= min_delta = 0.0. New best score: 0.704
Metric val_auc_epoch improved by 0.041 >= min_delta = 0.0. New best score: 0.746
Metric val_auc_epoch improved by 0.018 >= min_delta = 0.0. New best score: 0.763
Monitored metric val_auc_epoch did not improve in the last 5 records. Best score: 0.763. Signaling Trainer to stop.
Restoring states from the checkpoint path at /home/eng/shilo_avital/yolo_lab/walk_to_paint/outputs/wiki-rfa/wiki-rfa-optuna_20251203-235202/checkpoints/trial_44-epoch=03-val_auc_epoch=0.7633.ckpt
LOCAL_RANK: 0 - CUDA_VISIBLE_DEVICES: [1]
Loaded model weights from the checkpoint at /home/eng/shilo_avital/yolo_lab/walk_to_paint/outputs/wiki-rfa/wiki-rfa-optuna_20251203-235202/checkpoints/trial_44-epoch=03-val_auc_epoch=0.7633.ckpt
────────────────────────────────────────────────────────────────────────────────────────────────────────────────────────
     Validate metric           DataLoader 0
────────────────────────────────────────────────────────────────────────────────────────────────────────────────────────
          step                      9.0
      val_acc_epoch         0.5444190502166748
      val_auc_epoch         0.7633174657821655
      val_f1_epoch          0.49835366010665894
        val_loss            1.8382441997528076
────────────────────────────────────────────────────────────────────────────────────────────────────────────────────────
✅ Trial 44 completed - Val AUC: 0.7633
[I 2025-12-04 19:02:50,780] Trial 44 finished with value: 0.7633174657821655 and parameters: {'dataset.max_walk_length': 90, 'dataset.num_walks': 836442, 'training.lr': 0.0017920228282317565, 'training.weight_decay': 4.554102328001922e-06, 'training.batch_size': 256, 'training.gradient_clip_val': 0.29950242770587965, 'training.early_stopping_patience': 5, 'model.nhead': 2, 'model.embedding_dim': 32, 'model.hidden_dim': 4, 'model.nlayers': 5, 'model.dropout': 0.2558674692983091, 'training.epochs': 11}. Best is trial 35 with value: 0.771872878074646.
Seed set to 87

🔬 Trial 45 hyperparameters:
  Walk length: 100, Num walks: 854,773
  LR: 1.84e-03, Batch size: 256
  Model: emb_dim=32, hidden_dim=8
  Transformer: 6 layers, 8 heads
  Epochs: 12, Weighted loss: True
Loading wiki-rfa dataset...
Success! ✅
Splitting edges for wiki-rfa dataset...
Ratios: train=0.480, mask=0.320, val=0.100, test=0.100
Success! ✅
Sampling random walks from wiki-rfa dataset...
Success! ✅
Building tokenizer for wiki-rfa dataset...
Success! ✅
Padding and building stage tensors for wiki-rfa dataset...
Success! ✅
Data creation profiling (seconds):
  get_edge_list: 4.77s
  split_edges: 0.10s
  get_walks: 64.71s
  get_tokenizer: 1.83s
  encode_walks: 34.84s
  pad_and_build_stage_tensors: 4.74s
Creating DataLoaders for wiki-rfa dataset...
Success! ✅
GPU available: True (cuda), used: True
TPU available: False, using: 0 TPU cores
HPU available: False, using: 0 HPUs
/home/eng/shilo_avital/yolo_lab/walk_to_paint/.venv/lib64/python3.9/site-packages/pytorch_lightning/callbacks/model_checkpoint.py:658: Checkpoint directory /home/eng/shilo_avital/yolo_lab/walk_to_paint/outputs/wiki-rfa/wiki-rfa-optuna_20251203-235202/checkpoints exists and is not empty.
LOCAL_RANK: 0 - CUDA_VISIBLE_DEVICES: [1]
Metric val_auc_epoch improved. New best score: 0.627
Metric val_auc_epoch improved by 0.045 >= min_delta = 0.0. New best score: 0.672
Metric val_auc_epoch improved by 0.013 >= min_delta = 0.0. New best score: 0.685
Metric val_auc_epoch improved by 0.007 >= min_delta = 0.0. New best score: 0.692
Metric val_auc_epoch improved by 0.020 >= min_delta = 0.0. New best score: 0.713
Metric val_auc_epoch improved by 0.017 >= min_delta = 0.0. New best score: 0.730
Metric val_auc_epoch improved by 0.006 >= min_delta = 0.0. New best score: 0.736
Monitored metric val_auc_epoch did not improve in the last 5 records. Best score: 0.736. Signaling Trainer to stop.
`Trainer.fit` stopped: `max_epochs=12` reached.
Restoring states from the checkpoint path at /home/eng/shilo_avital/yolo_lab/walk_to_paint/outputs/wiki-rfa/wiki-rfa-optuna_20251203-235202/checkpoints/trial_45-epoch=06-val_auc_epoch=0.7359.ckpt
LOCAL_RANK: 0 - CUDA_VISIBLE_DEVICES: [1]
Loaded model weights from the checkpoint at /home/eng/shilo_avital/yolo_lab/walk_to_paint/outputs/wiki-rfa/wiki-rfa-optuna_20251203-235202/checkpoints/trial_45-epoch=06-val_auc_epoch=0.7359.ckpt
────────────────────────────────────────────────────────────────────────────────────────────────────────────────────────
     Validate metric           DataLoader 0
────────────────────────────────────────────────────────────────────────────────────────────────────────────────────────
          step                     12.0
      val_acc_epoch          0.530474841594696
      val_auc_epoch         0.7358598113059998
      val_f1_epoch          0.4921846389770508
        val_loss             2.120393991470337
────────────────────────────────────────────────────────────────────────────────────────────────────────────────────────
✅ Trial 45 completed - Val AUC: 0.7359
