[I 2025-12-05 15:46:29,175] Trial 124 finished with value: 0.7401565313339233 and parameters: {'dataset.max_walk_length': 84, 'dataset.num_walks': 748407, 'training.lr': 0.00238637199800374, 'training.weight_decay': 1.56548658286457e-05, 'training.batch_size': 256, 'training.gradient_clip_val': 0.3656475099649763, 'training.early_stopping_patience': 5, 'model.nhead': 2, 'model.embedding_dim': 32, 'model.hidden_dim': 4, 'model.nlayers': 5, 'model.dropout': 0.26394231944879304, 'training.epochs': 25}. Best is trial 87 with value: 0.777931809425354.
Seed set to 167

🔬 Trial 125 hyperparameters:
  Walk length: 91, Num walks: 693,039
  LR: 5.85e-03, Batch size: 256
  Model: emb_dim=32, hidden_dim=4
  Transformer: 5 layers, 16 heads
  Epochs: 13, Weighted loss: True
Loading wiki-rfa dataset...
Success! ✅
Splitting edges for wiki-rfa dataset...
Ratios: train=0.480, mask=0.320, val=0.100, test=0.100
Success! ✅
Sampling random walks from wiki-rfa dataset...
Success! ✅
Building tokenizer for wiki-rfa dataset...
Success! ✅
Padding and building stage tensors for wiki-rfa dataset...
Success! ✅
Data creation profiling (seconds):
  get_edge_list: 4.79s
  split_edges: 0.10s
  get_walks: 52.12s
  get_tokenizer: 1.52s
  encode_walks: 28.04s
  pad_and_build_stage_tensors: 3.64s
Creating DataLoaders for wiki-rfa dataset...
Success! ✅
GPU available: True (cuda), used: True
TPU available: False, using: 0 TPU cores
HPU available: False, using: 0 HPUs
/home/eng/shilo_avital/yolo_lab/walk_to_paint/.venv/lib64/python3.9/site-packages/pytorch_lightning/callbacks/model_checkpoint.py:658: Checkpoint directory /home/eng/shilo_avital/yolo_lab/walk_to_paint/outputs/wiki-rfa/wiki-rfa-optuna_20251203-235202/checkpoints exists and is not empty.
LOCAL_RANK: 0 - CUDA_VISIBLE_DEVICES: [1]
Metric val_auc_epoch improved. New best score: 0.574
Metric val_auc_epoch improved by 0.055 >= min_delta = 0.0. New best score: 0.629
Metric val_auc_epoch improved by 0.021 >= min_delta = 0.0. New best score: 0.650
Metric val_auc_epoch improved by 0.002 >= min_delta = 0.0. New best score: 0.652
Metric val_auc_epoch improved by 0.003 >= min_delta = 0.0. New best score: 0.654
❌ Trial 125 failed: Trial was pruned at epoch 5.
[I 2025-12-05 16:24:41,297] Trial 125 finished with value: 0.0 and parameters: {'dataset.max_walk_length': 91, 'dataset.num_walks': 693039, 'training.lr': 0.005845816571663473, 'training.weight_decay': 0.0002031363109657598, 'training.batch_size': 256, 'training.gradient_clip_val': 0.185296343863785, 'training.early_stopping_patience': 7, 'model.nhead': 16, 'model.embedding_dim': 32, 'model.hidden_dim': 4, 'model.nlayers': 5, 'model.dropout': 0.18539507756402185, 'training.epochs': 13}. Best is trial 87 with value: 0.777931809425354.
🧹 Cleaning up old checkpoints and logs (keeping top 10)...
  Removed old checkpoint: trial_115-epoch=05-val_auc_epoch=0.6987.ckpt
  Removed old checkpoint: trial_114-epoch=05-val_auc_epoch=0.7162.ckpt
  Removed old checkpoint: trial_113-epoch=03-val_auc_epoch=0.7298.ckpt
  Removed old checkpoint: trial_112-epoch=03-val_auc_epoch=0.7289.ckpt
  Removed old checkpoint: trial_111-epoch=05-val_auc_epoch=0.7203.ckpt
  Removed old log dir: trial_115
  Removed old log dir: trial_114
  Removed old log dir: trial_113
  Removed old log dir: trial_112
  Removed old log dir: trial_111
Seed set to 168

🔬 Trial 126 hyperparameters:
  Walk length: 17, Num walks: 520,562
  LR: 2.01e-03, Batch size: 256
  Model: emb_dim=64, hidden_dim=256
  Transformer: 5 layers, 2 heads
  Epochs: 12, Weighted loss: True
Loading wiki-rfa dataset...
Success! ✅
Splitting edges for wiki-rfa dataset...
Ratios: train=0.480, mask=0.320, val=0.100, test=0.100
Success! ✅
Sampling random walks from wiki-rfa dataset...
Success! ✅
Building tokenizer for wiki-rfa dataset...
Success! ✅
Padding and building stage tensors for wiki-rfa dataset...
Success! ✅
Data creation profiling (seconds):
  get_edge_list: 84.79s
  split_edges: 0.10s
  get_walks: 39.01s
  get_tokenizer: 1.09s
  encode_walks: 19.22s
  pad_and_build_stage_tensors: 2.53s
Creating DataLoaders for wiki-rfa dataset...
Success! ✅
GPU available: True (cuda), used: True
TPU available: False, using: 0 TPU cores
HPU available: False, using: 0 HPUs
/home/eng/shilo_avital/yolo_lab/walk_to_paint/.venv/lib64/python3.9/site-packages/pytorch_lightning/callbacks/model_checkpoint.py:658: Checkpoint directory /home/eng/shilo_avital/yolo_lab/walk_to_paint/outputs/wiki-rfa/wiki-rfa-optuna_20251203-235202/checkpoints exists and is not empty.
LOCAL_RANK: 0 - CUDA_VISIBLE_DEVICES: [1]
Metric val_auc_epoch improved. New best score: 0.497
Metric val_auc_epoch improved by 0.003 >= min_delta = 0.0. New best score: 0.500
Metric val_auc_epoch improved by 0.006 >= min_delta = 0.0. New best score: 0.506
Metric val_auc_epoch improved by 0.022 >= min_delta = 0.0. New best score: 0.528
❌ Trial 126 failed: Trial was pruned at epoch 5.
[I 2025-12-05 16:30:28,033] Trial 126 finished with value: 0.0 and parameters: {'dataset.max_walk_length': 17, 'dataset.num_walks': 520562, 'training.lr': 0.0020068186643791655, 'training.weight_decay': 9.361549361316117e-05, 'training.batch_size': 256, 'training.gradient_clip_val': 0.30209127797900526, 'training.early_stopping_patience': 6, 'model.nhead': 2, 'model.embedding_dim': 64, 'model.hidden_dim': 256, 'model.nlayers': 5, 'model.dropout': 0.20412487716432595, 'training.epochs': 12}. Best is trial 87 with value: 0.777931809425354.
Seed set to 169

🔬 Trial 127 hyperparameters:
  Walk length: 24, Num walks: 926,417
  LR: 4.26e-03, Batch size: 32
  Model: emb_dim=4, hidden_dim=4
  Transformer: 6 layers, 2 heads
  Epochs: 14, Weighted loss: True
Loading wiki-rfa dataset...
Success! ✅
Splitting edges for wiki-rfa dataset...
Ratios: train=0.480, mask=0.320, val=0.100, test=0.100
Success! ✅
Sampling random walks from wiki-rfa dataset...
Success! ✅
Building tokenizer for wiki-rfa dataset...
Success! ✅
Padding and building stage tensors for wiki-rfa dataset...
Success! ✅
Data creation profiling (seconds):
  get_edge_list: 84.88s
  split_edges: 0.10s
  get_walks: 70.52s
  get_tokenizer: 2.04s
  encode_walks: 37.17s
  pad_and_build_stage_tensors: 4.54s
Creating DataLoaders for wiki-rfa dataset...
Success! ✅
GPU available: True (cuda), used: True
TPU available: False, using: 0 TPU cores
HPU available: False, using: 0 HPUs
/home/eng/shilo_avital/yolo_lab/walk_to_paint/.venv/lib64/python3.9/site-packages/pytorch_lightning/callbacks/model_checkpoint.py:658: Checkpoint directory /home/eng/shilo_avital/yolo_lab/walk_to_paint/outputs/wiki-rfa/wiki-rfa-optuna_20251203-235202/checkpoints exists and is not empty.
LOCAL_RANK: 0 - CUDA_VISIBLE_DEVICES: [1]
Metric val_auc_epoch improved. New best score: 0.500
Metric val_auc_epoch improved by 0.003 >= min_delta = 0.0. New best score: 0.503
❌ Trial 127 failed: Trial was pruned at epoch 5.
[I 2025-12-05 17:21:55,838] Trial 127 finished with value: 0.0 and parameters: {'dataset.max_walk_length': 24, 'dataset.num_walks': 926417, 'training.lr': 0.004259073220437989, 'training.weight_decay': 2.594438360532317e-05, 'training.batch_size': 32, 'training.gradient_clip_val': 0.13351002274526838, 'training.early_stopping_patience': 9, 'model.nhead': 2, 'model.embedding_dim': 4, 'model.hidden_dim': 4, 'model.nlayers': 6, 'model.dropout': 0.2344765732701376, 'training.epochs': 14}. Best is trial 87 with value: 0.777931809425354.
Seed set to 170

🔬 Trial 128 hyperparameters:
  Walk length: 60, Num walks: 595,127
  LR: 5.31e-04, Batch size: 256
  Model: emb_dim=32, hidden_dim=4
  Transformer: 5 layers, 8 heads
  Epochs: 20, Weighted loss: True
Loading wiki-rfa dataset...
Success! ✅
Splitting edges for wiki-rfa dataset...
Ratios: train=0.480, mask=0.320, val=0.100, test=0.100
Success! ✅
Sampling random walks from wiki-rfa dataset...
Success! ✅
Building tokenizer for wiki-rfa dataset...
Success! ✅
Padding and building stage tensors for wiki-rfa dataset...
Success! ✅
Data creation profiling (seconds):
  get_edge_list: 85.00s
  split_edges: 0.10s
  get_walks: 45.86s
  get_tokenizer: 1.42s
  encode_walks: 24.10s
  pad_and_build_stage_tensors: 3.11s
Creating DataLoaders for wiki-rfa dataset...
Success! ✅
GPU available: True (cuda), used: True
TPU available: False, using: 0 TPU cores
HPU available: False, using: 0 HPUs
/home/eng/shilo_avital/yolo_lab/walk_to_paint/.venv/lib64/python3.9/site-packages/pytorch_lightning/callbacks/model_checkpoint.py:658: Checkpoint directory /home/eng/shilo_avital/yolo_lab/walk_to_paint/outputs/wiki-rfa/wiki-rfa-optuna_20251203-235202/checkpoints exists and is not empty.
LOCAL_RANK: 0 - CUDA_VISIBLE_DEVICES: [1]
Metric val_auc_epoch improved. New best score: 0.562
Metric val_auc_epoch improved by 0.020 >= min_delta = 0.0. New best score: 0.582
Metric val_auc_epoch improved by 0.023 >= min_delta = 0.0. New best score: 0.605
Metric val_auc_epoch improved by 0.014 >= min_delta = 0.0. New best score: 0.619
Metric val_auc_epoch improved by 0.012 >= min_delta = 0.0. New best score: 0.631
❌ Trial 128 failed: Trial was pruned at epoch 5.
[I 2025-12-05 17:29:55,045] Trial 128 finished with value: 0.0 and parameters: {'dataset.max_walk_length': 60, 'dataset.num_walks': 595127, 'training.lr': 0.0005307686173124031, 'training.weight_decay': 7.866285138480795e-06, 'training.batch_size': 256, 'training.gradient_clip_val': 0.22869421234012735, 'training.early_stopping_patience': 5, 'model.nhead': 8, 'model.embedding_dim': 32, 'model.hidden_dim': 4, 'model.nlayers': 5, 'model.dropout': 0.11681045120356895, 'training.epochs': 20}. Best is trial 87 with value: 0.777931809425354.
Seed set to 171

🔬 Trial 129 hyperparameters:
  Walk length: 93, Num walks: 873,490
  LR: 8.98e-04, Batch size: 64
  Model: emb_dim=128, hidden_dim=64
  Transformer: 4 layers, 2 heads
  Epochs: 10, Weighted loss: True
Loading wiki-rfa dataset...
Success! ✅
Splitting edges for wiki-rfa dataset...
Ratios: train=0.480, mask=0.320, val=0.100, test=0.100
Success! ✅
Sampling random walks from wiki-rfa dataset...
Success! ✅
Building tokenizer for wiki-rfa dataset...
Success! ✅
Padding and building stage tensors for wiki-rfa dataset...
Success! ✅
Data creation profiling (seconds):
  get_edge_list: 84.85s
  split_edges: 0.10s
  get_walks: 68.14s
  get_tokenizer: 1.87s
  encode_walks: 37.11s
  pad_and_build_stage_tensors: 4.60s
Creating DataLoaders for wiki-rfa dataset...
Success! ✅
GPU available: True (cuda), used: True
TPU available: False, using: 0 TPU cores
HPU available: False, using: 0 HPUs
/home/eng/shilo_avital/yolo_lab/walk_to_paint/.venv/lib64/python3.9/site-packages/pytorch_lightning/callbacks/model_checkpoint.py:658: Checkpoint directory /home/eng/shilo_avital/yolo_lab/walk_to_paint/outputs/wiki-rfa/wiki-rfa-optuna_20251203-235202/checkpoints exists and is not empty.
LOCAL_RANK: 0 - CUDA_VISIBLE_DEVICES: [1]
Metric val_auc_epoch improved. New best score: 0.555
Metric val_auc_epoch improved by 0.004 >= min_delta = 0.0. New best score: 0.559
Metric val_auc_epoch improved by 0.003 >= min_delta = 0.0. New best score: 0.563
❌ Trial 129 failed: Trial was pruned at epoch 5.
[I 2025-12-05 17:52:54,216] Trial 129 finished with value: 0.0 and parameters: {'dataset.max_walk_length': 93, 'dataset.num_walks': 873490, 'training.lr': 0.0008976444191398429, 'training.weight_decay': 4.79103853669869e-06, 'training.batch_size': 64, 'training.gradient_clip_val': 0.33715451407575203, 'training.early_stopping_patience': 10, 'model.nhead': 2, 'model.embedding_dim': 128, 'model.hidden_dim': 64, 'model.nlayers': 4, 'model.dropout': 0.28958791775165726, 'training.epochs': 10}. Best is trial 87 with value: 0.777931809425354.
Seed set to 172

🔬 Trial 130 hyperparameters:
  Walk length: 83, Num walks: 752,578
  LR: 3.52e-03, Batch size: 256
  Model: emb_dim=32, hidden_dim=16
  Transformer: 5 layers, 1 heads
  Epochs: 11, Weighted loss: True
Loading wiki-rfa dataset...
Success! ✅
Splitting edges for wiki-rfa dataset...
Ratios: train=0.480, mask=0.320, val=0.100, test=0.100
Success! ✅
Sampling random walks from wiki-rfa dataset...
Success! ✅
Building tokenizer for wiki-rfa dataset...
Success! ✅
Padding and building stage tensors for wiki-rfa dataset...
Success! ✅
Data creation profiling (seconds):
  get_edge_list: 84.77s
  split_edges: 0.10s
  get_walks: 59.13s
  get_tokenizer: 1.64s
  encode_walks: 31.69s
  pad_and_build_stage_tensors: 3.90s
Creating DataLoaders for wiki-rfa dataset...
Success! ✅
/home/eng/shilo_avital/yolo_lab/walk_to_paint/.venv/lib64/python3.9/site-packages/torch/nn/modules/transformer.py:382: UserWarning: enable_nested_tensor is True, but self.use_nested_tensor is False because encoder_layer.self_attn.num_heads is odd
  warnings.warn(
GPU available: True (cuda), used: True
TPU available: False, using: 0 TPU cores
HPU available: False, using: 0 HPUs
/home/eng/shilo_avital/yolo_lab/walk_to_paint/.venv/lib64/python3.9/site-packages/pytorch_lightning/callbacks/model_checkpoint.py:658: Checkpoint directory /home/eng/shilo_avital/yolo_lab/walk_to_paint/outputs/wiki-rfa/wiki-rfa-optuna_20251203-235202/checkpoints exists and is not empty.
LOCAL_RANK: 0 - CUDA_VISIBLE_DEVICES: [1]
Metric val_auc_epoch improved. New best score: 0.682
Metric val_auc_epoch improved by 0.051 >= min_delta = 0.0. New best score: 0.734
Metric val_auc_epoch improved by 0.011 >= min_delta = 0.0. New best score: 0.745
`Trainer.fit` stopped: `max_epochs=11` reached.
Restoring states from the checkpoint path at /home/eng/shilo_avital/yolo_lab/walk_to_paint/outputs/wiki-rfa/wiki-rfa-optuna_20251203-235202/checkpoints/trial_130-epoch=04-val_auc_epoch=0.7451.ckpt
LOCAL_RANK: 0 - CUDA_VISIBLE_DEVICES: [1]
Loaded model weights from the checkpoint at /home/eng/shilo_avital/yolo_lab/walk_to_paint/outputs/wiki-rfa/wiki-rfa-optuna_20251203-235202/checkpoints/trial_130-epoch=04-val_auc_epoch=0.7451.ckpt
────────────────────────────────────────────────────────────────────────────────────────────────────────────────────────
     Validate metric           DataLoader 0
────────────────────────────────────────────────────────────────────────────────────────────────────────────────────────
          step                     11.0
      val_acc_epoch         0.5126539468765259
      val_auc_epoch         0.7451128363609314
      val_f1_epoch          0.4924677610397339
        val_loss             2.575986862182617
────────────────────────────────────────────────────────────────────────────────────────────────────────────────────────
✅ Trial 130 completed - Val AUC: 0.7451
[I 2025-12-05 18:05:33,614] Trial 130 finished with value: 0.7451128363609314 and parameters: {'dataset.max_walk_length': 83, 'dataset.num_walks': 752578, 'training.lr': 0.0035178847003759298, 'training.weight_decay': 0.00014420053218608855, 'training.batch_size': 256, 'training.gradient_clip_val': 0.5598120437306924, 'training.early_stopping_patience': 12, 'model.nhead': 1, 'model.embedding_dim': 32, 'model.hidden_dim': 16, 'model.nlayers': 5, 'model.dropout': 0.07192795548550543, 'training.epochs': 11}. Best is trial 87 with value: 0.777931809425354.
🧹 Cleaning up old checkpoints and logs (keeping top 10)...
  Removed old checkpoint: trial_120-epoch=05-val_auc_epoch=0.6935.ckpt
  Removed old checkpoint: trial_119-epoch=03-val_auc_epoch=0.5585.ckpt
  Removed old checkpoint: trial_118-epoch=04-val_auc_epoch=0.6682.ckpt
  Removed old checkpoint: trial_117-epoch=01-val_auc_epoch=0.5012.ckpt
  Removed old checkpoint: trial_116-epoch=03-val_auc_epoch=0.7360.ckpt
  Removed old log dir: trial_120
  Removed old log dir: trial_119
  Removed old log dir: trial_118
  Removed old log dir: trial_117
  Removed old log dir: trial_116
Seed set to 173

🔬 Trial 131 hyperparameters:
  Walk length: 87, Num walks: 669,228
  LR: 2.83e-03, Batch size: 256
  Model: emb_dim=32, hidden_dim=4
  Transformer: 5 layers, 2 heads
  Epochs: 12, Weighted loss: True
Loading wiki-rfa dataset...
Success! ✅
Splitting edges for wiki-rfa dataset...
Ratios: train=0.480, mask=0.320, val=0.100, test=0.100
Success! ✅
Sampling random walks from wiki-rfa dataset...
Success! ✅
Building tokenizer for wiki-rfa dataset...
Success! ✅
Padding and building stage tensors for wiki-rfa dataset...
Success! ✅
Data creation profiling (seconds):
  get_edge_list: 4.45s
  split_edges: 0.10s
  get_walks: 51.91s
  get_tokenizer: 1.48s
  encode_walks: 28.40s
  pad_and_build_stage_tensors: 3.55s
Creating DataLoaders for wiki-rfa dataset...
Success! ✅
GPU available: True (cuda), used: True
TPU available: False, using: 0 TPU cores
HPU available: False, using: 0 HPUs
/home/eng/shilo_avital/yolo_lab/walk_to_paint/.venv/lib64/python3.9/site-packages/pytorch_lightning/callbacks/model_checkpoint.py:658: Checkpoint directory /home/eng/shilo_avital/yolo_lab/walk_to_paint/outputs/wiki-rfa/wiki-rfa-optuna_20251203-235202/checkpoints exists and is not empty.
LOCAL_RANK: 0 - CUDA_VISIBLE_DEVICES: [1]
Metric val_auc_epoch improved. New best score: 0.629
Metric val_auc_epoch improved by 0.039 >= min_delta = 0.0. New best score: 0.668
Metric val_auc_epoch improved by 0.036 >= min_delta = 0.0. New best score: 0.704
Metric val_auc_epoch improved by 0.009 >= min_delta = 0.0. New best score: 0.713
Metric val_auc_epoch improved by 0.002 >= min_delta = 0.0. New best score: 0.715
Metric val_auc_epoch improved by 0.003 >= min_delta = 0.0. New best score: 0.717
❌ Trial 131 failed: Trial was pruned at epoch 7.
[I 2025-12-05 18:14:02,190] Trial 131 finished with value: 0.0 and parameters: {'dataset.max_walk_length': 87, 'dataset.num_walks': 669228, 'training.lr': 0.0028253196277492807, 'training.weight_decay': 7.554693561066533e-05, 'training.batch_size': 256, 'training.gradient_clip_val': 0.14677701203392535, 'training.early_stopping_patience': 5, 'model.nhead': 2, 'model.embedding_dim': 32, 'model.hidden_dim': 4, 'model.nlayers': 5, 'model.dropout': 0.2143263553779166, 'training.epochs': 12}. Best is trial 87 with value: 0.777931809425354.
Seed set to 174

🔬 Trial 132 hyperparameters:
  Walk length: 88, Num walks: 794,482
  LR: 1.73e-03, Batch size: 256
  Model: emb_dim=32, hidden_dim=4
  Transformer: 5 layers, 2 heads
  Epochs: 13, Weighted loss: True
Loading wiki-rfa dataset...
Success! ✅
Splitting edges for wiki-rfa dataset...
Ratios: train=0.480, mask=0.320, val=0.100, test=0.100
Success! ✅
Sampling random walks from wiki-rfa dataset...
Success! ✅
Building tokenizer for wiki-rfa dataset...
Success! ✅
Padding and building stage tensors for wiki-rfa dataset...
Success! ✅
Data creation profiling (seconds):
  get_edge_list: 84.84s
  split_edges: 0.10s
  get_walks: 62.11s
  get_tokenizer: 1.71s
  encode_walks: 33.48s
  pad_and_build_stage_tensors: 4.24s
Creating DataLoaders for wiki-rfa dataset...
Success! ✅
GPU available: True (cuda), used: True
TPU available: False, using: 0 TPU cores
HPU available: False, using: 0 HPUs
/home/eng/shilo_avital/yolo_lab/walk_to_paint/.venv/lib64/python3.9/site-packages/pytorch_lightning/callbacks/model_checkpoint.py:658: Checkpoint directory /home/eng/shilo_avital/yolo_lab/walk_to_paint/outputs/wiki-rfa/wiki-rfa-optuna_20251203-235202/checkpoints exists and is not empty.
LOCAL_RANK: 0 - CUDA_VISIBLE_DEVICES: [1]
Metric val_auc_epoch improved. New best score: 0.612
Metric val_auc_epoch improved by 0.050 >= min_delta = 0.0. New best score: 0.662
Metric val_auc_epoch improved by 0.029 >= min_delta = 0.0. New best score: 0.691
Metric val_auc_epoch improved by 0.025 >= min_delta = 0.0. New best score: 0.716
Metric val_auc_epoch improved by 0.010 >= min_delta = 0.0. New best score: 0.725
Metric val_auc_epoch improved by 0.004 >= min_delta = 0.0. New best score: 0.729
❌ Trial 132 failed: Trial was pruned at epoch 8.
