[I 2025-12-06 06:09:35,945] Trial 189 finished with value: 0.7453133463859558 and parameters: {'dataset.max_walk_length': 20, 'dataset.num_walks': 767597, 'training.lr': 0.001693344076866861, 'training.weight_decay': 5.863270253586649e-06, 'training.batch_size': 256, 'training.gradient_clip_val': 0.5874268930091587, 'training.early_stopping_patience': 11, 'model.nhead': 2, 'model.embedding_dim': 64, 'model.hidden_dim': 8, 'model.nlayers': 4, 'model.dropout': 0.07230913014913805, 'training.epochs': 12}. Best is trial 87 with value: 0.777931809425354.
Seed set to 232

🔬 Trial 190 hyperparameters:
  Walk length: 90, Num walks: 938,029
  LR: 1.43e-03, Batch size: 64
  Model: emb_dim=64, hidden_dim=8
  Transformer: 4 layers, 8 heads
  Epochs: 11, Weighted loss: True
Loading wiki-rfa dataset...
Success! ✅
Splitting edges for wiki-rfa dataset...
Ratios: train=0.480, mask=0.320, val=0.100, test=0.100
Success! ✅
Sampling random walks from wiki-rfa dataset...
Success! ✅
Building tokenizer for wiki-rfa dataset...
Success! ✅
Padding and building stage tensors for wiki-rfa dataset...
Success! ✅
Data creation profiling (seconds):
  get_edge_list: 4.54s
  split_edges: 0.09s
  get_walks: 72.22s
  get_tokenizer: 1.98s
  encode_walks: 37.37s
  pad_and_build_stage_tensors: 4.81s
Creating DataLoaders for wiki-rfa dataset...
Success! ✅
GPU available: True (cuda), used: True
TPU available: False, using: 0 TPU cores
HPU available: False, using: 0 HPUs
/home/eng/shilo_avital/yolo_lab/walk_to_paint/.venv/lib64/python3.9/site-packages/pytorch_lightning/callbacks/model_checkpoint.py:658: Checkpoint directory /home/eng/shilo_avital/yolo_lab/walk_to_paint/outputs/wiki-rfa/wiki-rfa-optuna_20251203-235202/checkpoints exists and is not empty.
LOCAL_RANK: 0 - CUDA_VISIBLE_DEVICES: [1]
Metric val_auc_epoch improved. New best score: 0.664
Metric val_auc_epoch improved by 0.043 >= min_delta = 0.0. New best score: 0.706
Metric val_auc_epoch improved by 0.010 >= min_delta = 0.0. New best score: 0.716
Metric val_auc_epoch improved by 0.002 >= min_delta = 0.0. New best score: 0.718
Metric val_auc_epoch improved by 0.007 >= min_delta = 0.0. New best score: 0.726
Metric val_auc_epoch improved by 0.004 >= min_delta = 0.0. New best score: 0.730
❌ Trial 190 failed: Trial was pruned at epoch 8.
[I 2025-12-06 06:44:47,905] Trial 190 finished with value: 0.0 and parameters: {'dataset.max_walk_length': 90, 'dataset.num_walks': 938029, 'training.lr': 0.0014283484675309366, 'training.weight_decay': 8.453165456610684e-06, 'training.batch_size': 64, 'training.gradient_clip_val': 0.958638455444851, 'training.early_stopping_patience': 11, 'model.nhead': 8, 'model.embedding_dim': 64, 'model.hidden_dim': 8, 'model.nlayers': 4, 'model.dropout': 0.10816194535319998, 'training.epochs': 11}. Best is trial 87 with value: 0.777931809425354.
🧹 Cleaning up old checkpoints and logs (keeping top 10)...
  Removed old checkpoint: trial_180-epoch=04-val_auc_epoch=0.7229.ckpt
  Removed old checkpoint: trial_179-epoch=04-val_auc_epoch=0.7108.ckpt
  Removed old checkpoint: trial_178-epoch=08-val_auc_epoch=0.7321.ckpt
  Removed old checkpoint: trial_177-epoch=05-val_auc_epoch=0.7343.ckpt
  Removed old checkpoint: trial_176-epoch=03-val_auc_epoch=0.7196.ckpt
  Removed old log dir: trial_180
  Removed old log dir: trial_179
  Removed old log dir: trial_178
  Removed old log dir: trial_177
  Removed old log dir: trial_176
Seed set to 233

🔬 Trial 191 hyperparameters:
  Walk length: 84, Num walks: 804,414
  LR: 2.25e-03, Batch size: 256
  Model: emb_dim=64, hidden_dim=8
  Transformer: 4 layers, 2 heads
  Epochs: 12, Weighted loss: True
Loading wiki-rfa dataset...
Success! ✅
Splitting edges for wiki-rfa dataset...
Ratios: train=0.480, mask=0.320, val=0.100, test=0.100
Success! ✅
Sampling random walks from wiki-rfa dataset...
Success! ✅
Building tokenizer for wiki-rfa dataset...
Success! ✅
Padding and building stage tensors for wiki-rfa dataset...
Success! ✅
Data creation profiling (seconds):
  get_edge_list: 84.81s
  split_edges: 0.10s
  get_walks: 62.06s
  get_tokenizer: 1.69s
  encode_walks: 33.57s
  pad_and_build_stage_tensors: 4.25s
Creating DataLoaders for wiki-rfa dataset...
Success! ✅
GPU available: True (cuda), used: True
TPU available: False, using: 0 TPU cores
HPU available: False, using: 0 HPUs
/home/eng/shilo_avital/yolo_lab/walk_to_paint/.venv/lib64/python3.9/site-packages/pytorch_lightning/callbacks/model_checkpoint.py:658: Checkpoint directory /home/eng/shilo_avital/yolo_lab/walk_to_paint/outputs/wiki-rfa/wiki-rfa-optuna_20251203-235202/checkpoints exists and is not empty.
LOCAL_RANK: 0 - CUDA_VISIBLE_DEVICES: [1]
Metric val_auc_epoch improved. New best score: 0.716
Metric val_auc_epoch improved by 0.021 >= min_delta = 0.0. New best score: 0.736
Metric val_auc_epoch improved by 0.001 >= min_delta = 0.0. New best score: 0.738
Metric val_auc_epoch improved by 0.005 >= min_delta = 0.0. New best score: 0.743
`Trainer.fit` stopped: `max_epochs=12` reached.
Restoring states from the checkpoint path at /home/eng/shilo_avital/yolo_lab/walk_to_paint/outputs/wiki-rfa/wiki-rfa-optuna_20251203-235202/checkpoints/trial_191-epoch=04-val_auc_epoch=0.7432.ckpt
LOCAL_RANK: 0 - CUDA_VISIBLE_DEVICES: [1]
Loaded model weights from the checkpoint at /home/eng/shilo_avital/yolo_lab/walk_to_paint/outputs/wiki-rfa/wiki-rfa-optuna_20251203-235202/checkpoints/trial_191-epoch=04-val_auc_epoch=0.7432.ckpt
❌ Trial 191 failed: Trial was pruned at epoch 12.
[I 2025-12-06 07:00:27,548] Trial 191 finished with value: 0.0 and parameters: {'dataset.max_walk_length': 84, 'dataset.num_walks': 804414, 'training.lr': 0.0022489981947310246, 'training.weight_decay': 4.166962627504964e-06, 'training.batch_size': 256, 'training.gradient_clip_val': 1.0163809921541982, 'training.early_stopping_patience': 12, 'model.nhead': 2, 'model.embedding_dim': 64, 'model.hidden_dim': 8, 'model.nlayers': 4, 'model.dropout': 0.09160604187532274, 'training.epochs': 12}. Best is trial 87 with value: 0.777931809425354.
Seed set to 234

🔬 Trial 192 hyperparameters:
  Walk length: 89, Num walks: 711,492
  LR: 1.91e-03, Batch size: 256
  Model: emb_dim=64, hidden_dim=32
  Transformer: 4 layers, 2 heads
  Epochs: 12, Weighted loss: True
Loading wiki-rfa dataset...
Success! ✅
Splitting edges for wiki-rfa dataset...
Ratios: train=0.480, mask=0.320, val=0.100, test=0.100
Success! ✅
Sampling random walks from wiki-rfa dataset...
Success! ✅
Building tokenizer for wiki-rfa dataset...
Success! ✅
Padding and building stage tensors for wiki-rfa dataset...
Success! ✅
Data creation profiling (seconds):
  get_edge_list: 4.53s
  split_edges: 0.10s
  get_walks: 55.31s
  get_tokenizer: 1.53s
  encode_walks: 29.16s
  pad_and_build_stage_tensors: 3.78s
Creating DataLoaders for wiki-rfa dataset...
Success! ✅
GPU available: True (cuda), used: True
TPU available: False, using: 0 TPU cores
HPU available: False, using: 0 HPUs
/home/eng/shilo_avital/yolo_lab/walk_to_paint/.venv/lib64/python3.9/site-packages/pytorch_lightning/callbacks/model_checkpoint.py:658: Checkpoint directory /home/eng/shilo_avital/yolo_lab/walk_to_paint/outputs/wiki-rfa/wiki-rfa-optuna_20251203-235202/checkpoints exists and is not empty.
LOCAL_RANK: 0 - CUDA_VISIBLE_DEVICES: [1]
Metric val_auc_epoch improved. New best score: 0.698
Metric val_auc_epoch improved by 0.017 >= min_delta = 0.0. New best score: 0.715
Metric val_auc_epoch improved by 0.014 >= min_delta = 0.0. New best score: 0.729
Metric val_auc_epoch improved by 0.005 >= min_delta = 0.0. New best score: 0.734
❌ Trial 192 failed: Trial was pruned at epoch 9.
[I 2025-12-06 07:11:26,294] Trial 192 finished with value: 0.0 and parameters: {'dataset.max_walk_length': 89, 'dataset.num_walks': 711492, 'training.lr': 0.0019071331513106496, 'training.weight_decay': 2.6117112124664694e-06, 'training.batch_size': 256, 'training.gradient_clip_val': 0.8588014775536595, 'training.early_stopping_patience': 10, 'model.nhead': 2, 'model.embedding_dim': 64, 'model.hidden_dim': 32, 'model.nlayers': 4, 'model.dropout': 0.08031032055838122, 'training.epochs': 12}. Best is trial 87 with value: 0.777931809425354.
Seed set to 235

🔬 Trial 193 hyperparameters:
  Walk length: 88, Num walks: 658,391
  LR: 2.73e-03, Batch size: 256
  Model: emb_dim=64, hidden_dim=8
  Transformer: 4 layers, 2 heads
  Epochs: 14, Weighted loss: True
Loading wiki-rfa dataset...
Success! ✅
Splitting edges for wiki-rfa dataset...
Ratios: train=0.480, mask=0.320, val=0.100, test=0.100
Success! ✅
Sampling random walks from wiki-rfa dataset...
Success! ✅
Building tokenizer for wiki-rfa dataset...
Success! ✅
Padding and building stage tensors for wiki-rfa dataset...
Success! ✅
Data creation profiling (seconds):
  get_edge_list: 84.64s
  split_edges: 0.09s
  get_walks: 51.19s
  get_tokenizer: 1.42s
  encode_walks: 26.70s
  pad_and_build_stage_tensors: 3.37s
Creating DataLoaders for wiki-rfa dataset...
Success! ✅
GPU available: True (cuda), used: True
TPU available: False, using: 0 TPU cores
HPU available: False, using: 0 HPUs
/home/eng/shilo_avital/yolo_lab/walk_to_paint/.venv/lib64/python3.9/site-packages/pytorch_lightning/callbacks/model_checkpoint.py:658: Checkpoint directory /home/eng/shilo_avital/yolo_lab/walk_to_paint/outputs/wiki-rfa/wiki-rfa-optuna_20251203-235202/checkpoints exists and is not empty.
LOCAL_RANK: 0 - CUDA_VISIBLE_DEVICES: [1]
Metric val_auc_epoch improved. New best score: 0.663
Metric val_auc_epoch improved by 0.022 >= min_delta = 0.0. New best score: 0.685
Metric val_auc_epoch improved by 0.020 >= min_delta = 0.0. New best score: 0.706
Metric val_auc_epoch improved by 0.016 >= min_delta = 0.0. New best score: 0.722
Metric val_auc_epoch improved by 0.015 >= min_delta = 0.0. New best score: 0.737
Metric val_auc_epoch improved by 0.003 >= min_delta = 0.0. New best score: 0.740
❌ Trial 193 failed: Trial was pruned at epoch 12.
[I 2025-12-06 07:25:23,381] Trial 193 finished with value: 0.0 and parameters: {'dataset.max_walk_length': 88, 'dataset.num_walks': 658391, 'training.lr': 0.002731033090444149, 'training.weight_decay': 1.2023162780551142e-06, 'training.batch_size': 256, 'training.gradient_clip_val': 0.384157284486902, 'training.early_stopping_patience': 11, 'model.nhead': 2, 'model.embedding_dim': 64, 'model.hidden_dim': 8, 'model.nlayers': 4, 'model.dropout': 0.2498981488075639, 'training.epochs': 14}. Best is trial 87 with value: 0.777931809425354.
Seed set to 236

🔬 Trial 194 hyperparameters:
  Walk length: 86, Num walks: 589,237
  LR: 5.33e-04, Batch size: 256
  Model: emb_dim=64, hidden_dim=256
  Transformer: 5 layers, 2 heads
  Epochs: 12, Weighted loss: True
Loading wiki-rfa dataset...
Success! ✅
Splitting edges for wiki-rfa dataset...
Ratios: train=0.480, mask=0.320, val=0.100, test=0.100
Success! ✅
Sampling random walks from wiki-rfa dataset...
Success! ✅
Building tokenizer for wiki-rfa dataset...
Success! ✅
Padding and building stage tensors for wiki-rfa dataset...
Success! ✅
Data creation profiling (seconds):
  get_edge_list: 84.64s
  split_edges: 0.10s
  get_walks: 45.39s
  get_tokenizer: 1.44s
  encode_walks: 24.12s
  pad_and_build_stage_tensors: 3.20s
Creating DataLoaders for wiki-rfa dataset...
Success! ✅
GPU available: True (cuda), used: True
TPU available: False, using: 0 TPU cores
HPU available: False, using: 0 HPUs
/home/eng/shilo_avital/yolo_lab/walk_to_paint/.venv/lib64/python3.9/site-packages/pytorch_lightning/callbacks/model_checkpoint.py:658: Checkpoint directory /home/eng/shilo_avital/yolo_lab/walk_to_paint/outputs/wiki-rfa/wiki-rfa-optuna_20251203-235202/checkpoints exists and is not empty.
LOCAL_RANK: 0 - CUDA_VISIBLE_DEVICES: [1]
Metric val_auc_epoch improved. New best score: 0.605
Metric val_auc_epoch improved by 0.050 >= min_delta = 0.0. New best score: 0.654
Metric val_auc_epoch improved by 0.038 >= min_delta = 0.0. New best score: 0.693
Metric val_auc_epoch improved by 0.022 >= min_delta = 0.0. New best score: 0.714
Metric val_auc_epoch improved by 0.013 >= min_delta = 0.0. New best score: 0.728
Metric val_auc_epoch improved by 0.005 >= min_delta = 0.0. New best score: 0.732
Metric val_auc_epoch improved by 0.010 >= min_delta = 0.0. New best score: 0.743
`Trainer.fit` stopped: `max_epochs=12` reached.
Restoring states from the checkpoint path at /home/eng/shilo_avital/yolo_lab/walk_to_paint/outputs/wiki-rfa/wiki-rfa-optuna_20251203-235202/checkpoints/trial_194-epoch=07-val_auc_epoch=0.7429.ckpt
LOCAL_RANK: 0 - CUDA_VISIBLE_DEVICES: [1]
Loaded model weights from the checkpoint at /home/eng/shilo_avital/yolo_lab/walk_to_paint/outputs/wiki-rfa/wiki-rfa-optuna_20251203-235202/checkpoints/trial_194-epoch=07-val_auc_epoch=0.7429.ckpt
────────────────────────────────────────────────────────────────────────────────────────────────────────────────────────
     Validate metric           DataLoader 0
────────────────────────────────────────────────────────────────────────────────────────────────────────────────────────
          step                     12.0
      val_acc_epoch         0.5192142724990845
      val_auc_epoch         0.7428881525993347
      val_f1_epoch           0.484555721282959
        val_loss             1.751793384552002
────────────────────────────────────────────────────────────────────────────────────────────────────────────────────────
✅ Trial 194 completed - Val AUC: 0.7429
[I 2025-12-06 07:40:08,478] Trial 194 finished with value: 0.7428881525993347 and parameters: {'dataset.max_walk_length': 86, 'dataset.num_walks': 589237, 'training.lr': 0.0005329354306421037, 'training.weight_decay': 7.3773042780674434e-06, 'training.batch_size': 256, 'training.gradient_clip_val': 0.7679076155943955, 'training.early_stopping_patience': 5, 'model.nhead': 2, 'model.embedding_dim': 64, 'model.hidden_dim': 256, 'model.nlayers': 5, 'model.dropout': 0.2046254436963964, 'training.epochs': 12}. Best is trial 87 with value: 0.777931809425354.
Seed set to 237

🔬 Trial 195 hyperparameters:
  Walk length: 93, Num walks: 829,751
  LR: 2.38e-03, Batch size: 256
  Model: emb_dim=32, hidden_dim=8
  Transformer: 5 layers, 2 heads
  Epochs: 13, Weighted loss: True
Loading wiki-rfa dataset...
Success! ✅
Splitting edges for wiki-rfa dataset...
Ratios: train=0.480, mask=0.320, val=0.100, test=0.100
Success! ✅
Sampling random walks from wiki-rfa dataset...
Success! ✅
Building tokenizer for wiki-rfa dataset...
Success! ✅
Padding and building stage tensors for wiki-rfa dataset...
Success! ✅
Data creation profiling (seconds):
  get_edge_list: 4.56s
  split_edges: 0.09s
  get_walks: 63.22s
  get_tokenizer: 1.96s
  encode_walks: 34.73s
  pad_and_build_stage_tensors: 4.38s
Creating DataLoaders for wiki-rfa dataset...
Success! ✅
GPU available: True (cuda), used: True
TPU available: False, using: 0 TPU cores
HPU available: False, using: 0 HPUs
/home/eng/shilo_avital/yolo_lab/walk_to_paint/.venv/lib64/python3.9/site-packages/pytorch_lightning/callbacks/model_checkpoint.py:658: Checkpoint directory /home/eng/shilo_avital/yolo_lab/walk_to_paint/outputs/wiki-rfa/wiki-rfa-optuna_20251203-235202/checkpoints exists and is not empty.
LOCAL_RANK: 0 - CUDA_VISIBLE_DEVICES: [1]
Metric val_auc_epoch improved. New best score: 0.692
Metric val_auc_epoch improved by 0.044 >= min_delta = 0.0. New best score: 0.736
Metric val_auc_epoch improved by 0.005 >= min_delta = 0.0. New best score: 0.741
❌ Trial 195 failed: Trial was pruned at epoch 12.
[I 2025-12-06 07:56:24,484] Trial 195 finished with value: 0.0 and parameters: {'dataset.max_walk_length': 93, 'dataset.num_walks': 829751, 'training.lr': 0.0023796913070154658, 'training.weight_decay': 1.6367795223622938e-05, 'training.batch_size': 256, 'training.gradient_clip_val': 0.46852926581241994, 'training.early_stopping_patience': 12, 'model.nhead': 2, 'model.embedding_dim': 32, 'model.hidden_dim': 8, 'model.nlayers': 5, 'model.dropout': 0.04396824516627795, 'training.epochs': 13}. Best is trial 87 with value: 0.777931809425354.
🧹 Cleaning up old checkpoints and logs (keeping top 10)...
  Removed old checkpoint: trial_185-epoch=03-val_auc_epoch=0.6924.ckpt
  Removed old checkpoint: trial_184-epoch=06-val_auc_epoch=0.7292.ckpt
  Removed old checkpoint: trial_183-epoch=05-val_auc_epoch=0.7511.ckpt
  Removed old checkpoint: trial_182-epoch=06-val_auc_epoch=0.7391.ckpt
  Removed old checkpoint: trial_181-epoch=03-val_auc_epoch=0.7286.ckpt
  Removed old log dir: trial_185
  Removed old log dir: trial_184
  Removed old log dir: trial_183
  Removed old log dir: trial_182
  Removed old log dir: trial_181
Seed set to 238

🔬 Trial 196 hyperparameters:
  Walk length: 82, Num walks: 753,149
  LR: 3.20e-03, Batch size: 128
  Model: emb_dim=8, hidden_dim=16
  Transformer: 4 layers, 1 heads
  Epochs: 13, Weighted loss: True
Loading wiki-rfa dataset...
Success! ✅
Splitting edges for wiki-rfa dataset...
Ratios: train=0.480, mask=0.320, val=0.100, test=0.100
Success! ✅
Sampling random walks from wiki-rfa dataset...
Success! ✅
Building tokenizer for wiki-rfa dataset...
Success! ✅
Padding and building stage tensors for wiki-rfa dataset...
Success! ✅
Data creation profiling (seconds):
  get_edge_list: 85.00s
  split_edges: 0.10s
  get_walks: 57.58s
  get_tokenizer: 1.61s
  encode_walks: 31.43s
  pad_and_build_stage_tensors: 3.88s
Creating DataLoaders for wiki-rfa dataset...
Success! ✅
/home/eng/shilo_avital/yolo_lab/walk_to_paint/.venv/lib64/python3.9/site-packages/torch/nn/modules/transformer.py:382: UserWarning: enable_nested_tensor is True, but self.use_nested_tensor is False because encoder_layer.self_attn.num_heads is odd
  warnings.warn(
GPU available: True (cuda), used: True
TPU available: False, using: 0 TPU cores
HPU available: False, using: 0 HPUs
/home/eng/shilo_avital/yolo_lab/walk_to_paint/.venv/lib64/python3.9/site-packages/pytorch_lightning/callbacks/model_checkpoint.py:658: Checkpoint directory /home/eng/shilo_avital/yolo_lab/walk_to_paint/outputs/wiki-rfa/wiki-rfa-optuna_20251203-235202/checkpoints exists and is not empty.
LOCAL_RANK: 0 - CUDA_VISIBLE_DEVICES: [1]
Metric val_auc_epoch improved. New best score: 0.569
Metric val_auc_epoch improved by 0.046 >= min_delta = 0.0. New best score: 0.615
Metric val_auc_epoch improved by 0.023 >= min_delta = 0.0. New best score: 0.638
Metric val_auc_epoch improved by 0.017 >= min_delta = 0.0. New best score: 0.655
Metric val_auc_epoch improved by 0.006 >= min_delta = 0.0. New best score: 0.661
❌ Trial 196 failed: Trial was pruned at epoch 5.
[I 2025-12-06 08:08:20,021] Trial 196 finished with value: 0.0 and parameters: {'dataset.max_walk_length': 82, 'dataset.num_walks': 753149, 'training.lr': 0.0031957416662909285, 'training.weight_decay': 4.640111877584381e-06, 'training.batch_size': 128, 'training.gradient_clip_val': 0.9714189943442734, 'training.early_stopping_patience': 13, 'model.nhead': 1, 'model.embedding_dim': 8, 'model.hidden_dim': 16, 'model.nlayers': 4, 'model.dropout': 0.23756390171584252, 'training.epochs': 13}. Best is trial 87 with value: 0.777931809425354.
Seed set to 239

🔬 Trial 197 hyperparameters:
  Walk length: 88, Num walks: 635,378
  LR: 1.81e-03, Batch size: 256
  Model: emb_dim=16, hidden_dim=64
  Transformer: 5 layers, 2 heads
  Epochs: 11, Weighted loss: True
Loading wiki-rfa dataset...
Success! ✅
Splitting edges for wiki-rfa dataset...
Ratios: train=0.480, mask=0.320, val=0.100, test=0.100
Success! ✅
Sampling random walks from wiki-rfa dataset...
Success! ✅
Building tokenizer for wiki-rfa dataset...
Success! ✅
Padding and building stage tensors for wiki-rfa dataset...
Success! ✅
Data creation profiling (seconds):
  get_edge_list: 84.84s
  split_edges: 0.10s
  get_walks: 48.78s
  get_tokenizer: 1.54s
  encode_walks: 26.13s
  pad_and_build_stage_tensors: 3.38s
Creating DataLoaders for wiki-rfa dataset...
Success! ✅
GPU available: True (cuda), used: True
TPU available: False, using: 0 TPU cores
HPU available: False, using: 0 HPUs
/home/eng/shilo_avital/yolo_lab/walk_to_paint/.venv/lib64/python3.9/site-packages/pytorch_lightning/callbacks/model_checkpoint.py:658: Checkpoint directory /home/eng/shilo_avital/yolo_lab/walk_to_paint/outputs/wiki-rfa/wiki-rfa-optuna_20251203-235202/checkpoints exists and is not empty.
LOCAL_RANK: 0 - CUDA_VISIBLE_DEVICES: [1]
Metric val_auc_epoch improved. New best score: 0.585
Metric val_auc_epoch improved by 0.036 >= min_delta = 0.0. New best score: 0.621
Metric val_auc_epoch improved by 0.020 >= min_delta = 0.0. New best score: 0.641
Metric val_auc_epoch improved by 0.017 >= min_delta = 0.0. New best score: 0.658
Metric val_auc_epoch improved by 0.014 >= min_delta = 0.0. New best score: 0.672
❌ Trial 197 failed: Trial was pruned at epoch 5.
