[I 2025-12-04 19:57:39,086] Trial 45 finished with value: 0.7358598113059998 and parameters: {'dataset.max_walk_length': 100, 'dataset.num_walks': 854773, 'training.lr': 0.0018377986885508332, 'training.weight_decay': 3.3532107464238313e-06, 'training.batch_size': 256, 'training.gradient_clip_val': 0.25182305613985073, 'training.early_stopping_patience': 5, 'model.nhead': 8, 'model.embedding_dim': 32, 'model.hidden_dim': 8, 'model.nlayers': 6, 'model.dropout': 0.2564118353143424, 'training.epochs': 12}. Best is trial 35 with value: 0.771872878074646.
🧹 Cleaning up old checkpoints and logs (keeping top 10)...
  Removed old checkpoint: trial_35-epoch=09-val_auc_epoch=0.7719.ckpt
  Removed old checkpoint: trial_34-epoch=03-val_auc_epoch=0.5440.ckpt
  Removed old checkpoint: trial_33-epoch=08-val_auc_epoch=0.7540.ckpt
  Removed old checkpoint: trial_32-epoch=03-val_auc_epoch=0.7150.ckpt
  Removed old checkpoint: trial_31-epoch=05-val_auc_epoch=0.7101.ckpt
  Removed old log dir: trial_35
  Removed old log dir: trial_34
  Removed old log dir: trial_33
  Removed old log dir: trial_32
  Removed old log dir: trial_31
Seed set to 88

🔬 Trial 46 hyperparameters:
  Walk length: 94, Num walks: 1,383,757
  LR: 9.85e-04, Batch size: 256
  Model: emb_dim=32, hidden_dim=4
  Transformer: 5 layers, 16 heads
  Epochs: 8, Weighted loss: True
Loading wiki-rfa dataset...
Success! ✅
Splitting edges for wiki-rfa dataset...
Ratios: train=0.480, mask=0.320, val=0.100, test=0.100
Success! ✅
Sampling random walks from wiki-rfa dataset...
Success! ✅
Building tokenizer for wiki-rfa dataset...
Success! ✅
Padding and building stage tensors for wiki-rfa dataset...
Success! ✅
Data creation profiling (seconds):
  get_edge_list: 4.75s
  split_edges: 0.09s
  get_walks: 106.75s
  get_tokenizer: 3.15s
  encode_walks: 57.43s
  pad_and_build_stage_tensors: 7.23s
Creating DataLoaders for wiki-rfa dataset...
Success! ✅
GPU available: True (cuda), used: True
TPU available: False, using: 0 TPU cores
HPU available: False, using: 0 HPUs
/home/eng/shilo_avital/yolo_lab/walk_to_paint/.venv/lib64/python3.9/site-packages/pytorch_lightning/callbacks/model_checkpoint.py:658: Checkpoint directory /home/eng/shilo_avital/yolo_lab/walk_to_paint/outputs/wiki-rfa/wiki-rfa-optuna_20251203-235202/checkpoints exists and is not empty.
LOCAL_RANK: 0 - CUDA_VISIBLE_DEVICES: [1]
Metric val_auc_epoch improved. New best score: 0.584
Metric val_auc_epoch improved by 0.052 >= min_delta = 0.0. New best score: 0.635
Metric val_auc_epoch improved by 0.033 >= min_delta = 0.0. New best score: 0.668
Metric val_auc_epoch improved by 0.013 >= min_delta = 0.0. New best score: 0.681
Metric val_auc_epoch improved by 0.003 >= min_delta = 0.0. New best score: 0.684
Metric val_auc_epoch improved by 0.001 >= min_delta = 0.0. New best score: 0.686
❌ Trial 46 failed: Trial was pruned at epoch 6.
[I 2025-12-04 21:42:26,774] Trial 46 finished with value: 0.0 and parameters: {'dataset.max_walk_length': 94, 'dataset.num_walks': 1383757, 'training.lr': 0.0009847951121618231, 'training.weight_decay': 1.5199039580739558e-05, 'training.batch_size': 256, 'training.gradient_clip_val': 0.44836576754834223, 'training.early_stopping_patience': 7, 'model.nhead': 16, 'model.embedding_dim': 32, 'model.hidden_dim': 4, 'model.nlayers': 5, 'model.dropout': 0.30345906349187624, 'training.epochs': 8}. Best is trial 35 with value: 0.771872878074646.
Seed set to 89

🔬 Trial 47 hyperparameters:
  Walk length: 90, Num walks: 393,257
  LR: 1.75e-03, Batch size: 128
  Model: emb_dim=32, hidden_dim=16
  Transformer: 5 layers, 2 heads
  Epochs: 14, Weighted loss: True
Loading wiki-rfa dataset...
Success! ✅
Splitting edges for wiki-rfa dataset...
Ratios: train=0.480, mask=0.320, val=0.100, test=0.100
Success! ✅
Sampling random walks from wiki-rfa dataset...
Success! ✅
Building tokenizer for wiki-rfa dataset...
Success! ✅
Padding and building stage tensors for wiki-rfa dataset...
Success! ✅
Data creation profiling (seconds):
  get_edge_list: 84.79s
  split_edges: 0.09s
  get_walks: 29.63s
  get_tokenizer: 0.91s
  encode_walks: 16.17s
  pad_and_build_stage_tensors: 2.09s
Creating DataLoaders for wiki-rfa dataset...
Success! ✅
GPU available: True (cuda), used: True
TPU available: False, using: 0 TPU cores
HPU available: False, using: 0 HPUs
/home/eng/shilo_avital/yolo_lab/walk_to_paint/.venv/lib64/python3.9/site-packages/pytorch_lightning/callbacks/model_checkpoint.py:658: Checkpoint directory /home/eng/shilo_avital/yolo_lab/walk_to_paint/outputs/wiki-rfa/wiki-rfa-optuna_20251203-235202/checkpoints exists and is not empty.
LOCAL_RANK: 0 - CUDA_VISIBLE_DEVICES: [1]
Metric val_auc_epoch improved. New best score: 0.616
Metric val_auc_epoch improved by 0.067 >= min_delta = 0.0. New best score: 0.683
Metric val_auc_epoch improved by 0.023 >= min_delta = 0.0. New best score: 0.707
Metric val_auc_epoch improved by 0.022 >= min_delta = 0.0. New best score: 0.728
Metric val_auc_epoch improved by 0.005 >= min_delta = 0.0. New best score: 0.734
Metric val_auc_epoch improved by 0.012 >= min_delta = 0.0. New best score: 0.746
Monitored metric val_auc_epoch did not improve in the last 5 records. Best score: 0.746. Signaling Trainer to stop.
Restoring states from the checkpoint path at /home/eng/shilo_avital/yolo_lab/walk_to_paint/outputs/wiki-rfa/wiki-rfa-optuna_20251203-235202/checkpoints/trial_47-epoch=05-val_auc_epoch=0.7457.ckpt
LOCAL_RANK: 0 - CUDA_VISIBLE_DEVICES: [1]
Loaded model weights from the checkpoint at /home/eng/shilo_avital/yolo_lab/walk_to_paint/outputs/wiki-rfa/wiki-rfa-optuna_20251203-235202/checkpoints/trial_47-epoch=05-val_auc_epoch=0.7457.ckpt
────────────────────────────────────────────────────────────────────────────────────────────────────────────────────────
     Validate metric           DataLoader 0
────────────────────────────────────────────────────────────────────────────────────────────────────────────────────────
          step                     11.0
      val_acc_epoch         0.5216600894927979
      val_auc_epoch         0.7457210421562195
      val_f1_epoch          0.4911192059516907
        val_loss            1.8968011140823364
────────────────────────────────────────────────────────────────────────────────────────────────────────────────────────
✅ Trial 47 completed - Val AUC: 0.7457
[I 2025-12-04 21:54:05,163] Trial 47 finished with value: 0.7457210421562195 and parameters: {'dataset.max_walk_length': 90, 'dataset.num_walks': 393257, 'training.lr': 0.0017474110304982796, 'training.weight_decay': 7.864113950438429e-05, 'training.batch_size': 128, 'training.gradient_clip_val': 0.20193187766080206, 'training.early_stopping_patience': 5, 'model.nhead': 2, 'model.embedding_dim': 32, 'model.hidden_dim': 16, 'model.nlayers': 5, 'model.dropout': 0.26837231838518927, 'training.epochs': 14}. Best is trial 35 with value: 0.771872878074646.
Seed set to 90

🔬 Trial 48 hyperparameters:
  Walk length: 96, Num walks: 1,078,211
  LR: 6.27e-03, Batch size: 256
  Model: emb_dim=32, hidden_dim=4
  Transformer: 6 layers, 4 heads
  Epochs: 11, Weighted loss: True
Loading wiki-rfa dataset...
Success! ✅
Splitting edges for wiki-rfa dataset...
Ratios: train=0.480, mask=0.320, val=0.100, test=0.100
Success! ✅
Sampling random walks from wiki-rfa dataset...
Success! ✅
Building tokenizer for wiki-rfa dataset...
Success! ✅
Padding and building stage tensors for wiki-rfa dataset...
Success! ✅
Data creation profiling (seconds):
  get_edge_list: 4.72s
  split_edges: 0.09s
  get_walks: 81.86s
  get_tokenizer: 2.24s
  encode_walks: 44.56s
  pad_and_build_stage_tensors: 5.70s
Creating DataLoaders for wiki-rfa dataset...
Success! ✅
GPU available: True (cuda), used: True
TPU available: False, using: 0 TPU cores
HPU available: False, using: 0 HPUs
/home/eng/shilo_avital/yolo_lab/walk_to_paint/.venv/lib64/python3.9/site-packages/pytorch_lightning/callbacks/model_checkpoint.py:658: Checkpoint directory /home/eng/shilo_avital/yolo_lab/walk_to_paint/outputs/wiki-rfa/wiki-rfa-optuna_20251203-235202/checkpoints exists and is not empty.
LOCAL_RANK: 0 - CUDA_VISIBLE_DEVICES: [1]
Metric val_auc_epoch improved. New best score: 0.557
Metric val_auc_epoch improved by 0.001 >= min_delta = 0.0. New best score: 0.557
Metric val_auc_epoch improved by 0.000 >= min_delta = 0.0. New best score: 0.558
❌ Trial 48 failed: Trial was pruned at epoch 5.
[I 2025-12-04 22:11:22,471] Trial 48 finished with value: 0.0 and parameters: {'dataset.max_walk_length': 96, 'dataset.num_walks': 1078211, 'training.lr': 0.006274486639149861, 'training.weight_decay': 7.4784591907905765e-06, 'training.batch_size': 256, 'training.gradient_clip_val': 0.3127305476513201, 'training.early_stopping_patience': 8, 'model.nhead': 4, 'model.embedding_dim': 32, 'model.hidden_dim': 4, 'model.nlayers': 6, 'model.dropout': 0.3119817512127132, 'training.epochs': 11}. Best is trial 35 with value: 0.771872878074646.
Seed set to 91

🔬 Trial 49 hyperparameters:
  Walk length: 75, Num walks: 1,326,215
  LR: 3.06e-04, Batch size: 256
  Model: emb_dim=16, hidden_dim=32
  Transformer: 5 layers, 8 heads
  Epochs: 17, Weighted loss: True
Loading wiki-rfa dataset...
Success! ✅
Splitting edges for wiki-rfa dataset...
Ratios: train=0.480, mask=0.320, val=0.100, test=0.100
Success! ✅
Sampling random walks from wiki-rfa dataset...
Success! ✅
Building tokenizer for wiki-rfa dataset...
Success! ✅
Padding and building stage tensors for wiki-rfa dataset...
Success! ✅
Data creation profiling (seconds):
  get_edge_list: 84.89s
  split_edges: 0.09s
  get_walks: 100.95s
  get_tokenizer: 2.75s
  encode_walks: 54.66s
  pad_and_build_stage_tensors: 6.97s
Creating DataLoaders for wiki-rfa dataset...
Success! ✅
GPU available: True (cuda), used: True
TPU available: False, using: 0 TPU cores
HPU available: False, using: 0 HPUs
/home/eng/shilo_avital/yolo_lab/walk_to_paint/.venv/lib64/python3.9/site-packages/pytorch_lightning/callbacks/model_checkpoint.py:658: Checkpoint directory /home/eng/shilo_avital/yolo_lab/walk_to_paint/outputs/wiki-rfa/wiki-rfa-optuna_20251203-235202/checkpoints exists and is not empty.
LOCAL_RANK: 0 - CUDA_VISIBLE_DEVICES: [1]
Metric val_auc_epoch improved. New best score: 0.537
Metric val_auc_epoch improved by 0.005 >= min_delta = 0.0. New best score: 0.541
Metric val_auc_epoch improved by 0.009 >= min_delta = 0.0. New best score: 0.550
Metric val_auc_epoch improved by 0.011 >= min_delta = 0.0. New best score: 0.560
Metric val_auc_epoch improved by 0.007 >= min_delta = 0.0. New best score: 0.567
❌ Trial 49 failed: Trial was pruned at epoch 5.
[I 2025-12-04 22:43:18,712] Trial 49 finished with value: 0.0 and parameters: {'dataset.max_walk_length': 75, 'dataset.num_walks': 1326215, 'training.lr': 0.0003057263013252292, 'training.weight_decay': 2.8191833132024922e-05, 'training.batch_size': 256, 'training.gradient_clip_val': 0.18822243390630342, 'training.early_stopping_patience': 7, 'model.nhead': 8, 'model.embedding_dim': 16, 'model.hidden_dim': 32, 'model.nlayers': 5, 'model.dropout': 0.24040757457483702, 'training.epochs': 17}. Best is trial 35 with value: 0.771872878074646.
Seed set to 92

🔬 Trial 50 hyperparameters:
  Walk length: 83, Num walks: 431,605
  LR: 2.70e-03, Batch size: 32
  Model: emb_dim=32, hidden_dim=256
  Transformer: 4 layers, 2 heads
  Epochs: 13, Weighted loss: True
Loading wiki-rfa dataset...
Success! ✅
Splitting edges for wiki-rfa dataset...
Ratios: train=0.480, mask=0.320, val=0.100, test=0.100
Success! ✅
Sampling random walks from wiki-rfa dataset...
Success! ✅
Building tokenizer for wiki-rfa dataset...
Success! ✅
Padding and building stage tensors for wiki-rfa dataset...
Success! ✅
Data creation profiling (seconds):
  get_edge_list: 84.55s
  split_edges: 0.09s
  get_walks: 33.24s
  get_tokenizer: 0.97s
  encode_walks: 17.54s
  pad_and_build_stage_tensors: 2.29s
Creating DataLoaders for wiki-rfa dataset...
Success! ✅
GPU available: True (cuda), used: True
TPU available: False, using: 0 TPU cores
HPU available: False, using: 0 HPUs
/home/eng/shilo_avital/yolo_lab/walk_to_paint/.venv/lib64/python3.9/site-packages/pytorch_lightning/callbacks/model_checkpoint.py:658: Checkpoint directory /home/eng/shilo_avital/yolo_lab/walk_to_paint/outputs/wiki-rfa/wiki-rfa-optuna_20251203-235202/checkpoints exists and is not empty.
LOCAL_RANK: 0 - CUDA_VISIBLE_DEVICES: [1]
Metric val_auc_epoch improved. New best score: 0.500
Metric val_auc_epoch improved by 0.006 >= min_delta = 0.0. New best score: 0.506
❌ Trial 50 failed: Trial was pruned at epoch 5.
[I 2025-12-04 23:04:26,367] Trial 50 finished with value: 0.0 and parameters: {'dataset.max_walk_length': 83, 'dataset.num_walks': 431605, 'training.lr': 0.0026978926472845735, 'training.weight_decay': 3.97590946463228e-06, 'training.batch_size': 32, 'training.gradient_clip_val': 0.325873665773419, 'training.early_stopping_patience': 5, 'model.nhead': 2, 'model.embedding_dim': 32, 'model.hidden_dim': 256, 'model.nlayers': 4, 'model.dropout': 0.18888208460740352, 'training.epochs': 13}. Best is trial 35 with value: 0.771872878074646.
🧹 Cleaning up old checkpoints and logs (keeping top 10)...
  Removed old checkpoint: trial_40-epoch=02-val_auc_epoch=0.5498.ckpt
  Removed old checkpoint: trial_39-epoch=04-val_auc_epoch=0.5432.ckpt
  Removed old checkpoint: trial_38-epoch=03-val_auc_epoch=0.5016.ckpt
  Removed old checkpoint: trial_37-epoch=06-val_auc_epoch=0.7247.ckpt
  Removed old checkpoint: trial_36-epoch=03-val_auc_epoch=0.7274.ckpt
  Removed old log dir: trial_40
  Removed old log dir: trial_39
  Removed old log dir: trial_38
  Removed old log dir: trial_37
  Removed old log dir: trial_36
Seed set to 93

🔬 Trial 51 hyperparameters:
  Walk length: 89, Num walks: 634,301
  LR: 1.04e-03, Batch size: 256
  Model: emb_dim=32, hidden_dim=4
  Transformer: 5 layers, 2 heads
  Epochs: 11, Weighted loss: True
Loading wiki-rfa dataset...
Success! ✅
Splitting edges for wiki-rfa dataset...
Ratios: train=0.480, mask=0.320, val=0.100, test=0.100
Success! ✅
Sampling random walks from wiki-rfa dataset...
Success! ✅
Building tokenizer for wiki-rfa dataset...
Success! ✅
Padding and building stage tensors for wiki-rfa dataset...
Success! ✅
Data creation profiling (seconds):
  get_edge_list: 84.69s
  split_edges: 0.10s
  get_walks: 48.22s
  get_tokenizer: 1.39s
  encode_walks: 25.89s
  pad_and_build_stage_tensors: 3.39s
Creating DataLoaders for wiki-rfa dataset...
Success! ✅
GPU available: True (cuda), used: True
TPU available: False, using: 0 TPU cores
HPU available: False, using: 0 HPUs
/home/eng/shilo_avital/yolo_lab/walk_to_paint/.venv/lib64/python3.9/site-packages/pytorch_lightning/callbacks/model_checkpoint.py:658: Checkpoint directory /home/eng/shilo_avital/yolo_lab/walk_to_paint/outputs/wiki-rfa/wiki-rfa-optuna_20251203-235202/checkpoints exists and is not empty.
LOCAL_RANK: 0 - CUDA_VISIBLE_DEVICES: [1]
Metric val_auc_epoch improved. New best score: 0.594
Metric val_auc_epoch improved by 0.052 >= min_delta = 0.0. New best score: 0.645
Metric val_auc_epoch improved by 0.037 >= min_delta = 0.0. New best score: 0.682
Metric val_auc_epoch improved by 0.021 >= min_delta = 0.0. New best score: 0.704
Metric val_auc_epoch improved by 0.017 >= min_delta = 0.0. New best score: 0.720
Metric val_auc_epoch improved by 0.013 >= min_delta = 0.0. New best score: 0.733
Metric val_auc_epoch improved by 0.006 >= min_delta = 0.0. New best score: 0.739
Metric val_auc_epoch improved by 0.005 >= min_delta = 0.0. New best score: 0.744
Metric val_auc_epoch improved by 0.001 >= min_delta = 0.0. New best score: 0.745
Metric val_auc_epoch improved by 0.000 >= min_delta = 0.0. New best score: 0.745
`Trainer.fit` stopped: `max_epochs=11` reached.
Restoring states from the checkpoint path at /home/eng/shilo_avital/yolo_lab/walk_to_paint/outputs/wiki-rfa/wiki-rfa-optuna_20251203-235202/checkpoints/trial_51-epoch=10-val_auc_epoch=0.7454.ckpt
LOCAL_RANK: 0 - CUDA_VISIBLE_DEVICES: [1]
Loaded model weights from the checkpoint at /home/eng/shilo_avital/yolo_lab/walk_to_paint/outputs/wiki-rfa/wiki-rfa-optuna_20251203-235202/checkpoints/trial_51-epoch=10-val_auc_epoch=0.7454.ckpt
────────────────────────────────────────────────────────────────────────────────────────────────────────────────────────
     Validate metric           DataLoader 0
────────────────────────────────────────────────────────────────────────────────────────────────────────────────────────
          step                     11.0
      val_acc_epoch         0.5300848484039307
      val_auc_epoch         0.7453510165214539
      val_f1_epoch          0.4843551516532898
        val_loss            1.6242401599884033
────────────────────────────────────────────────────────────────────────────────────────────────────────────────────────
✅ Trial 51 completed - Val AUC: 0.7454
[I 2025-12-04 23:16:36,254] Trial 51 finished with value: 0.7453510165214539 and parameters: {'dataset.max_walk_length': 89, 'dataset.num_walks': 634301, 'training.lr': 0.0010405170154183245, 'training.weight_decay': 7.678259476308173e-06, 'training.batch_size': 256, 'training.gradient_clip_val': 0.40852661142021984, 'training.early_stopping_patience': 6, 'model.nhead': 2, 'model.embedding_dim': 32, 'model.hidden_dim': 4, 'model.nlayers': 5, 'model.dropout': 0.2226708939005779, 'training.epochs': 11}. Best is trial 35 with value: 0.771872878074646.
Seed set to 94

🔬 Trial 52 hyperparameters:
  Walk length: 86, Num walks: 800,342
  LR: 1.61e-03, Batch size: 256
  Model: emb_dim=32, hidden_dim=4
  Transformer: 6 layers, 2 heads
  Epochs: 9, Weighted loss: True
Loading wiki-rfa dataset...
Success! ✅
Splitting edges for wiki-rfa dataset...
Ratios: train=0.480, mask=0.320, val=0.100, test=0.100
Success! ✅
Sampling random walks from wiki-rfa dataset...
Success! ✅
Building tokenizer for wiki-rfa dataset...
Success! ✅
Padding and building stage tensors for wiki-rfa dataset...
Success! ✅
Data creation profiling (seconds):
  get_edge_list: 4.48s
  split_edges: 0.09s
  get_walks: 61.52s
  get_tokenizer: 1.72s
  encode_walks: 33.24s
  pad_and_build_stage_tensors: 4.35s
Creating DataLoaders for wiki-rfa dataset...
Success! ✅
GPU available: True (cuda), used: True
TPU available: False, using: 0 TPU cores
HPU available: False, using: 0 HPUs
/home/eng/shilo_avital/yolo_lab/walk_to_paint/.venv/lib64/python3.9/site-packages/pytorch_lightning/callbacks/model_checkpoint.py:658: Checkpoint directory /home/eng/shilo_avital/yolo_lab/walk_to_paint/outputs/wiki-rfa/wiki-rfa-optuna_20251203-235202/checkpoints exists and is not empty.
LOCAL_RANK: 0 - CUDA_VISIBLE_DEVICES: [1]
Metric val_auc_epoch improved. New best score: 0.651
Metric val_auc_epoch improved by 0.050 >= min_delta = 0.0. New best score: 0.701
Metric val_auc_epoch improved by 0.025 >= min_delta = 0.0. New best score: 0.726
Metric val_auc_epoch improved by 0.013 >= min_delta = 0.0. New best score: 0.739
`Trainer.fit` stopped: `max_epochs=9` reached.
Restoring states from the checkpoint path at /home/eng/shilo_avital/yolo_lab/walk_to_paint/outputs/wiki-rfa/wiki-rfa-optuna_20251203-235202/checkpoints/trial_52-epoch=03-val_auc_epoch=0.7386.ckpt
LOCAL_RANK: 0 - CUDA_VISIBLE_DEVICES: [1]
Loaded model weights from the checkpoint at /home/eng/shilo_avital/yolo_lab/walk_to_paint/outputs/wiki-rfa/wiki-rfa-optuna_20251203-235202/checkpoints/trial_52-epoch=03-val_auc_epoch=0.7386.ckpt
────────────────────────────────────────────────────────────────────────────────────────────────────────────────────────
     Validate metric           DataLoader 0
────────────────────────────────────────────────────────────────────────────────────────────────────────────────────────
          step                      9.0
      val_acc_epoch         0.5020529627799988
      val_auc_epoch         0.7386114001274109
      val_f1_epoch          0.4712769091129303
        val_loss            1.8622504472732544
────────────────────────────────────────────────────────────────────────────────────────────────────────────────────────
✅ Trial 52 completed - Val AUC: 0.7386
