[I 2025-12-05 21:10:27,136] Trial 149 finished with value: 0.0 and parameters: {'dataset.max_walk_length': 85, 'dataset.num_walks': 571944, 'training.lr': 0.0021305700807750425, 'training.weight_decay': 4.934690223539586e-05, 'training.batch_size': 256, 'training.gradient_clip_val': 0.12526231695158802, 'training.early_stopping_patience': 5, 'model.nhead': 2, 'model.embedding_dim': 8, 'model.hidden_dim': 4, 'model.nlayers': 5, 'model.dropout': 0.2976364575015963, 'training.epochs': 19}. Best is trial 87 with value: 0.777931809425354.
Seed set to 192

🔬 Trial 150 hyperparameters:
  Walk length: 80, Num walks: 313,140
  LR: 1.30e-03, Batch size: 512
  Model: emb_dim=16, hidden_dim=64
  Transformer: 5 layers, 16 heads
  Epochs: 9, Weighted loss: True
Loading wiki-rfa dataset...
Success! ✅
Splitting edges for wiki-rfa dataset...
Ratios: train=0.480, mask=0.320, val=0.100, test=0.100
Success! ✅
Sampling random walks from wiki-rfa dataset...
Success! ✅
Building tokenizer for wiki-rfa dataset...
Success! ✅
Padding and building stage tensors for wiki-rfa dataset...
Success! ✅
Data creation profiling (seconds):
  get_edge_list: 84.64s
  split_edges: 0.09s
  get_walks: 24.22s
  get_tokenizer: 0.76s
  encode_walks: 13.05s
  pad_and_build_stage_tensors: 1.69s
Creating DataLoaders for wiki-rfa dataset...
Success! ✅
GPU available: True (cuda), used: True
TPU available: False, using: 0 TPU cores
HPU available: False, using: 0 HPUs
/home/eng/shilo_avital/yolo_lab/walk_to_paint/.venv/lib64/python3.9/site-packages/pytorch_lightning/callbacks/model_checkpoint.py:658: Checkpoint directory /home/eng/shilo_avital/yolo_lab/walk_to_paint/outputs/wiki-rfa/wiki-rfa-optuna_20251203-235202/checkpoints exists and is not empty.
LOCAL_RANK: 0 - CUDA_VISIBLE_DEVICES: [1]
Metric val_auc_epoch improved. New best score: 0.549
Metric val_auc_epoch improved by 0.010 >= min_delta = 0.0. New best score: 0.559
Metric val_auc_epoch improved by 0.009 >= min_delta = 0.0. New best score: 0.568
Metric val_auc_epoch improved by 0.001 >= min_delta = 0.0. New best score: 0.569
Metric val_auc_epoch improved by 0.005 >= min_delta = 0.0. New best score: 0.574
❌ Trial 150 failed: Trial was pruned at epoch 5.
[I 2025-12-05 21:25:04,223] Trial 150 finished with value: 0.0 and parameters: {'dataset.max_walk_length': 80, 'dataset.num_walks': 313140, 'training.lr': 0.0012981634508008764, 'training.weight_decay': 8.307031056761972e-06, 'training.batch_size': 512, 'training.gradient_clip_val': 0.4155717588542847, 'training.early_stopping_patience': 7, 'model.nhead': 16, 'model.embedding_dim': 16, 'model.hidden_dim': 64, 'model.nlayers': 5, 'model.dropout': 0.15764199307696175, 'training.epochs': 9}. Best is trial 87 with value: 0.777931809425354.
🧹 Cleaning up old checkpoints and logs (keeping top 10)...
  Removed old checkpoint: trial_140-epoch=06-val_auc_epoch=0.7234.ckpt
  Removed old checkpoint: trial_139-epoch=04-val_auc_epoch=0.6696.ckpt
  Removed old checkpoint: trial_138-epoch=05-val_auc_epoch=0.6988.ckpt
  Removed old checkpoint: trial_137-epoch=19-val_auc_epoch=0.7498.ckpt
  Removed old checkpoint: trial_136-epoch=04-val_auc_epoch=0.6705.ckpt
  Removed old log dir: trial_140
  Removed old log dir: trial_139
  Removed old log dir: trial_138
  Removed old log dir: trial_137
  Removed old log dir: trial_136
Seed set to 193

🔬 Trial 151 hyperparameters:
  Walk length: 19, Num walks: 787,519
  LR: 3.33e-03, Batch size: 256
  Model: emb_dim=32, hidden_dim=4
  Transformer: 5 layers, 2 heads
  Epochs: 12, Weighted loss: True
Loading wiki-rfa dataset...
Success! ✅
Splitting edges for wiki-rfa dataset...
Ratios: train=0.480, mask=0.320, val=0.100, test=0.100
Success! ✅
Sampling random walks from wiki-rfa dataset...
Success! ✅
Building tokenizer for wiki-rfa dataset...
Success! ✅
Padding and building stage tensors for wiki-rfa dataset...
Success! ✅
Data creation profiling (seconds):
  get_edge_list: 84.58s
  split_edges: 0.10s
  get_walks: 60.01s
  get_tokenizer: 1.65s
  encode_walks: 31.26s
  pad_and_build_stage_tensors: 3.82s
Creating DataLoaders for wiki-rfa dataset...
Success! ✅
GPU available: True (cuda), used: True
TPU available: False, using: 0 TPU cores
HPU available: False, using: 0 HPUs
/home/eng/shilo_avital/yolo_lab/walk_to_paint/.venv/lib64/python3.9/site-packages/pytorch_lightning/callbacks/model_checkpoint.py:658: Checkpoint directory /home/eng/shilo_avital/yolo_lab/walk_to_paint/outputs/wiki-rfa/wiki-rfa-optuna_20251203-235202/checkpoints exists and is not empty.
LOCAL_RANK: 0 - CUDA_VISIBLE_DEVICES: [1]
Metric val_auc_epoch improved. New best score: 0.725
Metric val_auc_epoch improved by 0.028 >= min_delta = 0.0. New best score: 0.753
Monitored metric val_auc_epoch did not improve in the last 6 records. Best score: 0.753. Signaling Trainer to stop.
Restoring states from the checkpoint path at /home/eng/shilo_avital/yolo_lab/walk_to_paint/outputs/wiki-rfa/wiki-rfa-optuna_20251203-235202/checkpoints/trial_151-epoch=01-val_auc_epoch=0.7532.ckpt
LOCAL_RANK: 0 - CUDA_VISIBLE_DEVICES: [1]
Loaded model weights from the checkpoint at /home/eng/shilo_avital/yolo_lab/walk_to_paint/outputs/wiki-rfa/wiki-rfa-optuna_20251203-235202/checkpoints/trial_151-epoch=01-val_auc_epoch=0.7532.ckpt
────────────────────────────────────────────────────────────────────────────────────────────────────────────────────────
     Validate metric           DataLoader 0
────────────────────────────────────────────────────────────────────────────────────────────────────────────────────────
          step                      8.0
      val_acc_epoch         0.5393133163452148
      val_auc_epoch         0.7532193660736084
      val_f1_epoch          0.4990242123603821
        val_loss            1.5056406259536743
────────────────────────────────────────────────────────────────────────────────────────────────────────────────────────
✅ Trial 151 completed - Val AUC: 0.7532
[I 2025-12-05 21:35:03,475] Trial 151 finished with value: 0.7532193660736084 and parameters: {'dataset.max_walk_length': 19, 'dataset.num_walks': 787519, 'training.lr': 0.0033289845859113083, 'training.weight_decay': 1.2736933040379706e-05, 'training.batch_size': 256, 'training.gradient_clip_val': 0.36745560839236946, 'training.early_stopping_patience': 6, 'model.nhead': 2, 'model.embedding_dim': 32, 'model.hidden_dim': 4, 'model.nlayers': 5, 'model.dropout': 0.2343213415552703, 'training.epochs': 12}. Best is trial 87 with value: 0.777931809425354.
Seed set to 194

🔬 Trial 152 hyperparameters:
  Walk length: 14, Num walks: 794,438
  LR: 4.06e-03, Batch size: 256
  Model: emb_dim=32, hidden_dim=4
  Transformer: 5 layers, 2 heads
  Epochs: 24, Weighted loss: True
Loading wiki-rfa dataset...
Success! ✅
Splitting edges for wiki-rfa dataset...
Ratios: train=0.480, mask=0.320, val=0.100, test=0.100
Success! ✅
Sampling random walks from wiki-rfa dataset...
Success! ✅
Building tokenizer for wiki-rfa dataset...
Success! ✅
Padding and building stage tensors for wiki-rfa dataset...
Success! ✅
Data creation profiling (seconds):
  get_edge_list: 4.50s
  split_edges: 0.10s
  get_walks: 59.89s
  get_tokenizer: 1.49s
  encode_walks: 29.21s
  pad_and_build_stage_tensors: 3.81s
Creating DataLoaders for wiki-rfa dataset...
Success! ✅
GPU available: True (cuda), used: True
TPU available: False, using: 0 TPU cores
HPU available: False, using: 0 HPUs
/home/eng/shilo_avital/yolo_lab/walk_to_paint/.venv/lib64/python3.9/site-packages/pytorch_lightning/callbacks/model_checkpoint.py:658: Checkpoint directory /home/eng/shilo_avital/yolo_lab/walk_to_paint/outputs/wiki-rfa/wiki-rfa-optuna_20251203-235202/checkpoints exists and is not empty.
LOCAL_RANK: 0 - CUDA_VISIBLE_DEVICES: [1]
Metric val_auc_epoch improved. New best score: 0.638
Metric val_auc_epoch improved by 0.038 >= min_delta = 0.0. New best score: 0.676
Metric val_auc_epoch improved by 0.030 >= min_delta = 0.0. New best score: 0.706
Metric val_auc_epoch improved by 0.016 >= min_delta = 0.0. New best score: 0.721
Metric val_auc_epoch improved by 0.010 >= min_delta = 0.0. New best score: 0.731
❌ Trial 152 failed: Trial was pruned at epoch 9.
[I 2025-12-05 21:44:58,752] Trial 152 finished with value: 0.0 and parameters: {'dataset.max_walk_length': 14, 'dataset.num_walks': 794438, 'training.lr': 0.004061839959772367, 'training.weight_decay': 3.0149157067450106e-05, 'training.batch_size': 256, 'training.gradient_clip_val': 0.38188553105553713, 'training.early_stopping_patience': 6, 'model.nhead': 2, 'model.embedding_dim': 32, 'model.hidden_dim': 4, 'model.nlayers': 5, 'model.dropout': 0.2432096308028, 'training.epochs': 24}. Best is trial 87 with value: 0.777931809425354.
Seed set to 195

🔬 Trial 153 hyperparameters:
  Walk length: 19, Num walks: 693,271
  LR: 3.25e-03, Batch size: 256
  Model: emb_dim=32, hidden_dim=4
  Transformer: 5 layers, 2 heads
  Epochs: 12, Weighted loss: True
Loading wiki-rfa dataset...
Success! ✅
Splitting edges for wiki-rfa dataset...
Ratios: train=0.480, mask=0.320, val=0.100, test=0.100
Success! ✅
Sampling random walks from wiki-rfa dataset...
Success! ✅
Building tokenizer for wiki-rfa dataset...
Success! ✅
Padding and building stage tensors for wiki-rfa dataset...
Success! ✅
Data creation profiling (seconds):
  get_edge_list: 84.93s
  split_edges: 0.09s
  get_walks: 52.33s
  get_tokenizer: 1.37s
  encode_walks: 26.61s
  pad_and_build_stage_tensors: 3.26s
Creating DataLoaders for wiki-rfa dataset...
Success! ✅
GPU available: True (cuda), used: True
TPU available: False, using: 0 TPU cores
HPU available: False, using: 0 HPUs
/home/eng/shilo_avital/yolo_lab/walk_to_paint/.venv/lib64/python3.9/site-packages/pytorch_lightning/callbacks/model_checkpoint.py:658: Checkpoint directory /home/eng/shilo_avital/yolo_lab/walk_to_paint/outputs/wiki-rfa/wiki-rfa-optuna_20251203-235202/checkpoints exists and is not empty.
LOCAL_RANK: 0 - CUDA_VISIBLE_DEVICES: [1]
Metric val_auc_epoch improved. New best score: 0.644
Metric val_auc_epoch improved by 0.056 >= min_delta = 0.0. New best score: 0.700
Metric val_auc_epoch improved by 0.003 >= min_delta = 0.0. New best score: 0.702
❌ Trial 153 failed: Trial was pruned at epoch 6.
[I 2025-12-05 21:53:02,659] Trial 153 finished with value: 0.0 and parameters: {'dataset.max_walk_length': 19, 'dataset.num_walks': 693271, 'training.lr': 0.00324734308278644, 'training.weight_decay': 1.2441469061363994e-05, 'training.batch_size': 256, 'training.gradient_clip_val': 0.47644487913694816, 'training.early_stopping_patience': 5, 'model.nhead': 2, 'model.embedding_dim': 32, 'model.hidden_dim': 4, 'model.nlayers': 5, 'model.dropout': 0.21333850589208245, 'training.epochs': 12}. Best is trial 87 with value: 0.777931809425354.
Seed set to 196

🔬 Trial 154 hyperparameters:
  Walk length: 23, Num walks: 955,439
  LR: 2.64e-03, Batch size: 256
  Model: emb_dim=32, hidden_dim=4
  Transformer: 5 layers, 2 heads
  Epochs: 13, Weighted loss: True
Loading wiki-rfa dataset...
Success! ✅
Splitting edges for wiki-rfa dataset...
Ratios: train=0.480, mask=0.320, val=0.100, test=0.100
Success! ✅
Sampling random walks from wiki-rfa dataset...
Success! ✅
Building tokenizer for wiki-rfa dataset...
Success! ✅
Padding and building stage tensors for wiki-rfa dataset...
Success! ✅
Data creation profiling (seconds):
  get_edge_list: 84.62s
  split_edges: 0.10s
  get_walks: 75.31s
  get_tokenizer: 2.07s
  encode_walks: 38.20s
  pad_and_build_stage_tensors: 4.67s
Creating DataLoaders for wiki-rfa dataset...
Success! ✅
GPU available: True (cuda), used: True
TPU available: False, using: 0 TPU cores
HPU available: False, using: 0 HPUs
/home/eng/shilo_avital/yolo_lab/walk_to_paint/.venv/lib64/python3.9/site-packages/pytorch_lightning/callbacks/model_checkpoint.py:658: Checkpoint directory /home/eng/shilo_avital/yolo_lab/walk_to_paint/outputs/wiki-rfa/wiki-rfa-optuna_20251203-235202/checkpoints exists and is not empty.
LOCAL_RANK: 0 - CUDA_VISIBLE_DEVICES: [1]
Metric val_auc_epoch improved. New best score: 0.683
Metric val_auc_epoch improved by 0.054 >= min_delta = 0.0. New best score: 0.737
Metric val_auc_epoch improved by 0.010 >= min_delta = 0.0. New best score: 0.747
Metric val_auc_epoch improved by 0.009 >= min_delta = 0.0. New best score: 0.756
Metric val_auc_epoch improved by 0.001 >= min_delta = 0.0. New best score: 0.757
Monitored metric val_auc_epoch did not improve in the last 6 records. Best score: 0.757. Signaling Trainer to stop.
Restoring states from the checkpoint path at /home/eng/shilo_avital/yolo_lab/walk_to_paint/outputs/wiki-rfa/wiki-rfa-optuna_20251203-235202/checkpoints/trial_154-epoch=04-val_auc_epoch=0.7574.ckpt
LOCAL_RANK: 0 - CUDA_VISIBLE_DEVICES: [1]
Loaded model weights from the checkpoint at /home/eng/shilo_avital/yolo_lab/walk_to_paint/outputs/wiki-rfa/wiki-rfa-optuna_20251203-235202/checkpoints/trial_154-epoch=04-val_auc_epoch=0.7574.ckpt
────────────────────────────────────────────────────────────────────────────────────────────────────────────────────────
     Validate metric           DataLoader 0
────────────────────────────────────────────────────────────────────────────────────────────────────────────────────────
          step                     11.0
      val_acc_epoch         0.5435962677001953
      val_auc_epoch         0.7573553919792175
      val_f1_epoch          0.5149219036102295
        val_loss             2.754574775695801
────────────────────────────────────────────────────────────────────────────────────────────────────────────────────────
✅ Trial 154 completed - Val AUC: 0.7574
[I 2025-12-05 22:07:59,308] Trial 154 finished with value: 0.7573553919792175 and parameters: {'dataset.max_walk_length': 23, 'dataset.num_walks': 955439, 'training.lr': 0.002643872510923811, 'training.weight_decay': 4.676265136596949e-06, 'training.batch_size': 256, 'training.gradient_clip_val': 0.31794312218491994, 'training.early_stopping_patience': 6, 'model.nhead': 2, 'model.embedding_dim': 32, 'model.hidden_dim': 4, 'model.nlayers': 5, 'model.dropout': 0.23530161124433496, 'training.epochs': 13}. Best is trial 87 with value: 0.777931809425354.
Seed set to 197

🔬 Trial 155 hyperparameters:
  Walk length: 18, Num walks: 900,291
  LR: 1.69e-03, Batch size: 256
  Model: emb_dim=32, hidden_dim=4
  Transformer: 5 layers, 2 heads
  Epochs: 14, Weighted loss: True
Loading wiki-rfa dataset...
Success! ✅
Splitting edges for wiki-rfa dataset...
Ratios: train=0.480, mask=0.320, val=0.100, test=0.100
Success! ✅
Sampling random walks from wiki-rfa dataset...
Success! ✅
Building tokenizer for wiki-rfa dataset...
Success! ✅
Padding and building stage tensors for wiki-rfa dataset...
Success! ✅
Data creation profiling (seconds):
  get_edge_list: 4.81s
  split_edges: 0.10s
  get_walks: 68.87s
  get_tokenizer: 1.80s
  encode_walks: 35.55s
  pad_and_build_stage_tensors: 4.40s
Creating DataLoaders for wiki-rfa dataset...
Success! ✅
GPU available: True (cuda), used: True
TPU available: False, using: 0 TPU cores
HPU available: False, using: 0 HPUs
/home/eng/shilo_avital/yolo_lab/walk_to_paint/.venv/lib64/python3.9/site-packages/pytorch_lightning/callbacks/model_checkpoint.py:658: Checkpoint directory /home/eng/shilo_avital/yolo_lab/walk_to_paint/outputs/wiki-rfa/wiki-rfa-optuna_20251203-235202/checkpoints exists and is not empty.
LOCAL_RANK: 0 - CUDA_VISIBLE_DEVICES: [1]
Metric val_auc_epoch improved. New best score: 0.652
Metric val_auc_epoch improved by 0.057 >= min_delta = 0.0. New best score: 0.710
Metric val_auc_epoch improved by 0.007 >= min_delta = 0.0. New best score: 0.717
Metric val_auc_epoch improved by 0.012 >= min_delta = 0.0. New best score: 0.729
❌ Trial 155 failed: Trial was pruned at epoch 8.
[I 2025-12-05 22:18:33,542] Trial 155 finished with value: 0.0 and parameters: {'dataset.max_walk_length': 18, 'dataset.num_walks': 900291, 'training.lr': 0.0016900435608941105, 'training.weight_decay': 5.243331048292685e-06, 'training.batch_size': 256, 'training.gradient_clip_val': 0.3118459040763927, 'training.early_stopping_patience': 7, 'model.nhead': 2, 'model.embedding_dim': 32, 'model.hidden_dim': 4, 'model.nlayers': 5, 'model.dropout': 0.2677169406043426, 'training.epochs': 14}. Best is trial 87 with value: 0.777931809425354.
🧹 Cleaning up old checkpoints and logs (keeping top 10)...
  Removed old checkpoint: trial_145-epoch=04-val_auc_epoch=0.5980.ckpt
  Removed old checkpoint: trial_144-epoch=01-val_auc_epoch=0.5079.ckpt
  Removed old checkpoint: trial_143-epoch=04-val_auc_epoch=0.6565.ckpt
  Removed old checkpoint: trial_142-epoch=04-val_auc_epoch=0.5034.ckpt
  Removed old checkpoint: trial_141-epoch=04-val_auc_epoch=0.7032.ckpt
  Removed old log dir: trial_145
  Removed old log dir: trial_144
  Removed old log dir: trial_143
  Removed old log dir: trial_142
  Removed old log dir: trial_141
Seed set to 198

🔬 Trial 156 hyperparameters:
  Walk length: 26, Num walks: 983,907
  LR: 5.35e-03, Batch size: 256
  Model: emb_dim=128, hidden_dim=128
  Transformer: 4 layers, 8 heads
  Epochs: 13, Weighted loss: True
Loading wiki-rfa dataset...
Success! ✅
Splitting edges for wiki-rfa dataset...
Ratios: train=0.480, mask=0.320, val=0.100, test=0.100
Success! ✅
Sampling random walks from wiki-rfa dataset...
Success! ✅
Building tokenizer for wiki-rfa dataset...
Success! ✅
Padding and building stage tensors for wiki-rfa dataset...
Success! ✅
Data creation profiling (seconds):
  get_edge_list: 84.63s
  split_edges: 0.10s
  get_walks: 74.78s
  get_tokenizer: 2.08s
  encode_walks: 39.33s
  pad_and_build_stage_tensors: 4.85s
Creating DataLoaders for wiki-rfa dataset...
Success! ✅
GPU available: True (cuda), used: True
TPU available: False, using: 0 TPU cores
HPU available: False, using: 0 HPUs
/home/eng/shilo_avital/yolo_lab/walk_to_paint/.venv/lib64/python3.9/site-packages/pytorch_lightning/callbacks/model_checkpoint.py:658: Checkpoint directory /home/eng/shilo_avital/yolo_lab/walk_to_paint/outputs/wiki-rfa/wiki-rfa-optuna_20251203-235202/checkpoints exists and is not empty.
LOCAL_RANK: 0 - CUDA_VISIBLE_DEVICES: [1]
Metric val_auc_epoch improved. New best score: 0.498
Metric val_auc_epoch improved by 0.001 >= min_delta = 0.0. New best score: 0.499
Metric val_auc_epoch improved by 0.005 >= min_delta = 0.0. New best score: 0.504
Metric val_auc_epoch improved by 0.000 >= min_delta = 0.0. New best score: 0.505
❌ Trial 156 failed: Trial was pruned at epoch 5.
[I 2025-12-05 22:27:57,371] Trial 156 finished with value: 0.0 and parameters: {'dataset.max_walk_length': 26, 'dataset.num_walks': 983907, 'training.lr': 0.005352355037266619, 'training.weight_decay': 3.96908360393822e-06, 'training.batch_size': 256, 'training.gradient_clip_val': 0.3565158660659812, 'training.early_stopping_patience': 6, 'model.nhead': 8, 'model.embedding_dim': 128, 'model.hidden_dim': 128, 'model.nlayers': 4, 'model.dropout': 0.25010528932383685, 'training.epochs': 13}. Best is trial 87 with value: 0.777931809425354.
Seed set to 199

🔬 Trial 157 hyperparameters:
  Walk length: 22, Num walks: 595,902
  LR: 2.65e-03, Batch size: 32
  Model: emb_dim=64, hidden_dim=4
  Transformer: 6 layers, 2 heads
  Epochs: 17, Weighted loss: True
Loading wiki-rfa dataset...
Success! ✅
Splitting edges for wiki-rfa dataset...
Ratios: train=0.480, mask=0.320, val=0.100, test=0.100
Success! ✅
Sampling random walks from wiki-rfa dataset...
Success! ✅
Building tokenizer for wiki-rfa dataset...
Success! ✅
Padding and building stage tensors for wiki-rfa dataset...
Success! ✅
Data creation profiling (seconds):
  get_edge_list: 84.75s
  split_edges: 0.10s
  get_walks: 46.21s
  get_tokenizer: 1.30s
  encode_walks: 23.32s
  pad_and_build_stage_tensors: 2.85s
Creating DataLoaders for wiki-rfa dataset...
Success! ✅
GPU available: True (cuda), used: True
TPU available: False, using: 0 TPU cores
HPU available: False, using: 0 HPUs
/home/eng/shilo_avital/yolo_lab/walk_to_paint/.venv/lib64/python3.9/site-packages/pytorch_lightning/callbacks/model_checkpoint.py:658: Checkpoint directory /home/eng/shilo_avital/yolo_lab/walk_to_paint/outputs/wiki-rfa/wiki-rfa-optuna_20251203-235202/checkpoints exists and is not empty.
LOCAL_RANK: 0 - CUDA_VISIBLE_DEVICES: [1]
Metric val_auc_epoch improved. New best score: 0.500
❌ Trial 157 failed: Trial was pruned at epoch 5.
