[I 2025-12-05 04:28:16,595] Trial 68 finished with value: 0.7440007925033569 and parameters: {'dataset.max_walk_length': 16, 'dataset.num_walks': 835430, 'training.lr': 0.0007930678891844758, 'training.weight_decay': 2.2102073017105294e-05, 'training.batch_size': 128, 'training.gradient_clip_val': 0.2294261253979005, 'training.early_stopping_patience': 5, 'model.nhead': 4, 'model.embedding_dim': 32, 'model.hidden_dim': 64, 'model.nlayers': 5, 'model.dropout': 0.09428609729932041, 'training.epochs': 15}. Best is trial 35 with value: 0.771872878074646.
Seed set to 111

🔬 Trial 69 hyperparameters:
  Walk length: 93, Num walks: 718,073
  LR: 3.97e-04, Batch size: 512
  Model: emb_dim=128, hidden_dim=4
  Transformer: 3 layers, 8 heads
  Epochs: 24, Weighted loss: True
Loading wiki-rfa dataset...
Success! ✅
Splitting edges for wiki-rfa dataset...
Ratios: train=0.480, mask=0.320, val=0.100, test=0.100
Success! ✅
Sampling random walks from wiki-rfa dataset...
Success! ✅
Building tokenizer for wiki-rfa dataset...
Success! ✅
Padding and building stage tensors for wiki-rfa dataset...
Success! ✅
Data creation profiling (seconds):
  get_edge_list: 4.44s
  split_edges: 0.10s
  get_walks: 55.28s
  get_tokenizer: 1.60s
  encode_walks: 29.79s
  pad_and_build_stage_tensors: 3.87s
Creating DataLoaders for wiki-rfa dataset...
Success! ✅
GPU available: True (cuda), used: True
TPU available: False, using: 0 TPU cores
HPU available: False, using: 0 HPUs
/home/eng/shilo_avital/yolo_lab/walk_to_paint/.venv/lib64/python3.9/site-packages/pytorch_lightning/callbacks/model_checkpoint.py:658: Checkpoint directory /home/eng/shilo_avital/yolo_lab/walk_to_paint/outputs/wiki-rfa/wiki-rfa-optuna_20251203-235202/checkpoints exists and is not empty.
LOCAL_RANK: 0 - CUDA_VISIBLE_DEVICES: [1]
Metric val_auc_epoch improved. New best score: 0.594
Metric val_auc_epoch improved by 0.032 >= min_delta = 0.0. New best score: 0.625
Metric val_auc_epoch improved by 0.016 >= min_delta = 0.0. New best score: 0.641
Metric val_auc_epoch improved by 0.013 >= min_delta = 0.0. New best score: 0.654
Metric val_auc_epoch improved by 0.010 >= min_delta = 0.0. New best score: 0.664
Metric val_auc_epoch improved by 0.007 >= min_delta = 0.0. New best score: 0.671
❌ Trial 69 failed: Trial was pruned at epoch 6.
[I 2025-12-05 04:41:30,166] Trial 69 finished with value: 0.0 and parameters: {'dataset.max_walk_length': 93, 'dataset.num_walks': 718073, 'training.lr': 0.0003965129736135816, 'training.weight_decay': 3.866647521572426e-05, 'training.batch_size': 512, 'training.gradient_clip_val': 0.30423094308987597, 'training.early_stopping_patience': 16, 'model.nhead': 8, 'model.embedding_dim': 128, 'model.hidden_dim': 4, 'model.nlayers': 3, 'model.dropout': 0.1510034861137139, 'training.epochs': 24}. Best is trial 35 with value: 0.771872878074646.
Seed set to 112

🔬 Trial 70 hyperparameters:
  Walk length: 97, Num walks: 407,840
  LR: 1.21e-03, Batch size: 64
  Model: emb_dim=16, hidden_dim=128
  Transformer: 4 layers, 1 heads
  Epochs: 9, Weighted loss: True
Loading wiki-rfa dataset...
Success! ✅
Splitting edges for wiki-rfa dataset...
Ratios: train=0.480, mask=0.320, val=0.100, test=0.100
Success! ✅
Sampling random walks from wiki-rfa dataset...
Success! ✅
Building tokenizer for wiki-rfa dataset...
Success! ✅
Padding and building stage tensors for wiki-rfa dataset...
Success! ✅
Data creation profiling (seconds):
  get_edge_list: 84.79s
  split_edges: 0.10s
  get_walks: 31.41s
  get_tokenizer: 0.94s
  encode_walks: 16.80s
  pad_and_build_stage_tensors: 2.24s
Creating DataLoaders for wiki-rfa dataset...
Success! ✅
/home/eng/shilo_avital/yolo_lab/walk_to_paint/.venv/lib64/python3.9/site-packages/torch/nn/modules/transformer.py:382: UserWarning: enable_nested_tensor is True, but self.use_nested_tensor is False because encoder_layer.self_attn.num_heads is odd
  warnings.warn(
GPU available: True (cuda), used: True
TPU available: False, using: 0 TPU cores
HPU available: False, using: 0 HPUs
/home/eng/shilo_avital/yolo_lab/walk_to_paint/.venv/lib64/python3.9/site-packages/pytorch_lightning/callbacks/model_checkpoint.py:658: Checkpoint directory /home/eng/shilo_avital/yolo_lab/walk_to_paint/outputs/wiki-rfa/wiki-rfa-optuna_20251203-235202/checkpoints exists and is not empty.
LOCAL_RANK: 0 - CUDA_VISIBLE_DEVICES: [1]
Metric val_auc_epoch improved. New best score: 0.565
Metric val_auc_epoch improved by 0.042 >= min_delta = 0.0. New best score: 0.607
Metric val_auc_epoch improved by 0.021 >= min_delta = 0.0. New best score: 0.629
Metric val_auc_epoch improved by 0.022 >= min_delta = 0.0. New best score: 0.651
Metric val_auc_epoch improved by 0.011 >= min_delta = 0.0. New best score: 0.661
Metric val_auc_epoch improved by 0.008 >= min_delta = 0.0. New best score: 0.669
❌ Trial 70 failed: Trial was pruned at epoch 6.
[I 2025-12-05 04:54:48,175] Trial 70 finished with value: 0.0 and parameters: {'dataset.max_walk_length': 97, 'dataset.num_walks': 407840, 'training.lr': 0.0012058646009375257, 'training.weight_decay': 1.151626545173504e-05, 'training.batch_size': 64, 'training.gradient_clip_val': 0.16838373662411543, 'training.early_stopping_patience': 8, 'model.nhead': 1, 'model.embedding_dim': 16, 'model.hidden_dim': 128, 'model.nlayers': 4, 'model.dropout': 0.2466252627344125, 'training.epochs': 9}. Best is trial 35 with value: 0.771872878074646.
🧹 Cleaning up old checkpoints and logs (keeping top 10)...
  Removed old checkpoint: trial_60-epoch=05-val_auc_epoch=0.6695.ckpt
  Removed old checkpoint: trial_59-epoch=04-val_auc_epoch=0.5824.ckpt
  Removed old checkpoint: trial_58-epoch=04-val_auc_epoch=0.5719.ckpt
  Removed old checkpoint: trial_57-epoch=01-val_auc_epoch=0.5539.ckpt
  Removed old checkpoint: trial_56-epoch=04-val_auc_epoch=0.6401.ckpt
  Removed old log dir: trial_60
  Removed old log dir: trial_59
  Removed old log dir: trial_58
  Removed old log dir: trial_57
  Removed old log dir: trial_56
Seed set to 113

🔬 Trial 71 hyperparameters:
  Walk length: 87, Num walks: 586,093
  LR: 3.23e-03, Batch size: 256
  Model: emb_dim=32, hidden_dim=4
  Transformer: 5 layers, 2 heads
  Epochs: 11, Weighted loss: True
Loading wiki-rfa dataset...
Success! ✅
Splitting edges for wiki-rfa dataset...
Ratios: train=0.480, mask=0.320, val=0.100, test=0.100
Success! ✅
Sampling random walks from wiki-rfa dataset...
Success! ✅
Building tokenizer for wiki-rfa dataset...
Success! ✅
Padding and building stage tensors for wiki-rfa dataset...
Success! ✅
Data creation profiling (seconds):
  get_edge_list: 84.86s
  split_edges: 0.10s
  get_walks: 45.03s
  get_tokenizer: 1.29s
  encode_walks: 23.96s
  pad_and_build_stage_tensors: 3.21s
Creating DataLoaders for wiki-rfa dataset...
Success! ✅
GPU available: True (cuda), used: True
TPU available: False, using: 0 TPU cores
HPU available: False, using: 0 HPUs
/home/eng/shilo_avital/yolo_lab/walk_to_paint/.venv/lib64/python3.9/site-packages/pytorch_lightning/callbacks/model_checkpoint.py:658: Checkpoint directory /home/eng/shilo_avital/yolo_lab/walk_to_paint/outputs/wiki-rfa/wiki-rfa-optuna_20251203-235202/checkpoints exists and is not empty.
LOCAL_RANK: 0 - CUDA_VISIBLE_DEVICES: [1]
Metric val_auc_epoch improved. New best score: 0.629
Metric val_auc_epoch improved by 0.025 >= min_delta = 0.0. New best score: 0.654
Metric val_auc_epoch improved by 0.019 >= min_delta = 0.0. New best score: 0.673
Metric val_auc_epoch improved by 0.012 >= min_delta = 0.0. New best score: 0.685
❌ Trial 71 failed: Trial was pruned at epoch 6.
[I 2025-12-05 05:02:47,332] Trial 71 finished with value: 0.0 and parameters: {'dataset.max_walk_length': 87, 'dataset.num_walks': 586093, 'training.lr': 0.0032317605070700255, 'training.weight_decay': 4.956990976245117e-06, 'training.batch_size': 256, 'training.gradient_clip_val': 0.38163345406058646, 'training.early_stopping_patience': 6, 'model.nhead': 2, 'model.embedding_dim': 32, 'model.hidden_dim': 4, 'model.nlayers': 5, 'model.dropout': 0.21405983244258386, 'training.epochs': 11}. Best is trial 35 with value: 0.771872878074646.
Seed set to 114

🔬 Trial 72 hyperparameters:
  Walk length: 84, Num walks: 643,909
  LR: 3.94e-03, Batch size: 256
  Model: emb_dim=32, hidden_dim=4
  Transformer: 5 layers, 2 heads
  Epochs: 12, Weighted loss: True
Loading wiki-rfa dataset...
Success! ✅
Splitting edges for wiki-rfa dataset...
Ratios: train=0.480, mask=0.320, val=0.100, test=0.100
Success! ✅
Sampling random walks from wiki-rfa dataset...
Success! ✅
Building tokenizer for wiki-rfa dataset...
Success! ✅
Padding and building stage tensors for wiki-rfa dataset...
Success! ✅
Data creation profiling (seconds):
  get_edge_list: 85.02s
  split_edges: 0.10s
  get_walks: 49.76s
  get_tokenizer: 1.41s
  encode_walks: 26.31s
  pad_and_build_stage_tensors: 3.35s
Creating DataLoaders for wiki-rfa dataset...
Success! ✅
GPU available: True (cuda), used: True
TPU available: False, using: 0 TPU cores
HPU available: False, using: 0 HPUs
/home/eng/shilo_avital/yolo_lab/walk_to_paint/.venv/lib64/python3.9/site-packages/pytorch_lightning/callbacks/model_checkpoint.py:658: Checkpoint directory /home/eng/shilo_avital/yolo_lab/walk_to_paint/outputs/wiki-rfa/wiki-rfa-optuna_20251203-235202/checkpoints exists and is not empty.
LOCAL_RANK: 0 - CUDA_VISIBLE_DEVICES: [1]
Metric val_auc_epoch improved. New best score: 0.630
Metric val_auc_epoch improved by 0.039 >= min_delta = 0.0. New best score: 0.669
Metric val_auc_epoch improved by 0.028 >= min_delta = 0.0. New best score: 0.698
Metric val_auc_epoch improved by 0.010 >= min_delta = 0.0. New best score: 0.708
Metric val_auc_epoch improved by 0.005 >= min_delta = 0.0. New best score: 0.713
❌ Trial 72 failed: Trial was pruned at epoch 7.
[I 2025-12-05 05:12:11,327] Trial 72 finished with value: 0.0 and parameters: {'dataset.max_walk_length': 84, 'dataset.num_walks': 643909, 'training.lr': 0.00393513326938923, 'training.weight_decay': 2.782254127429507e-06, 'training.batch_size': 256, 'training.gradient_clip_val': 0.34463043223886364, 'training.early_stopping_patience': 6, 'model.nhead': 2, 'model.embedding_dim': 32, 'model.hidden_dim': 4, 'model.nlayers': 5, 'model.dropout': 0.23213889427812273, 'training.epochs': 12}. Best is trial 35 with value: 0.771872878074646.
Seed set to 115

🔬 Trial 73 hyperparameters:
  Walk length: 78, Num walks: 518,194
  LR: 2.71e-03, Batch size: 256
  Model: emb_dim=32, hidden_dim=4
  Transformer: 5 layers, 2 heads
  Epochs: 11, Weighted loss: True
Loading wiki-rfa dataset...
Success! ✅
Splitting edges for wiki-rfa dataset...
Ratios: train=0.480, mask=0.320, val=0.100, test=0.100
Success! ✅
Sampling random walks from wiki-rfa dataset...
Success! ✅
Building tokenizer for wiki-rfa dataset...
Success! ✅
Padding and building stage tensors for wiki-rfa dataset...
Success! ✅
Data creation profiling (seconds):
  get_edge_list: 84.58s
  split_edges: 0.10s
  get_walks: 40.08s
  get_tokenizer: 1.26s
  encode_walks: 21.27s
  pad_and_build_stage_tensors: 2.74s
Creating DataLoaders for wiki-rfa dataset...
Success! ✅
GPU available: True (cuda), used: True
TPU available: False, using: 0 TPU cores
HPU available: False, using: 0 HPUs
/home/eng/shilo_avital/yolo_lab/walk_to_paint/.venv/lib64/python3.9/site-packages/pytorch_lightning/callbacks/model_checkpoint.py:658: Checkpoint directory /home/eng/shilo_avital/yolo_lab/walk_to_paint/outputs/wiki-rfa/wiki-rfa-optuna_20251203-235202/checkpoints exists and is not empty.
LOCAL_RANK: 0 - CUDA_VISIBLE_DEVICES: [1]
Metric val_auc_epoch improved. New best score: 0.631
Metric val_auc_epoch improved by 0.045 >= min_delta = 0.0. New best score: 0.676
Metric val_auc_epoch improved by 0.031 >= min_delta = 0.0. New best score: 0.707
Metric val_auc_epoch improved by 0.012 >= min_delta = 0.0. New best score: 0.719
Metric val_auc_epoch improved by 0.008 >= min_delta = 0.0. New best score: 0.727
Metric val_auc_epoch improved by 0.006 >= min_delta = 0.0. New best score: 0.733
Metric val_auc_epoch improved by 0.003 >= min_delta = 0.0. New best score: 0.737
`Trainer.fit` stopped: `max_epochs=11` reached.
Restoring states from the checkpoint path at /home/eng/shilo_avital/yolo_lab/walk_to_paint/outputs/wiki-rfa/wiki-rfa-optuna_20251203-235202/checkpoints/trial_73-epoch=07-val_auc_epoch=0.7367.ckpt
LOCAL_RANK: 0 - CUDA_VISIBLE_DEVICES: [1]
Loaded model weights from the checkpoint at /home/eng/shilo_avital/yolo_lab/walk_to_paint/outputs/wiki-rfa/wiki-rfa-optuna_20251203-235202/checkpoints/trial_73-epoch=07-val_auc_epoch=0.7367.ckpt
────────────────────────────────────────────────────────────────────────────────────────────────────────────────────────
     Validate metric           DataLoader 0
────────────────────────────────────────────────────────────────────────────────────────────────────────────────────────
          step                     11.0
      val_acc_epoch         0.5081795454025269
      val_auc_epoch         0.7366687655448914
      val_f1_epoch          0.4812332093715668
        val_loss            3.0165982246398926
────────────────────────────────────────────────────────────────────────────────────────────────────────────────────────
✅ Trial 73 completed - Val AUC: 0.7367
[I 2025-12-05 05:21:59,673] Trial 73 finished with value: 0.7366687655448914 and parameters: {'dataset.max_walk_length': 78, 'dataset.num_walks': 518194, 'training.lr': 0.0027082627142221015, 'training.weight_decay': 7.826815915914541e-06, 'training.batch_size': 256, 'training.gradient_clip_val': 0.4735103786246083, 'training.early_stopping_patience': 6, 'model.nhead': 2, 'model.embedding_dim': 32, 'model.hidden_dim': 4, 'model.nlayers': 5, 'model.dropout': 0.17367614763793002, 'training.epochs': 11}. Best is trial 35 with value: 0.771872878074646.
Seed set to 116

🔬 Trial 74 hyperparameters:
  Walk length: 89, Num walks: 675,874
  LR: 4.38e-03, Batch size: 256
  Model: emb_dim=32, hidden_dim=4
  Transformer: 4 layers, 2 heads
  Epochs: 10, Weighted loss: True
Loading wiki-rfa dataset...
Success! ✅
Splitting edges for wiki-rfa dataset...
Ratios: train=0.480, mask=0.320, val=0.100, test=0.100
Success! ✅
Sampling random walks from wiki-rfa dataset...
Success! ✅
Building tokenizer for wiki-rfa dataset...
Success! ✅
Padding and building stage tensors for wiki-rfa dataset...
Success! ✅
Data creation profiling (seconds):
  get_edge_list: 4.73s
  split_edges: 0.10s
  get_walks: 50.65s
  get_tokenizer: 1.44s
  encode_walks: 27.30s
  pad_and_build_stage_tensors: 3.73s
Creating DataLoaders for wiki-rfa dataset...
Success! ✅
GPU available: True (cuda), used: True
TPU available: False, using: 0 TPU cores
HPU available: False, using: 0 HPUs
/home/eng/shilo_avital/yolo_lab/walk_to_paint/.venv/lib64/python3.9/site-packages/pytorch_lightning/callbacks/model_checkpoint.py:658: Checkpoint directory /home/eng/shilo_avital/yolo_lab/walk_to_paint/outputs/wiki-rfa/wiki-rfa-optuna_20251203-235202/checkpoints exists and is not empty.
LOCAL_RANK: 0 - CUDA_VISIBLE_DEVICES: [1]
Metric val_auc_epoch improved. New best score: 0.663
Metric val_auc_epoch improved by 0.043 >= min_delta = 0.0. New best score: 0.706
Metric val_auc_epoch improved by 0.014 >= min_delta = 0.0. New best score: 0.720
Metric val_auc_epoch improved by 0.011 >= min_delta = 0.0. New best score: 0.731
Metric val_auc_epoch improved by 0.001 >= min_delta = 0.0. New best score: 0.731
Metric val_auc_epoch improved by 0.006 >= min_delta = 0.0. New best score: 0.738
`Trainer.fit` stopped: `max_epochs=10` reached.
Restoring states from the checkpoint path at /home/eng/shilo_avital/yolo_lab/walk_to_paint/outputs/wiki-rfa/wiki-rfa-optuna_20251203-235202/checkpoints/trial_74-epoch=07-val_auc_epoch=0.7376.ckpt
LOCAL_RANK: 0 - CUDA_VISIBLE_DEVICES: [1]
Loaded model weights from the checkpoint at /home/eng/shilo_avital/yolo_lab/walk_to_paint/outputs/wiki-rfa/wiki-rfa-optuna_20251203-235202/checkpoints/trial_74-epoch=07-val_auc_epoch=0.7376.ckpt
────────────────────────────────────────────────────────────────────────────────────────────────────────────────────────
     Validate metric           DataLoader 0
────────────────────────────────────────────────────────────────────────────────────────────────────────────────────────
          step                     10.0
      val_acc_epoch          0.517773449420929
      val_auc_epoch         0.7375587224960327
      val_f1_epoch          0.49079859256744385
        val_loss             2.815084218978882
────────────────────────────────────────────────────────────────────────────────────────────────────────────────────────
✅ Trial 74 completed - Val AUC: 0.7376
[I 2025-12-05 05:31:41,987] Trial 74 finished with value: 0.7375587224960327 and parameters: {'dataset.max_walk_length': 89, 'dataset.num_walks': 675874, 'training.lr': 0.0043781351735815936, 'training.weight_decay': 1.808909595427259e-05, 'training.batch_size': 256, 'training.gradient_clip_val': 0.5383773826572547, 'training.early_stopping_patience': 7, 'model.nhead': 2, 'model.embedding_dim': 32, 'model.hidden_dim': 4, 'model.nlayers': 4, 'model.dropout': 0.2091908739658248, 'training.epochs': 10}. Best is trial 35 with value: 0.771872878074646.
Seed set to 117

🔬 Trial 75 hyperparameters:
  Walk length: 84, Num walks: 947,635
  LR: 1.93e-03, Batch size: 256
  Model: emb_dim=32, hidden_dim=256
  Transformer: 5 layers, 8 heads
  Epochs: 12, Weighted loss: True
Loading wiki-rfa dataset...
Success! ✅
Splitting edges for wiki-rfa dataset...
Ratios: train=0.480, mask=0.320, val=0.100, test=0.100
Success! ✅
Sampling random walks from wiki-rfa dataset...
Success! ✅
Building tokenizer for wiki-rfa dataset...
Success! ✅
Padding and building stage tensors for wiki-rfa dataset...
Success! ✅
Data creation profiling (seconds):
  get_edge_list: 4.70s
  split_edges: 0.10s
  get_walks: 71.96s
  get_tokenizer: 2.29s
  encode_walks: 39.30s
  pad_and_build_stage_tensors: 5.11s
Creating DataLoaders for wiki-rfa dataset...
Success! ✅
GPU available: True (cuda), used: True
TPU available: False, using: 0 TPU cores
HPU available: False, using: 0 HPUs
/home/eng/shilo_avital/yolo_lab/walk_to_paint/.venv/lib64/python3.9/site-packages/pytorch_lightning/callbacks/model_checkpoint.py:658: Checkpoint directory /home/eng/shilo_avital/yolo_lab/walk_to_paint/outputs/wiki-rfa/wiki-rfa-optuna_20251203-235202/checkpoints exists and is not empty.
LOCAL_RANK: 0 - CUDA_VISIBLE_DEVICES: [1]
Metric val_auc_epoch improved. New best score: 0.621
Metric val_auc_epoch improved by 0.029 >= min_delta = 0.0. New best score: 0.649
Metric val_auc_epoch improved by 0.004 >= min_delta = 0.0. New best score: 0.654
Metric val_auc_epoch improved by 0.009 >= min_delta = 0.0. New best score: 0.663
Metric val_auc_epoch improved by 0.009 >= min_delta = 0.0. New best score: 0.671
Metric val_auc_epoch improved by 0.017 >= min_delta = 0.0. New best score: 0.688
❌ Trial 75 failed: Trial was pruned at epoch 6.
[I 2025-12-05 05:50:25,467] Trial 75 finished with value: 0.0 and parameters: {'dataset.max_walk_length': 84, 'dataset.num_walks': 947635, 'training.lr': 0.0019257339670316982, 'training.weight_decay': 4.745542014458235e-06, 'training.batch_size': 256, 'training.gradient_clip_val': 0.3865020049876753, 'training.early_stopping_patience': 5, 'model.nhead': 8, 'model.embedding_dim': 32, 'model.hidden_dim': 256, 'model.nlayers': 5, 'model.dropout': 0.2815625242460699, 'training.epochs': 12}. Best is trial 35 with value: 0.771872878074646.
🧹 Cleaning up old checkpoints and logs (keeping top 10)...
  Removed old checkpoint: trial_65-epoch=03-val_auc_epoch=0.5339.ckpt
  Removed old checkpoint: trial_64-epoch=08-val_auc_epoch=0.7285.ckpt
  Removed old checkpoint: trial_63-epoch=08-val_auc_epoch=0.7307.ckpt
  Removed old checkpoint: trial_62-epoch=04-val_auc_epoch=0.7518.ckpt
  Removed old checkpoint: trial_61-epoch=05-val_auc_epoch=0.7114.ckpt
  Removed old log dir: trial_65
  Removed old log dir: trial_64
  Removed old log dir: trial_63
  Removed old log dir: trial_62
  Removed old log dir: trial_61
Seed set to 118

🔬 Trial 76 hyperparameters:
  Walk length: 92, Num walks: 783,227
  LR: 4.67e-03, Batch size: 512
  Model: emb_dim=8, hidden_dim=16
  Transformer: 4 layers, 2 heads
  Epochs: 19, Weighted loss: True
Loading wiki-rfa dataset...
Success! ✅
Splitting edges for wiki-rfa dataset...
Ratios: train=0.480, mask=0.320, val=0.100, test=0.100
Success! ✅
Sampling random walks from wiki-rfa dataset...
Success! ✅
Building tokenizer for wiki-rfa dataset...
Success! ✅
Padding and building stage tensors for wiki-rfa dataset...
Success! ✅
Data creation profiling (seconds):
  get_edge_list: 84.84s
  split_edges: 0.10s
  get_walks: 59.69s
  get_tokenizer: 1.89s
  encode_walks: 32.49s
  pad_and_build_stage_tensors: 4.13s
Creating DataLoaders for wiki-rfa dataset...
Success! ✅
GPU available: True (cuda), used: True
TPU available: False, using: 0 TPU cores
HPU available: False, using: 0 HPUs
/home/eng/shilo_avital/yolo_lab/walk_to_paint/.venv/lib64/python3.9/site-packages/pytorch_lightning/callbacks/model_checkpoint.py:658: Checkpoint directory /home/eng/shilo_avital/yolo_lab/walk_to_paint/outputs/wiki-rfa/wiki-rfa-optuna_20251203-235202/checkpoints exists and is not empty.
LOCAL_RANK: 0 - CUDA_VISIBLE_DEVICES: [1]
Metric val_auc_epoch improved. New best score: 0.579
Metric val_auc_epoch improved by 0.023 >= min_delta = 0.0. New best score: 0.602
Metric val_auc_epoch improved by 0.022 >= min_delta = 0.0. New best score: 0.625
Metric val_auc_epoch improved by 0.016 >= min_delta = 0.0. New best score: 0.641
Metric val_auc_epoch improved by 0.014 >= min_delta = 0.0. New best score: 0.655
❌ Trial 76 failed: Trial was pruned at epoch 5.
