[I 2025-12-06 19:40:39,197] Trial 37 finished with value: 0.9007002115249634 and parameters: {'dataset.max_walk_length': 51, 'dataset.num_walks': 2215141, 'training.lr': 0.0006383901669452404, 'training.weight_decay': 0.00020858053548773712, 'training.batch_size': 512, 'training.gradient_clip_val': 0.23486985636579638, 'training.early_stopping_patience': 7, 'model.nhead': 8, 'model.embedding_dim': 128, 'model.hidden_dim': 128, 'model.nlayers': 3, 'model.dropout': 0.04408719794957902, 'training.epochs': 25}. Best is trial 31 with value: 0.9132871627807617.
Seed set to 80

🔬 Trial 38 hyperparameters:
  Walk length: 43, Num walks: 3,962,152
  LR: 4.92e-04, Batch size: 256
  Model: emb_dim=128, hidden_dim=128
  Transformer: 3 layers, 8 heads
  Epochs: 21, Weighted loss: True
Loading epinions dataset...
Success! ✅
Splitting edges for epinions dataset...
Ratios: train=0.480, mask=0.320, val=0.100, test=0.100
Success! ✅
Sampling random walks from epinions dataset...
Success! ✅
Building tokenizer for epinions dataset...
Success! ✅
Padding and building stage tensors for epinions dataset...
Success! ✅
Data creation profiling (seconds):
  get_edge_list: 1.08s
  split_edges: 0.50s
  get_walks: 5177.91s
  get_tokenizer: 13.40s
  encode_walks: 198.34s
  pad_and_build_stage_tensors: 21.61s
Creating DataLoaders for epinions dataset...
Success! ✅
GPU available: True (cuda), used: True
TPU available: False, using: 0 TPU cores
HPU available: False, using: 0 HPUs
/home/eng/shilo_avital/yolo_lab/walk_to_paint/.venv/lib64/python3.9/site-packages/pytorch_lightning/callbacks/model_checkpoint.py:658: Checkpoint directory /home/eng/shilo_avital/yolo_lab/walk_to_paint/outputs/epinions/epinions-optuna_20251203-235202/checkpoints exists and is not empty.
LOCAL_RANK: 0 - CUDA_VISIBLE_DEVICES: [0]
Metric val_auc_epoch improved. New best score: 0.885
Metric val_auc_epoch improved by 0.010 >= min_delta = 0.0. New best score: 0.896
Metric val_auc_epoch improved by 0.001 >= min_delta = 0.0. New best score: 0.896
Metric val_auc_epoch improved by 0.002 >= min_delta = 0.0. New best score: 0.898
Metric val_auc_epoch improved by 0.003 >= min_delta = 0.0. New best score: 0.902
Monitored metric val_auc_epoch did not improve in the last 11 records. Best score: 0.902. Signaling Trainer to stop.
Restoring states from the checkpoint path at /home/eng/shilo_avital/yolo_lab/walk_to_paint/outputs/epinions/epinions-optuna_20251203-235202/checkpoints/trial_38-epoch=06-val_auc_epoch=0.9017.ckpt
LOCAL_RANK: 0 - CUDA_VISIBLE_DEVICES: [0]
Loaded model weights from the checkpoint at /home/eng/shilo_avital/yolo_lab/walk_to_paint/outputs/epinions/epinions-optuna_20251203-235202/checkpoints/trial_38-epoch=06-val_auc_epoch=0.9017.ckpt
────────────────────────────────────────────────────────────────────────────────────────────────────────────────────────
     Validate metric           DataLoader 0
────────────────────────────────────────────────────────────────────────────────────────────────────────────────────────
          step                     18.0
      val_acc_epoch         0.8157477378845215
      val_auc_epoch         0.9017174243927002
      val_f1_epoch          0.7764098644256592
        val_loss             1.09121835231781
────────────────────────────────────────────────────────────────────────────────────────────────────────────────────────
✅ Trial 38 completed - Val AUC: 0.9017
[I 2025-12-06 22:34:57,840] Trial 38 finished with value: 0.9017174243927002 and parameters: {'dataset.max_walk_length': 43, 'dataset.num_walks': 3962152, 'training.lr': 0.0004919105255713324, 'training.weight_decay': 0.0010232596118227434, 'training.batch_size': 256, 'training.gradient_clip_val': 0.3879565600391173, 'training.early_stopping_patience': 11, 'model.nhead': 8, 'model.embedding_dim': 128, 'model.hidden_dim': 128, 'model.nlayers': 3, 'model.dropout': 0.10670211326947468, 'training.epochs': 21}. Best is trial 31 with value: 0.9132871627807617.
Seed set to 81

🔬 Trial 39 hyperparameters:
  Walk length: 76, Num walks: 2,314,469
  LR: 1.01e-03, Batch size: 128
  Model: emb_dim=128, hidden_dim=128
  Transformer: 3 layers, 1 heads
  Epochs: 11, Weighted loss: True
Loading epinions dataset...
Success! ✅
Splitting edges for epinions dataset...
Ratios: train=0.480, mask=0.320, val=0.100, test=0.100
Success! ✅
Sampling random walks from epinions dataset...
Success! ✅
Building tokenizer for epinions dataset...
Success! ✅
Padding and building stage tensors for epinions dataset...
Success! ✅
Data creation profiling (seconds):
  get_edge_list: 1.09s
  split_edges: 0.52s
  get_walks: 2930.29s
  get_tokenizer: 8.44s
  encode_walks: 122.14s
  pad_and_build_stage_tensors: 12.37s
Creating DataLoaders for epinions dataset...
Success! ✅
/home/eng/shilo_avital/yolo_lab/walk_to_paint/.venv/lib64/python3.9/site-packages/torch/nn/modules/transformer.py:382: UserWarning: enable_nested_tensor is True, but self.use_nested_tensor is False because encoder_layer.self_attn.num_heads is odd
  warnings.warn(
GPU available: True (cuda), used: True
TPU available: False, using: 0 TPU cores
HPU available: False, using: 0 HPUs
/home/eng/shilo_avital/yolo_lab/walk_to_paint/.venv/lib64/python3.9/site-packages/pytorch_lightning/callbacks/model_checkpoint.py:658: Checkpoint directory /home/eng/shilo_avital/yolo_lab/walk_to_paint/outputs/epinions/epinions-optuna_20251203-235202/checkpoints exists and is not empty.
LOCAL_RANK: 0 - CUDA_VISIBLE_DEVICES: [0]
Metric val_auc_epoch improved. New best score: 0.877
Metric val_auc_epoch improved by 0.017 >= min_delta = 0.0. New best score: 0.894
Metric val_auc_epoch improved by 0.001 >= min_delta = 0.0. New best score: 0.895
Metric val_auc_epoch improved by 0.001 >= min_delta = 0.0. New best score: 0.896
`Trainer.fit` stopped: `max_epochs=11` reached.
Restoring states from the checkpoint path at /home/eng/shilo_avital/yolo_lab/walk_to_paint/outputs/epinions/epinions-optuna_20251203-235202/checkpoints/trial_39-epoch=05-val_auc_epoch=0.8955.ckpt
LOCAL_RANK: 0 - CUDA_VISIBLE_DEVICES: [0]
Loaded model weights from the checkpoint at /home/eng/shilo_avital/yolo_lab/walk_to_paint/outputs/epinions/epinions-optuna_20251203-235202/checkpoints/trial_39-epoch=05-val_auc_epoch=0.8955.ckpt
────────────────────────────────────────────────────────────────────────────────────────────────────────────────────────
     Validate metric           DataLoader 0
────────────────────────────────────────────────────────────────────────────────────────────────────────────────────────
          step                     11.0
      val_acc_epoch          0.798805832862854
      val_auc_epoch         0.8955405950546265
      val_f1_epoch          0.7424657344818115
        val_loss            0.9740289449691772
────────────────────────────────────────────────────────────────────────────────────────────────────────────────────────
✅ Trial 39 completed - Val AUC: 0.8955
[I 2025-12-07 00:17:04,855] Trial 39 finished with value: 0.8955405950546265 and parameters: {'dataset.max_walk_length': 76, 'dataset.num_walks': 2314469, 'training.lr': 0.0010058651320425127, 'training.weight_decay': 0.0005173112153536373, 'training.batch_size': 128, 'training.gradient_clip_val': 0.21390338265162256, 'training.early_stopping_patience': 6, 'model.nhead': 1, 'model.embedding_dim': 128, 'model.hidden_dim': 128, 'model.nlayers': 3, 'model.dropout': 0.04634736277506635, 'training.epochs': 11}. Best is trial 31 with value: 0.9132871627807617.
Seed set to 82

🔬 Trial 40 hyperparameters:
  Walk length: 51, Num walks: 3,072,392
  LR: 4.48e-03, Batch size: 32
  Model: emb_dim=128, hidden_dim=4
  Transformer: 2 layers, 8 heads
  Epochs: 22, Weighted loss: True
Loading epinions dataset...
Success! ✅
Splitting edges for epinions dataset...
Ratios: train=0.480, mask=0.320, val=0.100, test=0.100
Success! ✅
Sampling random walks from epinions dataset...
Success! ✅
Building tokenizer for epinions dataset...
Success! ✅
Padding and building stage tensors for epinions dataset...
Success! ✅
Data creation profiling (seconds):
  get_edge_list: 1.08s
  split_edges: 0.51s
  get_walks: 3836.69s
  get_tokenizer: 10.25s
  encode_walks: 155.72s
  pad_and_build_stage_tensors: 16.67s
Creating DataLoaders for epinions dataset...
Success! ✅
GPU available: True (cuda), used: True
TPU available: False, using: 0 TPU cores
HPU available: False, using: 0 HPUs
/home/eng/shilo_avital/yolo_lab/walk_to_paint/.venv/lib64/python3.9/site-packages/pytorch_lightning/callbacks/model_checkpoint.py:658: Checkpoint directory /home/eng/shilo_avital/yolo_lab/walk_to_paint/outputs/epinions/epinions-optuna_20251203-235202/checkpoints exists and is not empty.
LOCAL_RANK: 0 - CUDA_VISIBLE_DEVICES: [0]
Metric val_auc_epoch improved. New best score: 0.623
❌ Trial 40 failed: Trial was pruned at epoch 5.
[I 2025-12-07 03:16:45,550] Trial 40 finished with value: 0.0 and parameters: {'dataset.max_walk_length': 51, 'dataset.num_walks': 3072392, 'training.lr': 0.0044791296385680015, 'training.weight_decay': 0.0001547500866227899, 'training.batch_size': 32, 'training.gradient_clip_val': 0.4455268347386482, 'training.early_stopping_patience': 7, 'model.nhead': 8, 'model.embedding_dim': 128, 'model.hidden_dim': 4, 'model.nlayers': 2, 'model.dropout': 0.10051485557288087, 'training.epochs': 22}. Best is trial 31 with value: 0.9132871627807617.
🧹 Cleaning up old checkpoints and logs (keeping top 10)...
  Removed old checkpoint: trial_30-epoch=03-val_auc_epoch=0.8902.ckpt
  Removed old checkpoint: trial_29-epoch=01-val_auc_epoch=0.9004.ckpt
  Removed old checkpoint: trial_28-epoch=01-val_auc_epoch=0.9071.ckpt
  Removed old checkpoint: trial_27-epoch=00-val_auc_epoch=0.5884.ckpt
  Removed old checkpoint: trial_26-epoch=00-val_auc_epoch=0.8437.ckpt
  Removed old log dir: trial_30
  Removed old log dir: trial_29
  Removed old log dir: trial_28
  Removed old log dir: trial_27
  Removed old log dir: trial_26
Seed set to 83

🔬 Trial 41 hyperparameters:
  Walk length: 65, Num walks: 3,123,066
  LR: 2.03e-03, Batch size: 256
  Model: emb_dim=32, hidden_dim=32
  Transformer: 4 layers, 8 heads
  Epochs: 24, Weighted loss: True
Loading epinions dataset...
Success! ✅
Splitting edges for epinions dataset...
Ratios: train=0.480, mask=0.320, val=0.100, test=0.100
Success! ✅
Sampling random walks from epinions dataset...
Success! ✅
Building tokenizer for epinions dataset...
Success! ✅
Padding and building stage tensors for epinions dataset...
Success! ✅
Data creation profiling (seconds):
  get_edge_list: 1.04s
  split_edges: 0.50s
  get_walks: 4072.74s
  get_tokenizer: 10.79s
  encode_walks: 160.48s
  pad_and_build_stage_tensors: 16.36s
Creating DataLoaders for epinions dataset...
Success! ✅
GPU available: True (cuda), used: True
TPU available: False, using: 0 TPU cores
HPU available: False, using: 0 HPUs
/home/eng/shilo_avital/yolo_lab/walk_to_paint/.venv/lib64/python3.9/site-packages/pytorch_lightning/callbacks/model_checkpoint.py:658: Checkpoint directory /home/eng/shilo_avital/yolo_lab/walk_to_paint/outputs/epinions/epinions-optuna_20251203-235202/checkpoints exists and is not empty.
LOCAL_RANK: 0 - CUDA_VISIBLE_DEVICES: [0]
Metric val_auc_epoch improved. New best score: 0.868
Metric val_auc_epoch improved by 0.034 >= min_delta = 0.0. New best score: 0.902
Metric val_auc_epoch improved by 0.008 >= min_delta = 0.0. New best score: 0.910
Metric val_auc_epoch improved by 0.000 >= min_delta = 0.0. New best score: 0.911
Monitored metric val_auc_epoch did not improve in the last 9 records. Best score: 0.911. Signaling Trainer to stop.
Restoring states from the checkpoint path at /home/eng/shilo_avital/yolo_lab/walk_to_paint/outputs/epinions/epinions-optuna_20251203-235202/checkpoints/trial_41-epoch=03-val_auc_epoch=0.9106.ckpt
LOCAL_RANK: 0 - CUDA_VISIBLE_DEVICES: [0]
Loaded model weights from the checkpoint at /home/eng/shilo_avital/yolo_lab/walk_to_paint/outputs/epinions/epinions-optuna_20251203-235202/checkpoints/trial_41-epoch=03-val_auc_epoch=0.9106.ckpt
────────────────────────────────────────────────────────────────────────────────────────────────────────────────────────
     Validate metric           DataLoader 0
────────────────────────────────────────────────────────────────────────────────────────────────────────────────────────
          step                     13.0
      val_acc_epoch         0.8366705179214478
      val_auc_epoch         0.9106131792068481
      val_f1_epoch          0.7933659553527832
        val_loss            0.6871951818466187
────────────────────────────────────────────────────────────────────────────────────────────────────────────────────────
✅ Trial 41 completed - Val AUC: 0.9106
[I 2025-12-07 05:36:33,064] Trial 41 finished with value: 0.9106131792068481 and parameters: {'dataset.max_walk_length': 65, 'dataset.num_walks': 3123066, 'training.lr': 0.002026866890767903, 'training.weight_decay': 0.001767512713953413, 'training.batch_size': 256, 'training.gradient_clip_val': 0.1699519571036178, 'training.early_stopping_patience': 9, 'model.nhead': 8, 'model.embedding_dim': 32, 'model.hidden_dim': 32, 'model.nlayers': 4, 'model.dropout': 0.002469305913733927, 'training.epochs': 24}. Best is trial 31 with value: 0.9132871627807617.
[I 2025-12-07 05:36:33,095] Trial 42 pruned. Could not find valid nhead/embedding_dim combination after 10 attempts
Seed set to 85

🔬 Trial 43 hyperparameters:
  Walk length: 76, Num walks: 3,846,279
  LR: 5.59e-03, Batch size: 256
  Model: emb_dim=8, hidden_dim=256
  Transformer: 4 layers, 8 heads
  Epochs: 25, Weighted loss: True
Loading epinions dataset...
Success! ✅
Splitting edges for epinions dataset...
Ratios: train=0.480, mask=0.320, val=0.100, test=0.100
Success! ✅
Sampling random walks from epinions dataset...
Success! ✅
Building tokenizer for epinions dataset...
Success! ✅
Padding and building stage tensors for epinions dataset...
Success! ✅
Data creation profiling (seconds):
  get_edge_list: 1.10s
  split_edges: 0.51s
  get_walks: 4915.29s
  get_tokenizer: 14.11s
  encode_walks: 201.03s
  pad_and_build_stage_tensors: 21.36s
Creating DataLoaders for epinions dataset...
Success! ✅
GPU available: True (cuda), used: True
TPU available: False, using: 0 TPU cores
HPU available: False, using: 0 HPUs
/home/eng/shilo_avital/yolo_lab/walk_to_paint/.venv/lib64/python3.9/site-packages/pytorch_lightning/callbacks/model_checkpoint.py:658: Checkpoint directory /home/eng/shilo_avital/yolo_lab/walk_to_paint/outputs/epinions/epinions-optuna_20251203-235202/checkpoints exists and is not empty.
LOCAL_RANK: 0 - CUDA_VISIBLE_DEVICES: [0]
Metric val_auc_epoch improved. New best score: 0.732
Metric val_auc_epoch improved by 0.023 >= min_delta = 0.0. New best score: 0.755
Metric val_auc_epoch improved by 0.003 >= min_delta = 0.0. New best score: 0.758
Metric val_auc_epoch improved by 0.021 >= min_delta = 0.0. New best score: 0.779
❌ Trial 43 failed: Trial was pruned at epoch 5.
[I 2025-12-07 08:12:58,169] Trial 43 finished with value: 0.0 and parameters: {'dataset.max_walk_length': 76, 'dataset.num_walks': 3846279, 'training.lr': 0.0055908001033687866, 'training.weight_decay': 0.0018588497470668753, 'training.batch_size': 256, 'training.gradient_clip_val': 0.18318517655216146, 'training.early_stopping_patience': 8, 'model.nhead': 8, 'model.embedding_dim': 8, 'model.hidden_dim': 256, 'model.nlayers': 4, 'model.dropout': 0.05070200850032976, 'training.epochs': 25}. Best is trial 31 with value: 0.9132871627807617.
Seed set to 86

🔬 Trial 44 hyperparameters:
  Walk length: 65, Num walks: 3,171,094
  LR: 3.18e-03, Batch size: 256
  Model: emb_dim=32, hidden_dim=8
  Transformer: 5 layers, 8 heads
  Epochs: 24, Weighted loss: True
Loading epinions dataset...
Success! ✅
Splitting edges for epinions dataset...
Ratios: train=0.480, mask=0.320, val=0.100, test=0.100
Success! ✅
Sampling random walks from epinions dataset...
Success! ✅
Building tokenizer for epinions dataset...
Success! ✅
Padding and building stage tensors for epinions dataset...
Success! ✅
Data creation profiling (seconds):
  get_edge_list: 1.07s
  split_edges: 0.50s
  get_walks: 4126.36s
  get_tokenizer: 11.48s
  encode_walks: 162.94s
  pad_and_build_stage_tensors: 16.58s
Creating DataLoaders for epinions dataset...
Success! ✅
GPU available: True (cuda), used: True
TPU available: False, using: 0 TPU cores
HPU available: False, using: 0 HPUs
/home/eng/shilo_avital/yolo_lab/walk_to_paint/.venv/lib64/python3.9/site-packages/pytorch_lightning/callbacks/model_checkpoint.py:658: Checkpoint directory /home/eng/shilo_avital/yolo_lab/walk_to_paint/outputs/epinions/epinions-optuna_20251203-235202/checkpoints exists and is not empty.
LOCAL_RANK: 0 - CUDA_VISIBLE_DEVICES: [0]
Metric val_auc_epoch improved. New best score: 0.881
Metric val_auc_epoch improved by 0.020 >= min_delta = 0.0. New best score: 0.901
Monitored metric val_auc_epoch did not improve in the last 11 records. Best score: 0.901. Signaling Trainer to stop.
Restoring states from the checkpoint path at /home/eng/shilo_avital/yolo_lab/walk_to_paint/outputs/epinions/epinions-optuna_20251203-235202/checkpoints/trial_44-epoch=01-val_auc_epoch=0.9009.ckpt
LOCAL_RANK: 0 - CUDA_VISIBLE_DEVICES: [0]
Loaded model weights from the checkpoint at /home/eng/shilo_avital/yolo_lab/walk_to_paint/outputs/epinions/epinions-optuna_20251203-235202/checkpoints/trial_44-epoch=01-val_auc_epoch=0.9009.ckpt
────────────────────────────────────────────────────────────────────────────────────────────────────────────────────────
     Validate metric           DataLoader 0
────────────────────────────────────────────────────────────────────────────────────────────────────────────────────────
          step                     13.0
      val_acc_epoch         0.8278063535690308
      val_auc_epoch         0.9009400010108948
      val_f1_epoch          0.7866817712783813
        val_loss            0.6002956032752991
────────────────────────────────────────────────────────────────────────────────────────────────────────────────────────
✅ Trial 44 completed - Val AUC: 0.9009
[I 2025-12-07 10:48:33,452] Trial 44 finished with value: 0.9009400010108948 and parameters: {'dataset.max_walk_length': 65, 'dataset.num_walks': 3171094, 'training.lr': 0.0031822206983427442, 'training.weight_decay': 0.00010968751926655849, 'training.batch_size': 256, 'training.gradient_clip_val': 0.4864720745275547, 'training.early_stopping_patience': 11, 'model.nhead': 8, 'model.embedding_dim': 32, 'model.hidden_dim': 8, 'model.nlayers': 5, 'model.dropout': 0.036272101606446464, 'training.epochs': 24}. Best is trial 31 with value: 0.9132871627807617.
Seed set to 87

🔬 Trial 45 hyperparameters:
  Walk length: 54, Num walks: 2,198,647
  LR: 1.92e-03, Batch size: 512
  Model: emb_dim=128, hidden_dim=32
  Transformer: 3 layers, 8 heads
  Epochs: 24, Weighted loss: True
Loading epinions dataset...
Success! ✅
Splitting edges for epinions dataset...
Ratios: train=0.480, mask=0.320, val=0.100, test=0.100
Success! ✅
Sampling random walks from epinions dataset...
Success! ✅
Building tokenizer for epinions dataset...
Success! ✅
Padding and building stage tensors for epinions dataset...
Success! ✅
Data creation profiling (seconds):
  get_edge_list: 1.11s
  split_edges: 0.61s
  get_walks: 2803.27s
  get_tokenizer: 8.08s
  encode_walks: 111.81s
  pad_and_build_stage_tensors: 11.55s
Creating DataLoaders for epinions dataset...
Success! ✅
GPU available: True (cuda), used: True
TPU available: False, using: 0 TPU cores
HPU available: False, using: 0 HPUs
/home/eng/shilo_avital/yolo_lab/walk_to_paint/.venv/lib64/python3.9/site-packages/pytorch_lightning/callbacks/model_checkpoint.py:658: Checkpoint directory /home/eng/shilo_avital/yolo_lab/walk_to_paint/outputs/epinions/epinions-optuna_20251203-235202/checkpoints exists and is not empty.
LOCAL_RANK: 0 - CUDA_VISIBLE_DEVICES: [0]
Metric val_auc_epoch improved. New best score: 0.880
Metric val_auc_epoch improved by 0.015 >= min_delta = 0.0. New best score: 0.895
Monitored metric val_auc_epoch did not improve in the last 9 records. Best score: 0.895. Signaling Trainer to stop.
Restoring states from the checkpoint path at /home/eng/shilo_avital/yolo_lab/walk_to_paint/outputs/epinions/epinions-optuna_20251203-235202/checkpoints/trial_45-epoch=01-val_auc_epoch=0.8947.ckpt
LOCAL_RANK: 0 - CUDA_VISIBLE_DEVICES: [0]
Loaded model weights from the checkpoint at /home/eng/shilo_avital/yolo_lab/walk_to_paint/outputs/epinions/epinions-optuna_20251203-235202/checkpoints/trial_45-epoch=01-val_auc_epoch=0.8947.ckpt
────────────────────────────────────────────────────────────────────────────────────────────────────────────────────────
     Validate metric           DataLoader 0
────────────────────────────────────────────────────────────────────────────────────────────────────────────────────────
          step                     11.0
      val_acc_epoch         0.8194959759712219
      val_auc_epoch         0.8946529626846313
      val_f1_epoch          0.7802340984344482
        val_loss            0.7014352679252625
────────────────────────────────────────────────────────────────────────────────────────────────────────────────────────
✅ Trial 45 completed - Val AUC: 0.8947
