[I 2025-12-06 04:30:24,657] Trial 31 finished with value: 0.9132871627807617 and parameters: {'dataset.max_walk_length': 79, 'dataset.num_walks': 4966522, 'training.lr': 0.0029360086488279392, 'training.weight_decay': 0.000293331815434998, 'training.batch_size': 256, 'training.gradient_clip_val': 0.10716747687591438, 'training.early_stopping_patience': 9, 'model.nhead': 8, 'model.embedding_dim': 32, 'model.hidden_dim': 32, 'model.nlayers': 3, 'model.dropout': 0.0008612269926159544, 'training.epochs': 25}. Best is trial 31 with value: 0.9132871627807617.
Seed set to 74

🔬 Trial 32 hyperparameters:
  Walk length: 77, Num walks: 4,548,046
  LR: 3.20e-03, Batch size: 256
  Model: emb_dim=32, hidden_dim=32
  Transformer: 3 layers, 8 heads
  Epochs: 25, Weighted loss: True
Loading epinions dataset...
Success! ✅
Splitting edges for epinions dataset...
Ratios: train=0.480, mask=0.320, val=0.100, test=0.100
Success! ✅
Sampling random walks from epinions dataset...
Success! ✅
Building tokenizer for epinions dataset...
Success! ✅
Padding and building stage tensors for epinions dataset...
Success! ✅
Data creation profiling (seconds):
  get_edge_list: 1.09s
  split_edges: 0.54s
  get_walks: 5845.17s
  get_tokenizer: 17.20s
  encode_walks: 247.13s
  pad_and_build_stage_tensors: 26.46s
Creating DataLoaders for epinions dataset...
Success! ✅
GPU available: True (cuda), used: True
TPU available: False, using: 0 TPU cores
HPU available: False, using: 0 HPUs
/home/eng/shilo_avital/yolo_lab/walk_to_paint/.venv/lib64/python3.9/site-packages/pytorch_lightning/callbacks/model_checkpoint.py:658: Checkpoint directory /home/eng/shilo_avital/yolo_lab/walk_to_paint/outputs/epinions/epinions-optuna_20251203-235202/checkpoints exists and is not empty.
LOCAL_RANK: 0 - CUDA_VISIBLE_DEVICES: [0]
Metric val_auc_epoch improved. New best score: 0.882
Metric val_auc_epoch improved by 0.017 >= min_delta = 0.0. New best score: 0.899
Monitored metric val_auc_epoch did not improve in the last 10 records. Best score: 0.899. Signaling Trainer to stop.
Restoring states from the checkpoint path at /home/eng/shilo_avital/yolo_lab/walk_to_paint/outputs/epinions/epinions-optuna_20251203-235202/checkpoints/trial_32-epoch=01-val_auc_epoch=0.8988.ckpt
LOCAL_RANK: 0 - CUDA_VISIBLE_DEVICES: [0]
Loaded model weights from the checkpoint at /home/eng/shilo_avital/yolo_lab/walk_to_paint/outputs/epinions/epinions-optuna_20251203-235202/checkpoints/trial_32-epoch=01-val_auc_epoch=0.8988.ckpt
────────────────────────────────────────────────────────────────────────────────────────────────────────────────────────
     Validate metric           DataLoader 0
────────────────────────────────────────────────────────────────────────────────────────────────────────────────────────
          step                     12.0
      val_acc_epoch         0.8249589204788208
      val_auc_epoch         0.8987661600112915
      val_f1_epoch          0.7715276479721069
        val_loss            0.6663743853569031
────────────────────────────────────────────────────────────────────────────────────────────────────────────────────────
✅ Trial 32 completed - Val AUC: 0.8988
[I 2025-12-06 07:37:07,482] Trial 32 finished with value: 0.8987661600112915 and parameters: {'dataset.max_walk_length': 77, 'dataset.num_walks': 4548046, 'training.lr': 0.003197745664954821, 'training.weight_decay': 2.5061078359662122e-05, 'training.batch_size': 256, 'training.gradient_clip_val': 0.250686048452716, 'training.early_stopping_patience': 10, 'model.nhead': 8, 'model.embedding_dim': 32, 'model.hidden_dim': 32, 'model.nlayers': 3, 'model.dropout': 0.0675801278815539, 'training.epochs': 25}. Best is trial 31 with value: 0.9132871627807617.
Seed set to 75

🔬 Trial 33 hyperparameters:
  Walk length: 67, Num walks: 3,171,288
  LR: 2.25e-03, Batch size: 256
  Model: emb_dim=32, hidden_dim=32
  Transformer: 4 layers, 8 heads
  Epochs: 24, Weighted loss: True
Loading epinions dataset...
Success! ✅
Splitting edges for epinions dataset...
Ratios: train=0.480, mask=0.320, val=0.100, test=0.100
Success! ✅
Sampling random walks from epinions dataset...
Success! ✅
Building tokenizer for epinions dataset...
Success! ✅
Padding and building stage tensors for epinions dataset...
Success! ✅
Data creation profiling (seconds):
  get_edge_list: 1.09s
  split_edges: 0.53s
  get_walks: 3917.65s
  get_tokenizer: 10.98s
  encode_walks: 171.46s
  pad_and_build_stage_tensors: 16.80s
Creating DataLoaders for epinions dataset...
Success! ✅
GPU available: True (cuda), used: True
TPU available: False, using: 0 TPU cores
HPU available: False, using: 0 HPUs
/home/eng/shilo_avital/yolo_lab/walk_to_paint/.venv/lib64/python3.9/site-packages/pytorch_lightning/callbacks/model_checkpoint.py:658: Checkpoint directory /home/eng/shilo_avital/yolo_lab/walk_to_paint/outputs/epinions/epinions-optuna_20251203-235202/checkpoints exists and is not empty.
LOCAL_RANK: 0 - CUDA_VISIBLE_DEVICES: [0]
Metric val_auc_epoch improved. New best score: 0.887
Metric val_auc_epoch improved by 0.015 >= min_delta = 0.0. New best score: 0.901
Metric val_auc_epoch improved by 0.001 >= min_delta = 0.0. New best score: 0.902
Monitored metric val_auc_epoch did not improve in the last 9 records. Best score: 0.902. Signaling Trainer to stop.
Restoring states from the checkpoint path at /home/eng/shilo_avital/yolo_lab/walk_to_paint/outputs/epinions/epinions-optuna_20251203-235202/checkpoints/trial_33-epoch=02-val_auc_epoch=0.9019.ckpt
LOCAL_RANK: 0 - CUDA_VISIBLE_DEVICES: [0]
Loaded model weights from the checkpoint at /home/eng/shilo_avital/yolo_lab/walk_to_paint/outputs/epinions/epinions-optuna_20251203-235202/checkpoints/trial_33-epoch=02-val_auc_epoch=0.9019.ckpt
────────────────────────────────────────────────────────────────────────────────────────────────────────────────────────
     Validate metric           DataLoader 0
────────────────────────────────────────────────────────────────────────────────────────────────────────────────────────
          step                     12.0
      val_acc_epoch          0.821491003036499
      val_auc_epoch         0.9018996953964233
      val_f1_epoch          0.7624788880348206
        val_loss            0.6832346320152283
────────────────────────────────────────────────────────────────────────────────────────────────────────────────────────
✅ Trial 33 completed - Val AUC: 0.9019
[I 2025-12-06 09:51:21,341] Trial 33 finished with value: 0.9018996953964233 and parameters: {'dataset.max_walk_length': 67, 'dataset.num_walks': 3171288, 'training.lr': 0.002245866837343514, 'training.weight_decay': 0.003899998767027701, 'training.batch_size': 256, 'training.gradient_clip_val': 0.11971343108288078, 'training.early_stopping_patience': 9, 'model.nhead': 8, 'model.embedding_dim': 32, 'model.hidden_dim': 32, 'model.nlayers': 4, 'model.dropout': 0.00407902103595266, 'training.epochs': 24}. Best is trial 31 with value: 0.9132871627807617.
Seed set to 76

🔬 Trial 34 hyperparameters:
  Walk length: 63, Num walks: 4,965,575
  LR: 1.32e-03, Batch size: 512
  Model: emb_dim=32, hidden_dim=64
  Transformer: 4 layers, 8 heads
  Epochs: 24, Weighted loss: True
Loading epinions dataset...
Success! ✅
Splitting edges for epinions dataset...
Ratios: train=0.480, mask=0.320, val=0.100, test=0.100
Success! ✅
Sampling random walks from epinions dataset...
Success! ✅
Building tokenizer for epinions dataset...
Success! ✅
Padding and building stage tensors for epinions dataset...
Success! ✅
Data creation profiling (seconds):
  get_edge_list: 1.04s
  split_edges: 0.50s
  get_walks: 6535.10s
  get_tokenizer: 17.49s
  encode_walks: 261.14s
  pad_and_build_stage_tensors: 27.56s
Creating DataLoaders for epinions dataset...
Success! ✅
GPU available: True (cuda), used: True
TPU available: False, using: 0 TPU cores
HPU available: False, using: 0 HPUs
/home/eng/shilo_avital/yolo_lab/walk_to_paint/.venv/lib64/python3.9/site-packages/pytorch_lightning/callbacks/model_checkpoint.py:658: Checkpoint directory /home/eng/shilo_avital/yolo_lab/walk_to_paint/outputs/epinions/epinions-optuna_20251203-235202/checkpoints exists and is not empty.
LOCAL_RANK: 0 - CUDA_VISIBLE_DEVICES: [0]
Metric val_auc_epoch improved. New best score: 0.850
Metric val_auc_epoch improved by 0.023 >= min_delta = 0.0. New best score: 0.873
Metric val_auc_epoch improved by 0.015 >= min_delta = 0.0. New best score: 0.889
Metric val_auc_epoch improved by 0.004 >= min_delta = 0.0. New best score: 0.893
Metric val_auc_epoch improved by 0.005 >= min_delta = 0.0. New best score: 0.898
Metric val_auc_epoch improved by 0.003 >= min_delta = 0.0. New best score: 0.901
Monitored metric val_auc_epoch did not improve in the last 10 records. Best score: 0.901. Signaling Trainer to stop.
Restoring states from the checkpoint path at /home/eng/shilo_avital/yolo_lab/walk_to_paint/outputs/epinions/epinions-optuna_20251203-235202/checkpoints/trial_34-epoch=05-val_auc_epoch=0.9007.ckpt
LOCAL_RANK: 0 - CUDA_VISIBLE_DEVICES: [0]
Loaded model weights from the checkpoint at /home/eng/shilo_avital/yolo_lab/walk_to_paint/outputs/epinions/epinions-optuna_20251203-235202/checkpoints/trial_34-epoch=05-val_auc_epoch=0.9007.ckpt
────────────────────────────────────────────────────────────────────────────────────────────────────────────────────────
     Validate metric           DataLoader 0
────────────────────────────────────────────────────────────────────────────────────────────────────────────────────────
          step                     16.0
      val_acc_epoch         0.8292980194091797
      val_auc_epoch         0.9006741046905518
      val_f1_epoch          0.7695367336273193
        val_loss            0.7610470056533813
────────────────────────────────────────────────────────────────────────────────────────────────────────────────────────
✅ Trial 34 completed - Val AUC: 0.9007
[I 2025-12-06 13:09:00,846] Trial 34 finished with value: 0.9006741046905518 and parameters: {'dataset.max_walk_length': 63, 'dataset.num_walks': 4965575, 'training.lr': 0.0013181611968223928, 'training.weight_decay': 0.003521296125041929, 'training.batch_size': 512, 'training.gradient_clip_val': 0.10672964383060386, 'training.early_stopping_patience': 10, 'model.nhead': 8, 'model.embedding_dim': 32, 'model.hidden_dim': 64, 'model.nlayers': 4, 'model.dropout': 0.009290923799178012, 'training.epochs': 24}. Best is trial 31 with value: 0.9132871627807617.
Seed set to 77

🔬 Trial 35 hyperparameters:
  Walk length: 89, Num walks: 3,798,639
  LR: 8.99e-03, Batch size: 128
  Model: emb_dim=16, hidden_dim=4
  Transformer: 4 layers, 8 heads
  Epochs: 21, Weighted loss: True
Loading epinions dataset...
Success! ✅
Splitting edges for epinions dataset...
Ratios: train=0.480, mask=0.320, val=0.100, test=0.100
Success! ✅
Sampling random walks from epinions dataset...
Success! ✅
Building tokenizer for epinions dataset...
Success! ✅
Padding and building stage tensors for epinions dataset...
Success! ✅
Data creation profiling (seconds):
  get_edge_list: 1.05s
  split_edges: 0.50s
  get_walks: 4837.53s
  get_tokenizer: 14.32s
  encode_walks: 266.82s
  pad_and_build_stage_tensors: 37.63s
Creating DataLoaders for epinions dataset...
Success! ✅
GPU available: True (cuda), used: True
TPU available: False, using: 0 TPU cores
HPU available: False, using: 0 HPUs
/home/eng/shilo_avital/yolo_lab/walk_to_paint/.venv/lib64/python3.9/site-packages/pytorch_lightning/callbacks/model_checkpoint.py:658: Checkpoint directory /home/eng/shilo_avital/yolo_lab/walk_to_paint/outputs/epinions/epinions-optuna_20251203-235202/checkpoints exists and is not empty.
LOCAL_RANK: 0 - CUDA_VISIBLE_DEVICES: [0]
Metric val_auc_epoch improved. New best score: 0.866
Metric val_auc_epoch improved by 0.000 >= min_delta = 0.0. New best score: 0.867
Metric val_auc_epoch improved by 0.003 >= min_delta = 0.0. New best score: 0.869
Metric val_auc_epoch improved by 0.006 >= min_delta = 0.0. New best score: 0.875
❌ Trial 35 failed: Trial was pruned at epoch 6.
[I 2025-12-06 16:40:02,985] Trial 35 finished with value: 0.0 and parameters: {'dataset.max_walk_length': 89, 'dataset.num_walks': 3798639, 'training.lr': 0.008994105633700285, 'training.weight_decay': 0.00663299607061396, 'training.batch_size': 128, 'training.gradient_clip_val': 0.3874985596963866, 'training.early_stopping_patience': 12, 'model.nhead': 8, 'model.embedding_dim': 16, 'model.hidden_dim': 4, 'model.nlayers': 4, 'model.dropout': 0.055844533340691505, 'training.epochs': 21}. Best is trial 31 with value: 0.9132871627807617.
🧹 Cleaning up old checkpoints and logs (keeping top 10)...
  Removed old checkpoint: trial_25-epoch=02-val_auc_epoch=0.9018.ckpt
  Removed old checkpoint: trial_24-epoch=00-val_auc_epoch=0.8934.ckpt
  Removed old checkpoint: trial_23-epoch=00-val_auc_epoch=0.6993.ckpt
  Removed old checkpoint: trial_22-epoch=00-val_auc_epoch=0.9024.ckpt
  Removed old checkpoint: trial_21-epoch=01-val_auc_epoch=0.8922.ckpt
  Removed old log dir: trial_25
  Removed old log dir: trial_24
  Removed old log dir: trial_23
  Removed old log dir: trial_22
  Removed old log dir: trial_21
Seed set to 78

🔬 Trial 36 hyperparameters:
  Walk length: 51, Num walks: 2,197,638
  LR: 7.48e-04, Batch size: 256
  Model: emb_dim=128, hidden_dim=128
  Transformer: 3 layers, 8 heads
  Epochs: 24, Weighted loss: True
Loading epinions dataset...
Success! ✅
Splitting edges for epinions dataset...
Ratios: train=0.480, mask=0.320, val=0.100, test=0.100
Success! ✅
Sampling random walks from epinions dataset...
Success! ✅
Building tokenizer for epinions dataset...
Success! ✅
Padding and building stage tensors for epinions dataset...
Success! ✅
Data creation profiling (seconds):
  get_edge_list: 1.07s
  split_edges: 0.51s
  get_walks: 2831.84s
  get_tokenizer: 7.48s
  encode_walks: 111.08s
  pad_and_build_stage_tensors: 11.06s
Creating DataLoaders for epinions dataset...
Success! ✅
GPU available: True (cuda), used: True
TPU available: False, using: 0 TPU cores
HPU available: False, using: 0 HPUs
/home/eng/shilo_avital/yolo_lab/walk_to_paint/.venv/lib64/python3.9/site-packages/pytorch_lightning/callbacks/model_checkpoint.py:658: Checkpoint directory /home/eng/shilo_avital/yolo_lab/walk_to_paint/outputs/epinions/epinions-optuna_20251203-235202/checkpoints exists and is not empty.
LOCAL_RANK: 0 - CUDA_VISIBLE_DEVICES: [0]
Metric val_auc_epoch improved. New best score: 0.904
Metric val_auc_epoch improved by 0.002 >= min_delta = 0.0. New best score: 0.906
Monitored metric val_auc_epoch did not improve in the last 7 records. Best score: 0.906. Signaling Trainer to stop.
Restoring states from the checkpoint path at /home/eng/shilo_avital/yolo_lab/walk_to_paint/outputs/epinions/epinions-optuna_20251203-235202/checkpoints/trial_36-epoch=01-val_auc_epoch=0.9059.ckpt
LOCAL_RANK: 0 - CUDA_VISIBLE_DEVICES: [0]
Loaded model weights from the checkpoint at /home/eng/shilo_avital/yolo_lab/walk_to_paint/outputs/epinions/epinions-optuna_20251203-235202/checkpoints/trial_36-epoch=01-val_auc_epoch=0.9059.ckpt
────────────────────────────────────────────────────────────────────────────────────────────────────────────────────────
     Validate metric           DataLoader 0
────────────────────────────────────────────────────────────────────────────────────────────────────────────────────────
          step                      9.0
      val_acc_epoch         0.8271402716636658
      val_auc_epoch         0.9059211015701294
      val_f1_epoch          0.7973505258560181
        val_loss            0.7364117503166199
────────────────────────────────────────────────────────────────────────────────────────────────────────────────────────
✅ Trial 36 completed - Val AUC: 0.9059
[I 2025-12-06 17:56:17,410] Trial 36 finished with value: 0.9059211015701294 and parameters: {'dataset.max_walk_length': 51, 'dataset.num_walks': 2197638, 'training.lr': 0.000747672900717013, 'training.weight_decay': 0.0002891071130923872, 'training.batch_size': 256, 'training.gradient_clip_val': 0.21481819012477443, 'training.early_stopping_patience': 7, 'model.nhead': 8, 'model.embedding_dim': 128, 'model.hidden_dim': 128, 'model.nlayers': 3, 'model.dropout': 0.003856629085026008, 'training.epochs': 24}. Best is trial 31 with value: 0.9132871627807617.
Seed set to 79

🔬 Trial 37 hyperparameters:
  Walk length: 51, Num walks: 2,215,141
  LR: 6.38e-04, Batch size: 512
  Model: emb_dim=128, hidden_dim=128
  Transformer: 3 layers, 8 heads
  Epochs: 25, Weighted loss: True
Loading epinions dataset...
Success! ✅
Splitting edges for epinions dataset...
Ratios: train=0.480, mask=0.320, val=0.100, test=0.100
Success! ✅
Sampling random walks from epinions dataset...
Success! ✅
Building tokenizer for epinions dataset...
Success! ✅
Padding and building stage tensors for epinions dataset...
Success! ✅
Data creation profiling (seconds):
  get_edge_list: 1.02s
  split_edges: 0.50s
  get_walks: 2811.32s
  get_tokenizer: 6.91s
  encode_walks: 109.78s
  pad_and_build_stage_tensors: 11.63s
Creating DataLoaders for epinions dataset...
Success! ✅
GPU available: True (cuda), used: True
TPU available: False, using: 0 TPU cores
HPU available: False, using: 0 HPUs
/home/eng/shilo_avital/yolo_lab/walk_to_paint/.venv/lib64/python3.9/site-packages/pytorch_lightning/callbacks/model_checkpoint.py:658: Checkpoint directory /home/eng/shilo_avital/yolo_lab/walk_to_paint/outputs/epinions/epinions-optuna_20251203-235202/checkpoints exists and is not empty.
LOCAL_RANK: 0 - CUDA_VISIBLE_DEVICES: [0]
Metric val_auc_epoch improved. New best score: 0.871
Metric val_auc_epoch improved by 0.018 >= min_delta = 0.0. New best score: 0.889
Metric val_auc_epoch improved by 0.008 >= min_delta = 0.0. New best score: 0.896
Metric val_auc_epoch improved by 0.001 >= min_delta = 0.0. New best score: 0.898
Metric val_auc_epoch improved by 0.002 >= min_delta = 0.0. New best score: 0.900
Metric val_auc_epoch improved by 0.001 >= min_delta = 0.0. New best score: 0.901
Monitored metric val_auc_epoch did not improve in the last 7 records. Best score: 0.901. Signaling Trainer to stop.
Restoring states from the checkpoint path at /home/eng/shilo_avital/yolo_lab/walk_to_paint/outputs/epinions/epinions-optuna_20251203-235202/checkpoints/trial_37-epoch=13-val_auc_epoch=0.9007.ckpt
LOCAL_RANK: 0 - CUDA_VISIBLE_DEVICES: [0]
Loaded model weights from the checkpoint at /home/eng/shilo_avital/yolo_lab/walk_to_paint/outputs/epinions/epinions-optuna_20251203-235202/checkpoints/trial_37-epoch=13-val_auc_epoch=0.9007.ckpt
────────────────────────────────────────────────────────────────────────────────────────────────────────────────────────
     Validate metric           DataLoader 0
────────────────────────────────────────────────────────────────────────────────────────────────────────────────────────
          step                     21.0
      val_acc_epoch         0.8125121593475342
      val_auc_epoch         0.9007002115249634
      val_f1_epoch          0.7904411554336548
        val_loss             1.307435154914856
────────────────────────────────────────────────────────────────────────────────────────────────────────────────────────
✅ Trial 37 completed - Val AUC: 0.9007
