[I 2025-12-04 21:30:39,127] Trial 17 finished with value: 0.8843601942062378 and parameters: {'dataset.max_walk_length': 30, 'dataset.num_walks': 872657, 'training.lr': 0.0004529757470093357, 'training.weight_decay': 0.09837959561918952, 'training.batch_size': 64, 'training.gradient_clip_val': 0.4322512207049204, 'training.early_stopping_patience': 8, 'model.nhead': 16, 'model.embedding_dim': 32, 'model.hidden_dim': 64, 'model.nlayers': 5, 'model.dropout': 0.12769070722307965, 'training.epochs': 23}. Best is trial 6 with value: 0.8996069431304932.
Seed set to 60

🔬 Trial 18 hyperparameters:
  Walk length: 48, Num walks: 1,606,588
  LR: 8.74e-05, Batch size: 32
  Model: emb_dim=64, hidden_dim=128
  Transformer: 4 layers, 2 heads
  Epochs: 18, Weighted loss: True
Loading epinions dataset...
Success! ✅
Splitting edges for epinions dataset...
Ratios: train=0.480, mask=0.320, val=0.100, test=0.100
Success! ✅
Sampling random walks from epinions dataset...
Success! ✅
Building tokenizer for epinions dataset...
Success! ✅
Padding and building stage tensors for epinions dataset...
Success! ✅
Data creation profiling (seconds):
  get_edge_list: 1.06s
  split_edges: 0.50s
  get_walks: 2018.86s
  get_tokenizer: 5.62s
  encode_walks: 81.06s
  pad_and_build_stage_tensors: 8.36s
Creating DataLoaders for epinions dataset...
Success! ✅
GPU available: True (cuda), used: True
TPU available: False, using: 0 TPU cores
HPU available: False, using: 0 HPUs
/home/eng/shilo_avital/yolo_lab/walk_to_paint/.venv/lib64/python3.9/site-packages/pytorch_lightning/callbacks/model_checkpoint.py:658: Checkpoint directory /home/eng/shilo_avital/yolo_lab/walk_to_paint/outputs/epinions/epinions-optuna_20251203-235202/checkpoints exists and is not empty.
LOCAL_RANK: 0 - CUDA_VISIBLE_DEVICES: [0]
Metric val_auc_epoch improved. New best score: 0.733
Metric val_auc_epoch improved by 0.059 >= min_delta = 0.0. New best score: 0.791
Metric val_auc_epoch improved by 0.032 >= min_delta = 0.0. New best score: 0.823
Metric val_auc_epoch improved by 0.015 >= min_delta = 0.0. New best score: 0.839
Metric val_auc_epoch improved by 0.010 >= min_delta = 0.0. New best score: 0.849
Metric val_auc_epoch improved by 0.002 >= min_delta = 0.0. New best score: 0.851
Metric val_auc_epoch improved by 0.006 >= min_delta = 0.0. New best score: 0.857
Metric val_auc_epoch improved by 0.009 >= min_delta = 0.0. New best score: 0.865
Metric val_auc_epoch improved by 0.005 >= min_delta = 0.0. New best score: 0.870
Metric val_auc_epoch improved by 0.003 >= min_delta = 0.0. New best score: 0.874
Metric val_auc_epoch improved by 0.001 >= min_delta = 0.0. New best score: 0.874
Metric val_auc_epoch improved by 0.002 >= min_delta = 0.0. New best score: 0.877
Metric val_auc_epoch improved by 0.000 >= min_delta = 0.0. New best score: 0.877
Metric val_auc_epoch improved by 0.001 >= min_delta = 0.0. New best score: 0.878
Metric val_auc_epoch improved by 0.001 >= min_delta = 0.0. New best score: 0.878
❌ Trial 18 failed: Trial was pruned at epoch 16.
[I 2025-12-05 01:24:00,369] Trial 18 finished with value: 0.0 and parameters: {'dataset.max_walk_length': 48, 'dataset.num_walks': 1606588, 'training.lr': 8.738490019191636e-05, 'training.weight_decay': 2.992197533987589e-07, 'training.batch_size': 32, 'training.gradient_clip_val': 1.1255444991662107, 'training.early_stopping_patience': 13, 'model.nhead': 2, 'model.embedding_dim': 64, 'model.hidden_dim': 128, 'model.nlayers': 4, 'model.dropout': 0.39606999519561137, 'training.epochs': 18}. Best is trial 6 with value: 0.8996069431304932.
Seed set to 61

🔬 Trial 19 hyperparameters:
  Walk length: 24, Num walks: 1,546,052
  LR: 4.13e-03, Batch size: 128
  Model: emb_dim=64, hidden_dim=256
  Transformer: 3 layers, 1 heads
  Epochs: 6, Weighted loss: True
Loading epinions dataset...
Success! ✅
Splitting edges for epinions dataset...
Ratios: train=0.480, mask=0.320, val=0.100, test=0.100
Success! ✅
Sampling random walks from epinions dataset...
Success! ✅
Building tokenizer for epinions dataset...
Success! ✅
Padding and building stage tensors for epinions dataset...
Success! ✅
Data creation profiling (seconds):
  get_edge_list: 1.05s
  split_edges: 0.53s
  get_walks: 2027.71s
  get_tokenizer: 4.80s
  encode_walks: 69.04s
  pad_and_build_stage_tensors: 7.43s
Creating DataLoaders for epinions dataset...
Success! ✅
/home/eng/shilo_avital/yolo_lab/walk_to_paint/.venv/lib64/python3.9/site-packages/torch/nn/modules/transformer.py:382: UserWarning: enable_nested_tensor is True, but self.use_nested_tensor is False because encoder_layer.self_attn.num_heads is odd
  warnings.warn(
GPU available: True (cuda), used: True
TPU available: False, using: 0 TPU cores
HPU available: False, using: 0 HPUs
/home/eng/shilo_avital/yolo_lab/walk_to_paint/.venv/lib64/python3.9/site-packages/pytorch_lightning/callbacks/model_checkpoint.py:658: Checkpoint directory /home/eng/shilo_avital/yolo_lab/walk_to_paint/outputs/epinions/epinions-optuna_20251203-235202/checkpoints exists and is not empty.
LOCAL_RANK: 0 - CUDA_VISIBLE_DEVICES: [0]
Metric val_auc_epoch improved. New best score: 0.541
Metric val_auc_epoch improved by 0.041 >= min_delta = 0.0. New best score: 0.583
Metric val_auc_epoch improved by 0.002 >= min_delta = 0.0. New best score: 0.584
Metric val_auc_epoch improved by 0.002 >= min_delta = 0.0. New best score: 0.587
❌ Trial 19 failed: Trial was pruned at epoch 5.
[I 2025-12-05 02:15:09,958] Trial 19 finished with value: 0.0 and parameters: {'dataset.max_walk_length': 24, 'dataset.num_walks': 1546052, 'training.lr': 0.004129935108459294, 'training.weight_decay': 5.564550804243485e-08, 'training.batch_size': 128, 'training.gradient_clip_val': 0.7298654417834629, 'training.early_stopping_patience': 17, 'model.nhead': 1, 'model.embedding_dim': 64, 'model.hidden_dim': 256, 'model.nlayers': 3, 'model.dropout': 0.2277647383960456, 'training.epochs': 6}. Best is trial 6 with value: 0.8996069431304932.
Seed set to 62

🔬 Trial 20 hyperparameters:
  Walk length: 58, Num walks: 2,791,850
  LR: 1.60e-03, Batch size: 256
  Model: emb_dim=64, hidden_dim=32
  Transformer: 2 layers, 4 heads
  Epochs: 19, Weighted loss: True
Loading epinions dataset...
Success! ✅
Splitting edges for epinions dataset...
Ratios: train=0.480, mask=0.320, val=0.100, test=0.100
Success! ✅
Sampling random walks from epinions dataset...
Success! ✅
Building tokenizer for epinions dataset...
Success! ✅
Padding and building stage tensors for epinions dataset...
Success! ✅
Data creation profiling (seconds):
  get_edge_list: 1.07s
  split_edges: 0.52s
  get_walks: 3643.77s
  get_tokenizer: 9.20s
  encode_walks: 145.39s
  pad_and_build_stage_tensors: 14.37s
Creating DataLoaders for epinions dataset...
Success! ✅
GPU available: True (cuda), used: True
TPU available: False, using: 0 TPU cores
HPU available: False, using: 0 HPUs
/home/eng/shilo_avital/yolo_lab/walk_to_paint/.venv/lib64/python3.9/site-packages/pytorch_lightning/callbacks/model_checkpoint.py:658: Checkpoint directory /home/eng/shilo_avital/yolo_lab/walk_to_paint/outputs/epinions/epinions-optuna_20251203-235202/checkpoints exists and is not empty.
LOCAL_RANK: 0 - CUDA_VISIBLE_DEVICES: [0]
Metric val_auc_epoch improved. New best score: 0.888
Metric val_auc_epoch improved by 0.005 >= min_delta = 0.0. New best score: 0.892
Metric val_auc_epoch improved by 0.002 >= min_delta = 0.0. New best score: 0.894
Monitored metric val_auc_epoch did not improve in the last 8 records. Best score: 0.894. Signaling Trainer to stop.
Restoring states from the checkpoint path at /home/eng/shilo_avital/yolo_lab/walk_to_paint/outputs/epinions/epinions-optuna_20251203-235202/checkpoints/trial_20-epoch=04-val_auc_epoch=0.8941.ckpt
LOCAL_RANK: 0 - CUDA_VISIBLE_DEVICES: [0]
Loaded model weights from the checkpoint at /home/eng/shilo_avital/yolo_lab/walk_to_paint/outputs/epinions/epinions-optuna_20251203-235202/checkpoints/trial_20-epoch=04-val_auc_epoch=0.8941.ckpt
────────────────────────────────────────────────────────────────────────────────────────────────────────────────────────
     Validate metric           DataLoader 0
────────────────────────────────────────────────────────────────────────────────────────────────────────────────────────
          step                     13.0
      val_acc_epoch         0.8054141402244568
      val_auc_epoch         0.8941279649734497
      val_f1_epoch          0.7749395966529846
        val_loss            1.0563783645629883
────────────────────────────────────────────────────────────────────────────────────────────────────────────────────────
✅ Trial 20 completed - Val AUC: 0.8941
[I 2025-12-05 03:50:31,121] Trial 20 finished with value: 0.8941279649734497 and parameters: {'dataset.max_walk_length': 58, 'dataset.num_walks': 2791850, 'training.lr': 0.0016044653593918314, 'training.weight_decay': 7.126818762878338e-05, 'training.batch_size': 256, 'training.gradient_clip_val': 0.5615719805472917, 'training.early_stopping_patience': 8, 'model.nhead': 4, 'model.embedding_dim': 64, 'model.hidden_dim': 32, 'model.nlayers': 2, 'model.dropout': 0.08584803643994565, 'training.epochs': 19}. Best is trial 6 with value: 0.8996069431304932.
🧹 Cleaning up old checkpoints and logs (keeping top 10)...
  Removed old checkpoint: trial_7-epoch=14-val_auc_epoch=0.7455.ckpt
  Removed old checkpoint: trial_6-epoch=10-val_auc_epoch=0.8996.ckpt
  Removed old checkpoint: trial_5-epoch=04-val_auc_epoch=0.6263.ckpt
  Removed old checkpoint: trial_4-epoch=04-val_auc_epoch=0.5000.ckpt
  Removed old log dir: trial_9
  Removed old log dir: trial_7
  Removed old log dir: trial_6
  Removed old log dir: trial_5
Seed set to 63

🔬 Trial 21 hyperparameters:
  Walk length: 59, Num walks: 2,784,913
  LR: 1.64e-03, Batch size: 256
  Model: emb_dim=64, hidden_dim=32
  Transformer: 2 layers, 4 heads
  Epochs: 19, Weighted loss: True
Loading epinions dataset...
Success! ✅
Splitting edges for epinions dataset...
Ratios: train=0.480, mask=0.320, val=0.100, test=0.100
Success! ✅
Sampling random walks from epinions dataset...
Success! ✅
Building tokenizer for epinions dataset...
Success! ✅
Padding and building stage tensors for epinions dataset...
Success! ✅
Data creation profiling (seconds):
  get_edge_list: 1.05s
  split_edges: 0.51s
  get_walks: 3570.74s
  get_tokenizer: 9.83s
  encode_walks: 145.78s
  pad_and_build_stage_tensors: 14.59s
Creating DataLoaders for epinions dataset...
Success! ✅
GPU available: True (cuda), used: True
TPU available: False, using: 0 TPU cores
HPU available: False, using: 0 HPUs
/home/eng/shilo_avital/yolo_lab/walk_to_paint/.venv/lib64/python3.9/site-packages/pytorch_lightning/callbacks/model_checkpoint.py:658: Checkpoint directory /home/eng/shilo_avital/yolo_lab/walk_to_paint/outputs/epinions/epinions-optuna_20251203-235202/checkpoints exists and is not empty.
LOCAL_RANK: 0 - CUDA_VISIBLE_DEVICES: [0]
Metric val_auc_epoch improved. New best score: 0.877
Metric val_auc_epoch improved by 0.015 >= min_delta = 0.0. New best score: 0.892
Monitored metric val_auc_epoch did not improve in the last 7 records. Best score: 0.892. Signaling Trainer to stop.
Restoring states from the checkpoint path at /home/eng/shilo_avital/yolo_lab/walk_to_paint/outputs/epinions/epinions-optuna_20251203-235202/checkpoints/trial_21-epoch=01-val_auc_epoch=0.8922.ckpt
LOCAL_RANK: 0 - CUDA_VISIBLE_DEVICES: [0]
Loaded model weights from the checkpoint at /home/eng/shilo_avital/yolo_lab/walk_to_paint/outputs/epinions/epinions-optuna_20251203-235202/checkpoints/trial_21-epoch=01-val_auc_epoch=0.8922.ckpt
────────────────────────────────────────────────────────────────────────────────────────────────────────────────────────
     Validate metric           DataLoader 0
────────────────────────────────────────────────────────────────────────────────────────────────────────────────────────
          step                      9.0
      val_acc_epoch         0.8144619464874268
      val_auc_epoch         0.8921937942504883
      val_f1_epoch          0.7668913006782532
        val_loss            0.6796942353248596
────────────────────────────────────────────────────────────────────────────────────────────────────────────────────────
✅ Trial 21 completed - Val AUC: 0.8922
[I 2025-12-05 05:15:13,281] Trial 21 finished with value: 0.8921937942504883 and parameters: {'dataset.max_walk_length': 59, 'dataset.num_walks': 2784913, 'training.lr': 0.0016386792383368915, 'training.weight_decay': 6.575585655555447e-05, 'training.batch_size': 256, 'training.gradient_clip_val': 0.589057270009967, 'training.early_stopping_patience': 7, 'model.nhead': 4, 'model.embedding_dim': 64, 'model.hidden_dim': 32, 'model.nlayers': 2, 'model.dropout': 0.08956753340639305, 'training.epochs': 19}. Best is trial 6 with value: 0.8996069431304932.
Seed set to 64

🔬 Trial 22 hyperparameters:
  Walk length: 65, Num walks: 4,850,752
  LR: 2.39e-03, Batch size: 256
  Model: emb_dim=64, hidden_dim=32
  Transformer: 2 layers, 4 heads
  Epochs: 22, Weighted loss: True
Loading epinions dataset...
Success! ✅
Splitting edges for epinions dataset...
Ratios: train=0.480, mask=0.320, val=0.100, test=0.100
Success! ✅
Sampling random walks from epinions dataset...
Success! ✅
Building tokenizer for epinions dataset...
Success! ✅
Padding and building stage tensors for epinions dataset...
Success! ✅
Data creation profiling (seconds):
  get_edge_list: 1.08s
  split_edges: 0.53s
  get_walks: 6106.38s
  get_tokenizer: 17.15s
  encode_walks: 250.08s
  pad_and_build_stage_tensors: 25.47s
Creating DataLoaders for epinions dataset...
Success! ✅
GPU available: True (cuda), used: True
TPU available: False, using: 0 TPU cores
HPU available: False, using: 0 HPUs
/home/eng/shilo_avital/yolo_lab/walk_to_paint/.venv/lib64/python3.9/site-packages/pytorch_lightning/callbacks/model_checkpoint.py:658: Checkpoint directory /home/eng/shilo_avital/yolo_lab/walk_to_paint/outputs/epinions/epinions-optuna_20251203-235202/checkpoints exists and is not empty.
LOCAL_RANK: 0 - CUDA_VISIBLE_DEVICES: [0]
Metric val_auc_epoch improved. New best score: 0.902
Monitored metric val_auc_epoch did not improve in the last 7 records. Best score: 0.902. Signaling Trainer to stop.
Restoring states from the checkpoint path at /home/eng/shilo_avital/yolo_lab/walk_to_paint/outputs/epinions/epinions-optuna_20251203-235202/checkpoints/trial_22-epoch=00-val_auc_epoch=0.9024.ckpt
LOCAL_RANK: 0 - CUDA_VISIBLE_DEVICES: [0]
Loaded model weights from the checkpoint at /home/eng/shilo_avital/yolo_lab/walk_to_paint/outputs/epinions/epinions-optuna_20251203-235202/checkpoints/trial_22-epoch=00-val_auc_epoch=0.9024.ckpt
────────────────────────────────────────────────────────────────────────────────────────────────────────────────────────
     Validate metric           DataLoader 0
────────────────────────────────────────────────────────────────────────────────────────────────────────────────────────
          step                      8.0
      val_acc_epoch          0.827003538608551
      val_auc_epoch         0.9024447202682495
      val_f1_epoch          0.7739407420158386
        val_loss            0.6696823835372925
────────────────────────────────────────────────────────────────────────────────────────────────────────────────────────
✅ Trial 22 completed - Val AUC: 0.9024
[I 2025-12-05 07:40:48,957] Trial 22 finished with value: 0.9024447202682495 and parameters: {'dataset.max_walk_length': 65, 'dataset.num_walks': 4850752, 'training.lr': 0.0023905299203233945, 'training.weight_decay': 0.0001287392874839764, 'training.batch_size': 256, 'training.gradient_clip_val': 0.521919813517131, 'training.early_stopping_patience': 7, 'model.nhead': 4, 'model.embedding_dim': 64, 'model.hidden_dim': 32, 'model.nlayers': 2, 'model.dropout': 0.07615031995773697, 'training.epochs': 22}. Best is trial 22 with value: 0.9024447202682495.
Seed set to 65

🔬 Trial 23 hyperparameters:
  Walk length: 72, Num walks: 4,040,675
  LR: 8.49e-03, Batch size: 256
  Model: emb_dim=64, hidden_dim=32
  Transformer: 1 layers, 4 heads
  Epochs: 22, Weighted loss: True
Loading epinions dataset...
Success! ✅
Splitting edges for epinions dataset...
Ratios: train=0.480, mask=0.320, val=0.100, test=0.100
Success! ✅
Sampling random walks from epinions dataset...
Success! ✅
Building tokenizer for epinions dataset...
Success! ✅
Padding and building stage tensors for epinions dataset...
Success! ✅
Data creation profiling (seconds):
  get_edge_list: 1.07s
  split_edges: 0.52s
  get_walks: 5147.89s
  get_tokenizer: 14.71s
  encode_walks: 220.20s
  pad_and_build_stage_tensors: 22.55s
Creating DataLoaders for epinions dataset...
Success! ✅
GPU available: True (cuda), used: True
TPU available: False, using: 0 TPU cores
HPU available: False, using: 0 HPUs
/home/eng/shilo_avital/yolo_lab/walk_to_paint/.venv/lib64/python3.9/site-packages/pytorch_lightning/callbacks/model_checkpoint.py:658: Checkpoint directory /home/eng/shilo_avital/yolo_lab/walk_to_paint/outputs/epinions/epinions-optuna_20251203-235202/checkpoints exists and is not empty.
LOCAL_RANK: 0 - CUDA_VISIBLE_DEVICES: [0]
Metric val_auc_epoch improved. New best score: 0.699
❌ Trial 23 failed: Trial was pruned at epoch 5.
[I 2025-12-05 09:30:47,147] Trial 23 finished with value: 0.0 and parameters: {'dataset.max_walk_length': 72, 'dataset.num_walks': 4040675, 'training.lr': 0.008485922319726641, 'training.weight_decay': 0.00024251738158596528, 'training.batch_size': 256, 'training.gradient_clip_val': 0.1335752053053807, 'training.early_stopping_patience': 7, 'model.nhead': 4, 'model.embedding_dim': 64, 'model.hidden_dim': 32, 'model.nlayers': 1, 'model.dropout': 0.0051317710492996965, 'training.epochs': 22}. Best is trial 22 with value: 0.9024447202682495.
Seed set to 66

🔬 Trial 24 hyperparameters:
  Walk length: 84, Num walks: 4,888,609
  LR: 3.91e-03, Batch size: 256
  Model: emb_dim=64, hidden_dim=32
  Transformer: 2 layers, 4 heads
  Epochs: 25, Weighted loss: True
Loading epinions dataset...
Success! ✅
Splitting edges for epinions dataset...
Ratios: train=0.480, mask=0.320, val=0.100, test=0.100
Success! ✅
Sampling random walks from epinions dataset...
Success! ✅
Building tokenizer for epinions dataset...
Success! ✅
Padding and building stage tensors for epinions dataset...
Success! ✅
Data creation profiling (seconds):
  get_edge_list: 1.06s
  split_edges: 0.53s
  get_walks: 6298.33s
  get_tokenizer: 18.46s
  encode_walks: 266.67s
  pad_and_build_stage_tensors: 29.12s
Creating DataLoaders for epinions dataset...
Success! ✅
GPU available: True (cuda), used: True
TPU available: False, using: 0 TPU cores
HPU available: False, using: 0 HPUs
/home/eng/shilo_avital/yolo_lab/walk_to_paint/.venv/lib64/python3.9/site-packages/pytorch_lightning/callbacks/model_checkpoint.py:658: Checkpoint directory /home/eng/shilo_avital/yolo_lab/walk_to_paint/outputs/epinions/epinions-optuna_20251203-235202/checkpoints exists and is not empty.
LOCAL_RANK: 0 - CUDA_VISIBLE_DEVICES: [0]
Metric val_auc_epoch improved. New best score: 0.893
Monitored metric val_auc_epoch did not improve in the last 6 records. Best score: 0.893. Signaling Trainer to stop.
Restoring states from the checkpoint path at /home/eng/shilo_avital/yolo_lab/walk_to_paint/outputs/epinions/epinions-optuna_20251203-235202/checkpoints/trial_24-epoch=00-val_auc_epoch=0.8934.ckpt
LOCAL_RANK: 0 - CUDA_VISIBLE_DEVICES: [0]
Loaded model weights from the checkpoint at /home/eng/shilo_avital/yolo_lab/walk_to_paint/outputs/epinions/epinions-optuna_20251203-235202/checkpoints/trial_24-epoch=00-val_auc_epoch=0.8934.ckpt
────────────────────────────────────────────────────────────────────────────────────────────────────────────────────────
     Validate metric           DataLoader 0
────────────────────────────────────────────────────────────────────────────────────────────────────────────────────────
          step                      7.0
      val_acc_epoch         0.8209871053695679
      val_auc_epoch         0.8934067487716675
      val_f1_epoch          0.7513372898101807
        val_loss            0.6271957159042358
────────────────────────────────────────────────────────────────────────────────────────────────────────────────────────
✅ Trial 24 completed - Val AUC: 0.8934
