[I 2025-12-04 18:02:20,112] Trial 14 finished with value: 0.0 and parameters: {'dataset.max_walk_length': 42, 'dataset.num_walks': 2618807, 'training.lr': 0.019940375291511984, 'training.weight_decay': 1.1676414028284335e-05, 'training.batch_size': 512, 'training.gradient_clip_val': 1.062415175170705, 'training.early_stopping_patience': 8, 'model.nhead': 2, 'model.embedding_dim': 64, 'model.hidden_dim': 16, 'model.nlayers': 6, 'model.dropout': 0.2896203301149285, 'training.epochs': 13}. Best is trial 6 with value: 0.8996069431304932.
Seed set to 57

🔬 Trial 15 hyperparameters:
  Walk length: 56, Num walks: 4,753,406
  LR: 9.73e-02, Batch size: 64
  Model: emb_dim=16, hidden_dim=32
  Transformer: 2 layers, 4 heads
  Epochs: 20, Weighted loss: True
Loading epinions dataset...
Success! ✅
Splitting edges for epinions dataset...
Ratios: train=0.480, mask=0.320, val=0.100, test=0.100
Success! ✅
Sampling random walks from epinions dataset...
Success! ✅
Building tokenizer for epinions dataset...
Success! ✅
Padding and building stage tensors for epinions dataset...
Success! ✅
Data creation profiling (seconds):
  get_edge_list: 1.07s
  split_edges: 0.52s
  get_walks: 6082.21s
  get_tokenizer: 16.88s
  encode_walks: 250.39s
  pad_and_build_stage_tensors: 26.93s
Creating DataLoaders for epinions dataset...
Success! ✅
GPU available: True (cuda), used: True
TPU available: False, using: 0 TPU cores
HPU available: False, using: 0 HPUs
/home/eng/shilo_avital/yolo_lab/walk_to_paint/.venv/lib64/python3.9/site-packages/pytorch_lightning/callbacks/model_checkpoint.py:658: Checkpoint directory /home/eng/shilo_avital/yolo_lab/walk_to_paint/outputs/epinions/epinions-optuna_20251203-235202/checkpoints exists and is not empty.
LOCAL_RANK: 0 - CUDA_VISIBLE_DEVICES: [0]
❌ Trial 15 failed: Input contains NaN.
[I 2025-12-04 20:03:33,361] Trial 15 finished with value: 0.0 and parameters: {'dataset.max_walk_length': 56, 'dataset.num_walks': 4753406, 'training.lr': 0.09725313377683993, 'training.weight_decay': 1.5336806290570197e-08, 'training.batch_size': 64, 'training.gradient_clip_val': 0.30970773687171405, 'training.early_stopping_patience': 14, 'model.nhead': 4, 'model.embedding_dim': 16, 'model.hidden_dim': 32, 'model.nlayers': 2, 'model.dropout': 0.025096090082970812, 'training.epochs': 20}. Best is trial 6 with value: 0.8996069431304932.
🧹 Cleaning up old checkpoints and logs (keeping top 10)...
  Removed old checkpoint: trial_3-epoch=16-val_auc_epoch=0.6892.ckpt
  Removed old checkpoint: trial_2-epoch=07-val_auc_epoch=0.8862.ckpt
  Removed old checkpoint: trial_1-epoch=17-val_auc_epoch=0.6718.ckpt
  Removed old checkpoint: trial_0-epoch=03-val_auc_epoch=0.7414.ckpt
  Removed old log dir: trial_4
  Removed old log dir: trial_3
  Removed old log dir: trial_2
  Removed old log dir: trial_1
  Removed old log dir: trial_0
