[I 2025-12-04 07:48:18,275] Trial 5 finished with value: 0.0 and parameters: {'dataset.max_walk_length': 79, 'dataset.num_walks': 454983, 'training.lr': 1.6907878885543447e-05, 'training.weight_decay': 6.013183947575583e-05, 'training.batch_size': 256, 'training.gradient_clip_val': 1.9622655498353907, 'training.early_stopping_patience': 11, 'model.nhead': 4, 'model.embedding_dim': 8, 'model.hidden_dim': 32, 'model.nlayers': 4, 'model.dropout': 0.5470108710594361, 'training.epochs': 9}. Best is trial 2 with value: 0.8862003087997437.
🧹 Cleaning up old checkpoints and logs (keeping top 10)...
Seed set to 48

🔬 Trial 6 hyperparameters:
  Walk length: 32, Num walks: 1,766,683
  LR: 6.08e-03, Batch size: 512
  Model: emb_dim=64, hidden_dim=32
  Transformer: 2 layers, 8 heads
  Epochs: 23, Weighted loss: True
Loading epinions dataset...
Success! ✅
Splitting edges for epinions dataset...
Ratios: train=0.480, mask=0.320, val=0.100, test=0.100
Success! ✅
Sampling random walks from epinions dataset...
Success! ✅
Building tokenizer for epinions dataset...
Success! ✅
Padding and building stage tensors for epinions dataset...
Success! ✅
Data creation profiling (seconds):
  get_edge_list: 1.11s
  split_edges: 0.50s
  get_walks: 2192.42s
  get_tokenizer: 5.34s
  encode_walks: 80.14s
  pad_and_build_stage_tensors: 8.87s
Creating DataLoaders for epinions dataset...
Success! ✅
GPU available: True (cuda), used: True
TPU available: False, using: 0 TPU cores
HPU available: False, using: 0 HPUs
/home/eng/shilo_avital/yolo_lab/walk_to_paint/.venv/lib64/python3.9/site-packages/pytorch_lightning/callbacks/model_checkpoint.py:658: Checkpoint directory /home/eng/shilo_avital/yolo_lab/walk_to_paint/outputs/epinions/epinions-optuna_20251203-235202/checkpoints exists and is not empty.
LOCAL_RANK: 0 - CUDA_VISIBLE_DEVICES: [0]
Metric val_auc_epoch improved. New best score: 0.836
Metric val_auc_epoch improved by 0.052 >= min_delta = 0.0. New best score: 0.888
Metric val_auc_epoch improved by 0.004 >= min_delta = 0.0. New best score: 0.891
Metric val_auc_epoch improved by 0.006 >= min_delta = 0.0. New best score: 0.897
Metric val_auc_epoch improved by 0.001 >= min_delta = 0.0. New best score: 0.898
Metric val_auc_epoch improved by 0.000 >= min_delta = 0.0. New best score: 0.898
Metric val_auc_epoch improved by 0.002 >= min_delta = 0.0. New best score: 0.900
`Trainer.fit` stopped: `max_epochs=23` reached.
Restoring states from the checkpoint path at /home/eng/shilo_avital/yolo_lab/walk_to_paint/outputs/epinions/epinions-optuna_20251203-235202/checkpoints/trial_6-epoch=10-val_auc_epoch=0.8996.ckpt
LOCAL_RANK: 0 - CUDA_VISIBLE_DEVICES: [0]
Loaded model weights from the checkpoint at /home/eng/shilo_avital/yolo_lab/walk_to_paint/outputs/epinions/epinions-optuna_20251203-235202/checkpoints/trial_6-epoch=10-val_auc_epoch=0.8996.ckpt
────────────────────────────────────────────────────────────────────────────────────────────────────────────────────────
     Validate metric           DataLoader 0
────────────────────────────────────────────────────────────────────────────────────────────────────────────────────────
          step                     23.0
      val_acc_epoch         0.8150309920310974
      val_auc_epoch         0.8996069431304932
      val_f1_epoch          0.7950278520584106
        val_loss            0.9286271929740906
────────────────────────────────────────────────────────────────────────────────────────────────────────────────────────
✅ Trial 6 completed - Val AUC: 0.8996
[I 2025-12-04 08:47:55,363] Trial 6 finished with value: 0.8996069431304932 and parameters: {'dataset.max_walk_length': 32, 'dataset.num_walks': 1766683, 'training.lr': 0.0060755381947484415, 'training.weight_decay': 6.26273717485083e-07, 'training.batch_size': 512, 'training.gradient_clip_val': 1.053665426754605, 'training.early_stopping_patience': 16, 'model.nhead': 8, 'model.embedding_dim': 64, 'model.hidden_dim': 32, 'model.nlayers': 2, 'model.dropout': 0.06377546120157813, 'training.epochs': 23}. Best is trial 6 with value: 0.8996069431304932.
Seed set to 49

🔬 Trial 7 hyperparameters:
  Walk length: 32, Num walks: 1,165,973
  LR: 2.83e-04, Batch size: 64
  Model: emb_dim=8, hidden_dim=8
  Transformer: 3 layers, 1 heads
  Epochs: 20, Weighted loss: True
Loading epinions dataset...
Success! ✅
Splitting edges for epinions dataset...
Ratios: train=0.480, mask=0.320, val=0.100, test=0.100
Success! ✅
Sampling random walks from epinions dataset...
Success! ✅
Building tokenizer for epinions dataset...
Success! ✅
Padding and building stage tensors for epinions dataset...
Success! ✅
Data creation profiling (seconds):
  get_edge_list: 1.04s
  split_edges: 0.52s
  get_walks: 1454.11s
  get_tokenizer: 3.82s
  encode_walks: 53.86s
  pad_and_build_stage_tensors: 5.63s
Creating DataLoaders for epinions dataset...
Success! ✅
/home/eng/shilo_avital/yolo_lab/walk_to_paint/.venv/lib64/python3.9/site-packages/torch/nn/modules/transformer.py:382: UserWarning: enable_nested_tensor is True, but self.use_nested_tensor is False because encoder_layer.self_attn.num_heads is odd
  warnings.warn(
GPU available: True (cuda), used: True
TPU available: False, using: 0 TPU cores
HPU available: False, using: 0 HPUs
/home/eng/shilo_avital/yolo_lab/walk_to_paint/.venv/lib64/python3.9/site-packages/pytorch_lightning/callbacks/model_checkpoint.py:658: Checkpoint directory /home/eng/shilo_avital/yolo_lab/walk_to_paint/outputs/epinions/epinions-optuna_20251203-235202/checkpoints exists and is not empty.
LOCAL_RANK: 0 - CUDA_VISIBLE_DEVICES: [0]
Metric val_auc_epoch improved. New best score: 0.646
Metric val_auc_epoch improved by 0.022 >= min_delta = 0.0. New best score: 0.668
Metric val_auc_epoch improved by 0.018 >= min_delta = 0.0. New best score: 0.686
Metric val_auc_epoch improved by 0.009 >= min_delta = 0.0. New best score: 0.695
Metric val_auc_epoch improved by 0.012 >= min_delta = 0.0. New best score: 0.708
Metric val_auc_epoch improved by 0.007 >= min_delta = 0.0. New best score: 0.715
Metric val_auc_epoch improved by 0.007 >= min_delta = 0.0. New best score: 0.722
Metric val_auc_epoch improved by 0.005 >= min_delta = 0.0. New best score: 0.727
Metric val_auc_epoch improved by 0.003 >= min_delta = 0.0. New best score: 0.730
Metric val_auc_epoch improved by 0.005 >= min_delta = 0.0. New best score: 0.735
Metric val_auc_epoch improved by 0.004 >= min_delta = 0.0. New best score: 0.739
Metric val_auc_epoch improved by 0.002 >= min_delta = 0.0. New best score: 0.740
Metric val_auc_epoch improved by 0.002 >= min_delta = 0.0. New best score: 0.743
Metric val_auc_epoch improved by 0.002 >= min_delta = 0.0. New best score: 0.745
Metric val_auc_epoch improved by 0.001 >= min_delta = 0.0. New best score: 0.746
❌ Trial 7 failed: Trial was pruned at epoch 15.
[I 2025-12-04 10:15:28,520] Trial 7 finished with value: 0.0 and parameters: {'dataset.max_walk_length': 32, 'dataset.num_walks': 1165973, 'training.lr': 0.0002829550069426206, 'training.weight_decay': 1.6731952668938346e-07, 'training.batch_size': 64, 'training.gradient_clip_val': 0.9196908513627556, 'training.early_stopping_patience': 10, 'model.nhead': 1, 'model.embedding_dim': 8, 'model.hidden_dim': 8, 'model.nlayers': 3, 'model.dropout': 0.18268162590460918, 'training.epochs': 20}. Best is trial 6 with value: 0.8996069431304932.
[I 2025-12-04 10:15:28,529] Trial 8 pruned. Could not find valid nhead/embedding_dim combination after 10 attempts
Seed set to 51

🔬 Trial 9 hyperparameters:
  Walk length: 66, Num walks: 3,754,215
  LR: 1.48e-05, Batch size: 512
  Model: emb_dim=8, hidden_dim=256
  Transformer: 5 layers, 8 heads
  Epochs: 15, Weighted loss: True
Loading epinions dataset...
Success! ✅
Splitting edges for epinions dataset...
Ratios: train=0.480, mask=0.320, val=0.100, test=0.100
Success! ✅
Sampling random walks from epinions dataset...
Success! ✅
Building tokenizer for epinions dataset...
Success! ✅
Padding and building stage tensors for epinions dataset...
Success! ✅
Data creation profiling (seconds):
  get_edge_list: 1.03s
  split_edges: 0.49s
  get_walks: 4677.13s
  get_tokenizer: 12.43s
  encode_walks: 196.11s
  pad_and_build_stage_tensors: 20.22s
Creating DataLoaders for epinions dataset...
Success! ✅
GPU available: True (cuda), used: True
TPU available: False, using: 0 TPU cores
HPU available: False, using: 0 HPUs
/home/eng/shilo_avital/yolo_lab/walk_to_paint/.venv/lib64/python3.9/site-packages/pytorch_lightning/callbacks/model_checkpoint.py:658: Checkpoint directory /home/eng/shilo_avital/yolo_lab/walk_to_paint/outputs/epinions/epinions-optuna_20251203-235202/checkpoints exists and is not empty.
LOCAL_RANK: 0 - CUDA_VISIBLE_DEVICES: [0]
Metric val_auc_epoch improved. New best score: 0.621
Metric val_auc_epoch improved by 0.003 >= min_delta = 0.0. New best score: 0.624
Metric val_auc_epoch improved by 0.003 >= min_delta = 0.0. New best score: 0.627
Metric val_auc_epoch improved by 0.003 >= min_delta = 0.0. New best score: 0.630
Metric val_auc_epoch improved by 0.003 >= min_delta = 0.0. New best score: 0.633
❌ Trial 9 failed: Trial was pruned at epoch 5.
[I 2025-12-04 12:39:30,245] Trial 9 finished with value: 0.0 and parameters: {'dataset.max_walk_length': 66, 'dataset.num_walks': 3754215, 'training.lr': 1.4820295545495057e-05, 'training.weight_decay': 0.00023297885280383875, 'training.batch_size': 512, 'training.gradient_clip_val': 1.4648769785080167, 'training.early_stopping_patience': 5, 'model.nhead': 8, 'model.embedding_dim': 8, 'model.hidden_dim': 256, 'model.nlayers': 5, 'model.dropout': 0.5108064662537828, 'training.epochs': 15}. Best is trial 6 with value: 0.8996069431304932.
Seed set to 52

🔬 Trial 10 hyperparameters:
  Walk length: 99, Num walks: 610,723
  LR: 1.59e-02, Batch size: 32
  Model: emb_dim=64, hidden_dim=32
  Transformer: 1 layers, 2 heads
  Epochs: 24, Weighted loss: True
Loading epinions dataset...
Success! ✅
Splitting edges for epinions dataset...
Ratios: train=0.480, mask=0.320, val=0.100, test=0.100
Success! ✅
Sampling random walks from epinions dataset...
Success! ✅
Building tokenizer for epinions dataset...
Success! ✅
Padding and building stage tensors for epinions dataset...
Success! ✅
Data creation profiling (seconds):
  get_edge_list: 1.05s
  split_edges: 0.50s
  get_walks: 745.44s
  get_tokenizer: 2.76s
  encode_walks: 115.62s
  pad_and_build_stage_tensors: 3.33s
Creating DataLoaders for epinions dataset...
Success! ✅
GPU available: True (cuda), used: True
TPU available: False, using: 0 TPU cores
HPU available: False, using: 0 HPUs
/home/eng/shilo_avital/yolo_lab/walk_to_paint/.venv/lib64/python3.9/site-packages/pytorch_lightning/callbacks/model_checkpoint.py:658: Checkpoint directory /home/eng/shilo_avital/yolo_lab/walk_to_paint/outputs/epinions/epinions-optuna_20251203-235202/checkpoints exists and is not empty.
LOCAL_RANK: 0 - CUDA_VISIBLE_DEVICES: [0]
Metric val_auc_epoch improved. New best score: 0.548
Metric val_auc_epoch improved by 0.076 >= min_delta = 0.0. New best score: 0.624
❌ Trial 10 failed: Input contains NaN.
[I 2025-12-04 13:12:22,391] Trial 10 finished with value: 0.0 and parameters: {'dataset.max_walk_length': 99, 'dataset.num_walks': 610723, 'training.lr': 0.015917331373606625, 'training.weight_decay': 1.1385343801018164e-08, 'training.batch_size': 32, 'training.gradient_clip_val': 0.19268179085788262, 'training.early_stopping_patience': 18, 'model.nhead': 2, 'model.embedding_dim': 64, 'model.hidden_dim': 32, 'model.nlayers': 1, 'model.dropout': 0.28445796673445356, 'training.epochs': 24}. Best is trial 6 with value: 0.8996069431304932.
🧹 Cleaning up old checkpoints and logs (keeping top 10)...
Seed set to 53

🔬 Trial 11 hyperparameters:
  Walk length: 37, Num walks: 1,868,756
  LR: 4.96e-03, Batch size: 512
  Model: emb_dim=64, hidden_dim=64
  Transformer: 6 layers, 16 heads
  Epochs: 21, Weighted loss: True
Loading epinions dataset...
Success! ✅
Splitting edges for epinions dataset...
Ratios: train=0.480, mask=0.320, val=0.100, test=0.100
Success! ✅
Sampling random walks from epinions dataset...
Success! ✅
Building tokenizer for epinions dataset...
Success! ✅
Padding and building stage tensors for epinions dataset...
Success! ✅
Data creation profiling (seconds):
  get_edge_list: 1.08s
  split_edges: 0.50s
  get_walks: 2382.16s
  get_tokenizer: 5.85s
  encode_walks: 89.82s
  pad_and_build_stage_tensors: 10.25s
Creating DataLoaders for epinions dataset...
Success! ✅
GPU available: True (cuda), used: True
TPU available: False, using: 0 TPU cores
HPU available: False, using: 0 HPUs
/home/eng/shilo_avital/yolo_lab/walk_to_paint/.venv/lib64/python3.9/site-packages/pytorch_lightning/callbacks/model_checkpoint.py:658: Checkpoint directory /home/eng/shilo_avital/yolo_lab/walk_to_paint/outputs/epinions/epinions-optuna_20251203-235202/checkpoints exists and is not empty.
LOCAL_RANK: 0 - CUDA_VISIBLE_DEVICES: [0]
Metric val_auc_epoch improved. New best score: 0.503
Metric val_auc_epoch improved by 0.001 >= min_delta = 0.0. New best score: 0.505
❌ Trial 11 failed: Trial was pruned at epoch 5.
[I 2025-12-04 14:10:57,396] Trial 11 finished with value: 0.0 and parameters: {'dataset.max_walk_length': 37, 'dataset.num_walks': 1868756, 'training.lr': 0.004957547350523324, 'training.weight_decay': 6.925133071329438e-08, 'training.batch_size': 512, 'training.gradient_clip_val': 0.9425831175744728, 'training.early_stopping_patience': 16, 'model.nhead': 16, 'model.embedding_dim': 64, 'model.hidden_dim': 64, 'model.nlayers': 6, 'model.dropout': 0.01643069528352012, 'training.epochs': 21}. Best is trial 6 with value: 0.8996069431304932.
Seed set to 54

🔬 Trial 12 hyperparameters:
  Walk length: 11, Num walks: 2,226,757
  LR: 7.21e-03, Batch size: 32
  Model: emb_dim=64, hidden_dim=16
  Transformer: 2 layers, 16 heads
  Epochs: 22, Weighted loss: True
Loading epinions dataset...
Success! ✅
Splitting edges for epinions dataset...
Ratios: train=0.480, mask=0.320, val=0.100, test=0.100
Success! ✅
Sampling random walks from epinions dataset...
Success! ✅
Building tokenizer for epinions dataset...
Success! ✅
Padding and building stage tensors for epinions dataset...
Success! ✅
Data creation profiling (seconds):
  get_edge_list: 1.07s
  split_edges: 0.50s
  get_walks: 2746.40s
  get_tokenizer: 4.72s
  encode_walks: 71.46s
  pad_and_build_stage_tensors: 10.56s
Creating DataLoaders for epinions dataset...
Success! ✅
GPU available: True (cuda), used: True
TPU available: False, using: 0 TPU cores
HPU available: False, using: 0 HPUs
/home/eng/shilo_avital/yolo_lab/walk_to_paint/.venv/lib64/python3.9/site-packages/pytorch_lightning/callbacks/model_checkpoint.py:658: Checkpoint directory /home/eng/shilo_avital/yolo_lab/walk_to_paint/outputs/epinions/epinions-optuna_20251203-235202/checkpoints exists and is not empty.
LOCAL_RANK: 0 - CUDA_VISIBLE_DEVICES: [0]
/home/eng/shilo_avital/yolo_lab/walk_to_paint/.venv/lib64/python3.9/site-packages/torch/nn/modules/transformer.py:505: UserWarning: The PyTorch API of nested tensors is in prototype stage and will change in the near future. We recommend specifying layout=torch.jagged when constructing a nested tensor, as this layout receives active development, has better operator coverage, and works with torch.compile. (Triggered internally at /pytorch/aten/src/ATen/NestedTensorImpl.cpp:178.)
  output = torch._nested_tensor_from_mask(
Metric val_auc_epoch improved. New best score: 0.610
Metric val_auc_epoch improved by 0.002 >= min_delta = 0.0. New best score: 0.612
Metric val_auc_epoch improved by 0.005 >= min_delta = 0.0. New best score: 0.617
❌ Trial 12 failed: Trial was pruned at epoch 5.
[I 2025-12-04 16:08:49,100] Trial 12 finished with value: 0.0 and parameters: {'dataset.max_walk_length': 11, 'dataset.num_walks': 2226757, 'training.lr': 0.007212817379811579, 'training.weight_decay': 1.0866602488191233e-05, 'training.batch_size': 32, 'training.gradient_clip_val': 0.8468874803485156, 'training.early_stopping_patience': 16, 'model.nhead': 16, 'model.embedding_dim': 64, 'model.hidden_dim': 16, 'model.nlayers': 2, 'model.dropout': 0.1904658999843274, 'training.epochs': 22}. Best is trial 6 with value: 0.8996069431304932.
Seed set to 55

🔬 Trial 13 hyperparameters:
  Walk length: 62, Num walks: 1,054,227
  LR: 2.60e-03, Batch size: 256
  Model: emb_dim=64, hidden_dim=128
  Transformer: 2 layers, 16 heads
  Epochs: 14, Weighted loss: True
Loading epinions dataset...
Success! ✅
Splitting edges for epinions dataset...
Ratios: train=0.480, mask=0.320, val=0.100, test=0.100
Success! ✅
Sampling random walks from epinions dataset...
Success! ✅
Building tokenizer for epinions dataset...
Success! ✅
Padding and building stage tensors for epinions dataset...
Success! ✅
Data creation profiling (seconds):
  get_edge_list: 1.02s
  split_edges: 0.49s
  get_walks: 1352.32s
  get_tokenizer: 4.02s
  encode_walks: 55.18s
  pad_and_build_stage_tensors: 5.47s
Creating DataLoaders for epinions dataset...
Success! ✅
GPU available: True (cuda), used: True
TPU available: False, using: 0 TPU cores
HPU available: False, using: 0 HPUs
/home/eng/shilo_avital/yolo_lab/walk_to_paint/.venv/lib64/python3.9/site-packages/pytorch_lightning/callbacks/model_checkpoint.py:658: Checkpoint directory /home/eng/shilo_avital/yolo_lab/walk_to_paint/outputs/epinions/epinions-optuna_20251203-235202/checkpoints exists and is not empty.
LOCAL_RANK: 0 - CUDA_VISIBLE_DEVICES: [0]
Metric val_auc_epoch improved. New best score: 0.810
Metric val_auc_epoch improved by 0.011 >= min_delta = 0.0. New best score: 0.822
Metric val_auc_epoch improved by 0.011 >= min_delta = 0.0. New best score: 0.833
Metric val_auc_epoch improved by 0.020 >= min_delta = 0.0. New best score: 0.853
Metric val_auc_epoch improved by 0.009 >= min_delta = 0.0. New best score: 0.862
Metric val_auc_epoch improved by 0.011 >= min_delta = 0.0. New best score: 0.873
Metric val_auc_epoch improved by 0.002 >= min_delta = 0.0. New best score: 0.875
Metric val_auc_epoch improved by 0.003 >= min_delta = 0.0. New best score: 0.878
`Trainer.fit` stopped: `max_epochs=14` reached.
Restoring states from the checkpoint path at /home/eng/shilo_avital/yolo_lab/walk_to_paint/outputs/epinions/epinions-optuna_20251203-235202/checkpoints/trial_13-epoch=09-val_auc_epoch=0.8783.ckpt
LOCAL_RANK: 0 - CUDA_VISIBLE_DEVICES: [0]
Loaded model weights from the checkpoint at /home/eng/shilo_avital/yolo_lab/walk_to_paint/outputs/epinions/epinions-optuna_20251203-235202/checkpoints/trial_13-epoch=09-val_auc_epoch=0.8783.ckpt
────────────────────────────────────────────────────────────────────────────────────────────────────────────────────────
     Validate metric           DataLoader 0
────────────────────────────────────────────────────────────────────────────────────────────────────────────────────────
          step                     14.0
      val_acc_epoch         0.8023031949996948
      val_auc_epoch          0.878319263458252
      val_f1_epoch          0.7518506050109863
        val_loss            1.0551060438156128
────────────────────────────────────────────────────────────────────────────────────────────────────────────────────────
✅ Trial 13 completed - Val AUC: 0.8783
[I 2025-12-04 16:51:14,963] Trial 13 finished with value: 0.878319263458252 and parameters: {'dataset.max_walk_length': 62, 'dataset.num_walks': 1054227, 'training.lr': 0.0026020363259039152, 'training.weight_decay': 2.640056331693129e-07, 'training.batch_size': 256, 'training.gradient_clip_val': 0.6711281227207772, 'training.early_stopping_patience': 15, 'model.nhead': 16, 'model.embedding_dim': 64, 'model.hidden_dim': 128, 'model.nlayers': 2, 'model.dropout': 0.13696648437356, 'training.epochs': 14}. Best is trial 6 with value: 0.8996069431304932.
Seed set to 56

🔬 Trial 14 hyperparameters:
  Walk length: 42, Num walks: 2,618,807
  LR: 1.99e-02, Batch size: 512
  Model: emb_dim=64, hidden_dim=16
  Transformer: 6 layers, 2 heads
  Epochs: 13, Weighted loss: True
Loading epinions dataset...
Success! ✅
Splitting edges for epinions dataset...
Ratios: train=0.480, mask=0.320, val=0.100, test=0.100
Success! ✅
Sampling random walks from epinions dataset...
Success! ✅
Building tokenizer for epinions dataset...
Success! ✅
Padding and building stage tensors for epinions dataset...
Success! ✅
Data creation profiling (seconds):
  get_edge_list: 1.13s
  split_edges: 0.60s
  get_walks: 3368.38s
  get_tokenizer: 8.79s
  encode_walks: 132.35s
  pad_and_build_stage_tensors: 14.46s
Creating DataLoaders for epinions dataset...
Success! ✅
GPU available: True (cuda), used: True
TPU available: False, using: 0 TPU cores
HPU available: False, using: 0 HPUs
/home/eng/shilo_avital/yolo_lab/walk_to_paint/.venv/lib64/python3.9/site-packages/pytorch_lightning/callbacks/model_checkpoint.py:658: Checkpoint directory /home/eng/shilo_avital/yolo_lab/walk_to_paint/outputs/epinions/epinions-optuna_20251203-235202/checkpoints exists and is not empty.
LOCAL_RANK: 0 - CUDA_VISIBLE_DEVICES: [0]
Metric val_auc_epoch improved. New best score: 0.500
❌ Trial 14 failed: Trial was pruned at epoch 5.
