[I 2025-12-07 12:08:37,685] Trial 45 finished with value: 0.8946529626846313 and parameters: {'dataset.max_walk_length': 54, 'dataset.num_walks': 2198647, 'training.lr': 0.0019173062940156754, 'training.weight_decay': 0.00031410235209652096, 'training.batch_size': 512, 'training.gradient_clip_val': 0.2020310376414855, 'training.early_stopping_patience': 9, 'model.nhead': 8, 'model.embedding_dim': 128, 'model.hidden_dim': 32, 'model.nlayers': 3, 'model.dropout': 0.07925838211758764, 'training.epochs': 24}. Best is trial 31 with value: 0.9132871627807617.
🧹 Cleaning up old checkpoints and logs (keeping top 10)...
  Removed old checkpoint: trial_34-epoch=05-val_auc_epoch=0.9007.ckpt
  Removed old checkpoint: trial_33-epoch=02-val_auc_epoch=0.9019.ckpt
  Removed old checkpoint: trial_32-epoch=01-val_auc_epoch=0.8988.ckpt
  Removed old checkpoint: trial_31-epoch=09-val_auc_epoch=0.9133.ckpt
  Removed old log dir: trial_34
  Removed old log dir: trial_33
  Removed old log dir: trial_32
  Removed old log dir: trial_31
Seed set to 88

🔬 Trial 46 hyperparameters:
  Walk length: 60, Num walks: 2,694,025
  LR: 1.15e-03, Batch size: 256
  Model: emb_dim=16, hidden_dim=16
  Transformer: 4 layers, 8 heads
  Epochs: 22, Weighted loss: True
Loading epinions dataset...
Success! ✅
Splitting edges for epinions dataset...
Ratios: train=0.480, mask=0.320, val=0.100, test=0.100
Success! ✅
Sampling random walks from epinions dataset...
Success! ✅
Building tokenizer for epinions dataset...
Success! ✅
Padding and building stage tensors for epinions dataset...
Success! ✅
Data creation profiling (seconds):
  get_edge_list: 1.04s
  split_edges: 0.50s
  get_walks: 3355.08s
  get_tokenizer: 9.92s
  encode_walks: 140.49s
  pad_and_build_stage_tensors: 14.71s
Creating DataLoaders for epinions dataset...
Success! ✅
GPU available: True (cuda), used: True
TPU available: False, using: 0 TPU cores
HPU available: False, using: 0 HPUs
/home/eng/shilo_avital/yolo_lab/walk_to_paint/.venv/lib64/python3.9/site-packages/pytorch_lightning/callbacks/model_checkpoint.py:658: Checkpoint directory /home/eng/shilo_avital/yolo_lab/walk_to_paint/outputs/epinions/epinions-optuna_20251203-235202/checkpoints exists and is not empty.
LOCAL_RANK: 0 - CUDA_VISIBLE_DEVICES: [0]
Metric val_auc_epoch improved. New best score: 0.808
Metric val_auc_epoch improved by 0.021 >= min_delta = 0.0. New best score: 0.828
Metric val_auc_epoch improved by 0.008 >= min_delta = 0.0. New best score: 0.836
Metric val_auc_epoch improved by 0.007 >= min_delta = 0.0. New best score: 0.843
Metric val_auc_epoch improved by 0.009 >= min_delta = 0.0. New best score: 0.852
❌ Trial 46 failed: Trial was pruned at epoch 5.
[I 2025-12-07 13:49:25,572] Trial 46 finished with value: 0.0 and parameters: {'dataset.max_walk_length': 60, 'dataset.num_walks': 2694025, 'training.lr': 0.0011508733849337448, 'training.weight_decay': 0.0009727964381445513, 'training.batch_size': 256, 'training.gradient_clip_val': 0.28005045851772814, 'training.early_stopping_patience': 10, 'model.nhead': 8, 'model.embedding_dim': 16, 'model.hidden_dim': 16, 'model.nlayers': 4, 'model.dropout': 0.0030584611951827655, 'training.epochs': 22}. Best is trial 31 with value: 0.9132871627807617.
Seed set to 89

🔬 Trial 47 hyperparameters:
  Walk length: 46, Num walks: 4,281,592
  LR: 6.69e-04, Batch size: 64
  Model: emb_dim=32, hidden_dim=128
  Transformer: 4 layers, 2 heads
  Epochs: 24, Weighted loss: True
Loading epinions dataset...
Success! ✅
Splitting edges for epinions dataset...
Ratios: train=0.480, mask=0.320, val=0.100, test=0.100
Success! ✅
Sampling random walks from epinions dataset...
Success! ✅
Building tokenizer for epinions dataset...
Success! ✅
Padding and building stage tensors for epinions dataset...
Success! ✅
Data creation profiling (seconds):
  get_edge_list: 1.11s
  split_edges: 0.52s
  get_walks: 5733.34s
  get_tokenizer: 14.58s
  encode_walks: 215.05s
  pad_and_build_stage_tensors: 22.62s
Creating DataLoaders for epinions dataset...
Success! ✅
GPU available: True (cuda), used: True
TPU available: False, using: 0 TPU cores
HPU available: False, using: 0 HPUs
/home/eng/shilo_avital/yolo_lab/walk_to_paint/.venv/lib64/python3.9/site-packages/pytorch_lightning/callbacks/model_checkpoint.py:658: Checkpoint directory /home/eng/shilo_avital/yolo_lab/walk_to_paint/outputs/epinions/epinions-optuna_20251203-235202/checkpoints exists and is not empty.
LOCAL_RANK: 0 - CUDA_VISIBLE_DEVICES: [0]
Metric val_auc_epoch improved. New best score: 0.901
Metric val_auc_epoch improved by 0.005 >= min_delta = 0.0. New best score: 0.907
Metric val_auc_epoch improved by 0.000 >= min_delta = 0.0. New best score: 0.907
Metric val_auc_epoch improved by 0.000 >= min_delta = 0.0. New best score: 0.907
`Trainer.fit` stopped: `max_epochs=24` reached.
Restoring states from the checkpoint path at /home/eng/shilo_avital/yolo_lab/walk_to_paint/outputs/epinions/epinions-optuna_20251203-235202/checkpoints/trial_47-epoch=14-val_auc_epoch=0.9070.ckpt
LOCAL_RANK: 0 - CUDA_VISIBLE_DEVICES: [0]
Loaded model weights from the checkpoint at /home/eng/shilo_avital/yolo_lab/walk_to_paint/outputs/epinions/epinions-optuna_20251203-235202/checkpoints/trial_47-epoch=14-val_auc_epoch=0.9070.ckpt
────────────────────────────────────────────────────────────────────────────────────────────────────────────────────────
     Validate metric           DataLoader 0
────────────────────────────────────────────────────────────────────────────────────────────────────────────────────────
          step                     24.0
      val_acc_epoch          0.820433497428894
      val_auc_epoch         0.9070072770118713
      val_f1_epoch          0.7772015333175659
        val_loss            1.0606327056884766
────────────────────────────────────────────────────────────────────────────────────────────────────────────────────────
✅ Trial 47 completed - Val AUC: 0.9070
[I 2025-12-07 22:14:34,577] Trial 47 finished with value: 0.9070072770118713 and parameters: {'dataset.max_walk_length': 46, 'dataset.num_walks': 4281592, 'training.lr': 0.0006690079271742515, 'training.weight_decay': 0.00011150519755085931, 'training.batch_size': 64, 'training.gradient_clip_val': 0.36899904084867147, 'training.early_stopping_patience': 11, 'model.nhead': 2, 'model.embedding_dim': 32, 'model.hidden_dim': 128, 'model.nlayers': 4, 'model.dropout': 0.03994426865956845, 'training.epochs': 24}. Best is trial 31 with value: 0.9132871627807617.
Seed set to 90

🔬 Trial 48 hyperparameters:
  Walk length: 39, Num walks: 1,893,881
  LR: 2.60e-04, Batch size: 64
  Model: emb_dim=32, hidden_dim=128
  Transformer: 5 layers, 2 heads
  Epochs: 24, Weighted loss: True
Loading epinions dataset...
Success! ✅
Splitting edges for epinions dataset...
Ratios: train=0.480, mask=0.320, val=0.100, test=0.100
Success! ✅
Sampling random walks from epinions dataset...
Success! ✅
Building tokenizer for epinions dataset...
Success! ✅
Padding and building stage tensors for epinions dataset...
Success! ✅
Data creation profiling (seconds):
  get_edge_list: 1.06s
  split_edges: 0.49s
  get_walks: 2350.69s
  get_tokenizer: 6.58s
  encode_walks: 90.45s
  pad_and_build_stage_tensors: 9.68s
Creating DataLoaders for epinions dataset...
Success! ✅
GPU available: True (cuda), used: True
TPU available: False, using: 0 TPU cores
HPU available: False, using: 0 HPUs
/home/eng/shilo_avital/yolo_lab/walk_to_paint/.venv/lib64/python3.9/site-packages/pytorch_lightning/callbacks/model_checkpoint.py:658: Checkpoint directory /home/eng/shilo_avital/yolo_lab/walk_to_paint/outputs/epinions/epinions-optuna_20251203-235202/checkpoints exists and is not empty.
LOCAL_RANK: 0 - CUDA_VISIBLE_DEVICES: [0]
Metric val_auc_epoch improved. New best score: 0.789
Metric val_auc_epoch improved by 0.042 >= min_delta = 0.0. New best score: 0.831
Metric val_auc_epoch improved by 0.026 >= min_delta = 0.0. New best score: 0.857
Metric val_auc_epoch improved by 0.012 >= min_delta = 0.0. New best score: 0.869
Metric val_auc_epoch improved by 0.022 >= min_delta = 0.0. New best score: 0.891
Metric val_auc_epoch improved by 0.008 >= min_delta = 0.0. New best score: 0.900
Metric val_auc_epoch improved by 0.005 >= min_delta = 0.0. New best score: 0.904
Metric val_auc_epoch improved by 0.002 >= min_delta = 0.0. New best score: 0.906
Metric val_auc_epoch improved by 0.001 >= min_delta = 0.0. New best score: 0.907
Metric val_auc_epoch improved by 0.002 >= min_delta = 0.0. New best score: 0.910
Metric val_auc_epoch improved by 0.002 >= min_delta = 0.0. New best score: 0.912
Monitored metric val_auc_epoch did not improve in the last 10 records. Best score: 0.912. Signaling Trainer to stop.
Restoring states from the checkpoint path at /home/eng/shilo_avital/yolo_lab/walk_to_paint/outputs/epinions/epinions-optuna_20251203-235202/checkpoints/trial_48-epoch=10-val_auc_epoch=0.9121.ckpt
LOCAL_RANK: 0 - CUDA_VISIBLE_DEVICES: [0]
Loaded model weights from the checkpoint at /home/eng/shilo_avital/yolo_lab/walk_to_paint/outputs/epinions/epinions-optuna_20251203-235202/checkpoints/trial_48-epoch=10-val_auc_epoch=0.9121.ckpt
────────────────────────────────────────────────────────────────────────────────────────────────────────────────────────
     Validate metric           DataLoader 0
────────────────────────────────────────────────────────────────────────────────────────────────────────────────────────
          step                     21.0
      val_acc_epoch         0.8312112092971802
      val_auc_epoch         0.9121041297912598
      val_f1_epoch          0.7940280437469482
        val_loss             0.645902693271637
────────────────────────────────────────────────────────────────────────────────────────────────────────────────────────
✅ Trial 48 completed - Val AUC: 0.9121
[I 2025-12-08 01:54:59,065] Trial 48 finished with value: 0.9121041297912598 and parameters: {'dataset.max_walk_length': 39, 'dataset.num_walks': 1893881, 'training.lr': 0.00025958608960656345, 'training.weight_decay': 0.0005622968674647113, 'training.batch_size': 64, 'training.gradient_clip_val': 0.10359623533089254, 'training.early_stopping_patience': 10, 'model.nhead': 2, 'model.embedding_dim': 32, 'model.hidden_dim': 128, 'model.nlayers': 5, 'model.dropout': 0.030297346490618764, 'training.epochs': 24}. Best is trial 31 with value: 0.9132871627807617.
Seed set to 91

🔬 Trial 49 hyperparameters:
  Walk length: 38, Num walks: 1,332,619
  LR: 2.16e-04, Batch size: 64
  Model: emb_dim=32, hidden_dim=128
  Transformer: 5 layers, 2 heads
  Epochs: 20, Weighted loss: True
Loading epinions dataset...
Success! ✅
Splitting edges for epinions dataset...
Ratios: train=0.480, mask=0.320, val=0.100, test=0.100
Success! ✅
Sampling random walks from epinions dataset...
Success! ✅
Building tokenizer for epinions dataset...
Success! ✅
Padding and building stage tensors for epinions dataset...
Success! ✅
Data creation profiling (seconds):
  get_edge_list: 1.05s
  split_edges: 0.51s
  get_walks: 1628.76s
  get_tokenizer: 4.80s
  encode_walks: 63.45s
  pad_and_build_stage_tensors: 6.73s
Creating DataLoaders for epinions dataset...
Success! ✅
GPU available: True (cuda), used: True
TPU available: False, using: 0 TPU cores
HPU available: False, using: 0 HPUs
/home/eng/shilo_avital/yolo_lab/walk_to_paint/.venv/lib64/python3.9/site-packages/pytorch_lightning/callbacks/model_checkpoint.py:658: Checkpoint directory /home/eng/shilo_avital/yolo_lab/walk_to_paint/outputs/epinions/epinions-optuna_20251203-235202/checkpoints exists and is not empty.
LOCAL_RANK: 0 - CUDA_VISIBLE_DEVICES: [0]
Metric val_auc_epoch improved. New best score: 0.738
Metric val_auc_epoch improved by 0.070 >= min_delta = 0.0. New best score: 0.808
Metric val_auc_epoch improved by 0.028 >= min_delta = 0.0. New best score: 0.836
Metric val_auc_epoch improved by 0.009 >= min_delta = 0.0. New best score: 0.845
Metric val_auc_epoch improved by 0.011 >= min_delta = 0.0. New best score: 0.856
❌ Trial 49 failed: Trial was pruned at epoch 5.
[I 2025-12-08 02:56:04,623] Trial 49 finished with value: 0.0 and parameters: {'dataset.max_walk_length': 38, 'dataset.num_walks': 1332619, 'training.lr': 0.0002157363689413489, 'training.weight_decay': 0.00208626546974941, 'training.batch_size': 64, 'training.gradient_clip_val': 0.10508255262938271, 'training.early_stopping_patience': 12, 'model.nhead': 2, 'model.embedding_dim': 32, 'model.hidden_dim': 128, 'model.nlayers': 5, 'model.dropout': 0.03716051263163535, 'training.epochs': 20}. Best is trial 31 with value: 0.9132871627807617.
Seed set to 92

🔬 Trial 50 hyperparameters:
  Walk length: 45, Num walks: 1,862,188
  LR: 3.36e-04, Batch size: 64
  Model: emb_dim=32, hidden_dim=128
  Transformer: 5 layers, 2 heads
  Epochs: 21, Weighted loss: True
Loading epinions dataset...
Success! ✅
Splitting edges for epinions dataset...
Ratios: train=0.480, mask=0.320, val=0.100, test=0.100
Success! ✅
Sampling random walks from epinions dataset...
Success! ✅
Building tokenizer for epinions dataset...
Success! ✅
Padding and building stage tensors for epinions dataset...
Success! ✅
Data creation profiling (seconds):
  get_edge_list: 1.09s
  split_edges: 0.50s
  get_walks: 2369.45s
  get_tokenizer: 6.75s
  encode_walks: 90.25s
  pad_and_build_stage_tensors: 9.32s
Creating DataLoaders for epinions dataset...
Success! ✅
GPU available: True (cuda), used: True
TPU available: False, using: 0 TPU cores
HPU available: False, using: 0 HPUs
/home/eng/shilo_avital/yolo_lab/walk_to_paint/.venv/lib64/python3.9/site-packages/pytorch_lightning/callbacks/model_checkpoint.py:658: Checkpoint directory /home/eng/shilo_avital/yolo_lab/walk_to_paint/outputs/epinions/epinions-optuna_20251203-235202/checkpoints exists and is not empty.
LOCAL_RANK: 0 - CUDA_VISIBLE_DEVICES: [0]
Metric val_auc_epoch improved. New best score: 0.804
Metric val_auc_epoch improved by 0.032 >= min_delta = 0.0. New best score: 0.836
Metric val_auc_epoch improved by 0.017 >= min_delta = 0.0. New best score: 0.853
Metric val_auc_epoch improved by 0.019 >= min_delta = 0.0. New best score: 0.872
Metric val_auc_epoch improved by 0.012 >= min_delta = 0.0. New best score: 0.884
Metric val_auc_epoch improved by 0.005 >= min_delta = 0.0. New best score: 0.889
Metric val_auc_epoch improved by 0.004 >= min_delta = 0.0. New best score: 0.893
Metric val_auc_epoch improved by 0.007 >= min_delta = 0.0. New best score: 0.900
❌ Trial 50 failed: Trial was pruned at epoch 19.
[I 2025-12-08 06:08:50,770] Trial 50 finished with value: 0.0 and parameters: {'dataset.max_walk_length': 45, 'dataset.num_walks': 1862188, 'training.lr': 0.00033627364332261826, 'training.weight_decay': 0.0008873800266196993, 'training.batch_size': 64, 'training.gradient_clip_val': 0.3265218934870706, 'training.early_stopping_patience': 11, 'model.nhead': 2, 'model.embedding_dim': 32, 'model.hidden_dim': 128, 'model.nlayers': 5, 'model.dropout': 0.1245806712413121, 'training.epochs': 21}. Best is trial 31 with value: 0.9132871627807617.
🧹 Cleaning up old checkpoints and logs (keeping top 10)...
  Removed old checkpoint: trial_39-epoch=05-val_auc_epoch=0.8955.ckpt
  Removed old checkpoint: trial_38-epoch=06-val_auc_epoch=0.9017.ckpt
  Removed old checkpoint: trial_37-epoch=13-val_auc_epoch=0.9007.ckpt
  Removed old checkpoint: trial_36-epoch=01-val_auc_epoch=0.9059.ckpt
  Removed old checkpoint: trial_35-epoch=05-val_auc_epoch=0.8751.ckpt
  Removed old log dir: trial_39
  Removed old log dir: trial_38
  Removed old log dir: trial_37
  Removed old log dir: trial_36
  Removed old log dir: trial_35
Seed set to 93

🔬 Trial 51 hyperparameters:
  Walk length: 36, Num walks: 4,062,158
  LR: 8.07e-04, Batch size: 64
  Model: emb_dim=32, hidden_dim=128
  Transformer: 4 layers, 2 heads
  Epochs: 24, Weighted loss: True
Loading epinions dataset...
Success! ✅
Splitting edges for epinions dataset...
Ratios: train=0.480, mask=0.320, val=0.100, test=0.100
Success! ✅
Sampling random walks from epinions dataset...
Success! ✅
Building tokenizer for epinions dataset...
Success! ✅
Padding and building stage tensors for epinions dataset...
Success! ✅
Data creation profiling (seconds):
  get_edge_list: 1.10s
  split_edges: 0.51s
  get_walks: 5299.11s
  get_tokenizer: 13.22s
  encode_walks: 194.35s
  pad_and_build_stage_tensors: 21.93s
Creating DataLoaders for epinions dataset...
Success! ✅
GPU available: True (cuda), used: True
TPU available: False, using: 0 TPU cores
HPU available: False, using: 0 HPUs
/home/eng/shilo_avital/yolo_lab/walk_to_paint/.venv/lib64/python3.9/site-packages/pytorch_lightning/callbacks/model_checkpoint.py:658: Checkpoint directory /home/eng/shilo_avital/yolo_lab/walk_to_paint/outputs/epinions/epinions-optuna_20251203-235202/checkpoints exists and is not empty.
LOCAL_RANK: 0 - CUDA_VISIBLE_DEVICES: [0]
Metric val_auc_epoch improved. New best score: 0.889
Metric val_auc_epoch improved by 0.008 >= min_delta = 0.0. New best score: 0.897
Metric val_auc_epoch improved by 0.003 >= min_delta = 0.0. New best score: 0.900
Metric val_auc_epoch improved by 0.003 >= min_delta = 0.0. New best score: 0.903
Monitored metric val_auc_epoch did not improve in the last 10 records. Best score: 0.903. Signaling Trainer to stop.
Restoring states from the checkpoint path at /home/eng/shilo_avital/yolo_lab/walk_to_paint/outputs/epinions/epinions-optuna_20251203-235202/checkpoints/trial_51-epoch=03-val_auc_epoch=0.9028.ckpt
LOCAL_RANK: 0 - CUDA_VISIBLE_DEVICES: [0]
Loaded model weights from the checkpoint at /home/eng/shilo_avital/yolo_lab/walk_to_paint/outputs/epinions/epinions-optuna_20251203-235202/checkpoints/trial_51-epoch=03-val_auc_epoch=0.9028.ckpt
────────────────────────────────────────────────────────────────────────────────────────────────────────────────────────
     Validate metric           DataLoader 0
────────────────────────────────────────────────────────────────────────────────────────────────────────────────────────
          step                     14.0
      val_acc_epoch         0.8172836303710938
      val_auc_epoch         0.9027581214904785
      val_f1_epoch          0.7549306750297546
        val_loss            0.7831270694732666
────────────────────────────────────────────────────────────────────────────────────────────────────────────────────────
✅ Trial 51 completed - Val AUC: 0.9028
