[I 2025-12-09 08:32:47,978] Trial 58 finished with value: 0.9012821912765503 and parameters: {'dataset.max_walk_length': 20, 'dataset.num_walks': 1325571, 'training.lr': 0.001190513168591492, 'training.weight_decay': 0.0016624628269506039, 'training.batch_size': 32, 'training.gradient_clip_val': 0.6217359223339377, 'training.early_stopping_patience': 13, 'model.nhead': 2, 'model.embedding_dim': 32, 'model.hidden_dim': 64, 'model.nlayers': 6, 'model.dropout': 0.08340059338833751, 'training.epochs': 8}. Best is trial 31 with value: 0.9132871627807617.
Seed set to 101

🔬 Trial 59 hyperparameters:
  Walk length: 42, Num walks: 1,594,376
  LR: 6.44e-03, Batch size: 32
  Model: emb_dim=32, hidden_dim=64
  Transformer: 4 layers, 16 heads
  Epochs: 12, Weighted loss: True
Loading epinions dataset...
Success! ✅
Splitting edges for epinions dataset...
Ratios: train=0.480, mask=0.320, val=0.100, test=0.100
Success! ✅
Sampling random walks from epinions dataset...
Success! ✅
Building tokenizer for epinions dataset...
Success! ✅
Padding and building stage tensors for epinions dataset...
Success! ✅
Data creation profiling (seconds):
  get_edge_list: 1.07s
  split_edges: 0.52s
  get_walks: 1989.10s
  get_tokenizer: 5.68s
  encode_walks: 80.41s
  pad_and_build_stage_tensors: 7.81s
Creating DataLoaders for epinions dataset...
Success! ✅
GPU available: True (cuda), used: True
TPU available: False, using: 0 TPU cores
HPU available: False, using: 0 HPUs
/home/eng/shilo_avital/yolo_lab/walk_to_paint/.venv/lib64/python3.9/site-packages/pytorch_lightning/callbacks/model_checkpoint.py:658: Checkpoint directory /home/eng/shilo_avital/yolo_lab/walk_to_paint/outputs/epinions/epinions-optuna_20251203-235202/checkpoints exists and is not empty.
LOCAL_RANK: 0 - CUDA_VISIBLE_DEVICES: [0]
Metric val_auc_epoch improved. New best score: 0.505
❌ Trial 59 failed: Trial was pruned at epoch 5.
[I 2025-12-09 10:21:55,318] Trial 59 finished with value: 0.0 and parameters: {'dataset.max_walk_length': 42, 'dataset.num_walks': 1594376, 'training.lr': 0.006443286319943264, 'training.weight_decay': 0.015563945455980822, 'training.batch_size': 32, 'training.gradient_clip_val': 0.2854156763318645, 'training.early_stopping_patience': 8, 'model.nhead': 16, 'model.embedding_dim': 32, 'model.hidden_dim': 64, 'model.nlayers': 4, 'model.dropout': 0.058256288212684706, 'training.epochs': 12}. Best is trial 31 with value: 0.9132871627807617.
Seed set to 102

🔬 Trial 60 hyperparameters:
  Walk length: 35, Num walks: 2,958,001
  LR: 3.26e-03, Batch size: 32
  Model: emb_dim=32, hidden_dim=64
  Transformer: 5 layers, 8 heads
  Epochs: 6, Weighted loss: True
Loading epinions dataset...
Success! ✅
Splitting edges for epinions dataset...
Ratios: train=0.480, mask=0.320, val=0.100, test=0.100
Success! ✅
Sampling random walks from epinions dataset...
Success! ✅
Building tokenizer for epinions dataset...
Success! ✅
Padding and building stage tensors for epinions dataset...
Success! ✅
Data creation profiling (seconds):
  get_edge_list: 1.25s
  split_edges: 0.66s
  get_walks: 3972.49s
  get_tokenizer: 11.69s
  encode_walks: 154.18s
  pad_and_build_stage_tensors: 18.26s
Creating DataLoaders for epinions dataset...
Success! ✅
GPU available: True (cuda), used: True
TPU available: False, using: 0 TPU cores
HPU available: False, using: 0 HPUs
/home/eng/shilo_avital/yolo_lab/walk_to_paint/.venv/lib64/python3.9/site-packages/pytorch_lightning/callbacks/model_checkpoint.py:658: Checkpoint directory /home/eng/shilo_avital/yolo_lab/walk_to_paint/outputs/epinions/epinions-optuna_20251203-235202/checkpoints exists and is not empty.
LOCAL_RANK: 0 - CUDA_VISIBLE_DEVICES: [0]
Metric val_auc_epoch improved. New best score: 0.499
Metric val_auc_epoch improved by 0.004 >= min_delta = 0.0. New best score: 0.503
Metric val_auc_epoch improved by 0.002 >= min_delta = 0.0. New best score: 0.505
❌ Trial 60 failed: Trial was pruned at epoch 5.
[I 2025-12-09 14:06:40,875] Trial 60 finished with value: 0.0 and parameters: {'dataset.max_walk_length': 35, 'dataset.num_walks': 2958001, 'training.lr': 0.0032619465183228308, 'training.weight_decay': 0.0006223810380724423, 'training.batch_size': 32, 'training.gradient_clip_val': 0.3594186048771581, 'training.early_stopping_patience': 10, 'model.nhead': 8, 'model.embedding_dim': 32, 'model.hidden_dim': 64, 'model.nlayers': 5, 'model.dropout': 0.13953906889448278, 'training.epochs': 6}. Best is trial 31 with value: 0.9132871627807617.
🧹 Cleaning up old checkpoints and logs (keeping top 10)...
  Removed old checkpoint: trial_50-epoch=08-val_auc_epoch=0.8997.ckpt
  Removed old checkpoint: trial_49-epoch=04-val_auc_epoch=0.8564.ckpt
  Removed old checkpoint: trial_48-epoch=10-val_auc_epoch=0.9121.ckpt
  Removed old checkpoint: trial_47-epoch=14-val_auc_epoch=0.9070.ckpt
  Removed old checkpoint: trial_46-epoch=04-val_auc_epoch=0.8522.ckpt
  Removed old log dir: trial_50
  Removed old log dir: trial_49
  Removed old log dir: trial_48
  Removed old log dir: trial_47
  Removed old log dir: trial_46
Seed set to 103

🔬 Trial 61 hyperparameters:
  Walk length: 40, Num walks: 2,621,314
  LR: 6.13e-04, Batch size: 32
  Model: emb_dim=32, hidden_dim=16
  Transformer: 3 layers, 8 heads
  Epochs: 9, Weighted loss: True
Loading epinions dataset...
Success! ✅
Splitting edges for epinions dataset...
Ratios: train=0.480, mask=0.320, val=0.100, test=0.100
Success! ✅
Sampling random walks from epinions dataset...
Success! ✅
Building tokenizer for epinions dataset...
Success! ✅
Padding and building stage tensors for epinions dataset...
Success! ✅
Data creation profiling (seconds):
  get_edge_list: 1.04s
  split_edges: 0.51s
  get_walks: 3530.89s
  get_tokenizer: 10.04s
  encode_walks: 138.89s
  pad_and_build_stage_tensors: 15.02s
Creating DataLoaders for epinions dataset...
Success! ✅
GPU available: True (cuda), used: True
TPU available: False, using: 0 TPU cores
HPU available: False, using: 0 HPUs
/home/eng/shilo_avital/yolo_lab/walk_to_paint/.venv/lib64/python3.9/site-packages/pytorch_lightning/callbacks/model_checkpoint.py:658: Checkpoint directory /home/eng/shilo_avital/yolo_lab/walk_to_paint/outputs/epinions/epinions-optuna_20251203-235202/checkpoints exists and is not empty.
LOCAL_RANK: 0 - CUDA_VISIBLE_DEVICES: [0]
Metric val_auc_epoch improved. New best score: 0.851
Metric val_auc_epoch improved by 0.036 >= min_delta = 0.0. New best score: 0.887
Metric val_auc_epoch improved by 0.015 >= min_delta = 0.0. New best score: 0.902
Metric val_auc_epoch improved by 0.001 >= min_delta = 0.0. New best score: 0.903
/home/eng/shilo_avital/yolo_lab/walk_to_paint/.venv/lib64/python3.9/site-packages/pytorch_lightning/loops/optimization/automatic.py:134: `training_step` returned `None`. If this was on purpose, ignore this warning...
Metric val_auc_epoch improved by 0.002 >= min_delta = 0.0. New best score: 0.904
`Trainer.fit` stopped: `max_epochs=9` reached.
Restoring states from the checkpoint path at /home/eng/shilo_avital/yolo_lab/walk_to_paint/outputs/epinions/epinions-optuna_20251203-235202/checkpoints/trial_61-epoch=05-val_auc_epoch=0.9043.ckpt
LOCAL_RANK: 0 - CUDA_VISIBLE_DEVICES: [0]
Loaded model weights from the checkpoint at /home/eng/shilo_avital/yolo_lab/walk_to_paint/outputs/epinions/epinions-optuna_20251203-235202/checkpoints/trial_61-epoch=05-val_auc_epoch=0.9043.ckpt
────────────────────────────────────────────────────────────────────────────────────────────────────────────────────────
     Validate metric           DataLoader 0
────────────────────────────────────────────────────────────────────────────────────────────────────────────────────────
          step                      9.0
      val_acc_epoch         0.8297781944274902
      val_auc_epoch          0.904252290725708
      val_f1_epoch          0.7734562754631042
        val_loss            0.6583983302116394
────────────────────────────────────────────────────────────────────────────────────────────────────────────────────────
✅ Trial 61 completed - Val AUC: 0.9043
[I 2025-12-09 18:07:14,491] Trial 61 finished with value: 0.904252290725708 and parameters: {'dataset.max_walk_length': 40, 'dataset.num_walks': 2621314, 'training.lr': 0.0006131885076906265, 'training.weight_decay': 0.00021794674210348983, 'training.batch_size': 32, 'training.gradient_clip_val': 0.16149627157577323, 'training.early_stopping_patience': 8, 'model.nhead': 8, 'model.embedding_dim': 32, 'model.hidden_dim': 16, 'model.nlayers': 3, 'model.dropout': 0.0005882446516553561, 'training.epochs': 9}. Best is trial 31 with value: 0.9132871627807617.
Seed set to 104

🔬 Trial 62 hyperparameters:
  Walk length: 57, Num walks: 3,506,056
  LR: 9.45e-04, Batch size: 64
  Model: emb_dim=32, hidden_dim=64
  Transformer: 3 layers, 8 heads
  Epochs: 14, Weighted loss: True
Loading epinions dataset...
Success! ✅
Splitting edges for epinions dataset...
Ratios: train=0.480, mask=0.320, val=0.100, test=0.100
Success! ✅
Sampling random walks from epinions dataset...
Success! ✅
Building tokenizer for epinions dataset...
Success! ✅
Padding and building stage tensors for epinions dataset...
Success! ✅
Data creation profiling (seconds):
  get_edge_list: 1.30s
  split_edges: 0.71s
  get_walks: 5053.19s
  get_tokenizer: 15.77s
  encode_walks: 227.59s
  pad_and_build_stage_tensors: 27.20s
Creating DataLoaders for epinions dataset...
Success! ✅
GPU available: True (cuda), used: True
TPU available: False, using: 0 TPU cores
HPU available: False, using: 0 HPUs
/home/eng/shilo_avital/yolo_lab/walk_to_paint/.venv/lib64/python3.9/site-packages/pytorch_lightning/callbacks/model_checkpoint.py:658: Checkpoint directory /home/eng/shilo_avital/yolo_lab/walk_to_paint/outputs/epinions/epinions-optuna_20251203-235202/checkpoints exists and is not empty.
LOCAL_RANK: 0 - CUDA_VISIBLE_DEVICES: [0]
Metric val_auc_epoch improved. New best score: 0.883
Metric val_auc_epoch improved by 0.024 >= min_delta = 0.0. New best score: 0.908
Metric val_auc_epoch improved by 0.002 >= min_delta = 0.0. New best score: 0.909
Metric val_auc_epoch improved by 0.001 >= min_delta = 0.0. New best score: 0.910
[rank: 0] Received SIGTERM: 15
