[I 2025-12-04 20:03:33,430] Trial 16 pruned. Could not find valid nhead/embedding_dim combination after 10 attempts
Seed set to 59

🔬 Trial 17 hyperparameters:
  Walk length: 30, Num walks: 872,657
  LR: 4.53e-04, Batch size: 64
  Model: emb_dim=32, hidden_dim=64
  Transformer: 5 layers, 16 heads
  Epochs: 23, Weighted loss: True
Loading epinions dataset...
Success! ✅
Splitting edges for epinions dataset...
Ratios: train=0.480, mask=0.320, val=0.100, test=0.100
Success! ✅
Sampling random walks from epinions dataset...
Success! ✅
Building tokenizer for epinions dataset...
Success! ✅
Padding and building stage tensors for epinions dataset...
Success! ✅
Data creation profiling (seconds):
  get_edge_list: 1.08s
  split_edges: 0.52s
  get_walks: 1063.37s
  get_tokenizer: 3.16s
  encode_walks: 37.24s
  pad_and_build_stage_tensors: 6.93s
Creating DataLoaders for epinions dataset...
Success! ✅
GPU available: True (cuda), used: True
TPU available: False, using: 0 TPU cores
HPU available: False, using: 0 HPUs
/home/eng/shilo_avital/yolo_lab/walk_to_paint/.venv/lib64/python3.9/site-packages/pytorch_lightning/callbacks/model_checkpoint.py:658: Checkpoint directory /home/eng/shilo_avital/yolo_lab/walk_to_paint/outputs/epinions/epinions-optuna_20251203-235202/checkpoints exists and is not empty.
LOCAL_RANK: 0 - CUDA_VISIBLE_DEVICES: [0]
Metric val_auc_epoch improved. New best score: 0.756
Metric val_auc_epoch improved by 0.080 >= min_delta = 0.0. New best score: 0.835
Metric val_auc_epoch improved by 0.015 >= min_delta = 0.0. New best score: 0.850
Metric val_auc_epoch improved by 0.014 >= min_delta = 0.0. New best score: 0.864
Metric val_auc_epoch improved by 0.010 >= min_delta = 0.0. New best score: 0.874
Metric val_auc_epoch improved by 0.001 >= min_delta = 0.0. New best score: 0.875
Metric val_auc_epoch improved by 0.004 >= min_delta = 0.0. New best score: 0.878
Metric val_auc_epoch improved by 0.002 >= min_delta = 0.0. New best score: 0.881
Exception ignored in: <function _MultiProcessingDataLoaderIter.__del__ at 0x7f373928aca0>
Traceback (most recent call last):
  File "/home/eng/shilo_avital/yolo_lab/walk_to_paint/.venv/lib64/python3.9/site-packages/torch/utils/data/dataloader.py", line 1663, in __del__
    self._shutdown_workers()
  File "/home/eng/shilo_avital/yolo_lab/walk_to_paint/.venv/lib64/python3.9/site-packages/torch/utils/data/dataloader.py", line 1646, in _shutdown_workers
    if w.is_alive():
  File "/usr/lib64/python3.9/multiprocessing/process.py", line 160, in is_alive
    assert self._parent_pid == os.getpid(), 'can only test a child process'
AssertionError: can only test a child process
Exception ignored in: <function _MultiProcessingDataLoaderIter.__del__ at 0x7f373928aca0>
Traceback (most recent call last):
  File "/home/eng/shilo_avital/yolo_lab/walk_to_paint/.venv/lib64/python3.9/site-packages/torch/utils/data/dataloader.py", line 1663, in __del__
    self._shutdown_workers()
  File "/home/eng/shilo_avital/yolo_lab/walk_to_paint/.venv/lib64/python3.9/site-packages/torch/utils/data/dataloader.py", line 1646, in _shutdown_workers
    if w.is_alive():
  File "/usr/lib64/python3.9/multiprocessing/process.py", line 160, in is_alive
    assert self._parent_pid == os.getpid(), 'can only test a child process'
AssertionError: can only test a child process
Exception ignored in: <function _MultiProcessingDataLoaderIter.__del__ at 0x7f373928aca0>
Traceback (most recent call last):
  File "/home/eng/shilo_avital/yolo_lab/walk_to_paint/.venv/lib64/python3.9/site-packages/torch/utils/data/dataloader.py", line 1663, in __del__
    self._shutdown_workers()
  File "/home/eng/shilo_avital/yolo_lab/walk_to_paint/.venv/lib64/python3.9/site-packages/torch/utils/data/dataloader.py", line 1646, in _shutdown_workers
    if w.is_alive():
  File "/usr/lib64/python3.9/multiprocessing/process.py", line 160, in is_alive
    assert self._parent_pid == os.getpid(), 'can only test a child process'
AssertionError: can only test a child process
Exception ignored in: <function _MultiProcessingDataLoaderIter.__del__ at 0x7f373928aca0>
Traceback (most recent call last):
  File "/home/eng/shilo_avital/yolo_lab/walk_to_paint/.venv/lib64/python3.9/site-packages/torch/utils/data/dataloader.py", line 1663, in __del__
    self._shutdown_workers()
  File "/home/eng/shilo_avital/yolo_lab/walk_to_paint/.venv/lib64/python3.9/site-packages/torch/utils/data/dataloader.py", line 1646, in _shutdown_workers
    if w.is_alive():
  File "/usr/lib64/python3.9/multiprocessing/process.py", line 160, in is_alive
    assert self._parent_pid == os.getpid(), 'can only test a child process'
AssertionError: can only test a child process
Exception ignored in: <function _MultiProcessingDataLoaderIter.__del__ at 0x7f373928aca0>
Traceback (most recent call last):
  File "/home/eng/shilo_avital/yolo_lab/walk_to_paint/.venv/lib64/python3.9/site-packages/torch/utils/data/dataloader.py", line 1663, in __del__
    self._shutdown_workers()
  File "/home/eng/shilo_avital/yolo_lab/walk_to_paint/.venv/lib64/python3.9/site-packages/torch/utils/data/dataloader.py", line 1646, in _shutdown_workers
    if w.is_alive():
  File "/usr/lib64/python3.9/multiprocessing/process.py", line 160, in is_alive
    assert self._parent_pid == os.getpid(), 'can only test a child process'
AssertionError: can only test a child process
Exception ignored in: <function _MultiProcessingDataLoaderIter.__del__ at 0x7f373928aca0>
Traceback (most recent call last):
  File "/home/eng/shilo_avital/yolo_lab/walk_to_paint/.venv/lib64/python3.9/site-packages/torch/utils/data/dataloader.py", line 1663, in __del__
Exception ignored in: <function _MultiProcessingDataLoaderIter.__del__ at 0x7f373928aca0>
Traceback (most recent call last):
  File "/home/eng/shilo_avital/yolo_lab/walk_to_paint/.venv/lib64/python3.9/site-packages/torch/utils/data/dataloader.py", line 1663, in __del__
    self._shutdown_workers()
  File "/home/eng/shilo_avital/yolo_lab/walk_to_paint/.venv/lib64/python3.9/site-packages/torch/utils/data/dataloader.py", line 1646, in _shutdown_workers
    if w.is_alive():
  File "/usr/lib64/python3.9/multiprocessing/process.py", line 160, in is_alive
    assert self._parent_pid == os.getpid(), 'can only test a child process'
AssertionError: can only test a child process
Exception ignored in: <function _MultiProcessingDataLoaderIter.__del__ at 0x7f373928aca0>
Traceback (most recent call last):
  File "/home/eng/shilo_avital/yolo_lab/walk_to_paint/.venv/lib64/python3.9/site-packages/torch/utils/data/dataloader.py", line 1663, in __del__
    self._shutdown_workers()
  File "/home/eng/shilo_avital/yolo_lab/walk_to_paint/.venv/lib64/python3.9/site-packages/torch/utils/data/dataloader.py", line 1646, in _shutdown_workers
    if w.is_alive():
  File "/usr/lib64/python3.9/multiprocessing/process.py", line 160, in is_alive
    assert self._parent_pid == os.getpid(), 'can only test a child process'
AssertionError: can only test a child process
    self._shutdown_workers()
  File "/home/eng/shilo_avital/yolo_lab/walk_to_paint/.venv/lib64/python3.9/site-packages/torch/utils/data/dataloader.py", line 1646, in _shutdown_workers
    if w.is_alive():
  File "/usr/lib64/python3.9/multiprocessing/process.py", line 160, in is_alive
    assert self._parent_pid == os.getpid(), 'can only test a child process'
AssertionError: can only test a child process
Metric val_auc_epoch improved by 0.004 >= min_delta = 0.0. New best score: 0.884
Exception ignored in: <function _MultiProcessingDataLoaderIter.__del__ at 0x7f373928aca0>
Traceback (most recent call last):
  File "/home/eng/shilo_avital/yolo_lab/walk_to_paint/.venv/lib64/python3.9/site-packages/torch/utils/data/dataloader.py", line 1663, in __del__
    self._shutdown_workers()
  File "/home/eng/shilo_avital/yolo_lab/walk_to_paint/.venv/lib64/python3.9/site-packages/torch/utils/data/dataloader.py", line 1646, in _shutdown_workers
    if w.is_alive():
  File "/usr/lib64/python3.9/multiprocessing/process.py", line 160, in is_alive
    assert self._parent_pid == os.getpid(), 'can only test a child process'
AssertionError: can only test a child process
Exception ignored in: <function _MultiProcessingDataLoaderIter.__del__ at 0x7f373928aca0>
Traceback (most recent call last):
  File "/home/eng/shilo_avital/yolo_lab/walk_to_paint/.venv/lib64/python3.9/site-packages/torch/utils/data/dataloader.py", line 1663, in __del__
    self._shutdown_workers()
  File "/home/eng/shilo_avital/yolo_lab/walk_to_paint/.venv/lib64/python3.9/site-packages/torch/utils/data/dataloader.py", line 1646, in _shutdown_workers
    if w.is_alive():
  File "/usr/lib64/python3.9/multiprocessing/process.py", line 160, in is_alive
    assert self._parent_pid == os.getpid(), 'can only test a child process'
AssertionError: can only test a child process
Exception ignored in: <function _MultiProcessingDataLoaderIter.__del__ at 0x7f373928aca0>
Traceback (most recent call last):
  File "/home/eng/shilo_avital/yolo_lab/walk_to_paint/.venv/lib64/python3.9/site-packages/torch/utils/data/dataloader.py", line 1663, in __del__
Exception ignored in: <function _MultiProcessingDataLoaderIter.__del__ at 0x7f373928aca0>
Traceback (most recent call last):
  File "/home/eng/shilo_avital/yolo_lab/walk_to_paint/.venv/lib64/python3.9/site-packages/torch/utils/data/dataloader.py", line 1663, in __del__
    self._shutdown_workers()
  File "/home/eng/shilo_avital/yolo_lab/walk_to_paint/.venv/lib64/python3.9/site-packages/torch/utils/data/dataloader.py", line 1646, in _shutdown_workers
    if w.is_alive():
  File "/usr/lib64/python3.9/multiprocessing/process.py", line 160, in is_alive
    assert self._parent_pid == os.getpid(), 'can only test a child process'
AssertionError: can only test a child process
    self._shutdown_workers()
  File "/home/eng/shilo_avital/yolo_lab/walk_to_paint/.venv/lib64/python3.9/site-packages/torch/utils/data/dataloader.py", line 1646, in _shutdown_workers
    if w.is_alive():
  File "/usr/lib64/python3.9/multiprocessing/process.py", line 160, in is_alive
    assert self._parent_pid == os.getpid(), 'can only test a child process'
AssertionError: can only test a child process
Exception ignored in: <function _MultiProcessingDataLoaderIter.__del__ at 0x7f373928aca0>
Traceback (most recent call last):
  File "/home/eng/shilo_avital/yolo_lab/walk_to_paint/.venv/lib64/python3.9/site-packages/torch/utils/data/dataloader.py", line 1663, in __del__
    self._shutdown_workers()
  File "/home/eng/shilo_avital/yolo_lab/walk_to_paint/.venv/lib64/python3.9/site-packages/torch/utils/data/dataloader.py", line 1646, in _shutdown_workers
    if w.is_alive():
  File "/usr/lib64/python3.9/multiprocessing/process.py", line 160, in is_alive
    assert self._parent_pid == os.getpid(), 'can only test a child process'
AssertionError: can only test a child process
Exception ignored in: <function _MultiProcessingDataLoaderIter.__del__ at 0x7f373928aca0>
Traceback (most recent call last):
  File "/home/eng/shilo_avital/yolo_lab/walk_to_paint/.venv/lib64/python3.9/site-packages/torch/utils/data/dataloader.py", line 1663, in __del__
    self._shutdown_workers()
  File "/home/eng/shilo_avital/yolo_lab/walk_to_paint/.venv/lib64/python3.9/site-packages/torch/utils/data/dataloader.py", line 1646, in _shutdown_workers
    if w.is_alive():
  File "/usr/lib64/python3.9/multiprocessing/process.py", line 160, in is_alive
    assert self._parent_pid == os.getpid(), 'can only test a child process'
AssertionError: can only test a child process
Exception ignored in: <function _MultiProcessingDataLoaderIter.__del__ at 0x7f373928aca0>
Traceback (most recent call last):
  File "/home/eng/shilo_avital/yolo_lab/walk_to_paint/.venv/lib64/python3.9/site-packages/torch/utils/data/dataloader.py", line 1663, in __del__
    self._shutdown_workers()
  File "/home/eng/shilo_avital/yolo_lab/walk_to_paint/.venv/lib64/python3.9/site-packages/torch/utils/data/dataloader.py", line 1646, in _shutdown_workers
    if w.is_alive():
  File "/usr/lib64/python3.9/multiprocessing/process.py", line 160, in is_alive
    assert self._parent_pid == os.getpid(), 'can only test a child process'
AssertionError: can only test a child process
Exception ignored in: <function _MultiProcessingDataLoaderIter.__del__ at 0x7f373928aca0>
Traceback (most recent call last):
  File "/home/eng/shilo_avital/yolo_lab/walk_to_paint/.venv/lib64/python3.9/site-packages/torch/utils/data/dataloader.py", line 1663, in __del__
    self._shutdown_workers()
  File "/home/eng/shilo_avital/yolo_lab/walk_to_paint/.venv/lib64/python3.9/site-packages/torch/utils/data/dataloader.py", line 1646, in _shutdown_workers
    if w.is_alive():
  File "/usr/lib64/python3.9/multiprocessing/process.py", line 160, in is_alive
    assert self._parent_pid == os.getpid(), 'can only test a child process'
AssertionError: can only test a child process
Exception ignored in: <function _MultiProcessingDataLoaderIter.__del__ at 0x7f373928aca0>
Traceback (most recent call last):
  File "/home/eng/shilo_avital/yolo_lab/walk_to_paint/.venv/lib64/python3.9/site-packages/torch/utils/data/dataloader.py", line 1663, in __del__
    self._shutdown_workers()
  File "/home/eng/shilo_avital/yolo_lab/walk_to_paint/.venv/lib64/python3.9/site-packages/torch/utils/data/dataloader.py", line 1646, in _shutdown_workers
    if w.is_alive():
  File "/usr/lib64/python3.9/multiprocessing/process.py", line 160, in is_alive
    assert self._parent_pid == os.getpid(), 'can only test a child process'
AssertionError: can only test a child process
Exception ignored in: <function _MultiProcessingDataLoaderIter.__del__ at 0x7f373928aca0>
Traceback (most recent call last):
  File "/home/eng/shilo_avital/yolo_lab/walk_to_paint/.venv/lib64/python3.9/site-packages/torch/utils/data/dataloader.py", line 1663, in __del__
    self._shutdown_workers()
  File "/home/eng/shilo_avital/yolo_lab/walk_to_paint/.venv/lib64/python3.9/site-packages/torch/utils/data/dataloader.py", line 1646, in _shutdown_workers
    if w.is_alive():
  File "/usr/lib64/python3.9/multiprocessing/process.py", line 160, in is_alive
    assert self._parent_pid == os.getpid(), 'can only test a child process'
AssertionError: can only test a child process
Exception ignored in: <function _MultiProcessingDataLoaderIter.__del__ at 0x7f373928aca0>
Traceback (most recent call last):
  File "/home/eng/shilo_avital/yolo_lab/walk_to_paint/.venv/lib64/python3.9/site-packages/torch/utils/data/dataloader.py", line 1663, in __del__
    self._shutdown_workers()
  File "/home/eng/shilo_avital/yolo_lab/walk_to_paint/.venv/lib64/python3.9/site-packages/torch/utils/data/dataloader.py", line 1646, in _shutdown_workers
    if w.is_alive():
  File "/usr/lib64/python3.9/multiprocessing/process.py", line 160, in is_alive
    assert self._parent_pid == os.getpid(), 'can only test a child process'
AssertionError: can only test a child process
Exception ignored in: <function _MultiProcessingDataLoaderIter.__del__ at 0x7f373928aca0>
Traceback (most recent call last):
  File "/home/eng/shilo_avital/yolo_lab/walk_to_paint/.venv/lib64/python3.9/site-packages/torch/utils/data/dataloader.py", line 1663, in __del__
    self._shutdown_workers()
  File "/home/eng/shilo_avital/yolo_lab/walk_to_paint/.venv/lib64/python3.9/site-packages/torch/utils/data/dataloader.py", line 1646, in _shutdown_workers
    if w.is_alive():
  File "/usr/lib64/python3.9/multiprocessing/process.py", line 160, in is_alive
    assert self._parent_pid == os.getpid(), 'can only test a child process'
AssertionError: can only test a child process
Exception ignored in: <function _MultiProcessingDataLoaderIter.__del__ at 0x7f373928aca0>
Traceback (most recent call last):
  File "/home/eng/shilo_avital/yolo_lab/walk_to_paint/.venv/lib64/python3.9/site-packages/torch/utils/data/dataloader.py", line 1663, in __del__
    self._shutdown_workers()
  File "/home/eng/shilo_avital/yolo_lab/walk_to_paint/.venv/lib64/python3.9/site-packages/torch/utils/data/dataloader.py", line 1646, in _shutdown_workers
    if w.is_alive():
  File "/usr/lib64/python3.9/multiprocessing/process.py", line 160, in is_alive
    assert self._parent_pid == os.getpid(), 'can only test a child process'
AssertionError: can only test a child process
Exception ignored in: <function _MultiProcessingDataLoaderIter.__del__ at 0x7f373928aca0>
Traceback (most recent call last):
  File "/home/eng/shilo_avital/yolo_lab/walk_to_paint/.venv/lib64/python3.9/site-packages/torch/utils/data/dataloader.py", line 1663, in __del__
    self._shutdown_workers()
  File "/home/eng/shilo_avital/yolo_lab/walk_to_paint/.venv/lib64/python3.9/site-packages/torch/utils/data/dataloader.py", line 1646, in _shutdown_workers
    if w.is_alive():
  File "/usr/lib64/python3.9/multiprocessing/process.py", line 160, in is_alive
    assert self._parent_pid == os.getpid(), 'can only test a child process'
AssertionError: can only test a child process
Exception ignored in: <function _MultiProcessingDataLoaderIter.__del__ at 0x7f373928aca0>
Traceback (most recent call last):
  File "/home/eng/shilo_avital/yolo_lab/walk_to_paint/.venv/lib64/python3.9/site-packages/torch/utils/data/dataloader.py", line 1663, in __del__
    self._shutdown_workers()
  File "/home/eng/shilo_avital/yolo_lab/walk_to_paint/.venv/lib64/python3.9/site-packages/torch/utils/data/dataloader.py", line 1646, in _shutdown_workers
    if w.is_alive():
  File "/usr/lib64/python3.9/multiprocessing/process.py", line 160, in is_alive
    assert self._parent_pid == os.getpid(), 'can only test a child process'
AssertionError: can only test a child process
Exception ignored in: <function _MultiProcessingDataLoaderIter.__del__ at 0x7f373928aca0>
Traceback (most recent call last):
  File "/home/eng/shilo_avital/yolo_lab/walk_to_paint/.venv/lib64/python3.9/site-packages/torch/utils/data/dataloader.py", line 1663, in __del__
    self._shutdown_workers()
  File "/home/eng/shilo_avital/yolo_lab/walk_to_paint/.venv/lib64/python3.9/site-packages/torch/utils/data/dataloader.py", line 1646, in _shutdown_workers
    if w.is_alive():
  File "/usr/lib64/python3.9/multiprocessing/process.py", line 160, in is_alive
    assert self._parent_pid == os.getpid(), 'can only test a child process'
AssertionError: can only test a child process
Monitored metric val_auc_epoch did not improve in the last 8 records. Best score: 0.884. Signaling Trainer to stop.
Restoring states from the checkpoint path at /home/eng/shilo_avital/yolo_lab/walk_to_paint/outputs/epinions/epinions-optuna_20251203-235202/checkpoints/trial_17-epoch=09-val_auc_epoch=0.8844.ckpt
LOCAL_RANK: 0 - CUDA_VISIBLE_DEVICES: [0]
Loaded model weights from the checkpoint at /home/eng/shilo_avital/yolo_lab/walk_to_paint/outputs/epinions/epinions-optuna_20251203-235202/checkpoints/trial_17-epoch=09-val_auc_epoch=0.8844.ckpt
────────────────────────────────────────────────────────────────────────────────────────────────────────────────────────
     Validate metric           DataLoader 0
────────────────────────────────────────────────────────────────────────────────────────────────────────────────────────
          step                     18.0
      val_acc_epoch          0.800449788570404
      val_auc_epoch         0.8843601942062378
      val_f1_epoch          0.7504163384437561
        val_loss            0.6432167291641235
────────────────────────────────────────────────────────────────────────────────────────────────────────────────────────
✅ Trial 17 completed - Val AUC: 0.8844
