/home/eng/shilo_avital/yolo_lab/walk_to_paint/.venv/lib64/python3.9/site-packages/networkx/utils/backends.py:135: RuntimeWarning: networkx backend defined more than once: nx-loopback
  backends.update(_get_backends("networkx.backends"))
Outputs -> exp_dir: outputs/epinions/epinions-optuna_20251203-235202
Set torch.float32 matmul precision to 'medium' (Tensor Cores enabled)
🎯 Starting Optuna hyperparameter optimization with 200 trials
📊 Objective: Maximize validation AUC
🖥️  Device: 0
💾 Keeping top 10 checkpoints/logs to save space
/home/eng/shilo_avital/yolo_lab/walk_to_paint/optuna_run.py:368: ExperimentalWarning: JournalStorage is experimental (supported from v3.1.0). The interface can change in the future.
  storage = JournalStorage(JournalFileStorage(optuna_log))
[I 2025-12-03 23:52:05,335] A new study created in Journal with name: walk_to_paint_study_epinions-optuna_20251203-235202
🔁 Enqueued initial seed trial from config.optuna.initial_params
Seed set to 42

🔬 Trial 0 hyperparameters:
  Walk length: 83, Num walks: 219,589
  LR: 1.20e-03, Batch size: 64
  Model: emb_dim=32, hidden_dim=16
  Transformer: 5 layers, 8 heads
  Epochs: 25, Weighted loss: True
Loading epinions dataset...
Success! ✅
Splitting edges for epinions dataset...
Ratios: train=0.480, mask=0.320, val=0.100, test=0.100
Success! ✅
Sampling random walks from epinions dataset...
Success! ✅
Building tokenizer for epinions dataset...
Success! ✅
Padding and building stage tensors for epinions dataset...
Success! ✅
Data creation profiling (seconds):
  get_edge_list: 1.03s
  split_edges: 0.50s
  get_walks: 242.55s
  get_tokenizer: 1.42s
  encode_walks: 13.50s
  pad_and_build_stage_tensors: 1.19s
Creating DataLoaders for epinions dataset...
Success! ✅
GPU available: True (cuda), used: True
TPU available: False, using: 0 TPU cores
HPU available: False, using: 0 HPUs
LOCAL_RANK: 0 - CUDA_VISIBLE_DEVICES: [0]
Metric val_auc_epoch improved. New best score: 0.700
Metric val_auc_epoch improved by 0.029 >= min_delta = 0.0. New best score: 0.729
Metric val_auc_epoch improved by 0.010 >= min_delta = 0.0. New best score: 0.738
Metric val_auc_epoch improved by 0.003 >= min_delta = 0.0. New best score: 0.741
Monitored metric val_auc_epoch did not improve in the last 10 records. Best score: 0.741. Signaling Trainer to stop.
Restoring states from the checkpoint path at /home/eng/shilo_avital/yolo_lab/walk_to_paint/outputs/epinions/epinions-optuna_20251203-235202/checkpoints/trial_0-epoch=03-val_auc_epoch=0.7414.ckpt
LOCAL_RANK: 0 - CUDA_VISIBLE_DEVICES: [0]
Loaded model weights from the checkpoint at /home/eng/shilo_avital/yolo_lab/walk_to_paint/outputs/epinions/epinions-optuna_20251203-235202/checkpoints/trial_0-epoch=03-val_auc_epoch=0.7414.ckpt
────────────────────────────────────────────────────────────────────────────────────────────────────────────────────────
     Validate metric           DataLoader 0
────────────────────────────────────────────────────────────────────────────────────────────────────────────────────────
          step                     14.0
      val_acc_epoch         0.6649351119995117
      val_auc_epoch         0.7413852214813232
      val_f1_epoch          0.5453946590423584
        val_loss            0.6246853470802307
────────────────────────────────────────────────────────────────────────────────────────────────────────────────────────
✅ Trial 0 completed - Val AUC: 0.7414
[I 2025-12-04 00:10:14,006] Trial 0 finished with value: 0.7413852214813232 and parameters: {'dataset.max_walk_length': 83, 'dataset.num_walks': 219589, 'training.lr': 0.0011990397793339518, 'training.weight_decay': 0.0026821863636421073, 'training.batch_size': 64, 'training.gradient_clip_val': 0.5956847053697083, 'training.early_stopping_patience': 10, 'model.nhead': 8, 'model.embedding_dim': 32, 'model.hidden_dim': 16, 'model.nlayers': 5, 'model.dropout': 0.6207573207736868, 'training.epochs': 25}. Best is trial 0 with value: 0.7413852214813232.
Seed set to 43

🔬 Trial 1 hyperparameters:
  Walk length: 46, Num walks: 200,280
  LR: 2.59e-04, Batch size: 512
  Model: emb_dim=16, hidden_dim=8
  Transformer: 3 layers, 8 heads
  Epochs: 18, Weighted loss: True
Loading epinions dataset...
Success! ✅
Splitting edges for epinions dataset...
Ratios: train=0.480, mask=0.320, val=0.100, test=0.100
Success! ✅
Sampling random walks from epinions dataset...
Success! ✅
Building tokenizer for epinions dataset...
Success! ✅
Padding and building stage tensors for epinions dataset...
Success! ✅
Data creation profiling (seconds):
  get_edge_list: 1.10s
  split_edges: 0.52s
  get_walks: 237.72s
  get_tokenizer: 1.32s
  encode_walks: 13.74s
  pad_and_build_stage_tensors: 1.02s
Creating DataLoaders for epinions dataset...
Success! ✅
GPU available: True (cuda), used: True
TPU available: False, using: 0 TPU cores
HPU available: False, using: 0 HPUs
/home/eng/shilo_avital/yolo_lab/walk_to_paint/.venv/lib64/python3.9/site-packages/pytorch_lightning/callbacks/model_checkpoint.py:658: Checkpoint directory /home/eng/shilo_avital/yolo_lab/walk_to_paint/outputs/epinions/epinions-optuna_20251203-235202/checkpoints exists and is not empty.
LOCAL_RANK: 0 - CUDA_VISIBLE_DEVICES: [0]
Metric val_auc_epoch improved. New best score: 0.586
Metric val_auc_epoch improved by 0.016 >= min_delta = 0.0. New best score: 0.602
Metric val_auc_epoch improved by 0.023 >= min_delta = 0.0. New best score: 0.625
Metric val_auc_epoch improved by 0.013 >= min_delta = 0.0. New best score: 0.639
Metric val_auc_epoch improved by 0.008 >= min_delta = 0.0. New best score: 0.647
Metric val_auc_epoch improved by 0.007 >= min_delta = 0.0. New best score: 0.654
Metric val_auc_epoch improved by 0.004 >= min_delta = 0.0. New best score: 0.659
Metric val_auc_epoch improved by 0.004 >= min_delta = 0.0. New best score: 0.663
Metric val_auc_epoch improved by 0.002 >= min_delta = 0.0. New best score: 0.664
Metric val_auc_epoch improved by 0.004 >= min_delta = 0.0. New best score: 0.668
Metric val_auc_epoch improved by 0.001 >= min_delta = 0.0. New best score: 0.669
Metric val_auc_epoch improved by 0.001 >= min_delta = 0.0. New best score: 0.670
Metric val_auc_epoch improved by 0.001 >= min_delta = 0.0. New best score: 0.671
Metric val_auc_epoch improved by 0.000 >= min_delta = 0.0. New best score: 0.671
Metric val_auc_epoch improved by 0.000 >= min_delta = 0.0. New best score: 0.671
Metric val_auc_epoch improved by 0.000 >= min_delta = 0.0. New best score: 0.672
Metric val_auc_epoch improved by 0.000 >= min_delta = 0.0. New best score: 0.672
`Trainer.fit` stopped: `max_epochs=18` reached.
Restoring states from the checkpoint path at /home/eng/shilo_avital/yolo_lab/walk_to_paint/outputs/epinions/epinions-optuna_20251203-235202/checkpoints/trial_1-epoch=17-val_auc_epoch=0.6718.ckpt
LOCAL_RANK: 0 - CUDA_VISIBLE_DEVICES: [0]
Loaded model weights from the checkpoint at /home/eng/shilo_avital/yolo_lab/walk_to_paint/outputs/epinions/epinions-optuna_20251203-235202/checkpoints/trial_1-epoch=17-val_auc_epoch=0.6718.ckpt
────────────────────────────────────────────────────────────────────────────────────────────────────────────────────────
     Validate metric           DataLoader 0
────────────────────────────────────────────────────────────────────────────────────────────────────────────────────────
          step                     18.0
      val_acc_epoch         0.6101461052894592
      val_auc_epoch         0.6717662811279297
      val_f1_epoch          0.49480319023132324
        val_loss            0.6286288499832153
────────────────────────────────────────────────────────────────────────────────────────────────────────────────────────
✅ Trial 1 completed - Val AUC: 0.6718
[I 2025-12-04 00:18:19,431] Trial 1 finished with value: 0.6717662811279297 and parameters: {'dataset.max_walk_length': 46, 'dataset.num_walks': 200280, 'training.lr': 0.00025876650696307103, 'training.weight_decay': 0.009041291379013312, 'training.batch_size': 512, 'training.gradient_clip_val': 1.3382243911364975, 'training.early_stopping_patience': 11, 'model.nhead': 8, 'model.embedding_dim': 16, 'model.hidden_dim': 8, 'model.nlayers': 3, 'model.dropout': 0.04098531075803169, 'training.epochs': 18}. Best is trial 0 with value: 0.7413852214813232.
Seed set to 44

🔬 Trial 2 hyperparameters:
  Walk length: 55, Num walks: 2,514,737
  LR: 9.68e-04, Batch size: 64
  Model: emb_dim=64, hidden_dim=16
  Transformer: 5 layers, 16 heads
  Epochs: 19, Weighted loss: True
Loading epinions dataset...
Success! ✅
Splitting edges for epinions dataset...
Ratios: train=0.480, mask=0.320, val=0.100, test=0.100
Success! ✅
Sampling random walks from epinions dataset...
Success! ✅
Building tokenizer for epinions dataset...
Success! ✅
Padding and building stage tensors for epinions dataset...
Success! ✅
Data creation profiling (seconds):
  get_edge_list: 1.09s
  split_edges: 0.53s
  get_walks: 3274.39s
  get_tokenizer: 7.95s
  encode_walks: 130.25s
  pad_and_build_stage_tensors: 14.45s
Creating DataLoaders for epinions dataset...
Success! ✅
GPU available: True (cuda), used: True
TPU available: False, using: 0 TPU cores
HPU available: False, using: 0 HPUs
/home/eng/shilo_avital/yolo_lab/walk_to_paint/.venv/lib64/python3.9/site-packages/pytorch_lightning/callbacks/model_checkpoint.py:658: Checkpoint directory /home/eng/shilo_avital/yolo_lab/walk_to_paint/outputs/epinions/epinions-optuna_20251203-235202/checkpoints exists and is not empty.
LOCAL_RANK: 0 - CUDA_VISIBLE_DEVICES: [0]
Metric val_auc_epoch improved. New best score: 0.835
Metric val_auc_epoch improved by 0.022 >= min_delta = 0.0. New best score: 0.857
Metric val_auc_epoch improved by 0.021 >= min_delta = 0.0. New best score: 0.878
Metric val_auc_epoch improved by 0.005 >= min_delta = 0.0. New best score: 0.883
Metric val_auc_epoch improved by 0.001 >= min_delta = 0.0. New best score: 0.884
Metric val_auc_epoch improved by 0.002 >= min_delta = 0.0. New best score: 0.886
Metric val_auc_epoch improved by 0.000 >= min_delta = 0.0. New best score: 0.886
Monitored metric val_auc_epoch did not improve in the last 11 records. Best score: 0.886. Signaling Trainer to stop.
`Trainer.fit` stopped: `max_epochs=19` reached.
Restoring states from the checkpoint path at /home/eng/shilo_avital/yolo_lab/walk_to_paint/outputs/epinions/epinions-optuna_20251203-235202/checkpoints/trial_2-epoch=07-val_auc_epoch=0.8862.ckpt
LOCAL_RANK: 0 - CUDA_VISIBLE_DEVICES: [0]
Loaded model weights from the checkpoint at /home/eng/shilo_avital/yolo_lab/walk_to_paint/outputs/epinions/epinions-optuna_20251203-235202/checkpoints/trial_2-epoch=07-val_auc_epoch=0.8862.ckpt
────────────────────────────────────────────────────────────────────────────────────────────────────────────────────────
     Validate metric           DataLoader 0
────────────────────────────────────────────────────────────────────────────────────────────────────────────────────────
          step                     19.0
      val_acc_epoch         0.7991282939910889
      val_auc_epoch         0.8862003087997437
      val_f1_epoch          0.7170894145965576
        val_loss            0.9326094388961792
────────────────────────────────────────────────────────────────────────────────────────────────────────────────────────
✅ Trial 2 completed - Val AUC: 0.8862
[I 2025-12-04 04:34:56,482] Trial 2 finished with value: 0.8862003087997437 and parameters: {'dataset.max_walk_length': 55, 'dataset.num_walks': 2514737, 'training.lr': 0.0009681374539228422, 'training.weight_decay': 5.115674233169705e-07, 'training.batch_size': 64, 'training.gradient_clip_val': 0.7637175636167761, 'training.early_stopping_patience': 11, 'model.nhead': 16, 'model.embedding_dim': 64, 'model.hidden_dim': 16, 'model.nlayers': 5, 'model.dropout': 0.10755287878674008, 'training.epochs': 19}. Best is trial 2 with value: 0.8862003087997437.
Seed set to 45

🔬 Trial 3 hyperparameters:
  Walk length: 52, Num walks: 3,657,141
  LR: 1.35e-05, Batch size: 128
  Model: emb_dim=128, hidden_dim=4
  Transformer: 1 layers, 1 heads
  Epochs: 17, Weighted loss: True
Loading epinions dataset...
Success! ✅
Splitting edges for epinions dataset...
Ratios: train=0.480, mask=0.320, val=0.100, test=0.100
Success! ✅
Sampling random walks from epinions dataset...
Success! ✅
Building tokenizer for epinions dataset...
Success! ✅
Padding and building stage tensors for epinions dataset...
Success! ✅
Data creation profiling (seconds):
  get_edge_list: 1.05s
  split_edges: 0.49s
  get_walks: 4684.53s
  get_tokenizer: 11.74s
  encode_walks: 182.29s
  pad_and_build_stage_tensors: 19.61s
Creating DataLoaders for epinions dataset...
Success! ✅
/home/eng/shilo_avital/yolo_lab/walk_to_paint/.venv/lib64/python3.9/site-packages/torch/nn/modules/transformer.py:382: UserWarning: enable_nested_tensor is True, but self.use_nested_tensor is False because encoder_layer.self_attn.num_heads is odd
  warnings.warn(
GPU available: True (cuda), used: True
TPU available: False, using: 0 TPU cores
HPU available: False, using: 0 HPUs
/home/eng/shilo_avital/yolo_lab/walk_to_paint/.venv/lib64/python3.9/site-packages/pytorch_lightning/callbacks/model_checkpoint.py:658: Checkpoint directory /home/eng/shilo_avital/yolo_lab/walk_to_paint/outputs/epinions/epinions-optuna_20251203-235202/checkpoints exists and is not empty.
LOCAL_RANK: 0 - CUDA_VISIBLE_DEVICES: [0]
Metric val_auc_epoch improved. New best score: 0.656
Metric val_auc_epoch improved by 0.005 >= min_delta = 0.0. New best score: 0.661
Metric val_auc_epoch improved by 0.004 >= min_delta = 0.0. New best score: 0.665
Metric val_auc_epoch improved by 0.005 >= min_delta = 0.0. New best score: 0.670
Metric val_auc_epoch improved by 0.003 >= min_delta = 0.0. New best score: 0.673
Metric val_auc_epoch improved by 0.003 >= min_delta = 0.0. New best score: 0.675
Metric val_auc_epoch improved by 0.003 >= min_delta = 0.0. New best score: 0.678
Metric val_auc_epoch improved by 0.003 >= min_delta = 0.0. New best score: 0.681
Metric val_auc_epoch improved by 0.002 >= min_delta = 0.0. New best score: 0.683
Metric val_auc_epoch improved by 0.001 >= min_delta = 0.0. New best score: 0.684
Metric val_auc_epoch improved by 0.002 >= min_delta = 0.0. New best score: 0.686
Metric val_auc_epoch improved by 0.001 >= min_delta = 0.0. New best score: 0.687
Metric val_auc_epoch improved by 0.001 >= min_delta = 0.0. New best score: 0.688
Metric val_auc_epoch improved by 0.001 >= min_delta = 0.0. New best score: 0.689
Metric val_auc_epoch improved by 0.000 >= min_delta = 0.0. New best score: 0.689
Metric val_auc_epoch improved by 0.000 >= min_delta = 0.0. New best score: 0.689
Metric val_auc_epoch improved by 0.000 >= min_delta = 0.0. New best score: 0.689
`Trainer.fit` stopped: `max_epochs=17` reached.
Restoring states from the checkpoint path at /home/eng/shilo_avital/yolo_lab/walk_to_paint/outputs/epinions/epinions-optuna_20251203-235202/checkpoints/trial_3-epoch=16-val_auc_epoch=0.6892.ckpt
LOCAL_RANK: 0 - CUDA_VISIBLE_DEVICES: [0]
Loaded model weights from the checkpoint at /home/eng/shilo_avital/yolo_lab/walk_to_paint/outputs/epinions/epinions-optuna_20251203-235202/checkpoints/trial_3-epoch=16-val_auc_epoch=0.6892.ckpt
────────────────────────────────────────────────────────────────────────────────────────────────────────────────────────
     Validate metric           DataLoader 0
────────────────────────────────────────────────────────────────────────────────────────────────────────────────────────
          step                     17.0
      val_acc_epoch          0.594139814376831
      val_auc_epoch         0.6892358064651489
      val_f1_epoch          0.38892143964767456
        val_loss             0.636696457862854
────────────────────────────────────────────────────────────────────────────────────────────────────────────────────────
✅ Trial 3 completed - Val AUC: 0.6892
[I 2025-12-04 07:26:20,002] Trial 3 finished with value: 0.6892358064651489 and parameters: {'dataset.max_walk_length': 52, 'dataset.num_walks': 3657141, 'training.lr': 1.3515596673693688e-05, 'training.weight_decay': 9.84273241279609e-07, 'training.batch_size': 128, 'training.gradient_clip_val': 1.235372535663268, 'training.early_stopping_patience': 12, 'model.nhead': 1, 'model.embedding_dim': 128, 'model.hidden_dim': 4, 'model.nlayers': 1, 'model.dropout': 0.4873232805064587, 'training.epochs': 17}. Best is trial 2 with value: 0.8862003087997437.
Seed set to 46

🔬 Trial 4 hyperparameters:
  Walk length: 25, Num walks: 192,783
  LR: 7.37e-02, Batch size: 128
  Model: emb_dim=128, hidden_dim=4
  Transformer: 4 layers, 8 heads
  Epochs: 9, Weighted loss: True
Loading epinions dataset...
Success! ✅
Splitting edges for epinions dataset...
Ratios: train=0.480, mask=0.320, val=0.100, test=0.100
Success! ✅
Sampling random walks from epinions dataset...
Success! ✅
Building tokenizer for epinions dataset...
Success! ✅
Padding and building stage tensors for epinions dataset...
Success! ✅
Data creation profiling (seconds):
  get_edge_list: 1.09s
  split_edges: 0.49s
  get_walks: 219.63s
  get_tokenizer: 1.15s
  encode_walks: 9.16s
  pad_and_build_stage_tensors: 0.95s
Creating DataLoaders for epinions dataset...
Success! ✅
GPU available: True (cuda), used: True
TPU available: False, using: 0 TPU cores
HPU available: False, using: 0 HPUs
/home/eng/shilo_avital/yolo_lab/walk_to_paint/.venv/lib64/python3.9/site-packages/pytorch_lightning/callbacks/model_checkpoint.py:658: Checkpoint directory /home/eng/shilo_avital/yolo_lab/walk_to_paint/outputs/epinions/epinions-optuna_20251203-235202/checkpoints exists and is not empty.
LOCAL_RANK: 0 - CUDA_VISIBLE_DEVICES: [0]
Metric val_auc_epoch improved. New best score: 0.500
Metric val_auc_epoch improved by 0.000 >= min_delta = 0.0. New best score: 0.500
Metric val_auc_epoch improved by 0.000 >= min_delta = 0.0. New best score: 0.500
`Trainer.fit` stopped: `max_epochs=9` reached.
Restoring states from the checkpoint path at /home/eng/shilo_avital/yolo_lab/walk_to_paint/outputs/epinions/epinions-optuna_20251203-235202/checkpoints/trial_4-epoch=04-val_auc_epoch=0.5000.ckpt
LOCAL_RANK: 0 - CUDA_VISIBLE_DEVICES: [0]
Loaded model weights from the checkpoint at /home/eng/shilo_avital/yolo_lab/walk_to_paint/outputs/epinions/epinions-optuna_20251203-235202/checkpoints/trial_4-epoch=04-val_auc_epoch=0.5000.ckpt
────────────────────────────────────────────────────────────────────────────────────────────────────────────────────────
     Validate metric           DataLoader 0
────────────────────────────────────────────────────────────────────────────────────────────────────────────────────────
          step                      9.0
      val_acc_epoch                 0.5
      val_auc_epoch          0.50001460313797
      val_f1_epoch          0.14177580177783966
        val_loss            0.8260497450828552
────────────────────────────────────────────────────────────────────────────────────────────────────────────────────────
✅ Trial 4 completed - Val AUC: 0.5000
[I 2025-12-04 07:33:43,926] Trial 4 finished with value: 0.50001460313797 and parameters: {'dataset.max_walk_length': 25, 'dataset.num_walks': 192783, 'training.lr': 0.07370162303414682, 'training.weight_decay': 3.9549254524955215e-06, 'training.batch_size': 128, 'training.gradient_clip_val': 1.4926814144888343, 'training.early_stopping_patience': 5, 'model.nhead': 8, 'model.embedding_dim': 128, 'model.hidden_dim': 4, 'model.nlayers': 4, 'model.dropout': 0.10118738754893022, 'training.epochs': 9}. Best is trial 2 with value: 0.8862003087997437.
Seed set to 47

🔬 Trial 5 hyperparameters:
  Walk length: 79, Num walks: 454,983
  LR: 1.69e-05, Batch size: 256
  Model: emb_dim=8, hidden_dim=32
  Transformer: 4 layers, 4 heads
  Epochs: 9, Weighted loss: True
Loading epinions dataset...
Success! ✅
Splitting edges for epinions dataset...
Ratios: train=0.480, mask=0.320, val=0.100, test=0.100
Success! ✅
Sampling random walks from epinions dataset...
Success! ✅
Building tokenizer for epinions dataset...
Success! ✅
Padding and building stage tensors for epinions dataset...
Success! ✅
Data creation profiling (seconds):
  get_edge_list: 1.05s
  split_edges: 0.50s
  get_walks: 531.13s
  get_tokenizer: 2.17s
  encode_walks: 25.37s
  pad_and_build_stage_tensors: 2.45s
Creating DataLoaders for epinions dataset...
Success! ✅
GPU available: True (cuda), used: True
TPU available: False, using: 0 TPU cores
HPU available: False, using: 0 HPUs
/home/eng/shilo_avital/yolo_lab/walk_to_paint/.venv/lib64/python3.9/site-packages/pytorch_lightning/callbacks/model_checkpoint.py:658: Checkpoint directory /home/eng/shilo_avital/yolo_lab/walk_to_paint/outputs/epinions/epinions-optuna_20251203-235202/checkpoints exists and is not empty.
LOCAL_RANK: 0 - CUDA_VISIBLE_DEVICES: [0]
Metric val_auc_epoch improved. New best score: 0.582
Metric val_auc_epoch improved by 0.020 >= min_delta = 0.0. New best score: 0.602
Metric val_auc_epoch improved by 0.013 >= min_delta = 0.0. New best score: 0.615
Metric val_auc_epoch improved by 0.007 >= min_delta = 0.0. New best score: 0.622
Metric val_auc_epoch improved by 0.004 >= min_delta = 0.0. New best score: 0.626
❌ Trial 5 failed: Trial was pruned at epoch 5.
