[I 2025-12-08 11:23:57,460] Trial 51 finished with value: 0.9027581214904785 and parameters: {'dataset.max_walk_length': 36, 'dataset.num_walks': 4062158, 'training.lr': 0.0008072198172926611, 'training.weight_decay': 0.00033459832912002753, 'training.batch_size': 64, 'training.gradient_clip_val': 0.18036191677449986, 'training.early_stopping_patience': 10, 'model.nhead': 2, 'model.embedding_dim': 32, 'model.hidden_dim': 128, 'model.nlayers': 4, 'model.dropout': 0.03424696450289283, 'training.epochs': 24}. Best is trial 31 with value: 0.9132871627807617.
Seed set to 94

🔬 Trial 52 hyperparameters:
  Walk length: 47, Num walks: 2,331,342
  LR: 1.78e-04, Batch size: 64
  Model: emb_dim=32, hidden_dim=128
  Transformer: 5 layers, 2 heads
  Epochs: 23, Weighted loss: True
Loading epinions dataset...
Success! ✅
Splitting edges for epinions dataset...
Ratios: train=0.480, mask=0.320, val=0.100, test=0.100
Success! ✅
Sampling random walks from epinions dataset...
Success! ✅
Building tokenizer for epinions dataset...
Success! ✅
Padding and building stage tensors for epinions dataset...
Success! ✅
Data creation profiling (seconds):
  get_edge_list: 1.08s
  split_edges: 0.50s
  get_walks: 2955.77s
  get_tokenizer: 8.73s
  encode_walks: 117.09s
  pad_and_build_stage_tensors: 12.69s
Creating DataLoaders for epinions dataset...
Success! ✅
GPU available: True (cuda), used: True
TPU available: False, using: 0 TPU cores
HPU available: False, using: 0 HPUs
/home/eng/shilo_avital/yolo_lab/walk_to_paint/.venv/lib64/python3.9/site-packages/pytorch_lightning/callbacks/model_checkpoint.py:658: Checkpoint directory /home/eng/shilo_avital/yolo_lab/walk_to_paint/outputs/epinions/epinions-optuna_20251203-235202/checkpoints exists and is not empty.
LOCAL_RANK: 0 - CUDA_VISIBLE_DEVICES: [0]
Metric val_auc_epoch improved. New best score: 0.807
Metric val_auc_epoch improved by 0.040 >= min_delta = 0.0. New best score: 0.847
Metric val_auc_epoch improved by 0.014 >= min_delta = 0.0. New best score: 0.862
Metric val_auc_epoch improved by 0.020 >= min_delta = 0.0. New best score: 0.882
Metric val_auc_epoch improved by 0.010 >= min_delta = 0.0. New best score: 0.892
Metric val_auc_epoch improved by 0.003 >= min_delta = 0.0. New best score: 0.896
Metric val_auc_epoch improved by 0.004 >= min_delta = 0.0. New best score: 0.899
Metric val_auc_epoch improved by 0.003 >= min_delta = 0.0. New best score: 0.903
Metric val_auc_epoch improved by 0.003 >= min_delta = 0.0. New best score: 0.905
Monitored metric val_auc_epoch did not improve in the last 12 records. Best score: 0.905. Signaling Trainer to stop.
Restoring states from the checkpoint path at /home/eng/shilo_avital/yolo_lab/walk_to_paint/outputs/epinions/epinions-optuna_20251203-235202/checkpoints/trial_52-epoch=08-val_auc_epoch=0.9052.ckpt
LOCAL_RANK: 0 - CUDA_VISIBLE_DEVICES: [0]
Loaded model weights from the checkpoint at /home/eng/shilo_avital/yolo_lab/walk_to_paint/outputs/epinions/epinions-optuna_20251203-235202/checkpoints/trial_52-epoch=08-val_auc_epoch=0.9052.ckpt
────────────────────────────────────────────────────────────────────────────────────────────────────────────────────────
     Validate metric           DataLoader 0
────────────────────────────────────────────────────────────────────────────────────────────────────────────────────────
          step                     21.0
      val_acc_epoch         0.8219635486602783
      val_auc_epoch         0.9051886796951294
      val_f1_epoch          0.7668322324752808
        val_loss            0.5684566497802734
────────────────────────────────────────────────────────────────────────────────────────────────────────────────────────
✅ Trial 52 completed - Val AUC: 0.9052
[I 2025-12-08 16:20:26,478] Trial 52 finished with value: 0.9051886796951294 and parameters: {'dataset.max_walk_length': 47, 'dataset.num_walks': 2331342, 'training.lr': 0.00017774632497021518, 'training.weight_decay': 0.0003247537310276866, 'training.batch_size': 64, 'training.gradient_clip_val': 0.17935805263366303, 'training.early_stopping_patience': 12, 'model.nhead': 2, 'model.embedding_dim': 32, 'model.hidden_dim': 128, 'model.nlayers': 5, 'model.dropout': 0.03422985134820268, 'training.epochs': 23}. Best is trial 31 with value: 0.9132871627807617.
Seed set to 95

🔬 Trial 53 hyperparameters:
  Walk length: 39, Num walks: 2,821,835
  LR: 5.63e-04, Batch size: 64
  Model: emb_dim=32, hidden_dim=128
  Transformer: 6 layers, 2 heads
  Epochs: 24, Weighted loss: True
Loading epinions dataset...
Success! ✅
Splitting edges for epinions dataset...
Ratios: train=0.480, mask=0.320, val=0.100, test=0.100
Success! ✅
Sampling random walks from epinions dataset...
Success! ✅
Building tokenizer for epinions dataset...
Success! ✅
Padding and building stage tensors for epinions dataset...
Success! ✅
Data creation profiling (seconds):
  get_edge_list: 1.05s
  split_edges: 0.53s
  get_walks: 3731.77s
  get_tokenizer: 9.98s
  encode_walks: 139.28s
  pad_and_build_stage_tensors: 15.03s
Creating DataLoaders for epinions dataset...
Success! ✅
GPU available: True (cuda), used: True
TPU available: False, using: 0 TPU cores
HPU available: False, using: 0 HPUs
/home/eng/shilo_avital/yolo_lab/walk_to_paint/.venv/lib64/python3.9/site-packages/pytorch_lightning/callbacks/model_checkpoint.py:658: Checkpoint directory /home/eng/shilo_avital/yolo_lab/walk_to_paint/outputs/epinions/epinions-optuna_20251203-235202/checkpoints exists and is not empty.
LOCAL_RANK: 0 - CUDA_VISIBLE_DEVICES: [0]
Metric val_auc_epoch improved. New best score: 0.872
Metric val_auc_epoch improved by 0.022 >= min_delta = 0.0. New best score: 0.894
Metric val_auc_epoch improved by 0.002 >= min_delta = 0.0. New best score: 0.896
Metric val_auc_epoch improved by 0.001 >= min_delta = 0.0. New best score: 0.897
Monitored metric val_auc_epoch did not improve in the last 8 records. Best score: 0.897. Signaling Trainer to stop.
Restoring states from the checkpoint path at /home/eng/shilo_avital/yolo_lab/walk_to_paint/outputs/epinions/epinions-optuna_20251203-235202/checkpoints/trial_53-epoch=05-val_auc_epoch=0.8965.ckpt
LOCAL_RANK: 0 - CUDA_VISIBLE_DEVICES: [0]
Loaded model weights from the checkpoint at /home/eng/shilo_avital/yolo_lab/walk_to_paint/outputs/epinions/epinions-optuna_20251203-235202/checkpoints/trial_53-epoch=05-val_auc_epoch=0.8965.ckpt
────────────────────────────────────────────────────────────────────────────────────────────────────────────────────────
     Validate metric           DataLoader 0
────────────────────────────────────────────────────────────────────────────────────────────────────────────────────────
          step                     14.0
      val_acc_epoch         0.8209290504455566
      val_auc_epoch         0.8965301513671875
      val_f1_epoch          0.7817249298095703
        val_loss            0.7932762503623962
────────────────────────────────────────────────────────────────────────────────────────────────────────────────────────
✅ Trial 53 completed - Val AUC: 0.8965
[I 2025-12-08 20:34:29,648] Trial 53 finished with value: 0.8965301513671875 and parameters: {'dataset.max_walk_length': 39, 'dataset.num_walks': 2821835, 'training.lr': 0.0005625227049355984, 'training.weight_decay': 0.00014786653051164294, 'training.batch_size': 64, 'training.gradient_clip_val': 0.3673912849639097, 'training.early_stopping_patience': 8, 'model.nhead': 2, 'model.embedding_dim': 32, 'model.hidden_dim': 128, 'model.nlayers': 6, 'model.dropout': 0.0012531064511856246, 'training.epochs': 24}. Best is trial 31 with value: 0.9132871627807617.
Seed set to 96

🔬 Trial 54 hyperparameters:
  Walk length: 54, Num walks: 3,646,023
  LR: 7.25e-04, Batch size: 64
  Model: emb_dim=8, hidden_dim=128
  Transformer: 4 layers, 2 heads
  Epochs: 25, Weighted loss: True
Loading epinions dataset...
Success! ✅
Splitting edges for epinions dataset...
Ratios: train=0.480, mask=0.320, val=0.100, test=0.100
Success! ✅
Sampling random walks from epinions dataset...
Success! ✅
Building tokenizer for epinions dataset...
Success! ✅
Padding and building stage tensors for epinions dataset...
Success! ✅
Data creation profiling (seconds):
  get_edge_list: 1.06s
  split_edges: 0.50s
  get_walks: 4683.26s
  get_tokenizer: 12.98s
  encode_walks: 185.09s
  pad_and_build_stage_tensors: 19.08s
Creating DataLoaders for epinions dataset...
Success! ✅
GPU available: True (cuda), used: True
TPU available: False, using: 0 TPU cores
HPU available: False, using: 0 HPUs
/home/eng/shilo_avital/yolo_lab/walk_to_paint/.venv/lib64/python3.9/site-packages/pytorch_lightning/callbacks/model_checkpoint.py:658: Checkpoint directory /home/eng/shilo_avital/yolo_lab/walk_to_paint/outputs/epinions/epinions-optuna_20251203-235202/checkpoints exists and is not empty.
LOCAL_RANK: 0 - CUDA_VISIBLE_DEVICES: [0]
Metric val_auc_epoch improved. New best score: 0.768
Metric val_auc_epoch improved by 0.023 >= min_delta = 0.0. New best score: 0.792
Metric val_auc_epoch improved by 0.009 >= min_delta = 0.0. New best score: 0.801
Metric val_auc_epoch improved by 0.015 >= min_delta = 0.0. New best score: 0.816
Metric val_auc_epoch improved by 0.006 >= min_delta = 0.0. New best score: 0.822
❌ Trial 54 failed: Trial was pruned at epoch 5.
[I 2025-12-08 23:34:44,609] Trial 54 finished with value: 0.0 and parameters: {'dataset.max_walk_length': 54, 'dataset.num_walks': 3646023, 'training.lr': 0.0007247952430579521, 'training.weight_decay': 0.0005666062672116514, 'training.batch_size': 64, 'training.gradient_clip_val': 0.2669220687682713, 'training.early_stopping_patience': 10, 'model.nhead': 2, 'model.embedding_dim': 8, 'model.hidden_dim': 128, 'model.nlayers': 4, 'model.dropout': 0.06532773117446049, 'training.epochs': 25}. Best is trial 31 with value: 0.9132871627807617.
Seed set to 97

🔬 Trial 55 hyperparameters:
  Walk length: 27, Num walks: 4,222,221
  LR: 3.67e-04, Batch size: 64
  Model: emb_dim=32, hidden_dim=128
  Transformer: 3 layers, 1 heads
  Epochs: 23, Weighted loss: True
Loading epinions dataset...
Success! ✅
Splitting edges for epinions dataset...
Ratios: train=0.480, mask=0.320, val=0.100, test=0.100
Success! ✅
Sampling random walks from epinions dataset...
Success! ✅
Building tokenizer for epinions dataset...
Success! ✅
Padding and building stage tensors for epinions dataset...
Success! ✅
Data creation profiling (seconds):
  get_edge_list: 1.05s
  split_edges: 0.51s
  get_walks: 5499.60s
  get_tokenizer: 12.92s
  encode_walks: 191.52s
  pad_and_build_stage_tensors: 22.40s
Creating DataLoaders for epinions dataset...
Success! ✅
/home/eng/shilo_avital/yolo_lab/walk_to_paint/.venv/lib64/python3.9/site-packages/torch/nn/modules/transformer.py:382: UserWarning: enable_nested_tensor is True, but self.use_nested_tensor is False because encoder_layer.self_attn.num_heads is odd
  warnings.warn(
GPU available: True (cuda), used: True
TPU available: False, using: 0 TPU cores
HPU available: False, using: 0 HPUs
/home/eng/shilo_avital/yolo_lab/walk_to_paint/.venv/lib64/python3.9/site-packages/pytorch_lightning/callbacks/model_checkpoint.py:658: Checkpoint directory /home/eng/shilo_avital/yolo_lab/walk_to_paint/outputs/epinions/epinions-optuna_20251203-235202/checkpoints exists and is not empty.
LOCAL_RANK: 0 - CUDA_VISIBLE_DEVICES: [0]
Metric val_auc_epoch improved. New best score: 0.834
Metric val_auc_epoch improved by 0.022 >= min_delta = 0.0. New best score: 0.856
Metric val_auc_epoch improved by 0.020 >= min_delta = 0.0. New best score: 0.875
Metric val_auc_epoch improved by 0.008 >= min_delta = 0.0. New best score: 0.883
Metric val_auc_epoch improved by 0.000 >= min_delta = 0.0. New best score: 0.884
Metric val_auc_epoch improved by 0.001 >= min_delta = 0.0. New best score: 0.884
❌ Trial 55 failed: Trial was pruned at epoch 6.
[I 2025-12-09 03:11:38,573] Trial 55 finished with value: 0.0 and parameters: {'dataset.max_walk_length': 27, 'dataset.num_walks': 4222221, 'training.lr': 0.00036689989805496195, 'training.weight_decay': 4.32549764328215e-05, 'training.batch_size': 64, 'training.gradient_clip_val': 0.4718281355641102, 'training.early_stopping_patience': 11, 'model.nhead': 1, 'model.embedding_dim': 32, 'model.hidden_dim': 128, 'model.nlayers': 3, 'model.dropout': 0.028012755036231095, 'training.epochs': 23}. Best is trial 31 with value: 0.9132871627807617.
🧹 Cleaning up old checkpoints and logs (keeping top 10)...
  Removed old checkpoint: trial_45-epoch=01-val_auc_epoch=0.8947.ckpt
  Removed old checkpoint: trial_44-epoch=01-val_auc_epoch=0.9009.ckpt
  Removed old checkpoint: trial_43-epoch=03-val_auc_epoch=0.7790.ckpt
  Removed old checkpoint: trial_41-epoch=03-val_auc_epoch=0.9106.ckpt
  Removed old checkpoint: trial_40-epoch=00-val_auc_epoch=0.6225.ckpt
  Removed old log dir: trial_45
  Removed old log dir: trial_44
  Removed old log dir: trial_43
  Removed old log dir: trial_41
  Removed old log dir: trial_40
Seed set to 98

🔬 Trial 56 hyperparameters:
  Walk length: 50, Num walks: 1,991,420
  LR: 1.60e-03, Batch size: 512
  Model: emb_dim=4, hidden_dim=256
  Transformer: 4 layers, 2 heads
  Epochs: 25, Weighted loss: True
Loading epinions dataset...
Success! ✅
Splitting edges for epinions dataset...
Ratios: train=0.480, mask=0.320, val=0.100, test=0.100
Success! ✅
Sampling random walks from epinions dataset...
Success! ✅
Building tokenizer for epinions dataset...
Success! ✅
Padding and building stage tensors for epinions dataset...
Success! ✅
Data creation profiling (seconds):
  get_edge_list: 1.03s
  split_edges: 0.51s
  get_walks: 2594.08s
  get_tokenizer: 7.22s
  encode_walks: 101.67s
  pad_and_build_stage_tensors: 10.29s
Creating DataLoaders for epinions dataset...
Success! ✅
GPU available: True (cuda), used: True
TPU available: False, using: 0 TPU cores
HPU available: False, using: 0 HPUs
/home/eng/shilo_avital/yolo_lab/walk_to_paint/.venv/lib64/python3.9/site-packages/pytorch_lightning/callbacks/model_checkpoint.py:658: Checkpoint directory /home/eng/shilo_avital/yolo_lab/walk_to_paint/outputs/epinions/epinions-optuna_20251203-235202/checkpoints exists and is not empty.
LOCAL_RANK: 0 - CUDA_VISIBLE_DEVICES: [0]
Metric val_auc_epoch improved. New best score: 0.651
Metric val_auc_epoch improved by 0.030 >= min_delta = 0.0. New best score: 0.680
Metric val_auc_epoch improved by 0.013 >= min_delta = 0.0. New best score: 0.693
Metric val_auc_epoch improved by 0.004 >= min_delta = 0.0. New best score: 0.697
❌ Trial 56 failed: Trial was pruned at epoch 5.
[I 2025-12-09 04:10:20,533] Trial 56 finished with value: 0.0 and parameters: {'dataset.max_walk_length': 50, 'dataset.num_walks': 1991420, 'training.lr': 0.0015953927234869324, 'training.weight_decay': 9.064430203222717e-05, 'training.batch_size': 512, 'training.gradient_clip_val': 0.16972809679662743, 'training.early_stopping_patience': 9, 'model.nhead': 2, 'model.embedding_dim': 4, 'model.hidden_dim': 256, 'model.nlayers': 4, 'model.dropout': 0.10046768503928906, 'training.epochs': 25}. Best is trial 31 with value: 0.9132871627807617.
Seed set to 99

🔬 Trial 57 hyperparameters:
  Walk length: 34, Num walks: 1,639,517
  LR: 9.60e-04, Batch size: 32
  Model: emb_dim=32, hidden_dim=64
  Transformer: 3 layers, 8 heads
  Epochs: 6, Weighted loss: True
Loading epinions dataset...
Success! ✅
Splitting edges for epinions dataset...
Ratios: train=0.480, mask=0.320, val=0.100, test=0.100
Success! ✅
Sampling random walks from epinions dataset...
Success! ✅
Building tokenizer for epinions dataset...
Success! ✅
Padding and building stage tensors for epinions dataset...
Success! ✅
Data creation profiling (seconds):
  get_edge_list: 1.16s
  split_edges: 0.60s
  get_walks: 2257.44s
  get_tokenizer: 6.20s
  encode_walks: 84.93s
  pad_and_build_stage_tensors: 9.56s
Creating DataLoaders for epinions dataset...
Success! ✅
GPU available: True (cuda), used: True
TPU available: False, using: 0 TPU cores
HPU available: False, using: 0 HPUs
/home/eng/shilo_avital/yolo_lab/walk_to_paint/.venv/lib64/python3.9/site-packages/pytorch_lightning/callbacks/model_checkpoint.py:658: Checkpoint directory /home/eng/shilo_avital/yolo_lab/walk_to_paint/outputs/epinions/epinions-optuna_20251203-235202/checkpoints exists and is not empty.
LOCAL_RANK: 0 - CUDA_VISIBLE_DEVICES: [0]
Metric val_auc_epoch improved. New best score: 0.845
Metric val_auc_epoch improved by 0.040 >= min_delta = 0.0. New best score: 0.885
Metric val_auc_epoch improved by 0.010 >= min_delta = 0.0. New best score: 0.895
Metric val_auc_epoch improved by 0.003 >= min_delta = 0.0. New best score: 0.898
Metric val_auc_epoch improved by 0.003 >= min_delta = 0.0. New best score: 0.902
Metric val_auc_epoch improved by 0.004 >= min_delta = 0.0. New best score: 0.906
`Trainer.fit` stopped: `max_epochs=6` reached.
Restoring states from the checkpoint path at /home/eng/shilo_avital/yolo_lab/walk_to_paint/outputs/epinions/epinions-optuna_20251203-235202/checkpoints/trial_57-epoch=05-val_auc_epoch=0.9060.ckpt
LOCAL_RANK: 0 - CUDA_VISIBLE_DEVICES: [0]
Loaded model weights from the checkpoint at /home/eng/shilo_avital/yolo_lab/walk_to_paint/outputs/epinions/epinions-optuna_20251203-235202/checkpoints/trial_57-epoch=05-val_auc_epoch=0.9060.ckpt
────────────────────────────────────────────────────────────────────────────────────────────────────────────────────────
     Validate metric           DataLoader 0
────────────────────────────────────────────────────────────────────────────────────────────────────────────────────────
          step                      6.0
      val_acc_epoch         0.8251092433929443
      val_auc_epoch         0.9060161113739014
      val_f1_epoch          0.7875387072563171
        val_loss            0.7098331451416016
────────────────────────────────────────────────────────────────────────────────────────────────────────────────────────
✅ Trial 57 completed - Val AUC: 0.9060
[I 2025-12-09 06:24:40,861] Trial 57 finished with value: 0.9060161113739014 and parameters: {'dataset.max_walk_length': 34, 'dataset.num_walks': 1639517, 'training.lr': 0.0009601144668897209, 'training.weight_decay': 0.001522333725301388, 'training.batch_size': 32, 'training.gradient_clip_val': 0.25121910267956554, 'training.early_stopping_patience': 8, 'model.nhead': 8, 'model.embedding_dim': 32, 'model.hidden_dim': 64, 'model.nlayers': 3, 'model.dropout': 0.08077672326270254, 'training.epochs': 6}. Best is trial 31 with value: 0.9132871627807617.
Seed set to 100

🔬 Trial 58 hyperparameters:
  Walk length: 20, Num walks: 1,325,571
  LR: 1.19e-03, Batch size: 32
  Model: emb_dim=32, hidden_dim=64
  Transformer: 6 layers, 2 heads
  Epochs: 8, Weighted loss: True
Loading epinions dataset...
Success! ✅
Splitting edges for epinions dataset...
Ratios: train=0.480, mask=0.320, val=0.100, test=0.100
Success! ✅
Sampling random walks from epinions dataset...
Success! ✅
Building tokenizer for epinions dataset...
Success! ✅
Padding and building stage tensors for epinions dataset...
Success! ✅
Data creation profiling (seconds):
  get_edge_list: 1.08s
  split_edges: 0.51s
  get_walks: 1608.46s
  get_tokenizer: 3.95s
  encode_walks: 55.84s
  pad_and_build_stage_tensors: 6.53s
Creating DataLoaders for epinions dataset...
Success! ✅
GPU available: True (cuda), used: True
TPU available: False, using: 0 TPU cores
HPU available: False, using: 0 HPUs
/home/eng/shilo_avital/yolo_lab/walk_to_paint/.venv/lib64/python3.9/site-packages/pytorch_lightning/callbacks/model_checkpoint.py:658: Checkpoint directory /home/eng/shilo_avital/yolo_lab/walk_to_paint/outputs/epinions/epinions-optuna_20251203-235202/checkpoints exists and is not empty.
LOCAL_RANK: 0 - CUDA_VISIBLE_DEVICES: [0]
Metric val_auc_epoch improved. New best score: 0.863
Metric val_auc_epoch improved by 0.034 >= min_delta = 0.0. New best score: 0.897
Metric val_auc_epoch improved by 0.001 >= min_delta = 0.0. New best score: 0.899
Metric val_auc_epoch improved by 0.003 >= min_delta = 0.0. New best score: 0.901
`Trainer.fit` stopped: `max_epochs=8` reached.
Restoring states from the checkpoint path at /home/eng/shilo_avital/yolo_lab/walk_to_paint/outputs/epinions/epinions-optuna_20251203-235202/checkpoints/trial_58-epoch=03-val_auc_epoch=0.9013.ckpt
LOCAL_RANK: 0 - CUDA_VISIBLE_DEVICES: [0]
Loaded model weights from the checkpoint at /home/eng/shilo_avital/yolo_lab/walk_to_paint/outputs/epinions/epinions-optuna_20251203-235202/checkpoints/trial_58-epoch=03-val_auc_epoch=0.9013.ckpt
────────────────────────────────────────────────────────────────────────────────────────────────────────────────────────
     Validate metric           DataLoader 0
────────────────────────────────────────────────────────────────────────────────────────────────────────────────────────
          step                      8.0
      val_acc_epoch         0.8223623037338257
      val_auc_epoch         0.9012821912765503
      val_f1_epoch          0.7804746627807617
        val_loss            0.6401749849319458
────────────────────────────────────────────────────────────────────────────────────────────────────────────────────────
✅ Trial 58 completed - Val AUC: 0.9013
