[I 2025-12-05 12:00:29,638] Trial 24 finished with value: 0.8934067487716675 and parameters: {'dataset.max_walk_length': 84, 'dataset.num_walks': 4888609, 'training.lr': 0.003913622077508914, 'training.weight_decay': 9.868459382118514e-06, 'training.batch_size': 256, 'training.gradient_clip_val': 0.4080978737961824, 'training.early_stopping_patience': 6, 'model.nhead': 4, 'model.embedding_dim': 64, 'model.hidden_dim': 32, 'model.nlayers': 2, 'model.dropout': 0.06637863446764887, 'training.epochs': 25}. Best is trial 22 with value: 0.9024447202682495.
Seed set to 67

🔬 Trial 25 hyperparameters:
  Walk length: 69, Num walks: 3,284,329
  LR: 2.35e-03, Batch size: 256
  Model: emb_dim=32, hidden_dim=32
  Transformer: 1 layers, 4 heads
  Epochs: 23, Weighted loss: True
Loading epinions dataset...
Success! ✅
Splitting edges for epinions dataset...
Ratios: train=0.480, mask=0.320, val=0.100, test=0.100
Success! ✅
Sampling random walks from epinions dataset...
Success! ✅
Building tokenizer for epinions dataset...
Success! ✅
Padding and building stage tensors for epinions dataset...
Success! ✅
Data creation profiling (seconds):
  get_edge_list: 1.09s
  split_edges: 0.53s
  get_walks: 4321.22s
  get_tokenizer: 12.31s
  encode_walks: 178.36s
  pad_and_build_stage_tensors: 17.29s
Creating DataLoaders for epinions dataset...
Success! ✅
GPU available: True (cuda), used: True
TPU available: False, using: 0 TPU cores
HPU available: False, using: 0 HPUs
/home/eng/shilo_avital/yolo_lab/walk_to_paint/.venv/lib64/python3.9/site-packages/pytorch_lightning/callbacks/model_checkpoint.py:658: Checkpoint directory /home/eng/shilo_avital/yolo_lab/walk_to_paint/outputs/epinions/epinions-optuna_20251203-235202/checkpoints exists and is not empty.
LOCAL_RANK: 0 - CUDA_VISIBLE_DEVICES: [0]
Metric val_auc_epoch improved. New best score: 0.864
Metric val_auc_epoch improved by 0.035 >= min_delta = 0.0. New best score: 0.899
Metric val_auc_epoch improved by 0.003 >= min_delta = 0.0. New best score: 0.902
Monitored metric val_auc_epoch did not improve in the last 9 records. Best score: 0.902. Signaling Trainer to stop.
Restoring states from the checkpoint path at /home/eng/shilo_avital/yolo_lab/walk_to_paint/outputs/epinions/epinions-optuna_20251203-235202/checkpoints/trial_25-epoch=02-val_auc_epoch=0.9018.ckpt
LOCAL_RANK: 0 - CUDA_VISIBLE_DEVICES: [0]
Loaded model weights from the checkpoint at /home/eng/shilo_avital/yolo_lab/walk_to_paint/outputs/epinions/epinions-optuna_20251203-235202/checkpoints/trial_25-epoch=02-val_auc_epoch=0.9018.ckpt
────────────────────────────────────────────────────────────────────────────────────────────────────────────────────────
     Validate metric           DataLoader 0
────────────────────────────────────────────────────────────────────────────────────────────────────────────────────────
          step                     12.0
      val_acc_epoch         0.8184748888015747
      val_auc_epoch         0.9017665982246399
      val_f1_epoch          0.7830595970153809
        val_loss            0.6542823314666748
────────────────────────────────────────────────────────────────────────────────────────────────────────────────────────
✅ Trial 25 completed - Val AUC: 0.9018
[I 2025-12-05 13:46:32,857] Trial 25 finished with value: 0.9017665982246399 and parameters: {'dataset.max_walk_length': 69, 'dataset.num_walks': 3284329, 'training.lr': 0.002352923457027379, 'training.weight_decay': 3.572763837315454e-05, 'training.batch_size': 256, 'training.gradient_clip_val': 0.5440946662065254, 'training.early_stopping_patience': 9, 'model.nhead': 4, 'model.embedding_dim': 32, 'model.hidden_dim': 32, 'model.nlayers': 1, 'model.dropout': 0.16096586304740124, 'training.epochs': 23}. Best is trial 22 with value: 0.9024447202682495.
🧹 Cleaning up old checkpoints and logs (keeping top 10)...
  Removed old checkpoint: trial_13-epoch=09-val_auc_epoch=0.8783.ckpt
  Removed old checkpoint: trial_12-epoch=04-val_auc_epoch=0.6169.ckpt
  Removed old checkpoint: trial_11-epoch=02-val_auc_epoch=0.5049.ckpt
  Removed old checkpoint: trial_10-epoch=01-val_auc_epoch=0.6238.ckpt
  Removed old checkpoint: trial_9-epoch=04-val_auc_epoch=0.6325.ckpt
  Removed old log dir: trial_14
  Removed old log dir: trial_13
  Removed old log dir: trial_12
  Removed old log dir: trial_11
  Removed old log dir: trial_10
Seed set to 68

🔬 Trial 26 hyperparameters:
  Walk length: 93, Num walks: 3,443,240
  LR: 1.25e-02, Batch size: 256
  Model: emb_dim=32, hidden_dim=32
  Transformer: 1 layers, 4 heads
  Epochs: 23, Weighted loss: True
Loading epinions dataset...
Success! ✅
Splitting edges for epinions dataset...
Ratios: train=0.480, mask=0.320, val=0.100, test=0.100
Success! ✅
Sampling random walks from epinions dataset...
Success! ✅
Building tokenizer for epinions dataset...
Success! ✅
Padding and building stage tensors for epinions dataset...
Success! ✅
Data creation profiling (seconds):
  get_edge_list: 1.02s
  split_edges: 0.52s
  get_walks: 4396.18s
  get_tokenizer: 13.30s
  encode_walks: 201.27s
  pad_and_build_stage_tensors: 19.21s
Creating DataLoaders for epinions dataset...
Success! ✅
GPU available: True (cuda), used: True
TPU available: False, using: 0 TPU cores
HPU available: False, using: 0 HPUs
/home/eng/shilo_avital/yolo_lab/walk_to_paint/.venv/lib64/python3.9/site-packages/pytorch_lightning/callbacks/model_checkpoint.py:658: Checkpoint directory /home/eng/shilo_avital/yolo_lab/walk_to_paint/outputs/epinions/epinions-optuna_20251203-235202/checkpoints exists and is not empty.
LOCAL_RANK: 0 - CUDA_VISIBLE_DEVICES: [0]
Metric val_auc_epoch improved. New best score: 0.844
❌ Trial 26 failed: Trial was pruned at epoch 6.
[I 2025-12-05 15:23:53,969] Trial 26 finished with value: 0.0 and parameters: {'dataset.max_walk_length': 93, 'dataset.num_walks': 3443240, 'training.lr': 0.012461364484398219, 'training.weight_decay': 2.1267600490633982e-06, 'training.batch_size': 256, 'training.gradient_clip_val': 0.32938543581033697, 'training.early_stopping_patience': 9, 'model.nhead': 4, 'model.embedding_dim': 32, 'model.hidden_dim': 32, 'model.nlayers': 1, 'model.dropout': 0.1648854901529223, 'training.epochs': 23}. Best is trial 22 with value: 0.9024447202682495.
Seed set to 69

🔬 Trial 27 hyperparameters:
  Walk length: 71, Num walks: 1,950,123
  LR: 2.98e-02, Batch size: 256
  Model: emb_dim=32, hidden_dim=32
  Transformer: 1 layers, 4 heads
  Epochs: 23, Weighted loss: True
Loading epinions dataset...
Success! ✅
Splitting edges for epinions dataset...
Ratios: train=0.480, mask=0.320, val=0.100, test=0.100
Success! ✅
Sampling random walks from epinions dataset...
Success! ✅
Building tokenizer for epinions dataset...
Success! ✅
Padding and building stage tensors for epinions dataset...
Success! ✅
Data creation profiling (seconds):
  get_edge_list: 1.08s
  split_edges: 0.53s
  get_walks: 2475.87s
  get_tokenizer: 7.21s
  encode_walks: 102.37s
  pad_and_build_stage_tensors: 10.17s
Creating DataLoaders for epinions dataset...
Success! ✅
GPU available: True (cuda), used: True
TPU available: False, using: 0 TPU cores
HPU available: False, using: 0 HPUs
/home/eng/shilo_avital/yolo_lab/walk_to_paint/.venv/lib64/python3.9/site-packages/pytorch_lightning/callbacks/model_checkpoint.py:658: Checkpoint directory /home/eng/shilo_avital/yolo_lab/walk_to_paint/outputs/epinions/epinions-optuna_20251203-235202/checkpoints exists and is not empty.
LOCAL_RANK: 0 - CUDA_VISIBLE_DEVICES: [0]
Metric val_auc_epoch improved. New best score: 0.588
❌ Trial 27 failed: Trial was pruned at epoch 5.
[I 2025-12-05 16:16:07,587] Trial 27 finished with value: 0.0 and parameters: {'dataset.max_walk_length': 71, 'dataset.num_walks': 1950123, 'training.lr': 0.029809830490488815, 'training.weight_decay': 5.158438136955593e-06, 'training.batch_size': 256, 'training.gradient_clip_val': 0.23142626103315223, 'training.early_stopping_patience': 13, 'model.nhead': 4, 'model.embedding_dim': 32, 'model.hidden_dim': 32, 'model.nlayers': 1, 'model.dropout': 0.23004890081526472, 'training.epochs': 23}. Best is trial 22 with value: 0.9024447202682495.
Seed set to 70

🔬 Trial 28 hyperparameters:
  Walk length: 66, Num walks: 4,709,381
  LR: 3.08e-03, Batch size: 512
  Model: emb_dim=32, hidden_dim=32
  Transformer: 3 layers, 8 heads
  Epochs: 25, Weighted loss: True
Loading epinions dataset...
Success! ✅
Splitting edges for epinions dataset...
Ratios: train=0.480, mask=0.320, val=0.100, test=0.100
Success! ✅
Sampling random walks from epinions dataset...
Success! ✅
Building tokenizer for epinions dataset...
Success! ✅
Padding and building stage tensors for epinions dataset...
Success! ✅
Data creation profiling (seconds):
  get_edge_list: 1.08s
  split_edges: 0.51s
  get_walks: 6088.29s
  get_tokenizer: 17.40s
  encode_walks: 260.87s
  pad_and_build_stage_tensors: 26.30s
Creating DataLoaders for epinions dataset...
Success! ✅
GPU available: True (cuda), used: True
TPU available: False, using: 0 TPU cores
HPU available: False, using: 0 HPUs
/home/eng/shilo_avital/yolo_lab/walk_to_paint/.venv/lib64/python3.9/site-packages/pytorch_lightning/callbacks/model_checkpoint.py:658: Checkpoint directory /home/eng/shilo_avital/yolo_lab/walk_to_paint/outputs/epinions/epinions-optuna_20251203-235202/checkpoints exists and is not empty.
LOCAL_RANK: 0 - CUDA_VISIBLE_DEVICES: [0]
Metric val_auc_epoch improved. New best score: 0.887
Metric val_auc_epoch improved by 0.020 >= min_delta = 0.0. New best score: 0.907
Monitored metric val_auc_epoch did not improve in the last 9 records. Best score: 0.907. Signaling Trainer to stop.
Restoring states from the checkpoint path at /home/eng/shilo_avital/yolo_lab/walk_to_paint/outputs/epinions/epinions-optuna_20251203-235202/checkpoints/trial_28-epoch=01-val_auc_epoch=0.9071.ckpt
LOCAL_RANK: 0 - CUDA_VISIBLE_DEVICES: [0]
Loaded model weights from the checkpoint at /home/eng/shilo_avital/yolo_lab/walk_to_paint/outputs/epinions/epinions-optuna_20251203-235202/checkpoints/trial_28-epoch=01-val_auc_epoch=0.9071.ckpt
────────────────────────────────────────────────────────────────────────────────────────────────────────────────────────
     Validate metric           DataLoader 0
────────────────────────────────────────────────────────────────────────────────────────────────────────────────────────
          step                     11.0
      val_acc_epoch         0.8322396278381348
      val_auc_epoch         0.9070992469787598
      val_f1_epoch           0.791702389717102
        val_loss            0.5840464234352112
────────────────────────────────────────────────────────────────────────────────────────────────────────────────────────
✅ Trial 28 completed - Val AUC: 0.9071
[I 2025-12-05 19:03:08,933] Trial 28 finished with value: 0.9070992469787598 and parameters: {'dataset.max_walk_length': 66, 'dataset.num_walks': 4709381, 'training.lr': 0.00307586997982733, 'training.weight_decay': 0.00027399646434097944, 'training.batch_size': 512, 'training.gradient_clip_val': 0.12207197127742025, 'training.early_stopping_patience': 9, 'model.nhead': 8, 'model.embedding_dim': 32, 'model.hidden_dim': 32, 'model.nlayers': 3, 'model.dropout': 0.0010619155842041816, 'training.epochs': 25}. Best is trial 28 with value: 0.9070992469787598.
Seed set to 71

🔬 Trial 29 hyperparameters:
  Walk length: 82, Num walks: 4,772,583
  LR: 2.69e-03, Batch size: 256
  Model: emb_dim=32, hidden_dim=32
  Transformer: 3 layers, 8 heads
  Epochs: 25, Weighted loss: True
Loading epinions dataset...
Success! ✅
Splitting edges for epinions dataset...
Ratios: train=0.480, mask=0.320, val=0.100, test=0.100
Success! ✅
Sampling random walks from epinions dataset...
Success! ✅
Building tokenizer for epinions dataset...
Success! ✅
Padding and building stage tensors for epinions dataset...
Success! ✅
Data creation profiling (seconds):
  get_edge_list: 1.04s
  split_edges: 0.54s
  get_walks: 6121.30s
  get_tokenizer: 17.77s
  encode_walks: 260.91s
  pad_and_build_stage_tensors: 26.90s
Creating DataLoaders for epinions dataset...
Success! ✅
GPU available: True (cuda), used: True
TPU available: False, using: 0 TPU cores
HPU available: False, using: 0 HPUs
/home/eng/shilo_avital/yolo_lab/walk_to_paint/.venv/lib64/python3.9/site-packages/pytorch_lightning/callbacks/model_checkpoint.py:658: Checkpoint directory /home/eng/shilo_avital/yolo_lab/walk_to_paint/outputs/epinions/epinions-optuna_20251203-235202/checkpoints exists and is not empty.
LOCAL_RANK: 0 - CUDA_VISIBLE_DEVICES: [0]
Metric val_auc_epoch improved. New best score: 0.893
Metric val_auc_epoch improved by 0.008 >= min_delta = 0.0. New best score: 0.900
Monitored metric val_auc_epoch did not improve in the last 9 records. Best score: 0.900. Signaling Trainer to stop.
Restoring states from the checkpoint path at /home/eng/shilo_avital/yolo_lab/walk_to_paint/outputs/epinions/epinions-optuna_20251203-235202/checkpoints/trial_29-epoch=01-val_auc_epoch=0.9004.ckpt
LOCAL_RANK: 0 - CUDA_VISIBLE_DEVICES: [0]
Loaded model weights from the checkpoint at /home/eng/shilo_avital/yolo_lab/walk_to_paint/outputs/epinions/epinions-optuna_20251203-235202/checkpoints/trial_29-epoch=01-val_auc_epoch=0.9004.ckpt
────────────────────────────────────────────────────────────────────────────────────────────────────────────────────────
     Validate metric           DataLoader 0
────────────────────────────────────────────────────────────────────────────────────────────────────────────────────────
          step                     11.0
      val_acc_epoch         0.8273890614509583
      val_auc_epoch          0.900364875793457
      val_f1_epoch          0.7794303894042969
        val_loss            0.6269911527633667
────────────────────────────────────────────────────────────────────────────────────────────────────────────────────────
✅ Trial 29 completed - Val AUC: 0.9004
[I 2025-12-05 22:15:59,634] Trial 29 finished with value: 0.900364875793457 and parameters: {'dataset.max_walk_length': 82, 'dataset.num_walks': 4772583, 'training.lr': 0.0026922394387593183, 'training.weight_decay': 0.0006648181356003105, 'training.batch_size': 256, 'training.gradient_clip_val': 0.10795152378289882, 'training.early_stopping_patience': 9, 'model.nhead': 8, 'model.embedding_dim': 32, 'model.hidden_dim': 32, 'model.nlayers': 3, 'model.dropout': 0.011257618360602885, 'training.epochs': 25}. Best is trial 28 with value: 0.9070992469787598.
Seed set to 72

🔬 Trial 30 hyperparameters:
  Walk length: 87, Num walks: 3,314,070
  LR: 8.78e-04, Batch size: 256
  Model: emb_dim=32, hidden_dim=8
  Transformer: 3 layers, 4 heads
  Epochs: 16, Weighted loss: True
Loading epinions dataset...
Success! ✅
Splitting edges for epinions dataset...
Ratios: train=0.480, mask=0.320, val=0.100, test=0.100
Success! ✅
Sampling random walks from epinions dataset...
Success! ✅
Building tokenizer for epinions dataset...
Success! ✅
Padding and building stage tensors for epinions dataset...
Success! ✅
Data creation profiling (seconds):
  get_edge_list: 1.09s
  split_edges: 0.55s
  get_walks: 4248.84s
  get_tokenizer: 12.17s
  encode_walks: 180.37s
  pad_and_build_stage_tensors: 19.20s
Creating DataLoaders for epinions dataset...
Success! ✅
GPU available: True (cuda), used: True
TPU available: False, using: 0 TPU cores
HPU available: False, using: 0 HPUs
/home/eng/shilo_avital/yolo_lab/walk_to_paint/.venv/lib64/python3.9/site-packages/pytorch_lightning/callbacks/model_checkpoint.py:658: Checkpoint directory /home/eng/shilo_avital/yolo_lab/walk_to_paint/outputs/epinions/epinions-optuna_20251203-235202/checkpoints exists and is not empty.
LOCAL_RANK: 0 - CUDA_VISIBLE_DEVICES: [0]
Metric val_auc_epoch improved. New best score: 0.833
Metric val_auc_epoch improved by 0.045 >= min_delta = 0.0. New best score: 0.878
Metric val_auc_epoch improved by 0.010 >= min_delta = 0.0. New best score: 0.889
Metric val_auc_epoch improved by 0.001 >= min_delta = 0.0. New best score: 0.890
Monitored metric val_auc_epoch did not improve in the last 6 records. Best score: 0.890. Signaling Trainer to stop.
Restoring states from the checkpoint path at /home/eng/shilo_avital/yolo_lab/walk_to_paint/outputs/epinions/epinions-optuna_20251203-235202/checkpoints/trial_30-epoch=03-val_auc_epoch=0.8902.ckpt
LOCAL_RANK: 0 - CUDA_VISIBLE_DEVICES: [0]
Loaded model weights from the checkpoint at /home/eng/shilo_avital/yolo_lab/walk_to_paint/outputs/epinions/epinions-optuna_20251203-235202/checkpoints/trial_30-epoch=03-val_auc_epoch=0.8902.ckpt
────────────────────────────────────────────────────────────────────────────────────────────────────────────────────────
     Validate metric           DataLoader 0
────────────────────────────────────────────────────────────────────────────────────────────────────────────────────────
          step                     10.0
      val_acc_epoch         0.8107552528381348
      val_auc_epoch         0.8902333974838257
      val_f1_epoch          0.7228891253471375
        val_loss            0.6749184727668762
────────────────────────────────────────────────────────────────────────────────────────────────────────────────────────
✅ Trial 30 completed - Val AUC: 0.8902
[I 2025-12-06 00:12:15,756] Trial 30 finished with value: 0.8902333974838257 and parameters: {'dataset.max_walk_length': 87, 'dataset.num_walks': 3314070, 'training.lr': 0.0008780378170204675, 'training.weight_decay': 0.0012486771032523805, 'training.batch_size': 256, 'training.gradient_clip_val': 0.3133558540010283, 'training.early_stopping_patience': 6, 'model.nhead': 4, 'model.embedding_dim': 32, 'model.hidden_dim': 8, 'model.nlayers': 3, 'model.dropout': 0.1265691588282764, 'training.epochs': 16}. Best is trial 28 with value: 0.9070992469787598.
🧹 Cleaning up old checkpoints and logs (keeping top 10)...
  Removed old checkpoint: trial_20-epoch=04-val_auc_epoch=0.8941.ckpt
  Removed old checkpoint: trial_19-epoch=04-val_auc_epoch=0.5867.ckpt
  Removed old checkpoint: trial_18-epoch=15-val_auc_epoch=0.8784.ckpt
  Removed old checkpoint: trial_17-epoch=09-val_auc_epoch=0.8844.ckpt
  Removed old checkpoint: trial_14-epoch=00-val_auc_epoch=0.5000.ckpt
  Removed old log dir: trial_20
  Removed old log dir: trial_19
  Removed old log dir: trial_18
  Removed old log dir: trial_17
  Removed old log dir: trial_15
Seed set to 73

🔬 Trial 31 hyperparameters:
  Walk length: 79, Num walks: 4,966,522
  LR: 2.94e-03, Batch size: 256
  Model: emb_dim=32, hidden_dim=32
  Transformer: 3 layers, 8 heads
  Epochs: 25, Weighted loss: True
Loading epinions dataset...
Success! ✅
Splitting edges for epinions dataset...
Ratios: train=0.480, mask=0.320, val=0.100, test=0.100
Success! ✅
Sampling random walks from epinions dataset...
Success! ✅
Building tokenizer for epinions dataset...
Success! ✅
Padding and building stage tensors for epinions dataset...
Success! ✅
Data creation profiling (seconds):
  get_edge_list: 1.08s
  split_edges: 0.51s
  get_walks: 6360.24s
  get_tokenizer: 18.99s
  encode_walks: 276.75s
  pad_and_build_stage_tensors: 28.74s
Creating DataLoaders for epinions dataset...
Success! ✅
GPU available: True (cuda), used: True
TPU available: False, using: 0 TPU cores
HPU available: False, using: 0 HPUs
/home/eng/shilo_avital/yolo_lab/walk_to_paint/.venv/lib64/python3.9/site-packages/pytorch_lightning/callbacks/model_checkpoint.py:658: Checkpoint directory /home/eng/shilo_avital/yolo_lab/walk_to_paint/outputs/epinions/epinions-optuna_20251203-235202/checkpoints exists and is not empty.
LOCAL_RANK: 0 - CUDA_VISIBLE_DEVICES: [0]
Metric val_auc_epoch improved. New best score: 0.908
Metric val_auc_epoch improved by 0.001 >= min_delta = 0.0. New best score: 0.909
Metric val_auc_epoch improved by 0.002 >= min_delta = 0.0. New best score: 0.911
Metric val_auc_epoch improved by 0.002 >= min_delta = 0.0. New best score: 0.913
Monitored metric val_auc_epoch did not improve in the last 9 records. Best score: 0.913. Signaling Trainer to stop.
Restoring states from the checkpoint path at /home/eng/shilo_avital/yolo_lab/walk_to_paint/outputs/epinions/epinions-optuna_20251203-235202/checkpoints/trial_31-epoch=09-val_auc_epoch=0.9133.ckpt
LOCAL_RANK: 0 - CUDA_VISIBLE_DEVICES: [0]
Loaded model weights from the checkpoint at /home/eng/shilo_avital/yolo_lab/walk_to_paint/outputs/epinions/epinions-optuna_20251203-235202/checkpoints/trial_31-epoch=09-val_auc_epoch=0.9133.ckpt
────────────────────────────────────────────────────────────────────────────────────────────────────────────────────────
     Validate metric           DataLoader 0
────────────────────────────────────────────────────────────────────────────────────────────────────────────────────────
          step                     19.0
      val_acc_epoch         0.8272969722747803
      val_auc_epoch         0.9132871627807617
      val_f1_epoch          0.7687097787857056
        val_loss            0.9259107112884521
────────────────────────────────────────────────────────────────────────────────────────────────────────────────────────
✅ Trial 31 completed - Val AUC: 0.9133
